<?xml version="1.0" encoding="UTF-8"?>
<testsuite name="com.mpos.lottery.te.gameimpl.toto.sale.SaleEnquiryIntegrationTest" tests="2" skipped="0" failures="0" errors="0" timestamp="2015-05-29T09:13:41" hostname="Ramon-PC" time="0.38">
  <properties/>
  <testcase name="testEnquiryByTrans" classname="com.mpos.lottery.te.gameimpl.toto.sale.SaleEnquiryIntegrationTest" time="0.198"/>
  <testcase name="testEnquiryByTicket" classname="com.mpos.lottery.te.gameimpl.toto.sale.SaleEnquiryIntegrationTest" time="0.182"/>
  <system-out><![CDATA[[2015-05-29 17:13:41,599][Test worker][DEBUG][TEPortServlet] Startup job scheduer(org.quartz.impl.StdScheduler@4d1e5820) successfully.
[2015-05-29 17:13:41,599][Test worker][WARN ][TEPortServlet] can NOT find META file:F:\project\M.Lottery\TE\TRUNK_TE\sourcecode\build\classes\main\META-INF\MANIFEST.MF
[2015-05-29 17:13:41,599][Test worker][DEBUG][TEPortServlet] Register MBean(com.mpos.lottery.te.common.jmx.TransactionTimeout@4a7f7090) with name(com.mpos.lottery.te:type=TransactionTimeoutMBean) successfully.
[2015-05-29 17:13:41,600][Test worker][DEBUG][BaseTransactionalIntegrationTest] Retrieve a ApplicationContext(org.springframework.web.context.support.GenericWebApplicationContext@34f645a8: startup date [Fri May 29 17:12:38 CST 2015]; root of context hierarchy).
[2015-05-29 17:13:41,600][Test worker][INFO ][BaseTransactionalIntegrationTest] +------------------------------------------------------------------------------------------------------------------------+
[2015-05-29 17:13:41,600][Test worker][INFO ][BaseTransactionalIntegrationTest] | SaleEnquiryIntegrationTest.testEnquiryByTrans                                                                          |
[2015-05-29 17:13:41,600][Test worker][INFO ][BaseTransactionalIntegrationTest] +------------------------------------------------------------------------------------------------------------------------+
[2015-05-29 17:13:41,600][Test worker][DEBUG][MLotteryContext] find mapping file definition(xml-mapping/game/toto/ToToSellTicket_Req.xml) by key(5.transtype.200).
[2015-05-29 17:13:41,601][Test worker][DEBUG][CastorHelper] Finish marshaling input(typeclass com.mpos.lottery.te.gameimpl.toto.domain.ToToTicket, mappingFile=xml-mapping/game/toto/ToToSellTicket_Req.xml).
[2015-05-29 17:13:41,602][Test worker][DEBUG][BaseServletIntegrationTest] Do MAC(key=P2Bbo6+bSSR9O2Qc89f3b4oHTyE1V2gF) on (Protocal-Version:1.5|GPE_Id:GPE-111|Terminal-Id:111|Operator-Id:OPERATOR-111|Trans-BatchNumber:20150529|TractMsg-Id:1432890821600|Timestamp:20150529171341|Transaction-Type:200|Transaction-Id:|Response-Code:|<?xml version="1.0" encoding="UTF-8"?>
<Ticket multipleDraws="1" totalAmount="600.0" PIN="123456"><GameDraw number="20090402" gameId="GAME-TOTO-1" omrGameSet="G2"/><Entry selectedNumber="0|1|3,1,3|0" inputChannel="1" betOption="0"/></Ticket>,hash=-1232488254), get digest:2c5eb13221a533bc3547dfb0d0d182af
[2015-05-29 17:13:41,602][Test worker][DEBUG][TEPortServlet] Got request header(name=X-Transaction-Type, value=200).
[2015-05-29 17:13:41,602][Test worker][DEBUG][TEPortServlet] Got request header(name=X-Protocal-Version, value=1.5).
[2015-05-29 17:13:41,602][Test worker][DEBUG][TEPortServlet] Got request header(name=X-Timestamp, value=20150529171341).
[2015-05-29 17:13:41,602][Test worker][DEBUG][TEPortServlet] Got request header(name=X-GPE-Id, value=GPE-111).
[2015-05-29 17:13:41,602][Test worker][DEBUG][TEPortServlet] Got request header(name=X-Trace-Message-Id, value=1432890821600).
[2015-05-29 17:13:41,602][Test worker][DEBUG][TEPortServlet] Got request header(name=X-Operator-Id, value=OPERATOR-111).
[2015-05-29 17:13:41,602][Test worker][DEBUG][TEPortServlet] Got request header(name=X-Terminal-Id, value=111).
[2015-05-29 17:13:41,602][Test worker][DEBUG][TEPortServlet] Got request header(name=X-MAC, value=2c5eb13221a533bc3547dfb0d0d182af).
[2015-05-29 17:13:41,602][Test worker][DEBUG][TEPortServlet] Got request header(name=X-Game-Type-Id, value=5).
[2015-05-29 17:13:41,602][Test worker][DEBUG][TEPortServlet] Got request header(name=X-Trans-BatchNumber, value=20150529).
[2015-05-29 17:13:41,602][Test worker][DEBUG][TEPortServlet] Got request header(name=X-GPS-Location, value=40.714353,-74.005973).
[2015-05-29 17:13:41,605][Test worker][DEBUG][TEPortServlet] Got request from localhost, and the message body is:pq3FqO8HCcAnaobA+xpVnADmrnwj1vrK59BGhqvtskYFWTsa2cbe6vvj1C28m6E+ybhcq2GHfnfSvzUuvi5gIW+x7OzQghYn61j67DgR6TCXVRbbYRxY5tlDCBqQgCi1VnZWrdPdsyn4IjNz0O9RxmbMgamU+bELYX0cJuPYitV4wBRrPDrMt+Mi6wufj5bRe6zTiRVNzq6lR8JO3sEZ+wCJoQXPhqF87+bCU0Clv4kA6g1ZTYZsNpF1xs0eV+4VJ9zWSmiflVVA9CrpfEG2yqlhhs18xWdVR+NLrN4zoLXGW0aEQywdcYenxpRm6mR1F/klZM1CA2U=.
[2015-05-29 17:13:41,605][Test worker][DEBUG][ProtocolSerializer] Start to deserialize request context(Protocal-Version:1.5|GPE_Id:GPE-111|Terminal-Id:111|Operator-Id:OPERATOR-111|Trans-BatchNumber:20150529|TractMsg-Id:1432890821600|Timestamp:20150529171341|Transaction-Type:200|Transaction-Id:|Response-Code:|).
[2015-05-29 17:13:41,606][Test worker][DEBUG][ProtocolSerializer] Finish decrypting cipher into original xml:<?xml version="1.0" encoding="UTF-8"?>
<Ticket multipleDraws="1" totalAmount="600.0" PIN="123456"><GameDraw number="20090402" gameId="GAME-TOTO-1" omrGameSet="G2"/><Entry selectedNumber="0|1|3,1,3|0" inputChannel="1" betOption="0"/></Ticket>
[2015-05-29 17:13:41,606][Test worker][DEBUG][ProtocolSerializer] Start to do MAC(key=P2Bbo6+bSSR9O2Qc89f3b4oHTyE1V2gF) on (Protocal-Version:1.5|GPE_Id:GPE-111|Terminal-Id:111|Operator-Id:OPERATOR-111|Trans-BatchNumber:20150529|TractMsg-Id:1432890821600|Timestamp:20150529171341|Transaction-Type:200|Transaction-Id:|Response-Code:|<?xml version="1.0" encoding="UTF-8"?>
<Ticket multipleDraws="1" totalAmount="600.0" PIN="123456"><GameDraw number="20090402" gameId="GAME-TOTO-1" omrGameSet="G2"/><Entry selectedNumber="0|1|3,1,3|0" inputChannel="1" betOption="0"/></Ticket>,hash=-1232488254), get digest:2c5eb13221a533bc3547dfb0d0d182af
[2015-05-29 17:13:41,606][Test worker][DEBUG][MLotteryContext] find mapping file definition(xml-mapping/game/toto/ToToSellTicket_Req.xml) by key(5.transtype.200).
[2015-05-29 17:13:41,606][Test worker][DEBUG][ProtocolSerializer] Start to deserialize model: model=null,mappingFile=xml-mapping/game/toto/ToToSellTicket_Req.xml
[2015-05-29 17:13:41,606][Test worker][DEBUG][MLotteryContext] find mapping file definition(xml-mapping/game/toto/ToToSellTicket_Req.xml) by key(5.transtype.200).
[2015-05-29 17:13:41,624][Test worker][DEBUG][RoutineRegistry] Try to lookup handler by routine key(5_200_1.5.0).
[2015-05-29 17:13:41,624][Test worker][DEBUG][RoutineRegistry] Try to lookup handler by routine key(5_200_).
[2015-05-29 17:13:41,624][Test worker][DEBUG][RoutineRegistry] Lookup controller by key(5_200_), found controller(com.mpos.lottery.te.gameimpl.toto.ToToController@6e596eed) and method(public void com.mpos.lottery.te.gameimpl.toto.ToToController.sell(com.mpos.lottery.te.port.Context,com.mpos.lottery.te.port.Context) throws com.mpos.lottery.te.config.exception.ApplicationException).
[2015-05-29 17:13:41,633][Test worker][INFO ][AbstractGameInstanceService] No channel game instance time definiton found, ignore it.
[2015-05-29 17:13:41,633][Test worker][DEBUG][UUIDServiceImpl] Assemble a new ticket serial number:01110745519300017166
[2015-05-29 17:13:41,688][Test worker][DEBUG][DefaultBalanceService] Operator before transaction -  Operator [id=OPERATOR-111, loginName=OPERATOR-LOGIN, creditType=1, saleCreditLevel=200000000, payoutCreditLevel=1000, cashoutBalance=0, commisionBalance=0]
[2015-05-29 17:13:41,688][Test worker][DEBUG][DefaultBalanceService] Found balance strategy:com.mpos.lottery.te.merchant.service.balance.SaleBalanceStrategy@e1f8aba
[2015-05-29 17:13:41,689][Test worker][DEBUG][DefaultBalanceService] Operator after transaction -  Operator [id=OPERATOR-111, loginName=OPERATOR-LOGIN, creditType=1, saleCreditLevel=199999400.0, payoutCreditLevel=1000, cashoutBalance=0, commisionBalance=0]
[2015-05-29 17:13:41,692][Test worker][WARN ][BaseJpaDao] Should be at most only 1 entity(com.mpos.lottery.te.merchant.domain.OperatorCommission) found, however total 2 entities found... the 1st entity(com.mpos.lottery.te.merchant.domain.OperatorCommission@168b648f) will be returned.
[2015-05-29 17:13:41,698][Test worker][DEBUG][CommonFacadeService] Prepare to publish message to exchange[TE.200] with routing key[TE.200.5]: transaction {
  id: "0115052900000000002019"
  dev_id: "111"
  operator_id: "OPERATOR-111"
  merchant_id: "111"
  create_time: 1432890821000
  trans_type: 200
  game_id: "GAME-TOTO-1"
  game_type: 5
  total_amount: "600.0"
}
multi_draw: 1
total_amount: "600.0"
serial_no: "aHhDkgTyIu4QvNU74kOjvl//zZYWKETq"
game_instance {
  id: "GII-112"
}
entries {
  selected_number: "0|1|3,1,3|0"
  bet_option: 0
  total_bets: 6
  entry_amount: "600.00"
  input_channel: "1"
}

[2015-05-29 17:13:41,699][Test worker][DEBUG][CommonFacadeService] Publish message successfully
[2015-05-29 17:13:41,699][Test worker][DEBUG][MLotteryContext] find mapping file definition(xml-mapping/game/toto/ToToSellTicket_Res.xml) by key(5.transtype.4200).
[2015-05-29 17:13:41,699][Test worker][DEBUG][ProtocolSerializer] Start to serialize model(class com.mpos.lottery.te.gameimpl.toto.domain.ToToTicket),mappingFile=xml-mapping/game/toto/ToToSellTicket_Res.xml
[2015-05-29 17:13:41,699][Test worker][DEBUG][MLotteryContext] find mapping file definition(xml-mapping/game/toto/ToToSellTicket_Res.xml) by key(5.transtype.4200).
[2015-05-29 17:13:41,700][Test worker][DEBUG][CastorHelper] Finish marshaling input(typeclass com.mpos.lottery.te.gameimpl.toto.domain.ToToTicket, mappingFile=xml-mapping/game/toto/ToToSellTicket_Res.xml).
[2015-05-29 17:13:41,700][Test worker][DEBUG][ProtocolSerializer] Finish mac(macKey=P2Bbo6+bSSR9O2Qc89f3b4oHTyE1V2gF,macString=Protocal-Version:1.5|GPE_Id:GPE-111|Terminal-Id:111|Operator-Id:OPERATOR-111|Trans-BatchNumber:20150529|TractMsg-Id:1432890821600|Timestamp:20150529171341|Transaction-Type:4200|Transaction-Id:0115052900000000002019|Response-Code:200|<?xml version="1.0" encoding="UTF-8"?>
<Ticket serialNo="01110745519300017166" barcode="05cK/u9hwZY2Rogq4k24Oeg4G3HSlAl9EbjLdf+UJJlt8eRiXxElYKct88xsaBE+0p5r73YXYMvjM=" validationCode="212974" multipleDraws="1" totalBets="6" totalAmount="600.0"><GameDraw number="20090402" gameId="GAME-TOTO-1" omrGameSet="G2"/><Entry selectedNumber="0|1|3,1,3|0" inputChannel="1" betOption="0" entryAmount="600.00"/></Ticket>):795590b0b35c65d66f554acb6992fa9f
[2015-05-29 17:13:41,700][Test worker][DEBUG][TEPortServlet] Write response to client(host1=localhost,sizeOfPack=556) succesfully.
[2015-05-29 17:13:41,701][Test worker][DEBUG][BaseServletIntegrationTest] Got response(code=200,length=556): <?xml version="1.0" encoding="UTF-8"?>
<Ticket serialNo="01110745519300017166" barcode="05cK/u9hwZY2Rogq4k24Oeg4G3HSlAl9EbjLdf+UJJlt8eRiXxElYKct88xsaBE+0p5r73YXYMvjM=" validationCode="212974" multipleDraws="1" totalBets="6" totalAmount="600.0"><GameDraw number="20090402" gameId="GAME-TOTO-1" omrGameSet="G2"/><Entry selectedNumber="0|1|3,1,3|0" inputChannel="1" betOption="0" entryAmount="600.00"/></Ticket>
[2015-05-29 17:13:41,701][Test worker][DEBUG][MLotteryContext] find mapping file definition(xml-mapping/game/toto/ToToSellTicket_Res.xml) by key(5.transtype.4200).
[2015-05-29 17:13:41,705][Test worker][DEBUG][MLotteryContext] find mapping file definition(xml-mapping/TransactionEnquiry_Req.xml) by key(transtype.310).
[2015-05-29 17:13:41,705][Test worker][DEBUG][CastorHelper] Finish marshaling input(typeclass com.mpos.lottery.te.trans.domain.Transaction, mappingFile=xml-mapping/TransactionEnquiry_Req.xml).
[2015-05-29 17:13:41,706][Test worker][DEBUG][BaseServletIntegrationTest] Do MAC(key=P2Bbo6+bSSR9O2Qc89f3b4oHTyE1V2gF) on (Protocal-Version:1.5|GPE_Id:GPE-111|Terminal-Id:111|Operator-Id:OPERATOR-111|Trans-BatchNumber:20150529|TractMsg-Id:1432890821705|Timestamp:20150529171341|Transaction-Type:310|Transaction-Id:|Response-Code:|<?xml version="1.0" encoding="UTF-8"?>
<Transaction terminalId="111" traceMessageId="1432890821600"/>,hash=-1796416345), get digest:bf4578eb958745d220213c3819fbba07
[2015-05-29 17:13:41,706][Test worker][DEBUG][TEPortServlet] Got request header(name=X-Transaction-Type, value=310).
[2015-05-29 17:13:41,706][Test worker][DEBUG][TEPortServlet] Got request header(name=X-Protocal-Version, value=1.5).
[2015-05-29 17:13:41,706][Test worker][DEBUG][TEPortServlet] Got request header(name=X-Timestamp, value=20150529171341).
[2015-05-29 17:13:41,706][Test worker][DEBUG][TEPortServlet] Got request header(name=X-GPE-Id, value=GPE-111).
[2015-05-29 17:13:41,706][Test worker][DEBUG][TEPortServlet] Got request header(name=X-Trace-Message-Id, value=1432890821705).
[2015-05-29 17:13:41,706][Test worker][DEBUG][TEPortServlet] Got request header(name=X-Operator-Id, value=OPERATOR-111).
[2015-05-29 17:13:41,706][Test worker][DEBUG][TEPortServlet] Got request header(name=X-Terminal-Id, value=111).
[2015-05-29 17:13:41,706][Test worker][DEBUG][TEPortServlet] Got request header(name=X-MAC, value=bf4578eb958745d220213c3819fbba07).
[2015-05-29 17:13:41,706][Test worker][DEBUG][TEPortServlet] Got request header(name=X-Game-Type-Id, value=-1).
[2015-05-29 17:13:41,706][Test worker][DEBUG][TEPortServlet] Got request header(name=X-Trans-BatchNumber, value=20150529).
[2015-05-29 17:13:41,706][Test worker][DEBUG][TEPortServlet] Got request header(name=X-GPS-Location, value=40.714353,-74.005973).
[2015-05-29 17:13:41,708][Test worker][DEBUG][TEPortServlet] Got request from localhost, and the message body is:pq3FqO8HCcAnaobA+xpVnADmrnwj1vrK59BGhqvtskYFWTsa2cbe6jcIE4b0pl+ogrA4SMNVUFtCb0VnctvqFZ4g+Dv1D5Fz4ERoX4gVmzFJ1yZK27DdH3VrX/0s4O8cOztxkO4n7uI=.
[2015-05-29 17:13:41,708][Test worker][DEBUG][ProtocolSerializer] Start to deserialize request context(Protocal-Version:1.5|GPE_Id:GPE-111|Terminal-Id:111|Operator-Id:OPERATOR-111|Trans-BatchNumber:20150529|TractMsg-Id:1432890821705|Timestamp:20150529171341|Transaction-Type:310|Transaction-Id:|Response-Code:|).
[2015-05-29 17:13:41,708][Test worker][DEBUG][ProtocolSerializer] Finish decrypting cipher into original xml:<?xml version="1.0" encoding="UTF-8"?>
<Transaction terminalId="111" traceMessageId="1432890821600"/>
[2015-05-29 17:13:41,708][Test worker][DEBUG][ProtocolSerializer] Start to do MAC(key=P2Bbo6+bSSR9O2Qc89f3b4oHTyE1V2gF) on (Protocal-Version:1.5|GPE_Id:GPE-111|Terminal-Id:111|Operator-Id:OPERATOR-111|Trans-BatchNumber:20150529|TractMsg-Id:1432890821705|Timestamp:20150529171341|Transaction-Type:310|Transaction-Id:|Response-Code:|<?xml version="1.0" encoding="UTF-8"?>
<Transaction terminalId="111" traceMessageId="1432890821600"/>,hash=-1796416345), get digest:bf4578eb958745d220213c3819fbba07
[2015-05-29 17:13:41,708][Test worker][DEBUG][MLotteryContext] find mapping file definition(xml-mapping/TransactionEnquiry_Req.xml) by key(transtype.310).
[2015-05-29 17:13:41,708][Test worker][DEBUG][ProtocolSerializer] Start to deserialize model: model=null,mappingFile=xml-mapping/TransactionEnquiry_Req.xml
[2015-05-29 17:13:41,708][Test worker][DEBUG][MLotteryContext] find mapping file definition(xml-mapping/TransactionEnquiry_Req.xml) by key(transtype.310).
[2015-05-29 17:13:41,724][Test worker][DEBUG][RoutineRegistry] Try to lookup handler by routine key(-1_310_1.5.0).
[2015-05-29 17:13:41,724][Test worker][DEBUG][RoutineRegistry] Try to lookup handler by routine key(-1_310_).
[2015-05-29 17:13:41,724][Test worker][DEBUG][RoutineRegistry] Lookup controller by key(-1_310_), found controller(com.mpos.lottery.te.trans.TransactionController@53ddecd8) and method(public void com.mpos.lottery.te.trans.TransactionController.enquiry(com.mpos.lottery.te.port.Context,com.mpos.lottery.te.port.Context) throws com.mpos.lottery.te.config.exception.ApplicationException).
[2015-05-29 17:13:41,728][Test worker][DEBUG][TransactionServiceImpl] Found TicketEnquiryService[com.mpos.lottery.te.gameimpl.toto.service.impl.ToToTicketServiceImpl@13bd4282] for ticket enquiry.
[2015-05-29 17:13:41,746][Test worker][DEBUG][CommonFacadeService] No need to publish AMQP message of transaction(TRANSACTION_ENQUIRY)
[2015-05-29 17:13:41,746][Test worker][DEBUG][MLotteryContext] find mapping file definition(xml-mapping/game/toto/TransactionEnquiry_Res.xml) by key(5.transtype.4310).
[2015-05-29 17:13:41,746][Test worker][DEBUG][ProtocolSerializer] Start to serialize model(class com.mpos.lottery.te.trans.domain.Transaction),mappingFile=xml-mapping/game/toto/TransactionEnquiry_Res.xml
[2015-05-29 17:13:41,746][Test worker][DEBUG][MLotteryContext] find mapping file definition(xml-mapping/game/toto/TransactionEnquiry_Res.xml) by key(5.transtype.4310).
[2015-05-29 17:13:41,770][Test worker][DEBUG][CastorHelper] Finish marshaling input(typeclass com.mpos.lottery.te.trans.domain.Transaction, mappingFile=xml-mapping/game/toto/TransactionEnquiry_Res.xml).
[2015-05-29 17:13:41,770][Test worker][DEBUG][ProtocolSerializer] Finish mac(macKey=P2Bbo6+bSSR9O2Qc89f3b4oHTyE1V2gF,macString=Protocal-Version:1.5|GPE_Id:GPE-111|Terminal-Id:111|Operator-Id:OPERATOR-111|Trans-BatchNumber:20150529|TractMsg-Id:1432890821705|Timestamp:20150529171341|Transaction-Type:4310|Transaction-Id:0115052900000000002022|Response-Code:200|<?xml version="1.0" encoding="UTF-8"?>
<Transaction id="0115052900000000002019" type="200" createTime="20150529171341" responseCode="200"><Ticket barcode="05cK/u9hwZY2Rogq4k24Oeg4G3HSlAl9EbjLdf+UJJlt8eRiXxElYKct88xsaBE+0p5r73YXYMvjM=" validationCode="212974" multipleDraws="1" totalBets="6" totalAmount="600" serialNo="01110745519300017166" type="1" lastDrawNo="20090402" status="1"><GameDraw number="20090402" gameId="GAME-TOTO-1"/><Entry selectedNumber="0|1|3,1,3|0" inputChannel="1" betOption="0" entryAmount="600"/></Ticket></Transaction>):2b8faeefbffb1fd50216d958fcb9a8fd
[2015-05-29 17:13:41,771][Test worker][DEBUG][TEPortServlet] Write response to client(host1=localhost,sizeOfPack=728) succesfully.
[2015-05-29 17:13:41,771][Test worker][DEBUG][BaseServletIntegrationTest] Got response(code=200,length=728): <?xml version="1.0" encoding="UTF-8"?>
<Transaction id="0115052900000000002019" type="200" createTime="20150529171341" responseCode="200"><Ticket barcode="05cK/u9hwZY2Rogq4k24Oeg4G3HSlAl9EbjLdf+UJJlt8eRiXxElYKct88xsaBE+0p5r73YXYMvjM=" validationCode="212974" multipleDraws="1" totalBets="6" totalAmount="600" serialNo="01110745519300017166" type="1" lastDrawNo="20090402" status="1"><GameDraw number="20090402" gameId="GAME-TOTO-1"/><Entry selectedNumber="0|1|3,1,3|0" inputChannel="1" betOption="0" entryAmount="600"/></Ticket></Transaction>
[2015-05-29 17:13:41,771][Test worker][DEBUG][MLotteryContext] find mapping file definition(xml-mapping/game/toto/TransactionEnquiry_Res.xml) by key(5.transtype.4310).
[2015-05-29 17:13:41,787][Test worker][DEBUG][TEPortServlet] Startup job scheduer(org.quartz.impl.StdScheduler@4d1e5820) successfully.
[2015-05-29 17:13:41,787][Test worker][WARN ][TEPortServlet] can NOT find META file:F:\project\M.Lottery\TE\TRUNK_TE\sourcecode\build\classes\main\META-INF\MANIFEST.MF
[2015-05-29 17:13:41,787][Test worker][DEBUG][TEPortServlet] Register MBean(com.mpos.lottery.te.common.jmx.TransactionTimeout@16d1947f) with name(com.mpos.lottery.te:type=TransactionTimeoutMBean) successfully.
[2015-05-29 17:13:41,788][Test worker][DEBUG][BaseTransactionalIntegrationTest] Retrieve a ApplicationContext(org.springframework.web.context.support.GenericWebApplicationContext@34f645a8: startup date [Fri May 29 17:12:38 CST 2015]; root of context hierarchy).
[2015-05-29 17:13:41,788][Test worker][INFO ][BaseTransactionalIntegrationTest] +------------------------------------------------------------------------------------------------------------------------+
[2015-05-29 17:13:41,788][Test worker][INFO ][BaseTransactionalIntegrationTest] | SaleEnquiryIntegrationTest.testEnquiryByTicket                                                                         |
[2015-05-29 17:13:41,788][Test worker][INFO ][BaseTransactionalIntegrationTest] +------------------------------------------------------------------------------------------------------------------------+
[2015-05-29 17:13:41,788][Test worker][DEBUG][MLotteryContext] find mapping file definition(xml-mapping/game/toto/ToToSellTicket_Req.xml) by key(5.transtype.200).
[2015-05-29 17:13:41,789][Test worker][DEBUG][CastorHelper] Finish marshaling input(typeclass com.mpos.lottery.te.gameimpl.toto.domain.ToToTicket, mappingFile=xml-mapping/game/toto/ToToSellTicket_Req.xml).
[2015-05-29 17:13:41,789][Test worker][DEBUG][BaseServletIntegrationTest] Do MAC(key=P2Bbo6+bSSR9O2Qc89f3b4oHTyE1V2gF) on (Protocal-Version:1.5|GPE_Id:GPE-111|Terminal-Id:111|Operator-Id:OPERATOR-111|Trans-BatchNumber:20150529|TractMsg-Id:1432890821788|Timestamp:20150529171341|Transaction-Type:200|Transaction-Id:|Response-Code:|<?xml version="1.0" encoding="UTF-8"?>
<Ticket multipleDraws="1" totalAmount="600.0" PIN="123456"><GameDraw number="20090402" gameId="GAME-TOTO-1" omrGameSet="G2"/><Entry selectedNumber="0|1|3,1,3|0" inputChannel="1" betOption="0"/></Ticket>,hash=-300204063), get digest:1bd480248c84e62a01c61983f4bcd7e0
[2015-05-29 17:13:41,790][Test worker][DEBUG][TEPortServlet] Got request header(name=X-Transaction-Type, value=200).
[2015-05-29 17:13:41,790][Test worker][DEBUG][TEPortServlet] Got request header(name=X-Protocal-Version, value=1.5).
[2015-05-29 17:13:41,790][Test worker][DEBUG][TEPortServlet] Got request header(name=X-Timestamp, value=20150529171341).
[2015-05-29 17:13:41,790][Test worker][DEBUG][TEPortServlet] Got request header(name=X-GPE-Id, value=GPE-111).
[2015-05-29 17:13:41,790][Test worker][DEBUG][TEPortServlet] Got request header(name=X-Trace-Message-Id, value=1432890821788).
[2015-05-29 17:13:41,790][Test worker][DEBUG][TEPortServlet] Got request header(name=X-Operator-Id, value=OPERATOR-111).
[2015-05-29 17:13:41,790][Test worker][DEBUG][TEPortServlet] Got request header(name=X-Terminal-Id, value=111).
[2015-05-29 17:13:41,790][Test worker][DEBUG][TEPortServlet] Got request header(name=X-MAC, value=1bd480248c84e62a01c61983f4bcd7e0).
[2015-05-29 17:13:41,790][Test worker][DEBUG][TEPortServlet] Got request header(name=X-Game-Type-Id, value=5).
[2015-05-29 17:13:41,790][Test worker][DEBUG][TEPortServlet] Got request header(name=X-Trans-BatchNumber, value=20150529).
[2015-05-29 17:13:41,790][Test worker][DEBUG][TEPortServlet] Got request header(name=X-GPS-Location, value=40.714353,-74.005973).
[2015-05-29 17:13:41,793][Test worker][DEBUG][TEPortServlet] Got request from localhost, and the message body is:pq3FqO8HCcAnaobA+xpVnADmrnwj1vrK59BGhqvtskYFWTsa2cbe6vvj1C28m6E+ybhcq2GHfnfSvzUuvi5gIW+x7OzQghYn61j67DgR6TCXVRbbYRxY5tlDCBqQgCi1VnZWrdPdsyn4IjNz0O9RxmbMgamU+bELYX0cJuPYitV4wBRrPDrMt+Mi6wufj5bRe6zTiRVNzq6lR8JO3sEZ+wCJoQXPhqF87+bCU0Clv4kA6g1ZTYZsNpF1xs0eV+4VJ9zWSmiflVVA9CrpfEG2yqlhhs18xWdVR+NLrN4zoLXGW0aEQywdcYenxpRm6mR1F/klZM1CA2U=.
[2015-05-29 17:13:41,793][Test worker][DEBUG][ProtocolSerializer] Start to deserialize request context(Protocal-Version:1.5|GPE_Id:GPE-111|Terminal-Id:111|Operator-Id:OPERATOR-111|Trans-BatchNumber:20150529|TractMsg-Id:1432890821788|Timestamp:20150529171341|Transaction-Type:200|Transaction-Id:|Response-Code:|).
[2015-05-29 17:13:41,794][Test worker][DEBUG][ProtocolSerializer] Finish decrypting cipher into original xml:<?xml version="1.0" encoding="UTF-8"?>
<Ticket multipleDraws="1" totalAmount="600.0" PIN="123456"><GameDraw number="20090402" gameId="GAME-TOTO-1" omrGameSet="G2"/><Entry selectedNumber="0|1|3,1,3|0" inputChannel="1" betOption="0"/></Ticket>
[2015-05-29 17:13:41,794][Test worker][DEBUG][ProtocolSerializer] Start to do MAC(key=P2Bbo6+bSSR9O2Qc89f3b4oHTyE1V2gF) on (Protocal-Version:1.5|GPE_Id:GPE-111|Terminal-Id:111|Operator-Id:OPERATOR-111|Trans-BatchNumber:20150529|TractMsg-Id:1432890821788|Timestamp:20150529171341|Transaction-Type:200|Transaction-Id:|Response-Code:|<?xml version="1.0" encoding="UTF-8"?>
<Ticket multipleDraws="1" totalAmount="600.0" PIN="123456"><GameDraw number="20090402" gameId="GAME-TOTO-1" omrGameSet="G2"/><Entry selectedNumber="0|1|3,1,3|0" inputChannel="1" betOption="0"/></Ticket>,hash=-300204063), get digest:1bd480248c84e62a01c61983f4bcd7e0
[2015-05-29 17:13:41,794][Test worker][DEBUG][MLotteryContext] find mapping file definition(xml-mapping/game/toto/ToToSellTicket_Req.xml) by key(5.transtype.200).
[2015-05-29 17:13:41,794][Test worker][DEBUG][ProtocolSerializer] Start to deserialize model: model=null,mappingFile=xml-mapping/game/toto/ToToSellTicket_Req.xml
[2015-05-29 17:13:41,794][Test worker][DEBUG][MLotteryContext] find mapping file definition(xml-mapping/game/toto/ToToSellTicket_Req.xml) by key(5.transtype.200).
[2015-05-29 17:13:41,811][Test worker][DEBUG][RoutineRegistry] Try to lookup handler by routine key(5_200_1.5.0).
[2015-05-29 17:13:41,811][Test worker][DEBUG][RoutineRegistry] Try to lookup handler by routine key(5_200_).
[2015-05-29 17:13:41,811][Test worker][DEBUG][RoutineRegistry] Lookup controller by key(5_200_), found controller(com.mpos.lottery.te.gameimpl.toto.ToToController@6e596eed) and method(public void com.mpos.lottery.te.gameimpl.toto.ToToController.sell(com.mpos.lottery.te.port.Context,com.mpos.lottery.te.port.Context) throws com.mpos.lottery.te.config.exception.ApplicationException).
[2015-05-29 17:13:41,817][Test worker][INFO ][AbstractGameInstanceService] No channel game instance time definiton found, ignore it.
[2015-05-29 17:13:41,817][Test worker][DEBUG][UUIDServiceImpl] Assemble a new ticket serial number:01110745519300017297
[2015-05-29 17:13:41,856][Test worker][DEBUG][DefaultBalanceService] Operator before transaction -  Operator [id=OPERATOR-111, loginName=OPERATOR-LOGIN, creditType=1, saleCreditLevel=200000000, payoutCreditLevel=1000, cashoutBalance=0, commisionBalance=0]
[2015-05-29 17:13:41,856][Test worker][DEBUG][DefaultBalanceService] Found balance strategy:com.mpos.lottery.te.merchant.service.balance.SaleBalanceStrategy@e1f8aba
[2015-05-29 17:13:41,856][Test worker][DEBUG][DefaultBalanceService] Operator after transaction -  Operator [id=OPERATOR-111, loginName=OPERATOR-LOGIN, creditType=1, saleCreditLevel=199999400.0, payoutCreditLevel=1000, cashoutBalance=0, commisionBalance=0]
[2015-05-29 17:13:41,862][Test worker][WARN ][BaseJpaDao] Should be at most only 1 entity(com.mpos.lottery.te.merchant.domain.OperatorCommission) found, however total 2 entities found... the 1st entity(com.mpos.lottery.te.merchant.domain.OperatorCommission@28583b02) will be returned.
[2015-05-29 17:13:41,869][Test worker][DEBUG][CommonFacadeService] Prepare to publish message to exchange[TE.200] with routing key[TE.200.5]: transaction {
  id: "0115052900000000002023"
  dev_id: "111"
  operator_id: "OPERATOR-111"
  merchant_id: "111"
  create_time: 1432890821000
  trans_type: 200
  game_id: "GAME-TOTO-1"
  game_type: 5
  total_amount: "600.0"
}
multi_draw: 1
total_amount: "600.0"
serial_no: "aHhDkgTyIu4QvNU74kOjvsg4xiJHUX1A"
game_instance {
  id: "GII-112"
}
entries {
  selected_number: "0|1|3,1,3|0"
  bet_option: 0
  total_bets: 6
  entry_amount: "600.00"
  input_channel: "1"
}

[2015-05-29 17:13:41,869][Test worker][DEBUG][CommonFacadeService] Publish message successfully
[2015-05-29 17:13:41,869][Test worker][DEBUG][MLotteryContext] find mapping file definition(xml-mapping/game/toto/ToToSellTicket_Res.xml) by key(5.transtype.4200).
[2015-05-29 17:13:41,869][Test worker][DEBUG][ProtocolSerializer] Start to serialize model(class com.mpos.lottery.te.gameimpl.toto.domain.ToToTicket),mappingFile=xml-mapping/game/toto/ToToSellTicket_Res.xml
[2015-05-29 17:13:41,869][Test worker][DEBUG][MLotteryContext] find mapping file definition(xml-mapping/game/toto/ToToSellTicket_Res.xml) by key(5.transtype.4200).
[2015-05-29 17:13:41,870][Test worker][DEBUG][CastorHelper] Finish marshaling input(typeclass com.mpos.lottery.te.gameimpl.toto.domain.ToToTicket, mappingFile=xml-mapping/game/toto/ToToSellTicket_Res.xml).
[2015-05-29 17:13:41,870][Test worker][DEBUG][ProtocolSerializer] Finish mac(macKey=P2Bbo6+bSSR9O2Qc89f3b4oHTyE1V2gF,macString=Protocal-Version:1.5|GPE_Id:GPE-111|Terminal-Id:111|Operator-Id:OPERATOR-111|Trans-BatchNumber:20150529|TractMsg-Id:1432890821788|Timestamp:20150529171341|Transaction-Type:4200|Transaction-Id:0115052900000000002023|Response-Code:200|<?xml version="1.0" encoding="UTF-8"?>
<Ticket serialNo="01110745519300017297" barcode="05cK/u9hwZY2Rogq4k24Oeg4G3HSlAl9EbjLdf+UJJlt8eRiXxElYKct88xsaBE+0p6SNVnuxNDaY=" validationCode="502122" multipleDraws="1" totalBets="6" totalAmount="600.0"><GameDraw number="20090402" gameId="GAME-TOTO-1" omrGameSet="G2"/><Entry selectedNumber="0|1|3,1,3|0" inputChannel="1" betOption="0" entryAmount="600.00"/></Ticket>):4c053941835a2163ed004556437a750b
[2015-05-29 17:13:41,871][Test worker][DEBUG][TEPortServlet] Write response to client(host1=localhost,sizeOfPack=556) succesfully.
[2015-05-29 17:13:41,871][Test worker][DEBUG][BaseServletIntegrationTest] Got response(code=200,length=556): <?xml version="1.0" encoding="UTF-8"?>
<Ticket serialNo="01110745519300017297" barcode="05cK/u9hwZY2Rogq4k24Oeg4G3HSlAl9EbjLdf+UJJlt8eRiXxElYKct88xsaBE+0p6SNVnuxNDaY=" validationCode="502122" multipleDraws="1" totalBets="6" totalAmount="600.0"><GameDraw number="20090402" gameId="GAME-TOTO-1" omrGameSet="G2"/><Entry selectedNumber="0|1|3,1,3|0" inputChannel="1" betOption="0" entryAmount="600.00"/></Ticket>
[2015-05-29 17:13:41,871][Test worker][DEBUG][MLotteryContext] find mapping file definition(xml-mapping/game/toto/ToToSellTicket_Res.xml) by key(5.transtype.4200).
[2015-05-29 17:13:41,880][Test worker][DEBUG][MLotteryContext] find mapping file definition(xml-mapping/game/toto/EnquiryTicket_Req.xml) by key(5.transtype.202).
[2015-05-29 17:13:41,890][Test worker][DEBUG][CastorHelper] Finish marshaling input(typeclass com.mpos.lottery.te.gameimpl.toto.domain.ToToTicket, mappingFile=xml-mapping/game/toto/EnquiryTicket_Req.xml).
[2015-05-29 17:13:41,890][Test worker][DEBUG][BaseServletIntegrationTest] Do MAC(key=P2Bbo6+bSSR9O2Qc89f3b4oHTyE1V2gF) on (Protocal-Version:1.5|GPE_Id:GPE-111|Terminal-Id:111|Operator-Id:OPERATOR-111|Trans-BatchNumber:20150529|TractMsg-Id:1432890821880|Timestamp:20150529171341|Transaction-Type:202|Transaction-Id:|Response-Code:|<?xml version="1.0" encoding="UTF-8"?>
<Ticket serialNo="01110745519300017297"/>,hash=-761806031), get digest:6b15da6650e95705b02fa87b24dd8887
[2015-05-29 17:13:41,891][Test worker][DEBUG][TEPortServlet] Got request header(name=X-Transaction-Type, value=202).
[2015-05-29 17:13:41,891][Test worker][DEBUG][TEPortServlet] Got request header(name=X-Protocal-Version, value=1.5).
[2015-05-29 17:13:41,891][Test worker][DEBUG][TEPortServlet] Got request header(name=X-Timestamp, value=20150529171341).
[2015-05-29 17:13:41,891][Test worker][DEBUG][TEPortServlet] Got request header(name=X-GPE-Id, value=GPE-111).
[2015-05-29 17:13:41,891][Test worker][DEBUG][TEPortServlet] Got request header(name=X-Trace-Message-Id, value=1432890821880).
[2015-05-29 17:13:41,891][Test worker][DEBUG][TEPortServlet] Got request header(name=X-Operator-Id, value=OPERATOR-111).
[2015-05-29 17:13:41,891][Test worker][DEBUG][TEPortServlet] Got request header(name=X-Terminal-Id, value=111).
[2015-05-29 17:13:41,891][Test worker][DEBUG][TEPortServlet] Got request header(name=X-MAC, value=6b15da6650e95705b02fa87b24dd8887).
[2015-05-29 17:13:41,891][Test worker][DEBUG][TEPortServlet] Got request header(name=X-Game-Type-Id, value=5).
[2015-05-29 17:13:41,891][Test worker][DEBUG][TEPortServlet] Got request header(name=X-Trans-BatchNumber, value=20150529).
[2015-05-29 17:13:41,891][Test worker][DEBUG][TEPortServlet] Got request header(name=X-GPS-Location, value=40.714353,-74.005973).
[2015-05-29 17:13:41,892][Test worker][DEBUG][TEPortServlet] Got request from localhost, and the message body is:pq3FqO8HCcAnaobA+xpVnADmrnwj1vrK59BGhqvtskYFWTsa2cbe6ttFDFcpmi1MamgAomcAmY7eTM16XgcUTnORr95YBFZ2PUWAZ7bAiiCqFXfVBg1D5w==.
[2015-05-29 17:13:41,893][Test worker][DEBUG][ProtocolSerializer] Start to deserialize request context(Protocal-Version:1.5|GPE_Id:GPE-111|Terminal-Id:111|Operator-Id:OPERATOR-111|Trans-BatchNumber:20150529|TractMsg-Id:1432890821880|Timestamp:20150529171341|Transaction-Type:202|Transaction-Id:|Response-Code:|).
[2015-05-29 17:13:41,893][Test worker][DEBUG][ProtocolSerializer] Finish decrypting cipher into original xml:<?xml version="1.0" encoding="UTF-8"?>
<Ticket serialNo="01110745519300017297"/>
[2015-05-29 17:13:41,893][Test worker][DEBUG][ProtocolSerializer] Start to do MAC(key=P2Bbo6+bSSR9O2Qc89f3b4oHTyE1V2gF) on (Protocal-Version:1.5|GPE_Id:GPE-111|Terminal-Id:111|Operator-Id:OPERATOR-111|Trans-BatchNumber:20150529|TractMsg-Id:1432890821880|Timestamp:20150529171341|Transaction-Type:202|Transaction-Id:|Response-Code:|<?xml version="1.0" encoding="UTF-8"?>
<Ticket serialNo="01110745519300017297"/>,hash=-761806031), get digest:6b15da6650e95705b02fa87b24dd8887
[2015-05-29 17:13:41,893][Test worker][DEBUG][MLotteryContext] find mapping file definition(xml-mapping/game/toto/EnquiryTicket_Req.xml) by key(5.transtype.202).
[2015-05-29 17:13:41,893][Test worker][DEBUG][ProtocolSerializer] Start to deserialize model: model=null,mappingFile=xml-mapping/game/toto/EnquiryTicket_Req.xml
[2015-05-29 17:13:41,893][Test worker][DEBUG][MLotteryContext] find mapping file definition(xml-mapping/game/toto/EnquiryTicket_Req.xml) by key(5.transtype.202).
[2015-05-29 17:13:41,908][Test worker][DEBUG][RoutineRegistry] Try to lookup handler by routine key(5_202_1.5.0).
[2015-05-29 17:13:41,909][Test worker][DEBUG][RoutineRegistry] Try to lookup handler by routine key(5_202_).
[2015-05-29 17:13:41,909][Test worker][DEBUG][RoutineRegistry] Lookup controller by key(5_202_), found controller(com.mpos.lottery.te.gameimpl.toto.ToToController@6e596eed) and method(public void com.mpos.lottery.te.gameimpl.toto.ToToController.enquiryTicket(com.mpos.lottery.te.port.Context,com.mpos.lottery.te.port.Context) throws com.mpos.lottery.te.config.exception.ApplicationException).
[2015-05-29 17:13:41,929][Test worker][DEBUG][CommonFacadeService] No need to publish AMQP message of transaction(TICKET_ENQUIRY)
[2015-05-29 17:13:41,929][Test worker][DEBUG][MLotteryContext] find mapping file definition(xml-mapping/game/toto/EnquiryTicket_Res.xml) by key(5.transtype.4202).
[2015-05-29 17:13:41,930][Test worker][DEBUG][ProtocolSerializer] Start to serialize model(class com.mpos.lottery.te.gameimpl.toto.domain.ToToTicket),mappingFile=xml-mapping/game/toto/EnquiryTicket_Res.xml
[2015-05-29 17:13:41,930][Test worker][DEBUG][MLotteryContext] find mapping file definition(xml-mapping/game/toto/EnquiryTicket_Res.xml) by key(5.transtype.4202).
[2015-05-29 17:13:41,949][Test worker][DEBUG][CastorHelper] Finish marshaling input(typeclass com.mpos.lottery.te.gameimpl.toto.domain.ToToTicket, mappingFile=xml-mapping/game/toto/EnquiryTicket_Res.xml).
[2015-05-29 17:13:41,949][Test worker][DEBUG][ProtocolSerializer] Finish mac(macKey=P2Bbo6+bSSR9O2Qc89f3b4oHTyE1V2gF,macString=Protocal-Version:1.5|GPE_Id:GPE-111|Terminal-Id:111|Operator-Id:OPERATOR-111|Trans-BatchNumber:20150529|TractMsg-Id:1432890821880|Timestamp:20150529171341|Transaction-Type:4202|Transaction-Id:0115052900000000002026|Response-Code:200|<?xml version="1.0" encoding="UTF-8"?>
<Ticket barcode="05cK/u9hwZY2Rogq4k24Oeg4G3HSlAl9EbjLdf+UJJlt8eRiXxElYKct88xsaBE+0p6SNVnuxNDaY=" validationCode="502122" multipleDraws="1" totalBets="6" totalAmount="600" serialNo="01110745519300017297" type="1" lastDrawNo="20090402" status="1"><GameDraw number="20090402" gameId="GAME-TOTO-1"/><Entry selectedNumber="0|1|3,1,3|0" inputChannel="1" betOption="0" entryAmount="600"/></Ticket>):45dab723b087888fc11ecc879e55e8e6
[2015-05-29 17:13:41,950][Test worker][DEBUG][TEPortServlet] Write response to client(host1=localhost,sizeOfPack=576) succesfully.
[2015-05-29 17:13:41,950][Test worker][DEBUG][BaseServletIntegrationTest] Got response(code=200,length=576): <?xml version="1.0" encoding="UTF-8"?>
<Ticket barcode="05cK/u9hwZY2Rogq4k24Oeg4G3HSlAl9EbjLdf+UJJlt8eRiXxElYKct88xsaBE+0p6SNVnuxNDaY=" validationCode="502122" multipleDraws="1" totalBets="6" totalAmount="600" serialNo="01110745519300017297" type="1" lastDrawNo="20090402" status="1"><GameDraw number="20090402" gameId="GAME-TOTO-1"/><Entry selectedNumber="0|1|3,1,3|0" inputChannel="1" betOption="0" entryAmount="600"/></Ticket>
[2015-05-29 17:13:41,950][Test worker][DEBUG][MLotteryContext] find mapping file definition(xml-mapping/game/toto/EnquiryTicket_Res.xml) by key(5.transtype.4202).
]]></system-out>
  <system-err><![CDATA[]]></system-err>
</testsuite>
