<?xml version="1.0" encoding="UTF-8"?>
<testsuite name="com.mpos.lottery.te.valueaddservice.vat.sale.VatB2BSaleRefundIntegrationTest" tests="3" skipped="0" failures="0" errors="0" timestamp="2015-05-29T09:14:40" hostname="Ramon-PC" time="0.425">
  <properties/>
  <testcase name="testCancel_RaffleSale_NoTicket_OK" classname="com.mpos.lottery.te.valueaddservice.vat.sale.VatB2BSaleRefundIntegrationTest" time="0.108"/>
  <testcase name="test_Cancel_Magic100Sale_SingleBet_RoundUp_OK" classname="com.mpos.lottery.te.valueaddservice.vat.sale.VatB2BSaleRefundIntegrationTest" time="0.167"/>
  <testcase name="testCancel_RaffleSale_SingleBet_OK" classname="com.mpos.lottery.te.valueaddservice.vat.sale.VatB2BSaleRefundIntegrationTest" time="0.148"/>
  <system-out><![CDATA[[2015-05-29 17:14:40,306][Test worker][DEBUG][TEPortServlet] Startup job scheduer(org.quartz.impl.StdScheduler@4d1e5820) successfully.
[2015-05-29 17:14:40,307][Test worker][WARN ][TEPortServlet] can NOT find META file:F:\project\M.Lottery\TE\TRUNK_TE\sourcecode\build\classes\main\META-INF\MANIFEST.MF
[2015-05-29 17:14:40,307][Test worker][DEBUG][TEPortServlet] Register MBean(com.mpos.lottery.te.common.jmx.TransactionTimeout@4e55d53c) with name(com.mpos.lottery.te:type=TransactionTimeoutMBean) successfully.
[2015-05-29 17:14:40,307][Test worker][DEBUG][BaseTransactionalIntegrationTest] Retrieve a ApplicationContext(org.springframework.web.context.support.GenericWebApplicationContext@34f645a8: startup date [Fri May 29 17:12:38 CST 2015]; root of context hierarchy).
[2015-05-29 17:14:40,307][Test worker][INFO ][BaseTransactionalIntegrationTest] +------------------------------------------------------------------------------------------------------------------------+
[2015-05-29 17:14:40,307][Test worker][INFO ][BaseTransactionalIntegrationTest] | VatB2BSaleRefundIntegrationTest.testCancel_RaffleSale_NoTicket_OK                                                      |
[2015-05-29 17:14:40,307][Test worker][INFO ][BaseTransactionalIntegrationTest] +------------------------------------------------------------------------------------------------------------------------+
[2015-05-29 17:14:40,311][Test worker][DEBUG][MLotteryContext] find mapping file definition(xml-mapping/vat/SellTicket_Req.xml) by key(-2.transtype.200).
[2015-05-29 17:14:40,311][Test worker][DEBUG][CastorHelper] Finish marshaling input(typeclass com.mpos.lottery.te.valueaddservice.vat.VatSaleTransaction, mappingFile=xml-mapping/vat/SellTicket_Req.xml).
[2015-05-29 17:14:40,311][Test worker][DEBUG][BaseServletIntegrationTest] Do MAC(key=P2Bbo6+bSSR9O2Qc89f3b4oHTyE1V2gF) on (Protocal-Version:1.5|GPE_Id:GPE-111|Terminal-Id:111|Operator-Id:OPERATOR-111|Trans-BatchNumber:20150529|TractMsg-Id:1432890880310|Timestamp:20150529171440|Transaction-Type:200|Transaction-Id:|Response-Code:|<?xml version="1.0" encoding="UTF-8"?>
<VAT totalAmount="940" code="foodA" buyerTaxNo="TAX-112" rate="0"/>,hash=1415071710), get digest:5ef89bacda893d979c58ba1520c6cd7c
[2015-05-29 17:14:40,312][Test worker][DEBUG][TEPortServlet] Got request header(name=X-Transaction-Type, value=200).
[2015-05-29 17:14:40,312][Test worker][DEBUG][TEPortServlet] Got request header(name=X-Protocal-Version, value=1.5).
[2015-05-29 17:14:40,312][Test worker][DEBUG][TEPortServlet] Got request header(name=X-Timestamp, value=20150529171440).
[2015-05-29 17:14:40,312][Test worker][DEBUG][TEPortServlet] Got request header(name=X-GPE-Id, value=GPE-111).
[2015-05-29 17:14:40,312][Test worker][DEBUG][TEPortServlet] Got request header(name=X-Trace-Message-Id, value=1432890880310).
[2015-05-29 17:14:40,312][Test worker][DEBUG][TEPortServlet] Got request header(name=X-Operator-Id, value=OPERATOR-111).
[2015-05-29 17:14:40,312][Test worker][DEBUG][TEPortServlet] Got request header(name=X-Terminal-Id, value=111).
[2015-05-29 17:14:40,312][Test worker][DEBUG][TEPortServlet] Got request header(name=X-MAC, value=5ef89bacda893d979c58ba1520c6cd7c).
[2015-05-29 17:14:40,312][Test worker][DEBUG][TEPortServlet] Got request header(name=X-Game-Type-Id, value=-2).
[2015-05-29 17:14:40,312][Test worker][DEBUG][TEPortServlet] Got request header(name=X-Trans-BatchNumber, value=20150529).
[2015-05-29 17:14:40,312][Test worker][DEBUG][TEPortServlet] Got request header(name=X-GPS-Location, value=40.714353,-74.005973).
[2015-05-29 17:14:40,313][Test worker][DEBUG][TEPortServlet] Got request from localhost, and the message body is:pq3FqO8HCcAnaobA+xpVnADmrnwj1vrK59BGhqvtskYFWTsa2cbe6m1r0kCL0Gd72PIRSa/j7rRTzPiVvg+pgDIcI6KSvtziHVgBF4fZ+ahYP0oo2aOKiFKXMm2CMMW3XaOOUUKqeuarORo6J6A/HA==.
[2015-05-29 17:14:40,314][Test worker][DEBUG][ProtocolSerializer] Start to deserialize request context(Protocal-Version:1.5|GPE_Id:GPE-111|Terminal-Id:111|Operator-Id:OPERATOR-111|Trans-BatchNumber:20150529|TractMsg-Id:1432890880310|Timestamp:20150529171440|Transaction-Type:200|Transaction-Id:|Response-Code:|).
[2015-05-29 17:14:40,314][Test worker][DEBUG][ProtocolSerializer] Finish decrypting cipher into original xml:<?xml version="1.0" encoding="UTF-8"?>
<VAT totalAmount="940" code="foodA" buyerTaxNo="TAX-112" rate="0"/>
[2015-05-29 17:14:40,314][Test worker][DEBUG][ProtocolSerializer] Start to do MAC(key=P2Bbo6+bSSR9O2Qc89f3b4oHTyE1V2gF) on (Protocal-Version:1.5|GPE_Id:GPE-111|Terminal-Id:111|Operator-Id:OPERATOR-111|Trans-BatchNumber:20150529|TractMsg-Id:1432890880310|Timestamp:20150529171440|Transaction-Type:200|Transaction-Id:|Response-Code:|<?xml version="1.0" encoding="UTF-8"?>
<VAT totalAmount="940" code="foodA" buyerTaxNo="TAX-112" rate="0"/>,hash=1415071710), get digest:5ef89bacda893d979c58ba1520c6cd7c
[2015-05-29 17:14:40,314][Test worker][DEBUG][MLotteryContext] find mapping file definition(xml-mapping/vat/SellTicket_Req.xml) by key(-2.transtype.200).
[2015-05-29 17:14:40,314][Test worker][DEBUG][ProtocolSerializer] Start to deserialize model: model=null,mappingFile=xml-mapping/vat/SellTicket_Req.xml
[2015-05-29 17:14:40,314][Test worker][DEBUG][MLotteryContext] find mapping file definition(xml-mapping/vat/SellTicket_Req.xml) by key(-2.transtype.200).
[2015-05-29 17:14:40,326][Test worker][DEBUG][RoutineRegistry] Try to lookup handler by routine key(-2_200_1.5.0).
[2015-05-29 17:14:40,326][Test worker][DEBUG][RoutineRegistry] Try to lookup handler by routine key(-2_200_).
[2015-05-29 17:14:40,326][Test worker][DEBUG][RoutineRegistry] Lookup controller by key(-2_200_), found controller(com.mpos.lottery.te.valueaddservice.vat.VatController@1aeefda9) and method(public void com.mpos.lottery.te.valueaddservice.vat.VatController.sell(com.mpos.lottery.te.port.Context,com.mpos.lottery.te.port.Context) throws com.mpos.lottery.te.config.exception.ApplicationException).
[2015-05-29 17:14:40,333][Test worker][DEBUG][UUIDServiceImpl] Assemble a new reference No.:01114745019400001005
[2015-05-29 17:14:40,335][Test worker][INFO ][DefaultVatSaleService] THe vat amount(940) is under minial threshold amount of sale: 9999999999
[2015-05-29 17:14:40,348][Test worker][DEBUG][CommonFacadeService] No sale message found, won't publish.
[2015-05-29 17:14:40,348][Test worker][DEBUG][MLotteryContext] find mapping file definition(xml-mapping/vat/SellTicket_Raffle_Res.xml) by key(14.transtype.4200.-14).
[2015-05-29 17:14:40,348][Test worker][DEBUG][ProtocolSerializer] Start to serialize model(class com.mpos.lottery.te.valueaddservice.vat.VatSaleTransaction),mappingFile=xml-mapping/vat/SellTicket_Raffle_Res.xml
[2015-05-29 17:14:40,348][Test worker][DEBUG][MLotteryContext] find mapping file definition(xml-mapping/vat/SellTicket_Raffle_Res.xml) by key(14.transtype.4200.-14).
[2015-05-29 17:14:40,348][Test worker][DEBUG][CastorHelper] Finish marshaling input(typeclass com.mpos.lottery.te.valueaddservice.vat.VatSaleTransaction, mappingFile=xml-mapping/vat/SellTicket_Raffle_Res.xml).
[2015-05-29 17:14:40,349][Test worker][DEBUG][ProtocolSerializer] Finish mac(macKey=P2Bbo6+bSSR9O2Qc89f3b4oHTyE1V2gF,macString=Protocal-Version:-14|GPE_Id:GPE-111|Terminal-Id:111|Operator-Id:OPERATOR-111|Trans-BatchNumber:20150529|TractMsg-Id:1432890880310|Timestamp:20150529171440|Transaction-Type:4200|Transaction-Id:0115052900000000002410|Response-Code:200|<?xml version="1.0" encoding="UTF-8"?>
<VAT totalAmount="940" code="foodA" buyerTaxNo="TAX-112" rate="0.1" refNo="01114745019400001005"/>):2a17f4d4bc35743187655937d51c4af7
[2015-05-29 17:14:40,349][Test worker][DEBUG][TEPortServlet] Write response to client(host1=localhost,sizeOfPack=192) succesfully.
[2015-05-29 17:14:40,349][Test worker][DEBUG][BaseServletIntegrationTest] Got response(code=200,length=192): <?xml version="1.0" encoding="UTF-8"?>
<VAT totalAmount="940" code="foodA" buyerTaxNo="TAX-112" rate="0.1" refNo="01114745019400001005"/>
[2015-05-29 17:14:40,349][Test worker][DEBUG][MLotteryContext] find mapping file definition(xml-mapping/vat/SellTicket_Raffle_Res.xml) by key(14.transtype.4200.-14).
[2015-05-29 17:14:40,351][Test worker][DEBUG][MLotteryContext] find mapping file definition(xml-mapping/vat/RefundSale_Req.xml) by key(transtype.450).
[2015-05-29 17:14:40,359][Test worker][DEBUG][CastorHelper] Finish marshaling input(typeclass com.mpos.lottery.te.valueaddservice.vat.VatSaleTransaction, mappingFile=xml-mapping/vat/RefundSale_Req.xml).
[2015-05-29 17:14:40,359][Test worker][DEBUG][BaseServletIntegrationTest] Do MAC(key=P2Bbo6+bSSR9O2Qc89f3b4oHTyE1V2gF) on (Protocal-Version:1.5|GPE_Id:GPE-111|Terminal-Id:111|Operator-Id:OPERATOR-111|Trans-BatchNumber:20150529|TractMsg-Id:1432890880351|Timestamp:20150529171440|Transaction-Type:450|Transaction-Id:|Response-Code:|<?xml version="1.0" encoding="UTF-8"?>
<VAT refNo="01114745019400001005"/>,hash=215131058), get digest:ebc66fee0ff20cb16c8a77bc6dad2287
[2015-05-29 17:14:40,359][Test worker][DEBUG][TEPortServlet] Got request header(name=X-Transaction-Type, value=450).
[2015-05-29 17:14:40,359][Test worker][DEBUG][TEPortServlet] Got request header(name=X-Protocal-Version, value=1.5).
[2015-05-29 17:14:40,359][Test worker][DEBUG][TEPortServlet] Got request header(name=X-Timestamp, value=20150529171440).
[2015-05-29 17:14:40,359][Test worker][DEBUG][TEPortServlet] Got request header(name=X-GPE-Id, value=GPE-111).
[2015-05-29 17:14:40,359][Test worker][DEBUG][TEPortServlet] Got request header(name=X-Trace-Message-Id, value=1432890880351).
[2015-05-29 17:14:40,359][Test worker][DEBUG][TEPortServlet] Got request header(name=X-Operator-Id, value=OPERATOR-111).
[2015-05-29 17:14:40,360][Test worker][DEBUG][TEPortServlet] Got request header(name=X-Terminal-Id, value=111).
[2015-05-29 17:14:40,360][Test worker][DEBUG][TEPortServlet] Got request header(name=X-MAC, value=ebc66fee0ff20cb16c8a77bc6dad2287).
[2015-05-29 17:14:40,360][Test worker][DEBUG][TEPortServlet] Got request header(name=X-Game-Type-Id, value=-1).
[2015-05-29 17:14:40,360][Test worker][DEBUG][TEPortServlet] Got request header(name=X-Trans-BatchNumber, value=20150529).
[2015-05-29 17:14:40,360][Test worker][DEBUG][TEPortServlet] Got request header(name=X-GPS-Location, value=40.714353,-74.005973).
[2015-05-29 17:14:40,361][Test worker][DEBUG][TEPortServlet] Got request from localhost, and the message body is:pq3FqO8HCcAnaobA+xpVnADmrnwj1vrK59BGhqvtskYFWTsa2cbe6gkSRfskr7XEYdsQVjbZoXUDWn2/zOPivoZ3U63yfA8NbCvv8QdMJcw=.
[2015-05-29 17:14:40,361][Test worker][DEBUG][ProtocolSerializer] Start to deserialize request context(Protocal-Version:1.5|GPE_Id:GPE-111|Terminal-Id:111|Operator-Id:OPERATOR-111|Trans-BatchNumber:20150529|TractMsg-Id:1432890880351|Timestamp:20150529171440|Transaction-Type:450|Transaction-Id:|Response-Code:|).
[2015-05-29 17:14:40,362][Test worker][DEBUG][ProtocolSerializer] Finish decrypting cipher into original xml:<?xml version="1.0" encoding="UTF-8"?>
<VAT refNo="01114745019400001005"/>
[2015-05-29 17:14:40,362][Test worker][DEBUG][ProtocolSerializer] Start to do MAC(key=P2Bbo6+bSSR9O2Qc89f3b4oHTyE1V2gF) on (Protocal-Version:1.5|GPE_Id:GPE-111|Terminal-Id:111|Operator-Id:OPERATOR-111|Trans-BatchNumber:20150529|TractMsg-Id:1432890880351|Timestamp:20150529171440|Transaction-Type:450|Transaction-Id:|Response-Code:|<?xml version="1.0" encoding="UTF-8"?>
<VAT refNo="01114745019400001005"/>,hash=215131058), get digest:ebc66fee0ff20cb16c8a77bc6dad2287
[2015-05-29 17:14:40,362][Test worker][DEBUG][MLotteryContext] find mapping file definition(xml-mapping/vat/RefundSale_Req.xml) by key(transtype.450).
[2015-05-29 17:14:40,362][Test worker][DEBUG][ProtocolSerializer] Start to deserialize model: model=null,mappingFile=xml-mapping/vat/RefundSale_Req.xml
[2015-05-29 17:14:40,362][Test worker][DEBUG][MLotteryContext] find mapping file definition(xml-mapping/vat/RefundSale_Req.xml) by key(transtype.450).
[2015-05-29 17:14:40,373][Test worker][DEBUG][RoutineRegistry] Try to lookup handler by routine key(-1_450_1.5.0).
[2015-05-29 17:14:40,373][Test worker][DEBUG][RoutineRegistry] Try to lookup handler by routine key(-1_450_).
[2015-05-29 17:14:40,373][Test worker][DEBUG][RoutineRegistry] Lookup controller by key(-1_450_), found controller(com.mpos.lottery.te.valueaddservice.vat.VatController@1aeefda9) and method(public void com.mpos.lottery.te.valueaddservice.vat.VatController.refund(com.mpos.lottery.te.port.Context,com.mpos.lottery.te.port.Context) throws com.mpos.lottery.te.config.exception.ApplicationException).
[2015-05-29 17:14:40,382][Test worker][DEBUG][ReversalOrCancelStrategyFactory] Found ReversalStrategy(class com.mpos.lottery.te.valueaddservice.vat.support.VatReversalOrCancelStrategy) to cancel transaction(gameType=14,terminalId=111,transType=200,protocolVersion=1.5.0).
[2015-05-29 17:14:40,394][Test worker][DEBUG][CommonFacadeService] No need to publish AMQP message of transaction(VAT_REFUND)
[2015-05-29 17:14:40,394][Test worker][DEBUG][ProtocolSerializer] Finish mac(macKey=P2Bbo6+bSSR9O2Qc89f3b4oHTyE1V2gF,macString=Protocal-Version:1.5|GPE_Id:GPE-111|Terminal-Id:111|Operator-Id:OPERATOR-111|Trans-BatchNumber:20150529|TractMsg-Id:1432890880351|Timestamp:20150529171440|Transaction-Type:4450|Transaction-Id:0115052900000000002411|Response-Code:200|):6733bffcbe892a218e38268e9037f83e
[2015-05-29 17:14:40,395][Test worker][DEBUG][BaseServletIntegrationTest] Got response(code=200,length=0): 
[2015-05-29 17:14:40,408][Test worker][DEBUG][TEPortServlet] Startup job scheduer(org.quartz.impl.StdScheduler@4d1e5820) successfully.
[2015-05-29 17:14:40,409][Test worker][WARN ][TEPortServlet] can NOT find META file:F:\project\M.Lottery\TE\TRUNK_TE\sourcecode\build\classes\main\META-INF\MANIFEST.MF
[2015-05-29 17:14:40,409][Test worker][DEBUG][TEPortServlet] Register MBean(com.mpos.lottery.te.common.jmx.TransactionTimeout@455c6c60) with name(com.mpos.lottery.te:type=TransactionTimeoutMBean) successfully.
[2015-05-29 17:14:40,409][Test worker][DEBUG][BaseTransactionalIntegrationTest] Retrieve a ApplicationContext(org.springframework.web.context.support.GenericWebApplicationContext@34f645a8: startup date [Fri May 29 17:12:38 CST 2015]; root of context hierarchy).
[2015-05-29 17:14:40,409][Test worker][INFO ][BaseTransactionalIntegrationTest] +------------------------------------------------------------------------------------------------------------------------+
[2015-05-29 17:14:40,409][Test worker][INFO ][BaseTransactionalIntegrationTest] | VatB2BSaleRefundIntegrationTest.test_Cancel_Magic100Sale_SingleBet_RoundUp_OK                                          |
[2015-05-29 17:14:40,410][Test worker][INFO ][BaseTransactionalIntegrationTest] +------------------------------------------------------------------------------------------------------------------------+
[2015-05-29 17:14:40,413][Test worker][DEBUG][MLotteryContext] find mapping file definition(xml-mapping/vat/SellTicket_Req.xml) by key(-2.transtype.200).
[2015-05-29 17:14:40,413][Test worker][DEBUG][CastorHelper] Finish marshaling input(typeclass com.mpos.lottery.te.valueaddservice.vat.VatSaleTransaction, mappingFile=xml-mapping/vat/SellTicket_Req.xml).
[2015-05-29 17:14:40,413][Test worker][DEBUG][BaseServletIntegrationTest] Do MAC(key=P2Bbo6+bSSR9O2Qc89f3b4oHTyE1V2gF) on (Protocal-Version:1.5|GPE_Id:GPE-111|Terminal-Id:111|Operator-Id:OPERATOR-111|Trans-BatchNumber:20150529|TractMsg-Id:1432890880413|Timestamp:20150529171440|Transaction-Type:200|Transaction-Id:|Response-Code:|<?xml version="1.0" encoding="UTF-8"?>
<VAT totalAmount="940" code="foodA" buyerTaxNo="TAX-112" rate="0"/>,hash=1854533538), get digest:d16daf2a9427753120b39d6d2410d358
[2015-05-29 17:14:40,414][Test worker][DEBUG][TEPortServlet] Got request header(name=X-Transaction-Type, value=200).
[2015-05-29 17:14:40,414][Test worker][DEBUG][TEPortServlet] Got request header(name=X-Protocal-Version, value=1.5).
[2015-05-29 17:14:40,414][Test worker][DEBUG][TEPortServlet] Got request header(name=X-Timestamp, value=20150529171440).
[2015-05-29 17:14:40,414][Test worker][DEBUG][TEPortServlet] Got request header(name=X-GPE-Id, value=GPE-111).
[2015-05-29 17:14:40,414][Test worker][DEBUG][TEPortServlet] Got request header(name=X-Trace-Message-Id, value=1432890880413).
[2015-05-29 17:14:40,414][Test worker][DEBUG][TEPortServlet] Got request header(name=X-Operator-Id, value=OPERATOR-111).
[2015-05-29 17:14:40,414][Test worker][DEBUG][TEPortServlet] Got request header(name=X-Terminal-Id, value=111).
[2015-05-29 17:14:40,414][Test worker][DEBUG][TEPortServlet] Got request header(name=X-MAC, value=d16daf2a9427753120b39d6d2410d358).
[2015-05-29 17:14:40,414][Test worker][DEBUG][TEPortServlet] Got request header(name=X-Game-Type-Id, value=-2).
[2015-05-29 17:14:40,414][Test worker][DEBUG][TEPortServlet] Got request header(name=X-Trans-BatchNumber, value=20150529).
[2015-05-29 17:14:40,414][Test worker][DEBUG][TEPortServlet] Got request header(name=X-GPS-Location, value=40.714353,-74.005973).
[2015-05-29 17:14:40,416][Test worker][DEBUG][TEPortServlet] Got request from localhost, and the message body is:pq3FqO8HCcAnaobA+xpVnADmrnwj1vrK59BGhqvtskYFWTsa2cbe6m1r0kCL0Gd72PIRSa/j7rRTzPiVvg+pgDIcI6KSvtziHVgBF4fZ+ahYP0oo2aOKiFKXMm2CMMW3XaOOUUKqeuarORo6J6A/HA==.
[2015-05-29 17:14:40,416][Test worker][DEBUG][ProtocolSerializer] Start to deserialize request context(Protocal-Version:1.5|GPE_Id:GPE-111|Terminal-Id:111|Operator-Id:OPERATOR-111|Trans-BatchNumber:20150529|TractMsg-Id:1432890880413|Timestamp:20150529171440|Transaction-Type:200|Transaction-Id:|Response-Code:|).
[2015-05-29 17:14:40,416][Test worker][DEBUG][ProtocolSerializer] Finish decrypting cipher into original xml:<?xml version="1.0" encoding="UTF-8"?>
<VAT totalAmount="940" code="foodA" buyerTaxNo="TAX-112" rate="0"/>
[2015-05-29 17:14:40,416][Test worker][DEBUG][ProtocolSerializer] Start to do MAC(key=P2Bbo6+bSSR9O2Qc89f3b4oHTyE1V2gF) on (Protocal-Version:1.5|GPE_Id:GPE-111|Terminal-Id:111|Operator-Id:OPERATOR-111|Trans-BatchNumber:20150529|TractMsg-Id:1432890880413|Timestamp:20150529171440|Transaction-Type:200|Transaction-Id:|Response-Code:|<?xml version="1.0" encoding="UTF-8"?>
<VAT totalAmount="940" code="foodA" buyerTaxNo="TAX-112" rate="0"/>,hash=1854533538), get digest:d16daf2a9427753120b39d6d2410d358
[2015-05-29 17:14:40,416][Test worker][DEBUG][MLotteryContext] find mapping file definition(xml-mapping/vat/SellTicket_Req.xml) by key(-2.transtype.200).
[2015-05-29 17:14:40,416][Test worker][DEBUG][ProtocolSerializer] Start to deserialize model: model=null,mappingFile=xml-mapping/vat/SellTicket_Req.xml
[2015-05-29 17:14:40,416][Test worker][DEBUG][MLotteryContext] find mapping file definition(xml-mapping/vat/SellTicket_Req.xml) by key(-2.transtype.200).
[2015-05-29 17:14:40,429][Test worker][DEBUG][RoutineRegistry] Try to lookup handler by routine key(-2_200_1.5.0).
[2015-05-29 17:14:40,429][Test worker][DEBUG][RoutineRegistry] Try to lookup handler by routine key(-2_200_).
[2015-05-29 17:14:40,429][Test worker][DEBUG][RoutineRegistry] Lookup controller by key(-2_200_), found controller(com.mpos.lottery.te.valueaddservice.vat.VatController@1aeefda9) and method(public void com.mpos.lottery.te.valueaddservice.vat.VatController.sell(com.mpos.lottery.te.port.Context,com.mpos.lottery.te.port.Context) throws com.mpos.lottery.te.config.exception.ApplicationException).
[2015-05-29 17:14:40,436][Test worker][DEBUG][UUIDServiceImpl] Assemble a new reference No.:01114745019400001149
[2015-05-29 17:14:40,443][Test worker][INFO ][AbstractGameInstanceService] No channel game instance time definiton found, ignore it.
[2015-05-29 17:14:40,447][Test worker][INFO ][AbstractGameInstanceService] No channel game instance time definiton found, ignore it.
[2015-05-29 17:14:40,447][Test worker][DEBUG][UUIDServiceImpl] Assemble a new ticket serial number:01111745819400021249
[2015-05-29 17:14:40,462][Test worker][DEBUG][DefaultLuckyNumberService] Use lucky number from REQUEUED RANGE(id=1) instead of main cycle.
[2015-05-29 17:14:40,463][Test worker][DEBUG][DefaultTicketValidator] THe max allowed multi-draw of operation parameter is 10, merchant limit to 3, the smaller 3 will be used.
[2015-05-29 17:14:40,475][Test worker][DEBUG][DefaultBalanceService] Operator before transaction -  Operator [id=OPERATOR-111, loginName=OPERATOR-LOGIN, creditType=1, saleCreditLevel=200000000, payoutCreditLevel=1000, cashoutBalance=0, commisionBalance=0]
[2015-05-29 17:14:40,475][Test worker][DEBUG][DefaultBalanceService] Found balance strategy:com.mpos.lottery.te.merchant.service.balance.SaleBalanceStrategy@e1f8aba
[2015-05-29 17:14:40,475][Test worker][DEBUG][DefaultBalanceService] Operator after transaction -  Operator [id=OPERATOR-111, loginName=OPERATOR-LOGIN, creditType=1, saleCreditLevel=199999900.00, payoutCreditLevel=1000, cashoutBalance=0, commisionBalance=0]
[2015-05-29 17:14:40,483][Test worker][DEBUG][DefaultVatSaleService] Operator(id=OPERATOR-111) is in B2B, has bought ticket(serialNO=01111745819400021249) of game Type: LUCKYNUMBER
[2015-05-29 17:14:40,493][Test worker][DEBUG][CommonFacadeService] Prepare to publish message to exchange[TE.200] with routing key[TE.200.18]: transaction {
  id: "0115052900000000002412"
  dev_id: "111"
  operator_id: "OPERATOR-111"
  merchant_id: "111"
  create_time: 1432890880000
  trans_type: 200
  game_id: "LK-1"
  game_type: 18
  total_amount: "100.00"
}
multi_draw: 1
total_amount: "100.00"
serial_no: "y013eOifYgLRQ7g6vn/TJWQrGmFvW6UM"
game_instance {
  id: "GII-111"
}
entries {
  selected_number: "7"
  bet_option: 1
  total_bets: 1
  entry_amount: "100"
  input_channel: "0"
}

[2015-05-29 17:14:40,493][Test worker][DEBUG][CommonFacadeService] Publish message successfully
[2015-05-29 17:14:40,493][Test worker][DEBUG][MLotteryContext] find mapping file definition(xml-mapping/vat/SellTicket_Magic100_Res.xml) by key(18.transtype.4200.-18).
[2015-05-29 17:14:40,493][Test worker][DEBUG][ProtocolSerializer] Start to serialize model(class com.mpos.lottery.te.valueaddservice.vat.VatSaleTransaction),mappingFile=xml-mapping/vat/SellTicket_Magic100_Res.xml
[2015-05-29 17:14:40,493][Test worker][DEBUG][MLotteryContext] find mapping file definition(xml-mapping/vat/SellTicket_Magic100_Res.xml) by key(18.transtype.4200.-18).
[2015-05-29 17:14:40,494][Test worker][DEBUG][CastorHelper] Finish marshaling input(typeclass com.mpos.lottery.te.valueaddservice.vat.VatSaleTransaction, mappingFile=xml-mapping/vat/SellTicket_Magic100_Res.xml).
[2015-05-29 17:14:40,494][Test worker][DEBUG][ProtocolSerializer] Finish mac(macKey=P2Bbo6+bSSR9O2Qc89f3b4oHTyE1V2gF,macString=Protocal-Version:-18|GPE_Id:GPE-111|Terminal-Id:111|Operator-Id:OPERATOR-111|Trans-BatchNumber:20150529|TractMsg-Id:1432890880413|Timestamp:20150529171440|Transaction-Type:4200|Transaction-Id:0115052900000000002412|Response-Code:200|<?xml version="1.0" encoding="UTF-8"?>
<VAT totalAmount="940" code="foodA" buyerTaxNo="TAX-112" rate="0.1" refNo="01114745019400001149"><Ticket serialNo="01111745819400021249" barcode="18cK/u9hwZY2Rogq4k24Oeg4G3HSlAl9EbjLdf+UJJlt9Se2CWmp8xagOfh3a994UtE5FPfcNtybw=" type="1" validationCode="846530" multipleDraws="1" lastDrawNo="001" totalBets="1" totalAmount="100.00" isWinning="0"><GameDraw number="001" gameId="LK-1" gameTypeId="18"/><Entry selectedNumber="7" betOption="1" inputChannel="0" isWinning="0" prizeAmount="0" taxAmount="0" entryAmount="100"/></Ticket></VAT>):9881bfc26239a3b909e76f789c140e64
[2015-05-29 17:14:40,495][Test worker][DEBUG][TEPortServlet] Write response to client(host1=localhost,sizeOfPack=768) succesfully.
[2015-05-29 17:14:40,495][Test worker][DEBUG][BaseServletIntegrationTest] Got response(code=200,length=768): <?xml version="1.0" encoding="UTF-8"?>
<VAT totalAmount="940" code="foodA" buyerTaxNo="TAX-112" rate="0.1" refNo="01114745019400001149"><Ticket serialNo="01111745819400021249" barcode="18cK/u9hwZY2Rogq4k24Oeg4G3HSlAl9EbjLdf+UJJlt9Se2CWmp8xagOfh3a994UtE5FPfcNtybw=" type="1" validationCode="846530" multipleDraws="1" lastDrawNo="001" totalBets="1" totalAmount="100.00" isWinning="0"><GameDraw number="001" gameId="LK-1" gameTypeId="18"/><Entry selectedNumber="7" betOption="1" inputChannel="0" isWinning="0" prizeAmount="0" taxAmount="0" entryAmount="100"/></Ticket></VAT>
[2015-05-29 17:14:40,495][Test worker][DEBUG][MLotteryContext] find mapping file definition(xml-mapping/vat/SellTicket_Magic100_Res.xml) by key(18.transtype.4200.-18).
[2015-05-29 17:14:40,500][Test worker][DEBUG][MLotteryContext] find mapping file definition(xml-mapping/vat/RefundSale_Req.xml) by key(transtype.450).
[2015-05-29 17:14:40,500][Test worker][DEBUG][CastorHelper] Finish marshaling input(typeclass com.mpos.lottery.te.valueaddservice.vat.VatSaleTransaction, mappingFile=xml-mapping/vat/RefundSale_Req.xml).
[2015-05-29 17:14:40,500][Test worker][DEBUG][BaseServletIntegrationTest] Do MAC(key=P2Bbo6+bSSR9O2Qc89f3b4oHTyE1V2gF) on (Protocal-Version:1.5|GPE_Id:GPE-111|Terminal-Id:111|Operator-Id:OPERATOR-111|Trans-BatchNumber:20150529|TractMsg-Id:1432890880500|Timestamp:20150529171440|Transaction-Type:450|Transaction-Id:|Response-Code:|<?xml version="1.0" encoding="UTF-8"?>
<VAT refNo="01114745019400001149"/>,hash=708870327), get digest:caa24446d446f9ca6360b8cc9bc378e0
[2015-05-29 17:14:40,501][Test worker][DEBUG][TEPortServlet] Got request header(name=X-Transaction-Type, value=450).
[2015-05-29 17:14:40,501][Test worker][DEBUG][TEPortServlet] Got request header(name=X-Protocal-Version, value=1.5).
[2015-05-29 17:14:40,501][Test worker][DEBUG][TEPortServlet] Got request header(name=X-Timestamp, value=20150529171440).
[2015-05-29 17:14:40,501][Test worker][DEBUG][TEPortServlet] Got request header(name=X-GPE-Id, value=GPE-111).
[2015-05-29 17:14:40,501][Test worker][DEBUG][TEPortServlet] Got request header(name=X-Trace-Message-Id, value=1432890880500).
[2015-05-29 17:14:40,501][Test worker][DEBUG][TEPortServlet] Got request header(name=X-Operator-Id, value=OPERATOR-111).
[2015-05-29 17:14:40,501][Test worker][DEBUG][TEPortServlet] Got request header(name=X-Terminal-Id, value=111).
[2015-05-29 17:14:40,501][Test worker][DEBUG][TEPortServlet] Got request header(name=X-MAC, value=caa24446d446f9ca6360b8cc9bc378e0).
[2015-05-29 17:14:40,501][Test worker][DEBUG][TEPortServlet] Got request header(name=X-Game-Type-Id, value=-1).
[2015-05-29 17:14:40,501][Test worker][DEBUG][TEPortServlet] Got request header(name=X-Trans-BatchNumber, value=20150529).
[2015-05-29 17:14:40,501][Test worker][DEBUG][TEPortServlet] Got request header(name=X-GPS-Location, value=40.714353,-74.005973).
[2015-05-29 17:14:40,502][Test worker][DEBUG][TEPortServlet] Got request from localhost, and the message body is:pq3FqO8HCcAnaobA+xpVnADmrnwj1vrK59BGhqvtskYFWTsa2cbe6gkSRfskr7XEYdsQVjbZoXUDWn2/zOPivlHMXiduKZcN2gOE/lABVa4=.
[2015-05-29 17:14:40,502][Test worker][DEBUG][ProtocolSerializer] Start to deserialize request context(Protocal-Version:1.5|GPE_Id:GPE-111|Terminal-Id:111|Operator-Id:OPERATOR-111|Trans-BatchNumber:20150529|TractMsg-Id:1432890880500|Timestamp:20150529171440|Transaction-Type:450|Transaction-Id:|Response-Code:|).
[2015-05-29 17:14:40,503][Test worker][DEBUG][ProtocolSerializer] Finish decrypting cipher into original xml:<?xml version="1.0" encoding="UTF-8"?>
<VAT refNo="01114745019400001149"/>
[2015-05-29 17:14:40,503][Test worker][DEBUG][ProtocolSerializer] Start to do MAC(key=P2Bbo6+bSSR9O2Qc89f3b4oHTyE1V2gF) on (Protocal-Version:1.5|GPE_Id:GPE-111|Terminal-Id:111|Operator-Id:OPERATOR-111|Trans-BatchNumber:20150529|TractMsg-Id:1432890880500|Timestamp:20150529171440|Transaction-Type:450|Transaction-Id:|Response-Code:|<?xml version="1.0" encoding="UTF-8"?>
<VAT refNo="01114745019400001149"/>,hash=708870327), get digest:caa24446d446f9ca6360b8cc9bc378e0
[2015-05-29 17:14:40,503][Test worker][DEBUG][MLotteryContext] find mapping file definition(xml-mapping/vat/RefundSale_Req.xml) by key(transtype.450).
[2015-05-29 17:14:40,503][Test worker][DEBUG][ProtocolSerializer] Start to deserialize model: model=null,mappingFile=xml-mapping/vat/RefundSale_Req.xml
[2015-05-29 17:14:40,503][Test worker][DEBUG][MLotteryContext] find mapping file definition(xml-mapping/vat/RefundSale_Req.xml) by key(transtype.450).
[2015-05-29 17:14:40,514][Test worker][DEBUG][RoutineRegistry] Try to lookup handler by routine key(-1_450_1.5.0).
[2015-05-29 17:14:40,514][Test worker][DEBUG][RoutineRegistry] Try to lookup handler by routine key(-1_450_).
[2015-05-29 17:14:40,514][Test worker][DEBUG][RoutineRegistry] Lookup controller by key(-1_450_), found controller(com.mpos.lottery.te.valueaddservice.vat.VatController@1aeefda9) and method(public void com.mpos.lottery.te.valueaddservice.vat.VatController.refund(com.mpos.lottery.te.port.Context,com.mpos.lottery.te.port.Context) throws com.mpos.lottery.te.config.exception.ApplicationException).
[2015-05-29 17:14:40,520][Test worker][DEBUG][ReversalOrCancelStrategyFactory] Found ReversalStrategy(class com.mpos.lottery.te.valueaddservice.vat.support.VatReversalOrCancelStrategy) to cancel transaction(gameType=18,terminalId=111,transType=200,protocolVersion=1.5.0).
[2015-05-29 17:14:40,529][Test worker][DEBUG][VatReversalOrCancelStrategy] The business type of trans(id=0115052900000000002412) is B2C, go to cancel magic100 sale.
[2015-05-29 17:14:40,540][Test worker][DEBUG][DefaultBalanceService] Operator before transaction -  Operator [id=OPERATOR-111, loginName=OPERATOR-LOGIN, creditType=1, saleCreditLevel=199999900, payoutCreditLevel=1000, cashoutBalance=0, commisionBalance=10]
[2015-05-29 17:14:40,540][Test worker][DEBUG][DefaultBalanceService] Found balance strategy:com.mpos.lottery.te.merchant.service.balance.SaleBalanceStrategy@e1f8aba
[2015-05-29 17:14:40,540][Test worker][DEBUG][DefaultBalanceService] Operator after transaction -  Operator [id=OPERATOR-111, loginName=OPERATOR-LOGIN, creditType=1, saleCreditLevel=200000000, payoutCreditLevel=1000, cashoutBalance=0, commisionBalance=10]
[2015-05-29 17:14:40,558][Test worker][DEBUG][CommonFacadeService] No need to publish AMQP message of transaction(VAT_REFUND)
[2015-05-29 17:14:40,558][Test worker][DEBUG][ProtocolSerializer] Finish mac(macKey=P2Bbo6+bSSR9O2Qc89f3b4oHTyE1V2gF,macString=Protocal-Version:1.5|GPE_Id:GPE-111|Terminal-Id:111|Operator-Id:OPERATOR-111|Trans-BatchNumber:20150529|TractMsg-Id:1432890880500|Timestamp:20150529171440|Transaction-Type:4450|Transaction-Id:0115052900000000002415|Response-Code:200|):e6020b751e4798e695dad3a89cd01ab1
[2015-05-29 17:14:40,558][Test worker][DEBUG][BaseServletIntegrationTest] Got response(code=200,length=0): 
[2015-05-29 17:14:40,577][Test worker][DEBUG][TEPortServlet] Startup job scheduer(org.quartz.impl.StdScheduler@4d1e5820) successfully.
[2015-05-29 17:14:40,577][Test worker][WARN ][TEPortServlet] can NOT find META file:F:\project\M.Lottery\TE\TRUNK_TE\sourcecode\build\classes\main\META-INF\MANIFEST.MF
[2015-05-29 17:14:40,577][Test worker][DEBUG][TEPortServlet] Register MBean(com.mpos.lottery.te.common.jmx.TransactionTimeout@187ac630) with name(com.mpos.lottery.te:type=TransactionTimeoutMBean) successfully.
[2015-05-29 17:14:40,577][Test worker][DEBUG][BaseTransactionalIntegrationTest] Retrieve a ApplicationContext(org.springframework.web.context.support.GenericWebApplicationContext@34f645a8: startup date [Fri May 29 17:12:38 CST 2015]; root of context hierarchy).
[2015-05-29 17:14:40,578][Test worker][INFO ][BaseTransactionalIntegrationTest] +------------------------------------------------------------------------------------------------------------------------+
[2015-05-29 17:14:40,578][Test worker][INFO ][BaseTransactionalIntegrationTest] | VatB2BSaleRefundIntegrationTest.testCancel_RaffleSale_SingleBet_OK                                                     |
[2015-05-29 17:14:40,578][Test worker][INFO ][BaseTransactionalIntegrationTest] +------------------------------------------------------------------------------------------------------------------------+
[2015-05-29 17:14:40,580][Test worker][DEBUG][VatB2BSaleRefundIntegrationTest] ------ oldBalance(com.mpos.lottery.te.valueaddservice.vat.VatOperatorBalance@172be073).
[2015-05-29 17:14:40,580][Test worker][DEBUG][MLotteryContext] find mapping file definition(xml-mapping/vat/SellTicket_Req.xml) by key(-2.transtype.200).
[2015-05-29 17:14:40,580][Test worker][DEBUG][CastorHelper] Finish marshaling input(typeclass com.mpos.lottery.te.valueaddservice.vat.VatSaleTransaction, mappingFile=xml-mapping/vat/SellTicket_Req.xml).
[2015-05-29 17:14:40,581][Test worker][DEBUG][BaseServletIntegrationTest] Do MAC(key=P2Bbo6+bSSR9O2Qc89f3b4oHTyE1V2gF) on (Protocal-Version:1.5|GPE_Id:GPE-111|Terminal-Id:111|Operator-Id:OPERATOR-111|Trans-BatchNumber:20150529|TractMsg-Id:1432890880580|Timestamp:20150529171440|Transaction-Type:200|Transaction-Id:|Response-Code:|<?xml version="1.0" encoding="UTF-8"?>
<VAT totalAmount="940" code="foodA" buyerTaxNo="TAX-112" rate="0"/>,hash=-697380039), get digest:669806672c9c5f8809dae4748aa71367
[2015-05-29 17:14:40,581][Test worker][DEBUG][TEPortServlet] Got request header(name=X-Transaction-Type, value=200).
[2015-05-29 17:14:40,581][Test worker][DEBUG][TEPortServlet] Got request header(name=X-Protocal-Version, value=1.5).
[2015-05-29 17:14:40,581][Test worker][DEBUG][TEPortServlet] Got request header(name=X-Timestamp, value=20150529171440).
[2015-05-29 17:14:40,581][Test worker][DEBUG][TEPortServlet] Got request header(name=X-GPE-Id, value=GPE-111).
[2015-05-29 17:14:40,581][Test worker][DEBUG][TEPortServlet] Got request header(name=X-Trace-Message-Id, value=1432890880580).
[2015-05-29 17:14:40,581][Test worker][DEBUG][TEPortServlet] Got request header(name=X-Operator-Id, value=OPERATOR-111).
[2015-05-29 17:14:40,581][Test worker][DEBUG][TEPortServlet] Got request header(name=X-Terminal-Id, value=111).
[2015-05-29 17:14:40,581][Test worker][DEBUG][TEPortServlet] Got request header(name=X-MAC, value=669806672c9c5f8809dae4748aa71367).
[2015-05-29 17:14:40,581][Test worker][DEBUG][TEPortServlet] Got request header(name=X-Game-Type-Id, value=-2).
[2015-05-29 17:14:40,581][Test worker][DEBUG][TEPortServlet] Got request header(name=X-Trans-BatchNumber, value=20150529).
[2015-05-29 17:14:40,581][Test worker][DEBUG][TEPortServlet] Got request header(name=X-GPS-Location, value=40.714353,-74.005973).
[2015-05-29 17:14:40,583][Test worker][DEBUG][TEPortServlet] Got request from localhost, and the message body is:pq3FqO8HCcAnaobA+xpVnADmrnwj1vrK59BGhqvtskYFWTsa2cbe6m1r0kCL0Gd72PIRSa/j7rRTzPiVvg+pgDIcI6KSvtziHVgBF4fZ+ahYP0oo2aOKiFKXMm2CMMW3XaOOUUKqeuarORo6J6A/HA==.
[2015-05-29 17:14:40,583][Test worker][DEBUG][ProtocolSerializer] Start to deserialize request context(Protocal-Version:1.5|GPE_Id:GPE-111|Terminal-Id:111|Operator-Id:OPERATOR-111|Trans-BatchNumber:20150529|TractMsg-Id:1432890880580|Timestamp:20150529171440|Transaction-Type:200|Transaction-Id:|Response-Code:|).
[2015-05-29 17:14:40,584][Test worker][DEBUG][ProtocolSerializer] Finish decrypting cipher into original xml:<?xml version="1.0" encoding="UTF-8"?>
<VAT totalAmount="940" code="foodA" buyerTaxNo="TAX-112" rate="0"/>
[2015-05-29 17:14:40,584][Test worker][DEBUG][ProtocolSerializer] Start to do MAC(key=P2Bbo6+bSSR9O2Qc89f3b4oHTyE1V2gF) on (Protocal-Version:1.5|GPE_Id:GPE-111|Terminal-Id:111|Operator-Id:OPERATOR-111|Trans-BatchNumber:20150529|TractMsg-Id:1432890880580|Timestamp:20150529171440|Transaction-Type:200|Transaction-Id:|Response-Code:|<?xml version="1.0" encoding="UTF-8"?>
<VAT totalAmount="940" code="foodA" buyerTaxNo="TAX-112" rate="0"/>,hash=-697380039), get digest:669806672c9c5f8809dae4748aa71367
[2015-05-29 17:14:40,584][Test worker][DEBUG][MLotteryContext] find mapping file definition(xml-mapping/vat/SellTicket_Req.xml) by key(-2.transtype.200).
[2015-05-29 17:14:40,584][Test worker][DEBUG][ProtocolSerializer] Start to deserialize model: model=null,mappingFile=xml-mapping/vat/SellTicket_Req.xml
[2015-05-29 17:14:40,584][Test worker][DEBUG][MLotteryContext] find mapping file definition(xml-mapping/vat/SellTicket_Req.xml) by key(-2.transtype.200).
[2015-05-29 17:14:40,598][Test worker][DEBUG][RoutineRegistry] Try to lookup handler by routine key(-2_200_1.5.0).
[2015-05-29 17:14:40,598][Test worker][DEBUG][RoutineRegistry] Try to lookup handler by routine key(-2_200_).
[2015-05-29 17:14:40,598][Test worker][DEBUG][RoutineRegistry] Lookup controller by key(-2_200_), found controller(com.mpos.lottery.te.valueaddservice.vat.VatController@1aeefda9) and method(public void com.mpos.lottery.te.valueaddservice.vat.VatController.sell(com.mpos.lottery.te.port.Context,com.mpos.lottery.te.port.Context) throws com.mpos.lottery.te.config.exception.ApplicationException).
[2015-05-29 17:14:40,607][Test worker][DEBUG][UUIDServiceImpl] Assemble a new reference No.:01114745019400001200
[2015-05-29 17:14:40,616][Test worker][INFO ][AbstractGameInstanceService] No channel game instance time definiton found, ignore it.
[2015-05-29 17:14:40,616][Test worker][DEBUG][UUIDServiceImpl] Assemble a new ticket serial number:01111745419400021352
[2015-05-29 17:14:40,620][Test worker][DEBUG][DefaultTicketValidator] THe max allowed multi-draw of operation parameter is 10, merchant limit to 3, the smaller 3 will be used.
[2015-05-29 17:14:40,629][Test worker][DEBUG][DefaultBalanceService] Operator before transaction -  Operator [id=OPERATOR-111, loginName=OPERATOR-LOGIN, creditType=1, saleCreditLevel=200000000, payoutCreditLevel=1000, cashoutBalance=0, commisionBalance=0]
[2015-05-29 17:14:40,630][Test worker][DEBUG][DefaultBalanceService] Found balance strategy:com.mpos.lottery.te.merchant.service.balance.SaleBalanceStrategy@e1f8aba
[2015-05-29 17:14:40,630][Test worker][DEBUG][DefaultBalanceService] Operator after transaction -  Operator [id=OPERATOR-111, loginName=OPERATOR-LOGIN, creditType=1, saleCreditLevel=199999900, payoutCreditLevel=1000, cashoutBalance=0, commisionBalance=0]
[2015-05-29 17:14:40,632][Test worker][WARN ][BaseJpaDao] Should be at most only 1 entity(com.mpos.lottery.te.merchant.domain.OperatorCommission) found, however total 2 entities found... the 1st entity(com.mpos.lottery.te.merchant.domain.OperatorCommission@35d5d542) will be returned.
[2015-05-29 17:14:40,637][Test worker][DEBUG][DefaultVatSaleService] Operator(id=OPERATOR-111) is in B2B, has bought ticket(serialNO=01111745419400021352) of game Type: RAFFLE
[2015-05-29 17:14:40,648][Test worker][DEBUG][CommonFacadeService] Prepare to publish message to exchange[TE.200] with routing key[TE.200.14]: transaction {
  id: "0115052900000000002418"
  dev_id: "111"
  operator_id: "OPERATOR-111"
  merchant_id: "111"
  create_time: 1432890880000
  trans_type: 200
  game_id: "RA-1"
  game_type: 14
  total_amount: "100"
}
multi_draw: 1
total_amount: "100"
serial_no: "y013eOifYgLGbGoBsy6AikjdIWmc3tU1"
game_instance {
  id: "GII-112"
}

[2015-05-29 17:14:40,648][Test worker][DEBUG][CommonFacadeService] Publish message successfully
[2015-05-29 17:14:40,649][Test worker][DEBUG][MLotteryContext] find mapping file definition(xml-mapping/vat/SellTicket_Raffle_Res.xml) by key(14.transtype.4200.-14).
[2015-05-29 17:14:40,649][Test worker][DEBUG][ProtocolSerializer] Start to serialize model(class com.mpos.lottery.te.valueaddservice.vat.VatSaleTransaction),mappingFile=xml-mapping/vat/SellTicket_Raffle_Res.xml
[2015-05-29 17:14:40,649][Test worker][DEBUG][MLotteryContext] find mapping file definition(xml-mapping/vat/SellTicket_Raffle_Res.xml) by key(14.transtype.4200.-14).
[2015-05-29 17:14:40,649][Test worker][DEBUG][CastorHelper] Finish marshaling input(typeclass com.mpos.lottery.te.valueaddservice.vat.VatSaleTransaction, mappingFile=xml-mapping/vat/SellTicket_Raffle_Res.xml).
[2015-05-29 17:14:40,649][Test worker][DEBUG][ProtocolSerializer] Finish mac(macKey=P2Bbo6+bSSR9O2Qc89f3b4oHTyE1V2gF,macString=Protocal-Version:-14|GPE_Id:GPE-111|Terminal-Id:111|Operator-Id:OPERATOR-111|Trans-BatchNumber:20150529|TractMsg-Id:1432890880580|Timestamp:20150529171440|Transaction-Type:4200|Transaction-Id:0115052900000000002418|Response-Code:200|<?xml version="1.0" encoding="UTF-8"?>
<VAT totalAmount="940" code="foodA" buyerTaxNo="TAX-112" rate="0.1" refNo="01114745019400001200"><Ticket serialNo="01111745419400021352" totalAmount="100" type="1" lastDrawNo="11002" barcode="14cK/u9hwZY2Rogq4k24Oeg4G3HSlAl9EbjLdf+UJJlt9Se2CWmp8xatr3+ynZTK23WbsIlb8sSxE=" validationCode="324322" multipleDraws="1" totalBets="1"><GameDraw number="11002" gameId="RA-1" gameTypeId="14"/></Ticket></VAT>):ef3b782dc44e872c7f69f939219c9585
[2015-05-29 17:14:40,650][Test worker][DEBUG][TEPortServlet] Write response to client(host1=localhost,sizeOfPack=588) succesfully.
[2015-05-29 17:14:40,650][Test worker][DEBUG][BaseServletIntegrationTest] Got response(code=200,length=588): <?xml version="1.0" encoding="UTF-8"?>
<VAT totalAmount="940" code="foodA" buyerTaxNo="TAX-112" rate="0.1" refNo="01114745019400001200"><Ticket serialNo="01111745419400021352" totalAmount="100" type="1" lastDrawNo="11002" barcode="14cK/u9hwZY2Rogq4k24Oeg4G3HSlAl9EbjLdf+UJJlt9Se2CWmp8xatr3+ynZTK23WbsIlb8sSxE=" validationCode="324322" multipleDraws="1" totalBets="1"><GameDraw number="11002" gameId="RA-1" gameTypeId="14"/></Ticket></VAT>
[2015-05-29 17:14:40,650][Test worker][DEBUG][MLotteryContext] find mapping file definition(xml-mapping/vat/SellTicket_Raffle_Res.xml) by key(14.transtype.4200.-14).
[2015-05-29 17:14:40,654][Test worker][DEBUG][MLotteryContext] find mapping file definition(xml-mapping/vat/RefundSale_Req.xml) by key(transtype.450).
[2015-05-29 17:14:40,654][Test worker][DEBUG][CastorHelper] Finish marshaling input(typeclass com.mpos.lottery.te.valueaddservice.vat.VatSaleTransaction, mappingFile=xml-mapping/vat/RefundSale_Req.xml).
[2015-05-29 17:14:40,655][Test worker][DEBUG][BaseServletIntegrationTest] Do MAC(key=P2Bbo6+bSSR9O2Qc89f3b4oHTyE1V2gF) on (Protocal-Version:1.5|GPE_Id:GPE-111|Terminal-Id:111|Operator-Id:OPERATOR-111|Trans-BatchNumber:20150529|TractMsg-Id:1432890880654|Timestamp:20150529171440|Transaction-Type:450|Transaction-Id:|Response-Code:|<?xml version="1.0" encoding="UTF-8"?>
<VAT refNo="01114745019400001200"/>,hash=-194787237), get digest:3885e06a1769dc48a0892405618f1299
[2015-05-29 17:14:40,655][Test worker][DEBUG][TEPortServlet] Got request header(name=X-Transaction-Type, value=450).
[2015-05-29 17:14:40,655][Test worker][DEBUG][TEPortServlet] Got request header(name=X-Protocal-Version, value=1.5).
[2015-05-29 17:14:40,655][Test worker][DEBUG][TEPortServlet] Got request header(name=X-Timestamp, value=20150529171440).
[2015-05-29 17:14:40,655][Test worker][DEBUG][TEPortServlet] Got request header(name=X-GPE-Id, value=GPE-111).
[2015-05-29 17:14:40,655][Test worker][DEBUG][TEPortServlet] Got request header(name=X-Trace-Message-Id, value=1432890880654).
[2015-05-29 17:14:40,655][Test worker][DEBUG][TEPortServlet] Got request header(name=X-Operator-Id, value=OPERATOR-111).
[2015-05-29 17:14:40,655][Test worker][DEBUG][TEPortServlet] Got request header(name=X-Terminal-Id, value=111).
[2015-05-29 17:14:40,655][Test worker][DEBUG][TEPortServlet] Got request header(name=X-MAC, value=3885e06a1769dc48a0892405618f1299).
[2015-05-29 17:14:40,655][Test worker][DEBUG][TEPortServlet] Got request header(name=X-Game-Type-Id, value=-1).
[2015-05-29 17:14:40,655][Test worker][DEBUG][TEPortServlet] Got request header(name=X-Trans-BatchNumber, value=20150529).
[2015-05-29 17:14:40,655][Test worker][DEBUG][TEPortServlet] Got request header(name=X-GPS-Location, value=40.714353,-74.005973).
[2015-05-29 17:14:40,656][Test worker][DEBUG][TEPortServlet] Got request from localhost, and the message body is:pq3FqO8HCcAnaobA+xpVnADmrnwj1vrK59BGhqvtskYFWTsa2cbe6gkSRfskr7XEYdsQVjbZoXUDWn2/zOPivmvtoiOR5/GGUhs8IZYhY/k=.
[2015-05-29 17:14:40,656][Test worker][DEBUG][ProtocolSerializer] Start to deserialize request context(Protocal-Version:1.5|GPE_Id:GPE-111|Terminal-Id:111|Operator-Id:OPERATOR-111|Trans-BatchNumber:20150529|TractMsg-Id:1432890880654|Timestamp:20150529171440|Transaction-Type:450|Transaction-Id:|Response-Code:|).
[2015-05-29 17:14:40,657][Test worker][DEBUG][ProtocolSerializer] Finish decrypting cipher into original xml:<?xml version="1.0" encoding="UTF-8"?>
<VAT refNo="01114745019400001200"/>
[2015-05-29 17:14:40,657][Test worker][DEBUG][ProtocolSerializer] Start to do MAC(key=P2Bbo6+bSSR9O2Qc89f3b4oHTyE1V2gF) on (Protocal-Version:1.5|GPE_Id:GPE-111|Terminal-Id:111|Operator-Id:OPERATOR-111|Trans-BatchNumber:20150529|TractMsg-Id:1432890880654|Timestamp:20150529171440|Transaction-Type:450|Transaction-Id:|Response-Code:|<?xml version="1.0" encoding="UTF-8"?>
<VAT refNo="01114745019400001200"/>,hash=-194787237), get digest:3885e06a1769dc48a0892405618f1299
[2015-05-29 17:14:40,657][Test worker][DEBUG][MLotteryContext] find mapping file definition(xml-mapping/vat/RefundSale_Req.xml) by key(transtype.450).
[2015-05-29 17:14:40,657][Test worker][DEBUG][ProtocolSerializer] Start to deserialize model: model=null,mappingFile=xml-mapping/vat/RefundSale_Req.xml
[2015-05-29 17:14:40,657][Test worker][DEBUG][MLotteryContext] find mapping file definition(xml-mapping/vat/RefundSale_Req.xml) by key(transtype.450).
[2015-05-29 17:14:40,669][Test worker][DEBUG][RoutineRegistry] Try to lookup handler by routine key(-1_450_1.5.0).
[2015-05-29 17:14:40,669][Test worker][DEBUG][RoutineRegistry] Try to lookup handler by routine key(-1_450_).
[2015-05-29 17:14:40,669][Test worker][DEBUG][RoutineRegistry] Lookup controller by key(-1_450_), found controller(com.mpos.lottery.te.valueaddservice.vat.VatController@1aeefda9) and method(public void com.mpos.lottery.te.valueaddservice.vat.VatController.refund(com.mpos.lottery.te.port.Context,com.mpos.lottery.te.port.Context) throws com.mpos.lottery.te.config.exception.ApplicationException).
[2015-05-29 17:14:40,676][Test worker][DEBUG][ReversalOrCancelStrategyFactory] Found ReversalStrategy(class com.mpos.lottery.te.valueaddservice.vat.support.VatReversalOrCancelStrategy) to cancel transaction(gameType=14,terminalId=111,transType=200,protocolVersion=1.5.0).
[2015-05-29 17:14:40,684][Test worker][DEBUG][VatReversalOrCancelStrategy] The business type of trans(id=0115052900000000002418) is B2B, go to cancel raffle sale.
[2015-05-29 17:14:40,695][Test worker][DEBUG][DefaultBalanceService] Operator before transaction -  Operator [id=OPERATOR-111, loginName=OPERATOR-LOGIN, creditType=1, saleCreditLevel=199999900, payoutCreditLevel=1000, cashoutBalance=0, commisionBalance=0]
[2015-05-29 17:14:40,695][Test worker][DEBUG][DefaultBalanceService] Found balance strategy:com.mpos.lottery.te.merchant.service.balance.SaleBalanceStrategy@e1f8aba
[2015-05-29 17:14:40,695][Test worker][DEBUG][DefaultBalanceService] Operator after transaction -  Operator [id=OPERATOR-111, loginName=OPERATOR-LOGIN, creditType=1, saleCreditLevel=200000000, payoutCreditLevel=1000, cashoutBalance=0, commisionBalance=0]
[2015-05-29 17:14:40,705][Test worker][DEBUG][CommonFacadeService] No need to publish AMQP message of transaction(VAT_REFUND)
[2015-05-29 17:14:40,705][Test worker][DEBUG][ProtocolSerializer] Finish mac(macKey=P2Bbo6+bSSR9O2Qc89f3b4oHTyE1V2gF,macString=Protocal-Version:1.5|GPE_Id:GPE-111|Terminal-Id:111|Operator-Id:OPERATOR-111|Trans-BatchNumber:20150529|TractMsg-Id:1432890880654|Timestamp:20150529171440|Transaction-Type:4450|Transaction-Id:0115052900000000002421|Response-Code:200|):ea229956861ae1268b4d359144e9a1cd
[2015-05-29 17:14:40,705][Test worker][DEBUG][BaseServletIntegrationTest] Got response(code=200,length=0): 
]]></system-out>
  <system-err><![CDATA[]]></system-err>
</testsuite>
