<?xml version="1.0" encoding="UTF-8"?>
<testsuite name="com.mpos.lottery.te.gameimpl.union.prize.UnionPrizeConfirmationIntegrationTest" tests="3" skipped="0" failures="0" errors="0" timestamp="2015-05-29T09:13:46" hostname="Ramon-PC" time="0.632">
  <properties/>
  <testcase name="testConfirmRefund_Refund" classname="com.mpos.lottery.te.gameimpl.union.prize.UnionPrizeConfirmationIntegrationTest" time="0.208"/>
  <testcase name="testConfirmRefund_PrintNewTicket_ByBarcode" classname="com.mpos.lottery.te.gameimpl.union.prize.UnionPrizeConfirmationIntegrationTest" time="0.233"/>
  <testcase name="testConfirmRefund_PrintNewTicket" classname="com.mpos.lottery.te.gameimpl.union.prize.UnionPrizeConfirmationIntegrationTest" time="0.19"/>
  <system-out><![CDATA[[2015-05-29 17:13:46,640][Test worker][DEBUG][TEPortServlet] Startup job scheduer(org.quartz.impl.StdScheduler@4d1e5820) successfully.
[2015-05-29 17:13:46,640][Test worker][WARN ][TEPortServlet] can NOT find META file:F:\project\M.Lottery\TE\TRUNK_TE\sourcecode\build\classes\main\META-INF\MANIFEST.MF
[2015-05-29 17:13:46,640][Test worker][DEBUG][TEPortServlet] Register MBean(com.mpos.lottery.te.common.jmx.TransactionTimeout@5c1edae5) with name(com.mpos.lottery.te:type=TransactionTimeoutMBean) successfully.
[2015-05-29 17:13:46,641][Test worker][DEBUG][BaseTransactionalIntegrationTest] Retrieve a ApplicationContext(org.springframework.web.context.support.GenericWebApplicationContext@34f645a8: startup date [Fri May 29 17:12:38 CST 2015]; root of context hierarchy).
[2015-05-29 17:13:46,641][Test worker][INFO ][BaseTransactionalIntegrationTest] +------------------------------------------------------------------------------------------------------------------------+
[2015-05-29 17:13:46,641][Test worker][INFO ][BaseTransactionalIntegrationTest] | UnionPrizeConfirmationIntegrationTest.testConfirmRefund_Refund                                                         |
[2015-05-29 17:13:46,641][Test worker][INFO ][BaseTransactionalIntegrationTest] +------------------------------------------------------------------------------------------------------------------------+
[2015-05-29 17:13:46,646][Test worker][DEBUG][MLotteryContext] find mapping file definition(xml-mapping/game/union/Payout_Req.xml) by key(8.transtype.302).
[2015-05-29 17:13:46,646][Test worker][DEBUG][CastorHelper] Finish marshaling input(typeclass com.mpos.lottery.te.gameimpl.union.sale.UnionTicket, mappingFile=xml-mapping/game/union/Payout_Req.xml).
[2015-05-29 17:13:46,647][Test worker][DEBUG][BaseServletIntegrationTest] Do MAC(key=P2Bbo6+bSSR9O2Qc89f3b4oHTyE1V2gF) on (Protocal-Version:1.5|GPE_Id:GPE-111|Terminal-Id:111|Operator-Id:OPERATOR-111|Trans-BatchNumber:20150529|TractMsg-Id:1432890826646|Timestamp:20150529171346|Transaction-Type:302|Transaction-Id:|Response-Code:|<?xml version="1.0" encoding="UTF-8"?>
<Ticket serialNo="S-123456" PIN="PIN-111" inputChannel="2" validationCode="111111"/>,hash=1964643060), get digest:c122b5159466bead225bf0880cc84f2d
[2015-05-29 17:13:46,647][Test worker][DEBUG][TEPortServlet] Got request header(name=X-Transaction-Type, value=302).
[2015-05-29 17:13:46,647][Test worker][DEBUG][TEPortServlet] Got request header(name=X-Protocal-Version, value=1.5).
[2015-05-29 17:13:46,647][Test worker][DEBUG][TEPortServlet] Got request header(name=X-Timestamp, value=20150529171346).
[2015-05-29 17:13:46,647][Test worker][DEBUG][TEPortServlet] Got request header(name=X-GPE-Id, value=GPE-111).
[2015-05-29 17:13:46,647][Test worker][DEBUG][TEPortServlet] Got request header(name=X-Trace-Message-Id, value=1432890826646).
[2015-05-29 17:13:46,647][Test worker][DEBUG][TEPortServlet] Got request header(name=X-Operator-Id, value=OPERATOR-111).
[2015-05-29 17:13:46,647][Test worker][DEBUG][TEPortServlet] Got request header(name=X-Terminal-Id, value=111).
[2015-05-29 17:13:46,647][Test worker][DEBUG][TEPortServlet] Got request header(name=X-MAC, value=c122b5159466bead225bf0880cc84f2d).
[2015-05-29 17:13:46,647][Test worker][DEBUG][TEPortServlet] Got request header(name=X-Game-Type-Id, value=8).
[2015-05-29 17:13:46,647][Test worker][DEBUG][TEPortServlet] Got request header(name=X-Trans-BatchNumber, value=20150529).
[2015-05-29 17:13:46,647][Test worker][DEBUG][TEPortServlet] Got request header(name=X-GPS-Location, value=40.714353,-74.005973).
[2015-05-29 17:13:46,648][Test worker][DEBUG][TEPortServlet] Got request from localhost, and the message body is:pq3FqO8HCcAnaobA+xpVnADmrnwj1vrK59BGhqvtskYFWTsa2cbe6ttFDFcpmi1MamgAomcAmY7ZtCcdDkhkRjtWjJyr8M54r482oPz68swv1cKZXs2giVvwATQyuGIl9ynITkM6n3FZYXMyvHDkvi+IB2e80VwqI7T2PcEAFnM=.
[2015-05-29 17:13:46,648][Test worker][DEBUG][ProtocolSerializer] Start to deserialize request context(Protocal-Version:1.5|GPE_Id:GPE-111|Terminal-Id:111|Operator-Id:OPERATOR-111|Trans-BatchNumber:20150529|TractMsg-Id:1432890826646|Timestamp:20150529171346|Transaction-Type:302|Transaction-Id:|Response-Code:|).
[2015-05-29 17:13:46,649][Test worker][DEBUG][ProtocolSerializer] Finish decrypting cipher into original xml:<?xml version="1.0" encoding="UTF-8"?>
<Ticket serialNo="S-123456" PIN="PIN-111" inputChannel="2" validationCode="111111"/>
[2015-05-29 17:13:46,649][Test worker][DEBUG][ProtocolSerializer] Start to do MAC(key=P2Bbo6+bSSR9O2Qc89f3b4oHTyE1V2gF) on (Protocal-Version:1.5|GPE_Id:GPE-111|Terminal-Id:111|Operator-Id:OPERATOR-111|Trans-BatchNumber:20150529|TractMsg-Id:1432890826646|Timestamp:20150529171346|Transaction-Type:302|Transaction-Id:|Response-Code:|<?xml version="1.0" encoding="UTF-8"?>
<Ticket serialNo="S-123456" PIN="PIN-111" inputChannel="2" validationCode="111111"/>,hash=1964643060), get digest:c122b5159466bead225bf0880cc84f2d
[2015-05-29 17:13:46,649][Test worker][DEBUG][MLotteryContext] find mapping file definition(xml-mapping/game/union/Payout_Req.xml) by key(8.transtype.302).
[2015-05-29 17:13:46,649][Test worker][DEBUG][ProtocolSerializer] Start to deserialize model: model=null,mappingFile=xml-mapping/game/union/Payout_Req.xml
[2015-05-29 17:13:46,649][Test worker][DEBUG][MLotteryContext] find mapping file definition(xml-mapping/game/union/Payout_Req.xml) by key(8.transtype.302).
[2015-05-29 17:13:46,670][Test worker][DEBUG][RoutineRegistry] Try to lookup handler by routine key(8_302_1.5.0).
[2015-05-29 17:13:46,670][Test worker][DEBUG][RoutineRegistry] Try to lookup handler by routine key(8_302_).
[2015-05-29 17:13:46,670][Test worker][DEBUG][RoutineRegistry] Lookup controller by key(8_302_), found controller(com.mpos.lottery.te.gameimpl.union.UnionController@f81b221) and method(public void com.mpos.lottery.te.gameimpl.union.UnionController.payout(com.mpos.lottery.te.port.Context,com.mpos.lottery.te.port.Context) throws com.mpos.lottery.te.config.exception.ApplicationException).
[2015-05-29 17:13:46,705][Test worker][DEBUG][DefaultTaxService] Calculate tax for amount:3000 based on threshold(com.mpos.lottery.te.gamespec.prize.TaxThreshold@39f19d40[id=WTT-1,taxPolicyId=TP-1,taxDateRange=com.mpos.lottery.te.gamespec.prize.TaxDateRange@1dd63ceb[id=TDR-1,beginDate=2009-03-20 21:00:00.0,endDate=2099-03-20 21:00:00.0],minAmount=1000,maxAmount=9999999999,ruleType=1,taxAmount=0.2,taxBase=1])...tax:500.00
[2015-05-29 17:13:46,710][Test worker][DEBUG][DefaultTaxService] Calculate tax for amount:5000000 based on threshold(com.mpos.lottery.te.gamespec.prize.TaxThreshold@39f19d40[id=WTT-1,taxPolicyId=TP-1,taxDateRange=com.mpos.lottery.te.gamespec.prize.TaxDateRange@1dd63ceb[id=TDR-1,beginDate=2009-03-20 21:00:00.0,endDate=2099-03-20 21:00:00.0],minAmount=1000,maxAmount=9999999999,ruleType=1,taxAmount=0.2,taxBase=1])...tax:833333.33
[2015-05-29 17:13:46,718][Test worker][DEBUG][DefaultTaxService] Calculate tax for amount:10000 based on threshold(com.mpos.lottery.te.gamespec.prize.TaxThreshold@39f19d40[id=WTT-1,taxPolicyId=TP-1,taxDateRange=com.mpos.lottery.te.gamespec.prize.TaxDateRange@1dd63ceb[id=TDR-1,beginDate=2009-03-20 21:00:00.0,endDate=2099-03-20 21:00:00.0],minAmount=1000,maxAmount=9999999999,ruleType=1,taxAmount=0.2,taxBase=1])...tax:1666.67
[2015-05-29 17:13:46,730][Test worker][DEBUG][DefaultTaxService] Calculate tax for amount:1000000 based on threshold(com.mpos.lottery.te.gamespec.prize.TaxThreshold@39f19d40[id=WTT-1,taxPolicyId=TP-1,taxDateRange=com.mpos.lottery.te.gamespec.prize.TaxDateRange@1dd63ceb[id=TDR-1,beginDate=2009-03-20 21:00:00.0,endDate=2099-03-20 21:00:00.0],minAmount=1000,maxAmount=9999999999,ruleType=1,taxAmount=0.2,taxBase=1])...tax:166666.67
[2015-05-29 17:13:46,739][Test worker][DEBUG][DefaultTaxService] Calculate tax for amount:50000 based on threshold(com.mpos.lottery.te.gamespec.prize.TaxThreshold@39f19d40[id=WTT-1,taxPolicyId=TP-1,taxDateRange=com.mpos.lottery.te.gamespec.prize.TaxDateRange@1dd63ceb[id=TDR-1,beginDate=2009-03-20 21:00:00.0,endDate=2099-03-20 21:00:00.0],minAmount=1000,maxAmount=9999999999,ruleType=1,taxAmount=0.2,taxBase=1])...tax:8333.33
[2015-05-29 17:13:46,747][Test worker][DEBUG][DefaultTaxService] Calculate tax for amount:50000 based on threshold(com.mpos.lottery.te.gamespec.prize.TaxThreshold@39f19d40[id=WTT-1,taxPolicyId=TP-1,taxDateRange=com.mpos.lottery.te.gamespec.prize.TaxDateRange@1dd63ceb[id=TDR-1,beginDate=2009-03-20 21:00:00.0,endDate=2099-03-20 21:00:00.0],minAmount=1000,maxAmount=9999999999,ruleType=1,taxAmount=0.2,taxBase=1])...tax:8333.33
[2015-05-29 17:13:46,754][Test worker][DEBUG][AbstractPrizeService] Handle winnings of lucky draw of ticket(serialNo:9pkxn/npytVqVbOF5fPlsg==), total 0 winning items found.
[2015-05-29 17:13:46,761][Test worker][DEBUG][MerchantServiceImpl] Use the payout-limit setting(max=10000000,min=100) of Operator(Operator [id=OPERATOR-111, loginName=OPERATOR-LOGIN, creditType=1, saleCreditLevel=200000000, payoutCreditLevel=1000, cashoutBalance=0, commisionBalance=0]) to verify payout limit.
[2015-05-29 17:13:46,761][Test worker][DEBUG][DefaultPayoutStrategyFactory] Usage payout strategy(com.mpos.lottery.te.gamespec.prize.support.payoutstrategy.RefundPayoutStrategy@71b3f9c) for payout mode:0
[2015-05-29 17:13:46,765][Test worker][DEBUG][DefaultCreditService] Calculate commssion for (merchant=111 +operator=OPERATOR-111,gameId=GAME-UNION-111,commType=1,commRate=0) 
[2015-05-29 17:13:46,776][Test worker][DEBUG][DefaultCreditService] The current credit level(before transaction) of Operator [id=OPERATOR-111, loginName=OPERATOR-LOGIN, creditType=1, saleCreditLevel=200000000, payoutCreditLevel=1000, cashoutBalance=0, commisionBalance=0] is saleCreditLevel:200000000,payoutCreditLevel:1000
[2015-05-29 17:13:46,776][Test worker][DEBUG][DefaultCreditService] The new payout credit level of Operator [id=OPERATOR-111, loginName=OPERATOR-LOGIN, creditType=1, saleCreditLevel=200000000, payoutCreditLevel=6030166.77, cashoutBalance=0, commisionBalance=0.000000] is 6030166.77
[2015-05-29 17:13:46,785][Test worker][DEBUG][CommonFacadeService] Prepare to publish message to exchange[TE.302] with routing key[TE.302.8]: id: "0115052900000000002196"
dev_id: "111"
operator_id: "OPERATOR-111"
merchant_id: "111"
create_time: 1432890826000
trans_type: 302
game_id: "GAME-UNION-111"
game_type: 8
total_amount: "6029166.77"

[2015-05-29 17:13:46,786][Test worker][DEBUG][CommonFacadeService] Publish message successfully
[2015-05-29 17:13:46,786][Test worker][DEBUG][MLotteryContext] find mapping file definition(xml-mapping/game/union/Payout_Res.xml) by key(8.transtype.4302).
[2015-05-29 17:13:46,786][Test worker][DEBUG][ProtocolSerializer] Start to serialize model(class com.mpos.lottery.te.gamespec.prize.web.PrizeDto),mappingFile=xml-mapping/game/union/Payout_Res.xml
[2015-05-29 17:13:46,786][Test worker][DEBUG][MLotteryContext] find mapping file definition(xml-mapping/game/union/Payout_Res.xml) by key(8.transtype.4302).
[2015-05-29 17:13:46,787][Test worker][DEBUG][CastorHelper] Finish marshaling input(typeclass com.mpos.lottery.te.gamespec.prize.web.PrizeDto, mappingFile=xml-mapping/game/union/Payout_Res.xml).
[2015-05-29 17:13:46,787][Test worker][DEBUG][ProtocolSerializer] Finish mac(macKey=P2Bbo6+bSSR9O2Qc89f3b4oHTyE1V2gF,macString=Protocal-Version:1.5|GPE_Id:GPE-111|Terminal-Id:111|Operator-Id:OPERATOR-111|Trans-BatchNumber:20150529|TractMsg-Id:1432890826646|Timestamp:20150529171346|Transaction-Type:4302|Transaction-Id:0115052900000000002196|Response-Code:200|<?xml version="1.0" encoding="UTF-8"?>
<Payout returnAmount="2500.1" luckyAmount="0" prizeAmount="7232000" taxAmount="1205333.33" actualAmount="6029166.77" mode="0"/>):76576c6a745c0d04f524de5b3da90849
[2015-05-29 17:13:46,787][Test worker][DEBUG][TEPortServlet] Write response to client(host1=localhost,sizeOfPack=224) succesfully.
[2015-05-29 17:13:46,788][Test worker][DEBUG][BaseServletIntegrationTest] Got response(code=200,length=224): <?xml version="1.0" encoding="UTF-8"?>
<Payout returnAmount="2500.1" luckyAmount="0" prizeAmount="7232000" taxAmount="1205333.33" actualAmount="6029166.77" mode="0"/>
[2015-05-29 17:13:46,788][Test worker][DEBUG][MLotteryContext] find mapping file definition(xml-mapping/game/union/Payout_Res.xml) by key(8.transtype.4302).
[2015-05-29 17:13:46,789][Test worker][DEBUG][MLotteryContext] find mapping file definition(xml-mapping/game/union/EnquiryPrize_Req.xml) by key(8.transtype.205).
[2015-05-29 17:13:46,798][Test worker][DEBUG][CastorHelper] Finish marshaling input(typeclass com.mpos.lottery.te.gameimpl.union.sale.UnionTicket, mappingFile=xml-mapping/game/union/EnquiryPrize_Req.xml).
[2015-05-29 17:13:46,798][Test worker][DEBUG][BaseServletIntegrationTest] Do MAC(key=P2Bbo6+bSSR9O2Qc89f3b4oHTyE1V2gF) on (Protocal-Version:1.5|GPE_Id:GPE-111|Terminal-Id:111|Operator-Id:OPERATOR-111|Trans-BatchNumber:20150529|TractMsg-Id:1432890826789|Timestamp:20150529171346|Transaction-Type:205|Transaction-Id:|Response-Code:|<?xml version="1.0" encoding="UTF-8"?>
<Ticket serialNo="S-123456" validationCode="111111"/>,hash=-874779867), get digest:e591a1a3f7fd304a2ede9a70e5539dd3
[2015-05-29 17:13:46,798][Test worker][DEBUG][TEPortServlet] Got request header(name=X-Transaction-Type, value=205).
[2015-05-29 17:13:46,798][Test worker][DEBUG][TEPortServlet] Got request header(name=X-Protocal-Version, value=1.5).
[2015-05-29 17:13:46,798][Test worker][DEBUG][TEPortServlet] Got request header(name=X-Timestamp, value=20150529171346).
[2015-05-29 17:13:46,798][Test worker][DEBUG][TEPortServlet] Got request header(name=X-GPE-Id, value=GPE-111).
[2015-05-29 17:13:46,798][Test worker][DEBUG][TEPortServlet] Got request header(name=X-Trace-Message-Id, value=1432890826789).
[2015-05-29 17:13:46,798][Test worker][DEBUG][TEPortServlet] Got request header(name=X-Operator-Id, value=OPERATOR-111).
[2015-05-29 17:13:46,799][Test worker][DEBUG][TEPortServlet] Got request header(name=X-Terminal-Id, value=111).
[2015-05-29 17:13:46,799][Test worker][DEBUG][TEPortServlet] Got request header(name=X-MAC, value=e591a1a3f7fd304a2ede9a70e5539dd3).
[2015-05-29 17:13:46,799][Test worker][DEBUG][TEPortServlet] Got request header(name=X-Game-Type-Id, value=8).
[2015-05-29 17:13:46,799][Test worker][DEBUG][TEPortServlet] Got request header(name=X-Trans-BatchNumber, value=20150529).
[2015-05-29 17:13:46,799][Test worker][DEBUG][TEPortServlet] Got request header(name=X-GPS-Location, value=40.714353,-74.005973).
[2015-05-29 17:13:46,799][Test worker][DEBUG][TEPortServlet] Got request from localhost, and the message body is:pq3FqO8HCcAnaobA+xpVnADmrnwj1vrK59BGhqvtskYFWTsa2cbe6ttFDFcpmi1MamgAomcAmY7ZtCcdDkhkRrCXDK2x4EDMo0KLMTKd7D9/oiuZDONWBtcYexf6q8QR.
[2015-05-29 17:13:46,799][Test worker][DEBUG][ProtocolSerializer] Start to deserialize request context(Protocal-Version:1.5|GPE_Id:GPE-111|Terminal-Id:111|Operator-Id:OPERATOR-111|Trans-BatchNumber:20150529|TractMsg-Id:1432890826789|Timestamp:20150529171346|Transaction-Type:205|Transaction-Id:|Response-Code:|).
[2015-05-29 17:13:46,799][Test worker][DEBUG][ProtocolSerializer] Finish decrypting cipher into original xml:<?xml version="1.0" encoding="UTF-8"?>
<Ticket serialNo="S-123456" validationCode="111111"/>
[2015-05-29 17:13:46,799][Test worker][DEBUG][ProtocolSerializer] Start to do MAC(key=P2Bbo6+bSSR9O2Qc89f3b4oHTyE1V2gF) on (Protocal-Version:1.5|GPE_Id:GPE-111|Terminal-Id:111|Operator-Id:OPERATOR-111|Trans-BatchNumber:20150529|TractMsg-Id:1432890826789|Timestamp:20150529171346|Transaction-Type:205|Transaction-Id:|Response-Code:|<?xml version="1.0" encoding="UTF-8"?>
<Ticket serialNo="S-123456" validationCode="111111"/>,hash=-874779867), get digest:e591a1a3f7fd304a2ede9a70e5539dd3
[2015-05-29 17:13:46,799][Test worker][DEBUG][MLotteryContext] find mapping file definition(xml-mapping/game/union/EnquiryPrize_Req.xml) by key(8.transtype.205).
[2015-05-29 17:13:46,799][Test worker][DEBUG][ProtocolSerializer] Start to deserialize model: model=null,mappingFile=xml-mapping/game/union/EnquiryPrize_Req.xml
[2015-05-29 17:13:46,799][Test worker][DEBUG][MLotteryContext] find mapping file definition(xml-mapping/game/union/EnquiryPrize_Req.xml) by key(8.transtype.205).
[2015-05-29 17:13:46,813][Test worker][DEBUG][RoutineRegistry] Try to lookup handler by routine key(8_205_1.5.0).
[2015-05-29 17:13:46,813][Test worker][DEBUG][RoutineRegistry] Try to lookup handler by routine key(8_205_).
[2015-05-29 17:13:46,813][Test worker][DEBUG][RoutineRegistry] Lookup controller by key(8_205_), found controller(com.mpos.lottery.te.gameimpl.union.UnionController@f81b221) and method(public void com.mpos.lottery.te.gameimpl.union.UnionController.confirmPayout(com.mpos.lottery.te.port.Context,com.mpos.lottery.te.port.Context) throws com.mpos.lottery.te.config.exception.ApplicationException).
[2015-05-29 17:13:46,817][Test worker][DEBUG][DefaultPayoutStrategyFactory] Usage payout strategy(com.mpos.lottery.te.gamespec.prize.support.payoutstrategy.RefundPayoutStrategy@71b3f9c) for payout mode:0
[2015-05-29 17:13:46,824][Test worker][DEBUG][CommonFacadeService] No need to publish AMQP message of transaction(CONFIRM_PAYOUT)
[2015-05-29 17:13:46,824][Test worker][DEBUG][ProtocolSerializer] Finish mac(macKey=P2Bbo6+bSSR9O2Qc89f3b4oHTyE1V2gF,macString=Protocal-Version:1.5|GPE_Id:GPE-111|Terminal-Id:111|Operator-Id:OPERATOR-111|Trans-BatchNumber:20150529|TractMsg-Id:1432890826789|Timestamp:20150529171346|Transaction-Type:4205|Transaction-Id:0115052900000000002202|Response-Code:200|):d3ed9f941a50b81dba25d1f5b120ddf0
[2015-05-29 17:13:46,824][Test worker][DEBUG][BaseServletIntegrationTest] Got response(code=200,length=0): 
[2015-05-29 17:13:46,841][Test worker][DEBUG][TEPortServlet] Startup job scheduer(org.quartz.impl.StdScheduler@4d1e5820) successfully.
[2015-05-29 17:13:46,841][Test worker][WARN ][TEPortServlet] can NOT find META file:F:\project\M.Lottery\TE\TRUNK_TE\sourcecode\build\classes\main\META-INF\MANIFEST.MF
[2015-05-29 17:13:46,841][Test worker][DEBUG][TEPortServlet] Register MBean(com.mpos.lottery.te.common.jmx.TransactionTimeout@7d2f3c6b) with name(com.mpos.lottery.te:type=TransactionTimeoutMBean) successfully.
[2015-05-29 17:13:46,842][Test worker][DEBUG][BaseTransactionalIntegrationTest] Retrieve a ApplicationContext(org.springframework.web.context.support.GenericWebApplicationContext@34f645a8: startup date [Fri May 29 17:12:38 CST 2015]; root of context hierarchy).
[2015-05-29 17:13:46,842][Test worker][INFO ][BaseTransactionalIntegrationTest] +------------------------------------------------------------------------------------------------------------------------+
[2015-05-29 17:13:46,842][Test worker][INFO ][BaseTransactionalIntegrationTest] | UnionPrizeConfirmationIntegrationTest.testConfirmRefund_PrintNewTicket_ByBarcode                                       |
[2015-05-29 17:13:46,842][Test worker][INFO ][BaseTransactionalIntegrationTest] +------------------------------------------------------------------------------------------------------------------------+
[2015-05-29 17:13:46,846][Test worker][DEBUG][MLotteryContext] find mapping file definition(xml-mapping/game/union/Payout_Req.xml) by key(8.transtype.302).
[2015-05-29 17:13:46,846][Test worker][DEBUG][CastorHelper] Finish marshaling input(typeclass com.mpos.lottery.te.gameimpl.union.sale.UnionTicket, mappingFile=xml-mapping/game/union/Payout_Req.xml).
[2015-05-29 17:13:46,847][Test worker][DEBUG][BaseServletIntegrationTest] Do MAC(key=P2Bbo6+bSSR9O2Qc89f3b4oHTyE1V2gF) on (Protocal-Version:1.5|GPE_Id:GPE-111|Terminal-Id:111|Operator-Id:OPERATOR-111|Trans-BatchNumber:20150529|TractMsg-Id:1432890826846|Timestamp:20150529171346|Transaction-Type:302|Transaction-Id:|Response-Code:|<?xml version="1.0" encoding="UTF-8"?>
<Ticket PIN="PIN-111" inputChannel="2" barcode="01cK/u9hwZY2Rogq4k24Oeg4G3HSlAl9EbjLdf+UJJlt/ITKo3ngns+4pjWl52Uuv1"/>,hash=1316979593), get digest:09cd511bdd806862b53b44af724de8b6
[2015-05-29 17:13:46,847][Test worker][DEBUG][TEPortServlet] Got request header(name=X-Transaction-Type, value=302).
[2015-05-29 17:13:46,847][Test worker][DEBUG][TEPortServlet] Got request header(name=X-Protocal-Version, value=1.5).
[2015-05-29 17:13:46,847][Test worker][DEBUG][TEPortServlet] Got request header(name=X-Timestamp, value=20150529171346).
[2015-05-29 17:13:46,847][Test worker][DEBUG][TEPortServlet] Got request header(name=X-GPE-Id, value=GPE-111).
[2015-05-29 17:13:46,847][Test worker][DEBUG][TEPortServlet] Got request header(name=X-Trace-Message-Id, value=1432890826846).
[2015-05-29 17:13:46,847][Test worker][DEBUG][TEPortServlet] Got request header(name=X-Operator-Id, value=OPERATOR-111).
[2015-05-29 17:13:46,847][Test worker][DEBUG][TEPortServlet] Got request header(name=X-Terminal-Id, value=111).
[2015-05-29 17:13:46,847][Test worker][DEBUG][TEPortServlet] Got request header(name=X-MAC, value=09cd511bdd806862b53b44af724de8b6).
[2015-05-29 17:13:46,847][Test worker][DEBUG][TEPortServlet] Got request header(name=X-Game-Type-Id, value=8).
[2015-05-29 17:13:46,847][Test worker][DEBUG][TEPortServlet] Got request header(name=X-Trans-BatchNumber, value=20150529).
[2015-05-29 17:13:46,847][Test worker][DEBUG][TEPortServlet] Got request header(name=X-GPS-Location, value=40.714353,-74.005973).
[2015-05-29 17:13:46,850][Test worker][DEBUG][TEPortServlet] Got request from localhost, and the message body is:pq3FqO8HCcAnaobA+xpVnADmrnwj1vrK59BGhqvtskYFWTsa2cbe6g3ATV2M8EBwLJrY5UIGw67yCNjiGVtCiEL9ZYCrfRq38aH13Lw8CR0O6QSz1iSqJrdA2OEKXoydxF6uP9WbgvNmCtQpSersET1CV/eHbNBJSZgbhcrrqKREseVs9aH2p/zuB/rhKREynLlnEoRatU7P9qlM0xAmbQ==.
[2015-05-29 17:13:46,850][Test worker][DEBUG][ProtocolSerializer] Start to deserialize request context(Protocal-Version:1.5|GPE_Id:GPE-111|Terminal-Id:111|Operator-Id:OPERATOR-111|Trans-BatchNumber:20150529|TractMsg-Id:1432890826846|Timestamp:20150529171346|Transaction-Type:302|Transaction-Id:|Response-Code:|).
[2015-05-29 17:13:46,850][Test worker][DEBUG][ProtocolSerializer] Finish decrypting cipher into original xml:<?xml version="1.0" encoding="UTF-8"?>
<Ticket PIN="PIN-111" inputChannel="2" barcode="01cK/u9hwZY2Rogq4k24Oeg4G3HSlAl9EbjLdf+UJJlt/ITKo3ngns+4pjWl52Uuv1"/>
[2015-05-29 17:13:46,851][Test worker][DEBUG][ProtocolSerializer] Start to do MAC(key=P2Bbo6+bSSR9O2Qc89f3b4oHTyE1V2gF) on (Protocal-Version:1.5|GPE_Id:GPE-111|Terminal-Id:111|Operator-Id:OPERATOR-111|Trans-BatchNumber:20150529|TractMsg-Id:1432890826846|Timestamp:20150529171346|Transaction-Type:302|Transaction-Id:|Response-Code:|<?xml version="1.0" encoding="UTF-8"?>
<Ticket PIN="PIN-111" inputChannel="2" barcode="01cK/u9hwZY2Rogq4k24Oeg4G3HSlAl9EbjLdf+UJJlt/ITKo3ngns+4pjWl52Uuv1"/>,hash=1316979593), get digest:09cd511bdd806862b53b44af724de8b6
[2015-05-29 17:13:46,851][Test worker][DEBUG][MLotteryContext] find mapping file definition(xml-mapping/game/union/Payout_Req.xml) by key(8.transtype.302).
[2015-05-29 17:13:46,851][Test worker][DEBUG][ProtocolSerializer] Start to deserialize model: model=null,mappingFile=xml-mapping/game/union/Payout_Req.xml
[2015-05-29 17:13:46,851][Test worker][DEBUG][MLotteryContext] find mapping file definition(xml-mapping/game/union/Payout_Req.xml) by key(8.transtype.302).
[2015-05-29 17:13:46,876][Test worker][DEBUG][RoutineRegistry] Try to lookup handler by routine key(8_302_1.5.0).
[2015-05-29 17:13:46,876][Test worker][DEBUG][RoutineRegistry] Try to lookup handler by routine key(8_302_).
[2015-05-29 17:13:46,876][Test worker][DEBUG][RoutineRegistry] Lookup controller by key(8_302_), found controller(com.mpos.lottery.te.gameimpl.union.UnionController@f81b221) and method(public void com.mpos.lottery.te.gameimpl.union.UnionController.payout(com.mpos.lottery.te.port.Context,com.mpos.lottery.te.port.Context) throws com.mpos.lottery.te.config.exception.ApplicationException).
[2015-05-29 17:13:46,913][Test worker][DEBUG][DefaultTaxService] Calculate tax for amount:3000 based on threshold(com.mpos.lottery.te.gamespec.prize.TaxThreshold@7a604a63[id=WTT-1,taxPolicyId=TP-1,taxDateRange=com.mpos.lottery.te.gamespec.prize.TaxDateRange@556891bd[id=TDR-1,beginDate=2009-03-20 21:00:00.0,endDate=2099-03-20 21:00:00.0],minAmount=1000,maxAmount=9999999999,ruleType=1,taxAmount=0.2,taxBase=1])...tax:500.00
[2015-05-29 17:13:46,919][Test worker][DEBUG][DefaultTaxService] Calculate tax for amount:5000000 based on threshold(com.mpos.lottery.te.gamespec.prize.TaxThreshold@7a604a63[id=WTT-1,taxPolicyId=TP-1,taxDateRange=com.mpos.lottery.te.gamespec.prize.TaxDateRange@556891bd[id=TDR-1,beginDate=2009-03-20 21:00:00.0,endDate=2099-03-20 21:00:00.0],minAmount=1000,maxAmount=9999999999,ruleType=1,taxAmount=0.2,taxBase=1])...tax:833333.33
[2015-05-29 17:13:46,924][Test worker][DEBUG][DefaultTaxService] Calculate tax for amount:10000 based on threshold(com.mpos.lottery.te.gamespec.prize.TaxThreshold@7a604a63[id=WTT-1,taxPolicyId=TP-1,taxDateRange=com.mpos.lottery.te.gamespec.prize.TaxDateRange@556891bd[id=TDR-1,beginDate=2009-03-20 21:00:00.0,endDate=2099-03-20 21:00:00.0],minAmount=1000,maxAmount=9999999999,ruleType=1,taxAmount=0.2,taxBase=1])...tax:1666.67
[2015-05-29 17:13:46,935][Test worker][DEBUG][DefaultTaxService] Calculate tax for amount:1000000 based on threshold(com.mpos.lottery.te.gamespec.prize.TaxThreshold@7a604a63[id=WTT-1,taxPolicyId=TP-1,taxDateRange=com.mpos.lottery.te.gamespec.prize.TaxDateRange@556891bd[id=TDR-1,beginDate=2009-03-20 21:00:00.0,endDate=2099-03-20 21:00:00.0],minAmount=1000,maxAmount=9999999999,ruleType=1,taxAmount=0.2,taxBase=1])...tax:166666.67
[2015-05-29 17:13:46,944][Test worker][DEBUG][DefaultTaxService] Calculate tax for amount:50000 based on threshold(com.mpos.lottery.te.gamespec.prize.TaxThreshold@7a604a63[id=WTT-1,taxPolicyId=TP-1,taxDateRange=com.mpos.lottery.te.gamespec.prize.TaxDateRange@556891bd[id=TDR-1,beginDate=2009-03-20 21:00:00.0,endDate=2099-03-20 21:00:00.0],minAmount=1000,maxAmount=9999999999,ruleType=1,taxAmount=0.2,taxBase=1])...tax:8333.33
[2015-05-29 17:13:46,953][Test worker][DEBUG][DefaultTaxService] Calculate tax for amount:50000 based on threshold(com.mpos.lottery.te.gamespec.prize.TaxThreshold@7a604a63[id=WTT-1,taxPolicyId=TP-1,taxDateRange=com.mpos.lottery.te.gamespec.prize.TaxDateRange@556891bd[id=TDR-1,beginDate=2009-03-20 21:00:00.0,endDate=2099-03-20 21:00:00.0],minAmount=1000,maxAmount=9999999999,ruleType=1,taxAmount=0.2,taxBase=1])...tax:8333.33
[2015-05-29 17:13:46,960][Test worker][DEBUG][AbstractPrizeService] Handle winnings of lucky draw of ticket(serialNo:9pkxn/npytVqVbOF5fPlsg==), total 0 winning items found.
[2015-05-29 17:13:46,968][Test worker][DEBUG][MerchantServiceImpl] Use the payout-limit setting(max=10000000,min=100) of Operator(Operator [id=OPERATOR-111, loginName=OPERATOR-LOGIN, creditType=1, saleCreditLevel=200000000, payoutCreditLevel=1000, cashoutBalance=0, commisionBalance=0]) to verify payout limit.
[2015-05-29 17:13:46,968][Test worker][DEBUG][DefaultPayoutStrategyFactory] Usage payout strategy(com.mpos.lottery.te.gamespec.prize.support.payoutstrategy.NewPrintPayoutStrategy@557acc4d) for payout mode:1
[2015-05-29 17:13:46,968][Test worker][DEBUG][UUIDServiceImpl] Assemble a new ticket serial number:01110745819300020004
[2015-05-29 17:13:46,994][Test worker][DEBUG][DefaultCreditService] Calculate commssion for (merchant=111 +operator=OPERATOR-111,gameId=GAME-UNION-111,commType=1,commRate=0) 
[2015-05-29 17:13:47,009][Test worker][DEBUG][DefaultCreditService] The current credit level(before transaction) of Operator [id=OPERATOR-111, loginName=OPERATOR-LOGIN, creditType=1, saleCreditLevel=200000000, payoutCreditLevel=1000, cashoutBalance=0, commisionBalance=0] is saleCreditLevel:200000000,payoutCreditLevel:1000
[2015-05-29 17:13:47,009][Test worker][DEBUG][DefaultCreditService] The new payout credit level of Operator [id=OPERATOR-111, loginName=OPERATOR-LOGIN, creditType=1, saleCreditLevel=200000000, payoutCreditLevel=6027666.67, cashoutBalance=0, commisionBalance=0.000000] is 6027666.67
[2015-05-29 17:13:47,019][Test worker][DEBUG][CommonFacadeService] Prepare to publish message to exchange[TE.302] with routing key[TE.302.8]: id: "0115052900000000002203"
dev_id: "111"
operator_id: "OPERATOR-111"
merchant_id: "111"
create_time: 1432890826000
trans_type: 302
game_id: "GAME-UNION-111"
game_type: 8
total_amount: "6026666.67"

[2015-05-29 17:13:47,019][Test worker][DEBUG][CommonFacadeService] Publish message successfully
[2015-05-29 17:13:47,019][Test worker][DEBUG][MLotteryContext] find mapping file definition(xml-mapping/game/union/Payout_Res.xml) by key(8.transtype.4302).
[2015-05-29 17:13:47,019][Test worker][DEBUG][ProtocolSerializer] Start to serialize model(class com.mpos.lottery.te.gamespec.prize.web.PrizeDto),mappingFile=xml-mapping/game/union/Payout_Res.xml
[2015-05-29 17:13:47,019][Test worker][DEBUG][MLotteryContext] find mapping file definition(xml-mapping/game/union/Payout_Res.xml) by key(8.transtype.4302).
[2015-05-29 17:13:47,021][Test worker][DEBUG][CastorHelper] Finish marshaling input(typeclass com.mpos.lottery.te.gamespec.prize.web.PrizeDto, mappingFile=xml-mapping/game/union/Payout_Res.xml).
[2015-05-29 17:13:47,021][Test worker][DEBUG][ProtocolSerializer] Finish mac(macKey=P2Bbo6+bSSR9O2Qc89f3b4oHTyE1V2gF,macString=Protocal-Version:1.5|GPE_Id:GPE-111|Terminal-Id:111|Operator-Id:OPERATOR-111|Trans-BatchNumber:20150529|TractMsg-Id:1432890826846|Timestamp:20150529171346|Transaction-Type:4302|Transaction-Id:0115052900000000002203|Response-Code:200|<?xml version="1.0" encoding="UTF-8"?>
<Payout luckyAmount="0" prizeAmount="7232000" taxAmount="1205333.33" actualAmount="6026666.67" mode="1"><Ticket multipleDraws="1" totalBets="1" totalAmount="2500.1" serialNo="01110745819300020004" type="1" lastDrawNo="20090408" barcode="08cK/u9hwZY2Rogq4k24Oeg4G3HSlAl9EbjLdf+UJJlt8eRiXxElYKcpBS5BK+gd9kZkVGe4uj4ms=" validationCode="023942"><GameDraw number="20090408" gameId="GAME-UNION-111" drawDate="20150530171215"/><Entry selectedNumber="1,2,3,4,5" betOption="3" inputChannel="0" entryAmount="100"/><Entry selectedNumber="1,2,3,4,5,6" betOption="1" inputChannel="0" entryAmount="100"/><Entry selectedNumber="1,2,3,4,5,6,7" betOption="2" inputChannel="0" entryAmount="100"/></Ticket></Payout>):4785122efa11ba8f197bbf4ed2ed653b
[2015-05-29 17:13:47,021][Test worker][DEBUG][TEPortServlet] Write response to client(host1=localhost,sizeOfPack=984) succesfully.
[2015-05-29 17:13:47,022][Test worker][DEBUG][BaseServletIntegrationTest] Got response(code=200,length=984): <?xml version="1.0" encoding="UTF-8"?>
<Payout luckyAmount="0" prizeAmount="7232000" taxAmount="1205333.33" actualAmount="6026666.67" mode="1"><Ticket multipleDraws="1" totalBets="1" totalAmount="2500.1" serialNo="01110745819300020004" type="1" lastDrawNo="20090408" barcode="08cK/u9hwZY2Rogq4k24Oeg4G3HSlAl9EbjLdf+UJJlt8eRiXxElYKcpBS5BK+gd9kZkVGe4uj4ms=" validationCode="023942"><GameDraw number="20090408" gameId="GAME-UNION-111" drawDate="20150530171215"/><Entry selectedNumber="1,2,3,4,5" betOption="3" inputChannel="0" entryAmount="100"/><Entry selectedNumber="1,2,3,4,5,6" betOption="1" inputChannel="0" entryAmount="100"/><Entry selectedNumber="1,2,3,4,5,6,7" betOption="2" inputChannel="0" entryAmount="100"/></Ticket></Payout>
[2015-05-29 17:13:47,022][Test worker][DEBUG][MLotteryContext] find mapping file definition(xml-mapping/game/union/Payout_Res.xml) by key(8.transtype.4302).
[2015-05-29 17:13:47,027][Test worker][DEBUG][MLotteryContext] find mapping file definition(xml-mapping/game/union/EnquiryPrize_Req.xml) by key(8.transtype.205).
[2015-05-29 17:13:47,027][Test worker][DEBUG][CastorHelper] Finish marshaling input(typeclass com.mpos.lottery.te.gameimpl.union.sale.UnionTicket, mappingFile=xml-mapping/game/union/EnquiryPrize_Req.xml).
[2015-05-29 17:13:47,028][Test worker][DEBUG][BaseServletIntegrationTest] Do MAC(key=P2Bbo6+bSSR9O2Qc89f3b4oHTyE1V2gF) on (Protocal-Version:1.5|GPE_Id:GPE-111|Terminal-Id:111|Operator-Id:OPERATOR-111|Trans-BatchNumber:20150529|TractMsg-Id:1432890827027|Timestamp:20150529171347|Transaction-Type:205|Transaction-Id:|Response-Code:|<?xml version="1.0" encoding="UTF-8"?>
<Ticket barcode="01cK/u9hwZY2Rogq4k24Oeg4G3HSlAl9EbjLdf+UJJlt/ITKo3ngns+4pjWl52Uuv1"/>,hash=-849777583), get digest:969c530ab5d2173f4d678384a24159f8
[2015-05-29 17:13:47,028][Test worker][DEBUG][TEPortServlet] Got request header(name=X-Transaction-Type, value=205).
[2015-05-29 17:13:47,028][Test worker][DEBUG][TEPortServlet] Got request header(name=X-Protocal-Version, value=1.5).
[2015-05-29 17:13:47,028][Test worker][DEBUG][TEPortServlet] Got request header(name=X-Timestamp, value=20150529171347).
[2015-05-29 17:13:47,028][Test worker][DEBUG][TEPortServlet] Got request header(name=X-GPE-Id, value=GPE-111).
[2015-05-29 17:13:47,028][Test worker][DEBUG][TEPortServlet] Got request header(name=X-Trace-Message-Id, value=1432890827027).
[2015-05-29 17:13:47,028][Test worker][DEBUG][TEPortServlet] Got request header(name=X-Operator-Id, value=OPERATOR-111).
[2015-05-29 17:13:47,028][Test worker][DEBUG][TEPortServlet] Got request header(name=X-Terminal-Id, value=111).
[2015-05-29 17:13:47,028][Test worker][DEBUG][TEPortServlet] Got request header(name=X-MAC, value=969c530ab5d2173f4d678384a24159f8).
[2015-05-29 17:13:47,028][Test worker][DEBUG][TEPortServlet] Got request header(name=X-Game-Type-Id, value=8).
[2015-05-29 17:13:47,028][Test worker][DEBUG][TEPortServlet] Got request header(name=X-Trans-BatchNumber, value=20150529).
[2015-05-29 17:13:47,028][Test worker][DEBUG][TEPortServlet] Got request header(name=X-GPS-Location, value=40.714353,-74.005973).
[2015-05-29 17:13:47,028][Test worker][DEBUG][TEPortServlet] Got request from localhost, and the message body is:pq3FqO8HCcAnaobA+xpVnADmrnwj1vrK59BGhqvtskYFWTsa2cbe6r42vivt1ydaNhhFpbZNUp42HNXzX244La5E2YGnt/yXdbBW+DIjtmX/HGUbtcvEDGZoWJ8PJ7qeTKcfwxMJS2QJhO0ZKSu5YhQ3MpmM9/VB5DX4Bhuc4A8=.
[2015-05-29 17:13:47,029][Test worker][DEBUG][ProtocolSerializer] Start to deserialize request context(Protocal-Version:1.5|GPE_Id:GPE-111|Terminal-Id:111|Operator-Id:OPERATOR-111|Trans-BatchNumber:20150529|TractMsg-Id:1432890827027|Timestamp:20150529171347|Transaction-Type:205|Transaction-Id:|Response-Code:|).
[2015-05-29 17:13:47,029][Test worker][DEBUG][ProtocolSerializer] Finish decrypting cipher into original xml:<?xml version="1.0" encoding="UTF-8"?>
<Ticket barcode="01cK/u9hwZY2Rogq4k24Oeg4G3HSlAl9EbjLdf+UJJlt/ITKo3ngns+4pjWl52Uuv1"/>
[2015-05-29 17:13:47,029][Test worker][DEBUG][ProtocolSerializer] Start to do MAC(key=P2Bbo6+bSSR9O2Qc89f3b4oHTyE1V2gF) on (Protocal-Version:1.5|GPE_Id:GPE-111|Terminal-Id:111|Operator-Id:OPERATOR-111|Trans-BatchNumber:20150529|TractMsg-Id:1432890827027|Timestamp:20150529171347|Transaction-Type:205|Transaction-Id:|Response-Code:|<?xml version="1.0" encoding="UTF-8"?>
<Ticket barcode="01cK/u9hwZY2Rogq4k24Oeg4G3HSlAl9EbjLdf+UJJlt/ITKo3ngns+4pjWl52Uuv1"/>,hash=-849777583), get digest:969c530ab5d2173f4d678384a24159f8
[2015-05-29 17:13:47,029][Test worker][DEBUG][MLotteryContext] find mapping file definition(xml-mapping/game/union/EnquiryPrize_Req.xml) by key(8.transtype.205).
[2015-05-29 17:13:47,029][Test worker][DEBUG][ProtocolSerializer] Start to deserialize model: model=null,mappingFile=xml-mapping/game/union/EnquiryPrize_Req.xml
[2015-05-29 17:13:47,029][Test worker][DEBUG][MLotteryContext] find mapping file definition(xml-mapping/game/union/EnquiryPrize_Req.xml) by key(8.transtype.205).
[2015-05-29 17:13:47,043][Test worker][DEBUG][RoutineRegistry] Try to lookup handler by routine key(8_205_1.5.0).
[2015-05-29 17:13:47,043][Test worker][DEBUG][RoutineRegistry] Try to lookup handler by routine key(8_205_).
[2015-05-29 17:13:47,043][Test worker][DEBUG][RoutineRegistry] Lookup controller by key(8_205_), found controller(com.mpos.lottery.te.gameimpl.union.UnionController@f81b221) and method(public void com.mpos.lottery.te.gameimpl.union.UnionController.confirmPayout(com.mpos.lottery.te.port.Context,com.mpos.lottery.te.port.Context) throws com.mpos.lottery.te.config.exception.ApplicationException).
[2015-05-29 17:13:47,047][Test worker][DEBUG][DefaultPayoutStrategyFactory] Usage payout strategy(com.mpos.lottery.te.gamespec.prize.support.payoutstrategy.NewPrintPayoutStrategy@557acc4d) for payout mode:1
[2015-05-29 17:13:47,056][Test worker][DEBUG][CommonFacadeService] No need to publish AMQP message of transaction(CONFIRM_PAYOUT)
[2015-05-29 17:13:47,056][Test worker][DEBUG][ProtocolSerializer] Finish mac(macKey=P2Bbo6+bSSR9O2Qc89f3b4oHTyE1V2gF,macString=Protocal-Version:1.5|GPE_Id:GPE-111|Terminal-Id:111|Operator-Id:OPERATOR-111|Trans-BatchNumber:20150529|TractMsg-Id:1432890827027|Timestamp:20150529171347|Transaction-Type:4205|Transaction-Id:0115052900000000002213|Response-Code:200|):48bcbaea6756cd67a79c5c8be18b9862
[2015-05-29 17:13:47,056][Test worker][DEBUG][BaseServletIntegrationTest] Got response(code=200,length=0): 
[2015-05-29 17:13:47,076][Test worker][DEBUG][TEPortServlet] Startup job scheduer(org.quartz.impl.StdScheduler@4d1e5820) successfully.
[2015-05-29 17:13:47,076][Test worker][WARN ][TEPortServlet] can NOT find META file:F:\project\M.Lottery\TE\TRUNK_TE\sourcecode\build\classes\main\META-INF\MANIFEST.MF
[2015-05-29 17:13:47,076][Test worker][DEBUG][TEPortServlet] Register MBean(com.mpos.lottery.te.common.jmx.TransactionTimeout@178f1840) with name(com.mpos.lottery.te:type=TransactionTimeoutMBean) successfully.
[2015-05-29 17:13:47,076][Test worker][DEBUG][BaseTransactionalIntegrationTest] Retrieve a ApplicationContext(org.springframework.web.context.support.GenericWebApplicationContext@34f645a8: startup date [Fri May 29 17:12:38 CST 2015]; root of context hierarchy).
[2015-05-29 17:13:47,077][Test worker][INFO ][BaseTransactionalIntegrationTest] +------------------------------------------------------------------------------------------------------------------------+
[2015-05-29 17:13:47,077][Test worker][INFO ][BaseTransactionalIntegrationTest] | UnionPrizeConfirmationIntegrationTest.testConfirmRefund_PrintNewTicket                                                 |
[2015-05-29 17:13:47,077][Test worker][INFO ][BaseTransactionalIntegrationTest] +------------------------------------------------------------------------------------------------------------------------+
[2015-05-29 17:13:47,080][Test worker][DEBUG][MLotteryContext] find mapping file definition(xml-mapping/game/union/Payout_Req.xml) by key(8.transtype.302).
[2015-05-29 17:13:47,081][Test worker][DEBUG][CastorHelper] Finish marshaling input(typeclass com.mpos.lottery.te.gameimpl.union.sale.UnionTicket, mappingFile=xml-mapping/game/union/Payout_Req.xml).
[2015-05-29 17:13:47,081][Test worker][DEBUG][BaseServletIntegrationTest] Do MAC(key=P2Bbo6+bSSR9O2Qc89f3b4oHTyE1V2gF) on (Protocal-Version:1.5|GPE_Id:GPE-111|Terminal-Id:111|Operator-Id:OPERATOR-111|Trans-BatchNumber:20150529|TractMsg-Id:1432890827080|Timestamp:20150529171347|Transaction-Type:302|Transaction-Id:|Response-Code:|<?xml version="1.0" encoding="UTF-8"?>
<Ticket serialNo="S-123456" PIN="PIN-111" inputChannel="2" validationCode="111111"/>,hash=572444550), get digest:dda3e38c1d992e4e7ec0241cc1dd7fa4
[2015-05-29 17:13:47,081][Test worker][DEBUG][TEPortServlet] Got request header(name=X-Transaction-Type, value=302).
[2015-05-29 17:13:47,081][Test worker][DEBUG][TEPortServlet] Got request header(name=X-Protocal-Version, value=1.5).
[2015-05-29 17:13:47,082][Test worker][DEBUG][TEPortServlet] Got request header(name=X-Timestamp, value=20150529171347).
[2015-05-29 17:13:47,082][Test worker][DEBUG][TEPortServlet] Got request header(name=X-GPE-Id, value=GPE-111).
[2015-05-29 17:13:47,082][Test worker][DEBUG][TEPortServlet] Got request header(name=X-Trace-Message-Id, value=1432890827080).
[2015-05-29 17:13:47,082][Test worker][DEBUG][TEPortServlet] Got request header(name=X-Operator-Id, value=OPERATOR-111).
[2015-05-29 17:13:47,082][Test worker][DEBUG][TEPortServlet] Got request header(name=X-Terminal-Id, value=111).
[2015-05-29 17:13:47,082][Test worker][DEBUG][TEPortServlet] Got request header(name=X-MAC, value=dda3e38c1d992e4e7ec0241cc1dd7fa4).
[2015-05-29 17:13:47,082][Test worker][DEBUG][TEPortServlet] Got request header(name=X-Game-Type-Id, value=8).
[2015-05-29 17:13:47,082][Test worker][DEBUG][TEPortServlet] Got request header(name=X-Trans-BatchNumber, value=20150529).
[2015-05-29 17:13:47,082][Test worker][DEBUG][TEPortServlet] Got request header(name=X-GPS-Location, value=40.714353,-74.005973).
[2015-05-29 17:13:47,085][Test worker][DEBUG][TEPortServlet] Got request from localhost, and the message body is:pq3FqO8HCcAnaobA+xpVnADmrnwj1vrK59BGhqvtskYFWTsa2cbe6ttFDFcpmi1MamgAomcAmY7ZtCcdDkhkRjtWjJyr8M54r482oPz68swv1cKZXs2giVvwATQyuGIl9ynITkM6n3FZYXMyvHDkvi+IB2e80VwqI7T2PcEAFnM=.
[2015-05-29 17:13:47,085][Test worker][DEBUG][ProtocolSerializer] Start to deserialize request context(Protocal-Version:1.5|GPE_Id:GPE-111|Terminal-Id:111|Operator-Id:OPERATOR-111|Trans-BatchNumber:20150529|TractMsg-Id:1432890827080|Timestamp:20150529171347|Transaction-Type:302|Transaction-Id:|Response-Code:|).
[2015-05-29 17:13:47,085][Test worker][DEBUG][ProtocolSerializer] Finish decrypting cipher into original xml:<?xml version="1.0" encoding="UTF-8"?>
<Ticket serialNo="S-123456" PIN="PIN-111" inputChannel="2" validationCode="111111"/>
[2015-05-29 17:13:47,085][Test worker][DEBUG][ProtocolSerializer] Start to do MAC(key=P2Bbo6+bSSR9O2Qc89f3b4oHTyE1V2gF) on (Protocal-Version:1.5|GPE_Id:GPE-111|Terminal-Id:111|Operator-Id:OPERATOR-111|Trans-BatchNumber:20150529|TractMsg-Id:1432890827080|Timestamp:20150529171347|Transaction-Type:302|Transaction-Id:|Response-Code:|<?xml version="1.0" encoding="UTF-8"?>
<Ticket serialNo="S-123456" PIN="PIN-111" inputChannel="2" validationCode="111111"/>,hash=572444550), get digest:dda3e38c1d992e4e7ec0241cc1dd7fa4
[2015-05-29 17:13:47,085][Test worker][DEBUG][MLotteryContext] find mapping file definition(xml-mapping/game/union/Payout_Req.xml) by key(8.transtype.302).
[2015-05-29 17:13:47,085][Test worker][DEBUG][ProtocolSerializer] Start to deserialize model: model=null,mappingFile=xml-mapping/game/union/Payout_Req.xml
[2015-05-29 17:13:47,086][Test worker][DEBUG][MLotteryContext] find mapping file definition(xml-mapping/game/union/Payout_Req.xml) by key(8.transtype.302).
[2015-05-29 17:13:47,100][Test worker][DEBUG][RoutineRegistry] Try to lookup handler by routine key(8_302_1.5.0).
[2015-05-29 17:13:47,101][Test worker][DEBUG][RoutineRegistry] Try to lookup handler by routine key(8_302_).
[2015-05-29 17:13:47,101][Test worker][DEBUG][RoutineRegistry] Lookup controller by key(8_302_), found controller(com.mpos.lottery.te.gameimpl.union.UnionController@f81b221) and method(public void com.mpos.lottery.te.gameimpl.union.UnionController.payout(com.mpos.lottery.te.port.Context,com.mpos.lottery.te.port.Context) throws com.mpos.lottery.te.config.exception.ApplicationException).
[2015-05-29 17:13:47,132][Test worker][DEBUG][DefaultTaxService] Calculate tax for amount:3000 based on threshold(com.mpos.lottery.te.gamespec.prize.TaxThreshold@48efc2b1[id=WTT-1,taxPolicyId=TP-1,taxDateRange=com.mpos.lottery.te.gamespec.prize.TaxDateRange@170f0b3a[id=TDR-1,beginDate=2009-03-20 21:00:00.0,endDate=2099-03-20 21:00:00.0],minAmount=1000,maxAmount=9999999999,ruleType=1,taxAmount=0.2,taxBase=1])...tax:500.00
[2015-05-29 17:13:47,137][Test worker][DEBUG][DefaultTaxService] Calculate tax for amount:5000000 based on threshold(com.mpos.lottery.te.gamespec.prize.TaxThreshold@48efc2b1[id=WTT-1,taxPolicyId=TP-1,taxDateRange=com.mpos.lottery.te.gamespec.prize.TaxDateRange@170f0b3a[id=TDR-1,beginDate=2009-03-20 21:00:00.0,endDate=2099-03-20 21:00:00.0],minAmount=1000,maxAmount=9999999999,ruleType=1,taxAmount=0.2,taxBase=1])...tax:833333.33
[2015-05-29 17:13:47,142][Test worker][DEBUG][DefaultTaxService] Calculate tax for amount:10000 based on threshold(com.mpos.lottery.te.gamespec.prize.TaxThreshold@48efc2b1[id=WTT-1,taxPolicyId=TP-1,taxDateRange=com.mpos.lottery.te.gamespec.prize.TaxDateRange@170f0b3a[id=TDR-1,beginDate=2009-03-20 21:00:00.0,endDate=2099-03-20 21:00:00.0],minAmount=1000,maxAmount=9999999999,ruleType=1,taxAmount=0.2,taxBase=1])...tax:1666.67
[2015-05-29 17:13:47,149][Test worker][DEBUG][DefaultTaxService] Calculate tax for amount:1000000 based on threshold(com.mpos.lottery.te.gamespec.prize.TaxThreshold@48efc2b1[id=WTT-1,taxPolicyId=TP-1,taxDateRange=com.mpos.lottery.te.gamespec.prize.TaxDateRange@170f0b3a[id=TDR-1,beginDate=2009-03-20 21:00:00.0,endDate=2099-03-20 21:00:00.0],minAmount=1000,maxAmount=9999999999,ruleType=1,taxAmount=0.2,taxBase=1])...tax:166666.67
[2015-05-29 17:13:47,155][Test worker][DEBUG][DefaultTaxService] Calculate tax for amount:50000 based on threshold(com.mpos.lottery.te.gamespec.prize.TaxThreshold@48efc2b1[id=WTT-1,taxPolicyId=TP-1,taxDateRange=com.mpos.lottery.te.gamespec.prize.TaxDateRange@170f0b3a[id=TDR-1,beginDate=2009-03-20 21:00:00.0,endDate=2099-03-20 21:00:00.0],minAmount=1000,maxAmount=9999999999,ruleType=1,taxAmount=0.2,taxBase=1])...tax:8333.33
[2015-05-29 17:13:47,159][Test worker][DEBUG][DefaultTaxService] Calculate tax for amount:50000 based on threshold(com.mpos.lottery.te.gamespec.prize.TaxThreshold@48efc2b1[id=WTT-1,taxPolicyId=TP-1,taxDateRange=com.mpos.lottery.te.gamespec.prize.TaxDateRange@170f0b3a[id=TDR-1,beginDate=2009-03-20 21:00:00.0,endDate=2099-03-20 21:00:00.0],minAmount=1000,maxAmount=9999999999,ruleType=1,taxAmount=0.2,taxBase=1])...tax:8333.33
[2015-05-29 17:13:47,163][Test worker][DEBUG][AbstractPrizeService] Handle winnings of lucky draw of ticket(serialNo:9pkxn/npytVqVbOF5fPlsg==), total 0 winning items found.
[2015-05-29 17:13:47,167][Test worker][DEBUG][MerchantServiceImpl] Use the payout-limit setting(max=10000000,min=100) of Operator(Operator [id=OPERATOR-111, loginName=OPERATOR-LOGIN, creditType=1, saleCreditLevel=200000000, payoutCreditLevel=1000, cashoutBalance=0, commisionBalance=0]) to verify payout limit.
[2015-05-29 17:13:47,167][Test worker][DEBUG][DefaultPayoutStrategyFactory] Usage payout strategy(com.mpos.lottery.te.gamespec.prize.support.payoutstrategy.NewPrintPayoutStrategy@557acc4d) for payout mode:1
[2015-05-29 17:13:47,168][Test worker][DEBUG][UUIDServiceImpl] Assemble a new ticket serial number:01110745819300020140
[2015-05-29 17:13:47,188][Test worker][DEBUG][DefaultCreditService] Calculate commssion for (merchant=111 +operator=OPERATOR-111,gameId=GAME-UNION-111,commType=1,commRate=0) 
[2015-05-29 17:13:47,206][Test worker][DEBUG][DefaultCreditService] The current credit level(before transaction) of Operator [id=OPERATOR-111, loginName=OPERATOR-LOGIN, creditType=1, saleCreditLevel=200000000, payoutCreditLevel=1000, cashoutBalance=0, commisionBalance=0] is saleCreditLevel:200000000,payoutCreditLevel:1000
[2015-05-29 17:13:47,206][Test worker][DEBUG][DefaultCreditService] The new payout credit level of Operator [id=OPERATOR-111, loginName=OPERATOR-LOGIN, creditType=1, saleCreditLevel=200000000, payoutCreditLevel=6027666.67, cashoutBalance=0, commisionBalance=0.000000] is 6027666.67
[2015-05-29 17:13:47,217][Test worker][DEBUG][CommonFacadeService] Prepare to publish message to exchange[TE.302] with routing key[TE.302.8]: id: "0115052900000000002214"
dev_id: "111"
operator_id: "OPERATOR-111"
merchant_id: "111"
create_time: 1432890827000
trans_type: 302
game_id: "GAME-UNION-111"
game_type: 8
total_amount: "6026666.67"

[2015-05-29 17:13:47,217][Test worker][DEBUG][CommonFacadeService] Publish message successfully
[2015-05-29 17:13:47,218][Test worker][DEBUG][MLotteryContext] find mapping file definition(xml-mapping/game/union/Payout_Res.xml) by key(8.transtype.4302).
[2015-05-29 17:13:47,218][Test worker][DEBUG][ProtocolSerializer] Start to serialize model(class com.mpos.lottery.te.gamespec.prize.web.PrizeDto),mappingFile=xml-mapping/game/union/Payout_Res.xml
[2015-05-29 17:13:47,218][Test worker][DEBUG][MLotteryContext] find mapping file definition(xml-mapping/game/union/Payout_Res.xml) by key(8.transtype.4302).
[2015-05-29 17:13:47,219][Test worker][DEBUG][CastorHelper] Finish marshaling input(typeclass com.mpos.lottery.te.gamespec.prize.web.PrizeDto, mappingFile=xml-mapping/game/union/Payout_Res.xml).
[2015-05-29 17:13:47,219][Test worker][DEBUG][ProtocolSerializer] Finish mac(macKey=P2Bbo6+bSSR9O2Qc89f3b4oHTyE1V2gF,macString=Protocal-Version:1.5|GPE_Id:GPE-111|Terminal-Id:111|Operator-Id:OPERATOR-111|Trans-BatchNumber:20150529|TractMsg-Id:1432890827080|Timestamp:20150529171347|Transaction-Type:4302|Transaction-Id:0115052900000000002214|Response-Code:200|<?xml version="1.0" encoding="UTF-8"?>
<Payout luckyAmount="0" prizeAmount="7232000" taxAmount="1205333.33" actualAmount="6026666.67" mode="1"><Ticket multipleDraws="1" totalBets="1" totalAmount="2500.1" serialNo="01110745819300020140" type="1" lastDrawNo="20090408" barcode="08cK/u9hwZY2Rogq4k24Oeg4G3HSlAl9EbjLdf+UJJlt8eRiXxElYKcpBS5BK+gd9kxC60HvUyAF4=" validationCode="906977"><GameDraw number="20090408" gameId="GAME-UNION-111" drawDate="20150530171215"/><Entry selectedNumber="1,2,3,4,5" betOption="3" inputChannel="0" entryAmount="100"/><Entry selectedNumber="1,2,3,4,5,6" betOption="1" inputChannel="0" entryAmount="100"/><Entry selectedNumber="1,2,3,4,5,6,7" betOption="2" inputChannel="0" entryAmount="100"/></Ticket></Payout>):9d7774d205e44ce3806b7200a04ee334
[2015-05-29 17:13:47,220][Test worker][DEBUG][TEPortServlet] Write response to client(host1=localhost,sizeOfPack=984) succesfully.
[2015-05-29 17:13:47,220][Test worker][DEBUG][BaseServletIntegrationTest] Got response(code=200,length=984): <?xml version="1.0" encoding="UTF-8"?>
<Payout luckyAmount="0" prizeAmount="7232000" taxAmount="1205333.33" actualAmount="6026666.67" mode="1"><Ticket multipleDraws="1" totalBets="1" totalAmount="2500.1" serialNo="01110745819300020140" type="1" lastDrawNo="20090408" barcode="08cK/u9hwZY2Rogq4k24Oeg4G3HSlAl9EbjLdf+UJJlt8eRiXxElYKcpBS5BK+gd9kxC60HvUyAF4=" validationCode="906977"><GameDraw number="20090408" gameId="GAME-UNION-111" drawDate="20150530171215"/><Entry selectedNumber="1,2,3,4,5" betOption="3" inputChannel="0" entryAmount="100"/><Entry selectedNumber="1,2,3,4,5,6" betOption="1" inputChannel="0" entryAmount="100"/><Entry selectedNumber="1,2,3,4,5,6,7" betOption="2" inputChannel="0" entryAmount="100"/></Ticket></Payout>
[2015-05-29 17:13:47,220][Test worker][DEBUG][MLotteryContext] find mapping file definition(xml-mapping/game/union/Payout_Res.xml) by key(8.transtype.4302).
[2015-05-29 17:13:47,226][Test worker][DEBUG][MLotteryContext] find mapping file definition(xml-mapping/game/union/EnquiryPrize_Req.xml) by key(8.transtype.205).
[2015-05-29 17:13:47,227][Test worker][DEBUG][CastorHelper] Finish marshaling input(typeclass com.mpos.lottery.te.gameimpl.union.sale.UnionTicket, mappingFile=xml-mapping/game/union/EnquiryPrize_Req.xml).
[2015-05-29 17:13:47,227][Test worker][DEBUG][BaseServletIntegrationTest] Do MAC(key=P2Bbo6+bSSR9O2Qc89f3b4oHTyE1V2gF) on (Protocal-Version:1.5|GPE_Id:GPE-111|Terminal-Id:111|Operator-Id:OPERATOR-111|Trans-BatchNumber:20150529|TractMsg-Id:1432890827226|Timestamp:20150529171347|Transaction-Type:205|Transaction-Id:|Response-Code:|<?xml version="1.0" encoding="UTF-8"?>
<Ticket serialNo="S-123456" validationCode="111111"/>,hash=2009795041), get digest:a5808c84245b242aa732bf7b53f38aea
[2015-05-29 17:13:47,227][Test worker][DEBUG][TEPortServlet] Got request header(name=X-Transaction-Type, value=205).
[2015-05-29 17:13:47,227][Test worker][DEBUG][TEPortServlet] Got request header(name=X-Protocal-Version, value=1.5).
[2015-05-29 17:13:47,227][Test worker][DEBUG][TEPortServlet] Got request header(name=X-Timestamp, value=20150529171347).
[2015-05-29 17:13:47,227][Test worker][DEBUG][TEPortServlet] Got request header(name=X-GPE-Id, value=GPE-111).
[2015-05-29 17:13:47,227][Test worker][DEBUG][TEPortServlet] Got request header(name=X-Trace-Message-Id, value=1432890827226).
[2015-05-29 17:13:47,227][Test worker][DEBUG][TEPortServlet] Got request header(name=X-Operator-Id, value=OPERATOR-111).
[2015-05-29 17:13:47,227][Test worker][DEBUG][TEPortServlet] Got request header(name=X-Terminal-Id, value=111).
[2015-05-29 17:13:47,227][Test worker][DEBUG][TEPortServlet] Got request header(name=X-MAC, value=a5808c84245b242aa732bf7b53f38aea).
[2015-05-29 17:13:47,227][Test worker][DEBUG][TEPortServlet] Got request header(name=X-Game-Type-Id, value=8).
[2015-05-29 17:13:47,227][Test worker][DEBUG][TEPortServlet] Got request header(name=X-Trans-BatchNumber, value=20150529).
[2015-05-29 17:13:47,228][Test worker][DEBUG][TEPortServlet] Got request header(name=X-GPS-Location, value=40.714353,-74.005973).
[2015-05-29 17:13:47,228][Test worker][DEBUG][TEPortServlet] Got request from localhost, and the message body is:pq3FqO8HCcAnaobA+xpVnADmrnwj1vrK59BGhqvtskYFWTsa2cbe6ttFDFcpmi1MamgAomcAmY7ZtCcdDkhkRrCXDK2x4EDMo0KLMTKd7D9/oiuZDONWBtcYexf6q8QR.
[2015-05-29 17:13:47,228][Test worker][DEBUG][ProtocolSerializer] Start to deserialize request context(Protocal-Version:1.5|GPE_Id:GPE-111|Terminal-Id:111|Operator-Id:OPERATOR-111|Trans-BatchNumber:20150529|TractMsg-Id:1432890827226|Timestamp:20150529171347|Transaction-Type:205|Transaction-Id:|Response-Code:|).
[2015-05-29 17:13:47,228][Test worker][DEBUG][ProtocolSerializer] Finish decrypting cipher into original xml:<?xml version="1.0" encoding="UTF-8"?>
<Ticket serialNo="S-123456" validationCode="111111"/>
[2015-05-29 17:13:47,228][Test worker][DEBUG][ProtocolSerializer] Start to do MAC(key=P2Bbo6+bSSR9O2Qc89f3b4oHTyE1V2gF) on (Protocal-Version:1.5|GPE_Id:GPE-111|Terminal-Id:111|Operator-Id:OPERATOR-111|Trans-BatchNumber:20150529|TractMsg-Id:1432890827226|Timestamp:20150529171347|Transaction-Type:205|Transaction-Id:|Response-Code:|<?xml version="1.0" encoding="UTF-8"?>
<Ticket serialNo="S-123456" validationCode="111111"/>,hash=2009795041), get digest:a5808c84245b242aa732bf7b53f38aea
[2015-05-29 17:13:47,228][Test worker][DEBUG][MLotteryContext] find mapping file definition(xml-mapping/game/union/EnquiryPrize_Req.xml) by key(8.transtype.205).
[2015-05-29 17:13:47,228][Test worker][DEBUG][ProtocolSerializer] Start to deserialize model: model=null,mappingFile=xml-mapping/game/union/EnquiryPrize_Req.xml
[2015-05-29 17:13:47,228][Test worker][DEBUG][MLotteryContext] find mapping file definition(xml-mapping/game/union/EnquiryPrize_Req.xml) by key(8.transtype.205).
[2015-05-29 17:13:47,240][Test worker][DEBUG][RoutineRegistry] Try to lookup handler by routine key(8_205_1.5.0).
[2015-05-29 17:13:47,240][Test worker][DEBUG][RoutineRegistry] Try to lookup handler by routine key(8_205_).
[2015-05-29 17:13:47,240][Test worker][DEBUG][RoutineRegistry] Lookup controller by key(8_205_), found controller(com.mpos.lottery.te.gameimpl.union.UnionController@f81b221) and method(public void com.mpos.lottery.te.gameimpl.union.UnionController.confirmPayout(com.mpos.lottery.te.port.Context,com.mpos.lottery.te.port.Context) throws com.mpos.lottery.te.config.exception.ApplicationException).
[2015-05-29 17:13:47,244][Test worker][DEBUG][DefaultPayoutStrategyFactory] Usage payout strategy(com.mpos.lottery.te.gamespec.prize.support.payoutstrategy.NewPrintPayoutStrategy@557acc4d) for payout mode:1
[2015-05-29 17:13:47,252][Test worker][DEBUG][CommonFacadeService] No need to publish AMQP message of transaction(CONFIRM_PAYOUT)
[2015-05-29 17:13:47,252][Test worker][DEBUG][ProtocolSerializer] Finish mac(macKey=P2Bbo6+bSSR9O2Qc89f3b4oHTyE1V2gF,macString=Protocal-Version:1.5|GPE_Id:GPE-111|Terminal-Id:111|Operator-Id:OPERATOR-111|Trans-BatchNumber:20150529|TractMsg-Id:1432890827226|Timestamp:20150529171347|Transaction-Type:4205|Transaction-Id:0115052900000000002224|Response-Code:200|):b03b95f87d73bea92b50e56090ec0f70
[2015-05-29 17:13:47,252][Test worker][DEBUG][BaseServletIntegrationTest] Got response(code=200,length=0): 
]]></system-out>
  <system-err><![CDATA[]]></system-err>
</testsuite>
