<?xml version="1.0" encoding="UTF-8"?>
<testsuite name="com.mpos.lottery.te.valueaddservice.airtime.SmartAirtimeTopupIntegrationTest" tests="7" skipped="0" failures="0" errors="0" timestamp="2015-05-29T09:14:38" hostname="Ramon-PC" time="0.498">
  <properties/>
  <testcase name="test_Topup_OK" classname="com.mpos.lottery.te.valueaddservice.airtime.SmartAirtimeTopupIntegrationTest" time="0.274"/>
  <testcase name="test_Topup_IllegalAmount_NotInRange" classname="com.mpos.lottery.te.valueaddservice.airtime.SmartAirtimeTopupIntegrationTest" time="0.03"/>
  <testcase name="test_Topup_NoGameAllocated" classname="com.mpos.lottery.te.valueaddservice.airtime.SmartAirtimeTopupIntegrationTest" time="0.033"/>
  <testcase name="test_Topup_InactiveGame" classname="com.mpos.lottery.te.valueaddservice.airtime.SmartAirtimeTopupIntegrationTest" time="0.03"/>
  <testcase name="test_Topup_IllegalAmount_NoStep" classname="com.mpos.lottery.te.valueaddservice.airtime.SmartAirtimeTopupIntegrationTest" time="0.033"/>
  <testcase name="test_Topup_Remote_Fail" classname="com.mpos.lottery.te.valueaddservice.airtime.SmartAirtimeTopupIntegrationTest" time="0.061"/>
  <testcase name="test_Topup_IllegalAmount_NoEnoughSaleBalance" classname="com.mpos.lottery.te.valueaddservice.airtime.SmartAirtimeTopupIntegrationTest" time="0.034"/>
  <system-out><![CDATA[[2015-05-29 17:14:38,671][Test worker][DEBUG][TEPortServlet] Startup job scheduer(org.quartz.impl.StdScheduler@4d1e5820) successfully.
[2015-05-29 17:14:38,671][Test worker][WARN ][TEPortServlet] can NOT find META file:F:\project\M.Lottery\TE\TRUNK_TE\sourcecode\build\classes\main\META-INF\MANIFEST.MF
[2015-05-29 17:14:38,671][Test worker][DEBUG][TEPortServlet] Register MBean(com.mpos.lottery.te.common.jmx.TransactionTimeout@5684de59) with name(com.mpos.lottery.te:type=TransactionTimeoutMBean) successfully.
[2015-05-29 17:14:38,672][Test worker][DEBUG][BaseTransactionalIntegrationTest] Retrieve a ApplicationContext(org.springframework.web.context.support.GenericWebApplicationContext@34f645a8: startup date [Fri May 29 17:12:38 CST 2015]; root of context hierarchy).
[2015-05-29 17:14:38,672][Test worker][INFO ][BaseTransactionalIntegrationTest] +------------------------------------------------------------------------------------------------------------------------+
[2015-05-29 17:14:38,672][Test worker][INFO ][BaseTransactionalIntegrationTest] | SmartAirtimeTopupIntegrationTest.test_Topup_OK                                                                         |
[2015-05-29 17:14:38,672][Test worker][INFO ][BaseTransactionalIntegrationTest] +------------------------------------------------------------------------------------------------------------------------+
[2015-05-29 17:14:38,675][Test worker][DEBUG][MLotteryContext] find mapping file definition(xml-mapping/vas/airtime/Topup_Req.xml) by key(transtype.455).
[2015-05-29 17:14:38,675][Test worker][DEBUG][CastorHelper] Finish marshaling input(typeclass com.mpos.lottery.te.valueaddservice.airtime.AirtimeTopup, mappingFile=xml-mapping/vas/airtime/Topup_Req.xml).
[2015-05-29 17:14:38,676][Test worker][DEBUG][BaseServletIntegrationTest] Do MAC(key=P2Bbo6+bSSR9O2Qc89f3b4oHTyE1V2gF) on (Protocal-Version:1.5|GPE_Id:GPE-111|Terminal-Id:111|Operator-Id:OPERATOR-111|Trans-BatchNumber:20150529|TractMsg-Id:1432890878675|Timestamp:20150529171438|Transaction-Type:455|Transaction-Id:|Response-Code:|<?xml version="1.0" encoding="UTF-8"?>
<AirtimeTopup mobile="13800138000" amount="0.01"><Game id="AIRTIME-SMART"/></AirtimeTopup>,hash=2097783178), get digest:e01ec46a0cfed8950377074736aeaad0
[2015-05-29 17:14:38,676][Test worker][DEBUG][TEPortServlet] Got request header(name=X-Transaction-Type, value=455).
[2015-05-29 17:14:38,676][Test worker][DEBUG][TEPortServlet] Got request header(name=X-Protocal-Version, value=1.5).
[2015-05-29 17:14:38,676][Test worker][DEBUG][TEPortServlet] Got request header(name=X-Timestamp, value=20150529171438).
[2015-05-29 17:14:38,676][Test worker][DEBUG][TEPortServlet] Got request header(name=X-GPE-Id, value=GPE-111).
[2015-05-29 17:14:38,676][Test worker][DEBUG][TEPortServlet] Got request header(name=X-Trace-Message-Id, value=1432890878675).
[2015-05-29 17:14:38,676][Test worker][DEBUG][TEPortServlet] Got request header(name=X-Operator-Id, value=OPERATOR-111).
[2015-05-29 17:14:38,676][Test worker][DEBUG][TEPortServlet] Got request header(name=X-Terminal-Id, value=111).
[2015-05-29 17:14:38,676][Test worker][DEBUG][TEPortServlet] Got request header(name=X-MAC, value=e01ec46a0cfed8950377074736aeaad0).
[2015-05-29 17:14:38,676][Test worker][DEBUG][TEPortServlet] Got request header(name=X-Game-Type-Id, value=1000).
[2015-05-29 17:14:38,676][Test worker][DEBUG][TEPortServlet] Got request header(name=X-Trans-BatchNumber, value=20150529).
[2015-05-29 17:14:38,676][Test worker][DEBUG][TEPortServlet] Got request header(name=X-GPS-Location, value=40.714353,-74.005973).
[2015-05-29 17:14:38,678][Test worker][DEBUG][TEPortServlet] Got request from localhost, and the message body is:pq3FqO8HCcAnaobA+xpVnADmrnwj1vrK59BGhqvtskYFWTsa2cbe6qqeM+/kjIzeKc3xm3Ymumpsff4aFq/h83ojgxzlzd9BP+cXcBO1fBwrOAILQUehdnLC23rlVeR1I90fhpGaYRYPJSFLqB+Y0q7faNtCAOYgpi5MoZ81bML8Cb4hDhXQZA==.
[2015-05-29 17:14:38,678][Test worker][DEBUG][ProtocolSerializer] Start to deserialize request context(Protocal-Version:1.5|GPE_Id:GPE-111|Terminal-Id:111|Operator-Id:OPERATOR-111|Trans-BatchNumber:20150529|TractMsg-Id:1432890878675|Timestamp:20150529171438|Transaction-Type:455|Transaction-Id:|Response-Code:|).
[2015-05-29 17:14:38,678][Test worker][DEBUG][ProtocolSerializer] Finish decrypting cipher into original xml:<?xml version="1.0" encoding="UTF-8"?>
<AirtimeTopup mobile="13800138000" amount="0.01"><Game id="AIRTIME-SMART"/></AirtimeTopup>
[2015-05-29 17:14:38,678][Test worker][DEBUG][ProtocolSerializer] Start to do MAC(key=P2Bbo6+bSSR9O2Qc89f3b4oHTyE1V2gF) on (Protocal-Version:1.5|GPE_Id:GPE-111|Terminal-Id:111|Operator-Id:OPERATOR-111|Trans-BatchNumber:20150529|TractMsg-Id:1432890878675|Timestamp:20150529171438|Transaction-Type:455|Transaction-Id:|Response-Code:|<?xml version="1.0" encoding="UTF-8"?>
<AirtimeTopup mobile="13800138000" amount="0.01"><Game id="AIRTIME-SMART"/></AirtimeTopup>,hash=2097783178), get digest:e01ec46a0cfed8950377074736aeaad0
[2015-05-29 17:14:38,678][Test worker][DEBUG][MLotteryContext] find mapping file definition(xml-mapping/vas/airtime/Topup_Req.xml) by key(transtype.455).
[2015-05-29 17:14:38,678][Test worker][DEBUG][ProtocolSerializer] Start to deserialize model: model=null,mappingFile=xml-mapping/vas/airtime/Topup_Req.xml
[2015-05-29 17:14:38,678][Test worker][DEBUG][MLotteryContext] find mapping file definition(xml-mapping/vas/airtime/Topup_Req.xml) by key(transtype.455).
[2015-05-29 17:14:38,687][Test worker][DEBUG][RoutineRegistry] Try to lookup handler by routine key(1000_455_1.5.0).
[2015-05-29 17:14:38,687][Test worker][DEBUG][RoutineRegistry] Try to lookup handler by routine key(1000_455_).
[2015-05-29 17:14:38,687][Test worker][DEBUG][RoutineRegistry] Try to lookup handler by routine key(-1_455_).
[2015-05-29 17:14:38,687][Test worker][DEBUG][RoutineRegistry] Lookup controller by key(-1_455_), found controller(com.mpos.lottery.te.valueaddservice.airtime.AirtimeController@52b28256) and method(public void com.mpos.lottery.te.valueaddservice.airtime.AirtimeController.topup(com.mpos.lottery.te.port.Context,com.mpos.lottery.te.port.Context) throws com.mpos.lottery.te.config.exception.ApplicationException).
[2015-05-29 17:14:38,691][Test worker][DEBUG][DefaultBalanceService] Found the balance node(Operator [id=OPERATOR-111, loginName=OPERATOR-LOGIN, creditType=1, saleCreditLevel=200000000, payoutCreditLevel=1000, cashoutBalance=0, commisionBalance=0])
[2015-05-29 17:14:38,693][Test worker][DEBUG][AirtimeProviderFactory] Found AirtimeProvider(com.mpos.lottery.te.valueaddservice.airtime.support.spi.smart.SmartAirtimeProvider@8a592b9) for airtime provider 2
[2015-05-29 17:14:38,693][Test worker][DEBUG][SmartAirtimeProvider] [SMART Request] <soapenv:Envelope xmlns:soapenv="http://schemas.xmlsoap.org/soap/envelope/" xmlns:com="http://sdf.cellc.net/commonDataModel">   <soapenv:Header/>   <soapenv:Body>      <com:SDF_Data>         <com:header>            <com:processTypeID>8798</com:processTypeID>            <com:externalReference>14328908786937009</com:externalReference>            <com:sourceID>33613195</com:sourceID>            <com:username>CM6 Lottery</com:username>            <com:password>Y202U01AcA==</com:password>            <com:processFlag>1</com:processFlag>         </com:header>         <com:parameters name="">            <com:parameter name="RechargeType">1010</com:parameter>            <com:parameter name="MSISDN">13800138000</com:parameter>            <com:parameter name="Amount">1</com:parameter>            <com:parameter name="Channel_ID">35</com:parameter>         </com:parameters>      </com:SDF_Data>   </soapenv:Body></soapenv:Envelope>
[2015-05-29 17:14:38,726][Test worker][DEBUG][SmartAirtimeProvider] [Smart Response] <?xml version="1.0" encoding="UTF-8"?>
<soapenv:Envelope xmlns:soapenv="http://schemas.xmlsoap.org/soap/envelope/" xmlns:com="http://sdf.cellc.net/commonDataModel">   <soapenv:Header/>   <soapenv:Body>      <com:SDF_Data>         <com:header>            <com:processTypeID>8798</com:processTypeID>            <com:externalReference>14328908786937009</com:externalReference>            <com:sourceID>33613195</com:sourceID>            <com:username>CM6 Lottery</com:username>            <com:password>Y202U01AcA==</com:password>            <com:processFlag>1</com:processFlag>         </com:header>         <com:parameters name="">            <com:parameter name="RechargeType">1010</com:parameter>            <com:parameter name="MSISDN">13800138000</com:parameter>            <com:parameter name="Amount">1</com:parameter>            <com:parameter name="Channel_ID">35</com:parameter>         </com:parameters>      <com:result><com:statusCode>0</com:statusCode><com:errorCode>0</com:errorCode><com:errorDescription>Successful Transaction 0508155235053561</com:errorDescription><com:instanceId>0508155235053561</com:instanceId></com:result></com:SDF_Data>   </soapenv:Body></soapenv:Envelope>

[2015-05-29 17:14:38,901][Test worker][DEBUG][DefaultBalanceService] Operator before transaction -  Operator [id=OPERATOR-111, loginName=OPERATOR-LOGIN, creditType=1, saleCreditLevel=200000000, payoutCreditLevel=1000, cashoutBalance=0, commisionBalance=0]
[2015-05-29 17:14:38,901][Test worker][DEBUG][DefaultBalanceService] Found balance strategy:com.mpos.lottery.te.merchant.service.balance.SaleBalanceStrategy@e1f8aba
[2015-05-29 17:14:38,901][Test worker][DEBUG][DefaultBalanceService] Operator after transaction -  Operator [id=OPERATOR-111, loginName=OPERATOR-LOGIN, creditType=1, saleCreditLevel=199999999.99, payoutCreditLevel=1000, cashoutBalance=0, commisionBalance=0]
[2015-05-29 17:14:38,911][Test worker][DEBUG][CommonFacadeService] Prepare to publish message to exchange[TE.455] with routing key[TE.455.1000]: id: "0115052900000000002368"
dev_id: "111"
operator_id: "OPERATOR-111"
merchant_id: "111"
create_time: 1432890878000
trans_type: 455
game_id: "AIRTIME-SMART"
game_type: 1000
total_amount: "0.01"

[2015-05-29 17:14:38,911][Test worker][DEBUG][CommonFacadeService] Publish message successfully
[2015-05-29 17:14:38,912][Test worker][DEBUG][MLotteryContext] find mapping file definition(xml-mapping/vas/airtime/Topup_Resp.xml) by key(transtype.4455).
[2015-05-29 17:14:38,912][Test worker][DEBUG][ProtocolSerializer] Start to serialize model(class com.mpos.lottery.te.valueaddservice.airtime.AirtimeTopup),mappingFile=xml-mapping/vas/airtime/Topup_Resp.xml
[2015-05-29 17:14:38,912][Test worker][DEBUG][MLotteryContext] find mapping file definition(xml-mapping/vas/airtime/Topup_Resp.xml) by key(transtype.4455).
[2015-05-29 17:14:38,912][Test worker][DEBUG][CastorHelper] Finish marshaling input(typeclass com.mpos.lottery.te.valueaddservice.airtime.AirtimeTopup, mappingFile=xml-mapping/vas/airtime/Topup_Resp.xml).
[2015-05-29 17:14:38,912][Test worker][DEBUG][ProtocolSerializer] Finish mac(macKey=P2Bbo6+bSSR9O2Qc89f3b4oHTyE1V2gF,macString=Protocal-Version:1.5|GPE_Id:GPE-111|Terminal-Id:111|Operator-Id:OPERATOR-111|Trans-BatchNumber:20150529|TractMsg-Id:1432890878675|Timestamp:20150529171438|Transaction-Type:4455|Transaction-Id:0115052900000000002368|Response-Code:200|<?xml version="1.0" encoding="UTF-8"?>
<AirtimeTopup mobile="13800138000" amount="0.01" status="1"><Game id="AIRTIME-SMART"/></AirtimeTopup>):497a7f18fae77374e4cadab0f5c6bd2c
[2015-05-29 17:14:38,913][Test worker][DEBUG][TEPortServlet] Write response to client(host1=localhost,sizeOfPack=192) succesfully.
[2015-05-29 17:14:38,913][Test worker][DEBUG][BaseServletIntegrationTest] Got response(code=200,length=192): <?xml version="1.0" encoding="UTF-8"?>
<AirtimeTopup mobile="13800138000" amount="0.01" status="1"><Game id="AIRTIME-SMART"/></AirtimeTopup>
[2015-05-29 17:14:38,913][Test worker][DEBUG][MLotteryContext] find mapping file definition(xml-mapping/vas/airtime/Topup_Resp.xml) by key(transtype.4455).
[2015-05-29 17:14:38,931][Test worker][DEBUG][TEPortServlet] Startup job scheduer(org.quartz.impl.StdScheduler@4d1e5820) successfully.
[2015-05-29 17:14:38,931][Test worker][WARN ][TEPortServlet] can NOT find META file:F:\project\M.Lottery\TE\TRUNK_TE\sourcecode\build\classes\main\META-INF\MANIFEST.MF
[2015-05-29 17:14:38,932][Test worker][DEBUG][TEPortServlet] Register MBean(com.mpos.lottery.te.common.jmx.TransactionTimeout@561820ab) with name(com.mpos.lottery.te:type=TransactionTimeoutMBean) successfully.
[2015-05-29 17:14:38,932][Test worker][DEBUG][BaseTransactionalIntegrationTest] Retrieve a ApplicationContext(org.springframework.web.context.support.GenericWebApplicationContext@34f645a8: startup date [Fri May 29 17:12:38 CST 2015]; root of context hierarchy).
[2015-05-29 17:14:38,932][Test worker][INFO ][BaseTransactionalIntegrationTest] +------------------------------------------------------------------------------------------------------------------------+
[2015-05-29 17:14:38,932][Test worker][INFO ][BaseTransactionalIntegrationTest] | SmartAirtimeTopupIntegrationTest.test_Topup_IllegalAmount_NotInRange                                                   |
[2015-05-29 17:14:38,932][Test worker][INFO ][BaseTransactionalIntegrationTest] +------------------------------------------------------------------------------------------------------------------------+
[2015-05-29 17:14:38,932][Test worker][DEBUG][MLotteryContext] find mapping file definition(xml-mapping/vas/airtime/Topup_Req.xml) by key(transtype.455).
[2015-05-29 17:14:38,933][Test worker][DEBUG][CastorHelper] Finish marshaling input(typeclass com.mpos.lottery.te.valueaddservice.airtime.AirtimeTopup, mappingFile=xml-mapping/vas/airtime/Topup_Req.xml).
[2015-05-29 17:14:38,933][Test worker][DEBUG][BaseServletIntegrationTest] Do MAC(key=P2Bbo6+bSSR9O2Qc89f3b4oHTyE1V2gF) on (Protocal-Version:1.5|GPE_Id:GPE-111|Terminal-Id:111|Operator-Id:OPERATOR-111|Trans-BatchNumber:20150529|TractMsg-Id:1432890878932|Timestamp:20150529171438|Transaction-Type:455|Transaction-Id:|Response-Code:|<?xml version="1.0" encoding="UTF-8"?>
<AirtimeTopup mobile="13800138000" amount="101.0"><Game id="AIRTIME-SMART"/></AirtimeTopup>,hash=627424339), get digest:02326035f4e7de7d75a9a45fff4c5f40
[2015-05-29 17:14:38,933][Test worker][DEBUG][TEPortServlet] Got request header(name=X-Transaction-Type, value=455).
[2015-05-29 17:14:38,933][Test worker][DEBUG][TEPortServlet] Got request header(name=X-Protocal-Version, value=1.5).
[2015-05-29 17:14:38,933][Test worker][DEBUG][TEPortServlet] Got request header(name=X-Timestamp, value=20150529171438).
[2015-05-29 17:14:38,933][Test worker][DEBUG][TEPortServlet] Got request header(name=X-GPE-Id, value=GPE-111).
[2015-05-29 17:14:38,933][Test worker][DEBUG][TEPortServlet] Got request header(name=X-Trace-Message-Id, value=1432890878932).
[2015-05-29 17:14:38,933][Test worker][DEBUG][TEPortServlet] Got request header(name=X-Operator-Id, value=OPERATOR-111).
[2015-05-29 17:14:38,933][Test worker][DEBUG][TEPortServlet] Got request header(name=X-Terminal-Id, value=111).
[2015-05-29 17:14:38,933][Test worker][DEBUG][TEPortServlet] Got request header(name=X-MAC, value=02326035f4e7de7d75a9a45fff4c5f40).
[2015-05-29 17:14:38,934][Test worker][DEBUG][TEPortServlet] Got request header(name=X-Game-Type-Id, value=1000).
[2015-05-29 17:14:38,934][Test worker][DEBUG][TEPortServlet] Got request header(name=X-Trans-BatchNumber, value=20150529).
[2015-05-29 17:14:38,934][Test worker][DEBUG][TEPortServlet] Got request header(name=X-GPS-Location, value=40.714353,-74.005973).
[2015-05-29 17:14:38,935][Test worker][DEBUG][TEPortServlet] Got request from localhost, and the message body is:pq3FqO8HCcAnaobA+xpVnADmrnwj1vrK59BGhqvtskYFWTsa2cbe6qqeM+/kjIzeKc3xm3Ymumpsff4aFq/h83ojgxzlzd9BP+cXcBO1fBx8oKPRuevf18qiS4LYixq1fgxnPbnCPNer8NkwJs6mLaCPK8BpWV6P9G2Ysu2wSiSky5W82L+k1Q==.
[2015-05-29 17:14:38,935][Test worker][DEBUG][ProtocolSerializer] Start to deserialize request context(Protocal-Version:1.5|GPE_Id:GPE-111|Terminal-Id:111|Operator-Id:OPERATOR-111|Trans-BatchNumber:20150529|TractMsg-Id:1432890878932|Timestamp:20150529171438|Transaction-Type:455|Transaction-Id:|Response-Code:|).
[2015-05-29 17:14:38,935][Test worker][DEBUG][ProtocolSerializer] Finish decrypting cipher into original xml:<?xml version="1.0" encoding="UTF-8"?>
<AirtimeTopup mobile="13800138000" amount="101.0"><Game id="AIRTIME-SMART"/></AirtimeTopup>
[2015-05-29 17:14:38,935][Test worker][DEBUG][ProtocolSerializer] Start to do MAC(key=P2Bbo6+bSSR9O2Qc89f3b4oHTyE1V2gF) on (Protocal-Version:1.5|GPE_Id:GPE-111|Terminal-Id:111|Operator-Id:OPERATOR-111|Trans-BatchNumber:20150529|TractMsg-Id:1432890878932|Timestamp:20150529171438|Transaction-Type:455|Transaction-Id:|Response-Code:|<?xml version="1.0" encoding="UTF-8"?>
<AirtimeTopup mobile="13800138000" amount="101.0"><Game id="AIRTIME-SMART"/></AirtimeTopup>,hash=627424339), get digest:02326035f4e7de7d75a9a45fff4c5f40
[2015-05-29 17:14:38,936][Test worker][DEBUG][MLotteryContext] find mapping file definition(xml-mapping/vas/airtime/Topup_Req.xml) by key(transtype.455).
[2015-05-29 17:14:38,936][Test worker][DEBUG][ProtocolSerializer] Start to deserialize model: model=null,mappingFile=xml-mapping/vas/airtime/Topup_Req.xml
[2015-05-29 17:14:38,936][Test worker][DEBUG][MLotteryContext] find mapping file definition(xml-mapping/vas/airtime/Topup_Req.xml) by key(transtype.455).
[2015-05-29 17:14:38,947][Test worker][DEBUG][RoutineRegistry] Try to lookup handler by routine key(1000_455_1.5.0).
[2015-05-29 17:14:38,947][Test worker][DEBUG][RoutineRegistry] Try to lookup handler by routine key(1000_455_).
[2015-05-29 17:14:38,947][Test worker][DEBUG][RoutineRegistry] Try to lookup handler by routine key(-1_455_).
[2015-05-29 17:14:38,947][Test worker][DEBUG][RoutineRegistry] Lookup controller by key(-1_455_), found controller(com.mpos.lottery.te.valueaddservice.airtime.AirtimeController@52b28256) and method(public void com.mpos.lottery.te.valueaddservice.airtime.AirtimeController.topup(com.mpos.lottery.te.port.Context,com.mpos.lottery.te.port.Context) throws com.mpos.lottery.te.config.exception.ApplicationException).
[2015-05-29 17:14:38,952][Test worker][ERROR][TEPortServlet] The amount must be in range(0,100), however the amount is 101.0
com.mpos.lottery.te.config.exception.ApplicationException: The amount must be in range(0,100), however the amount is 101.0
	at com.mpos.lottery.te.valueaddservice.airtime.service.MultiProviderAirtimeService.verifyGameParameter(MultiProviderAirtimeService.java:220)
	at com.mpos.lottery.te.valueaddservice.airtime.service.MultiProviderAirtimeService.topup(MultiProviderAirtimeService.java:76)
	at sun.reflect.NativeMethodAccessorImpl.invoke0(Native Method)
	at sun.reflect.NativeMethodAccessorImpl.invoke(NativeMethodAccessorImpl.java:57)
	at sun.reflect.DelegatingMethodAccessorImpl.invoke(DelegatingMethodAccessorImpl.java:43)
	at java.lang.reflect.Method.invoke(Method.java:606)
	at org.springframework.aop.support.AopUtils.invokeJoinpointUsingReflection(AopUtils.java:317)
	at org.springframework.aop.framework.ReflectiveMethodInvocation.invokeJoinpoint(ReflectiveMethodInvocation.java:190)
	at org.springframework.aop.framework.ReflectiveMethodInvocation.proceed(ReflectiveMethodInvocation.java:157)
	at org.springframework.transaction.interceptor.TransactionInterceptor$1.proceedWithInvocation(TransactionInterceptor.java:98)
	at org.springframework.transaction.interceptor.TransactionAspectSupport.invokeWithinTransaction(TransactionAspectSupport.java:262)
	at org.springframework.transaction.interceptor.TransactionInterceptor.invoke(TransactionInterceptor.java:95)
	at org.springframework.aop.framework.ReflectiveMethodInvocation.proceed(ReflectiveMethodInvocation.java:179)
	at org.springframework.aop.interceptor.ExposeInvocationInterceptor.invoke(ExposeInvocationInterceptor.java:92)
	at org.springframework.aop.framework.ReflectiveMethodInvocation.proceed(ReflectiveMethodInvocation.java:179)
	at org.springframework.aop.framework.JdkDynamicAopProxy.invoke(JdkDynamicAopProxy.java:207)
	at com.sun.proxy.$Proxy75.topup(Unknown Source)
	at com.mpos.lottery.te.valueaddservice.airtime.AirtimeController.topup(AirtimeController.java:24)
	at sun.reflect.NativeMethodAccessorImpl.invoke0(Native Method)
	at sun.reflect.NativeMethodAccessorImpl.invoke(NativeMethodAccessorImpl.java:57)
	at sun.reflect.DelegatingMethodAccessorImpl.invoke(DelegatingMethodAccessorImpl.java:43)
	at java.lang.reflect.Method.invoke(Method.java:606)
	at com.mpos.lottery.common.router.RoutineRegistry.route(RoutineRegistry.java:57)
	at com.mpos.lottery.te.port.service.CommonFacadeService.routeRequest(CommonFacadeService.java:237)
	at com.mpos.lottery.te.port.service.CommonFacadeService.facade(CommonFacadeService.java:96)
	at sun.reflect.GeneratedMethodAccessor83.invoke(Unknown Source)
	at sun.reflect.DelegatingMethodAccessorImpl.invoke(DelegatingMethodAccessorImpl.java:43)
	at java.lang.reflect.Method.invoke(Method.java:606)
	at org.springframework.aop.support.AopUtils.invokeJoinpointUsingReflection(AopUtils.java:317)
	at org.springframework.aop.framework.ReflectiveMethodInvocation.invokeJoinpoint(ReflectiveMethodInvocation.java:190)
	at org.springframework.aop.framework.ReflectiveMethodInvocation.proceed(ReflectiveMethodInvocation.java:157)
	at org.springframework.transaction.interceptor.TransactionInterceptor$1.proceedWithInvocation(TransactionInterceptor.java:98)
	at org.springframework.transaction.interceptor.TransactionAspectSupport.invokeWithinTransaction(TransactionAspectSupport.java:262)
	at org.springframework.transaction.interceptor.TransactionInterceptor.invoke(TransactionInterceptor.java:95)
	at org.springframework.aop.framework.ReflectiveMethodInvocation.proceed(ReflectiveMethodInvocation.java:179)
	at org.springframework.aop.interceptor.ExposeInvocationInterceptor.invoke(ExposeInvocationInterceptor.java:92)
	at org.springframework.aop.framework.ReflectiveMethodInvocation.proceed(ReflectiveMethodInvocation.java:179)
	at org.springframework.aop.framework.JdkDynamicAopProxy.invoke(JdkDynamicAopProxy.java:207)
	at com.sun.proxy.$Proxy85.facade(Unknown Source)
	at com.mpos.lottery.te.port.TEPortServlet.doPost(TEPortServlet.java:121)
	at com.mpos.lottery.te.test.integration.BaseServletIntegrationTest.doPost(BaseServletIntegrationTest.java:80)
	at com.mpos.lottery.te.valueaddservice.airtime.SmartAirtimeTopupIntegrationTest.test_Topup_IllegalAmount_NotInRange(SmartAirtimeTopupIntegrationTest.java:195)
	at sun.reflect.NativeMethodAccessorImpl.invoke0(Native Method)
	at sun.reflect.NativeMethodAccessorImpl.invoke(NativeMethodAccessorImpl.java:57)
	at sun.reflect.DelegatingMethodAccessorImpl.invoke(DelegatingMethodAccessorImpl.java:43)
	at java.lang.reflect.Method.invoke(Method.java:606)
	at org.junit.runners.model.FrameworkMethod$1.runReflectiveCall(FrameworkMethod.java:47)
	at org.junit.internal.runners.model.ReflectiveCallable.run(ReflectiveCallable.java:12)
	at org.junit.runners.model.FrameworkMethod.invokeExplosively(FrameworkMethod.java:44)
	at org.junit.internal.runners.statements.InvokeMethod.evaluate(InvokeMethod.java:17)
	at org.junit.internal.runners.statements.RunBefores.evaluate(RunBefores.java:26)
	at org.springframework.test.context.junit4.statements.RunBeforeTestMethodCallbacks.evaluate(RunBeforeTestMethodCallbacks.java:74)
	at org.junit.internal.runners.statements.RunAfters.evaluate(RunAfters.java:27)
	at org.springframework.test.context.junit4.statements.RunAfterTestMethodCallbacks.evaluate(RunAfterTestMethodCallbacks.java:83)
	at org.springframework.test.context.junit4.statements.SpringRepeat.evaluate(SpringRepeat.java:72)
	at org.springframework.test.context.junit4.SpringJUnit4ClassRunner.runChild(SpringJUnit4ClassRunner.java:233)
	at org.springframework.test.context.junit4.SpringJUnit4ClassRunner.runChild(SpringJUnit4ClassRunner.java:87)
	at org.junit.runners.ParentRunner$3.run(ParentRunner.java:238)
	at org.junit.runners.ParentRunner$1.schedule(ParentRunner.java:63)
	at org.junit.runners.ParentRunner.runChildren(ParentRunner.java:236)
	at org.junit.runners.ParentRunner.access$000(ParentRunner.java:53)
	at org.junit.runners.ParentRunner$2.evaluate(ParentRunner.java:229)
	at org.junit.internal.runners.statements.RunBefores.evaluate(RunBefores.java:26)
	at org.springframework.test.context.junit4.statements.RunBeforeTestClassCallbacks.evaluate(RunBeforeTestClassCallbacks.java:61)
	at org.junit.internal.runners.statements.RunAfters.evaluate(RunAfters.java:27)
	at org.springframework.test.context.junit4.statements.RunAfterTestClassCallbacks.evaluate(RunAfterTestClassCallbacks.java:71)
	at org.junit.runners.ParentRunner.run(ParentRunner.java:309)
	at org.springframework.test.context.junit4.SpringJUnit4ClassRunner.run(SpringJUnit4ClassRunner.java:176)
	at org.junit.runners.Suite.runChild(Suite.java:127)
	at org.junit.runners.Suite.runChild(Suite.java:26)
	at org.junit.runners.ParentRunner$3.run(ParentRunner.java:238)
	at org.junit.runners.ParentRunner$1.schedule(ParentRunner.java:63)
	at org.junit.runners.ParentRunner.runChildren(ParentRunner.java:236)
	at org.junit.runners.ParentRunner.access$000(ParentRunner.java:53)
	at org.junit.runners.ParentRunner$2.evaluate(ParentRunner.java:229)
	at org.junit.runners.ParentRunner.run(ParentRunner.java:309)
	at org.gradle.api.internal.tasks.testing.junit.JUnitTestClassExecuter.runTestClass(JUnitTestClassExecuter.java:86)
	at org.gradle.api.internal.tasks.testing.junit.JUnitTestClassExecuter.execute(JUnitTestClassExecuter.java:49)
	at org.gradle.api.internal.tasks.testing.junit.JUnitTestClassProcessor.processTestClass(JUnitTestClassProcessor.java:69)
	at org.gradle.api.internal.tasks.testing.SuiteTestClassProcessor.processTestClass(SuiteTestClassProcessor.java:48)
	at sun.reflect.GeneratedMethodAccessor8.invoke(Unknown Source)
	at sun.reflect.DelegatingMethodAccessorImpl.invoke(DelegatingMethodAccessorImpl.java:43)
	at java.lang.reflect.Method.invoke(Method.java:606)
	at org.gradle.messaging.dispatch.ReflectionDispatch.dispatch(ReflectionDispatch.java:35)
	at org.gradle.messaging.dispatch.ReflectionDispatch.dispatch(ReflectionDispatch.java:24)
	at org.gradle.messaging.dispatch.ContextClassLoaderDispatch.dispatch(ContextClassLoaderDispatch.java:32)
	at org.gradle.messaging.dispatch.ProxyDispatchAdapter$DispatchingInvocationHandler.invoke(ProxyDispatchAdapter.java:93)
	at com.sun.proxy.$Proxy2.processTestClass(Unknown Source)
	at org.gradle.api.internal.tasks.testing.worker.TestWorker.processTestClass(TestWorker.java:105)
	at sun.reflect.GeneratedMethodAccessor7.invoke(Unknown Source)
	at sun.reflect.DelegatingMethodAccessorImpl.invoke(DelegatingMethodAccessorImpl.java:43)
	at java.lang.reflect.Method.invoke(Method.java:606)
	at org.gradle.messaging.dispatch.ReflectionDispatch.dispatch(ReflectionDispatch.java:35)
	at org.gradle.messaging.dispatch.ReflectionDispatch.dispatch(ReflectionDispatch.java:24)
	at org.gradle.messaging.remote.internal.hub.MessageHub$Handler.run(MessageHub.java:360)
	at org.gradle.internal.concurrent.DefaultExecutorFactory$StoppableExecutorImpl$1.run(DefaultExecutorFactory.java:64)
	at java.util.concurrent.ThreadPoolExecutor.runWorker(ThreadPoolExecutor.java:1145)
	at java.util.concurrent.ThreadPoolExecutor$Worker.run(ThreadPoolExecutor.java:615)
	at java.lang.Thread.run(Thread.java:745)
[2015-05-29 17:14:38,953][Test worker][DEBUG][ProtocolSerializer] Finish mac(macKey=P2Bbo6+bSSR9O2Qc89f3b4oHTyE1V2gF,macString=Protocal-Version:1.5|GPE_Id:GPE-111|Terminal-Id:111|Operator-Id:OPERATOR-111|Trans-BatchNumber:20150529|TractMsg-Id:1432890878932|Timestamp:20150529171438|Transaction-Type:4455|Transaction-Id:0115052900000000002369|Response-Code:307|):8628171e79bb811214514215eb42cbd2
[2015-05-29 17:14:38,953][Test worker][DEBUG][BaseServletIntegrationTest] Got response(code=307,length=0): 
[2015-05-29 17:14:38,962][Test worker][DEBUG][TEPortServlet] Startup job scheduer(org.quartz.impl.StdScheduler@4d1e5820) successfully.
[2015-05-29 17:14:38,962][Test worker][WARN ][TEPortServlet] can NOT find META file:F:\project\M.Lottery\TE\TRUNK_TE\sourcecode\build\classes\main\META-INF\MANIFEST.MF
[2015-05-29 17:14:38,962][Test worker][DEBUG][TEPortServlet] Register MBean(com.mpos.lottery.te.common.jmx.TransactionTimeout@333d6f8c) with name(com.mpos.lottery.te:type=TransactionTimeoutMBean) successfully.
[2015-05-29 17:14:38,962][Test worker][DEBUG][BaseTransactionalIntegrationTest] Retrieve a ApplicationContext(org.springframework.web.context.support.GenericWebApplicationContext@34f645a8: startup date [Fri May 29 17:12:38 CST 2015]; root of context hierarchy).
[2015-05-29 17:14:38,963][Test worker][INFO ][BaseTransactionalIntegrationTest] +------------------------------------------------------------------------------------------------------------------------+
[2015-05-29 17:14:38,963][Test worker][INFO ][BaseTransactionalIntegrationTest] | SmartAirtimeTopupIntegrationTest.test_Topup_NoGameAllocated                                                            |
[2015-05-29 17:14:38,963][Test worker][INFO ][BaseTransactionalIntegrationTest] +------------------------------------------------------------------------------------------------------------------------+
[2015-05-29 17:14:38,965][Test worker][DEBUG][MLotteryContext] find mapping file definition(xml-mapping/vas/airtime/Topup_Req.xml) by key(transtype.455).
[2015-05-29 17:14:38,965][Test worker][DEBUG][CastorHelper] Finish marshaling input(typeclass com.mpos.lottery.te.valueaddservice.airtime.AirtimeTopup, mappingFile=xml-mapping/vas/airtime/Topup_Req.xml).
[2015-05-29 17:14:38,966][Test worker][DEBUG][BaseServletIntegrationTest] Do MAC(key=P2Bbo6+bSSR9O2Qc89f3b4oHTyE1V2gF) on (Protocal-Version:1.5|GPE_Id:GPE-111|Terminal-Id:111|Operator-Id:OPERATOR-111|Trans-BatchNumber:20150529|TractMsg-Id:1432890878965|Timestamp:20150529171438|Transaction-Type:455|Transaction-Id:|Response-Code:|<?xml version="1.0" encoding="UTF-8"?>
<AirtimeTopup mobile="13800138000" amount="0.01"><Game id="AIRTIME-SMART"/></AirtimeTopup>,hash=1791150566), get digest:1078f57ce15877a8439f6c9448af9916
[2015-05-29 17:14:38,966][Test worker][DEBUG][TEPortServlet] Got request header(name=X-Transaction-Type, value=455).
[2015-05-29 17:14:38,966][Test worker][DEBUG][TEPortServlet] Got request header(name=X-Protocal-Version, value=1.5).
[2015-05-29 17:14:38,966][Test worker][DEBUG][TEPortServlet] Got request header(name=X-Timestamp, value=20150529171438).
[2015-05-29 17:14:38,966][Test worker][DEBUG][TEPortServlet] Got request header(name=X-GPE-Id, value=GPE-111).
[2015-05-29 17:14:38,966][Test worker][DEBUG][TEPortServlet] Got request header(name=X-Trace-Message-Id, value=1432890878965).
[2015-05-29 17:14:38,966][Test worker][DEBUG][TEPortServlet] Got request header(name=X-Operator-Id, value=OPERATOR-111).
[2015-05-29 17:14:38,966][Test worker][DEBUG][TEPortServlet] Got request header(name=X-Terminal-Id, value=111).
[2015-05-29 17:14:38,966][Test worker][DEBUG][TEPortServlet] Got request header(name=X-MAC, value=1078f57ce15877a8439f6c9448af9916).
[2015-05-29 17:14:38,966][Test worker][DEBUG][TEPortServlet] Got request header(name=X-Game-Type-Id, value=1000).
[2015-05-29 17:14:38,966][Test worker][DEBUG][TEPortServlet] Got request header(name=X-Trans-BatchNumber, value=20150529).
[2015-05-29 17:14:38,966][Test worker][DEBUG][TEPortServlet] Got request header(name=X-GPS-Location, value=40.714353,-74.005973).
[2015-05-29 17:14:38,968][Test worker][DEBUG][TEPortServlet] Got request from localhost, and the message body is:pq3FqO8HCcAnaobA+xpVnADmrnwj1vrK59BGhqvtskYFWTsa2cbe6qqeM+/kjIzeKc3xm3Ymumpsff4aFq/h83ojgxzlzd9BP+cXcBO1fBwrOAILQUehdnLC23rlVeR1I90fhpGaYRYPJSFLqB+Y0q7faNtCAOYgpi5MoZ81bML8Cb4hDhXQZA==.
[2015-05-29 17:14:38,968][Test worker][DEBUG][ProtocolSerializer] Start to deserialize request context(Protocal-Version:1.5|GPE_Id:GPE-111|Terminal-Id:111|Operator-Id:OPERATOR-111|Trans-BatchNumber:20150529|TractMsg-Id:1432890878965|Timestamp:20150529171438|Transaction-Type:455|Transaction-Id:|Response-Code:|).
[2015-05-29 17:14:38,968][Test worker][DEBUG][ProtocolSerializer] Finish decrypting cipher into original xml:<?xml version="1.0" encoding="UTF-8"?>
<AirtimeTopup mobile="13800138000" amount="0.01"><Game id="AIRTIME-SMART"/></AirtimeTopup>
[2015-05-29 17:14:38,968][Test worker][DEBUG][ProtocolSerializer] Start to do MAC(key=P2Bbo6+bSSR9O2Qc89f3b4oHTyE1V2gF) on (Protocal-Version:1.5|GPE_Id:GPE-111|Terminal-Id:111|Operator-Id:OPERATOR-111|Trans-BatchNumber:20150529|TractMsg-Id:1432890878965|Timestamp:20150529171438|Transaction-Type:455|Transaction-Id:|Response-Code:|<?xml version="1.0" encoding="UTF-8"?>
<AirtimeTopup mobile="13800138000" amount="0.01"><Game id="AIRTIME-SMART"/></AirtimeTopup>,hash=1791150566), get digest:1078f57ce15877a8439f6c9448af9916
[2015-05-29 17:14:38,968][Test worker][DEBUG][MLotteryContext] find mapping file definition(xml-mapping/vas/airtime/Topup_Req.xml) by key(transtype.455).
[2015-05-29 17:14:38,968][Test worker][DEBUG][ProtocolSerializer] Start to deserialize model: model=null,mappingFile=xml-mapping/vas/airtime/Topup_Req.xml
[2015-05-29 17:14:38,968][Test worker][DEBUG][MLotteryContext] find mapping file definition(xml-mapping/vas/airtime/Topup_Req.xml) by key(transtype.455).
[2015-05-29 17:14:38,981][Test worker][DEBUG][RoutineRegistry] Try to lookup handler by routine key(1000_455_1.5.0).
[2015-05-29 17:14:38,981][Test worker][DEBUG][RoutineRegistry] Try to lookup handler by routine key(1000_455_).
[2015-05-29 17:14:38,981][Test worker][DEBUG][RoutineRegistry] Try to lookup handler by routine key(-1_455_).
[2015-05-29 17:14:38,981][Test worker][DEBUG][RoutineRegistry] Lookup controller by key(-1_455_), found controller(com.mpos.lottery.te.valueaddservice.airtime.AirtimeController@52b28256) and method(public void com.mpos.lottery.te.valueaddservice.airtime.AirtimeController.topup(com.mpos.lottery.te.port.Context,com.mpos.lottery.te.port.Context) throws com.mpos.lottery.te.config.exception.ApplicationException).
[2015-05-29 17:14:38,983][Test worker][ERROR][TEPortServlet] operator(id=OPERATOR-111) has no priviledge to sell ticket of game 'AIRTIME-SMART', allocate the game to its merchant first.
com.mpos.lottery.te.config.exception.SystemException: operator(id=OPERATOR-111) has no priviledge to sell ticket of game 'AIRTIME-SMART', allocate the game to its merchant first.
	at com.mpos.lottery.te.valueaddservice.airtime.service.MultiProviderAirtimeService.verifyGameAllocation(MultiProviderAirtimeService.java:202)
	at com.mpos.lottery.te.valueaddservice.airtime.service.MultiProviderAirtimeService.topup(MultiProviderAirtimeService.java:74)
	at sun.reflect.NativeMethodAccessorImpl.invoke0(Native Method)
	at sun.reflect.NativeMethodAccessorImpl.invoke(NativeMethodAccessorImpl.java:57)
	at sun.reflect.DelegatingMethodAccessorImpl.invoke(DelegatingMethodAccessorImpl.java:43)
	at java.lang.reflect.Method.invoke(Method.java:606)
	at org.springframework.aop.support.AopUtils.invokeJoinpointUsingReflection(AopUtils.java:317)
	at org.springframework.aop.framework.ReflectiveMethodInvocation.invokeJoinpoint(ReflectiveMethodInvocation.java:190)
	at org.springframework.aop.framework.ReflectiveMethodInvocation.proceed(ReflectiveMethodInvocation.java:157)
	at org.springframework.transaction.interceptor.TransactionInterceptor$1.proceedWithInvocation(TransactionInterceptor.java:98)
	at org.springframework.transaction.interceptor.TransactionAspectSupport.invokeWithinTransaction(TransactionAspectSupport.java:262)
	at org.springframework.transaction.interceptor.TransactionInterceptor.invoke(TransactionInterceptor.java:95)
	at org.springframework.aop.framework.ReflectiveMethodInvocation.proceed(ReflectiveMethodInvocation.java:179)
	at org.springframework.aop.interceptor.ExposeInvocationInterceptor.invoke(ExposeInvocationInterceptor.java:92)
	at org.springframework.aop.framework.ReflectiveMethodInvocation.proceed(ReflectiveMethodInvocation.java:179)
	at org.springframework.aop.framework.JdkDynamicAopProxy.invoke(JdkDynamicAopProxy.java:207)
	at com.sun.proxy.$Proxy75.topup(Unknown Source)
	at com.mpos.lottery.te.valueaddservice.airtime.AirtimeController.topup(AirtimeController.java:24)
	at sun.reflect.NativeMethodAccessorImpl.invoke0(Native Method)
	at sun.reflect.NativeMethodAccessorImpl.invoke(NativeMethodAccessorImpl.java:57)
	at sun.reflect.DelegatingMethodAccessorImpl.invoke(DelegatingMethodAccessorImpl.java:43)
	at java.lang.reflect.Method.invoke(Method.java:606)
	at com.mpos.lottery.common.router.RoutineRegistry.route(RoutineRegistry.java:57)
	at com.mpos.lottery.te.port.service.CommonFacadeService.routeRequest(CommonFacadeService.java:237)
	at com.mpos.lottery.te.port.service.CommonFacadeService.facade(CommonFacadeService.java:96)
	at sun.reflect.GeneratedMethodAccessor83.invoke(Unknown Source)
	at sun.reflect.DelegatingMethodAccessorImpl.invoke(DelegatingMethodAccessorImpl.java:43)
	at java.lang.reflect.Method.invoke(Method.java:606)
	at org.springframework.aop.support.AopUtils.invokeJoinpointUsingReflection(AopUtils.java:317)
	at org.springframework.aop.framework.ReflectiveMethodInvocation.invokeJoinpoint(ReflectiveMethodInvocation.java:190)
	at org.springframework.aop.framework.ReflectiveMethodInvocation.proceed(ReflectiveMethodInvocation.java:157)
	at org.springframework.transaction.interceptor.TransactionInterceptor$1.proceedWithInvocation(TransactionInterceptor.java:98)
	at org.springframework.transaction.interceptor.TransactionAspectSupport.invokeWithinTransaction(TransactionAspectSupport.java:262)
	at org.springframework.transaction.interceptor.TransactionInterceptor.invoke(TransactionInterceptor.java:95)
	at org.springframework.aop.framework.ReflectiveMethodInvocation.proceed(ReflectiveMethodInvocation.java:179)
	at org.springframework.aop.interceptor.ExposeInvocationInterceptor.invoke(ExposeInvocationInterceptor.java:92)
	at org.springframework.aop.framework.ReflectiveMethodInvocation.proceed(ReflectiveMethodInvocation.java:179)
	at org.springframework.aop.framework.JdkDynamicAopProxy.invoke(JdkDynamicAopProxy.java:207)
	at com.sun.proxy.$Proxy85.facade(Unknown Source)
	at com.mpos.lottery.te.port.TEPortServlet.doPost(TEPortServlet.java:121)
	at com.mpos.lottery.te.test.integration.BaseServletIntegrationTest.doPost(BaseServletIntegrationTest.java:80)
	at com.mpos.lottery.te.valueaddservice.airtime.SmartAirtimeTopupIntegrationTest.test_Topup_NoGameAllocated(SmartAirtimeTopupIntegrationTest.java:259)
	at sun.reflect.NativeMethodAccessorImpl.invoke0(Native Method)
	at sun.reflect.NativeMethodAccessorImpl.invoke(NativeMethodAccessorImpl.java:57)
	at sun.reflect.DelegatingMethodAccessorImpl.invoke(DelegatingMethodAccessorImpl.java:43)
	at java.lang.reflect.Method.invoke(Method.java:606)
	at org.junit.runners.model.FrameworkMethod$1.runReflectiveCall(FrameworkMethod.java:47)
	at org.junit.internal.runners.model.ReflectiveCallable.run(ReflectiveCallable.java:12)
	at org.junit.runners.model.FrameworkMethod.invokeExplosively(FrameworkMethod.java:44)
	at org.junit.internal.runners.statements.InvokeMethod.evaluate(InvokeMethod.java:17)
	at org.junit.internal.runners.statements.RunBefores.evaluate(RunBefores.java:26)
	at org.springframework.test.context.junit4.statements.RunBeforeTestMethodCallbacks.evaluate(RunBeforeTestMethodCallbacks.java:74)
	at org.junit.internal.runners.statements.RunAfters.evaluate(RunAfters.java:27)
	at org.springframework.test.context.junit4.statements.RunAfterTestMethodCallbacks.evaluate(RunAfterTestMethodCallbacks.java:83)
	at org.springframework.test.context.junit4.statements.SpringRepeat.evaluate(SpringRepeat.java:72)
	at org.springframework.test.context.junit4.SpringJUnit4ClassRunner.runChild(SpringJUnit4ClassRunner.java:233)
	at org.springframework.test.context.junit4.SpringJUnit4ClassRunner.runChild(SpringJUnit4ClassRunner.java:87)
	at org.junit.runners.ParentRunner$3.run(ParentRunner.java:238)
	at org.junit.runners.ParentRunner$1.schedule(ParentRunner.java:63)
	at org.junit.runners.ParentRunner.runChildren(ParentRunner.java:236)
	at org.junit.runners.ParentRunner.access$000(ParentRunner.java:53)
	at org.junit.runners.ParentRunner$2.evaluate(ParentRunner.java:229)
	at org.junit.internal.runners.statements.RunBefores.evaluate(RunBefores.java:26)
	at org.springframework.test.context.junit4.statements.RunBeforeTestClassCallbacks.evaluate(RunBeforeTestClassCallbacks.java:61)
	at org.junit.internal.runners.statements.RunAfters.evaluate(RunAfters.java:27)
	at org.springframework.test.context.junit4.statements.RunAfterTestClassCallbacks.evaluate(RunAfterTestClassCallbacks.java:71)
	at org.junit.runners.ParentRunner.run(ParentRunner.java:309)
	at org.springframework.test.context.junit4.SpringJUnit4ClassRunner.run(SpringJUnit4ClassRunner.java:176)
	at org.junit.runners.Suite.runChild(Suite.java:127)
	at org.junit.runners.Suite.runChild(Suite.java:26)
	at org.junit.runners.ParentRunner$3.run(ParentRunner.java:238)
	at org.junit.runners.ParentRunner$1.schedule(ParentRunner.java:63)
	at org.junit.runners.ParentRunner.runChildren(ParentRunner.java:236)
	at org.junit.runners.ParentRunner.access$000(ParentRunner.java:53)
	at org.junit.runners.ParentRunner$2.evaluate(ParentRunner.java:229)
	at org.junit.runners.ParentRunner.run(ParentRunner.java:309)
	at org.gradle.api.internal.tasks.testing.junit.JUnitTestClassExecuter.runTestClass(JUnitTestClassExecuter.java:86)
	at org.gradle.api.internal.tasks.testing.junit.JUnitTestClassExecuter.execute(JUnitTestClassExecuter.java:49)
	at org.gradle.api.internal.tasks.testing.junit.JUnitTestClassProcessor.processTestClass(JUnitTestClassProcessor.java:69)
	at org.gradle.api.internal.tasks.testing.SuiteTestClassProcessor.processTestClass(SuiteTestClassProcessor.java:48)
	at sun.reflect.GeneratedMethodAccessor8.invoke(Unknown Source)
	at sun.reflect.DelegatingMethodAccessorImpl.invoke(DelegatingMethodAccessorImpl.java:43)
	at java.lang.reflect.Method.invoke(Method.java:606)
	at org.gradle.messaging.dispatch.ReflectionDispatch.dispatch(ReflectionDispatch.java:35)
	at org.gradle.messaging.dispatch.ReflectionDispatch.dispatch(ReflectionDispatch.java:24)
	at org.gradle.messaging.dispatch.ContextClassLoaderDispatch.dispatch(ContextClassLoaderDispatch.java:32)
	at org.gradle.messaging.dispatch.ProxyDispatchAdapter$DispatchingInvocationHandler.invoke(ProxyDispatchAdapter.java:93)
	at com.sun.proxy.$Proxy2.processTestClass(Unknown Source)
	at org.gradle.api.internal.tasks.testing.worker.TestWorker.processTestClass(TestWorker.java:105)
	at sun.reflect.GeneratedMethodAccessor7.invoke(Unknown Source)
	at sun.reflect.DelegatingMethodAccessorImpl.invoke(DelegatingMethodAccessorImpl.java:43)
	at java.lang.reflect.Method.invoke(Method.java:606)
	at org.gradle.messaging.dispatch.ReflectionDispatch.dispatch(ReflectionDispatch.java:35)
	at org.gradle.messaging.dispatch.ReflectionDispatch.dispatch(ReflectionDispatch.java:24)
	at org.gradle.messaging.remote.internal.hub.MessageHub$Handler.run(MessageHub.java:360)
	at org.gradle.internal.concurrent.DefaultExecutorFactory$StoppableExecutorImpl$1.run(DefaultExecutorFactory.java:64)
	at java.util.concurrent.ThreadPoolExecutor.runWorker(ThreadPoolExecutor.java:1145)
	at java.util.concurrent.ThreadPoolExecutor$Worker.run(ThreadPoolExecutor.java:615)
	at java.lang.Thread.run(Thread.java:745)
[2015-05-29 17:14:38,985][Test worker][DEBUG][ProtocolSerializer] Finish mac(macKey=P2Bbo6+bSSR9O2Qc89f3b4oHTyE1V2gF,macString=Protocal-Version:1.5|GPE_Id:GPE-111|Terminal-Id:111|Operator-Id:OPERATOR-111|Trans-BatchNumber:20150529|TractMsg-Id:1432890878965|Timestamp:20150529171438|Transaction-Type:4455|Transaction-Id:0115052900000000002370|Response-Code:225|):4bb636580c97653af148bc1826a920f7
[2015-05-29 17:14:38,985][Test worker][DEBUG][BaseServletIntegrationTest] Got response(code=225,length=0): 
[2015-05-29 17:14:38,995][Test worker][DEBUG][TEPortServlet] Startup job scheduer(org.quartz.impl.StdScheduler@4d1e5820) successfully.
[2015-05-29 17:14:38,996][Test worker][WARN ][TEPortServlet] can NOT find META file:F:\project\M.Lottery\TE\TRUNK_TE\sourcecode\build\classes\main\META-INF\MANIFEST.MF
[2015-05-29 17:14:38,996][Test worker][DEBUG][TEPortServlet] Register MBean(com.mpos.lottery.te.common.jmx.TransactionTimeout@2df373dc) with name(com.mpos.lottery.te:type=TransactionTimeoutMBean) successfully.
[2015-05-29 17:14:38,996][Test worker][DEBUG][BaseTransactionalIntegrationTest] Retrieve a ApplicationContext(org.springframework.web.context.support.GenericWebApplicationContext@34f645a8: startup date [Fri May 29 17:12:38 CST 2015]; root of context hierarchy).
[2015-05-29 17:14:38,996][Test worker][INFO ][BaseTransactionalIntegrationTest] +------------------------------------------------------------------------------------------------------------------------+
[2015-05-29 17:14:38,996][Test worker][INFO ][BaseTransactionalIntegrationTest] | SmartAirtimeTopupIntegrationTest.test_Topup_InactiveGame                                                               |
[2015-05-29 17:14:38,996][Test worker][INFO ][BaseTransactionalIntegrationTest] +------------------------------------------------------------------------------------------------------------------------+
[2015-05-29 17:14:38,998][Test worker][DEBUG][MLotteryContext] find mapping file definition(xml-mapping/vas/airtime/Topup_Req.xml) by key(transtype.455).
[2015-05-29 17:14:38,998][Test worker][DEBUG][CastorHelper] Finish marshaling input(typeclass com.mpos.lottery.te.valueaddservice.airtime.AirtimeTopup, mappingFile=xml-mapping/vas/airtime/Topup_Req.xml).
[2015-05-29 17:14:38,998][Test worker][DEBUG][BaseServletIntegrationTest] Do MAC(key=P2Bbo6+bSSR9O2Qc89f3b4oHTyE1V2gF) on (Protocal-Version:1.5|GPE_Id:GPE-111|Terminal-Id:111|Operator-Id:OPERATOR-111|Trans-BatchNumber:20150529|TractMsg-Id:1432890878997|Timestamp:20150529171438|Transaction-Type:455|Transaction-Id:|Response-Code:|<?xml version="1.0" encoding="UTF-8"?>
<AirtimeTopup mobile="13800138000" amount="0.01"><Game id="AIRTIME-SMART"/></AirtimeTopup>,hash=1094223783), get digest:14b2479528e81d6996f8bcd21634f37f
[2015-05-29 17:14:38,999][Test worker][DEBUG][TEPortServlet] Got request header(name=X-Transaction-Type, value=455).
[2015-05-29 17:14:38,999][Test worker][DEBUG][TEPortServlet] Got request header(name=X-Protocal-Version, value=1.5).
[2015-05-29 17:14:38,999][Test worker][DEBUG][TEPortServlet] Got request header(name=X-Timestamp, value=20150529171438).
[2015-05-29 17:14:38,999][Test worker][DEBUG][TEPortServlet] Got request header(name=X-GPE-Id, value=GPE-111).
[2015-05-29 17:14:38,999][Test worker][DEBUG][TEPortServlet] Got request header(name=X-Trace-Message-Id, value=1432890878997).
[2015-05-29 17:14:38,999][Test worker][DEBUG][TEPortServlet] Got request header(name=X-Operator-Id, value=OPERATOR-111).
[2015-05-29 17:14:38,999][Test worker][DEBUG][TEPortServlet] Got request header(name=X-Terminal-Id, value=111).
[2015-05-29 17:14:38,999][Test worker][DEBUG][TEPortServlet] Got request header(name=X-MAC, value=14b2479528e81d6996f8bcd21634f37f).
[2015-05-29 17:14:38,999][Test worker][DEBUG][TEPortServlet] Got request header(name=X-Game-Type-Id, value=1000).
[2015-05-29 17:14:38,999][Test worker][DEBUG][TEPortServlet] Got request header(name=X-Trans-BatchNumber, value=20150529).
[2015-05-29 17:14:38,999][Test worker][DEBUG][TEPortServlet] Got request header(name=X-GPS-Location, value=40.714353,-74.005973).
[2015-05-29 17:14:39,000][Test worker][DEBUG][TEPortServlet] Got request from localhost, and the message body is:pq3FqO8HCcAnaobA+xpVnADmrnwj1vrK59BGhqvtskYFWTsa2cbe6qqeM+/kjIzeKc3xm3Ymumpsff4aFq/h83ojgxzlzd9BP+cXcBO1fBwrOAILQUehdnLC23rlVeR1I90fhpGaYRYPJSFLqB+Y0q7faNtCAOYgpi5MoZ81bML8Cb4hDhXQZA==.
[2015-05-29 17:14:39,001][Test worker][DEBUG][ProtocolSerializer] Start to deserialize request context(Protocal-Version:1.5|GPE_Id:GPE-111|Terminal-Id:111|Operator-Id:OPERATOR-111|Trans-BatchNumber:20150529|TractMsg-Id:1432890878997|Timestamp:20150529171438|Transaction-Type:455|Transaction-Id:|Response-Code:|).
[2015-05-29 17:14:39,001][Test worker][DEBUG][ProtocolSerializer] Finish decrypting cipher into original xml:<?xml version="1.0" encoding="UTF-8"?>
<AirtimeTopup mobile="13800138000" amount="0.01"><Game id="AIRTIME-SMART"/></AirtimeTopup>
[2015-05-29 17:14:39,001][Test worker][DEBUG][ProtocolSerializer] Start to do MAC(key=P2Bbo6+bSSR9O2Qc89f3b4oHTyE1V2gF) on (Protocal-Version:1.5|GPE_Id:GPE-111|Terminal-Id:111|Operator-Id:OPERATOR-111|Trans-BatchNumber:20150529|TractMsg-Id:1432890878997|Timestamp:20150529171438|Transaction-Type:455|Transaction-Id:|Response-Code:|<?xml version="1.0" encoding="UTF-8"?>
<AirtimeTopup mobile="13800138000" amount="0.01"><Game id="AIRTIME-SMART"/></AirtimeTopup>,hash=1094223783), get digest:14b2479528e81d6996f8bcd21634f37f
[2015-05-29 17:14:39,001][Test worker][DEBUG][MLotteryContext] find mapping file definition(xml-mapping/vas/airtime/Topup_Req.xml) by key(transtype.455).
[2015-05-29 17:14:39,001][Test worker][DEBUG][ProtocolSerializer] Start to deserialize model: model=null,mappingFile=xml-mapping/vas/airtime/Topup_Req.xml
[2015-05-29 17:14:39,001][Test worker][DEBUG][MLotteryContext] find mapping file definition(xml-mapping/vas/airtime/Topup_Req.xml) by key(transtype.455).
[2015-05-29 17:14:39,013][Test worker][DEBUG][RoutineRegistry] Try to lookup handler by routine key(1000_455_1.5.0).
[2015-05-29 17:14:39,013][Test worker][DEBUG][RoutineRegistry] Try to lookup handler by routine key(1000_455_).
[2015-05-29 17:14:39,014][Test worker][DEBUG][RoutineRegistry] Try to lookup handler by routine key(-1_455_).
[2015-05-29 17:14:39,014][Test worker][DEBUG][RoutineRegistry] Lookup controller by key(-1_455_), found controller(com.mpos.lottery.te.valueaddservice.airtime.AirtimeController@52b28256) and method(public void com.mpos.lottery.te.valueaddservice.airtime.AirtimeController.topup(com.mpos.lottery.te.port.Context,com.mpos.lottery.te.port.Context) throws com.mpos.lottery.te.config.exception.ApplicationException).
[2015-05-29 17:14:39,015][Test worker][ERROR][TEPortServlet] Game(id=AIRTIME-SMART) isn't active.
com.mpos.lottery.te.config.exception.ApplicationException: Game(id=AIRTIME-SMART) isn't active.
	at com.mpos.lottery.te.valueaddservice.airtime.service.MultiProviderAirtimeService.topup(MultiProviderAirtimeService.java:70)
	at sun.reflect.NativeMethodAccessorImpl.invoke0(Native Method)
	at sun.reflect.NativeMethodAccessorImpl.invoke(NativeMethodAccessorImpl.java:57)
	at sun.reflect.DelegatingMethodAccessorImpl.invoke(DelegatingMethodAccessorImpl.java:43)
	at java.lang.reflect.Method.invoke(Method.java:606)
	at org.springframework.aop.support.AopUtils.invokeJoinpointUsingReflection(AopUtils.java:317)
	at org.springframework.aop.framework.ReflectiveMethodInvocation.invokeJoinpoint(ReflectiveMethodInvocation.java:190)
	at org.springframework.aop.framework.ReflectiveMethodInvocation.proceed(ReflectiveMethodInvocation.java:157)
	at org.springframework.transaction.interceptor.TransactionInterceptor$1.proceedWithInvocation(TransactionInterceptor.java:98)
	at org.springframework.transaction.interceptor.TransactionAspectSupport.invokeWithinTransaction(TransactionAspectSupport.java:262)
	at org.springframework.transaction.interceptor.TransactionInterceptor.invoke(TransactionInterceptor.java:95)
	at org.springframework.aop.framework.ReflectiveMethodInvocation.proceed(ReflectiveMethodInvocation.java:179)
	at org.springframework.aop.interceptor.ExposeInvocationInterceptor.invoke(ExposeInvocationInterceptor.java:92)
	at org.springframework.aop.framework.ReflectiveMethodInvocation.proceed(ReflectiveMethodInvocation.java:179)
	at org.springframework.aop.framework.JdkDynamicAopProxy.invoke(JdkDynamicAopProxy.java:207)
	at com.sun.proxy.$Proxy75.topup(Unknown Source)
	at com.mpos.lottery.te.valueaddservice.airtime.AirtimeController.topup(AirtimeController.java:24)
	at sun.reflect.NativeMethodAccessorImpl.invoke0(Native Method)
	at sun.reflect.NativeMethodAccessorImpl.invoke(NativeMethodAccessorImpl.java:57)
	at sun.reflect.DelegatingMethodAccessorImpl.invoke(DelegatingMethodAccessorImpl.java:43)
	at java.lang.reflect.Method.invoke(Method.java:606)
	at com.mpos.lottery.common.router.RoutineRegistry.route(RoutineRegistry.java:57)
	at com.mpos.lottery.te.port.service.CommonFacadeService.routeRequest(CommonFacadeService.java:237)
	at com.mpos.lottery.te.port.service.CommonFacadeService.facade(CommonFacadeService.java:96)
	at sun.reflect.GeneratedMethodAccessor83.invoke(Unknown Source)
	at sun.reflect.DelegatingMethodAccessorImpl.invoke(DelegatingMethodAccessorImpl.java:43)
	at java.lang.reflect.Method.invoke(Method.java:606)
	at org.springframework.aop.support.AopUtils.invokeJoinpointUsingReflection(AopUtils.java:317)
	at org.springframework.aop.framework.ReflectiveMethodInvocation.invokeJoinpoint(ReflectiveMethodInvocation.java:190)
	at org.springframework.aop.framework.ReflectiveMethodInvocation.proceed(ReflectiveMethodInvocation.java:157)
	at org.springframework.transaction.interceptor.TransactionInterceptor$1.proceedWithInvocation(TransactionInterceptor.java:98)
	at org.springframework.transaction.interceptor.TransactionAspectSupport.invokeWithinTransaction(TransactionAspectSupport.java:262)
	at org.springframework.transaction.interceptor.TransactionInterceptor.invoke(TransactionInterceptor.java:95)
	at org.springframework.aop.framework.ReflectiveMethodInvocation.proceed(ReflectiveMethodInvocation.java:179)
	at org.springframework.aop.interceptor.ExposeInvocationInterceptor.invoke(ExposeInvocationInterceptor.java:92)
	at org.springframework.aop.framework.ReflectiveMethodInvocation.proceed(ReflectiveMethodInvocation.java:179)
	at org.springframework.aop.framework.JdkDynamicAopProxy.invoke(JdkDynamicAopProxy.java:207)
	at com.sun.proxy.$Proxy85.facade(Unknown Source)
	at com.mpos.lottery.te.port.TEPortServlet.doPost(TEPortServlet.java:121)
	at com.mpos.lottery.te.test.integration.BaseServletIntegrationTest.doPost(BaseServletIntegrationTest.java:80)
	at com.mpos.lottery.te.valueaddservice.airtime.SmartAirtimeTopupIntegrationTest.test_Topup_InactiveGame(SmartAirtimeTopupIntegrationTest.java:175)
	at sun.reflect.NativeMethodAccessorImpl.invoke0(Native Method)
	at sun.reflect.NativeMethodAccessorImpl.invoke(NativeMethodAccessorImpl.java:57)
	at sun.reflect.DelegatingMethodAccessorImpl.invoke(DelegatingMethodAccessorImpl.java:43)
	at java.lang.reflect.Method.invoke(Method.java:606)
	at org.junit.runners.model.FrameworkMethod$1.runReflectiveCall(FrameworkMethod.java:47)
	at org.junit.internal.runners.model.ReflectiveCallable.run(ReflectiveCallable.java:12)
	at org.junit.runners.model.FrameworkMethod.invokeExplosively(FrameworkMethod.java:44)
	at org.junit.internal.runners.statements.InvokeMethod.evaluate(InvokeMethod.java:17)
	at org.junit.internal.runners.statements.RunBefores.evaluate(RunBefores.java:26)
	at org.springframework.test.context.junit4.statements.RunBeforeTestMethodCallbacks.evaluate(RunBeforeTestMethodCallbacks.java:74)
	at org.junit.internal.runners.statements.RunAfters.evaluate(RunAfters.java:27)
	at org.springframework.test.context.junit4.statements.RunAfterTestMethodCallbacks.evaluate(RunAfterTestMethodCallbacks.java:83)
	at org.springframework.test.context.junit4.statements.SpringRepeat.evaluate(SpringRepeat.java:72)
	at org.springframework.test.context.junit4.SpringJUnit4ClassRunner.runChild(SpringJUnit4ClassRunner.java:233)
	at org.springframework.test.context.junit4.SpringJUnit4ClassRunner.runChild(SpringJUnit4ClassRunner.java:87)
	at org.junit.runners.ParentRunner$3.run(ParentRunner.java:238)
	at org.junit.runners.ParentRunner$1.schedule(ParentRunner.java:63)
	at org.junit.runners.ParentRunner.runChildren(ParentRunner.java:236)
	at org.junit.runners.ParentRunner.access$000(ParentRunner.java:53)
	at org.junit.runners.ParentRunner$2.evaluate(ParentRunner.java:229)
	at org.junit.internal.runners.statements.RunBefores.evaluate(RunBefores.java:26)
	at org.springframework.test.context.junit4.statements.RunBeforeTestClassCallbacks.evaluate(RunBeforeTestClassCallbacks.java:61)
	at org.junit.internal.runners.statements.RunAfters.evaluate(RunAfters.java:27)
	at org.springframework.test.context.junit4.statements.RunAfterTestClassCallbacks.evaluate(RunAfterTestClassCallbacks.java:71)
	at org.junit.runners.ParentRunner.run(ParentRunner.java:309)
	at org.springframework.test.context.junit4.SpringJUnit4ClassRunner.run(SpringJUnit4ClassRunner.java:176)
	at org.junit.runners.Suite.runChild(Suite.java:127)
	at org.junit.runners.Suite.runChild(Suite.java:26)
	at org.junit.runners.ParentRunner$3.run(ParentRunner.java:238)
	at org.junit.runners.ParentRunner$1.schedule(ParentRunner.java:63)
	at org.junit.runners.ParentRunner.runChildren(ParentRunner.java:236)
	at org.junit.runners.ParentRunner.access$000(ParentRunner.java:53)
	at org.junit.runners.ParentRunner$2.evaluate(ParentRunner.java:229)
	at org.junit.runners.ParentRunner.run(ParentRunner.java:309)
	at org.gradle.api.internal.tasks.testing.junit.JUnitTestClassExecuter.runTestClass(JUnitTestClassExecuter.java:86)
	at org.gradle.api.internal.tasks.testing.junit.JUnitTestClassExecuter.execute(JUnitTestClassExecuter.java:49)
	at org.gradle.api.internal.tasks.testing.junit.JUnitTestClassProcessor.processTestClass(JUnitTestClassProcessor.java:69)
	at org.gradle.api.internal.tasks.testing.SuiteTestClassProcessor.processTestClass(SuiteTestClassProcessor.java:48)
	at sun.reflect.GeneratedMethodAccessor8.invoke(Unknown Source)
	at sun.reflect.DelegatingMethodAccessorImpl.invoke(DelegatingMethodAccessorImpl.java:43)
	at java.lang.reflect.Method.invoke(Method.java:606)
	at org.gradle.messaging.dispatch.ReflectionDispatch.dispatch(ReflectionDispatch.java:35)
	at org.gradle.messaging.dispatch.ReflectionDispatch.dispatch(ReflectionDispatch.java:24)
	at org.gradle.messaging.dispatch.ContextClassLoaderDispatch.dispatch(ContextClassLoaderDispatch.java:32)
	at org.gradle.messaging.dispatch.ProxyDispatchAdapter$DispatchingInvocationHandler.invoke(ProxyDispatchAdapter.java:93)
	at com.sun.proxy.$Proxy2.processTestClass(Unknown Source)
	at org.gradle.api.internal.tasks.testing.worker.TestWorker.processTestClass(TestWorker.java:105)
	at sun.reflect.GeneratedMethodAccessor7.invoke(Unknown Source)
	at sun.reflect.DelegatingMethodAccessorImpl.invoke(DelegatingMethodAccessorImpl.java:43)
	at java.lang.reflect.Method.invoke(Method.java:606)
	at org.gradle.messaging.dispatch.ReflectionDispatch.dispatch(ReflectionDispatch.java:35)
	at org.gradle.messaging.dispatch.ReflectionDispatch.dispatch(ReflectionDispatch.java:24)
	at org.gradle.messaging.remote.internal.hub.MessageHub$Handler.run(MessageHub.java:360)
	at org.gradle.internal.concurrent.DefaultExecutorFactory$StoppableExecutorImpl$1.run(DefaultExecutorFactory.java:64)
	at java.util.concurrent.ThreadPoolExecutor.runWorker(ThreadPoolExecutor.java:1145)
	at java.util.concurrent.ThreadPoolExecutor$Worker.run(ThreadPoolExecutor.java:615)
	at java.lang.Thread.run(Thread.java:745)
[2015-05-29 17:14:39,016][Test worker][DEBUG][ProtocolSerializer] Finish mac(macKey=P2Bbo6+bSSR9O2Qc89f3b4oHTyE1V2gF,macString=Protocal-Version:1.5|GPE_Id:GPE-111|Terminal-Id:111|Operator-Id:OPERATOR-111|Trans-BatchNumber:20150529|TractMsg-Id:1432890878997|Timestamp:20150529171439|Transaction-Type:4455|Transaction-Id:0115052900000000002371|Response-Code:281|):b7553bb75ed06da9bbfceeb4ec93251a
[2015-05-29 17:14:39,016][Test worker][DEBUG][BaseServletIntegrationTest] Got response(code=281,length=0): 
[2015-05-29 17:14:39,025][Test worker][DEBUG][TEPortServlet] Startup job scheduer(org.quartz.impl.StdScheduler@4d1e5820) successfully.
[2015-05-29 17:14:39,025][Test worker][WARN ][TEPortServlet] can NOT find META file:F:\project\M.Lottery\TE\TRUNK_TE\sourcecode\build\classes\main\META-INF\MANIFEST.MF
[2015-05-29 17:14:39,026][Test worker][DEBUG][TEPortServlet] Register MBean(com.mpos.lottery.te.common.jmx.TransactionTimeout@1d5d2679) with name(com.mpos.lottery.te:type=TransactionTimeoutMBean) successfully.
[2015-05-29 17:14:39,026][Test worker][DEBUG][BaseTransactionalIntegrationTest] Retrieve a ApplicationContext(org.springframework.web.context.support.GenericWebApplicationContext@34f645a8: startup date [Fri May 29 17:12:38 CST 2015]; root of context hierarchy).
[2015-05-29 17:14:39,026][Test worker][INFO ][BaseTransactionalIntegrationTest] +------------------------------------------------------------------------------------------------------------------------+
[2015-05-29 17:14:39,026][Test worker][INFO ][BaseTransactionalIntegrationTest] | SmartAirtimeTopupIntegrationTest.test_Topup_IllegalAmount_NoStep                                                       |
[2015-05-29 17:14:39,026][Test worker][INFO ][BaseTransactionalIntegrationTest] +------------------------------------------------------------------------------------------------------------------------+
[2015-05-29 17:14:39,028][Test worker][DEBUG][MLotteryContext] find mapping file definition(xml-mapping/vas/airtime/Topup_Req.xml) by key(transtype.455).
[2015-05-29 17:14:39,028][Test worker][DEBUG][CastorHelper] Finish marshaling input(typeclass com.mpos.lottery.te.valueaddservice.airtime.AirtimeTopup, mappingFile=xml-mapping/vas/airtime/Topup_Req.xml).
[2015-05-29 17:14:39,029][Test worker][DEBUG][BaseServletIntegrationTest] Do MAC(key=P2Bbo6+bSSR9O2Qc89f3b4oHTyE1V2gF) on (Protocal-Version:1.5|GPE_Id:GPE-111|Terminal-Id:111|Operator-Id:OPERATOR-111|Trans-BatchNumber:20150529|TractMsg-Id:1432890879027|Timestamp:20150529171439|Transaction-Type:455|Transaction-Id:|Response-Code:|<?xml version="1.0" encoding="UTF-8"?>
<AirtimeTopup mobile="13800138000" amount="71.0"><Game id="AIRTIME-SMART"/></AirtimeTopup>,hash=277358542), get digest:a731c6583a980ee3a317382088fc9833
[2015-05-29 17:14:39,029][Test worker][DEBUG][TEPortServlet] Got request header(name=X-Transaction-Type, value=455).
[2015-05-29 17:14:39,029][Test worker][DEBUG][TEPortServlet] Got request header(name=X-Protocal-Version, value=1.5).
[2015-05-29 17:14:39,029][Test worker][DEBUG][TEPortServlet] Got request header(name=X-Timestamp, value=20150529171439).
[2015-05-29 17:14:39,029][Test worker][DEBUG][TEPortServlet] Got request header(name=X-GPE-Id, value=GPE-111).
[2015-05-29 17:14:39,029][Test worker][DEBUG][TEPortServlet] Got request header(name=X-Trace-Message-Id, value=1432890879027).
[2015-05-29 17:14:39,029][Test worker][DEBUG][TEPortServlet] Got request header(name=X-Operator-Id, value=OPERATOR-111).
[2015-05-29 17:14:39,029][Test worker][DEBUG][TEPortServlet] Got request header(name=X-Terminal-Id, value=111).
[2015-05-29 17:14:39,029][Test worker][DEBUG][TEPortServlet] Got request header(name=X-MAC, value=a731c6583a980ee3a317382088fc9833).
[2015-05-29 17:14:39,029][Test worker][DEBUG][TEPortServlet] Got request header(name=X-Game-Type-Id, value=1000).
[2015-05-29 17:14:39,029][Test worker][DEBUG][TEPortServlet] Got request header(name=X-Trans-BatchNumber, value=20150529).
[2015-05-29 17:14:39,029][Test worker][DEBUG][TEPortServlet] Got request header(name=X-GPS-Location, value=40.714353,-74.005973).
[2015-05-29 17:14:39,031][Test worker][DEBUG][TEPortServlet] Got request from localhost, and the message body is:pq3FqO8HCcAnaobA+xpVnADmrnwj1vrK59BGhqvtskYFWTsa2cbe6qqeM+/kjIzeKc3xm3Ymumpsff4aFq/h83ojgxzlzd9BP+cXcBO1fByhYP3XuQrxFh5H2Q9iVRifabiJpWzeKR4mnhpM+PTrFWCJPEgmAnSGdal+a+TQCf1kixmjnjMjWQ==.
[2015-05-29 17:14:39,031][Test worker][DEBUG][ProtocolSerializer] Start to deserialize request context(Protocal-Version:1.5|GPE_Id:GPE-111|Terminal-Id:111|Operator-Id:OPERATOR-111|Trans-BatchNumber:20150529|TractMsg-Id:1432890879027|Timestamp:20150529171439|Transaction-Type:455|Transaction-Id:|Response-Code:|).
[2015-05-29 17:14:39,031][Test worker][DEBUG][ProtocolSerializer] Finish decrypting cipher into original xml:<?xml version="1.0" encoding="UTF-8"?>
<AirtimeTopup mobile="13800138000" amount="71.0"><Game id="AIRTIME-SMART"/></AirtimeTopup>
[2015-05-29 17:14:39,031][Test worker][DEBUG][ProtocolSerializer] Start to do MAC(key=P2Bbo6+bSSR9O2Qc89f3b4oHTyE1V2gF) on (Protocal-Version:1.5|GPE_Id:GPE-111|Terminal-Id:111|Operator-Id:OPERATOR-111|Trans-BatchNumber:20150529|TractMsg-Id:1432890879027|Timestamp:20150529171439|Transaction-Type:455|Transaction-Id:|Response-Code:|<?xml version="1.0" encoding="UTF-8"?>
<AirtimeTopup mobile="13800138000" amount="71.0"><Game id="AIRTIME-SMART"/></AirtimeTopup>,hash=277358542), get digest:a731c6583a980ee3a317382088fc9833
[2015-05-29 17:14:39,031][Test worker][DEBUG][MLotteryContext] find mapping file definition(xml-mapping/vas/airtime/Topup_Req.xml) by key(transtype.455).
[2015-05-29 17:14:39,031][Test worker][DEBUG][ProtocolSerializer] Start to deserialize model: model=null,mappingFile=xml-mapping/vas/airtime/Topup_Req.xml
[2015-05-29 17:14:39,031][Test worker][DEBUG][MLotteryContext] find mapping file definition(xml-mapping/vas/airtime/Topup_Req.xml) by key(transtype.455).
[2015-05-29 17:14:39,044][Test worker][DEBUG][RoutineRegistry] Try to lookup handler by routine key(1000_455_1.5.0).
[2015-05-29 17:14:39,044][Test worker][DEBUG][RoutineRegistry] Try to lookup handler by routine key(1000_455_).
[2015-05-29 17:14:39,044][Test worker][DEBUG][RoutineRegistry] Try to lookup handler by routine key(-1_455_).
[2015-05-29 17:14:39,044][Test worker][DEBUG][RoutineRegistry] Lookup controller by key(-1_455_), found controller(com.mpos.lottery.te.valueaddservice.airtime.AirtimeController@52b28256) and method(public void com.mpos.lottery.te.valueaddservice.airtime.AirtimeController.topup(com.mpos.lottery.te.port.Context,com.mpos.lottery.te.port.Context) throws com.mpos.lottery.te.config.exception.ApplicationException).
[2015-05-29 17:14:39,048][Test worker][ERROR][TEPortServlet] The amount(71.0) must follow the rule of step-amount(3).
com.mpos.lottery.te.config.exception.ApplicationException: The amount(71.0) must follow the rule of step-amount(3).
	at com.mpos.lottery.te.valueaddservice.airtime.service.MultiProviderAirtimeService.verifyGameParameter(MultiProviderAirtimeService.java:227)
	at com.mpos.lottery.te.valueaddservice.airtime.service.MultiProviderAirtimeService.topup(MultiProviderAirtimeService.java:76)
	at sun.reflect.NativeMethodAccessorImpl.invoke0(Native Method)
	at sun.reflect.NativeMethodAccessorImpl.invoke(NativeMethodAccessorImpl.java:57)
	at sun.reflect.DelegatingMethodAccessorImpl.invoke(DelegatingMethodAccessorImpl.java:43)
	at java.lang.reflect.Method.invoke(Method.java:606)
	at org.springframework.aop.support.AopUtils.invokeJoinpointUsingReflection(AopUtils.java:317)
	at org.springframework.aop.framework.ReflectiveMethodInvocation.invokeJoinpoint(ReflectiveMethodInvocation.java:190)
	at org.springframework.aop.framework.ReflectiveMethodInvocation.proceed(ReflectiveMethodInvocation.java:157)
	at org.springframework.transaction.interceptor.TransactionInterceptor$1.proceedWithInvocation(TransactionInterceptor.java:98)
	at org.springframework.transaction.interceptor.TransactionAspectSupport.invokeWithinTransaction(TransactionAspectSupport.java:262)
	at org.springframework.transaction.interceptor.TransactionInterceptor.invoke(TransactionInterceptor.java:95)
	at org.springframework.aop.framework.ReflectiveMethodInvocation.proceed(ReflectiveMethodInvocation.java:179)
	at org.springframework.aop.interceptor.ExposeInvocationInterceptor.invoke(ExposeInvocationInterceptor.java:92)
	at org.springframework.aop.framework.ReflectiveMethodInvocation.proceed(ReflectiveMethodInvocation.java:179)
	at org.springframework.aop.framework.JdkDynamicAopProxy.invoke(JdkDynamicAopProxy.java:207)
	at com.sun.proxy.$Proxy75.topup(Unknown Source)
	at com.mpos.lottery.te.valueaddservice.airtime.AirtimeController.topup(AirtimeController.java:24)
	at sun.reflect.NativeMethodAccessorImpl.invoke0(Native Method)
	at sun.reflect.NativeMethodAccessorImpl.invoke(NativeMethodAccessorImpl.java:57)
	at sun.reflect.DelegatingMethodAccessorImpl.invoke(DelegatingMethodAccessorImpl.java:43)
	at java.lang.reflect.Method.invoke(Method.java:606)
	at com.mpos.lottery.common.router.RoutineRegistry.route(RoutineRegistry.java:57)
	at com.mpos.lottery.te.port.service.CommonFacadeService.routeRequest(CommonFacadeService.java:237)
	at com.mpos.lottery.te.port.service.CommonFacadeService.facade(CommonFacadeService.java:96)
	at sun.reflect.GeneratedMethodAccessor83.invoke(Unknown Source)
	at sun.reflect.DelegatingMethodAccessorImpl.invoke(DelegatingMethodAccessorImpl.java:43)
	at java.lang.reflect.Method.invoke(Method.java:606)
	at org.springframework.aop.support.AopUtils.invokeJoinpointUsingReflection(AopUtils.java:317)
	at org.springframework.aop.framework.ReflectiveMethodInvocation.invokeJoinpoint(ReflectiveMethodInvocation.java:190)
	at org.springframework.aop.framework.ReflectiveMethodInvocation.proceed(ReflectiveMethodInvocation.java:157)
	at org.springframework.transaction.interceptor.TransactionInterceptor$1.proceedWithInvocation(TransactionInterceptor.java:98)
	at org.springframework.transaction.interceptor.TransactionAspectSupport.invokeWithinTransaction(TransactionAspectSupport.java:262)
	at org.springframework.transaction.interceptor.TransactionInterceptor.invoke(TransactionInterceptor.java:95)
	at org.springframework.aop.framework.ReflectiveMethodInvocation.proceed(ReflectiveMethodInvocation.java:179)
	at org.springframework.aop.interceptor.ExposeInvocationInterceptor.invoke(ExposeInvocationInterceptor.java:92)
	at org.springframework.aop.framework.ReflectiveMethodInvocation.proceed(ReflectiveMethodInvocation.java:179)
	at org.springframework.aop.framework.JdkDynamicAopProxy.invoke(JdkDynamicAopProxy.java:207)
	at com.sun.proxy.$Proxy85.facade(Unknown Source)
	at com.mpos.lottery.te.port.TEPortServlet.doPost(TEPortServlet.java:121)
	at com.mpos.lottery.te.test.integration.BaseServletIntegrationTest.doPost(BaseServletIntegrationTest.java:80)
	at com.mpos.lottery.te.valueaddservice.airtime.SmartAirtimeTopupIntegrationTest.test_Topup_IllegalAmount_NoStep(SmartAirtimeTopupIntegrationTest.java:217)
	at sun.reflect.NativeMethodAccessorImpl.invoke0(Native Method)
	at sun.reflect.NativeMethodAccessorImpl.invoke(NativeMethodAccessorImpl.java:57)
	at sun.reflect.DelegatingMethodAccessorImpl.invoke(DelegatingMethodAccessorImpl.java:43)
	at java.lang.reflect.Method.invoke(Method.java:606)
	at org.junit.runners.model.FrameworkMethod$1.runReflectiveCall(FrameworkMethod.java:47)
	at org.junit.internal.runners.model.ReflectiveCallable.run(ReflectiveCallable.java:12)
	at org.junit.runners.model.FrameworkMethod.invokeExplosively(FrameworkMethod.java:44)
	at org.junit.internal.runners.statements.InvokeMethod.evaluate(InvokeMethod.java:17)
	at org.junit.internal.runners.statements.RunBefores.evaluate(RunBefores.java:26)
	at org.springframework.test.context.junit4.statements.RunBeforeTestMethodCallbacks.evaluate(RunBeforeTestMethodCallbacks.java:74)
	at org.junit.internal.runners.statements.RunAfters.evaluate(RunAfters.java:27)
	at org.springframework.test.context.junit4.statements.RunAfterTestMethodCallbacks.evaluate(RunAfterTestMethodCallbacks.java:83)
	at org.springframework.test.context.junit4.statements.SpringRepeat.evaluate(SpringRepeat.java:72)
	at org.springframework.test.context.junit4.SpringJUnit4ClassRunner.runChild(SpringJUnit4ClassRunner.java:233)
	at org.springframework.test.context.junit4.SpringJUnit4ClassRunner.runChild(SpringJUnit4ClassRunner.java:87)
	at org.junit.runners.ParentRunner$3.run(ParentRunner.java:238)
	at org.junit.runners.ParentRunner$1.schedule(ParentRunner.java:63)
	at org.junit.runners.ParentRunner.runChildren(ParentRunner.java:236)
	at org.junit.runners.ParentRunner.access$000(ParentRunner.java:53)
	at org.junit.runners.ParentRunner$2.evaluate(ParentRunner.java:229)
	at org.junit.internal.runners.statements.RunBefores.evaluate(RunBefores.java:26)
	at org.springframework.test.context.junit4.statements.RunBeforeTestClassCallbacks.evaluate(RunBeforeTestClassCallbacks.java:61)
	at org.junit.internal.runners.statements.RunAfters.evaluate(RunAfters.java:27)
	at org.springframework.test.context.junit4.statements.RunAfterTestClassCallbacks.evaluate(RunAfterTestClassCallbacks.java:71)
	at org.junit.runners.ParentRunner.run(ParentRunner.java:309)
	at org.springframework.test.context.junit4.SpringJUnit4ClassRunner.run(SpringJUnit4ClassRunner.java:176)
	at org.junit.runners.Suite.runChild(Suite.java:127)
	at org.junit.runners.Suite.runChild(Suite.java:26)
	at org.junit.runners.ParentRunner$3.run(ParentRunner.java:238)
	at org.junit.runners.ParentRunner$1.schedule(ParentRunner.java:63)
	at org.junit.runners.ParentRunner.runChildren(ParentRunner.java:236)
	at org.junit.runners.ParentRunner.access$000(ParentRunner.java:53)
	at org.junit.runners.ParentRunner$2.evaluate(ParentRunner.java:229)
	at org.junit.runners.ParentRunner.run(ParentRunner.java:309)
	at org.gradle.api.internal.tasks.testing.junit.JUnitTestClassExecuter.runTestClass(JUnitTestClassExecuter.java:86)
	at org.gradle.api.internal.tasks.testing.junit.JUnitTestClassExecuter.execute(JUnitTestClassExecuter.java:49)
	at org.gradle.api.internal.tasks.testing.junit.JUnitTestClassProcessor.processTestClass(JUnitTestClassProcessor.java:69)
	at org.gradle.api.internal.tasks.testing.SuiteTestClassProcessor.processTestClass(SuiteTestClassProcessor.java:48)
	at sun.reflect.GeneratedMethodAccessor8.invoke(Unknown Source)
	at sun.reflect.DelegatingMethodAccessorImpl.invoke(DelegatingMethodAccessorImpl.java:43)
	at java.lang.reflect.Method.invoke(Method.java:606)
	at org.gradle.messaging.dispatch.ReflectionDispatch.dispatch(ReflectionDispatch.java:35)
	at org.gradle.messaging.dispatch.ReflectionDispatch.dispatch(ReflectionDispatch.java:24)
	at org.gradle.messaging.dispatch.ContextClassLoaderDispatch.dispatch(ContextClassLoaderDispatch.java:32)
	at org.gradle.messaging.dispatch.ProxyDispatchAdapter$DispatchingInvocationHandler.invoke(ProxyDispatchAdapter.java:93)
	at com.sun.proxy.$Proxy2.processTestClass(Unknown Source)
	at org.gradle.api.internal.tasks.testing.worker.TestWorker.processTestClass(TestWorker.java:105)
	at sun.reflect.GeneratedMethodAccessor7.invoke(Unknown Source)
	at sun.reflect.DelegatingMethodAccessorImpl.invoke(DelegatingMethodAccessorImpl.java:43)
	at java.lang.reflect.Method.invoke(Method.java:606)
	at org.gradle.messaging.dispatch.ReflectionDispatch.dispatch(ReflectionDispatch.java:35)
	at org.gradle.messaging.dispatch.ReflectionDispatch.dispatch(ReflectionDispatch.java:24)
	at org.gradle.messaging.remote.internal.hub.MessageHub$Handler.run(MessageHub.java:360)
	at org.gradle.internal.concurrent.DefaultExecutorFactory$StoppableExecutorImpl$1.run(DefaultExecutorFactory.java:64)
	at java.util.concurrent.ThreadPoolExecutor.runWorker(ThreadPoolExecutor.java:1145)
	at java.util.concurrent.ThreadPoolExecutor$Worker.run(ThreadPoolExecutor.java:615)
	at java.lang.Thread.run(Thread.java:745)
[2015-05-29 17:14:39,050][Test worker][DEBUG][ProtocolSerializer] Finish mac(macKey=P2Bbo6+bSSR9O2Qc89f3b4oHTyE1V2gF,macString=Protocal-Version:1.5|GPE_Id:GPE-111|Terminal-Id:111|Operator-Id:OPERATOR-111|Trans-BatchNumber:20150529|TractMsg-Id:1432890879027|Timestamp:20150529171439|Transaction-Type:4455|Transaction-Id:0115052900000000002372|Response-Code:307|):55d4e074b7c2dd10a59762f3a3dba806
[2015-05-29 17:14:39,050][Test worker][DEBUG][BaseServletIntegrationTest] Got response(code=307,length=0): 
[2015-05-29 17:14:39,059][Test worker][DEBUG][TEPortServlet] Startup job scheduer(org.quartz.impl.StdScheduler@4d1e5820) successfully.
[2015-05-29 17:14:39,060][Test worker][WARN ][TEPortServlet] can NOT find META file:F:\project\M.Lottery\TE\TRUNK_TE\sourcecode\build\classes\main\META-INF\MANIFEST.MF
[2015-05-29 17:14:39,060][Test worker][DEBUG][TEPortServlet] Register MBean(com.mpos.lottery.te.common.jmx.TransactionTimeout@3ab7ec30) with name(com.mpos.lottery.te:type=TransactionTimeoutMBean) successfully.
[2015-05-29 17:14:39,060][Test worker][DEBUG][BaseTransactionalIntegrationTest] Retrieve a ApplicationContext(org.springframework.web.context.support.GenericWebApplicationContext@34f645a8: startup date [Fri May 29 17:12:38 CST 2015]; root of context hierarchy).
[2015-05-29 17:14:39,060][Test worker][INFO ][BaseTransactionalIntegrationTest] +------------------------------------------------------------------------------------------------------------------------+
[2015-05-29 17:14:39,060][Test worker][INFO ][BaseTransactionalIntegrationTest] | SmartAirtimeTopupIntegrationTest.test_Topup_Remote_Fail                                                                |
[2015-05-29 17:14:39,060][Test worker][INFO ][BaseTransactionalIntegrationTest] +------------------------------------------------------------------------------------------------------------------------+
[2015-05-29 17:14:39,063][Test worker][DEBUG][MLotteryContext] find mapping file definition(xml-mapping/vas/airtime/Topup_Req.xml) by key(transtype.455).
[2015-05-29 17:14:39,064][Test worker][DEBUG][CastorHelper] Finish marshaling input(typeclass com.mpos.lottery.te.valueaddservice.airtime.AirtimeTopup, mappingFile=xml-mapping/vas/airtime/Topup_Req.xml).
[2015-05-29 17:14:39,064][Test worker][DEBUG][BaseServletIntegrationTest] Do MAC(key=P2Bbo6+bSSR9O2Qc89f3b4oHTyE1V2gF) on (Protocal-Version:1.5|GPE_Id:GPE-111|Terminal-Id:111|Operator-Id:OPERATOR-111|Trans-BatchNumber:20150529|TractMsg-Id:1432890879063|Timestamp:20150529171439|Transaction-Type:455|Transaction-Id:|Response-Code:|<?xml version="1.0" encoding="UTF-8"?>
<AirtimeTopup mobile="13800138999" amount="0.01"><Game id="AIRTIME-SMART"/></AirtimeTopup>,hash=844876618), get digest:e6e4b306c9b64488059090978b29f476
[2015-05-29 17:14:39,064][Test worker][DEBUG][TEPortServlet] Got request header(name=X-Transaction-Type, value=455).
[2015-05-29 17:14:39,064][Test worker][DEBUG][TEPortServlet] Got request header(name=X-Protocal-Version, value=1.5).
[2015-05-29 17:14:39,064][Test worker][DEBUG][TEPortServlet] Got request header(name=X-Timestamp, value=20150529171439).
[2015-05-29 17:14:39,064][Test worker][DEBUG][TEPortServlet] Got request header(name=X-GPE-Id, value=GPE-111).
[2015-05-29 17:14:39,064][Test worker][DEBUG][TEPortServlet] Got request header(name=X-Trace-Message-Id, value=1432890879063).
[2015-05-29 17:14:39,064][Test worker][DEBUG][TEPortServlet] Got request header(name=X-Operator-Id, value=OPERATOR-111).
[2015-05-29 17:14:39,064][Test worker][DEBUG][TEPortServlet] Got request header(name=X-Terminal-Id, value=111).
[2015-05-29 17:14:39,064][Test worker][DEBUG][TEPortServlet] Got request header(name=X-MAC, value=e6e4b306c9b64488059090978b29f476).
[2015-05-29 17:14:39,064][Test worker][DEBUG][TEPortServlet] Got request header(name=X-Game-Type-Id, value=1000).
[2015-05-29 17:14:39,064][Test worker][DEBUG][TEPortServlet] Got request header(name=X-Trans-BatchNumber, value=20150529).
[2015-05-29 17:14:39,064][Test worker][DEBUG][TEPortServlet] Got request header(name=X-GPS-Location, value=40.714353,-74.005973).
[2015-05-29 17:14:39,066][Test worker][DEBUG][TEPortServlet] Got request from localhost, and the message body is:pq3FqO8HCcAnaobA+xpVnADmrnwj1vrK59BGhqvtskYFWTsa2cbe6qqeM+/kjIzeKc3xm3Ymumpsff4aFq/h8/gAmwn5GE6uJ9wH2YDBNRsN09x3X7NPhNqvEJpYxsQMnqOs1fNA4bwQG/+lS74VywCjgVCvM5anbE4KbZYf8lsLkHoKmeoUpg==.
[2015-05-29 17:14:39,066][Test worker][DEBUG][ProtocolSerializer] Start to deserialize request context(Protocal-Version:1.5|GPE_Id:GPE-111|Terminal-Id:111|Operator-Id:OPERATOR-111|Trans-BatchNumber:20150529|TractMsg-Id:1432890879063|Timestamp:20150529171439|Transaction-Type:455|Transaction-Id:|Response-Code:|).
[2015-05-29 17:14:39,066][Test worker][DEBUG][ProtocolSerializer] Finish decrypting cipher into original xml:<?xml version="1.0" encoding="UTF-8"?>
<AirtimeTopup mobile="13800138999" amount="0.01"><Game id="AIRTIME-SMART"/></AirtimeTopup>
[2015-05-29 17:14:39,066][Test worker][DEBUG][ProtocolSerializer] Start to do MAC(key=P2Bbo6+bSSR9O2Qc89f3b4oHTyE1V2gF) on (Protocal-Version:1.5|GPE_Id:GPE-111|Terminal-Id:111|Operator-Id:OPERATOR-111|Trans-BatchNumber:20150529|TractMsg-Id:1432890879063|Timestamp:20150529171439|Transaction-Type:455|Transaction-Id:|Response-Code:|<?xml version="1.0" encoding="UTF-8"?>
<AirtimeTopup mobile="13800138999" amount="0.01"><Game id="AIRTIME-SMART"/></AirtimeTopup>,hash=844876618), get digest:e6e4b306c9b64488059090978b29f476
[2015-05-29 17:14:39,066][Test worker][DEBUG][MLotteryContext] find mapping file definition(xml-mapping/vas/airtime/Topup_Req.xml) by key(transtype.455).
[2015-05-29 17:14:39,066][Test worker][DEBUG][ProtocolSerializer] Start to deserialize model: model=null,mappingFile=xml-mapping/vas/airtime/Topup_Req.xml
[2015-05-29 17:14:39,066][Test worker][DEBUG][MLotteryContext] find mapping file definition(xml-mapping/vas/airtime/Topup_Req.xml) by key(transtype.455).
[2015-05-29 17:14:39,076][Test worker][DEBUG][RoutineRegistry] Try to lookup handler by routine key(1000_455_1.5.0).
[2015-05-29 17:14:39,076][Test worker][DEBUG][RoutineRegistry] Try to lookup handler by routine key(1000_455_).
[2015-05-29 17:14:39,076][Test worker][DEBUG][RoutineRegistry] Try to lookup handler by routine key(-1_455_).
[2015-05-29 17:14:39,076][Test worker][DEBUG][RoutineRegistry] Lookup controller by key(-1_455_), found controller(com.mpos.lottery.te.valueaddservice.airtime.AirtimeController@52b28256) and method(public void com.mpos.lottery.te.valueaddservice.airtime.AirtimeController.topup(com.mpos.lottery.te.port.Context,com.mpos.lottery.te.port.Context) throws com.mpos.lottery.te.config.exception.ApplicationException).
[2015-05-29 17:14:39,080][Test worker][DEBUG][DefaultBalanceService] Found the balance node(Operator [id=OPERATOR-111, loginName=OPERATOR-LOGIN, creditType=1, saleCreditLevel=200000000, payoutCreditLevel=1000, cashoutBalance=0, commisionBalance=0])
[2015-05-29 17:14:39,082][Test worker][DEBUG][AirtimeProviderFactory] Found AirtimeProvider(com.mpos.lottery.te.valueaddservice.airtime.support.spi.smart.SmartAirtimeProvider@8a592b9) for airtime provider 2
[2015-05-29 17:14:39,082][Test worker][DEBUG][SmartAirtimeProvider] [SMART Request] <soapenv:Envelope xmlns:soapenv="http://schemas.xmlsoap.org/soap/envelope/" xmlns:com="http://sdf.cellc.net/commonDataModel">   <soapenv:Header/>   <soapenv:Body>      <com:SDF_Data>         <com:header>            <com:processTypeID>8798</com:processTypeID>            <com:externalReference>14328908790825679</com:externalReference>            <com:sourceID>33613195</com:sourceID>            <com:username>CM6 Lottery</com:username>            <com:password>Y202U01AcA==</com:password>            <com:processFlag>1</com:processFlag>         </com:header>         <com:parameters name="">            <com:parameter name="RechargeType">1010</com:parameter>            <com:parameter name="MSISDN">13800138999</com:parameter>            <com:parameter name="Amount">1</com:parameter>            <com:parameter name="Channel_ID">35</com:parameter>         </com:parameters>      </com:SDF_Data>   </soapenv:Body></soapenv:Envelope>
[2015-05-29 17:14:39,095][Test worker][DEBUG][SmartAirtimeProvider] [Smart Response] <?xml version="1.0" encoding="UTF-8"?>
<soapenv:Envelope xmlns:soapenv="http://schemas.xmlsoap.org/soap/envelope/" xmlns:com="http://sdf.cellc.net/commonDataModel">   <soapenv:Header/>   <soapenv:Body>      <com:SDF_Data>         <com:header>            <com:processTypeID>8798</com:processTypeID>            <com:externalReference>14328908790825679</com:externalReference>            <com:sourceID>33613195</com:sourceID>            <com:username>CM6 Lottery</com:username>            <com:password>Y202U01AcA==</com:password>            <com:processFlag>1</com:processFlag>         </com:header>         <com:parameters name="">            <com:parameter name="RechargeType">1010</com:parameter>            <com:parameter name="MSISDN">13800138999</com:parameter>            <com:parameter name="Amount">1</com:parameter>            <com:parameter name="Channel_ID">35</com:parameter>         </com:parameters>      <com:result><com:statusCode>1</com:statusCode><com:errorCode>1</com:errorCode><com:errorDescription>Duplicated Transaction 000001</com:errorDescription><com:instanceId>00001</com:instanceId></com:result></com:SDF_Data>   </soapenv:Body></soapenv:Envelope>

[2015-05-29 17:14:39,105][Test worker][WARN ][SmartAirtimeProvider] Failed result of transaction(0115052900000000002373) from SMART:Duplicated Transaction 000001
[2015-05-29 17:14:39,105][Test worker][ERROR][TEPortServlet] Duplicated Transaction 000001
com.mpos.lottery.te.config.exception.ApplicationException: Duplicated Transaction 000001
	at com.mpos.lottery.te.valueaddservice.airtime.service.MultiProviderAirtimeService.topup(MultiProviderAirtimeService.java:123)
	at sun.reflect.NativeMethodAccessorImpl.invoke0(Native Method)
	at sun.reflect.NativeMethodAccessorImpl.invoke(NativeMethodAccessorImpl.java:57)
	at sun.reflect.DelegatingMethodAccessorImpl.invoke(DelegatingMethodAccessorImpl.java:43)
	at java.lang.reflect.Method.invoke(Method.java:606)
	at org.springframework.aop.support.AopUtils.invokeJoinpointUsingReflection(AopUtils.java:317)
	at org.springframework.aop.framework.ReflectiveMethodInvocation.invokeJoinpoint(ReflectiveMethodInvocation.java:190)
	at org.springframework.aop.framework.ReflectiveMethodInvocation.proceed(ReflectiveMethodInvocation.java:157)
	at org.springframework.transaction.interceptor.TransactionInterceptor$1.proceedWithInvocation(TransactionInterceptor.java:98)
	at org.springframework.transaction.interceptor.TransactionAspectSupport.invokeWithinTransaction(TransactionAspectSupport.java:262)
	at org.springframework.transaction.interceptor.TransactionInterceptor.invoke(TransactionInterceptor.java:95)
	at org.springframework.aop.framework.ReflectiveMethodInvocation.proceed(ReflectiveMethodInvocation.java:179)
	at org.springframework.aop.interceptor.ExposeInvocationInterceptor.invoke(ExposeInvocationInterceptor.java:92)
	at org.springframework.aop.framework.ReflectiveMethodInvocation.proceed(ReflectiveMethodInvocation.java:179)
	at org.springframework.aop.framework.JdkDynamicAopProxy.invoke(JdkDynamicAopProxy.java:207)
	at com.sun.proxy.$Proxy75.topup(Unknown Source)
	at com.mpos.lottery.te.valueaddservice.airtime.AirtimeController.topup(AirtimeController.java:24)
	at sun.reflect.NativeMethodAccessorImpl.invoke0(Native Method)
	at sun.reflect.NativeMethodAccessorImpl.invoke(NativeMethodAccessorImpl.java:57)
	at sun.reflect.DelegatingMethodAccessorImpl.invoke(DelegatingMethodAccessorImpl.java:43)
	at java.lang.reflect.Method.invoke(Method.java:606)
	at com.mpos.lottery.common.router.RoutineRegistry.route(RoutineRegistry.java:57)
	at com.mpos.lottery.te.port.service.CommonFacadeService.routeRequest(CommonFacadeService.java:237)
	at com.mpos.lottery.te.port.service.CommonFacadeService.facade(CommonFacadeService.java:96)
	at sun.reflect.GeneratedMethodAccessor83.invoke(Unknown Source)
	at sun.reflect.DelegatingMethodAccessorImpl.invoke(DelegatingMethodAccessorImpl.java:43)
	at java.lang.reflect.Method.invoke(Method.java:606)
	at org.springframework.aop.support.AopUtils.invokeJoinpointUsingReflection(AopUtils.java:317)
	at org.springframework.aop.framework.ReflectiveMethodInvocation.invokeJoinpoint(ReflectiveMethodInvocation.java:190)
	at org.springframework.aop.framework.ReflectiveMethodInvocation.proceed(ReflectiveMethodInvocation.java:157)
	at org.springframework.transaction.interceptor.TransactionInterceptor$1.proceedWithInvocation(TransactionInterceptor.java:98)
	at org.springframework.transaction.interceptor.TransactionAspectSupport.invokeWithinTransaction(TransactionAspectSupport.java:262)
	at org.springframework.transaction.interceptor.TransactionInterceptor.invoke(TransactionInterceptor.java:95)
	at org.springframework.aop.framework.ReflectiveMethodInvocation.proceed(ReflectiveMethodInvocation.java:179)
	at org.springframework.aop.interceptor.ExposeInvocationInterceptor.invoke(ExposeInvocationInterceptor.java:92)
	at org.springframework.aop.framework.ReflectiveMethodInvocation.proceed(ReflectiveMethodInvocation.java:179)
	at org.springframework.aop.framework.JdkDynamicAopProxy.invoke(JdkDynamicAopProxy.java:207)
	at com.sun.proxy.$Proxy85.facade(Unknown Source)
	at com.mpos.lottery.te.port.TEPortServlet.doPost(TEPortServlet.java:121)
	at com.mpos.lottery.te.test.integration.BaseServletIntegrationTest.doPost(BaseServletIntegrationTest.java:80)
	at com.mpos.lottery.te.valueaddservice.airtime.SmartAirtimeTopupIntegrationTest.test_Topup_Remote_Fail(SmartAirtimeTopupIntegrationTest.java:144)
	at sun.reflect.NativeMethodAccessorImpl.invoke0(Native Method)
	at sun.reflect.NativeMethodAccessorImpl.invoke(NativeMethodAccessorImpl.java:57)
	at sun.reflect.DelegatingMethodAccessorImpl.invoke(DelegatingMethodAccessorImpl.java:43)
	at java.lang.reflect.Method.invoke(Method.java:606)
	at org.junit.runners.model.FrameworkMethod$1.runReflectiveCall(FrameworkMethod.java:47)
	at org.junit.internal.runners.model.ReflectiveCallable.run(ReflectiveCallable.java:12)
	at org.junit.runners.model.FrameworkMethod.invokeExplosively(FrameworkMethod.java:44)
	at org.junit.internal.runners.statements.InvokeMethod.evaluate(InvokeMethod.java:17)
	at org.junit.internal.runners.statements.RunBefores.evaluate(RunBefores.java:26)
	at org.springframework.test.context.junit4.statements.RunBeforeTestMethodCallbacks.evaluate(RunBeforeTestMethodCallbacks.java:74)
	at org.junit.internal.runners.statements.RunAfters.evaluate(RunAfters.java:27)
	at org.springframework.test.context.junit4.statements.RunAfterTestMethodCallbacks.evaluate(RunAfterTestMethodCallbacks.java:83)
	at org.springframework.test.context.junit4.statements.SpringRepeat.evaluate(SpringRepeat.java:72)
	at org.springframework.test.context.junit4.SpringJUnit4ClassRunner.runChild(SpringJUnit4ClassRunner.java:233)
	at org.springframework.test.context.junit4.SpringJUnit4ClassRunner.runChild(SpringJUnit4ClassRunner.java:87)
	at org.junit.runners.ParentRunner$3.run(ParentRunner.java:238)
	at org.junit.runners.ParentRunner$1.schedule(ParentRunner.java:63)
	at org.junit.runners.ParentRunner.runChildren(ParentRunner.java:236)
	at org.junit.runners.ParentRunner.access$000(ParentRunner.java:53)
	at org.junit.runners.ParentRunner$2.evaluate(ParentRunner.java:229)
	at org.junit.internal.runners.statements.RunBefores.evaluate(RunBefores.java:26)
	at org.springframework.test.context.junit4.statements.RunBeforeTestClassCallbacks.evaluate(RunBeforeTestClassCallbacks.java:61)
	at org.junit.internal.runners.statements.RunAfters.evaluate(RunAfters.java:27)
	at org.springframework.test.context.junit4.statements.RunAfterTestClassCallbacks.evaluate(RunAfterTestClassCallbacks.java:71)
	at org.junit.runners.ParentRunner.run(ParentRunner.java:309)
	at org.springframework.test.context.junit4.SpringJUnit4ClassRunner.run(SpringJUnit4ClassRunner.java:176)
	at org.junit.runners.Suite.runChild(Suite.java:127)
	at org.junit.runners.Suite.runChild(Suite.java:26)
	at org.junit.runners.ParentRunner$3.run(ParentRunner.java:238)
	at org.junit.runners.ParentRunner$1.schedule(ParentRunner.java:63)
	at org.junit.runners.ParentRunner.runChildren(ParentRunner.java:236)
	at org.junit.runners.ParentRunner.access$000(ParentRunner.java:53)
	at org.junit.runners.ParentRunner$2.evaluate(ParentRunner.java:229)
	at org.junit.runners.ParentRunner.run(ParentRunner.java:309)
	at org.gradle.api.internal.tasks.testing.junit.JUnitTestClassExecuter.runTestClass(JUnitTestClassExecuter.java:86)
	at org.gradle.api.internal.tasks.testing.junit.JUnitTestClassExecuter.execute(JUnitTestClassExecuter.java:49)
	at org.gradle.api.internal.tasks.testing.junit.JUnitTestClassProcessor.processTestClass(JUnitTestClassProcessor.java:69)
	at org.gradle.api.internal.tasks.testing.SuiteTestClassProcessor.processTestClass(SuiteTestClassProcessor.java:48)
	at sun.reflect.GeneratedMethodAccessor8.invoke(Unknown Source)
	at sun.reflect.DelegatingMethodAccessorImpl.invoke(DelegatingMethodAccessorImpl.java:43)
	at java.lang.reflect.Method.invoke(Method.java:606)
	at org.gradle.messaging.dispatch.ReflectionDispatch.dispatch(ReflectionDispatch.java:35)
	at org.gradle.messaging.dispatch.ReflectionDispatch.dispatch(ReflectionDispatch.java:24)
	at org.gradle.messaging.dispatch.ContextClassLoaderDispatch.dispatch(ContextClassLoaderDispatch.java:32)
	at org.gradle.messaging.dispatch.ProxyDispatchAdapter$DispatchingInvocationHandler.invoke(ProxyDispatchAdapter.java:93)
	at com.sun.proxy.$Proxy2.processTestClass(Unknown Source)
	at org.gradle.api.internal.tasks.testing.worker.TestWorker.processTestClass(TestWorker.java:105)
	at sun.reflect.GeneratedMethodAccessor7.invoke(Unknown Source)
	at sun.reflect.DelegatingMethodAccessorImpl.invoke(DelegatingMethodAccessorImpl.java:43)
	at java.lang.reflect.Method.invoke(Method.java:606)
	at org.gradle.messaging.dispatch.ReflectionDispatch.dispatch(ReflectionDispatch.java:35)
	at org.gradle.messaging.dispatch.ReflectionDispatch.dispatch(ReflectionDispatch.java:24)
	at org.gradle.messaging.remote.internal.hub.MessageHub$Handler.run(MessageHub.java:360)
	at org.gradle.internal.concurrent.DefaultExecutorFactory$StoppableExecutorImpl$1.run(DefaultExecutorFactory.java:64)
	at java.util.concurrent.ThreadPoolExecutor.runWorker(ThreadPoolExecutor.java:1145)
	at java.util.concurrent.ThreadPoolExecutor$Worker.run(ThreadPoolExecutor.java:615)
	at java.lang.Thread.run(Thread.java:745)
[2015-05-29 17:14:39,107][Test worker][DEBUG][ProtocolSerializer] Finish mac(macKey=P2Bbo6+bSSR9O2Qc89f3b4oHTyE1V2gF,macString=Protocal-Version:1.5|GPE_Id:GPE-111|Terminal-Id:111|Operator-Id:OPERATOR-111|Trans-BatchNumber:20150529|TractMsg-Id:1432890879063|Timestamp:20150529171439|Transaction-Type:4455|Transaction-Id:0115052900000000002373|Response-Code:701|):2704b6d572996b6253a2c03d917ce757
[2015-05-29 17:14:39,107][Test worker][DEBUG][BaseServletIntegrationTest] Got response(code=701,length=0): 
[2015-05-29 17:14:39,122][Test worker][DEBUG][TEPortServlet] Startup job scheduer(org.quartz.impl.StdScheduler@4d1e5820) successfully.
[2015-05-29 17:14:39,123][Test worker][WARN ][TEPortServlet] can NOT find META file:F:\project\M.Lottery\TE\TRUNK_TE\sourcecode\build\classes\main\META-INF\MANIFEST.MF
[2015-05-29 17:14:39,123][Test worker][DEBUG][TEPortServlet] Register MBean(com.mpos.lottery.te.common.jmx.TransactionTimeout@4e134064) with name(com.mpos.lottery.te:type=TransactionTimeoutMBean) successfully.
[2015-05-29 17:14:39,123][Test worker][DEBUG][BaseTransactionalIntegrationTest] Retrieve a ApplicationContext(org.springframework.web.context.support.GenericWebApplicationContext@34f645a8: startup date [Fri May 29 17:12:38 CST 2015]; root of context hierarchy).
[2015-05-29 17:14:39,123][Test worker][INFO ][BaseTransactionalIntegrationTest] +------------------------------------------------------------------------------------------------------------------------+
[2015-05-29 17:14:39,123][Test worker][INFO ][BaseTransactionalIntegrationTest] | SmartAirtimeTopupIntegrationTest.test_Topup_IllegalAmount_NoEnoughSaleBalance                                          |
[2015-05-29 17:14:39,123][Test worker][INFO ][BaseTransactionalIntegrationTest] +------------------------------------------------------------------------------------------------------------------------+
[2015-05-29 17:14:39,125][Test worker][DEBUG][MLotteryContext] find mapping file definition(xml-mapping/vas/airtime/Topup_Req.xml) by key(transtype.455).
[2015-05-29 17:14:39,125][Test worker][DEBUG][CastorHelper] Finish marshaling input(typeclass com.mpos.lottery.te.valueaddservice.airtime.AirtimeTopup, mappingFile=xml-mapping/vas/airtime/Topup_Req.xml).
[2015-05-29 17:14:39,125][Test worker][DEBUG][BaseServletIntegrationTest] Do MAC(key=P2Bbo6+bSSR9O2Qc89f3b4oHTyE1V2gF) on (Protocal-Version:1.5|GPE_Id:GPE-111|Terminal-Id:111|Operator-Id:OPERATOR-111|Trans-BatchNumber:20150529|TractMsg-Id:1432890879124|Timestamp:20150529171439|Transaction-Type:455|Transaction-Id:|Response-Code:|<?xml version="1.0" encoding="UTF-8"?>
<AirtimeTopup mobile="13800138000" amount="0.01"><Game id="AIRTIME-SMART"/></AirtimeTopup>,hash=910522893), get digest:be0127c9f4ebc0f45b1e88ab8fd3f752
[2015-05-29 17:14:39,126][Test worker][DEBUG][TEPortServlet] Got request header(name=X-Transaction-Type, value=455).
[2015-05-29 17:14:39,126][Test worker][DEBUG][TEPortServlet] Got request header(name=X-Protocal-Version, value=1.5).
[2015-05-29 17:14:39,126][Test worker][DEBUG][TEPortServlet] Got request header(name=X-Timestamp, value=20150529171439).
[2015-05-29 17:14:39,126][Test worker][DEBUG][TEPortServlet] Got request header(name=X-GPE-Id, value=GPE-111).
[2015-05-29 17:14:39,126][Test worker][DEBUG][TEPortServlet] Got request header(name=X-Trace-Message-Id, value=1432890879124).
[2015-05-29 17:14:39,126][Test worker][DEBUG][TEPortServlet] Got request header(name=X-Operator-Id, value=OPERATOR-111).
[2015-05-29 17:14:39,126][Test worker][DEBUG][TEPortServlet] Got request header(name=X-Terminal-Id, value=111).
[2015-05-29 17:14:39,126][Test worker][DEBUG][TEPortServlet] Got request header(name=X-MAC, value=be0127c9f4ebc0f45b1e88ab8fd3f752).
[2015-05-29 17:14:39,126][Test worker][DEBUG][TEPortServlet] Got request header(name=X-Game-Type-Id, value=1000).
[2015-05-29 17:14:39,126][Test worker][DEBUG][TEPortServlet] Got request header(name=X-Trans-BatchNumber, value=20150529).
[2015-05-29 17:14:39,126][Test worker][DEBUG][TEPortServlet] Got request header(name=X-GPS-Location, value=40.714353,-74.005973).
[2015-05-29 17:14:39,128][Test worker][DEBUG][TEPortServlet] Got request from localhost, and the message body is:pq3FqO8HCcAnaobA+xpVnADmrnwj1vrK59BGhqvtskYFWTsa2cbe6qqeM+/kjIzeKc3xm3Ymumpsff4aFq/h83ojgxzlzd9BP+cXcBO1fBwrOAILQUehdnLC23rlVeR1I90fhpGaYRYPJSFLqB+Y0q7faNtCAOYgpi5MoZ81bML8Cb4hDhXQZA==.
[2015-05-29 17:14:39,128][Test worker][DEBUG][ProtocolSerializer] Start to deserialize request context(Protocal-Version:1.5|GPE_Id:GPE-111|Terminal-Id:111|Operator-Id:OPERATOR-111|Trans-BatchNumber:20150529|TractMsg-Id:1432890879124|Timestamp:20150529171439|Transaction-Type:455|Transaction-Id:|Response-Code:|).
[2015-05-29 17:14:39,128][Test worker][DEBUG][ProtocolSerializer] Finish decrypting cipher into original xml:<?xml version="1.0" encoding="UTF-8"?>
<AirtimeTopup mobile="13800138000" amount="0.01"><Game id="AIRTIME-SMART"/></AirtimeTopup>
[2015-05-29 17:14:39,128][Test worker][DEBUG][ProtocolSerializer] Start to do MAC(key=P2Bbo6+bSSR9O2Qc89f3b4oHTyE1V2gF) on (Protocal-Version:1.5|GPE_Id:GPE-111|Terminal-Id:111|Operator-Id:OPERATOR-111|Trans-BatchNumber:20150529|TractMsg-Id:1432890879124|Timestamp:20150529171439|Transaction-Type:455|Transaction-Id:|Response-Code:|<?xml version="1.0" encoding="UTF-8"?>
<AirtimeTopup mobile="13800138000" amount="0.01"><Game id="AIRTIME-SMART"/></AirtimeTopup>,hash=910522893), get digest:be0127c9f4ebc0f45b1e88ab8fd3f752
[2015-05-29 17:14:39,128][Test worker][DEBUG][MLotteryContext] find mapping file definition(xml-mapping/vas/airtime/Topup_Req.xml) by key(transtype.455).
[2015-05-29 17:14:39,128][Test worker][DEBUG][ProtocolSerializer] Start to deserialize model: model=null,mappingFile=xml-mapping/vas/airtime/Topup_Req.xml
[2015-05-29 17:14:39,128][Test worker][DEBUG][MLotteryContext] find mapping file definition(xml-mapping/vas/airtime/Topup_Req.xml) by key(transtype.455).
[2015-05-29 17:14:39,140][Test worker][DEBUG][RoutineRegistry] Try to lookup handler by routine key(1000_455_1.5.0).
[2015-05-29 17:14:39,140][Test worker][DEBUG][RoutineRegistry] Try to lookup handler by routine key(1000_455_).
[2015-05-29 17:14:39,140][Test worker][DEBUG][RoutineRegistry] Try to lookup handler by routine key(-1_455_).
[2015-05-29 17:14:39,140][Test worker][DEBUG][RoutineRegistry] Lookup controller by key(-1_455_), found controller(com.mpos.lottery.te.valueaddservice.airtime.AirtimeController@52b28256) and method(public void com.mpos.lottery.te.valueaddservice.airtime.AirtimeController.topup(com.mpos.lottery.te.port.Context,com.mpos.lottery.te.port.Context) throws com.mpos.lottery.te.config.exception.ApplicationException).
[2015-05-29 17:14:39,144][Test worker][DEBUG][DefaultBalanceService] Found the balance node(Operator [id=OPERATOR-111, loginName=OPERATOR-LOGIN, creditType=1, saleCreditLevel=0, payoutCreditLevel=1000, cashoutBalance=0, commisionBalance=0])
[2015-05-29 17:14:39,145][Test worker][ERROR][TEPortServlet] The sale balance (0) of Operator [id=OPERATOR-111, loginName=OPERATOR-LOGIN, creditType=1, saleCreditLevel=0, payoutCreditLevel=1000, cashoutBalance=0, commisionBalance=0] isn't enough for transacion(amount=0.01).
com.mpos.lottery.te.config.exception.ApplicationException: The sale balance (0) of Operator [id=OPERATOR-111, loginName=OPERATOR-LOGIN, creditType=1, saleCreditLevel=0, payoutCreditLevel=1000, cashoutBalance=0, commisionBalance=0] isn't enough for transacion(amount=0.01).
	at com.mpos.lottery.te.merchant.service.balance.DefaultBalanceService.lockAndVerifySaleBalance(DefaultBalanceService.java:108)
	at com.mpos.lottery.te.valueaddservice.airtime.service.MultiProviderAirtimeService.verifyBalance(MultiProviderAirtimeService.java:212)
	at com.mpos.lottery.te.valueaddservice.airtime.service.MultiProviderAirtimeService.topup(MultiProviderAirtimeService.java:78)
	at sun.reflect.NativeMethodAccessorImpl.invoke0(Native Method)
	at sun.reflect.NativeMethodAccessorImpl.invoke(NativeMethodAccessorImpl.java:57)
	at sun.reflect.DelegatingMethodAccessorImpl.invoke(DelegatingMethodAccessorImpl.java:43)
	at java.lang.reflect.Method.invoke(Method.java:606)
	at org.springframework.aop.support.AopUtils.invokeJoinpointUsingReflection(AopUtils.java:317)
	at org.springframework.aop.framework.ReflectiveMethodInvocation.invokeJoinpoint(ReflectiveMethodInvocation.java:190)
	at org.springframework.aop.framework.ReflectiveMethodInvocation.proceed(ReflectiveMethodInvocation.java:157)
	at org.springframework.transaction.interceptor.TransactionInterceptor$1.proceedWithInvocation(TransactionInterceptor.java:98)
	at org.springframework.transaction.interceptor.TransactionAspectSupport.invokeWithinTransaction(TransactionAspectSupport.java:262)
	at org.springframework.transaction.interceptor.TransactionInterceptor.invoke(TransactionInterceptor.java:95)
	at org.springframework.aop.framework.ReflectiveMethodInvocation.proceed(ReflectiveMethodInvocation.java:179)
	at org.springframework.aop.interceptor.ExposeInvocationInterceptor.invoke(ExposeInvocationInterceptor.java:92)
	at org.springframework.aop.framework.ReflectiveMethodInvocation.proceed(ReflectiveMethodInvocation.java:179)
	at org.springframework.aop.framework.JdkDynamicAopProxy.invoke(JdkDynamicAopProxy.java:207)
	at com.sun.proxy.$Proxy75.topup(Unknown Source)
	at com.mpos.lottery.te.valueaddservice.airtime.AirtimeController.topup(AirtimeController.java:24)
	at sun.reflect.NativeMethodAccessorImpl.invoke0(Native Method)
	at sun.reflect.NativeMethodAccessorImpl.invoke(NativeMethodAccessorImpl.java:57)
	at sun.reflect.DelegatingMethodAccessorImpl.invoke(DelegatingMethodAccessorImpl.java:43)
	at java.lang.reflect.Method.invoke(Method.java:606)
	at com.mpos.lottery.common.router.RoutineRegistry.route(RoutineRegistry.java:57)
	at com.mpos.lottery.te.port.service.CommonFacadeService.routeRequest(CommonFacadeService.java:237)
	at com.mpos.lottery.te.port.service.CommonFacadeService.facade(CommonFacadeService.java:96)
	at sun.reflect.GeneratedMethodAccessor83.invoke(Unknown Source)
	at sun.reflect.DelegatingMethodAccessorImpl.invoke(DelegatingMethodAccessorImpl.java:43)
	at java.lang.reflect.Method.invoke(Method.java:606)
	at org.springframework.aop.support.AopUtils.invokeJoinpointUsingReflection(AopUtils.java:317)
	at org.springframework.aop.framework.ReflectiveMethodInvocation.invokeJoinpoint(ReflectiveMethodInvocation.java:190)
	at org.springframework.aop.framework.ReflectiveMethodInvocation.proceed(ReflectiveMethodInvocation.java:157)
	at org.springframework.transaction.interceptor.TransactionInterceptor$1.proceedWithInvocation(TransactionInterceptor.java:98)
	at org.springframework.transaction.interceptor.TransactionAspectSupport.invokeWithinTransaction(TransactionAspectSupport.java:262)
	at org.springframework.transaction.interceptor.TransactionInterceptor.invoke(TransactionInterceptor.java:95)
	at org.springframework.aop.framework.ReflectiveMethodInvocation.proceed(ReflectiveMethodInvocation.java:179)
	at org.springframework.aop.interceptor.ExposeInvocationInterceptor.invoke(ExposeInvocationInterceptor.java:92)
	at org.springframework.aop.framework.ReflectiveMethodInvocation.proceed(ReflectiveMethodInvocation.java:179)
	at org.springframework.aop.framework.JdkDynamicAopProxy.invoke(JdkDynamicAopProxy.java:207)
	at com.sun.proxy.$Proxy85.facade(Unknown Source)
	at com.mpos.lottery.te.port.TEPortServlet.doPost(TEPortServlet.java:121)
	at com.mpos.lottery.te.test.integration.BaseServletIntegrationTest.doPost(BaseServletIntegrationTest.java:80)
	at com.mpos.lottery.te.valueaddservice.airtime.SmartAirtimeTopupIntegrationTest.test_Topup_IllegalAmount_NoEnoughSaleBalance(SmartAirtimeTopupIntegrationTest.java:238)
	at sun.reflect.NativeMethodAccessorImpl.invoke0(Native Method)
	at sun.reflect.NativeMethodAccessorImpl.invoke(NativeMethodAccessorImpl.java:57)
	at sun.reflect.DelegatingMethodAccessorImpl.invoke(DelegatingMethodAccessorImpl.java:43)
	at java.lang.reflect.Method.invoke(Method.java:606)
	at org.junit.runners.model.FrameworkMethod$1.runReflectiveCall(FrameworkMethod.java:47)
	at org.junit.internal.runners.model.ReflectiveCallable.run(ReflectiveCallable.java:12)
	at org.junit.runners.model.FrameworkMethod.invokeExplosively(FrameworkMethod.java:44)
	at org.junit.internal.runners.statements.InvokeMethod.evaluate(InvokeMethod.java:17)
	at org.junit.internal.runners.statements.RunBefores.evaluate(RunBefores.java:26)
	at org.springframework.test.context.junit4.statements.RunBeforeTestMethodCallbacks.evaluate(RunBeforeTestMethodCallbacks.java:74)
	at org.junit.internal.runners.statements.RunAfters.evaluate(RunAfters.java:27)
	at org.springframework.test.context.junit4.statements.RunAfterTestMethodCallbacks.evaluate(RunAfterTestMethodCallbacks.java:83)
	at org.springframework.test.context.junit4.statements.SpringRepeat.evaluate(SpringRepeat.java:72)
	at org.springframework.test.context.junit4.SpringJUnit4ClassRunner.runChild(SpringJUnit4ClassRunner.java:233)
	at org.springframework.test.context.junit4.SpringJUnit4ClassRunner.runChild(SpringJUnit4ClassRunner.java:87)
	at org.junit.runners.ParentRunner$3.run(ParentRunner.java:238)
	at org.junit.runners.ParentRunner$1.schedule(ParentRunner.java:63)
	at org.junit.runners.ParentRunner.runChildren(ParentRunner.java:236)
	at org.junit.runners.ParentRunner.access$000(ParentRunner.java:53)
	at org.junit.runners.ParentRunner$2.evaluate(ParentRunner.java:229)
	at org.junit.internal.runners.statements.RunBefores.evaluate(RunBefores.java:26)
	at org.springframework.test.context.junit4.statements.RunBeforeTestClassCallbacks.evaluate(RunBeforeTestClassCallbacks.java:61)
	at org.junit.internal.runners.statements.RunAfters.evaluate(RunAfters.java:27)
	at org.springframework.test.context.junit4.statements.RunAfterTestClassCallbacks.evaluate(RunAfterTestClassCallbacks.java:71)
	at org.junit.runners.ParentRunner.run(ParentRunner.java:309)
	at org.springframework.test.context.junit4.SpringJUnit4ClassRunner.run(SpringJUnit4ClassRunner.java:176)
	at org.junit.runners.Suite.runChild(Suite.java:127)
	at org.junit.runners.Suite.runChild(Suite.java:26)
	at org.junit.runners.ParentRunner$3.run(ParentRunner.java:238)
	at org.junit.runners.ParentRunner$1.schedule(ParentRunner.java:63)
	at org.junit.runners.ParentRunner.runChildren(ParentRunner.java:236)
	at org.junit.runners.ParentRunner.access$000(ParentRunner.java:53)
	at org.junit.runners.ParentRunner$2.evaluate(ParentRunner.java:229)
	at org.junit.runners.ParentRunner.run(ParentRunner.java:309)
	at org.gradle.api.internal.tasks.testing.junit.JUnitTestClassExecuter.runTestClass(JUnitTestClassExecuter.java:86)
	at org.gradle.api.internal.tasks.testing.junit.JUnitTestClassExecuter.execute(JUnitTestClassExecuter.java:49)
	at org.gradle.api.internal.tasks.testing.junit.JUnitTestClassProcessor.processTestClass(JUnitTestClassProcessor.java:69)
	at org.gradle.api.internal.tasks.testing.SuiteTestClassProcessor.processTestClass(SuiteTestClassProcessor.java:48)
	at sun.reflect.GeneratedMethodAccessor8.invoke(Unknown Source)
	at sun.reflect.DelegatingMethodAccessorImpl.invoke(DelegatingMethodAccessorImpl.java:43)
	at java.lang.reflect.Method.invoke(Method.java:606)
	at org.gradle.messaging.dispatch.ReflectionDispatch.dispatch(ReflectionDispatch.java:35)
	at org.gradle.messaging.dispatch.ReflectionDispatch.dispatch(ReflectionDispatch.java:24)
	at org.gradle.messaging.dispatch.ContextClassLoaderDispatch.dispatch(ContextClassLoaderDispatch.java:32)
	at org.gradle.messaging.dispatch.ProxyDispatchAdapter$DispatchingInvocationHandler.invoke(ProxyDispatchAdapter.java:93)
	at com.sun.proxy.$Proxy2.processTestClass(Unknown Source)
	at org.gradle.api.internal.tasks.testing.worker.TestWorker.processTestClass(TestWorker.java:105)
	at sun.reflect.GeneratedMethodAccessor7.invoke(Unknown Source)
	at sun.reflect.DelegatingMethodAccessorImpl.invoke(DelegatingMethodAccessorImpl.java:43)
	at java.lang.reflect.Method.invoke(Method.java:606)
	at org.gradle.messaging.dispatch.ReflectionDispatch.dispatch(ReflectionDispatch.java:35)
	at org.gradle.messaging.dispatch.ReflectionDispatch.dispatch(ReflectionDispatch.java:24)
	at org.gradle.messaging.remote.internal.hub.MessageHub$Handler.run(MessageHub.java:360)
	at org.gradle.internal.concurrent.DefaultExecutorFactory$StoppableExecutorImpl$1.run(DefaultExecutorFactory.java:64)
	at java.util.concurrent.ThreadPoolExecutor.runWorker(ThreadPoolExecutor.java:1145)
	at java.util.concurrent.ThreadPoolExecutor$Worker.run(ThreadPoolExecutor.java:615)
	at java.lang.Thread.run(Thread.java:745)
[2015-05-29 17:14:39,147][Test worker][DEBUG][ProtocolSerializer] Finish mac(macKey=P2Bbo6+bSSR9O2Qc89f3b4oHTyE1V2gF,macString=Protocal-Version:1.5|GPE_Id:GPE-111|Terminal-Id:111|Operator-Id:OPERATOR-111|Trans-BatchNumber:20150529|TractMsg-Id:1432890879124|Timestamp:20150529171439|Transaction-Type:4455|Transaction-Id:0115052900000000002374|Response-Code:327|):5fb65f5a46210f60c36939ad204bad51
[2015-05-29 17:14:39,147][Test worker][DEBUG][BaseServletIntegrationTest] Got response(code=327,length=0): 
]]></system-out>
  <system-err><![CDATA[]]></system-err>
</testsuite>
