<?xml version="1.0" encoding="UTF-8"?>
<testsuite name="com.mpos.lottery.te.gameimpl.magic100.game.service.Magic100GameInstanceServiceIntegrationTest" tests="1" skipped="0" failures="0" errors="0" timestamp="2015-05-29T09:13:35" hostname="Ramon-PC" time="0.017">
  <properties/>
  <testcase name="testEnquiryActive" classname="com.mpos.lottery.te.gameimpl.magic100.game.service.Magic100GameInstanceServiceIntegrationTest" time="0.017"/>
  <system-out><![CDATA[[2015-05-29 17:13:35,794][Test worker][DEBUG][BaseTransactionalIntegrationTest] Retrieve a ApplicationContext(org.springframework.web.context.support.GenericWebApplicationContext@34f645a8: startup date [Fri May 29 17:12:38 CST 2015]; root of context hierarchy).
[2015-05-29 17:13:35,802][Test worker][INFO ][AbstractGameInstanceService] No channel game instance time definiton found, ignore it.
]]></system-out>
  <system-err><![CDATA[]]></system-err>
</testsuite>
