<?xml version="1.0" encoding="UTF-8"?>
<testsuite name="com.mpos.lottery.te.gameimpl.digital.sale.SaleEnquiryIntegrationTest" tests="2" skipped="0" failures="0" errors="0" timestamp="2015-05-29T09:13:01" hostname="Ramon-PC" time="0.657">
  <properties/>
  <testcase name="testEnquiryByTrans" classname="com.mpos.lottery.te.gameimpl.digital.sale.SaleEnquiryIntegrationTest" time="0.394"/>
  <testcase name="testEnquiryByTicket" classname="com.mpos.lottery.te.gameimpl.digital.sale.SaleEnquiryIntegrationTest" time="0.262"/>
  <system-out><![CDATA[[2015-05-29 17:13:01,427][Test worker][DEBUG][TEPortServlet] Startup job scheduer(org.quartz.impl.StdScheduler@4d1e5820) successfully.
[2015-05-29 17:13:01,427][Test worker][WARN ][TEPortServlet] can NOT find META file:F:\project\M.Lottery\TE\TRUNK_TE\sourcecode\build\classes\main\META-INF\MANIFEST.MF
[2015-05-29 17:13:01,428][Test worker][DEBUG][TEPortServlet] Register MBean(com.mpos.lottery.te.common.jmx.TransactionTimeout@282b2ec) with name(com.mpos.lottery.te:type=TransactionTimeoutMBean) successfully.
[2015-05-29 17:13:01,428][Test worker][DEBUG][BaseTransactionalIntegrationTest] Retrieve a ApplicationContext(org.springframework.web.context.support.GenericWebApplicationContext@34f645a8: startup date [Fri May 29 17:12:38 CST 2015]; root of context hierarchy).
[2015-05-29 17:13:01,428][Test worker][INFO ][BaseTransactionalIntegrationTest] +------------------------------------------------------------------------------------------------------------------------+
[2015-05-29 17:13:01,429][Test worker][INFO ][BaseTransactionalIntegrationTest] | SaleEnquiryIntegrationTest.testEnquiryByTrans                                                                          |
[2015-05-29 17:13:01,429][Test worker][INFO ][BaseTransactionalIntegrationTest] +------------------------------------------------------------------------------------------------------------------------+
[2015-05-29 17:13:01,429][Test worker][DEBUG][MLotteryContext] find mapping file definition(xml-mapping/game/digital/SellTicket_Req.xml) by key(7.transtype.200).
[2015-05-29 17:13:01,430][Test worker][DEBUG][CastorHelper] Finish marshaling input(typeclass com.mpos.lottery.te.gameimpl.digital.sale.DigitalTicket, mappingFile=xml-mapping/game/digital/SellTicket_Req.xml).
[2015-05-29 17:13:01,431][Test worker][DEBUG][BaseServletIntegrationTest] Do MAC(key=P2Bbo6+bSSR9O2Qc89f3b4oHTyE1V2gF) on (Protocal-Version:1.5|GPE_Id:GPE-111|Terminal-Id:111|Operator-Id:OPERATOR-111|Trans-BatchNumber:20150529|TractMsg-Id:1432890781429|Timestamp:20150529171301|Transaction-Type:200|Transaction-Id:|Response-Code:|<?xml version="1.0" encoding="UTF-8"?>
<Ticket multipleDraws="2" totalAmount="400.0" PIN="!!!"><GameDraw number="11002" gameId="FD-1"/><Entry selectedNumber="0,3,2,8" betOption="4" inputChannel="2" entryAmount="60.0"/><Entry selectedNumber="25" betOption="-3" inputChannel="2" entryAmount="140.0"/><User mobile="13800138000" creditCardSN="09812091283120123" id="lai"/></Ticket>,hash=1958852760), get digest:8afc7cd294f68c12f421fbb972767f3c
[2015-05-29 17:13:01,431][Test worker][DEBUG][TEPortServlet] Got request header(name=X-Transaction-Type, value=200).
[2015-05-29 17:13:01,431][Test worker][DEBUG][TEPortServlet] Got request header(name=X-Protocal-Version, value=1.5).
[2015-05-29 17:13:01,431][Test worker][DEBUG][TEPortServlet] Got request header(name=X-Timestamp, value=20150529171301).
[2015-05-29 17:13:01,431][Test worker][DEBUG][TEPortServlet] Got request header(name=X-GPE-Id, value=GPE-111).
[2015-05-29 17:13:01,432][Test worker][DEBUG][TEPortServlet] Got request header(name=X-Trace-Message-Id, value=1432890781429).
[2015-05-29 17:13:01,432][Test worker][DEBUG][TEPortServlet] Got request header(name=X-Operator-Id, value=OPERATOR-111).
[2015-05-29 17:13:01,432][Test worker][DEBUG][TEPortServlet] Got request header(name=X-Terminal-Id, value=111).
[2015-05-29 17:13:01,432][Test worker][DEBUG][TEPortServlet] Got request header(name=X-MAC, value=8afc7cd294f68c12f421fbb972767f3c).
[2015-05-29 17:13:01,432][Test worker][DEBUG][TEPortServlet] Got request header(name=X-Game-Type-Id, value=7).
[2015-05-29 17:13:01,432][Test worker][DEBUG][TEPortServlet] Got request header(name=X-Trans-BatchNumber, value=20150529).
[2015-05-29 17:13:01,432][Test worker][DEBUG][TEPortServlet] Got request header(name=X-GPS-Location, value=40.714353,-74.005973).
[2015-05-29 17:13:01,435][Test worker][DEBUG][TEPortServlet] Got request from localhost, and the message body is:pq3FqO8HCcAnaobA+xpVnADmrnwj1vrK59BGhqvtskYFWTsa2cbe6vvj1C28m6E+ybhcq2GHfncNCEmxnE1Ou0qcmJ+qutg9btrOyNtL8dAXOsCAt2VNz1Y3CyjizpWI1I8nQlwlEa8u3GnJdhPFqIwM+Go3KKjwWeZYUIZCCRGWj1yuQpJlzXfrBcB0y+SIx9BCcDqX9Cq9c2sM8doKNf2KfW5C60akmrLPtm4ds3wtET6JtIywgiNFKLcIdAG//+8JPC3fMLps3JnYw9/PChBNW4+JKSio1UkYGHWQMW8cZ8cWTDtVXm8ZINTl4bZYkVQl+v2xOSZWJfSo5PoTuCSV8U4FP7D/T6UDilZ4acW94+RrdCzF5xCwRJMMncqK4YeX8axPGnJNj8CfPsIS98AxpAtzOKg4eGW58K3qGmGJNAC9vxn2hqlnhCJ/guYLb6ysfRvd83y7AzPJ8taL+kqG6YmonjVwLMGX5NAyO1SNZJurVU7P5dRbgGIQtziq.
[2015-05-29 17:13:01,435][Test worker][DEBUG][ProtocolSerializer] Start to deserialize request context(Protocal-Version:1.5|GPE_Id:GPE-111|Terminal-Id:111|Operator-Id:OPERATOR-111|Trans-BatchNumber:20150529|TractMsg-Id:1432890781429|Timestamp:20150529171301|Transaction-Type:200|Transaction-Id:|Response-Code:|).
[2015-05-29 17:13:01,436][Test worker][DEBUG][ProtocolSerializer] Finish decrypting cipher into original xml:<?xml version="1.0" encoding="UTF-8"?>
<Ticket multipleDraws="2" totalAmount="400.0" PIN="!!!"><GameDraw number="11002" gameId="FD-1"/><Entry selectedNumber="0,3,2,8" betOption="4" inputChannel="2" entryAmount="60.0"/><Entry selectedNumber="25" betOption="-3" inputChannel="2" entryAmount="140.0"/><User mobile="13800138000" creditCardSN="09812091283120123" id="lai"/></Ticket>
[2015-05-29 17:13:01,436][Test worker][DEBUG][ProtocolSerializer] Start to do MAC(key=P2Bbo6+bSSR9O2Qc89f3b4oHTyE1V2gF) on (Protocal-Version:1.5|GPE_Id:GPE-111|Terminal-Id:111|Operator-Id:OPERATOR-111|Trans-BatchNumber:20150529|TractMsg-Id:1432890781429|Timestamp:20150529171301|Transaction-Type:200|Transaction-Id:|Response-Code:|<?xml version="1.0" encoding="UTF-8"?>
<Ticket multipleDraws="2" totalAmount="400.0" PIN="!!!"><GameDraw number="11002" gameId="FD-1"/><Entry selectedNumber="0,3,2,8" betOption="4" inputChannel="2" entryAmount="60.0"/><Entry selectedNumber="25" betOption="-3" inputChannel="2" entryAmount="140.0"/><User mobile="13800138000" creditCardSN="09812091283120123" id="lai"/></Ticket>,hash=1958852760), get digest:8afc7cd294f68c12f421fbb972767f3c
[2015-05-29 17:13:01,436][Test worker][DEBUG][MLotteryContext] find mapping file definition(xml-mapping/game/digital/SellTicket_Req.xml) by key(7.transtype.200).
[2015-05-29 17:13:01,436][Test worker][DEBUG][ProtocolSerializer] Start to deserialize model: model=null,mappingFile=xml-mapping/game/digital/SellTicket_Req.xml
[2015-05-29 17:13:01,436][Test worker][DEBUG][MLotteryContext] find mapping file definition(xml-mapping/game/digital/SellTicket_Req.xml) by key(7.transtype.200).
[2015-05-29 17:13:01,464][Test worker][DEBUG][RoutineRegistry] Try to lookup handler by routine key(7_200_1.5.0).
[2015-05-29 17:13:01,464][Test worker][DEBUG][RoutineRegistry] Try to lookup handler by routine key(7_200_).
[2015-05-29 17:13:01,464][Test worker][DEBUG][RoutineRegistry] Lookup controller by key(7_200_), found controller(com.mpos.lottery.te.gameimpl.digital.DigitalController@2c507c91) and method(public void com.mpos.lottery.te.gameimpl.digital.DigitalController.sell(com.mpos.lottery.te.port.Context,com.mpos.lottery.te.port.Context) throws com.mpos.lottery.te.config.exception.ApplicationException).
[2015-05-29 17:13:01,470][Test worker][DEBUG][BaseJpaDao] Query future game instance(class com.mpos.lottery.te.gameimpl.digital.game.DigitalGameInstance) by(number=11002,gameId=FD-1, multipleDraws=2, state=1||2):1
[2015-05-29 17:13:01,477][Test worker][INFO ][AbstractGameInstanceService] No channel game instance time definiton found, ignore it.
[2015-05-29 17:13:01,477][Test worker][DEBUG][UUIDServiceImpl] Assemble a new ticket serial number:01110745719300003378
[2015-05-29 17:13:01,485][Test worker][DEBUG][DefaultTicketValidator] THe max allowed multi-draw of operation parameter is 10, merchant limit to 3, the smaller 3 will be used.
[2015-05-29 17:13:01,489][Test worker][DEBUG][AbstractRiskControlService] Determine the final risk control limit of ticket(aHhDkgTyIu50A2BrZKmpP85TyF3Fz1Wq) as 150000
[2015-05-29 17:13:01,502][Test worker][DEBUG][DigitalRiskControlService] There total 1 possible prize levels found, determine the final loss amount of prize level as 150000.00=150000/1
[2015-05-29 17:13:01,502][Test worker][DEBUG][AbstractRiskControlService] Prepare to generate risk control log of ChanceOdds [odds=50, prizelLevelType=41, bettingNumber=null]
[2015-05-29 17:13:01,502][Test worker][DEBUG][AbstractRiskControlService] Determine the odds of betting number(0,3,2,8, amount=60.0) is 50
[2015-05-29 17:13:01,517][Test worker][DEBUG][AbstractRiskControlService] Determine the final risk control limit of ticket(aHhDkgTyIu50A2BrZKmpP85TyF3Fz1Wq) as 150000
[2015-05-29 17:13:01,527][Test worker][DEBUG][DigitalRiskControlService] There total 1 possible prize levels found, determine the final loss amount of prize level as 150000.00=150000/1
[2015-05-29 17:13:01,527][Test worker][DEBUG][AbstractRiskControlService] Prepare to generate risk control log of ChanceOdds [odds=50, prizelLevelType=-3, bettingNumber=25]
[2015-05-29 17:13:01,527][Test worker][DEBUG][AbstractRiskControlService] Determine the odds of betting number(25, amount=140.0) is 50
[2015-05-29 17:13:01,541][Test worker][DEBUG][AbstractRiskControlService] Determine the final risk control limit of ticket(aHhDkgTyIu50A2BrZKmpP85TyF3Fz1Wq) as 150000
[2015-05-29 17:13:01,546][Test worker][DEBUG][DigitalRiskControlService] There total 1 possible prize levels found, determine the final loss amount of prize level as 150000.00=150000/1
[2015-05-29 17:13:01,546][Test worker][DEBUG][AbstractRiskControlService] Prepare to generate risk control log of ChanceOdds [odds=50, prizelLevelType=41, bettingNumber=null]
[2015-05-29 17:13:01,546][Test worker][DEBUG][AbstractRiskControlService] Determine the odds of betting number(0,3,2,8, amount=60.0) is 50
[2015-05-29 17:13:01,561][Test worker][DEBUG][AbstractRiskControlService] Determine the final risk control limit of ticket(aHhDkgTyIu50A2BrZKmpP85TyF3Fz1Wq) as 150000
[2015-05-29 17:13:01,568][Test worker][DEBUG][DigitalRiskControlService] There total 1 possible prize levels found, determine the final loss amount of prize level as 150000.00=150000/1
[2015-05-29 17:13:01,568][Test worker][DEBUG][AbstractRiskControlService] Prepare to generate risk control log of ChanceOdds [odds=50, prizelLevelType=-3, bettingNumber=25]
[2015-05-29 17:13:01,568][Test worker][DEBUG][AbstractRiskControlService] Determine the odds of betting number(25, amount=140.0) is 50
[2015-05-29 17:13:01,602][Test worker][DEBUG][DefaultBalanceService] Operator before transaction -  Operator [id=OPERATOR-111, loginName=OPERATOR-LOGIN, creditType=1, saleCreditLevel=200000000, payoutCreditLevel=1000, cashoutBalance=0, commisionBalance=0]
[2015-05-29 17:13:01,602][Test worker][DEBUG][DefaultBalanceService] Found balance strategy:com.mpos.lottery.te.merchant.service.balance.SaleBalanceStrategy@e1f8aba
[2015-05-29 17:13:01,602][Test worker][DEBUG][DefaultBalanceService] Operator after transaction -  Operator [id=OPERATOR-111, loginName=OPERATOR-LOGIN, creditType=1, saleCreditLevel=199999600.0, payoutCreditLevel=1000, cashoutBalance=0, commisionBalance=0]
[2015-05-29 17:13:01,608][Test worker][WARN ][BaseJpaDao] Should be at most only 1 entity(com.mpos.lottery.te.merchant.domain.OperatorCommission) found, however total 2 entities found... the 1st entity(com.mpos.lottery.te.merchant.domain.OperatorCommission@79f81dd0) will be returned.
[2015-05-29 17:13:01,626][Test worker][DEBUG][CommonFacadeService] Prepare to publish message to exchange[TE.200] with routing key[TE.200.7]: transaction {
  id: "0115052900000000000166"
  dev_id: "111"
  operator_id: "OPERATOR-111"
  merchant_id: "111"
  create_time: 1432890781000
  trans_type: 200
  game_id: "FD-1"
  game_type: 7
  total_amount: "400.0"
}
multi_draw: 2
total_amount: "400.0"
serial_no: "aHhDkgTyIu50A2BrZKmpP85TyF3Fz1Wq"
game_instance {
  id: "GII-112"
}
entries {
  selected_number: "0,3,2,8"
  bet_option: 4
  total_bets: 1
  entry_amount: "60.0"
  input_channel: "2"
}
entries {
  selected_number: "25"
  bet_option: -3
  total_bets: 1
  entry_amount: "140.0"
  input_channel: "2"
}

[2015-05-29 17:13:01,626][Test worker][DEBUG][CommonFacadeService] Publish message successfully
[2015-05-29 17:13:01,627][Test worker][DEBUG][MLotteryContext] find mapping file definition(xml-mapping/game/digital/SellTicket_Res.xml) by key(7.transtype.4200).
[2015-05-29 17:13:01,627][Test worker][DEBUG][ProtocolSerializer] Start to serialize model(class com.mpos.lottery.te.gameimpl.digital.sale.DigitalTicket),mappingFile=xml-mapping/game/digital/SellTicket_Res.xml
[2015-05-29 17:13:01,627][Test worker][DEBUG][MLotteryContext] find mapping file definition(xml-mapping/game/digital/SellTicket_Res.xml) by key(7.transtype.4200).
[2015-05-29 17:13:01,629][Test worker][DEBUG][CastorHelper] Finish marshaling input(typeclass com.mpos.lottery.te.gameimpl.digital.sale.DigitalTicket, mappingFile=xml-mapping/game/digital/SellTicket_Res.xml).
[2015-05-29 17:13:01,629][Test worker][DEBUG][ProtocolSerializer] Finish mac(macKey=P2Bbo6+bSSR9O2Qc89f3b4oHTyE1V2gF,macString=Protocal-Version:1.5|GPE_Id:GPE-111|Terminal-Id:111|Operator-Id:OPERATOR-111|Trans-BatchNumber:20150529|TractMsg-Id:1432890781429|Timestamp:20150529171301|Transaction-Type:4200|Transaction-Id:0115052900000000000166|Response-Code:200|<?xml version="1.0" encoding="UTF-8"?>
<Ticket serialNo="01110745719300003378" type="1" lastDrawNo="11003" barcode="07cK/u9hwZY2Rogq4k24Oeg4G3HSlAl9EbjLdf+UJJlt8eRiXxElYKcp3InwF+WYqVRf4ombImfPw=" validationCode="259565" multipleDraws="2" totalBets="4" totalAmount="400.0"><GameDraw number="11002" gameId="FD-1"/><Entry selectedNumber="0,3,2,8" betOption="4" inputChannel="2" entryAmount="60.0"/><Entry selectedNumber="25" betOption="-3" inputChannel="2" entryAmount="140.0"/></Ticket>):26cd65db48fe7cb1bff68b91a62d4a9d
[2015-05-29 17:13:01,630][Test worker][DEBUG][TEPortServlet] Write response to client(host1=localhost,sizeOfPack=652) succesfully.
[2015-05-29 17:13:01,631][Test worker][DEBUG][BaseServletIntegrationTest] Got response(code=200,length=652): <?xml version="1.0" encoding="UTF-8"?>
<Ticket serialNo="01110745719300003378" type="1" lastDrawNo="11003" barcode="07cK/u9hwZY2Rogq4k24Oeg4G3HSlAl9EbjLdf+UJJlt8eRiXxElYKcp3InwF+WYqVRf4ombImfPw=" validationCode="259565" multipleDraws="2" totalBets="4" totalAmount="400.0"><GameDraw number="11002" gameId="FD-1"/><Entry selectedNumber="0,3,2,8" betOption="4" inputChannel="2" entryAmount="60.0"/><Entry selectedNumber="25" betOption="-3" inputChannel="2" entryAmount="140.0"/></Ticket>
[2015-05-29 17:13:01,631][Test worker][DEBUG][MLotteryContext] find mapping file definition(xml-mapping/game/digital/SellTicket_Res.xml) by key(7.transtype.4200).
[2015-05-29 17:13:01,639][Test worker][DEBUG][MLotteryContext] find mapping file definition(xml-mapping/TransactionEnquiry_Req.xml) by key(transtype.310).
[2015-05-29 17:13:01,640][Test worker][DEBUG][CastorHelper] Finish marshaling input(typeclass com.mpos.lottery.te.trans.domain.Transaction, mappingFile=xml-mapping/TransactionEnquiry_Req.xml).
[2015-05-29 17:13:01,640][Test worker][DEBUG][BaseServletIntegrationTest] Do MAC(key=P2Bbo6+bSSR9O2Qc89f3b4oHTyE1V2gF) on (Protocal-Version:1.5|GPE_Id:GPE-111|Terminal-Id:111|Operator-Id:OPERATOR-111|Trans-BatchNumber:20150529|TractMsg-Id:1432890781639|Timestamp:20150529171301|Transaction-Type:310|Transaction-Id:|Response-Code:|<?xml version="1.0" encoding="UTF-8"?>
<Transaction terminalId="111" traceMessageId="1432890781429"/>,hash=101452312), get digest:6ef496b6770a0e6d3cc1f16966e1c8a4
[2015-05-29 17:13:01,641][Test worker][DEBUG][TEPortServlet] Got request header(name=X-Transaction-Type, value=310).
[2015-05-29 17:13:01,641][Test worker][DEBUG][TEPortServlet] Got request header(name=X-Protocal-Version, value=1.5).
[2015-05-29 17:13:01,641][Test worker][DEBUG][TEPortServlet] Got request header(name=X-Timestamp, value=20150529171301).
[2015-05-29 17:13:01,641][Test worker][DEBUG][TEPortServlet] Got request header(name=X-GPE-Id, value=GPE-111).
[2015-05-29 17:13:01,641][Test worker][DEBUG][TEPortServlet] Got request header(name=X-Trace-Message-Id, value=1432890781639).
[2015-05-29 17:13:01,641][Test worker][DEBUG][TEPortServlet] Got request header(name=X-Operator-Id, value=OPERATOR-111).
[2015-05-29 17:13:01,641][Test worker][DEBUG][TEPortServlet] Got request header(name=X-Terminal-Id, value=111).
[2015-05-29 17:13:01,641][Test worker][DEBUG][TEPortServlet] Got request header(name=X-MAC, value=6ef496b6770a0e6d3cc1f16966e1c8a4).
[2015-05-29 17:13:01,641][Test worker][DEBUG][TEPortServlet] Got request header(name=X-Game-Type-Id, value=-1).
[2015-05-29 17:13:01,642][Test worker][DEBUG][TEPortServlet] Got request header(name=X-Trans-BatchNumber, value=20150529).
[2015-05-29 17:13:01,642][Test worker][DEBUG][TEPortServlet] Got request header(name=X-GPS-Location, value=40.714353,-74.005973).
[2015-05-29 17:13:01,646][Test worker][DEBUG][TEPortServlet] Got request from localhost, and the message body is:pq3FqO8HCcAnaobA+xpVnADmrnwj1vrK59BGhqvtskYFWTsa2cbe6jcIE4b0pl+ogrA4SMNVUFtCb0VnctvqFZ4g+Dv1D5Fz4ERoX4gVmzFJ1yZK27DdH6T1L7qrD4mxRaEQVAhPAoc=.
[2015-05-29 17:13:01,646][Test worker][DEBUG][ProtocolSerializer] Start to deserialize request context(Protocal-Version:1.5|GPE_Id:GPE-111|Terminal-Id:111|Operator-Id:OPERATOR-111|Trans-BatchNumber:20150529|TractMsg-Id:1432890781639|Timestamp:20150529171301|Transaction-Type:310|Transaction-Id:|Response-Code:|).
[2015-05-29 17:13:01,646][Test worker][DEBUG][ProtocolSerializer] Finish decrypting cipher into original xml:<?xml version="1.0" encoding="UTF-8"?>
<Transaction terminalId="111" traceMessageId="1432890781429"/>
[2015-05-29 17:13:01,647][Test worker][DEBUG][ProtocolSerializer] Start to do MAC(key=P2Bbo6+bSSR9O2Qc89f3b4oHTyE1V2gF) on (Protocal-Version:1.5|GPE_Id:GPE-111|Terminal-Id:111|Operator-Id:OPERATOR-111|Trans-BatchNumber:20150529|TractMsg-Id:1432890781639|Timestamp:20150529171301|Transaction-Type:310|Transaction-Id:|Response-Code:|<?xml version="1.0" encoding="UTF-8"?>
<Transaction terminalId="111" traceMessageId="1432890781429"/>,hash=101452312), get digest:6ef496b6770a0e6d3cc1f16966e1c8a4
[2015-05-29 17:13:01,647][Test worker][DEBUG][MLotteryContext] find mapping file definition(xml-mapping/TransactionEnquiry_Req.xml) by key(transtype.310).
[2015-05-29 17:13:01,647][Test worker][DEBUG][ProtocolSerializer] Start to deserialize model: model=null,mappingFile=xml-mapping/TransactionEnquiry_Req.xml
[2015-05-29 17:13:01,647][Test worker][DEBUG][MLotteryContext] find mapping file definition(xml-mapping/TransactionEnquiry_Req.xml) by key(transtype.310).
[2015-05-29 17:13:01,689][Test worker][DEBUG][RoutineRegistry] Try to lookup handler by routine key(-1_310_1.5.0).
[2015-05-29 17:13:01,689][Test worker][DEBUG][RoutineRegistry] Try to lookup handler by routine key(-1_310_).
[2015-05-29 17:13:01,689][Test worker][DEBUG][RoutineRegistry] Lookup controller by key(-1_310_), found controller(com.mpos.lottery.te.trans.TransactionController@53ddecd8) and method(public void com.mpos.lottery.te.trans.TransactionController.enquiry(com.mpos.lottery.te.port.Context,com.mpos.lottery.te.port.Context) throws com.mpos.lottery.te.config.exception.ApplicationException).
[2015-05-29 17:13:01,703][Test worker][DEBUG][TransactionServiceImpl] Found TicketEnquiryService[com.mpos.lottery.te.gameimpl.digital.sale.service.DigitalSaleService@54feec5f] for ticket enquiry.
[2015-05-29 17:13:01,741][Test worker][DEBUG][CommonFacadeService] No need to publish AMQP message of transaction(TRANSACTION_ENQUIRY)
[2015-05-29 17:13:01,742][Test worker][DEBUG][MLotteryContext] find mapping file definition(xml-mapping/game/digital/TransactionEnquiry_Res.xml) by key(7.transtype.4310).
[2015-05-29 17:13:01,742][Test worker][DEBUG][ProtocolSerializer] Start to serialize model(class com.mpos.lottery.te.trans.domain.Transaction),mappingFile=xml-mapping/game/digital/TransactionEnquiry_Res.xml
[2015-05-29 17:13:01,742][Test worker][DEBUG][MLotteryContext] find mapping file definition(xml-mapping/game/digital/TransactionEnquiry_Res.xml) by key(7.transtype.4310).
[2015-05-29 17:13:01,787][Test worker][DEBUG][CastorHelper] Finish marshaling input(typeclass com.mpos.lottery.te.trans.domain.Transaction, mappingFile=xml-mapping/game/digital/TransactionEnquiry_Res.xml).
[2015-05-29 17:13:01,787][Test worker][DEBUG][ProtocolSerializer] Finish mac(macKey=P2Bbo6+bSSR9O2Qc89f3b4oHTyE1V2gF,macString=Protocal-Version:1.5|GPE_Id:GPE-111|Terminal-Id:111|Operator-Id:OPERATOR-111|Trans-BatchNumber:20150529|TractMsg-Id:1432890781639|Timestamp:20150529171301|Transaction-Type:4310|Transaction-Id:0115052900000000000175|Response-Code:200|<?xml version="1.0" encoding="UTF-8"?>
<Transaction id="0115052900000000000166" type="200" createTime="20150529171301" responseCode="200"><Ticket barcode="07cK/u9hwZY2Rogq4k24Oeg4G3HSlAl9EbjLdf+UJJlt8eRiXxElYKcp3InwF+WYqVRf4ombImfPw=" validationCode="259565" multipleDraws="2" totalBets="4" totalAmount="400" serialNo="01110745719300003378" type="1" lastDrawNo="11003" status="1"><GameDraw number="11002" gameId="FD-1"/><Entry selectedNumber="0,3,2,8" betOption="4" inputChannel="2" entryAmount="60"/><Entry selectedNumber="25" betOption="-3" inputChannel="2" entryAmount="140"/><User mobile="13800138000" creditCardSN="09812091283120123" id="lai"/></Ticket></Transaction>):82adf7985b5e579e32909916d393f0c8
[2015-05-29 17:13:01,788][Test worker][DEBUG][TEPortServlet] Write response to client(host1=localhost,sizeOfPack=908) succesfully.
[2015-05-29 17:13:01,788][Test worker][DEBUG][BaseServletIntegrationTest] Got response(code=200,length=908): <?xml version="1.0" encoding="UTF-8"?>
<Transaction id="0115052900000000000166" type="200" createTime="20150529171301" responseCode="200"><Ticket barcode="07cK/u9hwZY2Rogq4k24Oeg4G3HSlAl9EbjLdf+UJJlt8eRiXxElYKcp3InwF+WYqVRf4ombImfPw=" validationCode="259565" multipleDraws="2" totalBets="4" totalAmount="400" serialNo="01110745719300003378" type="1" lastDrawNo="11003" status="1"><GameDraw number="11002" gameId="FD-1"/><Entry selectedNumber="0,3,2,8" betOption="4" inputChannel="2" entryAmount="60"/><Entry selectedNumber="25" betOption="-3" inputChannel="2" entryAmount="140"/><User mobile="13800138000" creditCardSN="09812091283120123" id="lai"/></Ticket></Transaction>
[2015-05-29 17:13:01,788][Test worker][DEBUG][MLotteryContext] find mapping file definition(xml-mapping/game/digital/TransactionEnquiry_Res.xml) by key(7.transtype.4310).
[2015-05-29 17:13:01,813][Test worker][DEBUG][TEPortServlet] Startup job scheduer(org.quartz.impl.StdScheduler@4d1e5820) successfully.
[2015-05-29 17:13:01,814][Test worker][WARN ][TEPortServlet] can NOT find META file:F:\project\M.Lottery\TE\TRUNK_TE\sourcecode\build\classes\main\META-INF\MANIFEST.MF
[2015-05-29 17:13:01,814][Test worker][DEBUG][TEPortServlet] Register MBean(com.mpos.lottery.te.common.jmx.TransactionTimeout@3abfa536) with name(com.mpos.lottery.te:type=TransactionTimeoutMBean) successfully.
[2015-05-29 17:13:01,814][Test worker][DEBUG][BaseTransactionalIntegrationTest] Retrieve a ApplicationContext(org.springframework.web.context.support.GenericWebApplicationContext@34f645a8: startup date [Fri May 29 17:12:38 CST 2015]; root of context hierarchy).
[2015-05-29 17:13:01,815][Test worker][INFO ][BaseTransactionalIntegrationTest] +------------------------------------------------------------------------------------------------------------------------+
[2015-05-29 17:13:01,815][Test worker][INFO ][BaseTransactionalIntegrationTest] | SaleEnquiryIntegrationTest.testEnquiryByTicket                                                                         |
[2015-05-29 17:13:01,815][Test worker][INFO ][BaseTransactionalIntegrationTest] +------------------------------------------------------------------------------------------------------------------------+
[2015-05-29 17:13:01,815][Test worker][DEBUG][MLotteryContext] find mapping file definition(xml-mapping/game/digital/SellTicket_Req.xml) by key(7.transtype.200).
[2015-05-29 17:13:01,816][Test worker][DEBUG][CastorHelper] Finish marshaling input(typeclass com.mpos.lottery.te.gameimpl.digital.sale.DigitalTicket, mappingFile=xml-mapping/game/digital/SellTicket_Req.xml).
[2015-05-29 17:13:01,817][Test worker][DEBUG][BaseServletIntegrationTest] Do MAC(key=P2Bbo6+bSSR9O2Qc89f3b4oHTyE1V2gF) on (Protocal-Version:1.5|GPE_Id:GPE-111|Terminal-Id:111|Operator-Id:OPERATOR-111|Trans-BatchNumber:20150529|TractMsg-Id:1432890781815|Timestamp:20150529171301|Transaction-Type:200|Transaction-Id:|Response-Code:|<?xml version="1.0" encoding="UTF-8"?>
<Ticket multipleDraws="2" totalAmount="400.0" PIN="!!!"><GameDraw number="11002" gameId="FD-1"/><Entry selectedNumber="0,3,2,8" betOption="4" inputChannel="2" entryAmount="60.0"/><Entry selectedNumber="25" betOption="-3" inputChannel="2" entryAmount="140.0"/><User mobile="13800138000" creditCardSN="09812091283120123" id="lai"/></Ticket>,hash=-1976429929), get digest:5afe430b2a587500bddc152f4bcf92ee
[2015-05-29 17:13:01,817][Test worker][DEBUG][TEPortServlet] Got request header(name=X-Transaction-Type, value=200).
[2015-05-29 17:13:01,817][Test worker][DEBUG][TEPortServlet] Got request header(name=X-Protocal-Version, value=1.5).
[2015-05-29 17:13:01,817][Test worker][DEBUG][TEPortServlet] Got request header(name=X-Timestamp, value=20150529171301).
[2015-05-29 17:13:01,817][Test worker][DEBUG][TEPortServlet] Got request header(name=X-GPE-Id, value=GPE-111).
[2015-05-29 17:13:01,818][Test worker][DEBUG][TEPortServlet] Got request header(name=X-Trace-Message-Id, value=1432890781815).
[2015-05-29 17:13:01,818][Test worker][DEBUG][TEPortServlet] Got request header(name=X-Operator-Id, value=OPERATOR-111).
[2015-05-29 17:13:01,818][Test worker][DEBUG][TEPortServlet] Got request header(name=X-Terminal-Id, value=111).
[2015-05-29 17:13:01,818][Test worker][DEBUG][TEPortServlet] Got request header(name=X-MAC, value=5afe430b2a587500bddc152f4bcf92ee).
[2015-05-29 17:13:01,818][Test worker][DEBUG][TEPortServlet] Got request header(name=X-Game-Type-Id, value=7).
[2015-05-29 17:13:01,818][Test worker][DEBUG][TEPortServlet] Got request header(name=X-Trans-BatchNumber, value=20150529).
[2015-05-29 17:13:01,818][Test worker][DEBUG][TEPortServlet] Got request header(name=X-GPS-Location, value=40.714353,-74.005973).
[2015-05-29 17:13:01,821][Test worker][DEBUG][TEPortServlet] Got request from localhost, and the message body is:pq3FqO8HCcAnaobA+xpVnADmrnwj1vrK59BGhqvtskYFWTsa2cbe6vvj1C28m6E+ybhcq2GHfncNCEmxnE1Ou0qcmJ+qutg9btrOyNtL8dAXOsCAt2VNz1Y3CyjizpWI1I8nQlwlEa8u3GnJdhPFqIwM+Go3KKjwWeZYUIZCCRGWj1yuQpJlzXfrBcB0y+SIx9BCcDqX9Cq9c2sM8doKNf2KfW5C60akmrLPtm4ds3wtET6JtIywgiNFKLcIdAG//+8JPC3fMLps3JnYw9/PChBNW4+JKSio1UkYGHWQMW8cZ8cWTDtVXm8ZINTl4bZYkVQl+v2xOSZWJfSo5PoTuCSV8U4FP7D/T6UDilZ4acW94+RrdCzF5xCwRJMMncqK4YeX8axPGnJNj8CfPsIS98AxpAtzOKg4eGW58K3qGmGJNAC9vxn2hqlnhCJ/guYLb6ysfRvd83y7AzPJ8taL+kqG6YmonjVwLMGX5NAyO1SNZJurVU7P5dRbgGIQtziq.
[2015-05-29 17:13:01,822][Test worker][DEBUG][ProtocolSerializer] Start to deserialize request context(Protocal-Version:1.5|GPE_Id:GPE-111|Terminal-Id:111|Operator-Id:OPERATOR-111|Trans-BatchNumber:20150529|TractMsg-Id:1432890781815|Timestamp:20150529171301|Transaction-Type:200|Transaction-Id:|Response-Code:|).
[2015-05-29 17:13:01,822][Test worker][DEBUG][ProtocolSerializer] Finish decrypting cipher into original xml:<?xml version="1.0" encoding="UTF-8"?>
<Ticket multipleDraws="2" totalAmount="400.0" PIN="!!!"><GameDraw number="11002" gameId="FD-1"/><Entry selectedNumber="0,3,2,8" betOption="4" inputChannel="2" entryAmount="60.0"/><Entry selectedNumber="25" betOption="-3" inputChannel="2" entryAmount="140.0"/><User mobile="13800138000" creditCardSN="09812091283120123" id="lai"/></Ticket>
[2015-05-29 17:13:01,823][Test worker][DEBUG][ProtocolSerializer] Start to do MAC(key=P2Bbo6+bSSR9O2Qc89f3b4oHTyE1V2gF) on (Protocal-Version:1.5|GPE_Id:GPE-111|Terminal-Id:111|Operator-Id:OPERATOR-111|Trans-BatchNumber:20150529|TractMsg-Id:1432890781815|Timestamp:20150529171301|Transaction-Type:200|Transaction-Id:|Response-Code:|<?xml version="1.0" encoding="UTF-8"?>
<Ticket multipleDraws="2" totalAmount="400.0" PIN="!!!"><GameDraw number="11002" gameId="FD-1"/><Entry selectedNumber="0,3,2,8" betOption="4" inputChannel="2" entryAmount="60.0"/><Entry selectedNumber="25" betOption="-3" inputChannel="2" entryAmount="140.0"/><User mobile="13800138000" creditCardSN="09812091283120123" id="lai"/></Ticket>,hash=-1976429929), get digest:5afe430b2a587500bddc152f4bcf92ee
[2015-05-29 17:13:01,823][Test worker][DEBUG][MLotteryContext] find mapping file definition(xml-mapping/game/digital/SellTicket_Req.xml) by key(7.transtype.200).
[2015-05-29 17:13:01,823][Test worker][DEBUG][ProtocolSerializer] Start to deserialize model: model=null,mappingFile=xml-mapping/game/digital/SellTicket_Req.xml
[2015-05-29 17:13:01,823][Test worker][DEBUG][MLotteryContext] find mapping file definition(xml-mapping/game/digital/SellTicket_Req.xml) by key(7.transtype.200).
[2015-05-29 17:13:01,843][Test worker][DEBUG][RoutineRegistry] Try to lookup handler by routine key(7_200_1.5.0).
[2015-05-29 17:13:01,843][Test worker][DEBUG][RoutineRegistry] Try to lookup handler by routine key(7_200_).
[2015-05-29 17:13:01,843][Test worker][DEBUG][RoutineRegistry] Lookup controller by key(7_200_), found controller(com.mpos.lottery.te.gameimpl.digital.DigitalController@2c507c91) and method(public void com.mpos.lottery.te.gameimpl.digital.DigitalController.sell(com.mpos.lottery.te.port.Context,com.mpos.lottery.te.port.Context) throws com.mpos.lottery.te.config.exception.ApplicationException).
[2015-05-29 17:13:01,849][Test worker][DEBUG][BaseJpaDao] Query future game instance(class com.mpos.lottery.te.gameimpl.digital.game.DigitalGameInstance) by(number=11002,gameId=FD-1, multipleDraws=2, state=1||2):1
[2015-05-29 17:13:01,853][Test worker][INFO ][AbstractGameInstanceService] No channel game instance time definiton found, ignore it.
[2015-05-29 17:13:01,854][Test worker][DEBUG][UUIDServiceImpl] Assemble a new ticket serial number:01110745719300003407
[2015-05-29 17:13:01,861][Test worker][DEBUG][DefaultTicketValidator] THe max allowed multi-draw of operation parameter is 10, merchant limit to 3, the smaller 3 will be used.
[2015-05-29 17:13:01,864][Test worker][DEBUG][AbstractRiskControlService] Determine the final risk control limit of ticket(aHhDkgTyIu50A2BrZKmpP2M63EGs29qR) as 150000
[2015-05-29 17:13:01,870][Test worker][DEBUG][DigitalRiskControlService] There total 1 possible prize levels found, determine the final loss amount of prize level as 150000.00=150000/1
[2015-05-29 17:13:01,870][Test worker][DEBUG][AbstractRiskControlService] Prepare to generate risk control log of ChanceOdds [odds=50, prizelLevelType=41, bettingNumber=null]
[2015-05-29 17:13:01,870][Test worker][DEBUG][AbstractRiskControlService] Determine the odds of betting number(0,3,2,8, amount=60.0) is 50
[2015-05-29 17:13:01,878][Test worker][DEBUG][AbstractRiskControlService] Determine the final risk control limit of ticket(aHhDkgTyIu50A2BrZKmpP2M63EGs29qR) as 150000
[2015-05-29 17:13:01,882][Test worker][DEBUG][DigitalRiskControlService] There total 1 possible prize levels found, determine the final loss amount of prize level as 150000.00=150000/1
[2015-05-29 17:13:01,882][Test worker][DEBUG][AbstractRiskControlService] Prepare to generate risk control log of ChanceOdds [odds=50, prizelLevelType=-3, bettingNumber=25]
[2015-05-29 17:13:01,882][Test worker][DEBUG][AbstractRiskControlService] Determine the odds of betting number(25, amount=140.0) is 50
[2015-05-29 17:13:01,890][Test worker][DEBUG][AbstractRiskControlService] Determine the final risk control limit of ticket(aHhDkgTyIu50A2BrZKmpP2M63EGs29qR) as 150000
[2015-05-29 17:13:01,894][Test worker][DEBUG][DigitalRiskControlService] There total 1 possible prize levels found, determine the final loss amount of prize level as 150000.00=150000/1
[2015-05-29 17:13:01,894][Test worker][DEBUG][AbstractRiskControlService] Prepare to generate risk control log of ChanceOdds [odds=50, prizelLevelType=41, bettingNumber=null]
[2015-05-29 17:13:01,894][Test worker][DEBUG][AbstractRiskControlService] Determine the odds of betting number(0,3,2,8, amount=60.0) is 50
[2015-05-29 17:13:01,902][Test worker][DEBUG][AbstractRiskControlService] Determine the final risk control limit of ticket(aHhDkgTyIu50A2BrZKmpP2M63EGs29qR) as 150000
[2015-05-29 17:13:01,907][Test worker][DEBUG][DigitalRiskControlService] There total 1 possible prize levels found, determine the final loss amount of prize level as 150000.00=150000/1
[2015-05-29 17:13:01,907][Test worker][DEBUG][AbstractRiskControlService] Prepare to generate risk control log of ChanceOdds [odds=50, prizelLevelType=-3, bettingNumber=25]
[2015-05-29 17:13:01,907][Test worker][DEBUG][AbstractRiskControlService] Determine the odds of betting number(25, amount=140.0) is 50
[2015-05-29 17:13:01,927][Test worker][DEBUG][DefaultBalanceService] Operator before transaction -  Operator [id=OPERATOR-111, loginName=OPERATOR-LOGIN, creditType=1, saleCreditLevel=200000000, payoutCreditLevel=1000, cashoutBalance=0, commisionBalance=0]
[2015-05-29 17:13:01,927][Test worker][DEBUG][DefaultBalanceService] Found balance strategy:com.mpos.lottery.te.merchant.service.balance.SaleBalanceStrategy@e1f8aba
[2015-05-29 17:13:01,927][Test worker][DEBUG][DefaultBalanceService] Operator after transaction -  Operator [id=OPERATOR-111, loginName=OPERATOR-LOGIN, creditType=1, saleCreditLevel=199999600.0, payoutCreditLevel=1000, cashoutBalance=0, commisionBalance=0]
[2015-05-29 17:13:01,932][Test worker][WARN ][BaseJpaDao] Should be at most only 1 entity(com.mpos.lottery.te.merchant.domain.OperatorCommission) found, however total 2 entities found... the 1st entity(com.mpos.lottery.te.merchant.domain.OperatorCommission@23775a7) will be returned.
[2015-05-29 17:13:01,943][Test worker][DEBUG][CommonFacadeService] Prepare to publish message to exchange[TE.200] with routing key[TE.200.7]: transaction {
  id: "0115052900000000000176"
  dev_id: "111"
  operator_id: "OPERATOR-111"
  merchant_id: "111"
  create_time: 1432890781000
  trans_type: 200
  game_id: "FD-1"
  game_type: 7
  total_amount: "400.0"
}
multi_draw: 2
total_amount: "400.0"
serial_no: "aHhDkgTyIu50A2BrZKmpP2M63EGs29qR"
game_instance {
  id: "GII-112"
}
entries {
  selected_number: "0,3,2,8"
  bet_option: 4
  total_bets: 1
  entry_amount: "60.0"
  input_channel: "2"
}
entries {
  selected_number: "25"
  bet_option: -3
  total_bets: 1
  entry_amount: "140.0"
  input_channel: "2"
}

[2015-05-29 17:13:01,944][Test worker][DEBUG][CommonFacadeService] Publish message successfully
[2015-05-29 17:13:01,944][Test worker][DEBUG][MLotteryContext] find mapping file definition(xml-mapping/game/digital/SellTicket_Res.xml) by key(7.transtype.4200).
[2015-05-29 17:13:01,944][Test worker][DEBUG][ProtocolSerializer] Start to serialize model(class com.mpos.lottery.te.gameimpl.digital.sale.DigitalTicket),mappingFile=xml-mapping/game/digital/SellTicket_Res.xml
[2015-05-29 17:13:01,944][Test worker][DEBUG][MLotteryContext] find mapping file definition(xml-mapping/game/digital/SellTicket_Res.xml) by key(7.transtype.4200).
[2015-05-29 17:13:01,945][Test worker][DEBUG][CastorHelper] Finish marshaling input(typeclass com.mpos.lottery.te.gameimpl.digital.sale.DigitalTicket, mappingFile=xml-mapping/game/digital/SellTicket_Res.xml).
[2015-05-29 17:13:01,946][Test worker][DEBUG][ProtocolSerializer] Finish mac(macKey=P2Bbo6+bSSR9O2Qc89f3b4oHTyE1V2gF,macString=Protocal-Version:1.5|GPE_Id:GPE-111|Terminal-Id:111|Operator-Id:OPERATOR-111|Trans-BatchNumber:20150529|TractMsg-Id:1432890781815|Timestamp:20150529171301|Transaction-Type:4200|Transaction-Id:0115052900000000000176|Response-Code:200|<?xml version="1.0" encoding="UTF-8"?>
<Ticket serialNo="01110745719300003407" type="1" lastDrawNo="11003" barcode="07cK/u9hwZY2Rogq4k24Oeg4G3HSlAl9EbjLdf+UJJlt8eRiXxElYKcp3InwF+WYqV8c/J7gRb8sg=" validationCode="008909" multipleDraws="2" totalBets="4" totalAmount="400.0"><GameDraw number="11002" gameId="FD-1"/><Entry selectedNumber="0,3,2,8" betOption="4" inputChannel="2" entryAmount="60.0"/><Entry selectedNumber="25" betOption="-3" inputChannel="2" entryAmount="140.0"/></Ticket>):ba95a8609150989c04d8d05c4850f0ad
[2015-05-29 17:13:01,946][Test worker][DEBUG][TEPortServlet] Write response to client(host1=localhost,sizeOfPack=652) succesfully.
[2015-05-29 17:13:01,947][Test worker][DEBUG][BaseServletIntegrationTest] Got response(code=200,length=652): <?xml version="1.0" encoding="UTF-8"?>
<Ticket serialNo="01110745719300003407" type="1" lastDrawNo="11003" barcode="07cK/u9hwZY2Rogq4k24Oeg4G3HSlAl9EbjLdf+UJJlt8eRiXxElYKcp3InwF+WYqV8c/J7gRb8sg=" validationCode="008909" multipleDraws="2" totalBets="4" totalAmount="400.0"><GameDraw number="11002" gameId="FD-1"/><Entry selectedNumber="0,3,2,8" betOption="4" inputChannel="2" entryAmount="60.0"/><Entry selectedNumber="25" betOption="-3" inputChannel="2" entryAmount="140.0"/></Ticket>
[2015-05-29 17:13:01,947][Test worker][DEBUG][MLotteryContext] find mapping file definition(xml-mapping/game/digital/SellTicket_Res.xml) by key(7.transtype.4200).
[2015-05-29 17:13:01,954][Test worker][DEBUG][MLotteryContext] find mapping file definition(xml-mapping/game/digital/CancelTicket_Req.xml) by key(7.transtype.202).
[2015-05-29 17:13:01,968][Test worker][DEBUG][CastorHelper] Finish marshaling input(typeclass com.mpos.lottery.te.gameimpl.digital.sale.DigitalTicket, mappingFile=xml-mapping/game/digital/CancelTicket_Req.xml).
[2015-05-29 17:13:01,968][Test worker][DEBUG][BaseServletIntegrationTest] Do MAC(key=P2Bbo6+bSSR9O2Qc89f3b4oHTyE1V2gF) on (Protocal-Version:1.5|GPE_Id:GPE-111|Terminal-Id:111|Operator-Id:OPERATOR-111|Trans-BatchNumber:20150529|TractMsg-Id:1432890781954|Timestamp:20150529171301|Transaction-Type:202|Transaction-Id:|Response-Code:|<?xml version="1.0" encoding="UTF-8"?>
<Ticket serialNo="01110745719300003407" isMannul="0"/>,hash=1326949370), get digest:054833b4bf3da28e958a8ebd17e63c85
[2015-05-29 17:13:01,968][Test worker][DEBUG][TEPortServlet] Got request header(name=X-Transaction-Type, value=202).
[2015-05-29 17:13:01,969][Test worker][DEBUG][TEPortServlet] Got request header(name=X-Protocal-Version, value=1.5).
[2015-05-29 17:13:01,969][Test worker][DEBUG][TEPortServlet] Got request header(name=X-Timestamp, value=20150529171301).
[2015-05-29 17:13:01,969][Test worker][DEBUG][TEPortServlet] Got request header(name=X-GPE-Id, value=GPE-111).
[2015-05-29 17:13:01,969][Test worker][DEBUG][TEPortServlet] Got request header(name=X-Trace-Message-Id, value=1432890781954).
[2015-05-29 17:13:01,969][Test worker][DEBUG][TEPortServlet] Got request header(name=X-Operator-Id, value=OPERATOR-111).
[2015-05-29 17:13:01,969][Test worker][DEBUG][TEPortServlet] Got request header(name=X-Terminal-Id, value=111).
[2015-05-29 17:13:01,969][Test worker][DEBUG][TEPortServlet] Got request header(name=X-MAC, value=054833b4bf3da28e958a8ebd17e63c85).
[2015-05-29 17:13:01,969][Test worker][DEBUG][TEPortServlet] Got request header(name=X-Game-Type-Id, value=7).
[2015-05-29 17:13:01,969][Test worker][DEBUG][TEPortServlet] Got request header(name=X-Trans-BatchNumber, value=20150529).
[2015-05-29 17:13:01,969][Test worker][DEBUG][TEPortServlet] Got request header(name=X-GPS-Location, value=40.714353,-74.005973).
[2015-05-29 17:13:01,974][Test worker][DEBUG][TEPortServlet] Got request from localhost, and the message body is:pq3FqO8HCcAnaobA+xpVnADmrnwj1vrK59BGhqvtskYFWTsa2cbe6ttFDFcpmi1MamgAomcAmY7eTM16XgcUTrKw+NrMY+zMIH0sxn6crmptPUs+Mtzk4frV0cKn9wcV.
[2015-05-29 17:13:01,974][Test worker][DEBUG][ProtocolSerializer] Start to deserialize request context(Protocal-Version:1.5|GPE_Id:GPE-111|Terminal-Id:111|Operator-Id:OPERATOR-111|Trans-BatchNumber:20150529|TractMsg-Id:1432890781954|Timestamp:20150529171301|Transaction-Type:202|Transaction-Id:|Response-Code:|).
[2015-05-29 17:13:01,974][Test worker][DEBUG][ProtocolSerializer] Finish decrypting cipher into original xml:<?xml version="1.0" encoding="UTF-8"?>
<Ticket serialNo="01110745719300003407" isMannul="0"/>
[2015-05-29 17:13:01,975][Test worker][DEBUG][ProtocolSerializer] Start to do MAC(key=P2Bbo6+bSSR9O2Qc89f3b4oHTyE1V2gF) on (Protocal-Version:1.5|GPE_Id:GPE-111|Terminal-Id:111|Operator-Id:OPERATOR-111|Trans-BatchNumber:20150529|TractMsg-Id:1432890781954|Timestamp:20150529171301|Transaction-Type:202|Transaction-Id:|Response-Code:|<?xml version="1.0" encoding="UTF-8"?>
<Ticket serialNo="01110745719300003407" isMannul="0"/>,hash=1326949370), get digest:054833b4bf3da28e958a8ebd17e63c85
[2015-05-29 17:13:01,975][Test worker][DEBUG][MLotteryContext] find mapping file definition(xml-mapping/game/digital/CancelTicket_Req.xml) by key(7.transtype.202).
[2015-05-29 17:13:01,975][Test worker][DEBUG][ProtocolSerializer] Start to deserialize model: model=null,mappingFile=xml-mapping/game/digital/CancelTicket_Req.xml
[2015-05-29 17:13:01,975][Test worker][DEBUG][MLotteryContext] find mapping file definition(xml-mapping/game/digital/CancelTicket_Req.xml) by key(7.transtype.202).
[2015-05-29 17:13:01,994][Test worker][DEBUG][RoutineRegistry] Try to lookup handler by routine key(7_202_1.5.0).
[2015-05-29 17:13:01,994][Test worker][DEBUG][RoutineRegistry] Try to lookup handler by routine key(7_202_).
[2015-05-29 17:13:01,994][Test worker][DEBUG][RoutineRegistry] Lookup controller by key(7_202_), found controller(com.mpos.lottery.te.gameimpl.digital.DigitalController@2c507c91) and method(public void com.mpos.lottery.te.gameimpl.digital.DigitalController.enquiry(com.mpos.lottery.te.port.Context,com.mpos.lottery.te.port.Context) throws com.mpos.lottery.te.config.exception.ApplicationException).
[2015-05-29 17:13:02,016][Test worker][DEBUG][CommonFacadeService] No need to publish AMQP message of transaction(TICKET_ENQUIRY)
[2015-05-29 17:13:02,017][Test worker][DEBUG][MLotteryContext] find mapping file definition(xml-mapping/game/digital/EnquiryTicket_Res.xml) by key(7.transtype.4202).
[2015-05-29 17:13:02,017][Test worker][DEBUG][ProtocolSerializer] Start to serialize model(class com.mpos.lottery.te.gameimpl.digital.sale.DigitalTicket),mappingFile=xml-mapping/game/digital/EnquiryTicket_Res.xml
[2015-05-29 17:13:02,017][Test worker][DEBUG][MLotteryContext] find mapping file definition(xml-mapping/game/digital/EnquiryTicket_Res.xml) by key(7.transtype.4202).
[2015-05-29 17:13:02,047][Test worker][DEBUG][CastorHelper] Finish marshaling input(typeclass com.mpos.lottery.te.gameimpl.digital.sale.DigitalTicket, mappingFile=xml-mapping/game/digital/EnquiryTicket_Res.xml).
[2015-05-29 17:13:02,048][Test worker][DEBUG][ProtocolSerializer] Finish mac(macKey=P2Bbo6+bSSR9O2Qc89f3b4oHTyE1V2gF,macString=Protocal-Version:1.5|GPE_Id:GPE-111|Terminal-Id:111|Operator-Id:OPERATOR-111|Trans-BatchNumber:20150529|TractMsg-Id:1432890781954|Timestamp:20150529171301|Transaction-Type:4202|Transaction-Id:0115052900000000000185|Response-Code:200|<?xml version="1.0" encoding="UTF-8"?>
<Ticket barcode="07cK/u9hwZY2Rogq4k24Oeg4G3HSlAl9EbjLdf+UJJlt8eRiXxElYKcp3InwF+WYqV8c/J7gRb8sg=" validationCode="008909" multipleDraws="2" totalBets="4" totalAmount="400" serialNo="01110745719300003407" type="1" lastDrawNo="11003" status="1"><GameDraw number="11002" gameId="FD-1"/><Entry selectedNumber="0,3,2,8" betOption="4" inputChannel="2" entryAmount="60"/><Entry selectedNumber="25" betOption="-3" inputChannel="2" entryAmount="140"/><User mobile="13800138000" creditCardSN="09812091283120123" id="lai"/></Ticket>):54d5af8621997dd8843d68e0fe0b0b24
[2015-05-29 17:13:02,048][Test worker][DEBUG][TEPortServlet] Write response to client(host1=localhost,sizeOfPack=748) succesfully.
[2015-05-29 17:13:02,049][Test worker][DEBUG][BaseServletIntegrationTest] Got response(code=200,length=748): <?xml version="1.0" encoding="UTF-8"?>
<Ticket barcode="07cK/u9hwZY2Rogq4k24Oeg4G3HSlAl9EbjLdf+UJJlt8eRiXxElYKcp3InwF+WYqV8c/J7gRb8sg=" validationCode="008909" multipleDraws="2" totalBets="4" totalAmount="400" serialNo="01110745719300003407" type="1" lastDrawNo="11003" status="1"><GameDraw number="11002" gameId="FD-1"/><Entry selectedNumber="0,3,2,8" betOption="4" inputChannel="2" entryAmount="60"/><Entry selectedNumber="25" betOption="-3" inputChannel="2" entryAmount="140"/><User mobile="13800138000" creditCardSN="09812091283120123" id="lai"/></Ticket>
[2015-05-29 17:13:02,049][Test worker][DEBUG][MLotteryContext] find mapping file definition(xml-mapping/game/digital/EnquiryTicket_Res.xml) by key(7.transtype.4202).
]]></system-out>
  <system-err><![CDATA[]]></system-err>
</testsuite>
