<?xml version="1.0" encoding="UTF-8"?>
<testsuite name="com.mpos.lottery.te.gameimpl.digital.sale.SaleCancellationIntegrationTest" tests="5" skipped="0" failures="0" errors="0" timestamp="2015-05-29T09:13:02" hostname="Ramon-PC" time="1.206">
  <properties/>
  <testcase name="testCancelByTrans_OK" classname="com.mpos.lottery.te.gameimpl.digital.sale.SaleCancellationIntegrationTest" time="0.262"/>
  <testcase name="testCancelByTrans_CancelDelined" classname="com.mpos.lottery.te.gameimpl.digital.sale.SaleCancellationIntegrationTest" time="0.225"/>
  <testcase name="testCancelByTicket_OK" classname="com.mpos.lottery.te.gameimpl.digital.sale.SaleCancellationIntegrationTest" time="0.236"/>
  <testcase name="testCancelByTicket_Manually_OK" classname="com.mpos.lottery.te.gameimpl.digital.sale.SaleCancellationIntegrationTest" time="0.236"/>
  <testcase name="testCancelByTicket_CancelDelined" classname="com.mpos.lottery.te.gameimpl.digital.sale.SaleCancellationIntegrationTest" time="0.244"/>
  <system-out><![CDATA[[2015-05-29 17:13:02,085][Test worker][DEBUG][TEPortServlet] Startup job scheduer(org.quartz.impl.StdScheduler@4d1e5820) successfully.
[2015-05-29 17:13:02,086][Test worker][WARN ][TEPortServlet] can NOT find META file:F:\project\M.Lottery\TE\TRUNK_TE\sourcecode\build\classes\main\META-INF\MANIFEST.MF
[2015-05-29 17:13:02,086][Test worker][DEBUG][TEPortServlet] Register MBean(com.mpos.lottery.te.common.jmx.TransactionTimeout@793044e) with name(com.mpos.lottery.te:type=TransactionTimeoutMBean) successfully.
[2015-05-29 17:13:02,087][Test worker][DEBUG][BaseTransactionalIntegrationTest] Retrieve a ApplicationContext(org.springframework.web.context.support.GenericWebApplicationContext@34f645a8: startup date [Fri May 29 17:12:38 CST 2015]; root of context hierarchy).
[2015-05-29 17:13:02,087][Test worker][INFO ][BaseTransactionalIntegrationTest] +------------------------------------------------------------------------------------------------------------------------+
[2015-05-29 17:13:02,087][Test worker][INFO ][BaseTransactionalIntegrationTest] | SaleCancellationIntegrationTest.testCancelByTrans_OK                                                                   |
[2015-05-29 17:13:02,087][Test worker][INFO ][BaseTransactionalIntegrationTest] +------------------------------------------------------------------------------------------------------------------------+
[2015-05-29 17:13:02,092][Test worker][DEBUG][MLotteryContext] find mapping file definition(xml-mapping/game/digital/SellTicket_Req.xml) by key(7.transtype.200).
[2015-05-29 17:13:02,093][Test worker][DEBUG][CastorHelper] Finish marshaling input(typeclass com.mpos.lottery.te.gameimpl.digital.sale.DigitalTicket, mappingFile=xml-mapping/game/digital/SellTicket_Req.xml).
[2015-05-29 17:13:02,094][Test worker][DEBUG][BaseServletIntegrationTest] Do MAC(key=P2Bbo6+bSSR9O2Qc89f3b4oHTyE1V2gF) on (Protocal-Version:1.5|GPE_Id:GPE-111|Terminal-Id:111|Operator-Id:OPERATOR-111|Trans-BatchNumber:20150529|TractMsg-Id:1432890782091|Timestamp:20150529171302|Transaction-Type:200|Transaction-Id:|Response-Code:|<?xml version="1.0" encoding="UTF-8"?>
<Ticket multipleDraws="2" totalAmount="400.0" PIN="!!!"><GameDraw number="11002" gameId="FD-1"/><Entry selectedNumber="0,3,2,8" betOption="4" inputChannel="2" entryAmount="60.0"/><Entry selectedNumber="25" betOption="-3" inputChannel="2" entryAmount="140.0"/><User mobile="13800138000" creditCardSN="09812091283120123" id="lai"/></Ticket>,hash=912842541), get digest:f9881b334599e81ba2e77f7b2b5e4848
[2015-05-29 17:13:02,094][Test worker][DEBUG][TEPortServlet] Got request header(name=X-Transaction-Type, value=200).
[2015-05-29 17:13:02,094][Test worker][DEBUG][TEPortServlet] Got request header(name=X-Protocal-Version, value=1.5).
[2015-05-29 17:13:02,094][Test worker][DEBUG][TEPortServlet] Got request header(name=X-Timestamp, value=20150529171302).
[2015-05-29 17:13:02,094][Test worker][DEBUG][TEPortServlet] Got request header(name=X-GPE-Id, value=GPE-111).
[2015-05-29 17:13:02,094][Test worker][DEBUG][TEPortServlet] Got request header(name=X-Trace-Message-Id, value=1432890782091).
[2015-05-29 17:13:02,095][Test worker][DEBUG][TEPortServlet] Got request header(name=X-Operator-Id, value=OPERATOR-111).
[2015-05-29 17:13:02,095][Test worker][DEBUG][TEPortServlet] Got request header(name=X-Terminal-Id, value=111).
[2015-05-29 17:13:02,095][Test worker][DEBUG][TEPortServlet] Got request header(name=X-MAC, value=f9881b334599e81ba2e77f7b2b5e4848).
[2015-05-29 17:13:02,095][Test worker][DEBUG][TEPortServlet] Got request header(name=X-Game-Type-Id, value=7).
[2015-05-29 17:13:02,095][Test worker][DEBUG][TEPortServlet] Got request header(name=X-Trans-BatchNumber, value=20150529).
[2015-05-29 17:13:02,095][Test worker][DEBUG][TEPortServlet] Got request header(name=X-GPS-Location, value=40.714353,-74.005973).
[2015-05-29 17:13:02,099][Test worker][DEBUG][TEPortServlet] Got request from localhost, and the message body is:pq3FqO8HCcAnaobA+xpVnADmrnwj1vrK59BGhqvtskYFWTsa2cbe6vvj1C28m6E+ybhcq2GHfncNCEmxnE1Ou0qcmJ+qutg9btrOyNtL8dAXOsCAt2VNz1Y3CyjizpWI1I8nQlwlEa8u3GnJdhPFqIwM+Go3KKjwWeZYUIZCCRGWj1yuQpJlzXfrBcB0y+SIx9BCcDqX9Cq9c2sM8doKNf2KfW5C60akmrLPtm4ds3wtET6JtIywgiNFKLcIdAG//+8JPC3fMLps3JnYw9/PChBNW4+JKSio1UkYGHWQMW8cZ8cWTDtVXm8ZINTl4bZYkVQl+v2xOSZWJfSo5PoTuCSV8U4FP7D/T6UDilZ4acW94+RrdCzF5xCwRJMMncqK4YeX8axPGnJNj8CfPsIS98AxpAtzOKg4eGW58K3qGmGJNAC9vxn2hqlnhCJ/guYLb6ysfRvd83y7AzPJ8taL+kqG6YmonjVwLMGX5NAyO1SNZJurVU7P5dRbgGIQtziq.
[2015-05-29 17:13:02,099][Test worker][DEBUG][ProtocolSerializer] Start to deserialize request context(Protocal-Version:1.5|GPE_Id:GPE-111|Terminal-Id:111|Operator-Id:OPERATOR-111|Trans-BatchNumber:20150529|TractMsg-Id:1432890782091|Timestamp:20150529171302|Transaction-Type:200|Transaction-Id:|Response-Code:|).
[2015-05-29 17:13:02,099][Test worker][DEBUG][ProtocolSerializer] Finish decrypting cipher into original xml:<?xml version="1.0" encoding="UTF-8"?>
<Ticket multipleDraws="2" totalAmount="400.0" PIN="!!!"><GameDraw number="11002" gameId="FD-1"/><Entry selectedNumber="0,3,2,8" betOption="4" inputChannel="2" entryAmount="60.0"/><Entry selectedNumber="25" betOption="-3" inputChannel="2" entryAmount="140.0"/><User mobile="13800138000" creditCardSN="09812091283120123" id="lai"/></Ticket>
[2015-05-29 17:13:02,100][Test worker][DEBUG][ProtocolSerializer] Start to do MAC(key=P2Bbo6+bSSR9O2Qc89f3b4oHTyE1V2gF) on (Protocal-Version:1.5|GPE_Id:GPE-111|Terminal-Id:111|Operator-Id:OPERATOR-111|Trans-BatchNumber:20150529|TractMsg-Id:1432890782091|Timestamp:20150529171302|Transaction-Type:200|Transaction-Id:|Response-Code:|<?xml version="1.0" encoding="UTF-8"?>
<Ticket multipleDraws="2" totalAmount="400.0" PIN="!!!"><GameDraw number="11002" gameId="FD-1"/><Entry selectedNumber="0,3,2,8" betOption="4" inputChannel="2" entryAmount="60.0"/><Entry selectedNumber="25" betOption="-3" inputChannel="2" entryAmount="140.0"/><User mobile="13800138000" creditCardSN="09812091283120123" id="lai"/></Ticket>,hash=912842541), get digest:f9881b334599e81ba2e77f7b2b5e4848
[2015-05-29 17:13:02,100][Test worker][DEBUG][MLotteryContext] find mapping file definition(xml-mapping/game/digital/SellTicket_Req.xml) by key(7.transtype.200).
[2015-05-29 17:13:02,100][Test worker][DEBUG][ProtocolSerializer] Start to deserialize model: model=null,mappingFile=xml-mapping/game/digital/SellTicket_Req.xml
[2015-05-29 17:13:02,100][Test worker][DEBUG][MLotteryContext] find mapping file definition(xml-mapping/game/digital/SellTicket_Req.xml) by key(7.transtype.200).
[2015-05-29 17:13:02,117][Test worker][DEBUG][RoutineRegistry] Try to lookup handler by routine key(7_200_1.5.0).
[2015-05-29 17:13:02,117][Test worker][DEBUG][RoutineRegistry] Try to lookup handler by routine key(7_200_).
[2015-05-29 17:13:02,117][Test worker][DEBUG][RoutineRegistry] Lookup controller by key(7_200_), found controller(com.mpos.lottery.te.gameimpl.digital.DigitalController@2c507c91) and method(public void com.mpos.lottery.te.gameimpl.digital.DigitalController.sell(com.mpos.lottery.te.port.Context,com.mpos.lottery.te.port.Context) throws com.mpos.lottery.te.config.exception.ApplicationException).
[2015-05-29 17:13:02,124][Test worker][DEBUG][BaseJpaDao] Query future game instance(class com.mpos.lottery.te.gameimpl.digital.game.DigitalGameInstance) by(number=11002,gameId=FD-1, multipleDraws=2, state=1||2):1
[2015-05-29 17:13:02,131][Test worker][INFO ][AbstractGameInstanceService] No channel game instance time definiton found, ignore it.
[2015-05-29 17:13:02,131][Test worker][DEBUG][UUIDServiceImpl] Assemble a new ticket serial number:01110745719300003505
[2015-05-29 17:13:02,138][Test worker][DEBUG][DefaultTicketValidator] THe max allowed multi-draw of operation parameter is 10, merchant limit to 3, the smaller 3 will be used.
[2015-05-29 17:13:02,140][Test worker][DEBUG][AbstractRiskControlService] Determine the final risk control limit of ticket(aHhDkgTyIu50A2BrZKmpP3CVm6vokS83) as 150000
[2015-05-29 17:13:02,147][Test worker][DEBUG][DigitalRiskControlService] There total 1 possible prize levels found, determine the final loss amount of prize level as 150000.00=150000/1
[2015-05-29 17:13:02,147][Test worker][DEBUG][AbstractRiskControlService] Prepare to generate risk control log of ChanceOdds [odds=50, prizelLevelType=41, bettingNumber=null]
[2015-05-29 17:13:02,147][Test worker][DEBUG][AbstractRiskControlService] Determine the odds of betting number(0,3,2,8, amount=60.0) is 50
[2015-05-29 17:13:02,156][Test worker][DEBUG][AbstractRiskControlService] Determine the final risk control limit of ticket(aHhDkgTyIu50A2BrZKmpP3CVm6vokS83) as 150000
[2015-05-29 17:13:02,161][Test worker][DEBUG][DigitalRiskControlService] There total 1 possible prize levels found, determine the final loss amount of prize level as 150000.00=150000/1
[2015-05-29 17:13:02,161][Test worker][DEBUG][AbstractRiskControlService] Prepare to generate risk control log of ChanceOdds [odds=50, prizelLevelType=-3, bettingNumber=25]
[2015-05-29 17:13:02,161][Test worker][DEBUG][AbstractRiskControlService] Determine the odds of betting number(25, amount=140.0) is 50
[2015-05-29 17:13:02,169][Test worker][DEBUG][AbstractRiskControlService] Determine the final risk control limit of ticket(aHhDkgTyIu50A2BrZKmpP3CVm6vokS83) as 150000
[2015-05-29 17:13:02,173][Test worker][DEBUG][DigitalRiskControlService] There total 1 possible prize levels found, determine the final loss amount of prize level as 150000.00=150000/1
[2015-05-29 17:13:02,173][Test worker][DEBUG][AbstractRiskControlService] Prepare to generate risk control log of ChanceOdds [odds=50, prizelLevelType=41, bettingNumber=null]
[2015-05-29 17:13:02,173][Test worker][DEBUG][AbstractRiskControlService] Determine the odds of betting number(0,3,2,8, amount=60.0) is 50
[2015-05-29 17:13:02,180][Test worker][DEBUG][AbstractRiskControlService] Determine the final risk control limit of ticket(aHhDkgTyIu50A2BrZKmpP3CVm6vokS83) as 150000
[2015-05-29 17:13:02,184][Test worker][DEBUG][DigitalRiskControlService] There total 1 possible prize levels found, determine the final loss amount of prize level as 150000.00=150000/1
[2015-05-29 17:13:02,185][Test worker][DEBUG][AbstractRiskControlService] Prepare to generate risk control log of ChanceOdds [odds=50, prizelLevelType=-3, bettingNumber=25]
[2015-05-29 17:13:02,185][Test worker][DEBUG][AbstractRiskControlService] Determine the odds of betting number(25, amount=140.0) is 50
[2015-05-29 17:13:02,208][Test worker][DEBUG][DefaultBalanceService] Operator before transaction -  Operator [id=OPERATOR-111, loginName=OPERATOR-LOGIN, creditType=1, saleCreditLevel=200000000, payoutCreditLevel=1000, cashoutBalance=0, commisionBalance=0]
[2015-05-29 17:13:02,208][Test worker][DEBUG][DefaultBalanceService] Found balance strategy:com.mpos.lottery.te.merchant.service.balance.SaleBalanceStrategy@e1f8aba
[2015-05-29 17:13:02,208][Test worker][DEBUG][DefaultBalanceService] Operator after transaction -  Operator [id=OPERATOR-111, loginName=OPERATOR-LOGIN, creditType=1, saleCreditLevel=199999600.0, payoutCreditLevel=1000, cashoutBalance=0, commisionBalance=0]
[2015-05-29 17:13:02,212][Test worker][WARN ][BaseJpaDao] Should be at most only 1 entity(com.mpos.lottery.te.merchant.domain.OperatorCommission) found, however total 2 entities found... the 1st entity(com.mpos.lottery.te.merchant.domain.OperatorCommission@44b9d37b) will be returned.
[2015-05-29 17:13:02,224][Test worker][DEBUG][CommonFacadeService] Prepare to publish message to exchange[TE.200] with routing key[TE.200.7]: transaction {
  id: "0115052900000000000186"
  dev_id: "111"
  operator_id: "OPERATOR-111"
  merchant_id: "111"
  create_time: 1432890782000
  trans_type: 200
  game_id: "FD-1"
  game_type: 7
  total_amount: "400.0"
}
multi_draw: 2
total_amount: "400.0"
serial_no: "aHhDkgTyIu50A2BrZKmpP3CVm6vokS83"
game_instance {
  id: "GII-112"
}
entries {
  selected_number: "0,3,2,8"
  bet_option: 4
  total_bets: 1
  entry_amount: "60.0"
  input_channel: "2"
}
entries {
  selected_number: "25"
  bet_option: -3
  total_bets: 1
  entry_amount: "140.0"
  input_channel: "2"
}

[2015-05-29 17:13:02,225][Test worker][DEBUG][CommonFacadeService] Publish message successfully
[2015-05-29 17:13:02,225][Test worker][DEBUG][MLotteryContext] find mapping file definition(xml-mapping/game/digital/SellTicket_Res.xml) by key(7.transtype.4200).
[2015-05-29 17:13:02,225][Test worker][DEBUG][ProtocolSerializer] Start to serialize model(class com.mpos.lottery.te.gameimpl.digital.sale.DigitalTicket),mappingFile=xml-mapping/game/digital/SellTicket_Res.xml
[2015-05-29 17:13:02,225][Test worker][DEBUG][MLotteryContext] find mapping file definition(xml-mapping/game/digital/SellTicket_Res.xml) by key(7.transtype.4200).
[2015-05-29 17:13:02,226][Test worker][DEBUG][CastorHelper] Finish marshaling input(typeclass com.mpos.lottery.te.gameimpl.digital.sale.DigitalTicket, mappingFile=xml-mapping/game/digital/SellTicket_Res.xml).
[2015-05-29 17:13:02,227][Test worker][DEBUG][ProtocolSerializer] Finish mac(macKey=P2Bbo6+bSSR9O2Qc89f3b4oHTyE1V2gF,macString=Protocal-Version:1.5|GPE_Id:GPE-111|Terminal-Id:111|Operator-Id:OPERATOR-111|Trans-BatchNumber:20150529|TractMsg-Id:1432890782091|Timestamp:20150529171302|Transaction-Type:4200|Transaction-Id:0115052900000000000186|Response-Code:200|<?xml version="1.0" encoding="UTF-8"?>
<Ticket serialNo="01110745719300003505" type="1" lastDrawNo="11003" barcode="07cK/u9hwZY2Rogq4k24Oeg4G3HSlAl9EbjLdf+UJJlt8eRiXxElYKcp3InwF+WYqVzZB9AdeHC98=" validationCode="296933" multipleDraws="2" totalBets="4" totalAmount="400.0"><GameDraw number="11002" gameId="FD-1"/><Entry selectedNumber="0,3,2,8" betOption="4" inputChannel="2" entryAmount="60.0"/><Entry selectedNumber="25" betOption="-3" inputChannel="2" entryAmount="140.0"/></Ticket>):be4939393a6379626188831b021cdb87
[2015-05-29 17:13:02,227][Test worker][DEBUG][TEPortServlet] Write response to client(host1=localhost,sizeOfPack=652) succesfully.
[2015-05-29 17:13:02,228][Test worker][DEBUG][BaseServletIntegrationTest] Got response(code=200,length=652): <?xml version="1.0" encoding="UTF-8"?>
<Ticket serialNo="01110745719300003505" type="1" lastDrawNo="11003" barcode="07cK/u9hwZY2Rogq4k24Oeg4G3HSlAl9EbjLdf+UJJlt8eRiXxElYKcp3InwF+WYqVzZB9AdeHC98=" validationCode="296933" multipleDraws="2" totalBets="4" totalAmount="400.0"><GameDraw number="11002" gameId="FD-1"/><Entry selectedNumber="0,3,2,8" betOption="4" inputChannel="2" entryAmount="60.0"/><Entry selectedNumber="25" betOption="-3" inputChannel="2" entryAmount="140.0"/></Ticket>
[2015-05-29 17:13:02,228][Test worker][DEBUG][MLotteryContext] find mapping file definition(xml-mapping/game/digital/SellTicket_Res.xml) by key(7.transtype.4200).
[2015-05-29 17:13:02,237][Test worker][DEBUG][MLotteryContext] find mapping file definition(xml-mapping/TransactionEnquiry_Req.xml) by key(transtype.206).
[2015-05-29 17:13:02,238][Test worker][DEBUG][CastorHelper] Finish marshaling input(typeclass com.mpos.lottery.te.trans.domain.Transaction, mappingFile=xml-mapping/TransactionEnquiry_Req.xml).
[2015-05-29 17:13:02,238][Test worker][DEBUG][BaseServletIntegrationTest] Do MAC(key=P2Bbo6+bSSR9O2Qc89f3b4oHTyE1V2gF) on (Protocal-Version:1.5|GPE_Id:GPE-111|Terminal-Id:111|Operator-Id:OPERATOR-111|Trans-BatchNumber:20150529|TractMsg-Id:1432890782237|Timestamp:20150529171302|Transaction-Type:206|Transaction-Id:|Response-Code:|<?xml version="1.0" encoding="UTF-8"?>
<Transaction terminalId="111" traceMessageId="1432890782091"/>,hash=1332848334), get digest:55ec19ce42bc94ba24b84566e7ace15f
[2015-05-29 17:13:02,238][Test worker][DEBUG][TEPortServlet] Got request header(name=X-Transaction-Type, value=206).
[2015-05-29 17:13:02,239][Test worker][DEBUG][TEPortServlet] Got request header(name=X-Protocal-Version, value=1.5).
[2015-05-29 17:13:02,239][Test worker][DEBUG][TEPortServlet] Got request header(name=X-Timestamp, value=20150529171302).
[2015-05-29 17:13:02,239][Test worker][DEBUG][TEPortServlet] Got request header(name=X-GPE-Id, value=GPE-111).
[2015-05-29 17:13:02,239][Test worker][DEBUG][TEPortServlet] Got request header(name=X-Trace-Message-Id, value=1432890782237).
[2015-05-29 17:13:02,239][Test worker][DEBUG][TEPortServlet] Got request header(name=X-Operator-Id, value=OPERATOR-111).
[2015-05-29 17:13:02,239][Test worker][DEBUG][TEPortServlet] Got request header(name=X-Terminal-Id, value=111).
[2015-05-29 17:13:02,239][Test worker][DEBUG][TEPortServlet] Got request header(name=X-MAC, value=55ec19ce42bc94ba24b84566e7ace15f).
[2015-05-29 17:13:02,239][Test worker][DEBUG][TEPortServlet] Got request header(name=X-Game-Type-Id, value=-1).
[2015-05-29 17:13:02,239][Test worker][DEBUG][TEPortServlet] Got request header(name=X-Trans-BatchNumber, value=20150529).
[2015-05-29 17:13:02,239][Test worker][DEBUG][TEPortServlet] Got request header(name=X-GPS-Location, value=40.714353,-74.005973).
[2015-05-29 17:13:02,242][Test worker][DEBUG][TEPortServlet] Got request from localhost, and the message body is:pq3FqO8HCcAnaobA+xpVnADmrnwj1vrK59BGhqvtskYFWTsa2cbe6jcIE4b0pl+ogrA4SMNVUFtCb0VnctvqFZ4g+Dv1D5Fz4ERoX4gVmzFJ1yZK27DdH96d7qseGEWSRSpOFpk4Ml4=.
[2015-05-29 17:13:02,242][Test worker][DEBUG][ProtocolSerializer] Start to deserialize request context(Protocal-Version:1.5|GPE_Id:GPE-111|Terminal-Id:111|Operator-Id:OPERATOR-111|Trans-BatchNumber:20150529|TractMsg-Id:1432890782237|Timestamp:20150529171302|Transaction-Type:206|Transaction-Id:|Response-Code:|).
[2015-05-29 17:13:02,243][Test worker][DEBUG][ProtocolSerializer] Finish decrypting cipher into original xml:<?xml version="1.0" encoding="UTF-8"?>
<Transaction terminalId="111" traceMessageId="1432890782091"/>
[2015-05-29 17:13:02,243][Test worker][DEBUG][ProtocolSerializer] Start to do MAC(key=P2Bbo6+bSSR9O2Qc89f3b4oHTyE1V2gF) on (Protocal-Version:1.5|GPE_Id:GPE-111|Terminal-Id:111|Operator-Id:OPERATOR-111|Trans-BatchNumber:20150529|TractMsg-Id:1432890782237|Timestamp:20150529171302|Transaction-Type:206|Transaction-Id:|Response-Code:|<?xml version="1.0" encoding="UTF-8"?>
<Transaction terminalId="111" traceMessageId="1432890782091"/>,hash=1332848334), get digest:55ec19ce42bc94ba24b84566e7ace15f
[2015-05-29 17:13:02,243][Test worker][DEBUG][MLotteryContext] find mapping file definition(xml-mapping/TransactionEnquiry_Req.xml) by key(transtype.206).
[2015-05-29 17:13:02,243][Test worker][DEBUG][ProtocolSerializer] Start to deserialize model: model=null,mappingFile=xml-mapping/TransactionEnquiry_Req.xml
[2015-05-29 17:13:02,243][Test worker][DEBUG][MLotteryContext] find mapping file definition(xml-mapping/TransactionEnquiry_Req.xml) by key(transtype.206).
[2015-05-29 17:13:02,259][Test worker][DEBUG][RoutineRegistry] Try to lookup handler by routine key(-1_206_1.5.0).
[2015-05-29 17:13:02,259][Test worker][DEBUG][RoutineRegistry] Try to lookup handler by routine key(-1_206_).
[2015-05-29 17:13:02,259][Test worker][DEBUG][RoutineRegistry] Lookup controller by key(-1_206_), found controller(com.mpos.lottery.te.trans.TransactionController@53ddecd8) and method(public void com.mpos.lottery.te.trans.TransactionController.cancelByTrans(com.mpos.lottery.te.port.Context,com.mpos.lottery.te.port.Context) throws com.mpos.lottery.te.config.exception.ApplicationException).
[2015-05-29 17:13:02,267][Test worker][DEBUG][ReversalOrCancelStrategyFactory] Found ReversalStrategy(class com.mpos.lottery.te.gameimpl.digital.sale.service.DigitalSaleService) to cancel transaction(gameType=7,terminalId=111,transType=200,protocolVersion=1.5.0).
[2015-05-29 17:13:02,286][Test worker][DEBUG][DefaultBalanceService] Operator before transaction -  Operator [id=OPERATOR-111, loginName=OPERATOR-LOGIN, creditType=1, saleCreditLevel=199999600, payoutCreditLevel=1000, cashoutBalance=0, commisionBalance=0]
[2015-05-29 17:13:02,286][Test worker][DEBUG][DefaultBalanceService] Found balance strategy:com.mpos.lottery.te.merchant.service.balance.SaleBalanceStrategy@e1f8aba
[2015-05-29 17:13:02,286][Test worker][DEBUG][DefaultBalanceService] Operator after transaction -  Operator [id=OPERATOR-111, loginName=OPERATOR-LOGIN, creditType=1, saleCreditLevel=200000000, payoutCreditLevel=1000, cashoutBalance=0, commisionBalance=0]
[2015-05-29 17:13:02,310][Test worker][DEBUG][CommonFacadeService] Prepare to publish message to exchange[TE.200] with routing key[TE.CANCEL.200.7]: origTrans {
  id: "0115052900000000000186"
  dev_id: "111"
  operator_id: "OPERATOR-111"
  merchant_id: "111"
  create_time: 1432890782000
  trans_type: 200
  game_id: "FD-1"
  game_type: 7
  total_amount: "400"
}
cancelTrans {
  id: "0115052900000000000195"
  dev_id: "111"
  operator_id: "OPERATOR-111"
  merchant_id: "111"
  create_time: 1432890782000
  trans_type: 206
  game_id: "FD-1"
  game_type: 7
  total_amount: "400"
}

[2015-05-29 17:13:02,310][Test worker][DEBUG][CommonFacadeService] Publish message successfully
[2015-05-29 17:13:02,311][Test worker][DEBUG][ProtocolSerializer] Finish mac(macKey=P2Bbo6+bSSR9O2Qc89f3b4oHTyE1V2gF,macString=Protocal-Version:1.5|GPE_Id:GPE-111|Terminal-Id:111|Operator-Id:OPERATOR-111|Trans-BatchNumber:20150529|TractMsg-Id:1432890782237|Timestamp:20150529171302|Transaction-Type:4206|Transaction-Id:0115052900000000000195|Response-Code:200|):2950541072e513cb9c35cb17621fe2ff
[2015-05-29 17:13:02,311][Test worker][DEBUG][BaseServletIntegrationTest] Got response(code=200,length=0): 
[2015-05-29 17:13:02,339][Test worker][DEBUG][TEPortServlet] Startup job scheduer(org.quartz.impl.StdScheduler@4d1e5820) successfully.
[2015-05-29 17:13:02,339][Test worker][WARN ][TEPortServlet] can NOT find META file:F:\project\M.Lottery\TE\TRUNK_TE\sourcecode\build\classes\main\META-INF\MANIFEST.MF
[2015-05-29 17:13:02,339][Test worker][DEBUG][TEPortServlet] Register MBean(com.mpos.lottery.te.common.jmx.TransactionTimeout@600ccf6f) with name(com.mpos.lottery.te:type=TransactionTimeoutMBean) successfully.
[2015-05-29 17:13:02,339][Test worker][DEBUG][BaseTransactionalIntegrationTest] Retrieve a ApplicationContext(org.springframework.web.context.support.GenericWebApplicationContext@34f645a8: startup date [Fri May 29 17:12:38 CST 2015]; root of context hierarchy).
[2015-05-29 17:13:02,340][Test worker][INFO ][BaseTransactionalIntegrationTest] +------------------------------------------------------------------------------------------------------------------------+
[2015-05-29 17:13:02,340][Test worker][INFO ][BaseTransactionalIntegrationTest] | SaleCancellationIntegrationTest.testCancelByTrans_CancelDelined                                                        |
[2015-05-29 17:13:02,340][Test worker][INFO ][BaseTransactionalIntegrationTest] +------------------------------------------------------------------------------------------------------------------------+
[2015-05-29 17:13:02,344][Test worker][DEBUG][MLotteryContext] find mapping file definition(xml-mapping/game/digital/SellTicket_Req.xml) by key(7.transtype.200).
[2015-05-29 17:13:02,345][Test worker][DEBUG][CastorHelper] Finish marshaling input(typeclass com.mpos.lottery.te.gameimpl.digital.sale.DigitalTicket, mappingFile=xml-mapping/game/digital/SellTicket_Req.xml).
[2015-05-29 17:13:02,345][Test worker][DEBUG][BaseServletIntegrationTest] Do MAC(key=P2Bbo6+bSSR9O2Qc89f3b4oHTyE1V2gF) on (Protocal-Version:1.5|GPE_Id:GPE-111|Terminal-Id:111|Operator-Id:OPERATOR-111|Trans-BatchNumber:20150529|TractMsg-Id:1432890782344|Timestamp:20150529171302|Transaction-Type:200|Transaction-Id:|Response-Code:|<?xml version="1.0" encoding="UTF-8"?>
<Ticket multipleDraws="2" totalAmount="400.0" PIN="!!!"><GameDraw number="11002" gameId="FD-1"/><Entry selectedNumber="0,3,2,8" betOption="4" inputChannel="2" entryAmount="60.0"/><Entry selectedNumber="25" betOption="-3" inputChannel="2" entryAmount="140.0"/><User mobile="13800138000" creditCardSN="09812091283120123" id="lai"/></Ticket>,hash=1316189730), get digest:7a3370781c12a92dda1ddf6a01d67059
[2015-05-29 17:13:02,345][Test worker][DEBUG][TEPortServlet] Got request header(name=X-Transaction-Type, value=200).
[2015-05-29 17:13:02,345][Test worker][DEBUG][TEPortServlet] Got request header(name=X-Protocal-Version, value=1.5).
[2015-05-29 17:13:02,345][Test worker][DEBUG][TEPortServlet] Got request header(name=X-Timestamp, value=20150529171302).
[2015-05-29 17:13:02,346][Test worker][DEBUG][TEPortServlet] Got request header(name=X-GPE-Id, value=GPE-111).
[2015-05-29 17:13:02,346][Test worker][DEBUG][TEPortServlet] Got request header(name=X-Trace-Message-Id, value=1432890782344).
[2015-05-29 17:13:02,346][Test worker][DEBUG][TEPortServlet] Got request header(name=X-Operator-Id, value=OPERATOR-111).
[2015-05-29 17:13:02,346][Test worker][DEBUG][TEPortServlet] Got request header(name=X-Terminal-Id, value=111).
[2015-05-29 17:13:02,346][Test worker][DEBUG][TEPortServlet] Got request header(name=X-MAC, value=7a3370781c12a92dda1ddf6a01d67059).
[2015-05-29 17:13:02,346][Test worker][DEBUG][TEPortServlet] Got request header(name=X-Game-Type-Id, value=7).
[2015-05-29 17:13:02,346][Test worker][DEBUG][TEPortServlet] Got request header(name=X-Trans-BatchNumber, value=20150529).
[2015-05-29 17:13:02,346][Test worker][DEBUG][TEPortServlet] Got request header(name=X-GPS-Location, value=40.714353,-74.005973).
[2015-05-29 17:13:02,348][Test worker][DEBUG][TEPortServlet] Got request from localhost, and the message body is:pq3FqO8HCcAnaobA+xpVnADmrnwj1vrK59BGhqvtskYFWTsa2cbe6vvj1C28m6E+ybhcq2GHfncNCEmxnE1Ou0qcmJ+qutg9btrOyNtL8dAXOsCAt2VNz1Y3CyjizpWI1I8nQlwlEa8u3GnJdhPFqIwM+Go3KKjwWeZYUIZCCRGWj1yuQpJlzXfrBcB0y+SIx9BCcDqX9Cq9c2sM8doKNf2KfW5C60akmrLPtm4ds3wtET6JtIywgiNFKLcIdAG//+8JPC3fMLps3JnYw9/PChBNW4+JKSio1UkYGHWQMW8cZ8cWTDtVXm8ZINTl4bZYkVQl+v2xOSZWJfSo5PoTuCSV8U4FP7D/T6UDilZ4acW94+RrdCzF5xCwRJMMncqK4YeX8axPGnJNj8CfPsIS98AxpAtzOKg4eGW58K3qGmGJNAC9vxn2hqlnhCJ/guYLb6ysfRvd83y7AzPJ8taL+kqG6YmonjVwLMGX5NAyO1SNZJurVU7P5dRbgGIQtziq.
[2015-05-29 17:13:02,348][Test worker][DEBUG][ProtocolSerializer] Start to deserialize request context(Protocal-Version:1.5|GPE_Id:GPE-111|Terminal-Id:111|Operator-Id:OPERATOR-111|Trans-BatchNumber:20150529|TractMsg-Id:1432890782344|Timestamp:20150529171302|Transaction-Type:200|Transaction-Id:|Response-Code:|).
[2015-05-29 17:13:02,348][Test worker][DEBUG][ProtocolSerializer] Finish decrypting cipher into original xml:<?xml version="1.0" encoding="UTF-8"?>
<Ticket multipleDraws="2" totalAmount="400.0" PIN="!!!"><GameDraw number="11002" gameId="FD-1"/><Entry selectedNumber="0,3,2,8" betOption="4" inputChannel="2" entryAmount="60.0"/><Entry selectedNumber="25" betOption="-3" inputChannel="2" entryAmount="140.0"/><User mobile="13800138000" creditCardSN="09812091283120123" id="lai"/></Ticket>
[2015-05-29 17:13:02,348][Test worker][DEBUG][ProtocolSerializer] Start to do MAC(key=P2Bbo6+bSSR9O2Qc89f3b4oHTyE1V2gF) on (Protocal-Version:1.5|GPE_Id:GPE-111|Terminal-Id:111|Operator-Id:OPERATOR-111|Trans-BatchNumber:20150529|TractMsg-Id:1432890782344|Timestamp:20150529171302|Transaction-Type:200|Transaction-Id:|Response-Code:|<?xml version="1.0" encoding="UTF-8"?>
<Ticket multipleDraws="2" totalAmount="400.0" PIN="!!!"><GameDraw number="11002" gameId="FD-1"/><Entry selectedNumber="0,3,2,8" betOption="4" inputChannel="2" entryAmount="60.0"/><Entry selectedNumber="25" betOption="-3" inputChannel="2" entryAmount="140.0"/><User mobile="13800138000" creditCardSN="09812091283120123" id="lai"/></Ticket>,hash=1316189730), get digest:7a3370781c12a92dda1ddf6a01d67059
[2015-05-29 17:13:02,349][Test worker][DEBUG][MLotteryContext] find mapping file definition(xml-mapping/game/digital/SellTicket_Req.xml) by key(7.transtype.200).
[2015-05-29 17:13:02,349][Test worker][DEBUG][ProtocolSerializer] Start to deserialize model: model=null,mappingFile=xml-mapping/game/digital/SellTicket_Req.xml
[2015-05-29 17:13:02,349][Test worker][DEBUG][MLotteryContext] find mapping file definition(xml-mapping/game/digital/SellTicket_Req.xml) by key(7.transtype.200).
[2015-05-29 17:13:02,362][Test worker][DEBUG][RoutineRegistry] Try to lookup handler by routine key(7_200_1.5.0).
[2015-05-29 17:13:02,363][Test worker][DEBUG][RoutineRegistry] Try to lookup handler by routine key(7_200_).
[2015-05-29 17:13:02,363][Test worker][DEBUG][RoutineRegistry] Lookup controller by key(7_200_), found controller(com.mpos.lottery.te.gameimpl.digital.DigitalController@2c507c91) and method(public void com.mpos.lottery.te.gameimpl.digital.DigitalController.sell(com.mpos.lottery.te.port.Context,com.mpos.lottery.te.port.Context) throws com.mpos.lottery.te.config.exception.ApplicationException).
[2015-05-29 17:13:02,369][Test worker][DEBUG][BaseJpaDao] Query future game instance(class com.mpos.lottery.te.gameimpl.digital.game.DigitalGameInstance) by(number=11002,gameId=FD-1, multipleDraws=2, state=1||2):1
[2015-05-29 17:13:02,374][Test worker][INFO ][AbstractGameInstanceService] No channel game instance time definiton found, ignore it.
[2015-05-29 17:13:02,374][Test worker][DEBUG][UUIDServiceImpl] Assemble a new ticket serial number:01110745719300003674
[2015-05-29 17:13:02,380][Test worker][DEBUG][DefaultTicketValidator] THe max allowed multi-draw of operation parameter is 10, merchant limit to 3, the smaller 3 will be used.
[2015-05-29 17:13:02,385][Test worker][DEBUG][AbstractRiskControlService] Determine the final risk control limit of ticket(aHhDkgTyIu50A2BrZKmpP48js1h0lOs0) as 150000
[2015-05-29 17:13:02,391][Test worker][DEBUG][DigitalRiskControlService] There total 1 possible prize levels found, determine the final loss amount of prize level as 150000.00=150000/1
[2015-05-29 17:13:02,391][Test worker][DEBUG][AbstractRiskControlService] Prepare to generate risk control log of ChanceOdds [odds=50, prizelLevelType=41, bettingNumber=null]
[2015-05-29 17:13:02,391][Test worker][DEBUG][AbstractRiskControlService] Determine the odds of betting number(0,3,2,8, amount=60.0) is 50
[2015-05-29 17:13:02,398][Test worker][DEBUG][AbstractRiskControlService] Determine the final risk control limit of ticket(aHhDkgTyIu50A2BrZKmpP48js1h0lOs0) as 150000
[2015-05-29 17:13:02,402][Test worker][DEBUG][DigitalRiskControlService] There total 1 possible prize levels found, determine the final loss amount of prize level as 150000.00=150000/1
[2015-05-29 17:13:02,402][Test worker][DEBUG][AbstractRiskControlService] Prepare to generate risk control log of ChanceOdds [odds=50, prizelLevelType=-3, bettingNumber=25]
[2015-05-29 17:13:02,402][Test worker][DEBUG][AbstractRiskControlService] Determine the odds of betting number(25, amount=140.0) is 50
[2015-05-29 17:13:02,409][Test worker][DEBUG][AbstractRiskControlService] Determine the final risk control limit of ticket(aHhDkgTyIu50A2BrZKmpP48js1h0lOs0) as 150000
[2015-05-29 17:13:02,412][Test worker][DEBUG][DigitalRiskControlService] There total 1 possible prize levels found, determine the final loss amount of prize level as 150000.00=150000/1
[2015-05-29 17:13:02,412][Test worker][DEBUG][AbstractRiskControlService] Prepare to generate risk control log of ChanceOdds [odds=50, prizelLevelType=41, bettingNumber=null]
[2015-05-29 17:13:02,412][Test worker][DEBUG][AbstractRiskControlService] Determine the odds of betting number(0,3,2,8, amount=60.0) is 50
[2015-05-29 17:13:02,420][Test worker][DEBUG][AbstractRiskControlService] Determine the final risk control limit of ticket(aHhDkgTyIu50A2BrZKmpP48js1h0lOs0) as 150000
[2015-05-29 17:13:02,423][Test worker][DEBUG][DigitalRiskControlService] There total 1 possible prize levels found, determine the final loss amount of prize level as 150000.00=150000/1
[2015-05-29 17:13:02,424][Test worker][DEBUG][AbstractRiskControlService] Prepare to generate risk control log of ChanceOdds [odds=50, prizelLevelType=-3, bettingNumber=25]
[2015-05-29 17:13:02,424][Test worker][DEBUG][AbstractRiskControlService] Determine the odds of betting number(25, amount=140.0) is 50
[2015-05-29 17:13:02,447][Test worker][DEBUG][DefaultBalanceService] Operator before transaction -  Operator [id=OPERATOR-111, loginName=OPERATOR-LOGIN, creditType=1, saleCreditLevel=200000000, payoutCreditLevel=1000, cashoutBalance=0, commisionBalance=0]
[2015-05-29 17:13:02,447][Test worker][DEBUG][DefaultBalanceService] Found balance strategy:com.mpos.lottery.te.merchant.service.balance.SaleBalanceStrategy@e1f8aba
[2015-05-29 17:13:02,447][Test worker][DEBUG][DefaultBalanceService] Operator after transaction -  Operator [id=OPERATOR-111, loginName=OPERATOR-LOGIN, creditType=1, saleCreditLevel=199999600.0, payoutCreditLevel=1000, cashoutBalance=0, commisionBalance=0]
[2015-05-29 17:13:02,451][Test worker][WARN ][BaseJpaDao] Should be at most only 1 entity(com.mpos.lottery.te.merchant.domain.OperatorCommission) found, however total 2 entities found... the 1st entity(com.mpos.lottery.te.merchant.domain.OperatorCommission@5f6ae603) will be returned.
[2015-05-29 17:13:02,462][Test worker][DEBUG][CommonFacadeService] Prepare to publish message to exchange[TE.200] with routing key[TE.200.7]: transaction {
  id: "0115052900000000000196"
  dev_id: "111"
  operator_id: "OPERATOR-111"
  merchant_id: "111"
  create_time: 1432890782000
  trans_type: 200
  game_id: "FD-1"
  game_type: 7
  total_amount: "400.0"
}
multi_draw: 2
total_amount: "400.0"
serial_no: "aHhDkgTyIu50A2BrZKmpP48js1h0lOs0"
game_instance {
  id: "GII-112"
}
entries {
  selected_number: "0,3,2,8"
  bet_option: 4
  total_bets: 1
  entry_amount: "60.0"
  input_channel: "2"
}
entries {
  selected_number: "25"
  bet_option: -3
  total_bets: 1
  entry_amount: "140.0"
  input_channel: "2"
}

[2015-05-29 17:13:02,462][Test worker][DEBUG][CommonFacadeService] Publish message successfully
[2015-05-29 17:13:02,462][Test worker][DEBUG][MLotteryContext] find mapping file definition(xml-mapping/game/digital/SellTicket_Res.xml) by key(7.transtype.4200).
[2015-05-29 17:13:02,463][Test worker][DEBUG][ProtocolSerializer] Start to serialize model(class com.mpos.lottery.te.gameimpl.digital.sale.DigitalTicket),mappingFile=xml-mapping/game/digital/SellTicket_Res.xml
[2015-05-29 17:13:02,463][Test worker][DEBUG][MLotteryContext] find mapping file definition(xml-mapping/game/digital/SellTicket_Res.xml) by key(7.transtype.4200).
[2015-05-29 17:13:02,464][Test worker][DEBUG][CastorHelper] Finish marshaling input(typeclass com.mpos.lottery.te.gameimpl.digital.sale.DigitalTicket, mappingFile=xml-mapping/game/digital/SellTicket_Res.xml).
[2015-05-29 17:13:02,464][Test worker][DEBUG][ProtocolSerializer] Finish mac(macKey=P2Bbo6+bSSR9O2Qc89f3b4oHTyE1V2gF,macString=Protocal-Version:1.5|GPE_Id:GPE-111|Terminal-Id:111|Operator-Id:OPERATOR-111|Trans-BatchNumber:20150529|TractMsg-Id:1432890782344|Timestamp:20150529171302|Transaction-Type:4200|Transaction-Id:0115052900000000000196|Response-Code:200|<?xml version="1.0" encoding="UTF-8"?>
<Ticket serialNo="01110745719300003674" type="1" lastDrawNo="11003" barcode="07cK/u9hwZY2Rogq4k24Oeg4G3HSlAl9EbjLdf+UJJlt8eRiXxElYKcp3InwF+WYqVF0e7TdsGYuE=" validationCode="287685" multipleDraws="2" totalBets="4" totalAmount="400.0"><GameDraw number="11002" gameId="FD-1"/><Entry selectedNumber="0,3,2,8" betOption="4" inputChannel="2" entryAmount="60.0"/><Entry selectedNumber="25" betOption="-3" inputChannel="2" entryAmount="140.0"/></Ticket>):b3cdc76c81cfefaa4c35207de8471606
[2015-05-29 17:13:02,464][Test worker][DEBUG][TEPortServlet] Write response to client(host1=localhost,sizeOfPack=652) succesfully.
[2015-05-29 17:13:02,465][Test worker][DEBUG][BaseServletIntegrationTest] Got response(code=200,length=652): <?xml version="1.0" encoding="UTF-8"?>
<Ticket serialNo="01110745719300003674" type="1" lastDrawNo="11003" barcode="07cK/u9hwZY2Rogq4k24Oeg4G3HSlAl9EbjLdf+UJJlt8eRiXxElYKcp3InwF+WYqVF0e7TdsGYuE=" validationCode="287685" multipleDraws="2" totalBets="4" totalAmount="400.0"><GameDraw number="11002" gameId="FD-1"/><Entry selectedNumber="0,3,2,8" betOption="4" inputChannel="2" entryAmount="60.0"/><Entry selectedNumber="25" betOption="-3" inputChannel="2" entryAmount="140.0"/></Ticket>
[2015-05-29 17:13:02,465][Test worker][DEBUG][MLotteryContext] find mapping file definition(xml-mapping/game/digital/SellTicket_Res.xml) by key(7.transtype.4200).
[2015-05-29 17:13:02,473][Test worker][DEBUG][MLotteryContext] find mapping file definition(xml-mapping/TransactionEnquiry_Req.xml) by key(transtype.206).
[2015-05-29 17:13:02,474][Test worker][DEBUG][CastorHelper] Finish marshaling input(typeclass com.mpos.lottery.te.trans.domain.Transaction, mappingFile=xml-mapping/TransactionEnquiry_Req.xml).
[2015-05-29 17:13:02,474][Test worker][DEBUG][BaseServletIntegrationTest] Do MAC(key=P2Bbo6+bSSR9O2Qc89f3b4oHTyE1V2gF) on (Protocal-Version:1.5|GPE_Id:GPE-111|Terminal-Id:111|Operator-Id:OPERATOR-111|Trans-BatchNumber:20150529|TractMsg-Id:1432890782473|Timestamp:20150529171302|Transaction-Type:206|Transaction-Id:|Response-Code:|<?xml version="1.0" encoding="UTF-8"?>
<Transaction terminalId="111" traceMessageId="1432890782344"/>,hash=-1658318327), get digest:0c8fec0f5337c3849739d56fdd26293f
[2015-05-29 17:13:02,474][Test worker][DEBUG][TEPortServlet] Got request header(name=X-Transaction-Type, value=206).
[2015-05-29 17:13:02,475][Test worker][DEBUG][TEPortServlet] Got request header(name=X-Protocal-Version, value=1.5).
[2015-05-29 17:13:02,475][Test worker][DEBUG][TEPortServlet] Got request header(name=X-Timestamp, value=20150529171302).
[2015-05-29 17:13:02,475][Test worker][DEBUG][TEPortServlet] Got request header(name=X-GPE-Id, value=GPE-111).
[2015-05-29 17:13:02,475][Test worker][DEBUG][TEPortServlet] Got request header(name=X-Trace-Message-Id, value=1432890782473).
[2015-05-29 17:13:02,475][Test worker][DEBUG][TEPortServlet] Got request header(name=X-Operator-Id, value=OPERATOR-111).
[2015-05-29 17:13:02,475][Test worker][DEBUG][TEPortServlet] Got request header(name=X-Terminal-Id, value=111).
[2015-05-29 17:13:02,475][Test worker][DEBUG][TEPortServlet] Got request header(name=X-MAC, value=0c8fec0f5337c3849739d56fdd26293f).
[2015-05-29 17:13:02,475][Test worker][DEBUG][TEPortServlet] Got request header(name=X-Game-Type-Id, value=-1).
[2015-05-29 17:13:02,475][Test worker][DEBUG][TEPortServlet] Got request header(name=X-Trans-BatchNumber, value=20150529).
[2015-05-29 17:13:02,475][Test worker][DEBUG][TEPortServlet] Got request header(name=X-GPS-Location, value=40.714353,-74.005973).
[2015-05-29 17:13:02,477][Test worker][DEBUG][TEPortServlet] Got request from localhost, and the message body is:pq3FqO8HCcAnaobA+xpVnADmrnwj1vrK59BGhqvtskYFWTsa2cbe6jcIE4b0pl+ogrA4SMNVUFtCb0VnctvqFZ4g+Dv1D5Fz4ERoX4gVmzFJ1yZK27DdH+dNC0h+sPHVoVpS7SrJKXM=.
[2015-05-29 17:13:02,478][Test worker][DEBUG][ProtocolSerializer] Start to deserialize request context(Protocal-Version:1.5|GPE_Id:GPE-111|Terminal-Id:111|Operator-Id:OPERATOR-111|Trans-BatchNumber:20150529|TractMsg-Id:1432890782473|Timestamp:20150529171302|Transaction-Type:206|Transaction-Id:|Response-Code:|).
[2015-05-29 17:13:02,478][Test worker][DEBUG][ProtocolSerializer] Finish decrypting cipher into original xml:<?xml version="1.0" encoding="UTF-8"?>
<Transaction terminalId="111" traceMessageId="1432890782344"/>
[2015-05-29 17:13:02,478][Test worker][DEBUG][ProtocolSerializer] Start to do MAC(key=P2Bbo6+bSSR9O2Qc89f3b4oHTyE1V2gF) on (Protocal-Version:1.5|GPE_Id:GPE-111|Terminal-Id:111|Operator-Id:OPERATOR-111|Trans-BatchNumber:20150529|TractMsg-Id:1432890782473|Timestamp:20150529171302|Transaction-Type:206|Transaction-Id:|Response-Code:|<?xml version="1.0" encoding="UTF-8"?>
<Transaction terminalId="111" traceMessageId="1432890782344"/>,hash=-1658318327), get digest:0c8fec0f5337c3849739d56fdd26293f
[2015-05-29 17:13:02,479][Test worker][DEBUG][MLotteryContext] find mapping file definition(xml-mapping/TransactionEnquiry_Req.xml) by key(transtype.206).
[2015-05-29 17:13:02,479][Test worker][DEBUG][ProtocolSerializer] Start to deserialize model: model=null,mappingFile=xml-mapping/TransactionEnquiry_Req.xml
[2015-05-29 17:13:02,479][Test worker][DEBUG][MLotteryContext] find mapping file definition(xml-mapping/TransactionEnquiry_Req.xml) by key(transtype.206).
[2015-05-29 17:13:02,492][Test worker][DEBUG][RoutineRegistry] Try to lookup handler by routine key(-1_206_1.5.0).
[2015-05-29 17:13:02,492][Test worker][DEBUG][RoutineRegistry] Try to lookup handler by routine key(-1_206_).
[2015-05-29 17:13:02,492][Test worker][DEBUG][RoutineRegistry] Lookup controller by key(-1_206_), found controller(com.mpos.lottery.te.trans.TransactionController@53ddecd8) and method(public void com.mpos.lottery.te.trans.TransactionController.cancelByTrans(com.mpos.lottery.te.port.Context,com.mpos.lottery.te.port.Context) throws com.mpos.lottery.te.config.exception.ApplicationException).
[2015-05-29 17:13:02,500][Test worker][DEBUG][ReversalOrCancelStrategyFactory] Found ReversalStrategy(class com.mpos.lottery.te.gameimpl.digital.sale.service.DigitalSaleService) to cancel transaction(gameType=7,terminalId=111,transType=200,protocolVersion=1.5.0).
[2015-05-29 17:13:02,517][Test worker][DEBUG][DefaultBalanceService] Operator before transaction -  Operator [id=OPERATOR-111, loginName=OPERATOR-LOGIN, creditType=1, saleCreditLevel=199999600, payoutCreditLevel=1000, cashoutBalance=0, commisionBalance=0]
[2015-05-29 17:13:02,517][Test worker][DEBUG][DefaultBalanceService] Found balance strategy:com.mpos.lottery.te.merchant.service.balance.SaleBalanceStrategy@e1f8aba
[2015-05-29 17:13:02,517][Test worker][DEBUG][DefaultBalanceService] Operator after transaction -  Operator [id=OPERATOR-111, loginName=OPERATOR-LOGIN, creditType=1, saleCreditLevel=200000000, payoutCreditLevel=1000, cashoutBalance=0, commisionBalance=0]
[2015-05-29 17:13:02,538][Test worker][DEBUG][CommonFacadeService] Prepare to publish message to exchange[TE.200] with routing key[TE.CANCEL.200.7]: origTrans {
  id: "0115052900000000000196"
  dev_id: "111"
  operator_id: "OPERATOR-111"
  merchant_id: "111"
  create_time: 1432890782000
  trans_type: 200
  game_id: "FD-1"
  game_type: 7
  total_amount: "400"
}
cancelTrans {
  id: "0115052900000000000205"
  dev_id: "111"
  operator_id: "OPERATOR-111"
  merchant_id: "111"
  create_time: 1432890782000
  trans_type: 206
  game_id: "FD-1"
  game_type: 7
  total_amount: "400"
}

[2015-05-29 17:13:02,539][Test worker][DEBUG][CommonFacadeService] Publish message successfully
[2015-05-29 17:13:02,539][Test worker][DEBUG][ProtocolSerializer] Finish mac(macKey=P2Bbo6+bSSR9O2Qc89f3b4oHTyE1V2gF,macString=Protocal-Version:1.5|GPE_Id:GPE-111|Terminal-Id:111|Operator-Id:OPERATOR-111|Trans-BatchNumber:20150529|TractMsg-Id:1432890782473|Timestamp:20150529171302|Transaction-Type:4206|Transaction-Id:0115052900000000000205|Response-Code:333|):3e176910e369abd8ad232a73db4007c4
[2015-05-29 17:13:02,539][Test worker][DEBUG][BaseServletIntegrationTest] Got response(code=333,length=0): 
[2015-05-29 17:13:02,565][Test worker][DEBUG][TEPortServlet] Startup job scheduer(org.quartz.impl.StdScheduler@4d1e5820) successfully.
[2015-05-29 17:13:02,565][Test worker][WARN ][TEPortServlet] can NOT find META file:F:\project\M.Lottery\TE\TRUNK_TE\sourcecode\build\classes\main\META-INF\MANIFEST.MF
[2015-05-29 17:13:02,565][Test worker][DEBUG][TEPortServlet] Register MBean(com.mpos.lottery.te.common.jmx.TransactionTimeout@18a20659) with name(com.mpos.lottery.te:type=TransactionTimeoutMBean) successfully.
[2015-05-29 17:13:02,566][Test worker][DEBUG][BaseTransactionalIntegrationTest] Retrieve a ApplicationContext(org.springframework.web.context.support.GenericWebApplicationContext@34f645a8: startup date [Fri May 29 17:12:38 CST 2015]; root of context hierarchy).
[2015-05-29 17:13:02,566][Test worker][INFO ][BaseTransactionalIntegrationTest] +------------------------------------------------------------------------------------------------------------------------+
[2015-05-29 17:13:02,567][Test worker][INFO ][BaseTransactionalIntegrationTest] | SaleCancellationIntegrationTest.testCancelByTicket_OK                                                                  |
[2015-05-29 17:13:02,567][Test worker][INFO ][BaseTransactionalIntegrationTest] +------------------------------------------------------------------------------------------------------------------------+
[2015-05-29 17:13:02,571][Test worker][DEBUG][MLotteryContext] find mapping file definition(xml-mapping/game/digital/SellTicket_Req.xml) by key(7.transtype.200).
[2015-05-29 17:13:02,572][Test worker][DEBUG][CastorHelper] Finish marshaling input(typeclass com.mpos.lottery.te.gameimpl.digital.sale.DigitalTicket, mappingFile=xml-mapping/game/digital/SellTicket_Req.xml).
[2015-05-29 17:13:02,573][Test worker][DEBUG][BaseServletIntegrationTest] Do MAC(key=P2Bbo6+bSSR9O2Qc89f3b4oHTyE1V2gF) on (Protocal-Version:1.5|GPE_Id:GPE-111|Terminal-Id:111|Operator-Id:OPERATOR-111|Trans-BatchNumber:20150529|TractMsg-Id:1432890782571|Timestamp:20150529171302|Transaction-Type:200|Transaction-Id:|Response-Code:|<?xml version="1.0" encoding="UTF-8"?>
<Ticket multipleDraws="2" totalAmount="400.0" PIN="!!!"><GameDraw number="11002" gameId="FD-1"/><Entry selectedNumber="0,3,2,8" betOption="4" inputChannel="2" entryAmount="60.0"/><Entry selectedNumber="25" betOption="-3" inputChannel="2" entryAmount="140.0"/><User mobile="13800138000" creditCardSN="09812091283120123" id="lai"/></Ticket>,hash=-821150010), get digest:b0471239dedc933b251816015fc4a8ec
[2015-05-29 17:13:02,573][Test worker][DEBUG][TEPortServlet] Got request header(name=X-Transaction-Type, value=200).
[2015-05-29 17:13:02,573][Test worker][DEBUG][TEPortServlet] Got request header(name=X-Protocal-Version, value=1.5).
[2015-05-29 17:13:02,573][Test worker][DEBUG][TEPortServlet] Got request header(name=X-Timestamp, value=20150529171302).
[2015-05-29 17:13:02,573][Test worker][DEBUG][TEPortServlet] Got request header(name=X-GPE-Id, value=GPE-111).
[2015-05-29 17:13:02,573][Test worker][DEBUG][TEPortServlet] Got request header(name=X-Trace-Message-Id, value=1432890782571).
[2015-05-29 17:13:02,574][Test worker][DEBUG][TEPortServlet] Got request header(name=X-Operator-Id, value=OPERATOR-111).
[2015-05-29 17:13:02,574][Test worker][DEBUG][TEPortServlet] Got request header(name=X-Terminal-Id, value=111).
[2015-05-29 17:13:02,574][Test worker][DEBUG][TEPortServlet] Got request header(name=X-MAC, value=b0471239dedc933b251816015fc4a8ec).
[2015-05-29 17:13:02,574][Test worker][DEBUG][TEPortServlet] Got request header(name=X-Game-Type-Id, value=7).
[2015-05-29 17:13:02,574][Test worker][DEBUG][TEPortServlet] Got request header(name=X-Trans-BatchNumber, value=20150529).
[2015-05-29 17:13:02,574][Test worker][DEBUG][TEPortServlet] Got request header(name=X-GPS-Location, value=40.714353,-74.005973).
[2015-05-29 17:13:02,576][Test worker][DEBUG][TEPortServlet] Got request from localhost, and the message body is:pq3FqO8HCcAnaobA+xpVnADmrnwj1vrK59BGhqvtskYFWTsa2cbe6vvj1C28m6E+ybhcq2GHfncNCEmxnE1Ou0qcmJ+qutg9btrOyNtL8dAXOsCAt2VNz1Y3CyjizpWI1I8nQlwlEa8u3GnJdhPFqIwM+Go3KKjwWeZYUIZCCRGWj1yuQpJlzXfrBcB0y+SIx9BCcDqX9Cq9c2sM8doKNf2KfW5C60akmrLPtm4ds3wtET6JtIywgiNFKLcIdAG//+8JPC3fMLps3JnYw9/PChBNW4+JKSio1UkYGHWQMW8cZ8cWTDtVXm8ZINTl4bZYkVQl+v2xOSZWJfSo5PoTuCSV8U4FP7D/T6UDilZ4acW94+RrdCzF5xCwRJMMncqK4YeX8axPGnJNj8CfPsIS98AxpAtzOKg4eGW58K3qGmGJNAC9vxn2hqlnhCJ/guYLb6ysfRvd83y7AzPJ8taL+kqG6YmonjVwLMGX5NAyO1SNZJurVU7P5dRbgGIQtziq.
[2015-05-29 17:13:02,576][Test worker][DEBUG][ProtocolSerializer] Start to deserialize request context(Protocal-Version:1.5|GPE_Id:GPE-111|Terminal-Id:111|Operator-Id:OPERATOR-111|Trans-BatchNumber:20150529|TractMsg-Id:1432890782571|Timestamp:20150529171302|Transaction-Type:200|Transaction-Id:|Response-Code:|).
[2015-05-29 17:13:02,577][Test worker][DEBUG][ProtocolSerializer] Finish decrypting cipher into original xml:<?xml version="1.0" encoding="UTF-8"?>
<Ticket multipleDraws="2" totalAmount="400.0" PIN="!!!"><GameDraw number="11002" gameId="FD-1"/><Entry selectedNumber="0,3,2,8" betOption="4" inputChannel="2" entryAmount="60.0"/><Entry selectedNumber="25" betOption="-3" inputChannel="2" entryAmount="140.0"/><User mobile="13800138000" creditCardSN="09812091283120123" id="lai"/></Ticket>
[2015-05-29 17:13:02,577][Test worker][DEBUG][ProtocolSerializer] Start to do MAC(key=P2Bbo6+bSSR9O2Qc89f3b4oHTyE1V2gF) on (Protocal-Version:1.5|GPE_Id:GPE-111|Terminal-Id:111|Operator-Id:OPERATOR-111|Trans-BatchNumber:20150529|TractMsg-Id:1432890782571|Timestamp:20150529171302|Transaction-Type:200|Transaction-Id:|Response-Code:|<?xml version="1.0" encoding="UTF-8"?>
<Ticket multipleDraws="2" totalAmount="400.0" PIN="!!!"><GameDraw number="11002" gameId="FD-1"/><Entry selectedNumber="0,3,2,8" betOption="4" inputChannel="2" entryAmount="60.0"/><Entry selectedNumber="25" betOption="-3" inputChannel="2" entryAmount="140.0"/><User mobile="13800138000" creditCardSN="09812091283120123" id="lai"/></Ticket>,hash=-821150010), get digest:b0471239dedc933b251816015fc4a8ec
[2015-05-29 17:13:02,577][Test worker][DEBUG][MLotteryContext] find mapping file definition(xml-mapping/game/digital/SellTicket_Req.xml) by key(7.transtype.200).
[2015-05-29 17:13:02,577][Test worker][DEBUG][ProtocolSerializer] Start to deserialize model: model=null,mappingFile=xml-mapping/game/digital/SellTicket_Req.xml
[2015-05-29 17:13:02,578][Test worker][DEBUG][MLotteryContext] find mapping file definition(xml-mapping/game/digital/SellTicket_Req.xml) by key(7.transtype.200).
[2015-05-29 17:13:02,594][Test worker][DEBUG][RoutineRegistry] Try to lookup handler by routine key(7_200_1.5.0).
[2015-05-29 17:13:02,595][Test worker][DEBUG][RoutineRegistry] Try to lookup handler by routine key(7_200_).
[2015-05-29 17:13:02,595][Test worker][DEBUG][RoutineRegistry] Lookup controller by key(7_200_), found controller(com.mpos.lottery.te.gameimpl.digital.DigitalController@2c507c91) and method(public void com.mpos.lottery.te.gameimpl.digital.DigitalController.sell(com.mpos.lottery.te.port.Context,com.mpos.lottery.te.port.Context) throws com.mpos.lottery.te.config.exception.ApplicationException).
[2015-05-29 17:13:02,600][Test worker][DEBUG][BaseJpaDao] Query future game instance(class com.mpos.lottery.te.gameimpl.digital.game.DigitalGameInstance) by(number=11002,gameId=FD-1, multipleDraws=2, state=1||2):1
[2015-05-29 17:13:02,605][Test worker][INFO ][AbstractGameInstanceService] No channel game instance time definiton found, ignore it.
[2015-05-29 17:13:02,605][Test worker][DEBUG][UUIDServiceImpl] Assemble a new ticket serial number:01110745719300003736
[2015-05-29 17:13:02,611][Test worker][DEBUG][DefaultTicketValidator] THe max allowed multi-draw of operation parameter is 10, merchant limit to 3, the smaller 3 will be used.
[2015-05-29 17:13:02,614][Test worker][DEBUG][AbstractRiskControlService] Determine the final risk control limit of ticket(aHhDkgTyIu50A2BrZKmpP6SnuoCcgyDf) as 150000
[2015-05-29 17:13:02,621][Test worker][DEBUG][DigitalRiskControlService] There total 1 possible prize levels found, determine the final loss amount of prize level as 150000.00=150000/1
[2015-05-29 17:13:02,622][Test worker][DEBUG][AbstractRiskControlService] Prepare to generate risk control log of ChanceOdds [odds=50, prizelLevelType=41, bettingNumber=null]
[2015-05-29 17:13:02,622][Test worker][DEBUG][AbstractRiskControlService] Determine the odds of betting number(0,3,2,8, amount=60.0) is 50
[2015-05-29 17:13:02,630][Test worker][DEBUG][AbstractRiskControlService] Determine the final risk control limit of ticket(aHhDkgTyIu50A2BrZKmpP6SnuoCcgyDf) as 150000
[2015-05-29 17:13:02,634][Test worker][DEBUG][DigitalRiskControlService] There total 1 possible prize levels found, determine the final loss amount of prize level as 150000.00=150000/1
[2015-05-29 17:13:02,635][Test worker][DEBUG][AbstractRiskControlService] Prepare to generate risk control log of ChanceOdds [odds=50, prizelLevelType=-3, bettingNumber=25]
[2015-05-29 17:13:02,635][Test worker][DEBUG][AbstractRiskControlService] Determine the odds of betting number(25, amount=140.0) is 50
[2015-05-29 17:13:02,642][Test worker][DEBUG][AbstractRiskControlService] Determine the final risk control limit of ticket(aHhDkgTyIu50A2BrZKmpP6SnuoCcgyDf) as 150000
[2015-05-29 17:13:02,646][Test worker][DEBUG][DigitalRiskControlService] There total 1 possible prize levels found, determine the final loss amount of prize level as 150000.00=150000/1
[2015-05-29 17:13:02,646][Test worker][DEBUG][AbstractRiskControlService] Prepare to generate risk control log of ChanceOdds [odds=50, prizelLevelType=41, bettingNumber=null]
[2015-05-29 17:13:02,646][Test worker][DEBUG][AbstractRiskControlService] Determine the odds of betting number(0,3,2,8, amount=60.0) is 50
[2015-05-29 17:13:02,653][Test worker][DEBUG][AbstractRiskControlService] Determine the final risk control limit of ticket(aHhDkgTyIu50A2BrZKmpP6SnuoCcgyDf) as 150000
[2015-05-29 17:13:02,658][Test worker][DEBUG][DigitalRiskControlService] There total 1 possible prize levels found, determine the final loss amount of prize level as 150000.00=150000/1
[2015-05-29 17:13:02,658][Test worker][DEBUG][AbstractRiskControlService] Prepare to generate risk control log of ChanceOdds [odds=50, prizelLevelType=-3, bettingNumber=25]
[2015-05-29 17:13:02,658][Test worker][DEBUG][AbstractRiskControlService] Determine the odds of betting number(25, amount=140.0) is 50
[2015-05-29 17:13:02,680][Test worker][DEBUG][DefaultBalanceService] Operator before transaction -  Operator [id=OPERATOR-111, loginName=OPERATOR-LOGIN, creditType=1, saleCreditLevel=200000000, payoutCreditLevel=1000, cashoutBalance=0, commisionBalance=0]
[2015-05-29 17:13:02,680][Test worker][DEBUG][DefaultBalanceService] Found balance strategy:com.mpos.lottery.te.merchant.service.balance.SaleBalanceStrategy@e1f8aba
[2015-05-29 17:13:02,680][Test worker][DEBUG][DefaultBalanceService] Operator after transaction -  Operator [id=OPERATOR-111, loginName=OPERATOR-LOGIN, creditType=1, saleCreditLevel=199999600.0, payoutCreditLevel=1000, cashoutBalance=0, commisionBalance=0]
[2015-05-29 17:13:02,684][Test worker][WARN ][BaseJpaDao] Should be at most only 1 entity(com.mpos.lottery.te.merchant.domain.OperatorCommission) found, however total 2 entities found... the 1st entity(com.mpos.lottery.te.merchant.domain.OperatorCommission@302aea4d) will be returned.
[2015-05-29 17:13:02,694][Test worker][DEBUG][CommonFacadeService] Prepare to publish message to exchange[TE.200] with routing key[TE.200.7]: transaction {
  id: "0115052900000000000206"
  dev_id: "111"
  operator_id: "OPERATOR-111"
  merchant_id: "111"
  create_time: 1432890782000
  trans_type: 200
  game_id: "FD-1"
  game_type: 7
  total_amount: "400.0"
}
multi_draw: 2
total_amount: "400.0"
serial_no: "aHhDkgTyIu50A2BrZKmpP6SnuoCcgyDf"
game_instance {
  id: "GII-112"
}
entries {
  selected_number: "0,3,2,8"
  bet_option: 4
  total_bets: 1
  entry_amount: "60.0"
  input_channel: "2"
}
entries {
  selected_number: "25"
  bet_option: -3
  total_bets: 1
  entry_amount: "140.0"
  input_channel: "2"
}

[2015-05-29 17:13:02,694][Test worker][DEBUG][CommonFacadeService] Publish message successfully
[2015-05-29 17:13:02,695][Test worker][DEBUG][MLotteryContext] find mapping file definition(xml-mapping/game/digital/SellTicket_Res.xml) by key(7.transtype.4200).
[2015-05-29 17:13:02,695][Test worker][DEBUG][ProtocolSerializer] Start to serialize model(class com.mpos.lottery.te.gameimpl.digital.sale.DigitalTicket),mappingFile=xml-mapping/game/digital/SellTicket_Res.xml
[2015-05-29 17:13:02,695][Test worker][DEBUG][MLotteryContext] find mapping file definition(xml-mapping/game/digital/SellTicket_Res.xml) by key(7.transtype.4200).
[2015-05-29 17:13:02,696][Test worker][DEBUG][CastorHelper] Finish marshaling input(typeclass com.mpos.lottery.te.gameimpl.digital.sale.DigitalTicket, mappingFile=xml-mapping/game/digital/SellTicket_Res.xml).
[2015-05-29 17:13:02,696][Test worker][DEBUG][ProtocolSerializer] Finish mac(macKey=P2Bbo6+bSSR9O2Qc89f3b4oHTyE1V2gF,macString=Protocal-Version:1.5|GPE_Id:GPE-111|Terminal-Id:111|Operator-Id:OPERATOR-111|Trans-BatchNumber:20150529|TractMsg-Id:1432890782571|Timestamp:20150529171302|Transaction-Type:4200|Transaction-Id:0115052900000000000206|Response-Code:200|<?xml version="1.0" encoding="UTF-8"?>
<Ticket serialNo="01110745719300003736" type="1" lastDrawNo="11003" barcode="07cK/u9hwZY2Rogq4k24Oeg4G3HSlAl9EbjLdf+UJJlt8eRiXxElYKcp3InwF+WYqVTfj20pPcNR8=" validationCode="422845" multipleDraws="2" totalBets="4" totalAmount="400.0"><GameDraw number="11002" gameId="FD-1"/><Entry selectedNumber="0,3,2,8" betOption="4" inputChannel="2" entryAmount="60.0"/><Entry selectedNumber="25" betOption="-3" inputChannel="2" entryAmount="140.0"/></Ticket>):1e66eb10e6e6f868c9e93f49189df41b
[2015-05-29 17:13:02,697][Test worker][DEBUG][TEPortServlet] Write response to client(host1=localhost,sizeOfPack=652) succesfully.
[2015-05-29 17:13:02,697][Test worker][DEBUG][BaseServletIntegrationTest] Got response(code=200,length=652): <?xml version="1.0" encoding="UTF-8"?>
<Ticket serialNo="01110745719300003736" type="1" lastDrawNo="11003" barcode="07cK/u9hwZY2Rogq4k24Oeg4G3HSlAl9EbjLdf+UJJlt8eRiXxElYKcp3InwF+WYqVTfj20pPcNR8=" validationCode="422845" multipleDraws="2" totalBets="4" totalAmount="400.0"><GameDraw number="11002" gameId="FD-1"/><Entry selectedNumber="0,3,2,8" betOption="4" inputChannel="2" entryAmount="60.0"/><Entry selectedNumber="25" betOption="-3" inputChannel="2" entryAmount="140.0"/></Ticket>
[2015-05-29 17:13:02,697][Test worker][DEBUG][MLotteryContext] find mapping file definition(xml-mapping/game/digital/SellTicket_Res.xml) by key(7.transtype.4200).
[2015-05-29 17:13:02,706][Test worker][DEBUG][MLotteryContext] find mapping file definition(xml-mapping/game/digital/CancelTicket_Req.xml) by key(7.transtype.201).
[2015-05-29 17:13:02,706][Test worker][DEBUG][CastorHelper] Finish marshaling input(typeclass com.mpos.lottery.te.gameimpl.digital.sale.DigitalTicket, mappingFile=xml-mapping/game/digital/CancelTicket_Req.xml).
[2015-05-29 17:13:02,707][Test worker][DEBUG][BaseServletIntegrationTest] Do MAC(key=P2Bbo6+bSSR9O2Qc89f3b4oHTyE1V2gF) on (Protocal-Version:1.5|GPE_Id:GPE-111|Terminal-Id:111|Operator-Id:OPERATOR-111|Trans-BatchNumber:20150529|TractMsg-Id:1432890782705|Timestamp:20150529171302|Transaction-Type:201|Transaction-Id:|Response-Code:|<?xml version="1.0" encoding="UTF-8"?>
<Ticket serialNo="01110745719300003736" isMannul="0"/>,hash=-1237924968), get digest:70a3271c74d6c89bef1a50eb2609ad9f
[2015-05-29 17:13:02,707][Test worker][DEBUG][TEPortServlet] Got request header(name=X-Transaction-Type, value=201).
[2015-05-29 17:13:02,707][Test worker][DEBUG][TEPortServlet] Got request header(name=X-Protocal-Version, value=1.5).
[2015-05-29 17:13:02,707][Test worker][DEBUG][TEPortServlet] Got request header(name=X-Timestamp, value=20150529171302).
[2015-05-29 17:13:02,707][Test worker][DEBUG][TEPortServlet] Got request header(name=X-GPE-Id, value=GPE-111).
[2015-05-29 17:13:02,707][Test worker][DEBUG][TEPortServlet] Got request header(name=X-Trace-Message-Id, value=1432890782705).
[2015-05-29 17:13:02,707][Test worker][DEBUG][TEPortServlet] Got request header(name=X-Operator-Id, value=OPERATOR-111).
[2015-05-29 17:13:02,707][Test worker][DEBUG][TEPortServlet] Got request header(name=X-Terminal-Id, value=111).
[2015-05-29 17:13:02,707][Test worker][DEBUG][TEPortServlet] Got request header(name=X-MAC, value=70a3271c74d6c89bef1a50eb2609ad9f).
[2015-05-29 17:13:02,708][Test worker][DEBUG][TEPortServlet] Got request header(name=X-Game-Type-Id, value=7).
[2015-05-29 17:13:02,708][Test worker][DEBUG][TEPortServlet] Got request header(name=X-Trans-BatchNumber, value=20150529).
[2015-05-29 17:13:02,708][Test worker][DEBUG][TEPortServlet] Got request header(name=X-GPS-Location, value=40.714353,-74.005973).
[2015-05-29 17:13:02,710][Test worker][DEBUG][TEPortServlet] Got request from localhost, and the message body is:pq3FqO8HCcAnaobA+xpVnADmrnwj1vrK59BGhqvtskYFWTsa2cbe6ttFDFcpmi1MamgAomcAmY7eTM16XgcUTrKw+NrMY+zMCZiMC4deK/zImTTd3GJMi3AsgQH9raRt.
[2015-05-29 17:13:02,710][Test worker][DEBUG][ProtocolSerializer] Start to deserialize request context(Protocal-Version:1.5|GPE_Id:GPE-111|Terminal-Id:111|Operator-Id:OPERATOR-111|Trans-BatchNumber:20150529|TractMsg-Id:1432890782705|Timestamp:20150529171302|Transaction-Type:201|Transaction-Id:|Response-Code:|).
[2015-05-29 17:13:02,711][Test worker][DEBUG][ProtocolSerializer] Finish decrypting cipher into original xml:<?xml version="1.0" encoding="UTF-8"?>
<Ticket serialNo="01110745719300003736" isMannul="0"/>
[2015-05-29 17:13:02,711][Test worker][DEBUG][ProtocolSerializer] Start to do MAC(key=P2Bbo6+bSSR9O2Qc89f3b4oHTyE1V2gF) on (Protocal-Version:1.5|GPE_Id:GPE-111|Terminal-Id:111|Operator-Id:OPERATOR-111|Trans-BatchNumber:20150529|TractMsg-Id:1432890782705|Timestamp:20150529171302|Transaction-Type:201|Transaction-Id:|Response-Code:|<?xml version="1.0" encoding="UTF-8"?>
<Ticket serialNo="01110745719300003736" isMannul="0"/>,hash=-1237924968), get digest:70a3271c74d6c89bef1a50eb2609ad9f
[2015-05-29 17:13:02,711][Test worker][DEBUG][MLotteryContext] find mapping file definition(xml-mapping/game/digital/CancelTicket_Req.xml) by key(7.transtype.201).
[2015-05-29 17:13:02,711][Test worker][DEBUG][ProtocolSerializer] Start to deserialize model: model=null,mappingFile=xml-mapping/game/digital/CancelTicket_Req.xml
[2015-05-29 17:13:02,711][Test worker][DEBUG][MLotteryContext] find mapping file definition(xml-mapping/game/digital/CancelTicket_Req.xml) by key(7.transtype.201).
[2015-05-29 17:13:02,726][Test worker][DEBUG][RoutineRegistry] Try to lookup handler by routine key(7_201_1.5.0).
[2015-05-29 17:13:02,726][Test worker][DEBUG][RoutineRegistry] Try to lookup handler by routine key(7_201_).
[2015-05-29 17:13:02,726][Test worker][DEBUG][RoutineRegistry] Lookup controller by key(7_201_), found controller(com.mpos.lottery.te.gameimpl.digital.DigitalController@2c507c91) and method(public void com.mpos.lottery.te.gameimpl.digital.DigitalController.cancelByTicket(com.mpos.lottery.te.port.Context,com.mpos.lottery.te.port.Context) throws com.mpos.lottery.te.config.exception.ApplicationException).
[2015-05-29 17:13:02,734][Test worker][DEBUG][ReversalOrCancelStrategyFactory] Found ReversalStrategy(class com.mpos.lottery.te.gameimpl.digital.sale.service.DigitalSaleService) to cancel transaction(gameType=7,terminalId=111,transType=200,protocolVersion=1.5.0).
[2015-05-29 17:13:02,750][Test worker][DEBUG][DefaultBalanceService] Operator before transaction -  Operator [id=OPERATOR-111, loginName=OPERATOR-LOGIN, creditType=1, saleCreditLevel=199999600, payoutCreditLevel=1000, cashoutBalance=0, commisionBalance=0]
[2015-05-29 17:13:02,750][Test worker][DEBUG][DefaultBalanceService] Found balance strategy:com.mpos.lottery.te.merchant.service.balance.SaleBalanceStrategy@e1f8aba
[2015-05-29 17:13:02,750][Test worker][DEBUG][DefaultBalanceService] Operator after transaction -  Operator [id=OPERATOR-111, loginName=OPERATOR-LOGIN, creditType=1, saleCreditLevel=200000000, payoutCreditLevel=1000, cashoutBalance=0, commisionBalance=0]
[2015-05-29 17:13:02,773][Test worker][DEBUG][CommonFacadeService] Prepare to publish message to exchange[TE.200] with routing key[TE.CANCEL.200.7]: origTrans {
  id: "0115052900000000000206"
  dev_id: "111"
  operator_id: "OPERATOR-111"
  merchant_id: "111"
  create_time: 1432890782000
  trans_type: 200
  game_id: "FD-1"
  game_type: 7
  total_amount: "400"
}
cancelTrans {
  id: "0115052900000000000215"
  dev_id: "111"
  operator_id: "OPERATOR-111"
  merchant_id: "111"
  create_time: 1432890782000
  trans_type: 201
  game_id: "FD-1"
  game_type: 7
  total_amount: "400"
}

[2015-05-29 17:13:02,773][Test worker][DEBUG][CommonFacadeService] Publish message successfully
[2015-05-29 17:13:02,773][Test worker][DEBUG][ProtocolSerializer] Finish mac(macKey=P2Bbo6+bSSR9O2Qc89f3b4oHTyE1V2gF,macString=Protocal-Version:1.5|GPE_Id:GPE-111|Terminal-Id:111|Operator-Id:OPERATOR-111|Trans-BatchNumber:20150529|TractMsg-Id:1432890782705|Timestamp:20150529171302|Transaction-Type:4201|Transaction-Id:0115052900000000000215|Response-Code:200|):d9fdd101de7e73213525a6c1301e72f5
[2015-05-29 17:13:02,774][Test worker][DEBUG][BaseServletIntegrationTest] Got response(code=200,length=0): 
[2015-05-29 17:13:02,801][Test worker][DEBUG][TEPortServlet] Startup job scheduer(org.quartz.impl.StdScheduler@4d1e5820) successfully.
[2015-05-29 17:13:02,801][Test worker][WARN ][TEPortServlet] can NOT find META file:F:\project\M.Lottery\TE\TRUNK_TE\sourcecode\build\classes\main\META-INF\MANIFEST.MF
[2015-05-29 17:13:02,802][Test worker][DEBUG][TEPortServlet] Register MBean(com.mpos.lottery.te.common.jmx.TransactionTimeout@2b8bf55b) with name(com.mpos.lottery.te:type=TransactionTimeoutMBean) successfully.
[2015-05-29 17:13:02,802][Test worker][DEBUG][BaseTransactionalIntegrationTest] Retrieve a ApplicationContext(org.springframework.web.context.support.GenericWebApplicationContext@34f645a8: startup date [Fri May 29 17:12:38 CST 2015]; root of context hierarchy).
[2015-05-29 17:13:02,802][Test worker][INFO ][BaseTransactionalIntegrationTest] +------------------------------------------------------------------------------------------------------------------------+
[2015-05-29 17:13:02,802][Test worker][INFO ][BaseTransactionalIntegrationTest] | SaleCancellationIntegrationTest.testCancelByTicket_Manually_OK                                                         |
[2015-05-29 17:13:02,803][Test worker][INFO ][BaseTransactionalIntegrationTest] +------------------------------------------------------------------------------------------------------------------------+
[2015-05-29 17:13:02,803][Test worker][DEBUG][MLotteryContext] find mapping file definition(xml-mapping/game/digital/SellTicket_Req.xml) by key(7.transtype.200).
[2015-05-29 17:13:02,804][Test worker][DEBUG][CastorHelper] Finish marshaling input(typeclass com.mpos.lottery.te.gameimpl.digital.sale.DigitalTicket, mappingFile=xml-mapping/game/digital/SellTicket_Req.xml).
[2015-05-29 17:13:02,804][Test worker][DEBUG][BaseServletIntegrationTest] Do MAC(key=P2Bbo6+bSSR9O2Qc89f3b4oHTyE1V2gF) on (Protocal-Version:1.5|GPE_Id:GPE-111|Terminal-Id:111|Operator-Id:OPERATOR-111|Trans-BatchNumber:20150529|TractMsg-Id:1432890782803|Timestamp:20150529171302|Transaction-Type:200|Transaction-Id:|Response-Code:|<?xml version="1.0" encoding="UTF-8"?>
<Ticket multipleDraws="2" totalAmount="400.0" PIN="!!!"><GameDraw number="11002" gameId="FD-1"/><Entry selectedNumber="0,3,2,8" betOption="4" inputChannel="2" entryAmount="60.0"/><Entry selectedNumber="25" betOption="-3" inputChannel="2" entryAmount="140.0"/><User mobile="13800138000" creditCardSN="09812091283120123" id="lai"/></Ticket>,hash=-777813286), get digest:455747ea1e75510a9b9badcc5d6348e9
[2015-05-29 17:13:02,804][Test worker][DEBUG][TEPortServlet] Got request header(name=X-Transaction-Type, value=200).
[2015-05-29 17:13:02,805][Test worker][DEBUG][TEPortServlet] Got request header(name=X-Protocal-Version, value=1.5).
[2015-05-29 17:13:02,805][Test worker][DEBUG][TEPortServlet] Got request header(name=X-Timestamp, value=20150529171302).
[2015-05-29 17:13:02,805][Test worker][DEBUG][TEPortServlet] Got request header(name=X-GPE-Id, value=GPE-111).
[2015-05-29 17:13:02,805][Test worker][DEBUG][TEPortServlet] Got request header(name=X-Trace-Message-Id, value=1432890782803).
[2015-05-29 17:13:02,805][Test worker][DEBUG][TEPortServlet] Got request header(name=X-Operator-Id, value=OPERATOR-111).
[2015-05-29 17:13:02,805][Test worker][DEBUG][TEPortServlet] Got request header(name=X-Terminal-Id, value=111).
[2015-05-29 17:13:02,805][Test worker][DEBUG][TEPortServlet] Got request header(name=X-MAC, value=455747ea1e75510a9b9badcc5d6348e9).
[2015-05-29 17:13:02,805][Test worker][DEBUG][TEPortServlet] Got request header(name=X-Game-Type-Id, value=7).
[2015-05-29 17:13:02,805][Test worker][DEBUG][TEPortServlet] Got request header(name=X-Trans-BatchNumber, value=20150529).
[2015-05-29 17:13:02,805][Test worker][DEBUG][TEPortServlet] Got request header(name=X-GPS-Location, value=40.714353,-74.005973).
[2015-05-29 17:13:02,807][Test worker][DEBUG][TEPortServlet] Got request from localhost, and the message body is:pq3FqO8HCcAnaobA+xpVnADmrnwj1vrK59BGhqvtskYFWTsa2cbe6vvj1C28m6E+ybhcq2GHfncNCEmxnE1Ou0qcmJ+qutg9btrOyNtL8dAXOsCAt2VNz1Y3CyjizpWI1I8nQlwlEa8u3GnJdhPFqIwM+Go3KKjwWeZYUIZCCRGWj1yuQpJlzXfrBcB0y+SIx9BCcDqX9Cq9c2sM8doKNf2KfW5C60akmrLPtm4ds3wtET6JtIywgiNFKLcIdAG//+8JPC3fMLps3JnYw9/PChBNW4+JKSio1UkYGHWQMW8cZ8cWTDtVXm8ZINTl4bZYkVQl+v2xOSZWJfSo5PoTuCSV8U4FP7D/T6UDilZ4acW94+RrdCzF5xCwRJMMncqK4YeX8axPGnJNj8CfPsIS98AxpAtzOKg4eGW58K3qGmGJNAC9vxn2hqlnhCJ/guYLb6ysfRvd83y7AzPJ8taL+kqG6YmonjVwLMGX5NAyO1SNZJurVU7P5dRbgGIQtziq.
[2015-05-29 17:13:02,807][Test worker][DEBUG][ProtocolSerializer] Start to deserialize request context(Protocal-Version:1.5|GPE_Id:GPE-111|Terminal-Id:111|Operator-Id:OPERATOR-111|Trans-BatchNumber:20150529|TractMsg-Id:1432890782803|Timestamp:20150529171302|Transaction-Type:200|Transaction-Id:|Response-Code:|).
[2015-05-29 17:13:02,808][Test worker][DEBUG][ProtocolSerializer] Finish decrypting cipher into original xml:<?xml version="1.0" encoding="UTF-8"?>
<Ticket multipleDraws="2" totalAmount="400.0" PIN="!!!"><GameDraw number="11002" gameId="FD-1"/><Entry selectedNumber="0,3,2,8" betOption="4" inputChannel="2" entryAmount="60.0"/><Entry selectedNumber="25" betOption="-3" inputChannel="2" entryAmount="140.0"/><User mobile="13800138000" creditCardSN="09812091283120123" id="lai"/></Ticket>
[2015-05-29 17:13:02,808][Test worker][DEBUG][ProtocolSerializer] Start to do MAC(key=P2Bbo6+bSSR9O2Qc89f3b4oHTyE1V2gF) on (Protocal-Version:1.5|GPE_Id:GPE-111|Terminal-Id:111|Operator-Id:OPERATOR-111|Trans-BatchNumber:20150529|TractMsg-Id:1432890782803|Timestamp:20150529171302|Transaction-Type:200|Transaction-Id:|Response-Code:|<?xml version="1.0" encoding="UTF-8"?>
<Ticket multipleDraws="2" totalAmount="400.0" PIN="!!!"><GameDraw number="11002" gameId="FD-1"/><Entry selectedNumber="0,3,2,8" betOption="4" inputChannel="2" entryAmount="60.0"/><Entry selectedNumber="25" betOption="-3" inputChannel="2" entryAmount="140.0"/><User mobile="13800138000" creditCardSN="09812091283120123" id="lai"/></Ticket>,hash=-777813286), get digest:455747ea1e75510a9b9badcc5d6348e9
[2015-05-29 17:13:02,808][Test worker][DEBUG][MLotteryContext] find mapping file definition(xml-mapping/game/digital/SellTicket_Req.xml) by key(7.transtype.200).
[2015-05-29 17:13:02,808][Test worker][DEBUG][ProtocolSerializer] Start to deserialize model: model=null,mappingFile=xml-mapping/game/digital/SellTicket_Req.xml
[2015-05-29 17:13:02,808][Test worker][DEBUG][MLotteryContext] find mapping file definition(xml-mapping/game/digital/SellTicket_Req.xml) by key(7.transtype.200).
[2015-05-29 17:13:02,826][Test worker][DEBUG][RoutineRegistry] Try to lookup handler by routine key(7_200_1.5.0).
[2015-05-29 17:13:02,826][Test worker][DEBUG][RoutineRegistry] Try to lookup handler by routine key(7_200_).
[2015-05-29 17:13:02,826][Test worker][DEBUG][RoutineRegistry] Lookup controller by key(7_200_), found controller(com.mpos.lottery.te.gameimpl.digital.DigitalController@2c507c91) and method(public void com.mpos.lottery.te.gameimpl.digital.DigitalController.sell(com.mpos.lottery.te.port.Context,com.mpos.lottery.te.port.Context) throws com.mpos.lottery.te.config.exception.ApplicationException).
[2015-05-29 17:13:02,832][Test worker][DEBUG][BaseJpaDao] Query future game instance(class com.mpos.lottery.te.gameimpl.digital.game.DigitalGameInstance) by(number=11002,gameId=FD-1, multipleDraws=2, state=1||2):1
[2015-05-29 17:13:02,837][Test worker][INFO ][AbstractGameInstanceService] No channel game instance time definiton found, ignore it.
[2015-05-29 17:13:02,837][Test worker][DEBUG][UUIDServiceImpl] Assemble a new ticket serial number:01110745719300003816
[2015-05-29 17:13:02,843][Test worker][DEBUG][DefaultTicketValidator] THe max allowed multi-draw of operation parameter is 10, merchant limit to 3, the smaller 3 will be used.
[2015-05-29 17:13:02,845][Test worker][DEBUG][AbstractRiskControlService] Determine the final risk control limit of ticket(aHhDkgTyIu50A2BrZKmpP4vo1gCWBT8T) as 150000
[2015-05-29 17:13:02,851][Test worker][DEBUG][DigitalRiskControlService] There total 1 possible prize levels found, determine the final loss amount of prize level as 150000.00=150000/1
[2015-05-29 17:13:02,851][Test worker][DEBUG][AbstractRiskControlService] Prepare to generate risk control log of ChanceOdds [odds=50, prizelLevelType=41, bettingNumber=null]
[2015-05-29 17:13:02,851][Test worker][DEBUG][AbstractRiskControlService] Determine the odds of betting number(0,3,2,8, amount=60.0) is 50
[2015-05-29 17:13:02,858][Test worker][DEBUG][AbstractRiskControlService] Determine the final risk control limit of ticket(aHhDkgTyIu50A2BrZKmpP4vo1gCWBT8T) as 150000
[2015-05-29 17:13:02,862][Test worker][DEBUG][DigitalRiskControlService] There total 1 possible prize levels found, determine the final loss amount of prize level as 150000.00=150000/1
[2015-05-29 17:13:02,862][Test worker][DEBUG][AbstractRiskControlService] Prepare to generate risk control log of ChanceOdds [odds=50, prizelLevelType=-3, bettingNumber=25]
[2015-05-29 17:13:02,862][Test worker][DEBUG][AbstractRiskControlService] Determine the odds of betting number(25, amount=140.0) is 50
[2015-05-29 17:13:02,869][Test worker][DEBUG][AbstractRiskControlService] Determine the final risk control limit of ticket(aHhDkgTyIu50A2BrZKmpP4vo1gCWBT8T) as 150000
[2015-05-29 17:13:02,872][Test worker][DEBUG][DigitalRiskControlService] There total 1 possible prize levels found, determine the final loss amount of prize level as 150000.00=150000/1
[2015-05-29 17:13:02,872][Test worker][DEBUG][AbstractRiskControlService] Prepare to generate risk control log of ChanceOdds [odds=50, prizelLevelType=41, bettingNumber=null]
[2015-05-29 17:13:02,872][Test worker][DEBUG][AbstractRiskControlService] Determine the odds of betting number(0,3,2,8, amount=60.0) is 50
[2015-05-29 17:13:02,880][Test worker][DEBUG][AbstractRiskControlService] Determine the final risk control limit of ticket(aHhDkgTyIu50A2BrZKmpP4vo1gCWBT8T) as 150000
[2015-05-29 17:13:02,884][Test worker][DEBUG][DigitalRiskControlService] There total 1 possible prize levels found, determine the final loss amount of prize level as 150000.00=150000/1
[2015-05-29 17:13:02,884][Test worker][DEBUG][AbstractRiskControlService] Prepare to generate risk control log of ChanceOdds [odds=50, prizelLevelType=-3, bettingNumber=25]
[2015-05-29 17:13:02,884][Test worker][DEBUG][AbstractRiskControlService] Determine the odds of betting number(25, amount=140.0) is 50
[2015-05-29 17:13:02,906][Test worker][DEBUG][DefaultBalanceService] Operator before transaction -  Operator [id=OPERATOR-111, loginName=OPERATOR-LOGIN, creditType=1, saleCreditLevel=200000000, payoutCreditLevel=1000, cashoutBalance=0, commisionBalance=0]
[2015-05-29 17:13:02,906][Test worker][DEBUG][DefaultBalanceService] Found balance strategy:com.mpos.lottery.te.merchant.service.balance.SaleBalanceStrategy@e1f8aba
[2015-05-29 17:13:02,906][Test worker][DEBUG][DefaultBalanceService] Operator after transaction -  Operator [id=OPERATOR-111, loginName=OPERATOR-LOGIN, creditType=1, saleCreditLevel=199999600.0, payoutCreditLevel=1000, cashoutBalance=0, commisionBalance=0]
[2015-05-29 17:13:02,910][Test worker][WARN ][BaseJpaDao] Should be at most only 1 entity(com.mpos.lottery.te.merchant.domain.OperatorCommission) found, however total 2 entities found... the 1st entity(com.mpos.lottery.te.merchant.domain.OperatorCommission@3a786fd3) will be returned.
[2015-05-29 17:13:02,923][Test worker][DEBUG][CommonFacadeService] Prepare to publish message to exchange[TE.200] with routing key[TE.200.7]: transaction {
  id: "0115052900000000000216"
  dev_id: "111"
  operator_id: "OPERATOR-111"
  merchant_id: "111"
  create_time: 1432890782000
  trans_type: 200
  game_id: "FD-1"
  game_type: 7
  total_amount: "400.0"
}
multi_draw: 2
total_amount: "400.0"
serial_no: "aHhDkgTyIu50A2BrZKmpP4vo1gCWBT8T"
game_instance {
  id: "GII-112"
}
entries {
  selected_number: "0,3,2,8"
  bet_option: 4
  total_bets: 1
  entry_amount: "60.0"
  input_channel: "2"
}
entries {
  selected_number: "25"
  bet_option: -3
  total_bets: 1
  entry_amount: "140.0"
  input_channel: "2"
}

[2015-05-29 17:13:02,923][Test worker][DEBUG][CommonFacadeService] Publish message successfully
[2015-05-29 17:13:02,924][Test worker][DEBUG][MLotteryContext] find mapping file definition(xml-mapping/game/digital/SellTicket_Res.xml) by key(7.transtype.4200).
[2015-05-29 17:13:02,924][Test worker][DEBUG][ProtocolSerializer] Start to serialize model(class com.mpos.lottery.te.gameimpl.digital.sale.DigitalTicket),mappingFile=xml-mapping/game/digital/SellTicket_Res.xml
[2015-05-29 17:13:02,924][Test worker][DEBUG][MLotteryContext] find mapping file definition(xml-mapping/game/digital/SellTicket_Res.xml) by key(7.transtype.4200).
[2015-05-29 17:13:02,925][Test worker][DEBUG][CastorHelper] Finish marshaling input(typeclass com.mpos.lottery.te.gameimpl.digital.sale.DigitalTicket, mappingFile=xml-mapping/game/digital/SellTicket_Res.xml).
[2015-05-29 17:13:02,925][Test worker][DEBUG][ProtocolSerializer] Finish mac(macKey=P2Bbo6+bSSR9O2Qc89f3b4oHTyE1V2gF,macString=Protocal-Version:1.5|GPE_Id:GPE-111|Terminal-Id:111|Operator-Id:OPERATOR-111|Trans-BatchNumber:20150529|TractMsg-Id:1432890782803|Timestamp:20150529171302|Transaction-Type:4200|Transaction-Id:0115052900000000000216|Response-Code:200|<?xml version="1.0" encoding="UTF-8"?>
<Ticket serialNo="01110745719300003816" type="1" lastDrawNo="11003" barcode="07cK/u9hwZY2Rogq4k24Oeg4G3HSlAl9EbjLdf+UJJlt8eRiXxElYKcp3InwF+WYqV3wd67AU/gvw=" validationCode="888961" multipleDraws="2" totalBets="4" totalAmount="400.0"><GameDraw number="11002" gameId="FD-1"/><Entry selectedNumber="0,3,2,8" betOption="4" inputChannel="2" entryAmount="60.0"/><Entry selectedNumber="25" betOption="-3" inputChannel="2" entryAmount="140.0"/></Ticket>):c981bb62fb6eb5dadca30cd432ca0cfb
[2015-05-29 17:13:02,926][Test worker][DEBUG][TEPortServlet] Write response to client(host1=localhost,sizeOfPack=652) succesfully.
[2015-05-29 17:13:02,926][Test worker][DEBUG][BaseServletIntegrationTest] Got response(code=200,length=652): <?xml version="1.0" encoding="UTF-8"?>
<Ticket serialNo="01110745719300003816" type="1" lastDrawNo="11003" barcode="07cK/u9hwZY2Rogq4k24Oeg4G3HSlAl9EbjLdf+UJJlt8eRiXxElYKcp3InwF+WYqV3wd67AU/gvw=" validationCode="888961" multipleDraws="2" totalBets="4" totalAmount="400.0"><GameDraw number="11002" gameId="FD-1"/><Entry selectedNumber="0,3,2,8" betOption="4" inputChannel="2" entryAmount="60.0"/><Entry selectedNumber="25" betOption="-3" inputChannel="2" entryAmount="140.0"/></Ticket>
[2015-05-29 17:13:02,926][Test worker][DEBUG][MLotteryContext] find mapping file definition(xml-mapping/game/digital/SellTicket_Res.xml) by key(7.transtype.4200).
[2015-05-29 17:13:02,937][Test worker][DEBUG][MLotteryContext] find mapping file definition(xml-mapping/game/digital/CancelTicket_Req.xml) by key(7.transtype.201).
[2015-05-29 17:13:02,938][Test worker][DEBUG][CastorHelper] Finish marshaling input(typeclass com.mpos.lottery.te.gameimpl.digital.sale.DigitalTicket, mappingFile=xml-mapping/game/digital/CancelTicket_Req.xml).
[2015-05-29 17:13:02,939][Test worker][DEBUG][BaseServletIntegrationTest] Do MAC(key=P2Bbo6+bSSR9O2Qc89f3b4oHTyE1V2gF) on (Protocal-Version:1.5|GPE_Id:GPE-111|Terminal-Id:111|Operator-Id:OPERATOR-111|Trans-BatchNumber:20150529|TractMsg-Id:1432890782937|Timestamp:20150529171302|Transaction-Type:201|Transaction-Id:|Response-Code:|<?xml version="1.0" encoding="UTF-8"?>
<Ticket serialNo="01110745719300003816" isMannul="1"/>,hash=-1496245511), get digest:577c8a64faa84347c935606193dd70b9
[2015-05-29 17:13:02,939][Test worker][DEBUG][TEPortServlet] Got request header(name=X-Transaction-Type, value=201).
[2015-05-29 17:13:02,939][Test worker][DEBUG][TEPortServlet] Got request header(name=X-Protocal-Version, value=1.5).
[2015-05-29 17:13:02,939][Test worker][DEBUG][TEPortServlet] Got request header(name=X-Timestamp, value=20150529171302).
[2015-05-29 17:13:02,939][Test worker][DEBUG][TEPortServlet] Got request header(name=X-GPE-Id, value=GPE-111).
[2015-05-29 17:13:02,939][Test worker][DEBUG][TEPortServlet] Got request header(name=X-Trace-Message-Id, value=1432890782937).
[2015-05-29 17:13:02,939][Test worker][DEBUG][TEPortServlet] Got request header(name=X-Operator-Id, value=OPERATOR-111).
[2015-05-29 17:13:02,939][Test worker][DEBUG][TEPortServlet] Got request header(name=X-Terminal-Id, value=111).
[2015-05-29 17:13:02,939][Test worker][DEBUG][TEPortServlet] Got request header(name=X-MAC, value=577c8a64faa84347c935606193dd70b9).
[2015-05-29 17:13:02,939][Test worker][DEBUG][TEPortServlet] Got request header(name=X-Game-Type-Id, value=7).
[2015-05-29 17:13:02,939][Test worker][DEBUG][TEPortServlet] Got request header(name=X-Trans-BatchNumber, value=20150529).
[2015-05-29 17:13:02,939][Test worker][DEBUG][TEPortServlet] Got request header(name=X-GPS-Location, value=40.714353,-74.005973).
[2015-05-29 17:13:02,941][Test worker][DEBUG][TEPortServlet] Got request from localhost, and the message body is:pq3FqO8HCcAnaobA+xpVnADmrnwj1vrK59BGhqvtskYFWTsa2cbe6ttFDFcpmi1MamgAomcAmY7eTM16XgcUTrKw+NrMY+zMPl4aatCtP2uOmL9LKH+avqZmoMRA7kH+.
[2015-05-29 17:13:02,941][Test worker][DEBUG][ProtocolSerializer] Start to deserialize request context(Protocal-Version:1.5|GPE_Id:GPE-111|Terminal-Id:111|Operator-Id:OPERATOR-111|Trans-BatchNumber:20150529|TractMsg-Id:1432890782937|Timestamp:20150529171302|Transaction-Type:201|Transaction-Id:|Response-Code:|).
[2015-05-29 17:13:02,942][Test worker][DEBUG][ProtocolSerializer] Finish decrypting cipher into original xml:<?xml version="1.0" encoding="UTF-8"?>
<Ticket serialNo="01110745719300003816" isMannul="1"/>
[2015-05-29 17:13:02,942][Test worker][DEBUG][ProtocolSerializer] Start to do MAC(key=P2Bbo6+bSSR9O2Qc89f3b4oHTyE1V2gF) on (Protocal-Version:1.5|GPE_Id:GPE-111|Terminal-Id:111|Operator-Id:OPERATOR-111|Trans-BatchNumber:20150529|TractMsg-Id:1432890782937|Timestamp:20150529171302|Transaction-Type:201|Transaction-Id:|Response-Code:|<?xml version="1.0" encoding="UTF-8"?>
<Ticket serialNo="01110745719300003816" isMannul="1"/>,hash=-1496245511), get digest:577c8a64faa84347c935606193dd70b9
[2015-05-29 17:13:02,942][Test worker][DEBUG][MLotteryContext] find mapping file definition(xml-mapping/game/digital/CancelTicket_Req.xml) by key(7.transtype.201).
[2015-05-29 17:13:02,942][Test worker][DEBUG][ProtocolSerializer] Start to deserialize model: model=null,mappingFile=xml-mapping/game/digital/CancelTicket_Req.xml
[2015-05-29 17:13:02,943][Test worker][DEBUG][MLotteryContext] find mapping file definition(xml-mapping/game/digital/CancelTicket_Req.xml) by key(7.transtype.201).
[2015-05-29 17:13:02,962][Test worker][DEBUG][RoutineRegistry] Try to lookup handler by routine key(7_201_1.5.0).
[2015-05-29 17:13:02,963][Test worker][DEBUG][RoutineRegistry] Try to lookup handler by routine key(7_201_).
[2015-05-29 17:13:02,963][Test worker][DEBUG][RoutineRegistry] Lookup controller by key(7_201_), found controller(com.mpos.lottery.te.gameimpl.digital.DigitalController@2c507c91) and method(public void com.mpos.lottery.te.gameimpl.digital.DigitalController.cancelByTicket(com.mpos.lottery.te.port.Context,com.mpos.lottery.te.port.Context) throws com.mpos.lottery.te.config.exception.ApplicationException).
[2015-05-29 17:13:02,973][Test worker][DEBUG][ReversalOrCancelStrategyFactory] Found ReversalStrategy(class com.mpos.lottery.te.gameimpl.digital.sale.service.DigitalSaleService) to cancel transaction(gameType=7,terminalId=111,transType=200,protocolVersion=1.5.0).
[2015-05-29 17:13:02,992][Test worker][DEBUG][DefaultBalanceService] Operator before transaction -  Operator [id=OPERATOR-111, loginName=OPERATOR-LOGIN, creditType=1, saleCreditLevel=199999600, payoutCreditLevel=1000, cashoutBalance=0, commisionBalance=0]
[2015-05-29 17:13:02,992][Test worker][DEBUG][DefaultBalanceService] Found balance strategy:com.mpos.lottery.te.merchant.service.balance.SaleBalanceStrategy@e1f8aba
[2015-05-29 17:13:02,992][Test worker][DEBUG][DefaultBalanceService] Operator after transaction -  Operator [id=OPERATOR-111, loginName=OPERATOR-LOGIN, creditType=1, saleCreditLevel=200000000, payoutCreditLevel=1000, cashoutBalance=0, commisionBalance=0]
[2015-05-29 17:13:03,014][Test worker][DEBUG][CommonFacadeService] Prepare to publish message to exchange[TE.200] with routing key[TE.CANCEL.200.7]: origTrans {
  id: "0115052900000000000216"
  dev_id: "111"
  operator_id: "OPERATOR-111"
  merchant_id: "111"
  create_time: 1432890782000
  trans_type: 200
  game_id: "FD-1"
  game_type: 7
  total_amount: "400"
}
cancelTrans {
  id: "0115052900000000000225"
  dev_id: "111"
  operator_id: "OPERATOR-111"
  merchant_id: "111"
  create_time: 1432890782000
  trans_type: 210
  game_id: "FD-1"
  game_type: 7
  total_amount: "400"
}

[2015-05-29 17:13:03,015][Test worker][DEBUG][CommonFacadeService] Publish message successfully
[2015-05-29 17:13:03,015][Test worker][DEBUG][ProtocolSerializer] Finish mac(macKey=P2Bbo6+bSSR9O2Qc89f3b4oHTyE1V2gF,macString=Protocal-Version:1.5|GPE_Id:GPE-111|Terminal-Id:111|Operator-Id:OPERATOR-111|Trans-BatchNumber:20150529|TractMsg-Id:1432890782937|Timestamp:20150529171302|Transaction-Type:4201|Transaction-Id:0115052900000000000225|Response-Code:200|):a64b9ae2d3bf0d94742b39ce87dceff2
[2015-05-29 17:13:03,015][Test worker][DEBUG][BaseServletIntegrationTest] Got response(code=200,length=0): 
[2015-05-29 17:13:03,039][Test worker][DEBUG][TEPortServlet] Startup job scheduer(org.quartz.impl.StdScheduler@4d1e5820) successfully.
[2015-05-29 17:13:03,040][Test worker][WARN ][TEPortServlet] can NOT find META file:F:\project\M.Lottery\TE\TRUNK_TE\sourcecode\build\classes\main\META-INF\MANIFEST.MF
[2015-05-29 17:13:03,040][Test worker][DEBUG][TEPortServlet] Register MBean(com.mpos.lottery.te.common.jmx.TransactionTimeout@51699fc9) with name(com.mpos.lottery.te:type=TransactionTimeoutMBean) successfully.
[2015-05-29 17:13:03,040][Test worker][DEBUG][BaseTransactionalIntegrationTest] Retrieve a ApplicationContext(org.springframework.web.context.support.GenericWebApplicationContext@34f645a8: startup date [Fri May 29 17:12:38 CST 2015]; root of context hierarchy).
[2015-05-29 17:13:03,041][Test worker][INFO ][BaseTransactionalIntegrationTest] +------------------------------------------------------------------------------------------------------------------------+
[2015-05-29 17:13:03,041][Test worker][INFO ][BaseTransactionalIntegrationTest] | SaleCancellationIntegrationTest.testCancelByTicket_CancelDelined                                                       |
[2015-05-29 17:13:03,041][Test worker][INFO ][BaseTransactionalIntegrationTest] +------------------------------------------------------------------------------------------------------------------------+
[2015-05-29 17:13:03,047][Test worker][DEBUG][MLotteryContext] find mapping file definition(xml-mapping/game/digital/SellTicket_Req.xml) by key(7.transtype.200).
[2015-05-29 17:13:03,049][Test worker][DEBUG][CastorHelper] Finish marshaling input(typeclass com.mpos.lottery.te.gameimpl.digital.sale.DigitalTicket, mappingFile=xml-mapping/game/digital/SellTicket_Req.xml).
[2015-05-29 17:13:03,050][Test worker][DEBUG][BaseServletIntegrationTest] Do MAC(key=P2Bbo6+bSSR9O2Qc89f3b4oHTyE1V2gF) on (Protocal-Version:1.5|GPE_Id:GPE-111|Terminal-Id:111|Operator-Id:OPERATOR-111|Trans-BatchNumber:20150529|TractMsg-Id:1432890783047|Timestamp:20150529171303|Transaction-Type:200|Transaction-Id:|Response-Code:|<?xml version="1.0" encoding="UTF-8"?>
<Ticket multipleDraws="2" totalAmount="400.0" PIN="!!!"><GameDraw number="11002" gameId="FD-1"/><Entry selectedNumber="0,3,2,8" betOption="4" inputChannel="2" entryAmount="60.0"/><Entry selectedNumber="25" betOption="-3" inputChannel="2" entryAmount="140.0"/><User mobile="13800138000" creditCardSN="09812091283120123" id="lai"/></Ticket>,hash=1175886436), get digest:15787c936a5067e8b0d29cd71033addf
[2015-05-29 17:13:03,050][Test worker][DEBUG][TEPortServlet] Got request header(name=X-Transaction-Type, value=200).
[2015-05-29 17:13:03,050][Test worker][DEBUG][TEPortServlet] Got request header(name=X-Protocal-Version, value=1.5).
[2015-05-29 17:13:03,050][Test worker][DEBUG][TEPortServlet] Got request header(name=X-Timestamp, value=20150529171303).
[2015-05-29 17:13:03,050][Test worker][DEBUG][TEPortServlet] Got request header(name=X-GPE-Id, value=GPE-111).
[2015-05-29 17:13:03,050][Test worker][DEBUG][TEPortServlet] Got request header(name=X-Trace-Message-Id, value=1432890783047).
[2015-05-29 17:13:03,050][Test worker][DEBUG][TEPortServlet] Got request header(name=X-Operator-Id, value=OPERATOR-111).
[2015-05-29 17:13:03,051][Test worker][DEBUG][TEPortServlet] Got request header(name=X-Terminal-Id, value=111).
[2015-05-29 17:13:03,051][Test worker][DEBUG][TEPortServlet] Got request header(name=X-MAC, value=15787c936a5067e8b0d29cd71033addf).
[2015-05-29 17:13:03,051][Test worker][DEBUG][TEPortServlet] Got request header(name=X-Game-Type-Id, value=7).
[2015-05-29 17:13:03,051][Test worker][DEBUG][TEPortServlet] Got request header(name=X-Trans-BatchNumber, value=20150529).
[2015-05-29 17:13:03,051][Test worker][DEBUG][TEPortServlet] Got request header(name=X-GPS-Location, value=40.714353,-74.005973).
[2015-05-29 17:13:03,054][Test worker][DEBUG][TEPortServlet] Got request from localhost, and the message body is:pq3FqO8HCcAnaobA+xpVnADmrnwj1vrK59BGhqvtskYFWTsa2cbe6vvj1C28m6E+ybhcq2GHfncNCEmxnE1Ou0qcmJ+qutg9btrOyNtL8dAXOsCAt2VNz1Y3CyjizpWI1I8nQlwlEa8u3GnJdhPFqIwM+Go3KKjwWeZYUIZCCRGWj1yuQpJlzXfrBcB0y+SIx9BCcDqX9Cq9c2sM8doKNf2KfW5C60akmrLPtm4ds3wtET6JtIywgiNFKLcIdAG//+8JPC3fMLps3JnYw9/PChBNW4+JKSio1UkYGHWQMW8cZ8cWTDtVXm8ZINTl4bZYkVQl+v2xOSZWJfSo5PoTuCSV8U4FP7D/T6UDilZ4acW94+RrdCzF5xCwRJMMncqK4YeX8axPGnJNj8CfPsIS98AxpAtzOKg4eGW58K3qGmGJNAC9vxn2hqlnhCJ/guYLb6ysfRvd83y7AzPJ8taL+kqG6YmonjVwLMGX5NAyO1SNZJurVU7P5dRbgGIQtziq.
[2015-05-29 17:13:03,054][Test worker][DEBUG][ProtocolSerializer] Start to deserialize request context(Protocal-Version:1.5|GPE_Id:GPE-111|Terminal-Id:111|Operator-Id:OPERATOR-111|Trans-BatchNumber:20150529|TractMsg-Id:1432890783047|Timestamp:20150529171303|Transaction-Type:200|Transaction-Id:|Response-Code:|).
[2015-05-29 17:13:03,054][Test worker][DEBUG][ProtocolSerializer] Finish decrypting cipher into original xml:<?xml version="1.0" encoding="UTF-8"?>
<Ticket multipleDraws="2" totalAmount="400.0" PIN="!!!"><GameDraw number="11002" gameId="FD-1"/><Entry selectedNumber="0,3,2,8" betOption="4" inputChannel="2" entryAmount="60.0"/><Entry selectedNumber="25" betOption="-3" inputChannel="2" entryAmount="140.0"/><User mobile="13800138000" creditCardSN="09812091283120123" id="lai"/></Ticket>
[2015-05-29 17:13:03,054][Test worker][DEBUG][ProtocolSerializer] Start to do MAC(key=P2Bbo6+bSSR9O2Qc89f3b4oHTyE1V2gF) on (Protocal-Version:1.5|GPE_Id:GPE-111|Terminal-Id:111|Operator-Id:OPERATOR-111|Trans-BatchNumber:20150529|TractMsg-Id:1432890783047|Timestamp:20150529171303|Transaction-Type:200|Transaction-Id:|Response-Code:|<?xml version="1.0" encoding="UTF-8"?>
<Ticket multipleDraws="2" totalAmount="400.0" PIN="!!!"><GameDraw number="11002" gameId="FD-1"/><Entry selectedNumber="0,3,2,8" betOption="4" inputChannel="2" entryAmount="60.0"/><Entry selectedNumber="25" betOption="-3" inputChannel="2" entryAmount="140.0"/><User mobile="13800138000" creditCardSN="09812091283120123" id="lai"/></Ticket>,hash=1175886436), get digest:15787c936a5067e8b0d29cd71033addf
[2015-05-29 17:13:03,055][Test worker][DEBUG][MLotteryContext] find mapping file definition(xml-mapping/game/digital/SellTicket_Req.xml) by key(7.transtype.200).
[2015-05-29 17:13:03,055][Test worker][DEBUG][ProtocolSerializer] Start to deserialize model: model=null,mappingFile=xml-mapping/game/digital/SellTicket_Req.xml
[2015-05-29 17:13:03,055][Test worker][DEBUG][MLotteryContext] find mapping file definition(xml-mapping/game/digital/SellTicket_Req.xml) by key(7.transtype.200).
[2015-05-29 17:13:03,069][Test worker][DEBUG][RoutineRegistry] Try to lookup handler by routine key(7_200_1.5.0).
[2015-05-29 17:13:03,069][Test worker][DEBUG][RoutineRegistry] Try to lookup handler by routine key(7_200_).
[2015-05-29 17:13:03,069][Test worker][DEBUG][RoutineRegistry] Lookup controller by key(7_200_), found controller(com.mpos.lottery.te.gameimpl.digital.DigitalController@2c507c91) and method(public void com.mpos.lottery.te.gameimpl.digital.DigitalController.sell(com.mpos.lottery.te.port.Context,com.mpos.lottery.te.port.Context) throws com.mpos.lottery.te.config.exception.ApplicationException).
[2015-05-29 17:13:03,075][Test worker][DEBUG][BaseJpaDao] Query future game instance(class com.mpos.lottery.te.gameimpl.digital.game.DigitalGameInstance) by(number=11002,gameId=FD-1, multipleDraws=2, state=1||2):1
[2015-05-29 17:13:03,079][Test worker][INFO ][AbstractGameInstanceService] No channel game instance time definiton found, ignore it.
[2015-05-29 17:13:03,079][Test worker][DEBUG][UUIDServiceImpl] Assemble a new ticket serial number:01110745719300003906
[2015-05-29 17:13:03,086][Test worker][DEBUG][DefaultTicketValidator] THe max allowed multi-draw of operation parameter is 10, merchant limit to 3, the smaller 3 will be used.
[2015-05-29 17:13:03,089][Test worker][DEBUG][AbstractRiskControlService] Determine the final risk control limit of ticket(aHhDkgTyIu50A2BrZKmpP9JHAinCuRzw) as 150000
[2015-05-29 17:13:03,094][Test worker][DEBUG][DigitalRiskControlService] There total 1 possible prize levels found, determine the final loss amount of prize level as 150000.00=150000/1
[2015-05-29 17:13:03,095][Test worker][DEBUG][AbstractRiskControlService] Prepare to generate risk control log of ChanceOdds [odds=50, prizelLevelType=41, bettingNumber=null]
[2015-05-29 17:13:03,095][Test worker][DEBUG][AbstractRiskControlService] Determine the odds of betting number(0,3,2,8, amount=60.0) is 50
[2015-05-29 17:13:03,102][Test worker][DEBUG][AbstractRiskControlService] Determine the final risk control limit of ticket(aHhDkgTyIu50A2BrZKmpP9JHAinCuRzw) as 150000
[2015-05-29 17:13:03,106][Test worker][DEBUG][DigitalRiskControlService] There total 1 possible prize levels found, determine the final loss amount of prize level as 150000.00=150000/1
[2015-05-29 17:13:03,106][Test worker][DEBUG][AbstractRiskControlService] Prepare to generate risk control log of ChanceOdds [odds=50, prizelLevelType=-3, bettingNumber=25]
[2015-05-29 17:13:03,106][Test worker][DEBUG][AbstractRiskControlService] Determine the odds of betting number(25, amount=140.0) is 50
[2015-05-29 17:13:03,114][Test worker][DEBUG][AbstractRiskControlService] Determine the final risk control limit of ticket(aHhDkgTyIu50A2BrZKmpP9JHAinCuRzw) as 150000
[2015-05-29 17:13:03,117][Test worker][DEBUG][DigitalRiskControlService] There total 1 possible prize levels found, determine the final loss amount of prize level as 150000.00=150000/1
[2015-05-29 17:13:03,117][Test worker][DEBUG][AbstractRiskControlService] Prepare to generate risk control log of ChanceOdds [odds=50, prizelLevelType=41, bettingNumber=null]
[2015-05-29 17:13:03,117][Test worker][DEBUG][AbstractRiskControlService] Determine the odds of betting number(0,3,2,8, amount=60.0) is 50
[2015-05-29 17:13:03,125][Test worker][DEBUG][AbstractRiskControlService] Determine the final risk control limit of ticket(aHhDkgTyIu50A2BrZKmpP9JHAinCuRzw) as 150000
[2015-05-29 17:13:03,129][Test worker][DEBUG][DigitalRiskControlService] There total 1 possible prize levels found, determine the final loss amount of prize level as 150000.00=150000/1
[2015-05-29 17:13:03,129][Test worker][DEBUG][AbstractRiskControlService] Prepare to generate risk control log of ChanceOdds [odds=50, prizelLevelType=-3, bettingNumber=25]
[2015-05-29 17:13:03,129][Test worker][DEBUG][AbstractRiskControlService] Determine the odds of betting number(25, amount=140.0) is 50
[2015-05-29 17:13:03,150][Test worker][DEBUG][DefaultBalanceService] Operator before transaction -  Operator [id=OPERATOR-111, loginName=OPERATOR-LOGIN, creditType=1, saleCreditLevel=200000000, payoutCreditLevel=1000, cashoutBalance=0, commisionBalance=0]
[2015-05-29 17:13:03,150][Test worker][DEBUG][DefaultBalanceService] Found balance strategy:com.mpos.lottery.te.merchant.service.balance.SaleBalanceStrategy@e1f8aba
[2015-05-29 17:13:03,150][Test worker][DEBUG][DefaultBalanceService] Operator after transaction -  Operator [id=OPERATOR-111, loginName=OPERATOR-LOGIN, creditType=1, saleCreditLevel=199999600.0, payoutCreditLevel=1000, cashoutBalance=0, commisionBalance=0]
[2015-05-29 17:13:03,155][Test worker][WARN ][BaseJpaDao] Should be at most only 1 entity(com.mpos.lottery.te.merchant.domain.OperatorCommission) found, however total 2 entities found... the 1st entity(com.mpos.lottery.te.merchant.domain.OperatorCommission@243804f0) will be returned.
[2015-05-29 17:13:03,173][Test worker][DEBUG][CommonFacadeService] Prepare to publish message to exchange[TE.200] with routing key[TE.200.7]: transaction {
  id: "0115052900000000000226"
  dev_id: "111"
  operator_id: "OPERATOR-111"
  merchant_id: "111"
  create_time: 1432890783000
  trans_type: 200
  game_id: "FD-1"
  game_type: 7
  total_amount: "400.0"
}
multi_draw: 2
total_amount: "400.0"
serial_no: "aHhDkgTyIu50A2BrZKmpP9JHAinCuRzw"
game_instance {
  id: "GII-112"
}
entries {
  selected_number: "0,3,2,8"
  bet_option: 4
  total_bets: 1
  entry_amount: "60.0"
  input_channel: "2"
}
entries {
  selected_number: "25"
  bet_option: -3
  total_bets: 1
  entry_amount: "140.0"
  input_channel: "2"
}

[2015-05-29 17:13:03,173][Test worker][DEBUG][CommonFacadeService] Publish message successfully
[2015-05-29 17:13:03,174][Test worker][DEBUG][MLotteryContext] find mapping file definition(xml-mapping/game/digital/SellTicket_Res.xml) by key(7.transtype.4200).
[2015-05-29 17:13:03,174][Test worker][DEBUG][ProtocolSerializer] Start to serialize model(class com.mpos.lottery.te.gameimpl.digital.sale.DigitalTicket),mappingFile=xml-mapping/game/digital/SellTicket_Res.xml
[2015-05-29 17:13:03,174][Test worker][DEBUG][MLotteryContext] find mapping file definition(xml-mapping/game/digital/SellTicket_Res.xml) by key(7.transtype.4200).
[2015-05-29 17:13:03,175][Test worker][DEBUG][CastorHelper] Finish marshaling input(typeclass com.mpos.lottery.te.gameimpl.digital.sale.DigitalTicket, mappingFile=xml-mapping/game/digital/SellTicket_Res.xml).
[2015-05-29 17:13:03,176][Test worker][DEBUG][ProtocolSerializer] Finish mac(macKey=P2Bbo6+bSSR9O2Qc89f3b4oHTyE1V2gF,macString=Protocal-Version:1.5|GPE_Id:GPE-111|Terminal-Id:111|Operator-Id:OPERATOR-111|Trans-BatchNumber:20150529|TractMsg-Id:1432890783047|Timestamp:20150529171303|Transaction-Type:4200|Transaction-Id:0115052900000000000226|Response-Code:200|<?xml version="1.0" encoding="UTF-8"?>
<Ticket serialNo="01110745719300003906" type="1" lastDrawNo="11003" barcode="07cK/u9hwZY2Rogq4k24Oeg4G3HSlAl9EbjLdf+UJJlt8eRiXxElYKcp3InwF+WYqVOQNH4kiTLoI=" validationCode="732471" multipleDraws="2" totalBets="4" totalAmount="400.0"><GameDraw number="11002" gameId="FD-1"/><Entry selectedNumber="0,3,2,8" betOption="4" inputChannel="2" entryAmount="60.0"/><Entry selectedNumber="25" betOption="-3" inputChannel="2" entryAmount="140.0"/></Ticket>):4ac6205127551c6e8f487ad3d7cf469a
[2015-05-29 17:13:03,176][Test worker][DEBUG][TEPortServlet] Write response to client(host1=localhost,sizeOfPack=652) succesfully.
[2015-05-29 17:13:03,177][Test worker][DEBUG][BaseServletIntegrationTest] Got response(code=200,length=652): <?xml version="1.0" encoding="UTF-8"?>
<Ticket serialNo="01110745719300003906" type="1" lastDrawNo="11003" barcode="07cK/u9hwZY2Rogq4k24Oeg4G3HSlAl9EbjLdf+UJJlt8eRiXxElYKcp3InwF+WYqVOQNH4kiTLoI=" validationCode="732471" multipleDraws="2" totalBets="4" totalAmount="400.0"><GameDraw number="11002" gameId="FD-1"/><Entry selectedNumber="0,3,2,8" betOption="4" inputChannel="2" entryAmount="60.0"/><Entry selectedNumber="25" betOption="-3" inputChannel="2" entryAmount="140.0"/></Ticket>
[2015-05-29 17:13:03,177][Test worker][DEBUG][MLotteryContext] find mapping file definition(xml-mapping/game/digital/SellTicket_Res.xml) by key(7.transtype.4200).
[2015-05-29 17:13:03,187][Test worker][DEBUG][MLotteryContext] find mapping file definition(xml-mapping/game/digital/CancelTicket_Req.xml) by key(7.transtype.201).
[2015-05-29 17:13:03,188][Test worker][DEBUG][CastorHelper] Finish marshaling input(typeclass com.mpos.lottery.te.gameimpl.digital.sale.DigitalTicket, mappingFile=xml-mapping/game/digital/CancelTicket_Req.xml).
[2015-05-29 17:13:03,189][Test worker][DEBUG][BaseServletIntegrationTest] Do MAC(key=P2Bbo6+bSSR9O2Qc89f3b4oHTyE1V2gF) on (Protocal-Version:1.5|GPE_Id:GPE-111|Terminal-Id:111|Operator-Id:OPERATOR-111|Trans-BatchNumber:20150529|TractMsg-Id:1432890783187|Timestamp:20150529171303|Transaction-Type:201|Transaction-Id:|Response-Code:|<?xml version="1.0" encoding="UTF-8"?>
<Ticket serialNo="01110745719300003906" isMannul="0"/>,hash=-22209077), get digest:236c9032f76bc6f0eedaee05075389cf
[2015-05-29 17:13:03,189][Test worker][DEBUG][TEPortServlet] Got request header(name=X-Transaction-Type, value=201).
[2015-05-29 17:13:03,189][Test worker][DEBUG][TEPortServlet] Got request header(name=X-Protocal-Version, value=1.5).
[2015-05-29 17:13:03,189][Test worker][DEBUG][TEPortServlet] Got request header(name=X-Timestamp, value=20150529171303).
[2015-05-29 17:13:03,189][Test worker][DEBUG][TEPortServlet] Got request header(name=X-GPE-Id, value=GPE-111).
[2015-05-29 17:13:03,189][Test worker][DEBUG][TEPortServlet] Got request header(name=X-Trace-Message-Id, value=1432890783187).
[2015-05-29 17:13:03,189][Test worker][DEBUG][TEPortServlet] Got request header(name=X-Operator-Id, value=OPERATOR-111).
[2015-05-29 17:13:03,189][Test worker][DEBUG][TEPortServlet] Got request header(name=X-Terminal-Id, value=111).
[2015-05-29 17:13:03,189][Test worker][DEBUG][TEPortServlet] Got request header(name=X-MAC, value=236c9032f76bc6f0eedaee05075389cf).
[2015-05-29 17:13:03,189][Test worker][DEBUG][TEPortServlet] Got request header(name=X-Game-Type-Id, value=7).
[2015-05-29 17:13:03,190][Test worker][DEBUG][TEPortServlet] Got request header(name=X-Trans-BatchNumber, value=20150529).
[2015-05-29 17:13:03,190][Test worker][DEBUG][TEPortServlet] Got request header(name=X-GPS-Location, value=40.714353,-74.005973).
[2015-05-29 17:13:03,192][Test worker][DEBUG][TEPortServlet] Got request from localhost, and the message body is:pq3FqO8HCcAnaobA+xpVnADmrnwj1vrK59BGhqvtskYFWTsa2cbe6ttFDFcpmi1MamgAomcAmY7eTM16XgcUTrKw+NrMY+zMAnpwKNnC/O888vVRmrRCIFeWm//kRwWm.
[2015-05-29 17:13:03,192][Test worker][DEBUG][ProtocolSerializer] Start to deserialize request context(Protocal-Version:1.5|GPE_Id:GPE-111|Terminal-Id:111|Operator-Id:OPERATOR-111|Trans-BatchNumber:20150529|TractMsg-Id:1432890783187|Timestamp:20150529171303|Transaction-Type:201|Transaction-Id:|Response-Code:|).
[2015-05-29 17:13:03,192][Test worker][DEBUG][ProtocolSerializer] Finish decrypting cipher into original xml:<?xml version="1.0" encoding="UTF-8"?>
<Ticket serialNo="01110745719300003906" isMannul="0"/>
[2015-05-29 17:13:03,193][Test worker][DEBUG][ProtocolSerializer] Start to do MAC(key=P2Bbo6+bSSR9O2Qc89f3b4oHTyE1V2gF) on (Protocal-Version:1.5|GPE_Id:GPE-111|Terminal-Id:111|Operator-Id:OPERATOR-111|Trans-BatchNumber:20150529|TractMsg-Id:1432890783187|Timestamp:20150529171303|Transaction-Type:201|Transaction-Id:|Response-Code:|<?xml version="1.0" encoding="UTF-8"?>
<Ticket serialNo="01110745719300003906" isMannul="0"/>,hash=-22209077), get digest:236c9032f76bc6f0eedaee05075389cf
[2015-05-29 17:13:03,193][Test worker][DEBUG][MLotteryContext] find mapping file definition(xml-mapping/game/digital/CancelTicket_Req.xml) by key(7.transtype.201).
[2015-05-29 17:13:03,193][Test worker][DEBUG][ProtocolSerializer] Start to deserialize model: model=null,mappingFile=xml-mapping/game/digital/CancelTicket_Req.xml
[2015-05-29 17:13:03,193][Test worker][DEBUG][MLotteryContext] find mapping file definition(xml-mapping/game/digital/CancelTicket_Req.xml) by key(7.transtype.201).
[2015-05-29 17:13:03,209][Test worker][DEBUG][RoutineRegistry] Try to lookup handler by routine key(7_201_1.5.0).
[2015-05-29 17:13:03,209][Test worker][DEBUG][RoutineRegistry] Try to lookup handler by routine key(7_201_).
[2015-05-29 17:13:03,209][Test worker][DEBUG][RoutineRegistry] Lookup controller by key(7_201_), found controller(com.mpos.lottery.te.gameimpl.digital.DigitalController@2c507c91) and method(public void com.mpos.lottery.te.gameimpl.digital.DigitalController.cancelByTicket(com.mpos.lottery.te.port.Context,com.mpos.lottery.te.port.Context) throws com.mpos.lottery.te.config.exception.ApplicationException).
[2015-05-29 17:13:03,216][Test worker][DEBUG][ReversalOrCancelStrategyFactory] Found ReversalStrategy(class com.mpos.lottery.te.gameimpl.digital.sale.service.DigitalSaleService) to cancel transaction(gameType=7,terminalId=111,transType=200,protocolVersion=1.5.0).
[2015-05-29 17:13:03,232][Test worker][DEBUG][DefaultBalanceService] Operator before transaction -  Operator [id=OPERATOR-111, loginName=OPERATOR-LOGIN, creditType=1, saleCreditLevel=199999600, payoutCreditLevel=1000, cashoutBalance=0, commisionBalance=0]
[2015-05-29 17:13:03,232][Test worker][DEBUG][DefaultBalanceService] Found balance strategy:com.mpos.lottery.te.merchant.service.balance.SaleBalanceStrategy@e1f8aba
[2015-05-29 17:13:03,232][Test worker][DEBUG][DefaultBalanceService] Operator after transaction -  Operator [id=OPERATOR-111, loginName=OPERATOR-LOGIN, creditType=1, saleCreditLevel=200000000, payoutCreditLevel=1000, cashoutBalance=0, commisionBalance=0]
[2015-05-29 17:13:03,258][Test worker][DEBUG][CommonFacadeService] Prepare to publish message to exchange[TE.200] with routing key[TE.CANCEL.200.7]: origTrans {
  id: "0115052900000000000226"
  dev_id: "111"
  operator_id: "OPERATOR-111"
  merchant_id: "111"
  create_time: 1432890783000
  trans_type: 200
  game_id: "FD-1"
  game_type: 7
  total_amount: "400"
}
cancelTrans {
  id: "0115052900000000000235"
  dev_id: "111"
  operator_id: "OPERATOR-111"
  merchant_id: "111"
  create_time: 1432890783000
  trans_type: 201
  game_id: "FD-1"
  game_type: 7
  total_amount: "400"
}

[2015-05-29 17:13:03,259][Test worker][DEBUG][CommonFacadeService] Publish message successfully
[2015-05-29 17:13:03,259][Test worker][DEBUG][ProtocolSerializer] Finish mac(macKey=P2Bbo6+bSSR9O2Qc89f3b4oHTyE1V2gF,macString=Protocal-Version:1.5|GPE_Id:GPE-111|Terminal-Id:111|Operator-Id:OPERATOR-111|Trans-BatchNumber:20150529|TractMsg-Id:1432890783187|Timestamp:20150529171303|Transaction-Type:4201|Transaction-Id:0115052900000000000235|Response-Code:333|):a4bc4a26c43e83fed478f62ca4e682f7
[2015-05-29 17:13:03,260][Test worker][DEBUG][BaseServletIntegrationTest] Got response(code=333,length=0): 
]]></system-out>
  <system-err><![CDATA[]]></system-err>
</testsuite>
