<?xml version="1.0" encoding="UTF-8"?>
<testsuite name="com.mpos.lottery.te.gameimpl.lotto.sale.dao.jpa.JpaCancelPendingTicketDaoIntegrationTest" tests="2" skipped="0" failures="0" errors="0" timestamp="2015-05-29T09:13:32" hostname="Ramon-PC" time="0.031">
  <properties/>
  <testcase name="testInsertAndQueryBySerialNo" classname="com.mpos.lottery.te.gameimpl.lotto.sale.dao.jpa.JpaCancelPendingTicketDaoIntegrationTest" time="0.018"/>
  <testcase name="testInsertAndQueryByDeviceAndTraceMsgId" classname="com.mpos.lottery.te.gameimpl.lotto.sale.dao.jpa.JpaCancelPendingTicketDaoIntegrationTest" time="0.013"/>
  <system-out><![CDATA[[2015-05-29 17:13:32,889][Test worker][DEBUG][BaseTransactionalIntegrationTest] Retrieve a ApplicationContext(org.springframework.web.context.support.GenericWebApplicationContext@34f645a8: startup date [Fri May 29 17:12:38 CST 2015]; root of context hierarchy).
[2015-05-29 17:13:32,903][Test worker][DEBUG][BaseTransactionalIntegrationTest] Retrieve a ApplicationContext(org.springframework.web.context.support.GenericWebApplicationContext@34f645a8: startup date [Fri May 29 17:12:38 CST 2015]; root of context hierarchy).
]]></system-out>
  <system-err><![CDATA[]]></system-err>
</testsuite>
