<?xml version="1.0" encoding="UTF-8"?>
<testsuite name="com.mpos.lottery.te.gameimpl.union.prize.UnionPayoutReversalIntegrationTest" tests="4" skipped="0" failures="0" errors="0" timestamp="2015-05-29T09:13:45" hostname="Ramon-PC" time="1.303">
  <properties/>
  <testcase name="testPayout_Return_Reversal" classname="com.mpos.lottery.te.gameimpl.union.prize.UnionPayoutReversalIntegrationTest" time="0.295"/>
  <testcase name="testPayout_PrintNewTicket_Reversal_NoAllocatedOperator" classname="com.mpos.lottery.te.gameimpl.union.prize.UnionPayoutReversalIntegrationTest" time="0.34"/>
  <testcase name="testPayout_PrintNewTicket_Reversal" classname="com.mpos.lottery.te.gameimpl.union.prize.UnionPayoutReversalIntegrationTest" time="0.308"/>
  <testcase name="testPayout_PrintNewTicket_DulplicatedReversal" classname="com.mpos.lottery.te.gameimpl.union.prize.UnionPayoutReversalIntegrationTest" time="0.357"/>
  <system-out><![CDATA[[2015-05-29 17:13:45,335][Test worker][DEBUG][TEPortServlet] Startup job scheduer(org.quartz.impl.StdScheduler@4d1e5820) successfully.
[2015-05-29 17:13:45,335][Test worker][WARN ][TEPortServlet] can NOT find META file:F:\project\M.Lottery\TE\TRUNK_TE\sourcecode\build\classes\main\META-INF\MANIFEST.MF
[2015-05-29 17:13:45,335][Test worker][DEBUG][TEPortServlet] Register MBean(com.mpos.lottery.te.common.jmx.TransactionTimeout@3d82aae1) with name(com.mpos.lottery.te:type=TransactionTimeoutMBean) successfully.
[2015-05-29 17:13:45,336][Test worker][DEBUG][BaseTransactionalIntegrationTest] Retrieve a ApplicationContext(org.springframework.web.context.support.GenericWebApplicationContext@34f645a8: startup date [Fri May 29 17:12:38 CST 2015]; root of context hierarchy).
[2015-05-29 17:13:45,336][Test worker][INFO ][BaseTransactionalIntegrationTest] +------------------------------------------------------------------------------------------------------------------------+
[2015-05-29 17:13:45,336][Test worker][INFO ][BaseTransactionalIntegrationTest] | UnionPayoutReversalIntegrationTest.testPayout_Return_Reversal                                                          |
[2015-05-29 17:13:45,336][Test worker][INFO ][BaseTransactionalIntegrationTest] +------------------------------------------------------------------------------------------------------------------------+
[2015-05-29 17:13:45,339][Test worker][DEBUG][MLotteryContext] find mapping file definition(xml-mapping/game/union/Payout_Req.xml) by key(8.transtype.302).
[2015-05-29 17:13:45,351][Test worker][DEBUG][CastorHelper] Finish marshaling input(typeclass com.mpos.lottery.te.gameimpl.union.sale.UnionTicket, mappingFile=xml-mapping/game/union/Payout_Req.xml).
[2015-05-29 17:13:45,351][Test worker][DEBUG][BaseServletIntegrationTest] Do MAC(key=P2Bbo6+bSSR9O2Qc89f3b4oHTyE1V2gF) on (Protocal-Version:1.5|GPE_Id:GPE-111|Terminal-Id:111|Operator-Id:OPERATOR-111|Trans-BatchNumber:20150529|TractMsg-Id:1432890825339|Timestamp:20150529171345|Transaction-Type:302|Transaction-Id:|Response-Code:|<?xml version="1.0" encoding="UTF-8"?>
<Ticket serialNo="S-123456" PIN="PIN-111" inputChannel="2" validationCode="111111"/>,hash=-1931189519), get digest:78b6870b71c9a78600d6f113c19803d6
[2015-05-29 17:13:45,351][Test worker][DEBUG][TEPortServlet] Got request header(name=X-Transaction-Type, value=302).
[2015-05-29 17:13:45,351][Test worker][DEBUG][TEPortServlet] Got request header(name=X-Protocal-Version, value=1.5).
[2015-05-29 17:13:45,351][Test worker][DEBUG][TEPortServlet] Got request header(name=X-Timestamp, value=20150529171345).
[2015-05-29 17:13:45,351][Test worker][DEBUG][TEPortServlet] Got request header(name=X-GPE-Id, value=GPE-111).
[2015-05-29 17:13:45,351][Test worker][DEBUG][TEPortServlet] Got request header(name=X-Trace-Message-Id, value=1432890825339).
[2015-05-29 17:13:45,351][Test worker][DEBUG][TEPortServlet] Got request header(name=X-Operator-Id, value=OPERATOR-111).
[2015-05-29 17:13:45,352][Test worker][DEBUG][TEPortServlet] Got request header(name=X-Terminal-Id, value=111).
[2015-05-29 17:13:45,352][Test worker][DEBUG][TEPortServlet] Got request header(name=X-MAC, value=78b6870b71c9a78600d6f113c19803d6).
[2015-05-29 17:13:45,352][Test worker][DEBUG][TEPortServlet] Got request header(name=X-Game-Type-Id, value=8).
[2015-05-29 17:13:45,352][Test worker][DEBUG][TEPortServlet] Got request header(name=X-Trans-BatchNumber, value=20150529).
[2015-05-29 17:13:45,352][Test worker][DEBUG][TEPortServlet] Got request header(name=X-GPS-Location, value=40.714353,-74.005973).
[2015-05-29 17:13:45,355][Test worker][DEBUG][TEPortServlet] Got request from localhost, and the message body is:pq3FqO8HCcAnaobA+xpVnADmrnwj1vrK59BGhqvtskYFWTsa2cbe6ttFDFcpmi1MamgAomcAmY7ZtCcdDkhkRjtWjJyr8M54r482oPz68swv1cKZXs2giVvwATQyuGIl9ynITkM6n3FZYXMyvHDkvi+IB2e80VwqI7T2PcEAFnM=.
[2015-05-29 17:13:45,355][Test worker][DEBUG][ProtocolSerializer] Start to deserialize request context(Protocal-Version:1.5|GPE_Id:GPE-111|Terminal-Id:111|Operator-Id:OPERATOR-111|Trans-BatchNumber:20150529|TractMsg-Id:1432890825339|Timestamp:20150529171345|Transaction-Type:302|Transaction-Id:|Response-Code:|).
[2015-05-29 17:13:45,356][Test worker][DEBUG][ProtocolSerializer] Finish decrypting cipher into original xml:<?xml version="1.0" encoding="UTF-8"?>
<Ticket serialNo="S-123456" PIN="PIN-111" inputChannel="2" validationCode="111111"/>
[2015-05-29 17:13:45,356][Test worker][DEBUG][ProtocolSerializer] Start to do MAC(key=P2Bbo6+bSSR9O2Qc89f3b4oHTyE1V2gF) on (Protocal-Version:1.5|GPE_Id:GPE-111|Terminal-Id:111|Operator-Id:OPERATOR-111|Trans-BatchNumber:20150529|TractMsg-Id:1432890825339|Timestamp:20150529171345|Transaction-Type:302|Transaction-Id:|Response-Code:|<?xml version="1.0" encoding="UTF-8"?>
<Ticket serialNo="S-123456" PIN="PIN-111" inputChannel="2" validationCode="111111"/>,hash=-1931189519), get digest:78b6870b71c9a78600d6f113c19803d6
[2015-05-29 17:13:45,356][Test worker][DEBUG][MLotteryContext] find mapping file definition(xml-mapping/game/union/Payout_Req.xml) by key(8.transtype.302).
[2015-05-29 17:13:45,356][Test worker][DEBUG][ProtocolSerializer] Start to deserialize model: model=null,mappingFile=xml-mapping/game/union/Payout_Req.xml
[2015-05-29 17:13:45,356][Test worker][DEBUG][MLotteryContext] find mapping file definition(xml-mapping/game/union/Payout_Req.xml) by key(8.transtype.302).
[2015-05-29 17:13:45,381][Test worker][DEBUG][RoutineRegistry] Try to lookup handler by routine key(8_302_1.5.0).
[2015-05-29 17:13:45,381][Test worker][DEBUG][RoutineRegistry] Try to lookup handler by routine key(8_302_).
[2015-05-29 17:13:45,381][Test worker][DEBUG][RoutineRegistry] Lookup controller by key(8_302_), found controller(com.mpos.lottery.te.gameimpl.union.UnionController@f81b221) and method(public void com.mpos.lottery.te.gameimpl.union.UnionController.payout(com.mpos.lottery.te.port.Context,com.mpos.lottery.te.port.Context) throws com.mpos.lottery.te.config.exception.ApplicationException).
[2015-05-29 17:13:45,431][Test worker][DEBUG][DefaultTaxService] Calculate tax for amount:3000 based on threshold(com.mpos.lottery.te.gamespec.prize.TaxThreshold@4d844891[id=WTT-1,taxPolicyId=TP-1,taxDateRange=com.mpos.lottery.te.gamespec.prize.TaxDateRange@372d4918[id=TDR-1,beginDate=2009-03-20 21:00:00.0,endDate=2099-03-20 21:00:00.0],minAmount=1000,maxAmount=9999999999,ruleType=1,taxAmount=0.2,taxBase=1])...tax:500.00
[2015-05-29 17:13:45,439][Test worker][DEBUG][DefaultTaxService] Calculate tax for amount:5000000 based on threshold(com.mpos.lottery.te.gamespec.prize.TaxThreshold@4d844891[id=WTT-1,taxPolicyId=TP-1,taxDateRange=com.mpos.lottery.te.gamespec.prize.TaxDateRange@372d4918[id=TDR-1,beginDate=2009-03-20 21:00:00.0,endDate=2099-03-20 21:00:00.0],minAmount=1000,maxAmount=9999999999,ruleType=1,taxAmount=0.2,taxBase=1])...tax:833333.33
[2015-05-29 17:13:45,444][Test worker][DEBUG][DefaultTaxService] Calculate tax for amount:10000 based on threshold(com.mpos.lottery.te.gamespec.prize.TaxThreshold@4d844891[id=WTT-1,taxPolicyId=TP-1,taxDateRange=com.mpos.lottery.te.gamespec.prize.TaxDateRange@372d4918[id=TDR-1,beginDate=2009-03-20 21:00:00.0,endDate=2099-03-20 21:00:00.0],minAmount=1000,maxAmount=9999999999,ruleType=1,taxAmount=0.2,taxBase=1])...tax:1666.67
[2015-05-29 17:13:45,453][Test worker][DEBUG][DefaultTaxService] Calculate tax for amount:1000000 based on threshold(com.mpos.lottery.te.gamespec.prize.TaxThreshold@4d844891[id=WTT-1,taxPolicyId=TP-1,taxDateRange=com.mpos.lottery.te.gamespec.prize.TaxDateRange@372d4918[id=TDR-1,beginDate=2009-03-20 21:00:00.0,endDate=2099-03-20 21:00:00.0],minAmount=1000,maxAmount=9999999999,ruleType=1,taxAmount=0.2,taxBase=1])...tax:166666.67
[2015-05-29 17:13:45,461][Test worker][DEBUG][DefaultTaxService] Calculate tax for amount:50000 based on threshold(com.mpos.lottery.te.gamespec.prize.TaxThreshold@4d844891[id=WTT-1,taxPolicyId=TP-1,taxDateRange=com.mpos.lottery.te.gamespec.prize.TaxDateRange@372d4918[id=TDR-1,beginDate=2009-03-20 21:00:00.0,endDate=2099-03-20 21:00:00.0],minAmount=1000,maxAmount=9999999999,ruleType=1,taxAmount=0.2,taxBase=1])...tax:8333.33
[2015-05-29 17:13:45,467][Test worker][DEBUG][DefaultTaxService] Calculate tax for amount:50000 based on threshold(com.mpos.lottery.te.gamespec.prize.TaxThreshold@4d844891[id=WTT-1,taxPolicyId=TP-1,taxDateRange=com.mpos.lottery.te.gamespec.prize.TaxDateRange@372d4918[id=TDR-1,beginDate=2009-03-20 21:00:00.0,endDate=2099-03-20 21:00:00.0],minAmount=1000,maxAmount=9999999999,ruleType=1,taxAmount=0.2,taxBase=1])...tax:8333.33
[2015-05-29 17:13:45,472][Test worker][DEBUG][AbstractPrizeService] Handle winnings of lucky draw of ticket(serialNo:9pkxn/npytVqVbOF5fPlsg==), total 2 winning items found.
[2015-05-29 17:13:45,481][Test worker][DEBUG][DefaultTaxService] Calculate tax for amount:400000 based on threshold(com.mpos.lottery.te.gamespec.prize.TaxThreshold@4d844891[id=WTT-1,taxPolicyId=TP-1,taxDateRange=com.mpos.lottery.te.gamespec.prize.TaxDateRange@372d4918[id=TDR-1,beginDate=2009-03-20 21:00:00.0,endDate=2099-03-20 21:00:00.0],minAmount=1000,maxAmount=9999999999,ruleType=1,taxAmount=0.2,taxBase=1])...tax:66666.67
[2015-05-29 17:13:45,488][Test worker][DEBUG][DefaultTaxService] Calculate tax for amount:1000000 based on threshold(com.mpos.lottery.te.gamespec.prize.TaxThreshold@4d844891[id=WTT-1,taxPolicyId=TP-1,taxDateRange=com.mpos.lottery.te.gamespec.prize.TaxDateRange@372d4918[id=TDR-1,beginDate=2009-03-20 21:00:00.0,endDate=2099-03-20 21:00:00.0],minAmount=1000,maxAmount=9999999999,ruleType=1,taxAmount=0.2,taxBase=1])...tax:166666.67
[2015-05-29 17:13:45,494][Test worker][DEBUG][MerchantServiceImpl] Use the payout-limit setting(max=10000000,min=100) of Operator(Operator [id=OPERATOR-111, loginName=OPERATOR-LOGIN, creditType=1, saleCreditLevel=200000000, payoutCreditLevel=1000, cashoutBalance=0, commisionBalance=0]) to verify payout limit.
[2015-05-29 17:13:45,494][Test worker][DEBUG][DefaultPayoutStrategyFactory] Usage payout strategy(com.mpos.lottery.te.gamespec.prize.support.payoutstrategy.RefundPayoutStrategy@71b3f9c) for payout mode:0
[2015-05-29 17:13:45,499][Test worker][DEBUG][DefaultCreditService] Calculate commssion for (merchant=111 +operator=OPERATOR-111,gameId=GAME-UNION-111,commType=1,commRate=0) 
[2015-05-29 17:13:45,514][Test worker][DEBUG][DefaultCreditService] The current credit level(before transaction) of Operator [id=OPERATOR-111, loginName=OPERATOR-LOGIN, creditType=1, saleCreditLevel=200000000, payoutCreditLevel=1000, cashoutBalance=0, commisionBalance=0] is saleCreditLevel:200000000,payoutCreditLevel:1000
[2015-05-29 17:13:45,514][Test worker][DEBUG][DefaultCreditService] The new payout credit level of Operator [id=OPERATOR-111, loginName=OPERATOR-LOGIN, creditType=1, saleCreditLevel=200000000, payoutCreditLevel=8363500.09, cashoutBalance=0, commisionBalance=0.000000] is 8363500.09
[2015-05-29 17:13:45,529][Test worker][DEBUG][CommonFacadeService] Prepare to publish message to exchange[TE.302] with routing key[TE.302.8]: id: "0115052900000000002143"
dev_id: "111"
operator_id: "OPERATOR-111"
merchant_id: "111"
create_time: 1432890825000
trans_type: 302
game_id: "GAME-UNION-111"
game_type: 8
total_amount: "8362500.09"

[2015-05-29 17:13:45,530][Test worker][DEBUG][CommonFacadeService] Publish message successfully
[2015-05-29 17:13:45,530][Test worker][DEBUG][MLotteryContext] find mapping file definition(xml-mapping/game/union/Payout_Res.xml) by key(8.transtype.4302).
[2015-05-29 17:13:45,530][Test worker][DEBUG][ProtocolSerializer] Start to serialize model(class com.mpos.lottery.te.gamespec.prize.web.PrizeDto),mappingFile=xml-mapping/game/union/Payout_Res.xml
[2015-05-29 17:13:45,530][Test worker][DEBUG][MLotteryContext] find mapping file definition(xml-mapping/game/union/Payout_Res.xml) by key(8.transtype.4302).
[2015-05-29 17:13:45,548][Test worker][DEBUG][CastorHelper] Finish marshaling input(typeclass com.mpos.lottery.te.gamespec.prize.web.PrizeDto, mappingFile=xml-mapping/game/union/Payout_Res.xml).
[2015-05-29 17:13:45,548][Test worker][DEBUG][ProtocolSerializer] Finish mac(macKey=P2Bbo6+bSSR9O2Qc89f3b4oHTyE1V2gF,macString=Protocal-Version:1.5|GPE_Id:GPE-111|Terminal-Id:111|Operator-Id:OPERATOR-111|Trans-BatchNumber:20150529|TractMsg-Id:1432890825339|Timestamp:20150529171345|Transaction-Type:4302|Transaction-Id:0115052900000000002143|Response-Code:200|<?xml version="1.0" encoding="UTF-8"?>
<Payout returnAmount="2500.1" luckyAmount="8000.00" prizeAmount="10032000" taxAmount="1672000.01" actualAmount="8362500.09" mode="0"/>):26f651be94ce8f36e51aa1a88a6dd91e
[2015-05-29 17:13:45,548][Test worker][DEBUG][TEPortServlet] Write response to client(host1=localhost,sizeOfPack=236) succesfully.
[2015-05-29 17:13:45,549][Test worker][DEBUG][BaseServletIntegrationTest] Got response(code=200,length=236): <?xml version="1.0" encoding="UTF-8"?>
<Payout returnAmount="2500.1" luckyAmount="8000.00" prizeAmount="10032000" taxAmount="1672000.01" actualAmount="8362500.09" mode="0"/>
[2015-05-29 17:13:45,549][Test worker][DEBUG][MLotteryContext] find mapping file definition(xml-mapping/game/union/Payout_Res.xml) by key(8.transtype.4302).
[2015-05-29 17:13:45,551][Test worker][DEBUG][MLotteryContext] find mapping file definition(xml-mapping/TransactionEnquiry_Req.xml) by key(transtype.303).
[2015-05-29 17:13:45,551][Test worker][DEBUG][CastorHelper] Finish marshaling input(typeclass com.mpos.lottery.te.trans.domain.Transaction, mappingFile=xml-mapping/TransactionEnquiry_Req.xml).
[2015-05-29 17:13:45,552][Test worker][DEBUG][BaseServletIntegrationTest] Do MAC(key=P2Bbo6+bSSR9O2Qc89f3b4oHTyE1V2gF) on (Protocal-Version:1.5|GPE_Id:GPE-111|Terminal-Id:111|Operator-Id:OPERATOR-111|Trans-BatchNumber:20150529|TractMsg-Id:1432890825551|Timestamp:20150529171345|Transaction-Type:303|Transaction-Id:|Response-Code:|<?xml version="1.0" encoding="UTF-8"?>
<Transaction terminalId="111" traceMessageId="1432890825339"/>,hash=-28728041), get digest:b70223d46ce32a856f28eb9d7f9f8fe5
[2015-05-29 17:13:45,552][Test worker][DEBUG][TEPortServlet] Got request header(name=X-Transaction-Type, value=303).
[2015-05-29 17:13:45,552][Test worker][DEBUG][TEPortServlet] Got request header(name=X-Protocal-Version, value=1.5).
[2015-05-29 17:13:45,552][Test worker][DEBUG][TEPortServlet] Got request header(name=X-Timestamp, value=20150529171345).
[2015-05-29 17:13:45,552][Test worker][DEBUG][TEPortServlet] Got request header(name=X-GPE-Id, value=GPE-111).
[2015-05-29 17:13:45,552][Test worker][DEBUG][TEPortServlet] Got request header(name=X-Trace-Message-Id, value=1432890825551).
[2015-05-29 17:13:45,552][Test worker][DEBUG][TEPortServlet] Got request header(name=X-Operator-Id, value=OPERATOR-111).
[2015-05-29 17:13:45,552][Test worker][DEBUG][TEPortServlet] Got request header(name=X-Terminal-Id, value=111).
[2015-05-29 17:13:45,552][Test worker][DEBUG][TEPortServlet] Got request header(name=X-MAC, value=b70223d46ce32a856f28eb9d7f9f8fe5).
[2015-05-29 17:13:45,552][Test worker][DEBUG][TEPortServlet] Got request header(name=X-Game-Type-Id, value=-1).
[2015-05-29 17:13:45,552][Test worker][DEBUG][TEPortServlet] Got request header(name=X-Trans-BatchNumber, value=20150529).
[2015-05-29 17:13:45,552][Test worker][DEBUG][TEPortServlet] Got request header(name=X-GPS-Location, value=40.714353,-74.005973).
[2015-05-29 17:13:45,555][Test worker][DEBUG][TEPortServlet] Got request from localhost, and the message body is:pq3FqO8HCcAnaobA+xpVnADmrnwj1vrK59BGhqvtskYFWTsa2cbe6jcIE4b0pl+ogrA4SMNVUFtCb0VnctvqFZ4g+Dv1D5Fz4ERoX4gVmzFJ1yZK27DdH21xITB5oqp8yMVVYL8DVm8=.
[2015-05-29 17:13:45,555][Test worker][DEBUG][ProtocolSerializer] Start to deserialize request context(Protocal-Version:1.5|GPE_Id:GPE-111|Terminal-Id:111|Operator-Id:OPERATOR-111|Trans-BatchNumber:20150529|TractMsg-Id:1432890825551|Timestamp:20150529171345|Transaction-Type:303|Transaction-Id:|Response-Code:|).
[2015-05-29 17:13:45,556][Test worker][DEBUG][ProtocolSerializer] Finish decrypting cipher into original xml:<?xml version="1.0" encoding="UTF-8"?>
<Transaction terminalId="111" traceMessageId="1432890825339"/>
[2015-05-29 17:13:45,556][Test worker][DEBUG][ProtocolSerializer] Start to do MAC(key=P2Bbo6+bSSR9O2Qc89f3b4oHTyE1V2gF) on (Protocal-Version:1.5|GPE_Id:GPE-111|Terminal-Id:111|Operator-Id:OPERATOR-111|Trans-BatchNumber:20150529|TractMsg-Id:1432890825551|Timestamp:20150529171345|Transaction-Type:303|Transaction-Id:|Response-Code:|<?xml version="1.0" encoding="UTF-8"?>
<Transaction terminalId="111" traceMessageId="1432890825339"/>,hash=-28728041), get digest:b70223d46ce32a856f28eb9d7f9f8fe5
[2015-05-29 17:13:45,556][Test worker][DEBUG][MLotteryContext] find mapping file definition(xml-mapping/TransactionEnquiry_Req.xml) by key(transtype.303).
[2015-05-29 17:13:45,556][Test worker][DEBUG][ProtocolSerializer] Start to deserialize model: model=null,mappingFile=xml-mapping/TransactionEnquiry_Req.xml
[2015-05-29 17:13:45,556][Test worker][DEBUG][MLotteryContext] find mapping file definition(xml-mapping/TransactionEnquiry_Req.xml) by key(transtype.303).
[2015-05-29 17:13:45,566][Test worker][DEBUG][RoutineRegistry] Try to lookup handler by routine key(-1_303_1.5.0).
[2015-05-29 17:13:45,566][Test worker][DEBUG][RoutineRegistry] Try to lookup handler by routine key(-1_303_).
[2015-05-29 17:13:45,566][Test worker][DEBUG][RoutineRegistry] Lookup controller by key(-1_303_), found controller(com.mpos.lottery.te.trans.TransactionController@53ddecd8) and method(public void com.mpos.lottery.te.trans.TransactionController.reverse(com.mpos.lottery.te.port.Context,com.mpos.lottery.te.port.Context) throws com.mpos.lottery.te.config.exception.ApplicationException).
[2015-05-29 17:13:45,572][Test worker][DEBUG][ReversalOrCancelStrategyFactory] Found ReversalStrategy(class com.mpos.lottery.te.gameimpl.union.prize.service.UnionPrizeServiceImpl) to cancel transaction(gameType=8,terminalId=111,transType=302,protocolVersion=1.5.0).
[2015-05-29 17:13:45,580][Test worker][DEBUG][DefaultPayoutStrategyFactory] Usage payout strategy(com.mpos.lottery.te.gamespec.prize.support.payoutstrategy.RefundPayoutStrategy@71b3f9c) for payout mode:0
[2015-05-29 17:13:45,586][Test worker][DEBUG][DefaultCreditService] Calculate commssion for (merchant=111 +operator=OPERATOR-111,gameId=GAME-UNION-111,commType=1,commRate=0) 
[2015-05-29 17:13:45,596][Test worker][DEBUG][DefaultCreditService] The current credit level(before transaction) of Operator [id=OPERATOR-111, loginName=OPERATOR-LOGIN, creditType=1, saleCreditLevel=200000000, payoutCreditLevel=8363500.09, cashoutBalance=0, commisionBalance=0] is saleCreditLevel:200000000,payoutCreditLevel:8363500.09
[2015-05-29 17:13:45,597][Test worker][DEBUG][DefaultCreditService] The new payout credit level of Operator [id=OPERATOR-111, loginName=OPERATOR-LOGIN, creditType=1, saleCreditLevel=200000000, payoutCreditLevel=1000.00, cashoutBalance=0, commisionBalance=0.000000] is 1000.00
[2015-05-29 17:13:45,607][Test worker][DEBUG][CommonFacadeService] Prepare to publish message to exchange[TE.302] with routing key[TE.CANCEL.302.8]: origTrans {
  id: "0115052900000000002143"
  dev_id: "111"
  operator_id: "OPERATOR-111"
  merchant_id: "111"
  create_time: 1432890825000
  trans_type: 302
  game_id: "GAME-UNION-111"
  game_type: 8
  total_amount: "8362500.09"
}
cancelTrans {
  id: "0115052900000000002152"
  dev_id: "111"
  operator_id: "OPERATOR-111"
  merchant_id: "111"
  create_time: 1432890825000
  trans_type: 303
  game_id: "GAME-UNION-111"
  game_type: 8
  total_amount: "8362500.09"
}

[2015-05-29 17:13:45,607][Test worker][DEBUG][CommonFacadeService] Publish message successfully
[2015-05-29 17:13:45,608][Test worker][DEBUG][ProtocolSerializer] Finish mac(macKey=P2Bbo6+bSSR9O2Qc89f3b4oHTyE1V2gF,macString=Protocal-Version:1.5|GPE_Id:GPE-111|Terminal-Id:111|Operator-Id:OPERATOR-111|Trans-BatchNumber:20150529|TractMsg-Id:1432890825551|Timestamp:20150529171345|Transaction-Type:4303|Transaction-Id:0115052900000000002152|Response-Code:200|):326022958de146cf0a3c6ce69c5bc36f
[2015-05-29 17:13:45,608][Test worker][DEBUG][BaseServletIntegrationTest] Got response(code=200,length=0): 
[2015-05-29 17:13:45,623][Test worker][DEBUG][TEPortServlet] Startup job scheduer(org.quartz.impl.StdScheduler@4d1e5820) successfully.
[2015-05-29 17:13:45,624][Test worker][WARN ][TEPortServlet] can NOT find META file:F:\project\M.Lottery\TE\TRUNK_TE\sourcecode\build\classes\main\META-INF\MANIFEST.MF
[2015-05-29 17:13:45,624][Test worker][DEBUG][TEPortServlet] Register MBean(com.mpos.lottery.te.common.jmx.TransactionTimeout@48c123c) with name(com.mpos.lottery.te:type=TransactionTimeoutMBean) successfully.
[2015-05-29 17:13:45,624][Test worker][DEBUG][BaseTransactionalIntegrationTest] Retrieve a ApplicationContext(org.springframework.web.context.support.GenericWebApplicationContext@34f645a8: startup date [Fri May 29 17:12:38 CST 2015]; root of context hierarchy).
[2015-05-29 17:13:45,624][Test worker][INFO ][BaseTransactionalIntegrationTest] +------------------------------------------------------------------------------------------------------------------------+
[2015-05-29 17:13:45,624][Test worker][INFO ][BaseTransactionalIntegrationTest] | UnionPayoutReversalIntegrationTest.testPayout_PrintNewTicket_Reversal_NoAllocatedOperator                              |
[2015-05-29 17:13:45,624][Test worker][INFO ][BaseTransactionalIntegrationTest] +------------------------------------------------------------------------------------------------------------------------+
[2015-05-29 17:13:45,628][Test worker][DEBUG][MLotteryContext] find mapping file definition(xml-mapping/game/union/Payout_Req.xml) by key(8.transtype.302).
[2015-05-29 17:13:45,628][Test worker][DEBUG][CastorHelper] Finish marshaling input(typeclass com.mpos.lottery.te.gameimpl.union.sale.UnionTicket, mappingFile=xml-mapping/game/union/Payout_Req.xml).
[2015-05-29 17:13:45,628][Test worker][DEBUG][BaseServletIntegrationTest] Do MAC(key=P2Bbo6+bSSR9O2Qc89f3b4oHTyE1V2gF) on (Protocal-Version:1.5|GPE_Id:GPE-111|Terminal-Id:111|Operator-Id:OPERATOR-111|Trans-BatchNumber:20150529|TractMsg-Id:1432890825628|Timestamp:20150529171345|Transaction-Type:302|Transaction-Id:|Response-Code:|<?xml version="1.0" encoding="UTF-8"?>
<Ticket serialNo="S-123456" PIN="PIN-111" inputChannel="2" validationCode="111111"/>,hash=2135553838), get digest:5295cbd59191198c0d2211e91cb92d9b
[2015-05-29 17:13:45,629][Test worker][DEBUG][TEPortServlet] Got request header(name=X-Transaction-Type, value=302).
[2015-05-29 17:13:45,629][Test worker][DEBUG][TEPortServlet] Got request header(name=X-Protocal-Version, value=1.5).
[2015-05-29 17:13:45,629][Test worker][DEBUG][TEPortServlet] Got request header(name=X-Timestamp, value=20150529171345).
[2015-05-29 17:13:45,629][Test worker][DEBUG][TEPortServlet] Got request header(name=X-GPE-Id, value=GPE-111).
[2015-05-29 17:13:45,629][Test worker][DEBUG][TEPortServlet] Got request header(name=X-Trace-Message-Id, value=1432890825628).
[2015-05-29 17:13:45,629][Test worker][DEBUG][TEPortServlet] Got request header(name=X-Operator-Id, value=OPERATOR-111).
[2015-05-29 17:13:45,629][Test worker][DEBUG][TEPortServlet] Got request header(name=X-Terminal-Id, value=111).
[2015-05-29 17:13:45,629][Test worker][DEBUG][TEPortServlet] Got request header(name=X-MAC, value=5295cbd59191198c0d2211e91cb92d9b).
[2015-05-29 17:13:45,629][Test worker][DEBUG][TEPortServlet] Got request header(name=X-Game-Type-Id, value=8).
[2015-05-29 17:13:45,629][Test worker][DEBUG][TEPortServlet] Got request header(name=X-Trans-BatchNumber, value=20150529).
[2015-05-29 17:13:45,629][Test worker][DEBUG][TEPortServlet] Got request header(name=X-GPS-Location, value=40.714353,-74.005973).
[2015-05-29 17:13:45,632][Test worker][DEBUG][TEPortServlet] Got request from localhost, and the message body is:pq3FqO8HCcAnaobA+xpVnADmrnwj1vrK59BGhqvtskYFWTsa2cbe6ttFDFcpmi1MamgAomcAmY7ZtCcdDkhkRjtWjJyr8M54r482oPz68swv1cKZXs2giVvwATQyuGIl9ynITkM6n3FZYXMyvHDkvi+IB2e80VwqI7T2PcEAFnM=.
[2015-05-29 17:13:45,632][Test worker][DEBUG][ProtocolSerializer] Start to deserialize request context(Protocal-Version:1.5|GPE_Id:GPE-111|Terminal-Id:111|Operator-Id:OPERATOR-111|Trans-BatchNumber:20150529|TractMsg-Id:1432890825628|Timestamp:20150529171345|Transaction-Type:302|Transaction-Id:|Response-Code:|).
[2015-05-29 17:13:45,632][Test worker][DEBUG][ProtocolSerializer] Finish decrypting cipher into original xml:<?xml version="1.0" encoding="UTF-8"?>
<Ticket serialNo="S-123456" PIN="PIN-111" inputChannel="2" validationCode="111111"/>
[2015-05-29 17:13:45,632][Test worker][DEBUG][ProtocolSerializer] Start to do MAC(key=P2Bbo6+bSSR9O2Qc89f3b4oHTyE1V2gF) on (Protocal-Version:1.5|GPE_Id:GPE-111|Terminal-Id:111|Operator-Id:OPERATOR-111|Trans-BatchNumber:20150529|TractMsg-Id:1432890825628|Timestamp:20150529171345|Transaction-Type:302|Transaction-Id:|Response-Code:|<?xml version="1.0" encoding="UTF-8"?>
<Ticket serialNo="S-123456" PIN="PIN-111" inputChannel="2" validationCode="111111"/>,hash=2135553838), get digest:5295cbd59191198c0d2211e91cb92d9b
[2015-05-29 17:13:45,633][Test worker][DEBUG][MLotteryContext] find mapping file definition(xml-mapping/game/union/Payout_Req.xml) by key(8.transtype.302).
[2015-05-29 17:13:45,633][Test worker][DEBUG][ProtocolSerializer] Start to deserialize model: model=null,mappingFile=xml-mapping/game/union/Payout_Req.xml
[2015-05-29 17:13:45,633][Test worker][DEBUG][MLotteryContext] find mapping file definition(xml-mapping/game/union/Payout_Req.xml) by key(8.transtype.302).
[2015-05-29 17:13:45,671][Test worker][DEBUG][RoutineRegistry] Try to lookup handler by routine key(8_302_1.5.0).
[2015-05-29 17:13:45,674][Test worker][DEBUG][RoutineRegistry] Try to lookup handler by routine key(8_302_).
[2015-05-29 17:13:45,674][Test worker][DEBUG][RoutineRegistry] Lookup controller by key(8_302_), found controller(com.mpos.lottery.te.gameimpl.union.UnionController@f81b221) and method(public void com.mpos.lottery.te.gameimpl.union.UnionController.payout(com.mpos.lottery.te.port.Context,com.mpos.lottery.te.port.Context) throws com.mpos.lottery.te.config.exception.ApplicationException).
[2015-05-29 17:13:45,703][Test worker][DEBUG][DefaultTaxService] Calculate tax for amount:3000 based on threshold(com.mpos.lottery.te.gamespec.prize.TaxThreshold@2e85c50[id=WTT-1,taxPolicyId=TP-1,taxDateRange=com.mpos.lottery.te.gamespec.prize.TaxDateRange@44584bcd[id=TDR-1,beginDate=2009-03-20 21:00:00.0,endDate=2099-03-20 21:00:00.0],minAmount=1000,maxAmount=9999999999,ruleType=1,taxAmount=0.2,taxBase=1])...tax:500.00
[2015-05-29 17:13:45,707][Test worker][DEBUG][DefaultTaxService] Calculate tax for amount:5000000 based on threshold(com.mpos.lottery.te.gamespec.prize.TaxThreshold@2e85c50[id=WTT-1,taxPolicyId=TP-1,taxDateRange=com.mpos.lottery.te.gamespec.prize.TaxDateRange@44584bcd[id=TDR-1,beginDate=2009-03-20 21:00:00.0,endDate=2099-03-20 21:00:00.0],minAmount=1000,maxAmount=9999999999,ruleType=1,taxAmount=0.2,taxBase=1])...tax:833333.33
[2015-05-29 17:13:45,712][Test worker][DEBUG][DefaultTaxService] Calculate tax for amount:10000 based on threshold(com.mpos.lottery.te.gamespec.prize.TaxThreshold@2e85c50[id=WTT-1,taxPolicyId=TP-1,taxDateRange=com.mpos.lottery.te.gamespec.prize.TaxDateRange@44584bcd[id=TDR-1,beginDate=2009-03-20 21:00:00.0,endDate=2099-03-20 21:00:00.0],minAmount=1000,maxAmount=9999999999,ruleType=1,taxAmount=0.2,taxBase=1])...tax:1666.67
[2015-05-29 17:13:45,720][Test worker][DEBUG][DefaultTaxService] Calculate tax for amount:1000000 based on threshold(com.mpos.lottery.te.gamespec.prize.TaxThreshold@2e85c50[id=WTT-1,taxPolicyId=TP-1,taxDateRange=com.mpos.lottery.te.gamespec.prize.TaxDateRange@44584bcd[id=TDR-1,beginDate=2009-03-20 21:00:00.0,endDate=2099-03-20 21:00:00.0],minAmount=1000,maxAmount=9999999999,ruleType=1,taxAmount=0.2,taxBase=1])...tax:166666.67
[2015-05-29 17:13:45,724][Test worker][DEBUG][DefaultTaxService] Calculate tax for amount:50000 based on threshold(com.mpos.lottery.te.gamespec.prize.TaxThreshold@2e85c50[id=WTT-1,taxPolicyId=TP-1,taxDateRange=com.mpos.lottery.te.gamespec.prize.TaxDateRange@44584bcd[id=TDR-1,beginDate=2009-03-20 21:00:00.0,endDate=2099-03-20 21:00:00.0],minAmount=1000,maxAmount=9999999999,ruleType=1,taxAmount=0.2,taxBase=1])...tax:8333.33
[2015-05-29 17:13:45,730][Test worker][DEBUG][DefaultTaxService] Calculate tax for amount:50000 based on threshold(com.mpos.lottery.te.gamespec.prize.TaxThreshold@2e85c50[id=WTT-1,taxPolicyId=TP-1,taxDateRange=com.mpos.lottery.te.gamespec.prize.TaxDateRange@44584bcd[id=TDR-1,beginDate=2009-03-20 21:00:00.0,endDate=2099-03-20 21:00:00.0],minAmount=1000,maxAmount=9999999999,ruleType=1,taxAmount=0.2,taxBase=1])...tax:8333.33
[2015-05-29 17:13:45,737][Test worker][DEBUG][AbstractPrizeService] Handle winnings of lucky draw of ticket(serialNo:9pkxn/npytVqVbOF5fPlsg==), total 2 winning items found.
[2015-05-29 17:13:45,745][Test worker][DEBUG][DefaultTaxService] Calculate tax for amount:400000 based on threshold(com.mpos.lottery.te.gamespec.prize.TaxThreshold@2e85c50[id=WTT-1,taxPolicyId=TP-1,taxDateRange=com.mpos.lottery.te.gamespec.prize.TaxDateRange@44584bcd[id=TDR-1,beginDate=2009-03-20 21:00:00.0,endDate=2099-03-20 21:00:00.0],minAmount=1000,maxAmount=9999999999,ruleType=1,taxAmount=0.2,taxBase=1])...tax:66666.67
[2015-05-29 17:13:45,754][Test worker][DEBUG][DefaultTaxService] Calculate tax for amount:1000000 based on threshold(com.mpos.lottery.te.gamespec.prize.TaxThreshold@2e85c50[id=WTT-1,taxPolicyId=TP-1,taxDateRange=com.mpos.lottery.te.gamespec.prize.TaxDateRange@44584bcd[id=TDR-1,beginDate=2009-03-20 21:00:00.0,endDate=2099-03-20 21:00:00.0],minAmount=1000,maxAmount=9999999999,ruleType=1,taxAmount=0.2,taxBase=1])...tax:166666.67
[2015-05-29 17:13:45,762][Test worker][DEBUG][MerchantServiceImpl] Use the payout-limit setting(max=10000000,min=100) of Operator(Operator [id=OPERATOR-111, loginName=OPERATOR-LOGIN, creditType=1, saleCreditLevel=200000000, payoutCreditLevel=1000, cashoutBalance=0, commisionBalance=0]) to verify payout limit.
[2015-05-29 17:13:45,762][Test worker][DEBUG][DefaultPayoutStrategyFactory] Usage payout strategy(com.mpos.lottery.te.gamespec.prize.support.payoutstrategy.NewPrintPayoutStrategy@557acc4d) for payout mode:1
[2015-05-29 17:13:45,763][Test worker][DEBUG][UUIDServiceImpl] Assemble a new ticket serial number:01110745819300019745
[2015-05-29 17:13:45,786][Test worker][DEBUG][DefaultCreditService] Calculate commssion for (merchant=111 +operator=OPERATOR-111,gameId=GAME-UNION-111,commType=1,commRate=0) 
[2015-05-29 17:13:45,817][Test worker][DEBUG][DefaultCreditService] The current credit level(before transaction) of Operator [id=OPERATOR-111, loginName=OPERATOR-LOGIN, creditType=1, saleCreditLevel=200000000, payoutCreditLevel=1000, cashoutBalance=0, commisionBalance=0] is saleCreditLevel:200000000,payoutCreditLevel:1000
[2015-05-29 17:13:45,817][Test worker][DEBUG][DefaultCreditService] The new payout credit level of Operator [id=OPERATOR-111, loginName=OPERATOR-LOGIN, creditType=1, saleCreditLevel=200000000, payoutCreditLevel=8360999.99, cashoutBalance=0, commisionBalance=0.000000] is 8360999.99
[2015-05-29 17:13:45,840][Test worker][DEBUG][CommonFacadeService] Prepare to publish message to exchange[TE.302] with routing key[TE.302.8]: id: "0115052900000000002153"
dev_id: "111"
operator_id: "OPERATOR-111"
merchant_id: "111"
create_time: 1432890825000
trans_type: 302
game_id: "GAME-UNION-111"
game_type: 8
total_amount: "8359999.99"

[2015-05-29 17:13:45,840][Test worker][DEBUG][CommonFacadeService] Publish message successfully
[2015-05-29 17:13:45,841][Test worker][DEBUG][MLotteryContext] find mapping file definition(xml-mapping/game/union/Payout_Res.xml) by key(8.transtype.4302).
[2015-05-29 17:13:45,841][Test worker][DEBUG][ProtocolSerializer] Start to serialize model(class com.mpos.lottery.te.gamespec.prize.web.PrizeDto),mappingFile=xml-mapping/game/union/Payout_Res.xml
[2015-05-29 17:13:45,841][Test worker][DEBUG][MLotteryContext] find mapping file definition(xml-mapping/game/union/Payout_Res.xml) by key(8.transtype.4302).
[2015-05-29 17:13:45,849][Test worker][DEBUG][CastorHelper] Finish marshaling input(typeclass com.mpos.lottery.te.gamespec.prize.web.PrizeDto, mappingFile=xml-mapping/game/union/Payout_Res.xml).
[2015-05-29 17:13:45,849][Test worker][DEBUG][ProtocolSerializer] Finish mac(macKey=P2Bbo6+bSSR9O2Qc89f3b4oHTyE1V2gF,macString=Protocal-Version:1.5|GPE_Id:GPE-111|Terminal-Id:111|Operator-Id:OPERATOR-111|Trans-BatchNumber:20150529|TractMsg-Id:1432890825628|Timestamp:20150529171345|Transaction-Type:4302|Transaction-Id:0115052900000000002153|Response-Code:200|<?xml version="1.0" encoding="UTF-8"?>
<Payout luckyAmount="8000.00" prizeAmount="10032000" taxAmount="1672000.01" actualAmount="8359999.99" mode="1"><Ticket multipleDraws="1" totalBets="1" totalAmount="2500.1" serialNo="01110745819300019745" type="1" lastDrawNo="20090408" barcode="08cK/u9hwZY2Rogq4k24Oeg4G3HSlAl9EbjLdf+UJJlt8eRiXxElYKck5kS9M7H6Vjvyu4tW8xfjM=" validationCode="596047"><GameDraw number="20090408" gameId="GAME-UNION-111" drawDate="20150530171215"/><Entry selectedNumber="1,2,3,4,5" betOption="3" inputChannel="0" entryAmount="100"/><Entry selectedNumber="1,2,3,4,5,6" betOption="1" inputChannel="0" entryAmount="100"/><Entry selectedNumber="1,2,3,4,5,6,7" betOption="2" inputChannel="0" entryAmount="100"/></Ticket></Payout>):f904adad17715a4f05790e8c8e2045d1
[2015-05-29 17:13:45,850][Test worker][DEBUG][TEPortServlet] Write response to client(host1=localhost,sizeOfPack=992) succesfully.
[2015-05-29 17:13:45,851][Test worker][DEBUG][BaseServletIntegrationTest] Got response(code=200,length=992): <?xml version="1.0" encoding="UTF-8"?>
<Payout luckyAmount="8000.00" prizeAmount="10032000" taxAmount="1672000.01" actualAmount="8359999.99" mode="1"><Ticket multipleDraws="1" totalBets="1" totalAmount="2500.1" serialNo="01110745819300019745" type="1" lastDrawNo="20090408" barcode="08cK/u9hwZY2Rogq4k24Oeg4G3HSlAl9EbjLdf+UJJlt8eRiXxElYKck5kS9M7H6Vjvyu4tW8xfjM=" validationCode="596047"><GameDraw number="20090408" gameId="GAME-UNION-111" drawDate="20150530171215"/><Entry selectedNumber="1,2,3,4,5" betOption="3" inputChannel="0" entryAmount="100"/><Entry selectedNumber="1,2,3,4,5,6" betOption="1" inputChannel="0" entryAmount="100"/><Entry selectedNumber="1,2,3,4,5,6,7" betOption="2" inputChannel="0" entryAmount="100"/></Ticket></Payout>
[2015-05-29 17:13:45,851][Test worker][DEBUG][MLotteryContext] find mapping file definition(xml-mapping/game/union/Payout_Res.xml) by key(8.transtype.4302).
[2015-05-29 17:13:45,859][Test worker][DEBUG][MLotteryContext] find mapping file definition(xml-mapping/TransactionEnquiry_Req.xml) by key(transtype.303).
[2015-05-29 17:13:45,859][Test worker][DEBUG][CastorHelper] Finish marshaling input(typeclass com.mpos.lottery.te.trans.domain.Transaction, mappingFile=xml-mapping/TransactionEnquiry_Req.xml).
[2015-05-29 17:13:45,860][Test worker][DEBUG][BaseServletIntegrationTest] Do MAC(key=P2Bbo6+bSSR9O2Qc89f3b4oHTyE1V2gF) on (Protocal-Version:1.5|GPE_Id:GPE-111|Terminal-Id:111|Operator-Id:OPERATOR-111|Trans-BatchNumber:20150529|TractMsg-Id:1432890825858|Timestamp:20150529171345|Transaction-Type:303|Transaction-Id:|Response-Code:|<?xml version="1.0" encoding="UTF-8"?>
<Transaction terminalId="111" traceMessageId="1432890825628"/>,hash=-312805494), get digest:6462ca9178ca4a650eef8ea2a9292b78
[2015-05-29 17:13:45,860][Test worker][DEBUG][TEPortServlet] Got request header(name=X-Transaction-Type, value=303).
[2015-05-29 17:13:45,860][Test worker][DEBUG][TEPortServlet] Got request header(name=X-Protocal-Version, value=1.5).
[2015-05-29 17:13:45,860][Test worker][DEBUG][TEPortServlet] Got request header(name=X-Timestamp, value=20150529171345).
[2015-05-29 17:13:45,860][Test worker][DEBUG][TEPortServlet] Got request header(name=X-GPE-Id, value=GPE-111).
[2015-05-29 17:13:45,860][Test worker][DEBUG][TEPortServlet] Got request header(name=X-Trace-Message-Id, value=1432890825858).
[2015-05-29 17:13:45,860][Test worker][DEBUG][TEPortServlet] Got request header(name=X-Operator-Id, value=OPERATOR-111).
[2015-05-29 17:13:45,860][Test worker][DEBUG][TEPortServlet] Got request header(name=X-Terminal-Id, value=111).
[2015-05-29 17:13:45,860][Test worker][DEBUG][TEPortServlet] Got request header(name=X-MAC, value=6462ca9178ca4a650eef8ea2a9292b78).
[2015-05-29 17:13:45,860][Test worker][DEBUG][TEPortServlet] Got request header(name=X-Game-Type-Id, value=-1).
[2015-05-29 17:13:45,860][Test worker][DEBUG][TEPortServlet] Got request header(name=X-Trans-BatchNumber, value=20150529).
[2015-05-29 17:13:45,860][Test worker][DEBUG][TEPortServlet] Got request header(name=X-GPS-Location, value=40.714353,-74.005973).
[2015-05-29 17:13:45,862][Test worker][DEBUG][TEPortServlet] Got request from localhost, and the message body is:pq3FqO8HCcAnaobA+xpVnADmrnwj1vrK59BGhqvtskYFWTsa2cbe6jcIE4b0pl+ogrA4SMNVUFtCb0VnctvqFZ4g+Dv1D5Fz4ERoX4gVmzFJ1yZK27DdH2FXNdbUICdB2v+Za6OZehM=.
[2015-05-29 17:13:45,862][Test worker][DEBUG][ProtocolSerializer] Start to deserialize request context(Protocal-Version:1.5|GPE_Id:GPE-111|Terminal-Id:111|Operator-Id:OPERATOR-111|Trans-BatchNumber:20150529|TractMsg-Id:1432890825858|Timestamp:20150529171345|Transaction-Type:303|Transaction-Id:|Response-Code:|).
[2015-05-29 17:13:45,862][Test worker][DEBUG][ProtocolSerializer] Finish decrypting cipher into original xml:<?xml version="1.0" encoding="UTF-8"?>
<Transaction terminalId="111" traceMessageId="1432890825628"/>
[2015-05-29 17:13:45,862][Test worker][DEBUG][ProtocolSerializer] Start to do MAC(key=P2Bbo6+bSSR9O2Qc89f3b4oHTyE1V2gF) on (Protocal-Version:1.5|GPE_Id:GPE-111|Terminal-Id:111|Operator-Id:OPERATOR-111|Trans-BatchNumber:20150529|TractMsg-Id:1432890825858|Timestamp:20150529171345|Transaction-Type:303|Transaction-Id:|Response-Code:|<?xml version="1.0" encoding="UTF-8"?>
<Transaction terminalId="111" traceMessageId="1432890825628"/>,hash=-312805494), get digest:6462ca9178ca4a650eef8ea2a9292b78
[2015-05-29 17:13:45,862][Test worker][DEBUG][MLotteryContext] find mapping file definition(xml-mapping/TransactionEnquiry_Req.xml) by key(transtype.303).
[2015-05-29 17:13:45,862][Test worker][DEBUG][ProtocolSerializer] Start to deserialize model: model=null,mappingFile=xml-mapping/TransactionEnquiry_Req.xml
[2015-05-29 17:13:45,862][Test worker][DEBUG][MLotteryContext] find mapping file definition(xml-mapping/TransactionEnquiry_Req.xml) by key(transtype.303).
[2015-05-29 17:13:45,872][Test worker][DEBUG][RoutineRegistry] Try to lookup handler by routine key(-1_303_1.5.0).
[2015-05-29 17:13:45,872][Test worker][DEBUG][RoutineRegistry] Try to lookup handler by routine key(-1_303_).
[2015-05-29 17:13:45,872][Test worker][DEBUG][RoutineRegistry] Lookup controller by key(-1_303_), found controller(com.mpos.lottery.te.trans.TransactionController@53ddecd8) and method(public void com.mpos.lottery.te.trans.TransactionController.reverse(com.mpos.lottery.te.port.Context,com.mpos.lottery.te.port.Context) throws com.mpos.lottery.te.config.exception.ApplicationException).
[2015-05-29 17:13:45,886][Test worker][DEBUG][ReversalOrCancelStrategyFactory] Found ReversalStrategy(class com.mpos.lottery.te.gameimpl.union.prize.service.UnionPrizeServiceImpl) to cancel transaction(gameType=8,terminalId=111,transType=302,protocolVersion=1.5.0).
[2015-05-29 17:13:45,895][Test worker][DEBUG][DefaultPayoutStrategyFactory] Usage payout strategy(com.mpos.lottery.te.gamespec.prize.support.payoutstrategy.NewPrintPayoutStrategy@557acc4d) for payout mode:1
[2015-05-29 17:13:45,916][Test worker][DEBUG][DefaultCreditService] Calculate commssion for (merchant=111 +operator=OPERATOR-111,gameId=GAME-UNION-111,commType=1,commRate=0) 
[2015-05-29 17:13:45,922][Test worker][DEBUG][DefaultCreditService] The current credit level(before transaction) of Operator [id=OPERATOR-111, loginName=OPERATOR-LOGIN, creditType=1, saleCreditLevel=200000000, payoutCreditLevel=8360999.99, cashoutBalance=0, commisionBalance=0] is saleCreditLevel:200000000,payoutCreditLevel:8360999.99
[2015-05-29 17:13:45,924][Test worker][DEBUG][DefaultCreditService] The new payout credit level of Operator [id=OPERATOR-111, loginName=OPERATOR-LOGIN, creditType=1, saleCreditLevel=200000000, payoutCreditLevel=1000.00, cashoutBalance=0, commisionBalance=0.000000] is 1000.00
[2015-05-29 17:13:45,937][Test worker][DEBUG][CommonFacadeService] Prepare to publish message to exchange[TE.302] with routing key[TE.CANCEL.302.8]: origTrans {
  id: "0115052900000000002153"
  dev_id: "111"
  operator_id: "OPERATOR-111"
  merchant_id: "111"
  create_time: 1432890825000
  trans_type: 302
  game_id: "GAME-UNION-111"
  game_type: 8
  total_amount: "8359999.99"
}
cancelTrans {
  id: "0115052900000000002166"
  dev_id: "111"
  operator_id: "OPERATOR-111"
  merchant_id: "0"
  create_time: 1432890825000
  trans_type: 303
  game_id: "GAME-UNION-111"
  game_type: 8
  total_amount: "8359999.99"
}

[2015-05-29 17:13:45,937][Test worker][DEBUG][CommonFacadeService] Publish message successfully
[2015-05-29 17:13:45,937][Test worker][DEBUG][ProtocolSerializer] Finish mac(macKey=P2Bbo6+bSSR9O2Qc89f3b4oHTyE1V2gF,macString=Protocal-Version:1.5|GPE_Id:GPE-111|Terminal-Id:111|Operator-Id:OPERATOR-111|Trans-BatchNumber:20150529|TractMsg-Id:1432890825858|Timestamp:20150529171345|Transaction-Type:4303|Transaction-Id:0115052900000000002166|Response-Code:200|):e3a6e1da807b670cfc775b35387ff916
[2015-05-29 17:13:45,938][Test worker][DEBUG][BaseServletIntegrationTest] Got response(code=200,length=0): 
[2015-05-29 17:13:45,967][Test worker][DEBUG][TEPortServlet] Startup job scheduer(org.quartz.impl.StdScheduler@4d1e5820) successfully.
[2015-05-29 17:13:45,967][Test worker][WARN ][TEPortServlet] can NOT find META file:F:\project\M.Lottery\TE\TRUNK_TE\sourcecode\build\classes\main\META-INF\MANIFEST.MF
[2015-05-29 17:13:45,968][Test worker][DEBUG][TEPortServlet] Register MBean(com.mpos.lottery.te.common.jmx.TransactionTimeout@9f49a2f) with name(com.mpos.lottery.te:type=TransactionTimeoutMBean) successfully.
[2015-05-29 17:13:45,968][Test worker][DEBUG][BaseTransactionalIntegrationTest] Retrieve a ApplicationContext(org.springframework.web.context.support.GenericWebApplicationContext@34f645a8: startup date [Fri May 29 17:12:38 CST 2015]; root of context hierarchy).
[2015-05-29 17:13:45,968][Test worker][INFO ][BaseTransactionalIntegrationTest] +------------------------------------------------------------------------------------------------------------------------+
[2015-05-29 17:13:45,968][Test worker][INFO ][BaseTransactionalIntegrationTest] | UnionPayoutReversalIntegrationTest.testPayout_PrintNewTicket_Reversal                                                  |
[2015-05-29 17:13:45,968][Test worker][INFO ][BaseTransactionalIntegrationTest] +------------------------------------------------------------------------------------------------------------------------+
[2015-05-29 17:13:45,972][Test worker][DEBUG][MLotteryContext] find mapping file definition(xml-mapping/game/union/Payout_Req.xml) by key(8.transtype.302).
[2015-05-29 17:13:45,972][Test worker][DEBUG][CastorHelper] Finish marshaling input(typeclass com.mpos.lottery.te.gameimpl.union.sale.UnionTicket, mappingFile=xml-mapping/game/union/Payout_Req.xml).
[2015-05-29 17:13:45,973][Test worker][DEBUG][BaseServletIntegrationTest] Do MAC(key=P2Bbo6+bSSR9O2Qc89f3b4oHTyE1V2gF) on (Protocal-Version:1.5|GPE_Id:GPE-111|Terminal-Id:111|Operator-Id:OPERATOR-111|Trans-BatchNumber:20150529|TractMsg-Id:1432890825971|Timestamp:20150529171345|Transaction-Type:302|Transaction-Id:|Response-Code:|<?xml version="1.0" encoding="UTF-8"?>
<Ticket serialNo="S-123456" PIN="PIN-111" inputChannel="2" validationCode="111111"/>,hash=699790647), get digest:8a8acbf779dd36bcdf79d44d93059e73
[2015-05-29 17:13:45,973][Test worker][DEBUG][TEPortServlet] Got request header(name=X-Transaction-Type, value=302).
[2015-05-29 17:13:45,973][Test worker][DEBUG][TEPortServlet] Got request header(name=X-Protocal-Version, value=1.5).
[2015-05-29 17:13:45,973][Test worker][DEBUG][TEPortServlet] Got request header(name=X-Timestamp, value=20150529171345).
[2015-05-29 17:13:45,973][Test worker][DEBUG][TEPortServlet] Got request header(name=X-GPE-Id, value=GPE-111).
[2015-05-29 17:13:45,973][Test worker][DEBUG][TEPortServlet] Got request header(name=X-Trace-Message-Id, value=1432890825971).
[2015-05-29 17:13:45,973][Test worker][DEBUG][TEPortServlet] Got request header(name=X-Operator-Id, value=OPERATOR-111).
[2015-05-29 17:13:45,973][Test worker][DEBUG][TEPortServlet] Got request header(name=X-Terminal-Id, value=111).
[2015-05-29 17:13:45,973][Test worker][DEBUG][TEPortServlet] Got request header(name=X-MAC, value=8a8acbf779dd36bcdf79d44d93059e73).
[2015-05-29 17:13:45,973][Test worker][DEBUG][TEPortServlet] Got request header(name=X-Game-Type-Id, value=8).
[2015-05-29 17:13:45,973][Test worker][DEBUG][TEPortServlet] Got request header(name=X-Trans-BatchNumber, value=20150529).
[2015-05-29 17:13:45,973][Test worker][DEBUG][TEPortServlet] Got request header(name=X-GPS-Location, value=40.714353,-74.005973).
[2015-05-29 17:13:45,976][Test worker][DEBUG][TEPortServlet] Got request from localhost, and the message body is:pq3FqO8HCcAnaobA+xpVnADmrnwj1vrK59BGhqvtskYFWTsa2cbe6ttFDFcpmi1MamgAomcAmY7ZtCcdDkhkRjtWjJyr8M54r482oPz68swv1cKZXs2giVvwATQyuGIl9ynITkM6n3FZYXMyvHDkvi+IB2e80VwqI7T2PcEAFnM=.
[2015-05-29 17:13:45,976][Test worker][DEBUG][ProtocolSerializer] Start to deserialize request context(Protocal-Version:1.5|GPE_Id:GPE-111|Terminal-Id:111|Operator-Id:OPERATOR-111|Trans-BatchNumber:20150529|TractMsg-Id:1432890825971|Timestamp:20150529171345|Transaction-Type:302|Transaction-Id:|Response-Code:|).
[2015-05-29 17:13:45,977][Test worker][DEBUG][ProtocolSerializer] Finish decrypting cipher into original xml:<?xml version="1.0" encoding="UTF-8"?>
<Ticket serialNo="S-123456" PIN="PIN-111" inputChannel="2" validationCode="111111"/>
[2015-05-29 17:13:45,977][Test worker][DEBUG][ProtocolSerializer] Start to do MAC(key=P2Bbo6+bSSR9O2Qc89f3b4oHTyE1V2gF) on (Protocal-Version:1.5|GPE_Id:GPE-111|Terminal-Id:111|Operator-Id:OPERATOR-111|Trans-BatchNumber:20150529|TractMsg-Id:1432890825971|Timestamp:20150529171345|Transaction-Type:302|Transaction-Id:|Response-Code:|<?xml version="1.0" encoding="UTF-8"?>
<Ticket serialNo="S-123456" PIN="PIN-111" inputChannel="2" validationCode="111111"/>,hash=699790647), get digest:8a8acbf779dd36bcdf79d44d93059e73
[2015-05-29 17:13:45,977][Test worker][DEBUG][MLotteryContext] find mapping file definition(xml-mapping/game/union/Payout_Req.xml) by key(8.transtype.302).
[2015-05-29 17:13:45,977][Test worker][DEBUG][ProtocolSerializer] Start to deserialize model: model=null,mappingFile=xml-mapping/game/union/Payout_Req.xml
[2015-05-29 17:13:45,977][Test worker][DEBUG][MLotteryContext] find mapping file definition(xml-mapping/game/union/Payout_Req.xml) by key(8.transtype.302).
[2015-05-29 17:13:46,001][Test worker][DEBUG][RoutineRegistry] Try to lookup handler by routine key(8_302_1.5.0).
[2015-05-29 17:13:46,001][Test worker][DEBUG][RoutineRegistry] Try to lookup handler by routine key(8_302_).
[2015-05-29 17:13:46,001][Test worker][DEBUG][RoutineRegistry] Lookup controller by key(8_302_), found controller(com.mpos.lottery.te.gameimpl.union.UnionController@f81b221) and method(public void com.mpos.lottery.te.gameimpl.union.UnionController.payout(com.mpos.lottery.te.port.Context,com.mpos.lottery.te.port.Context) throws com.mpos.lottery.te.config.exception.ApplicationException).
[2015-05-29 17:13:46,026][Test worker][DEBUG][DefaultTaxService] Calculate tax for amount:3000 based on threshold(com.mpos.lottery.te.gamespec.prize.TaxThreshold@60716d4f[id=WTT-1,taxPolicyId=TP-1,taxDateRange=com.mpos.lottery.te.gamespec.prize.TaxDateRange@7ed2720c[id=TDR-1,beginDate=2009-03-20 21:00:00.0,endDate=2099-03-20 21:00:00.0],minAmount=1000,maxAmount=9999999999,ruleType=1,taxAmount=0.2,taxBase=1])...tax:500.00
[2015-05-29 17:13:46,032][Test worker][DEBUG][DefaultTaxService] Calculate tax for amount:5000000 based on threshold(com.mpos.lottery.te.gamespec.prize.TaxThreshold@60716d4f[id=WTT-1,taxPolicyId=TP-1,taxDateRange=com.mpos.lottery.te.gamespec.prize.TaxDateRange@7ed2720c[id=TDR-1,beginDate=2009-03-20 21:00:00.0,endDate=2099-03-20 21:00:00.0],minAmount=1000,maxAmount=9999999999,ruleType=1,taxAmount=0.2,taxBase=1])...tax:833333.33
[2015-05-29 17:13:46,037][Test worker][DEBUG][DefaultTaxService] Calculate tax for amount:10000 based on threshold(com.mpos.lottery.te.gamespec.prize.TaxThreshold@60716d4f[id=WTT-1,taxPolicyId=TP-1,taxDateRange=com.mpos.lottery.te.gamespec.prize.TaxDateRange@7ed2720c[id=TDR-1,beginDate=2009-03-20 21:00:00.0,endDate=2099-03-20 21:00:00.0],minAmount=1000,maxAmount=9999999999,ruleType=1,taxAmount=0.2,taxBase=1])...tax:1666.67
[2015-05-29 17:13:46,045][Test worker][DEBUG][DefaultTaxService] Calculate tax for amount:1000000 based on threshold(com.mpos.lottery.te.gamespec.prize.TaxThreshold@60716d4f[id=WTT-1,taxPolicyId=TP-1,taxDateRange=com.mpos.lottery.te.gamespec.prize.TaxDateRange@7ed2720c[id=TDR-1,beginDate=2009-03-20 21:00:00.0,endDate=2099-03-20 21:00:00.0],minAmount=1000,maxAmount=9999999999,ruleType=1,taxAmount=0.2,taxBase=1])...tax:166666.67
[2015-05-29 17:13:46,050][Test worker][DEBUG][DefaultTaxService] Calculate tax for amount:50000 based on threshold(com.mpos.lottery.te.gamespec.prize.TaxThreshold@60716d4f[id=WTT-1,taxPolicyId=TP-1,taxDateRange=com.mpos.lottery.te.gamespec.prize.TaxDateRange@7ed2720c[id=TDR-1,beginDate=2009-03-20 21:00:00.0,endDate=2099-03-20 21:00:00.0],minAmount=1000,maxAmount=9999999999,ruleType=1,taxAmount=0.2,taxBase=1])...tax:8333.33
[2015-05-29 17:13:46,054][Test worker][DEBUG][DefaultTaxService] Calculate tax for amount:50000 based on threshold(com.mpos.lottery.te.gamespec.prize.TaxThreshold@60716d4f[id=WTT-1,taxPolicyId=TP-1,taxDateRange=com.mpos.lottery.te.gamespec.prize.TaxDateRange@7ed2720c[id=TDR-1,beginDate=2009-03-20 21:00:00.0,endDate=2099-03-20 21:00:00.0],minAmount=1000,maxAmount=9999999999,ruleType=1,taxAmount=0.2,taxBase=1])...tax:8333.33
[2015-05-29 17:13:46,058][Test worker][DEBUG][AbstractPrizeService] Handle winnings of lucky draw of ticket(serialNo:9pkxn/npytVqVbOF5fPlsg==), total 2 winning items found.
[2015-05-29 17:13:46,074][Test worker][DEBUG][DefaultTaxService] Calculate tax for amount:400000 based on threshold(com.mpos.lottery.te.gamespec.prize.TaxThreshold@60716d4f[id=WTT-1,taxPolicyId=TP-1,taxDateRange=com.mpos.lottery.te.gamespec.prize.TaxDateRange@7ed2720c[id=TDR-1,beginDate=2009-03-20 21:00:00.0,endDate=2099-03-20 21:00:00.0],minAmount=1000,maxAmount=9999999999,ruleType=1,taxAmount=0.2,taxBase=1])...tax:66666.67
[2015-05-29 17:13:46,085][Test worker][DEBUG][DefaultTaxService] Calculate tax for amount:1000000 based on threshold(com.mpos.lottery.te.gamespec.prize.TaxThreshold@60716d4f[id=WTT-1,taxPolicyId=TP-1,taxDateRange=com.mpos.lottery.te.gamespec.prize.TaxDateRange@7ed2720c[id=TDR-1,beginDate=2009-03-20 21:00:00.0,endDate=2099-03-20 21:00:00.0],minAmount=1000,maxAmount=9999999999,ruleType=1,taxAmount=0.2,taxBase=1])...tax:166666.67
[2015-05-29 17:13:46,094][Test worker][DEBUG][MerchantServiceImpl] Use the payout-limit setting(max=10000000,min=100) of Operator(Operator [id=OPERATOR-111, loginName=OPERATOR-LOGIN, creditType=1, saleCreditLevel=200000000, payoutCreditLevel=1000, cashoutBalance=0, commisionBalance=0]) to verify payout limit.
[2015-05-29 17:13:46,094][Test worker][DEBUG][DefaultPayoutStrategyFactory] Usage payout strategy(com.mpos.lottery.te.gamespec.prize.support.payoutstrategy.NewPrintPayoutStrategy@557acc4d) for payout mode:1
[2015-05-29 17:13:46,095][Test worker][DEBUG][UUIDServiceImpl] Assemble a new ticket serial number:01110745819300019800
[2015-05-29 17:13:46,124][Test worker][DEBUG][DefaultCreditService] Calculate commssion for (merchant=111 +operator=OPERATOR-111,gameId=GAME-UNION-111,commType=1,commRate=0) 
[2015-05-29 17:13:46,153][Test worker][DEBUG][DefaultCreditService] The current credit level(before transaction) of Operator [id=OPERATOR-111, loginName=OPERATOR-LOGIN, creditType=1, saleCreditLevel=200000000, payoutCreditLevel=1000, cashoutBalance=0, commisionBalance=0] is saleCreditLevel:200000000,payoutCreditLevel:1000
[2015-05-29 17:13:46,154][Test worker][DEBUG][DefaultCreditService] The new payout credit level of Operator [id=OPERATOR-111, loginName=OPERATOR-LOGIN, creditType=1, saleCreditLevel=200000000, payoutCreditLevel=8360999.99, cashoutBalance=0, commisionBalance=0.000000] is 8360999.99
[2015-05-29 17:13:46,163][Test worker][DEBUG][CommonFacadeService] Prepare to publish message to exchange[TE.302] with routing key[TE.302.8]: id: "0115052900000000002167"
dev_id: "111"
operator_id: "OPERATOR-111"
merchant_id: "111"
create_time: 1432890825000
trans_type: 302
game_id: "GAME-UNION-111"
game_type: 8
total_amount: "8359999.99"

[2015-05-29 17:13:46,163][Test worker][DEBUG][CommonFacadeService] Publish message successfully
[2015-05-29 17:13:46,164][Test worker][DEBUG][MLotteryContext] find mapping file definition(xml-mapping/game/union/Payout_Res.xml) by key(8.transtype.4302).
[2015-05-29 17:13:46,164][Test worker][DEBUG][ProtocolSerializer] Start to serialize model(class com.mpos.lottery.te.gamespec.prize.web.PrizeDto),mappingFile=xml-mapping/game/union/Payout_Res.xml
[2015-05-29 17:13:46,164][Test worker][DEBUG][MLotteryContext] find mapping file definition(xml-mapping/game/union/Payout_Res.xml) by key(8.transtype.4302).
[2015-05-29 17:13:46,165][Test worker][DEBUG][CastorHelper] Finish marshaling input(typeclass com.mpos.lottery.te.gamespec.prize.web.PrizeDto, mappingFile=xml-mapping/game/union/Payout_Res.xml).
[2015-05-29 17:13:46,165][Test worker][DEBUG][ProtocolSerializer] Finish mac(macKey=P2Bbo6+bSSR9O2Qc89f3b4oHTyE1V2gF,macString=Protocal-Version:1.5|GPE_Id:GPE-111|Terminal-Id:111|Operator-Id:OPERATOR-111|Trans-BatchNumber:20150529|TractMsg-Id:1432890825971|Timestamp:20150529171345|Transaction-Type:4302|Transaction-Id:0115052900000000002167|Response-Code:200|<?xml version="1.0" encoding="UTF-8"?>
<Payout luckyAmount="8000.00" prizeAmount="10032000" taxAmount="1672000.01" actualAmount="8359999.99" mode="1"><Ticket multipleDraws="1" totalBets="1" totalAmount="2500.1" serialNo="01110745819300019800" type="1" lastDrawNo="20090408" barcode="08cK/u9hwZY2Rogq4k24Oeg4G3HSlAl9EbjLdf+UJJlt8eRiXxElYKck5kS9M7H6VjK4BVFY62iGo=" validationCode="120979"><GameDraw number="20090408" gameId="GAME-UNION-111" drawDate="20150530171215"/><Entry selectedNumber="1,2,3,4,5" betOption="3" inputChannel="0" entryAmount="100"/><Entry selectedNumber="1,2,3,4,5,6" betOption="1" inputChannel="0" entryAmount="100"/><Entry selectedNumber="1,2,3,4,5,6,7" betOption="2" inputChannel="0" entryAmount="100"/></Ticket></Payout>):390e914f599b0d4efc72ac3f9e9ccf58
[2015-05-29 17:13:46,165][Test worker][DEBUG][TEPortServlet] Write response to client(host1=localhost,sizeOfPack=992) succesfully.
[2015-05-29 17:13:46,166][Test worker][DEBUG][BaseServletIntegrationTest] Got response(code=200,length=992): <?xml version="1.0" encoding="UTF-8"?>
<Payout luckyAmount="8000.00" prizeAmount="10032000" taxAmount="1672000.01" actualAmount="8359999.99" mode="1"><Ticket multipleDraws="1" totalBets="1" totalAmount="2500.1" serialNo="01110745819300019800" type="1" lastDrawNo="20090408" barcode="08cK/u9hwZY2Rogq4k24Oeg4G3HSlAl9EbjLdf+UJJlt8eRiXxElYKck5kS9M7H6VjK4BVFY62iGo=" validationCode="120979"><GameDraw number="20090408" gameId="GAME-UNION-111" drawDate="20150530171215"/><Entry selectedNumber="1,2,3,4,5" betOption="3" inputChannel="0" entryAmount="100"/><Entry selectedNumber="1,2,3,4,5,6" betOption="1" inputChannel="0" entryAmount="100"/><Entry selectedNumber="1,2,3,4,5,6,7" betOption="2" inputChannel="0" entryAmount="100"/></Ticket></Payout>
[2015-05-29 17:13:46,166][Test worker][DEBUG][MLotteryContext] find mapping file definition(xml-mapping/game/union/Payout_Res.xml) by key(8.transtype.4302).
[2015-05-29 17:13:46,171][Test worker][DEBUG][MLotteryContext] find mapping file definition(xml-mapping/TransactionEnquiry_Req.xml) by key(transtype.303).
[2015-05-29 17:13:46,172][Test worker][DEBUG][CastorHelper] Finish marshaling input(typeclass com.mpos.lottery.te.trans.domain.Transaction, mappingFile=xml-mapping/TransactionEnquiry_Req.xml).
[2015-05-29 17:13:46,172][Test worker][DEBUG][BaseServletIntegrationTest] Do MAC(key=P2Bbo6+bSSR9O2Qc89f3b4oHTyE1V2gF) on (Protocal-Version:1.5|GPE_Id:GPE-111|Terminal-Id:111|Operator-Id:OPERATOR-111|Trans-BatchNumber:20150529|TractMsg-Id:1432890826171|Timestamp:20150529171346|Transaction-Type:303|Transaction-Id:|Response-Code:|<?xml version="1.0" encoding="UTF-8"?>
<Transaction terminalId="111" traceMessageId="1432890825971"/>,hash=-540059), get digest:68fb7632b28848a1305abbcc2771a8c0
[2015-05-29 17:13:46,172][Test worker][DEBUG][TEPortServlet] Got request header(name=X-Transaction-Type, value=303).
[2015-05-29 17:13:46,172][Test worker][DEBUG][TEPortServlet] Got request header(name=X-Protocal-Version, value=1.5).
[2015-05-29 17:13:46,172][Test worker][DEBUG][TEPortServlet] Got request header(name=X-Timestamp, value=20150529171346).
[2015-05-29 17:13:46,172][Test worker][DEBUG][TEPortServlet] Got request header(name=X-GPE-Id, value=GPE-111).
[2015-05-29 17:13:46,173][Test worker][DEBUG][TEPortServlet] Got request header(name=X-Trace-Message-Id, value=1432890826171).
[2015-05-29 17:13:46,173][Test worker][DEBUG][TEPortServlet] Got request header(name=X-Operator-Id, value=OPERATOR-111).
[2015-05-29 17:13:46,173][Test worker][DEBUG][TEPortServlet] Got request header(name=X-Terminal-Id, value=111).
[2015-05-29 17:13:46,173][Test worker][DEBUG][TEPortServlet] Got request header(name=X-MAC, value=68fb7632b28848a1305abbcc2771a8c0).
[2015-05-29 17:13:46,173][Test worker][DEBUG][TEPortServlet] Got request header(name=X-Game-Type-Id, value=-1).
[2015-05-29 17:13:46,173][Test worker][DEBUG][TEPortServlet] Got request header(name=X-Trans-BatchNumber, value=20150529).
[2015-05-29 17:13:46,173][Test worker][DEBUG][TEPortServlet] Got request header(name=X-GPS-Location, value=40.714353,-74.005973).
[2015-05-29 17:13:46,174][Test worker][DEBUG][TEPortServlet] Got request from localhost, and the message body is:pq3FqO8HCcAnaobA+xpVnADmrnwj1vrK59BGhqvtskYFWTsa2cbe6jcIE4b0pl+ogrA4SMNVUFtCb0VnctvqFZ4g+Dv1D5Fz4ERoX4gVmzFJ1yZK27DdH0yg82iP7Frz0Sb3QaZs4PU=.
[2015-05-29 17:13:46,174][Test worker][DEBUG][ProtocolSerializer] Start to deserialize request context(Protocal-Version:1.5|GPE_Id:GPE-111|Terminal-Id:111|Operator-Id:OPERATOR-111|Trans-BatchNumber:20150529|TractMsg-Id:1432890826171|Timestamp:20150529171346|Transaction-Type:303|Transaction-Id:|Response-Code:|).
[2015-05-29 17:13:46,174][Test worker][DEBUG][ProtocolSerializer] Finish decrypting cipher into original xml:<?xml version="1.0" encoding="UTF-8"?>
<Transaction terminalId="111" traceMessageId="1432890825971"/>
[2015-05-29 17:13:46,175][Test worker][DEBUG][ProtocolSerializer] Start to do MAC(key=P2Bbo6+bSSR9O2Qc89f3b4oHTyE1V2gF) on (Protocal-Version:1.5|GPE_Id:GPE-111|Terminal-Id:111|Operator-Id:OPERATOR-111|Trans-BatchNumber:20150529|TractMsg-Id:1432890826171|Timestamp:20150529171346|Transaction-Type:303|Transaction-Id:|Response-Code:|<?xml version="1.0" encoding="UTF-8"?>
<Transaction terminalId="111" traceMessageId="1432890825971"/>,hash=-540059), get digest:68fb7632b28848a1305abbcc2771a8c0
[2015-05-29 17:13:46,175][Test worker][DEBUG][MLotteryContext] find mapping file definition(xml-mapping/TransactionEnquiry_Req.xml) by key(transtype.303).
[2015-05-29 17:13:46,175][Test worker][DEBUG][ProtocolSerializer] Start to deserialize model: model=null,mappingFile=xml-mapping/TransactionEnquiry_Req.xml
[2015-05-29 17:13:46,175][Test worker][DEBUG][MLotteryContext] find mapping file definition(xml-mapping/TransactionEnquiry_Req.xml) by key(transtype.303).
[2015-05-29 17:13:46,185][Test worker][DEBUG][RoutineRegistry] Try to lookup handler by routine key(-1_303_1.5.0).
[2015-05-29 17:13:46,185][Test worker][DEBUG][RoutineRegistry] Try to lookup handler by routine key(-1_303_).
[2015-05-29 17:13:46,185][Test worker][DEBUG][RoutineRegistry] Lookup controller by key(-1_303_), found controller(com.mpos.lottery.te.trans.TransactionController@53ddecd8) and method(public void com.mpos.lottery.te.trans.TransactionController.reverse(com.mpos.lottery.te.port.Context,com.mpos.lottery.te.port.Context) throws com.mpos.lottery.te.config.exception.ApplicationException).
[2015-05-29 17:13:46,192][Test worker][DEBUG][ReversalOrCancelStrategyFactory] Found ReversalStrategy(class com.mpos.lottery.te.gameimpl.union.prize.service.UnionPrizeServiceImpl) to cancel transaction(gameType=8,terminalId=111,transType=302,protocolVersion=1.5.0).
[2015-05-29 17:13:46,207][Test worker][DEBUG][DefaultPayoutStrategyFactory] Usage payout strategy(com.mpos.lottery.te.gamespec.prize.support.payoutstrategy.NewPrintPayoutStrategy@557acc4d) for payout mode:1
[2015-05-29 17:13:46,228][Test worker][DEBUG][DefaultCreditService] Calculate commssion for (merchant=111 +operator=OPERATOR-111,gameId=GAME-UNION-111,commType=1,commRate=0) 
[2015-05-29 17:13:46,234][Test worker][DEBUG][DefaultCreditService] The current credit level(before transaction) of Operator [id=OPERATOR-111, loginName=OPERATOR-LOGIN, creditType=1, saleCreditLevel=200000000, payoutCreditLevel=8360999.99, cashoutBalance=0, commisionBalance=0] is saleCreditLevel:200000000,payoutCreditLevel:8360999.99
[2015-05-29 17:13:46,235][Test worker][DEBUG][DefaultCreditService] The new payout credit level of Operator [id=OPERATOR-111, loginName=OPERATOR-LOGIN, creditType=1, saleCreditLevel=200000000, payoutCreditLevel=1000.00, cashoutBalance=0, commisionBalance=0.000000] is 1000.00
[2015-05-29 17:13:46,246][Test worker][DEBUG][CommonFacadeService] Prepare to publish message to exchange[TE.302] with routing key[TE.CANCEL.302.8]: origTrans {
  id: "0115052900000000002167"
  dev_id: "111"
  operator_id: "OPERATOR-111"
  merchant_id: "111"
  create_time: 1432890825000
  trans_type: 302
  game_id: "GAME-UNION-111"
  game_type: 8
  total_amount: "8359999.99"
}
cancelTrans {
  id: "0115052900000000002180"
  dev_id: "111"
  operator_id: "OPERATOR-111"
  merchant_id: "111"
  create_time: 1432890826000
  trans_type: 303
  game_id: "GAME-UNION-111"
  game_type: 8
  total_amount: "8359999.99"
}

[2015-05-29 17:13:46,246][Test worker][DEBUG][CommonFacadeService] Publish message successfully
[2015-05-29 17:13:46,246][Test worker][DEBUG][ProtocolSerializer] Finish mac(macKey=P2Bbo6+bSSR9O2Qc89f3b4oHTyE1V2gF,macString=Protocal-Version:1.5|GPE_Id:GPE-111|Terminal-Id:111|Operator-Id:OPERATOR-111|Trans-BatchNumber:20150529|TractMsg-Id:1432890826171|Timestamp:20150529171346|Transaction-Type:4303|Transaction-Id:0115052900000000002180|Response-Code:200|):7ba4916321586986c35be0ea55469610
[2015-05-29 17:13:46,247][Test worker][DEBUG][BaseServletIntegrationTest] Got response(code=200,length=0): 
[2015-05-29 17:13:46,273][Test worker][DEBUG][TEPortServlet] Startup job scheduer(org.quartz.impl.StdScheduler@4d1e5820) successfully.
[2015-05-29 17:13:46,274][Test worker][WARN ][TEPortServlet] can NOT find META file:F:\project\M.Lottery\TE\TRUNK_TE\sourcecode\build\classes\main\META-INF\MANIFEST.MF
[2015-05-29 17:13:46,274][Test worker][DEBUG][TEPortServlet] Register MBean(com.mpos.lottery.te.common.jmx.TransactionTimeout@df90f7b) with name(com.mpos.lottery.te:type=TransactionTimeoutMBean) successfully.
[2015-05-29 17:13:46,274][Test worker][DEBUG][BaseTransactionalIntegrationTest] Retrieve a ApplicationContext(org.springframework.web.context.support.GenericWebApplicationContext@34f645a8: startup date [Fri May 29 17:12:38 CST 2015]; root of context hierarchy).
[2015-05-29 17:13:46,274][Test worker][INFO ][BaseTransactionalIntegrationTest] +------------------------------------------------------------------------------------------------------------------------+
[2015-05-29 17:13:46,274][Test worker][INFO ][BaseTransactionalIntegrationTest] | UnionPayoutReversalIntegrationTest.testPayout_PrintNewTicket_DulplicatedReversal                                       |
[2015-05-29 17:13:46,274][Test worker][INFO ][BaseTransactionalIntegrationTest] +------------------------------------------------------------------------------------------------------------------------+
[2015-05-29 17:13:46,277][Test worker][DEBUG][MLotteryContext] find mapping file definition(xml-mapping/game/union/Payout_Req.xml) by key(8.transtype.302).
[2015-05-29 17:13:46,277][Test worker][DEBUG][CastorHelper] Finish marshaling input(typeclass com.mpos.lottery.te.gameimpl.union.sale.UnionTicket, mappingFile=xml-mapping/game/union/Payout_Req.xml).
[2015-05-29 17:13:46,278][Test worker][DEBUG][BaseServletIntegrationTest] Do MAC(key=P2Bbo6+bSSR9O2Qc89f3b4oHTyE1V2gF) on (Protocal-Version:1.5|GPE_Id:GPE-111|Terminal-Id:111|Operator-Id:OPERATOR-111|Trans-BatchNumber:20150529|TractMsg-Id:1432890826277|Timestamp:20150529171346|Transaction-Type:302|Transaction-Id:|Response-Code:|<?xml version="1.0" encoding="UTF-8"?>
<Ticket serialNo="S-123456" PIN="PIN-111" inputChannel="2" validationCode="111111"/>,hash=1351907034), get digest:34a6b9b080ff89b205e5cbb0628cae22
[2015-05-29 17:13:46,278][Test worker][DEBUG][TEPortServlet] Got request header(name=X-Transaction-Type, value=302).
[2015-05-29 17:13:46,278][Test worker][DEBUG][TEPortServlet] Got request header(name=X-Protocal-Version, value=1.5).
[2015-05-29 17:13:46,278][Test worker][DEBUG][TEPortServlet] Got request header(name=X-Timestamp, value=20150529171346).
[2015-05-29 17:13:46,278][Test worker][DEBUG][TEPortServlet] Got request header(name=X-GPE-Id, value=GPE-111).
[2015-05-29 17:13:46,278][Test worker][DEBUG][TEPortServlet] Got request header(name=X-Trace-Message-Id, value=1432890826277).
[2015-05-29 17:13:46,278][Test worker][DEBUG][TEPortServlet] Got request header(name=X-Operator-Id, value=OPERATOR-111).
[2015-05-29 17:13:46,278][Test worker][DEBUG][TEPortServlet] Got request header(name=X-Terminal-Id, value=111).
[2015-05-29 17:13:46,278][Test worker][DEBUG][TEPortServlet] Got request header(name=X-MAC, value=34a6b9b080ff89b205e5cbb0628cae22).
[2015-05-29 17:13:46,278][Test worker][DEBUG][TEPortServlet] Got request header(name=X-Game-Type-Id, value=8).
[2015-05-29 17:13:46,278][Test worker][DEBUG][TEPortServlet] Got request header(name=X-Trans-BatchNumber, value=20150529).
[2015-05-29 17:13:46,278][Test worker][DEBUG][TEPortServlet] Got request header(name=X-GPS-Location, value=40.714353,-74.005973).
[2015-05-29 17:13:46,280][Test worker][DEBUG][TEPortServlet] Got request from localhost, and the message body is:pq3FqO8HCcAnaobA+xpVnADmrnwj1vrK59BGhqvtskYFWTsa2cbe6ttFDFcpmi1MamgAomcAmY7ZtCcdDkhkRjtWjJyr8M54r482oPz68swv1cKZXs2giVvwATQyuGIl9ynITkM6n3FZYXMyvHDkvi+IB2e80VwqI7T2PcEAFnM=.
[2015-05-29 17:13:46,280][Test worker][DEBUG][ProtocolSerializer] Start to deserialize request context(Protocal-Version:1.5|GPE_Id:GPE-111|Terminal-Id:111|Operator-Id:OPERATOR-111|Trans-BatchNumber:20150529|TractMsg-Id:1432890826277|Timestamp:20150529171346|Transaction-Type:302|Transaction-Id:|Response-Code:|).
[2015-05-29 17:13:46,281][Test worker][DEBUG][ProtocolSerializer] Finish decrypting cipher into original xml:<?xml version="1.0" encoding="UTF-8"?>
<Ticket serialNo="S-123456" PIN="PIN-111" inputChannel="2" validationCode="111111"/>
[2015-05-29 17:13:46,281][Test worker][DEBUG][ProtocolSerializer] Start to do MAC(key=P2Bbo6+bSSR9O2Qc89f3b4oHTyE1V2gF) on (Protocal-Version:1.5|GPE_Id:GPE-111|Terminal-Id:111|Operator-Id:OPERATOR-111|Trans-BatchNumber:20150529|TractMsg-Id:1432890826277|Timestamp:20150529171346|Transaction-Type:302|Transaction-Id:|Response-Code:|<?xml version="1.0" encoding="UTF-8"?>
<Ticket serialNo="S-123456" PIN="PIN-111" inputChannel="2" validationCode="111111"/>,hash=1351907034), get digest:34a6b9b080ff89b205e5cbb0628cae22
[2015-05-29 17:13:46,281][Test worker][DEBUG][MLotteryContext] find mapping file definition(xml-mapping/game/union/Payout_Req.xml) by key(8.transtype.302).
[2015-05-29 17:13:46,281][Test worker][DEBUG][ProtocolSerializer] Start to deserialize model: model=null,mappingFile=xml-mapping/game/union/Payout_Req.xml
[2015-05-29 17:13:46,281][Test worker][DEBUG][MLotteryContext] find mapping file definition(xml-mapping/game/union/Payout_Req.xml) by key(8.transtype.302).
[2015-05-29 17:13:46,298][Test worker][DEBUG][RoutineRegistry] Try to lookup handler by routine key(8_302_1.5.0).
[2015-05-29 17:13:46,299][Test worker][DEBUG][RoutineRegistry] Try to lookup handler by routine key(8_302_).
[2015-05-29 17:13:46,299][Test worker][DEBUG][RoutineRegistry] Lookup controller by key(8_302_), found controller(com.mpos.lottery.te.gameimpl.union.UnionController@f81b221) and method(public void com.mpos.lottery.te.gameimpl.union.UnionController.payout(com.mpos.lottery.te.port.Context,com.mpos.lottery.te.port.Context) throws com.mpos.lottery.te.config.exception.ApplicationException).
[2015-05-29 17:13:46,333][Test worker][DEBUG][DefaultTaxService] Calculate tax for amount:3000 based on threshold(com.mpos.lottery.te.gamespec.prize.TaxThreshold@45436e6b[id=WTT-1,taxPolicyId=TP-1,taxDateRange=com.mpos.lottery.te.gamespec.prize.TaxDateRange@75a8a785[id=TDR-1,beginDate=2009-03-20 21:00:00.0,endDate=2099-03-20 21:00:00.0],minAmount=1000,maxAmount=9999999999,ruleType=1,taxAmount=0.2,taxBase=1])...tax:500.00
[2015-05-29 17:13:46,338][Test worker][DEBUG][DefaultTaxService] Calculate tax for amount:5000000 based on threshold(com.mpos.lottery.te.gamespec.prize.TaxThreshold@45436e6b[id=WTT-1,taxPolicyId=TP-1,taxDateRange=com.mpos.lottery.te.gamespec.prize.TaxDateRange@75a8a785[id=TDR-1,beginDate=2009-03-20 21:00:00.0,endDate=2099-03-20 21:00:00.0],minAmount=1000,maxAmount=9999999999,ruleType=1,taxAmount=0.2,taxBase=1])...tax:833333.33
[2015-05-29 17:13:46,345][Test worker][DEBUG][DefaultTaxService] Calculate tax for amount:10000 based on threshold(com.mpos.lottery.te.gamespec.prize.TaxThreshold@45436e6b[id=WTT-1,taxPolicyId=TP-1,taxDateRange=com.mpos.lottery.te.gamespec.prize.TaxDateRange@75a8a785[id=TDR-1,beginDate=2009-03-20 21:00:00.0,endDate=2099-03-20 21:00:00.0],minAmount=1000,maxAmount=9999999999,ruleType=1,taxAmount=0.2,taxBase=1])...tax:1666.67
[2015-05-29 17:13:46,357][Test worker][DEBUG][DefaultTaxService] Calculate tax for amount:1000000 based on threshold(com.mpos.lottery.te.gamespec.prize.TaxThreshold@45436e6b[id=WTT-1,taxPolicyId=TP-1,taxDateRange=com.mpos.lottery.te.gamespec.prize.TaxDateRange@75a8a785[id=TDR-1,beginDate=2009-03-20 21:00:00.0,endDate=2099-03-20 21:00:00.0],minAmount=1000,maxAmount=9999999999,ruleType=1,taxAmount=0.2,taxBase=1])...tax:166666.67
[2015-05-29 17:13:46,366][Test worker][DEBUG][DefaultTaxService] Calculate tax for amount:50000 based on threshold(com.mpos.lottery.te.gamespec.prize.TaxThreshold@45436e6b[id=WTT-1,taxPolicyId=TP-1,taxDateRange=com.mpos.lottery.te.gamespec.prize.TaxDateRange@75a8a785[id=TDR-1,beginDate=2009-03-20 21:00:00.0,endDate=2099-03-20 21:00:00.0],minAmount=1000,maxAmount=9999999999,ruleType=1,taxAmount=0.2,taxBase=1])...tax:8333.33
[2015-05-29 17:13:46,374][Test worker][DEBUG][DefaultTaxService] Calculate tax for amount:50000 based on threshold(com.mpos.lottery.te.gamespec.prize.TaxThreshold@45436e6b[id=WTT-1,taxPolicyId=TP-1,taxDateRange=com.mpos.lottery.te.gamespec.prize.TaxDateRange@75a8a785[id=TDR-1,beginDate=2009-03-20 21:00:00.0,endDate=2099-03-20 21:00:00.0],minAmount=1000,maxAmount=9999999999,ruleType=1,taxAmount=0.2,taxBase=1])...tax:8333.33
[2015-05-29 17:13:46,379][Test worker][DEBUG][AbstractPrizeService] Handle winnings of lucky draw of ticket(serialNo:9pkxn/npytVqVbOF5fPlsg==), total 2 winning items found.
[2015-05-29 17:13:46,396][Test worker][DEBUG][DefaultTaxService] Calculate tax for amount:400000 based on threshold(com.mpos.lottery.te.gamespec.prize.TaxThreshold@45436e6b[id=WTT-1,taxPolicyId=TP-1,taxDateRange=com.mpos.lottery.te.gamespec.prize.TaxDateRange@75a8a785[id=TDR-1,beginDate=2009-03-20 21:00:00.0,endDate=2099-03-20 21:00:00.0],minAmount=1000,maxAmount=9999999999,ruleType=1,taxAmount=0.2,taxBase=1])...tax:66666.67
[2015-05-29 17:13:46,406][Test worker][DEBUG][DefaultTaxService] Calculate tax for amount:1000000 based on threshold(com.mpos.lottery.te.gamespec.prize.TaxThreshold@45436e6b[id=WTT-1,taxPolicyId=TP-1,taxDateRange=com.mpos.lottery.te.gamespec.prize.TaxDateRange@75a8a785[id=TDR-1,beginDate=2009-03-20 21:00:00.0,endDate=2099-03-20 21:00:00.0],minAmount=1000,maxAmount=9999999999,ruleType=1,taxAmount=0.2,taxBase=1])...tax:166666.67
[2015-05-29 17:13:46,413][Test worker][DEBUG][MerchantServiceImpl] Use the payout-limit setting(max=10000000,min=100) of Operator(Operator [id=OPERATOR-111, loginName=OPERATOR-LOGIN, creditType=1, saleCreditLevel=200000000, payoutCreditLevel=1000, cashoutBalance=0, commisionBalance=0]) to verify payout limit.
[2015-05-29 17:13:46,413][Test worker][DEBUG][DefaultPayoutStrategyFactory] Usage payout strategy(com.mpos.lottery.te.gamespec.prize.support.payoutstrategy.NewPrintPayoutStrategy@557acc4d) for payout mode:1
[2015-05-29 17:13:46,413][Test worker][DEBUG][UUIDServiceImpl] Assemble a new ticket serial number:01110745819300019963
[2015-05-29 17:13:46,449][Test worker][DEBUG][DefaultCreditService] Calculate commssion for (merchant=111 +operator=OPERATOR-111,gameId=GAME-UNION-111,commType=1,commRate=0) 
[2015-05-29 17:13:46,485][Test worker][DEBUG][DefaultCreditService] The current credit level(before transaction) of Operator [id=OPERATOR-111, loginName=OPERATOR-LOGIN, creditType=1, saleCreditLevel=200000000, payoutCreditLevel=1000, cashoutBalance=0, commisionBalance=0] is saleCreditLevel:200000000,payoutCreditLevel:1000
[2015-05-29 17:13:46,485][Test worker][DEBUG][DefaultCreditService] The new payout credit level of Operator [id=OPERATOR-111, loginName=OPERATOR-LOGIN, creditType=1, saleCreditLevel=200000000, payoutCreditLevel=8360999.99, cashoutBalance=0, commisionBalance=0.000000] is 8360999.99
[2015-05-29 17:13:46,497][Test worker][DEBUG][CommonFacadeService] Prepare to publish message to exchange[TE.302] with routing key[TE.302.8]: id: "0115052900000000002181"
dev_id: "111"
operator_id: "OPERATOR-111"
merchant_id: "111"
create_time: 1432890826000
trans_type: 302
game_id: "GAME-UNION-111"
game_type: 8
total_amount: "8359999.99"

[2015-05-29 17:13:46,497][Test worker][DEBUG][CommonFacadeService] Publish message successfully
[2015-05-29 17:13:46,498][Test worker][DEBUG][MLotteryContext] find mapping file definition(xml-mapping/game/union/Payout_Res.xml) by key(8.transtype.4302).
[2015-05-29 17:13:46,498][Test worker][DEBUG][ProtocolSerializer] Start to serialize model(class com.mpos.lottery.te.gamespec.prize.web.PrizeDto),mappingFile=xml-mapping/game/union/Payout_Res.xml
[2015-05-29 17:13:46,498][Test worker][DEBUG][MLotteryContext] find mapping file definition(xml-mapping/game/union/Payout_Res.xml) by key(8.transtype.4302).
[2015-05-29 17:13:46,499][Test worker][DEBUG][CastorHelper] Finish marshaling input(typeclass com.mpos.lottery.te.gamespec.prize.web.PrizeDto, mappingFile=xml-mapping/game/union/Payout_Res.xml).
[2015-05-29 17:13:46,499][Test worker][DEBUG][ProtocolSerializer] Finish mac(macKey=P2Bbo6+bSSR9O2Qc89f3b4oHTyE1V2gF,macString=Protocal-Version:1.5|GPE_Id:GPE-111|Terminal-Id:111|Operator-Id:OPERATOR-111|Trans-BatchNumber:20150529|TractMsg-Id:1432890826277|Timestamp:20150529171346|Transaction-Type:4302|Transaction-Id:0115052900000000002181|Response-Code:200|<?xml version="1.0" encoding="UTF-8"?>
<Payout luckyAmount="8000.00" prizeAmount="10032000" taxAmount="1672000.01" actualAmount="8359999.99" mode="1"><Ticket multipleDraws="1" totalBets="1" totalAmount="2500.1" serialNo="01110745819300019963" type="1" lastDrawNo="20090408" barcode="08cK/u9hwZY2Rogq4k24Oeg4G3HSlAl9EbjLdf+UJJlt8eRiXxElYKck5kS9M7H6VjOGAupcsWjj0=" validationCode="021397"><GameDraw number="20090408" gameId="GAME-UNION-111" drawDate="20150530171215"/><Entry selectedNumber="1,2,3,4,5" betOption="3" inputChannel="0" entryAmount="100"/><Entry selectedNumber="1,2,3,4,5,6" betOption="1" inputChannel="0" entryAmount="100"/><Entry selectedNumber="1,2,3,4,5,6,7" betOption="2" inputChannel="0" entryAmount="100"/></Ticket></Payout>):be47f85668fa52bccdc761e4cdf5b940
[2015-05-29 17:13:46,499][Test worker][DEBUG][TEPortServlet] Write response to client(host1=localhost,sizeOfPack=992) succesfully.
[2015-05-29 17:13:46,500][Test worker][DEBUG][BaseServletIntegrationTest] Got response(code=200,length=992): <?xml version="1.0" encoding="UTF-8"?>
<Payout luckyAmount="8000.00" prizeAmount="10032000" taxAmount="1672000.01" actualAmount="8359999.99" mode="1"><Ticket multipleDraws="1" totalBets="1" totalAmount="2500.1" serialNo="01110745819300019963" type="1" lastDrawNo="20090408" barcode="08cK/u9hwZY2Rogq4k24Oeg4G3HSlAl9EbjLdf+UJJlt8eRiXxElYKck5kS9M7H6VjOGAupcsWjj0=" validationCode="021397"><GameDraw number="20090408" gameId="GAME-UNION-111" drawDate="20150530171215"/><Entry selectedNumber="1,2,3,4,5" betOption="3" inputChannel="0" entryAmount="100"/><Entry selectedNumber="1,2,3,4,5,6" betOption="1" inputChannel="0" entryAmount="100"/><Entry selectedNumber="1,2,3,4,5,6,7" betOption="2" inputChannel="0" entryAmount="100"/></Ticket></Payout>
[2015-05-29 17:13:46,500][Test worker][DEBUG][MLotteryContext] find mapping file definition(xml-mapping/game/union/Payout_Res.xml) by key(8.transtype.4302).
[2015-05-29 17:13:46,506][Test worker][DEBUG][MLotteryContext] find mapping file definition(xml-mapping/TransactionEnquiry_Req.xml) by key(transtype.303).
[2015-05-29 17:13:46,506][Test worker][DEBUG][CastorHelper] Finish marshaling input(typeclass com.mpos.lottery.te.trans.domain.Transaction, mappingFile=xml-mapping/TransactionEnquiry_Req.xml).
[2015-05-29 17:13:46,507][Test worker][DEBUG][BaseServletIntegrationTest] Do MAC(key=P2Bbo6+bSSR9O2Qc89f3b4oHTyE1V2gF) on (Protocal-Version:1.5|GPE_Id:GPE-111|Terminal-Id:111|Operator-Id:OPERATOR-111|Trans-BatchNumber:20150529|TractMsg-Id:1432890826506|Timestamp:20150529171346|Transaction-Type:303|Transaction-Id:|Response-Code:|<?xml version="1.0" encoding="UTF-8"?>
<Transaction terminalId="111" traceMessageId="1432890826277"/>,hash=-537923753), get digest:e8154b88cb17307de6ae828b5e7113d1
[2015-05-29 17:13:46,507][Test worker][DEBUG][TEPortServlet] Got request header(name=X-Transaction-Type, value=303).
[2015-05-29 17:13:46,507][Test worker][DEBUG][TEPortServlet] Got request header(name=X-Protocal-Version, value=1.5).
[2015-05-29 17:13:46,507][Test worker][DEBUG][TEPortServlet] Got request header(name=X-Timestamp, value=20150529171346).
[2015-05-29 17:13:46,507][Test worker][DEBUG][TEPortServlet] Got request header(name=X-GPE-Id, value=GPE-111).
[2015-05-29 17:13:46,507][Test worker][DEBUG][TEPortServlet] Got request header(name=X-Trace-Message-Id, value=1432890826506).
[2015-05-29 17:13:46,507][Test worker][DEBUG][TEPortServlet] Got request header(name=X-Operator-Id, value=OPERATOR-111).
[2015-05-29 17:13:46,507][Test worker][DEBUG][TEPortServlet] Got request header(name=X-Terminal-Id, value=111).
[2015-05-29 17:13:46,507][Test worker][DEBUG][TEPortServlet] Got request header(name=X-MAC, value=e8154b88cb17307de6ae828b5e7113d1).
[2015-05-29 17:13:46,507][Test worker][DEBUG][TEPortServlet] Got request header(name=X-Game-Type-Id, value=-1).
[2015-05-29 17:13:46,507][Test worker][DEBUG][TEPortServlet] Got request header(name=X-Trans-BatchNumber, value=20150529).
[2015-05-29 17:13:46,507][Test worker][DEBUG][TEPortServlet] Got request header(name=X-GPS-Location, value=40.714353,-74.005973).
[2015-05-29 17:13:46,509][Test worker][DEBUG][TEPortServlet] Got request from localhost, and the message body is:pq3FqO8HCcAnaobA+xpVnADmrnwj1vrK59BGhqvtskYFWTsa2cbe6jcIE4b0pl+ogrA4SMNVUFtCb0VnctvqFZ4g+Dv1D5Fz4ERoX4gVmzFJ1yZK27DdH3yazotjBe30GXkrXn6BU30=.
[2015-05-29 17:13:46,509][Test worker][DEBUG][ProtocolSerializer] Start to deserialize request context(Protocal-Version:1.5|GPE_Id:GPE-111|Terminal-Id:111|Operator-Id:OPERATOR-111|Trans-BatchNumber:20150529|TractMsg-Id:1432890826506|Timestamp:20150529171346|Transaction-Type:303|Transaction-Id:|Response-Code:|).
[2015-05-29 17:13:46,509][Test worker][DEBUG][ProtocolSerializer] Finish decrypting cipher into original xml:<?xml version="1.0" encoding="UTF-8"?>
<Transaction terminalId="111" traceMessageId="1432890826277"/>
[2015-05-29 17:13:46,510][Test worker][DEBUG][ProtocolSerializer] Start to do MAC(key=P2Bbo6+bSSR9O2Qc89f3b4oHTyE1V2gF) on (Protocal-Version:1.5|GPE_Id:GPE-111|Terminal-Id:111|Operator-Id:OPERATOR-111|Trans-BatchNumber:20150529|TractMsg-Id:1432890826506|Timestamp:20150529171346|Transaction-Type:303|Transaction-Id:|Response-Code:|<?xml version="1.0" encoding="UTF-8"?>
<Transaction terminalId="111" traceMessageId="1432890826277"/>,hash=-537923753), get digest:e8154b88cb17307de6ae828b5e7113d1
[2015-05-29 17:13:46,510][Test worker][DEBUG][MLotteryContext] find mapping file definition(xml-mapping/TransactionEnquiry_Req.xml) by key(transtype.303).
[2015-05-29 17:13:46,510][Test worker][DEBUG][ProtocolSerializer] Start to deserialize model: model=null,mappingFile=xml-mapping/TransactionEnquiry_Req.xml
[2015-05-29 17:13:46,510][Test worker][DEBUG][MLotteryContext] find mapping file definition(xml-mapping/TransactionEnquiry_Req.xml) by key(transtype.303).
[2015-05-29 17:13:46,526][Test worker][DEBUG][RoutineRegistry] Try to lookup handler by routine key(-1_303_1.5.0).
[2015-05-29 17:13:46,526][Test worker][DEBUG][RoutineRegistry] Try to lookup handler by routine key(-1_303_).
[2015-05-29 17:13:46,526][Test worker][DEBUG][RoutineRegistry] Lookup controller by key(-1_303_), found controller(com.mpos.lottery.te.trans.TransactionController@53ddecd8) and method(public void com.mpos.lottery.te.trans.TransactionController.reverse(com.mpos.lottery.te.port.Context,com.mpos.lottery.te.port.Context) throws com.mpos.lottery.te.config.exception.ApplicationException).
[2015-05-29 17:13:46,541][Test worker][DEBUG][ReversalOrCancelStrategyFactory] Found ReversalStrategy(class com.mpos.lottery.te.gameimpl.union.prize.service.UnionPrizeServiceImpl) to cancel transaction(gameType=8,terminalId=111,transType=302,protocolVersion=1.5.0).
[2015-05-29 17:13:46,552][Test worker][DEBUG][DefaultPayoutStrategyFactory] Usage payout strategy(com.mpos.lottery.te.gamespec.prize.support.payoutstrategy.NewPrintPayoutStrategy@557acc4d) for payout mode:1
[2015-05-29 17:13:46,572][Test worker][DEBUG][DefaultCreditService] Calculate commssion for (merchant=111 +operator=OPERATOR-111,gameId=GAME-UNION-111,commType=1,commRate=0) 
[2015-05-29 17:13:46,578][Test worker][DEBUG][DefaultCreditService] The current credit level(before transaction) of Operator [id=OPERATOR-111, loginName=OPERATOR-LOGIN, creditType=1, saleCreditLevel=200000000, payoutCreditLevel=8360999.99, cashoutBalance=0, commisionBalance=0] is saleCreditLevel:200000000,payoutCreditLevel:8360999.99
[2015-05-29 17:13:46,579][Test worker][DEBUG][DefaultCreditService] The new payout credit level of Operator [id=OPERATOR-111, loginName=OPERATOR-LOGIN, creditType=1, saleCreditLevel=200000000, payoutCreditLevel=1000.00, cashoutBalance=0, commisionBalance=0.000000] is 1000.00
[2015-05-29 17:13:46,589][Test worker][DEBUG][CommonFacadeService] Prepare to publish message to exchange[TE.302] with routing key[TE.CANCEL.302.8]: origTrans {
  id: "0115052900000000002181"
  dev_id: "111"
  operator_id: "OPERATOR-111"
  merchant_id: "111"
  create_time: 1432890826000
  trans_type: 302
  game_id: "GAME-UNION-111"
  game_type: 8
  total_amount: "8359999.99"
}
cancelTrans {
  id: "0115052900000000002194"
  dev_id: "111"
  operator_id: "OPERATOR-111"
  merchant_id: "111"
  create_time: 1432890826000
  trans_type: 303
  game_id: "GAME-UNION-111"
  game_type: 8
  total_amount: "8359999.99"
}

[2015-05-29 17:13:46,590][Test worker][DEBUG][CommonFacadeService] Publish message successfully
[2015-05-29 17:13:46,590][Test worker][DEBUG][ProtocolSerializer] Finish mac(macKey=P2Bbo6+bSSR9O2Qc89f3b4oHTyE1V2gF,macString=Protocal-Version:1.5|GPE_Id:GPE-111|Terminal-Id:111|Operator-Id:OPERATOR-111|Trans-BatchNumber:20150529|TractMsg-Id:1432890826506|Timestamp:20150529171346|Transaction-Type:4303|Transaction-Id:0115052900000000002194|Response-Code:200|):dd760c3499dddf8fd3bc29afa8e09784
[2015-05-29 17:13:46,590][Test worker][DEBUG][BaseServletIntegrationTest] Got response(code=200,length=0): 
[2015-05-29 17:13:46,591][Test worker][DEBUG][MLotteryContext] find mapping file definition(xml-mapping/TransactionEnquiry_Req.xml) by key(transtype.303).
[2015-05-29 17:13:46,591][Test worker][DEBUG][CastorHelper] Finish marshaling input(typeclass com.mpos.lottery.te.trans.domain.Transaction, mappingFile=xml-mapping/TransactionEnquiry_Req.xml).
[2015-05-29 17:13:46,591][Test worker][DEBUG][BaseServletIntegrationTest] Do MAC(key=P2Bbo6+bSSR9O2Qc89f3b4oHTyE1V2gF) on (Protocal-Version:1.5|GPE_Id:GPE-111|Terminal-Id:111|Operator-Id:OPERATOR-111|Trans-BatchNumber:20150529|TractMsg-Id:1432890826591|Timestamp:20150529171346|Transaction-Type:303|Transaction-Id:|Response-Code:|<?xml version="1.0" encoding="UTF-8"?>
<Transaction terminalId="111" traceMessageId="1432890826277"/>,hash=-251901691), get digest:05a64dce8b92e7596dfb4c40ab572bc0
[2015-05-29 17:13:46,591][Test worker][DEBUG][TEPortServlet] Got request header(name=X-Transaction-Type, value=303).
[2015-05-29 17:13:46,591][Test worker][DEBUG][TEPortServlet] Got request header(name=X-Protocal-Version, value=1.5).
[2015-05-29 17:13:46,591][Test worker][DEBUG][TEPortServlet] Got request header(name=X-Timestamp, value=20150529171346).
[2015-05-29 17:13:46,592][Test worker][DEBUG][TEPortServlet] Got request header(name=X-GPE-Id, value=GPE-111).
[2015-05-29 17:13:46,592][Test worker][DEBUG][TEPortServlet] Got request header(name=X-Trace-Message-Id, value=1432890826591).
[2015-05-29 17:13:46,592][Test worker][DEBUG][TEPortServlet] Got request header(name=X-Operator-Id, value=OPERATOR-111).
[2015-05-29 17:13:46,592][Test worker][DEBUG][TEPortServlet] Got request header(name=X-Terminal-Id, value=111).
[2015-05-29 17:13:46,592][Test worker][DEBUG][TEPortServlet] Got request header(name=X-MAC, value=05a64dce8b92e7596dfb4c40ab572bc0).
[2015-05-29 17:13:46,592][Test worker][DEBUG][TEPortServlet] Got request header(name=X-Game-Type-Id, value=-1).
[2015-05-29 17:13:46,592][Test worker][DEBUG][TEPortServlet] Got request header(name=X-Trans-BatchNumber, value=20150529).
[2015-05-29 17:13:46,592][Test worker][DEBUG][TEPortServlet] Got request header(name=X-GPS-Location, value=40.714353,-74.005973).
[2015-05-29 17:13:46,593][Test worker][DEBUG][TEPortServlet] Got request from localhost, and the message body is:pq3FqO8HCcAnaobA+xpVnADmrnwj1vrK59BGhqvtskYFWTsa2cbe6jcIE4b0pl+ogrA4SMNVUFtCb0VnctvqFZ4g+Dv1D5Fz4ERoX4gVmzFJ1yZK27DdH3yazotjBe30GXkrXn6BU30=.
[2015-05-29 17:13:46,593][Test worker][DEBUG][ProtocolSerializer] Start to deserialize request context(Protocal-Version:1.5|GPE_Id:GPE-111|Terminal-Id:111|Operator-Id:OPERATOR-111|Trans-BatchNumber:20150529|TractMsg-Id:1432890826591|Timestamp:20150529171346|Transaction-Type:303|Transaction-Id:|Response-Code:|).
[2015-05-29 17:13:46,593][Test worker][DEBUG][ProtocolSerializer] Finish decrypting cipher into original xml:<?xml version="1.0" encoding="UTF-8"?>
<Transaction terminalId="111" traceMessageId="1432890826277"/>
[2015-05-29 17:13:46,594][Test worker][DEBUG][ProtocolSerializer] Start to do MAC(key=P2Bbo6+bSSR9O2Qc89f3b4oHTyE1V2gF) on (Protocal-Version:1.5|GPE_Id:GPE-111|Terminal-Id:111|Operator-Id:OPERATOR-111|Trans-BatchNumber:20150529|TractMsg-Id:1432890826591|Timestamp:20150529171346|Transaction-Type:303|Transaction-Id:|Response-Code:|<?xml version="1.0" encoding="UTF-8"?>
<Transaction terminalId="111" traceMessageId="1432890826277"/>,hash=-251901691), get digest:05a64dce8b92e7596dfb4c40ab572bc0
[2015-05-29 17:13:46,594][Test worker][DEBUG][MLotteryContext] find mapping file definition(xml-mapping/TransactionEnquiry_Req.xml) by key(transtype.303).
[2015-05-29 17:13:46,594][Test worker][DEBUG][ProtocolSerializer] Start to deserialize model: model=null,mappingFile=xml-mapping/TransactionEnquiry_Req.xml
[2015-05-29 17:13:46,594][Test worker][DEBUG][MLotteryContext] find mapping file definition(xml-mapping/TransactionEnquiry_Req.xml) by key(transtype.303).
[2015-05-29 17:13:46,602][Test worker][DEBUG][RoutineRegistry] Try to lookup handler by routine key(-1_303_1.5.0).
[2015-05-29 17:13:46,602][Test worker][DEBUG][RoutineRegistry] Try to lookup handler by routine key(-1_303_).
[2015-05-29 17:13:46,602][Test worker][DEBUG][RoutineRegistry] Lookup controller by key(-1_303_), found controller(com.mpos.lottery.te.trans.TransactionController@53ddecd8) and method(public void com.mpos.lottery.te.trans.TransactionController.reverse(com.mpos.lottery.te.port.Context,com.mpos.lottery.te.port.Context) throws com.mpos.lottery.te.config.exception.ApplicationException).
[2015-05-29 17:13:46,606][Test worker][INFO ][TransactionServiceImpl] NO need to rollback transaction(id=0115052900000000002181), it has been rollbacked.
[2015-05-29 17:13:46,606][Test worker][ERROR][TEPortServlet] The transaction(id=0115052900000000002181) has been reversed, no need to reverse repeatedly.
com.mpos.lottery.te.config.exception.ApplicationException: The transaction(id=0115052900000000002181) has been reversed, no need to reverse repeatedly.
	at com.mpos.lottery.te.trans.service.impl.TransactionServiceImpl.reverseOrCancel(TransactionServiceImpl.java:166)
	at sun.reflect.GeneratedMethodAccessor273.invoke(Unknown Source)
	at sun.reflect.DelegatingMethodAccessorImpl.invoke(DelegatingMethodAccessorImpl.java:43)
	at java.lang.reflect.Method.invoke(Method.java:606)
	at org.springframework.aop.support.AopUtils.invokeJoinpointUsingReflection(AopUtils.java:317)
	at org.springframework.aop.framework.ReflectiveMethodInvocation.invokeJoinpoint(ReflectiveMethodInvocation.java:190)
	at org.springframework.aop.framework.ReflectiveMethodInvocation.proceed(ReflectiveMethodInvocation.java:157)
	at org.springframework.transaction.interceptor.TransactionInterceptor$1.proceedWithInvocation(TransactionInterceptor.java:98)
	at org.springframework.transaction.interceptor.TransactionAspectSupport.invokeWithinTransaction(TransactionAspectSupport.java:262)
	at org.springframework.transaction.interceptor.TransactionInterceptor.invoke(TransactionInterceptor.java:95)
	at org.springframework.aop.framework.ReflectiveMethodInvocation.proceed(ReflectiveMethodInvocation.java:179)
	at org.springframework.aop.interceptor.ExposeInvocationInterceptor.invoke(ExposeInvocationInterceptor.java:92)
	at org.springframework.aop.framework.ReflectiveMethodInvocation.proceed(ReflectiveMethodInvocation.java:179)
	at org.springframework.aop.framework.JdkDynamicAopProxy.invoke(JdkDynamicAopProxy.java:207)
	at com.sun.proxy.$Proxy55.reverseOrCancel(Unknown Source)
	at com.mpos.lottery.te.trans.TransactionController.reverse(TransactionController.java:40)
	at sun.reflect.NativeMethodAccessorImpl.invoke0(Native Method)
	at sun.reflect.NativeMethodAccessorImpl.invoke(NativeMethodAccessorImpl.java:57)
	at sun.reflect.DelegatingMethodAccessorImpl.invoke(DelegatingMethodAccessorImpl.java:43)
	at java.lang.reflect.Method.invoke(Method.java:606)
	at com.mpos.lottery.common.router.RoutineRegistry.route(RoutineRegistry.java:57)
	at com.mpos.lottery.te.port.service.CommonFacadeService.routeRequest(CommonFacadeService.java:237)
	at com.mpos.lottery.te.port.service.CommonFacadeService.facade(CommonFacadeService.java:96)
	at sun.reflect.GeneratedMethodAccessor83.invoke(Unknown Source)
	at sun.reflect.DelegatingMethodAccessorImpl.invoke(DelegatingMethodAccessorImpl.java:43)
	at java.lang.reflect.Method.invoke(Method.java:606)
	at org.springframework.aop.support.AopUtils.invokeJoinpointUsingReflection(AopUtils.java:317)
	at org.springframework.aop.framework.ReflectiveMethodInvocation.invokeJoinpoint(ReflectiveMethodInvocation.java:190)
	at org.springframework.aop.framework.ReflectiveMethodInvocation.proceed(ReflectiveMethodInvocation.java:157)
	at org.springframework.transaction.interceptor.TransactionInterceptor$1.proceedWithInvocation(TransactionInterceptor.java:98)
	at org.springframework.transaction.interceptor.TransactionAspectSupport.invokeWithinTransaction(TransactionAspectSupport.java:262)
	at org.springframework.transaction.interceptor.TransactionInterceptor.invoke(TransactionInterceptor.java:95)
	at org.springframework.aop.framework.ReflectiveMethodInvocation.proceed(ReflectiveMethodInvocation.java:179)
	at org.springframework.aop.interceptor.ExposeInvocationInterceptor.invoke(ExposeInvocationInterceptor.java:92)
	at org.springframework.aop.framework.ReflectiveMethodInvocation.proceed(ReflectiveMethodInvocation.java:179)
	at org.springframework.aop.framework.JdkDynamicAopProxy.invoke(JdkDynamicAopProxy.java:207)
	at com.sun.proxy.$Proxy85.facade(Unknown Source)
	at com.mpos.lottery.te.port.TEPortServlet.doPost(TEPortServlet.java:121)
	at com.mpos.lottery.te.test.integration.BaseServletIntegrationTest.doPost(BaseServletIntegrationTest.java:80)
	at com.mpos.lottery.te.gameimpl.union.prize.UnionPayoutReversalIntegrationTest.testPayout_PrintNewTicket_DulplicatedReversal(UnionPayoutReversalIntegrationTest.java:183)
	at sun.reflect.NativeMethodAccessorImpl.invoke0(Native Method)
	at sun.reflect.NativeMethodAccessorImpl.invoke(NativeMethodAccessorImpl.java:57)
	at sun.reflect.DelegatingMethodAccessorImpl.invoke(DelegatingMethodAccessorImpl.java:43)
	at java.lang.reflect.Method.invoke(Method.java:606)
	at org.junit.runners.model.FrameworkMethod$1.runReflectiveCall(FrameworkMethod.java:47)
	at org.junit.internal.runners.model.ReflectiveCallable.run(ReflectiveCallable.java:12)
	at org.junit.runners.model.FrameworkMethod.invokeExplosively(FrameworkMethod.java:44)
	at org.junit.internal.runners.statements.InvokeMethod.evaluate(InvokeMethod.java:17)
	at org.junit.internal.runners.statements.RunBefores.evaluate(RunBefores.java:26)
	at org.springframework.test.context.junit4.statements.RunBeforeTestMethodCallbacks.evaluate(RunBeforeTestMethodCallbacks.java:74)
	at org.junit.internal.runners.statements.RunAfters.evaluate(RunAfters.java:27)
	at org.springframework.test.context.junit4.statements.RunAfterTestMethodCallbacks.evaluate(RunAfterTestMethodCallbacks.java:83)
	at org.springframework.test.context.junit4.statements.SpringRepeat.evaluate(SpringRepeat.java:72)
	at org.springframework.test.context.junit4.SpringJUnit4ClassRunner.runChild(SpringJUnit4ClassRunner.java:233)
	at org.springframework.test.context.junit4.SpringJUnit4ClassRunner.runChild(SpringJUnit4ClassRunner.java:87)
	at org.junit.runners.ParentRunner$3.run(ParentRunner.java:238)
	at org.junit.runners.ParentRunner$1.schedule(ParentRunner.java:63)
	at org.junit.runners.ParentRunner.runChildren(ParentRunner.java:236)
	at org.junit.runners.ParentRunner.access$000(ParentRunner.java:53)
	at org.junit.runners.ParentRunner$2.evaluate(ParentRunner.java:229)
	at org.junit.internal.runners.statements.RunBefores.evaluate(RunBefores.java:26)
	at org.springframework.test.context.junit4.statements.RunBeforeTestClassCallbacks.evaluate(RunBeforeTestClassCallbacks.java:61)
	at org.junit.internal.runners.statements.RunAfters.evaluate(RunAfters.java:27)
	at org.springframework.test.context.junit4.statements.RunAfterTestClassCallbacks.evaluate(RunAfterTestClassCallbacks.java:71)
	at org.junit.runners.ParentRunner.run(ParentRunner.java:309)
	at org.springframework.test.context.junit4.SpringJUnit4ClassRunner.run(SpringJUnit4ClassRunner.java:176)
	at org.junit.runners.Suite.runChild(Suite.java:127)
	at org.junit.runners.Suite.runChild(Suite.java:26)
	at org.junit.runners.ParentRunner$3.run(ParentRunner.java:238)
	at org.junit.runners.ParentRunner$1.schedule(ParentRunner.java:63)
	at org.junit.runners.ParentRunner.runChildren(ParentRunner.java:236)
	at org.junit.runners.ParentRunner.access$000(ParentRunner.java:53)
	at org.junit.runners.ParentRunner$2.evaluate(ParentRunner.java:229)
	at org.junit.runners.ParentRunner.run(ParentRunner.java:309)
	at org.gradle.api.internal.tasks.testing.junit.JUnitTestClassExecuter.runTestClass(JUnitTestClassExecuter.java:86)
	at org.gradle.api.internal.tasks.testing.junit.JUnitTestClassExecuter.execute(JUnitTestClassExecuter.java:49)
	at org.gradle.api.internal.tasks.testing.junit.JUnitTestClassProcessor.processTestClass(JUnitTestClassProcessor.java:69)
	at org.gradle.api.internal.tasks.testing.SuiteTestClassProcessor.processTestClass(SuiteTestClassProcessor.java:48)
	at sun.reflect.GeneratedMethodAccessor8.invoke(Unknown Source)
	at sun.reflect.DelegatingMethodAccessorImpl.invoke(DelegatingMethodAccessorImpl.java:43)
	at java.lang.reflect.Method.invoke(Method.java:606)
	at org.gradle.messaging.dispatch.ReflectionDispatch.dispatch(ReflectionDispatch.java:35)
	at org.gradle.messaging.dispatch.ReflectionDispatch.dispatch(ReflectionDispatch.java:24)
	at org.gradle.messaging.dispatch.ContextClassLoaderDispatch.dispatch(ContextClassLoaderDispatch.java:32)
	at org.gradle.messaging.dispatch.ProxyDispatchAdapter$DispatchingInvocationHandler.invoke(ProxyDispatchAdapter.java:93)
	at com.sun.proxy.$Proxy2.processTestClass(Unknown Source)
	at org.gradle.api.internal.tasks.testing.worker.TestWorker.processTestClass(TestWorker.java:105)
	at sun.reflect.GeneratedMethodAccessor7.invoke(Unknown Source)
	at sun.reflect.DelegatingMethodAccessorImpl.invoke(DelegatingMethodAccessorImpl.java:43)
	at java.lang.reflect.Method.invoke(Method.java:606)
	at org.gradle.messaging.dispatch.ReflectionDispatch.dispatch(ReflectionDispatch.java:35)
	at org.gradle.messaging.dispatch.ReflectionDispatch.dispatch(ReflectionDispatch.java:24)
	at org.gradle.messaging.remote.internal.hub.MessageHub$Handler.run(MessageHub.java:360)
	at org.gradle.internal.concurrent.DefaultExecutorFactory$StoppableExecutorImpl$1.run(DefaultExecutorFactory.java:64)
	at java.util.concurrent.ThreadPoolExecutor.runWorker(ThreadPoolExecutor.java:1145)
	at java.util.concurrent.ThreadPoolExecutor$Worker.run(ThreadPoolExecutor.java:615)
	at java.lang.Thread.run(Thread.java:745)
[2015-05-29 17:13:46,607][Test worker][DEBUG][ProtocolSerializer] Finish mac(macKey=P2Bbo6+bSSR9O2Qc89f3b4oHTyE1V2gF,macString=Protocal-Version:1.5|GPE_Id:GPE-111|Terminal-Id:111|Operator-Id:OPERATOR-111|Trans-BatchNumber:20150529|TractMsg-Id:1432890826591|Timestamp:20150529171346|Transaction-Type:4303|Transaction-Id:0115052900000000002195|Response-Code:321|):cddf0685c3aeea99e55b69135faf5c53
[2015-05-29 17:13:46,607][Test worker][DEBUG][BaseServletIntegrationTest] Got response(code=321,length=0): 
]]></system-out>
  <system-err><![CDATA[]]></system-err>
</testsuite>
