<?xml version="1.0" encoding="UTF-8"?>
<testsuite name="com.mpos.lottery.te.common.encrypt.TriperDesCipherUnitTest" tests="4" skipped="0" failures="0" errors="0" timestamp="2015-05-29T09:12:32" hostname="Ramon-PC" time="0.051">
  <properties/>
  <testcase name="testGenerateDataKey" classname="com.mpos.lottery.te.common.encrypt.TriperDesCipherUnitTest" time="0.003"/>
  <testcase name="testDecryption_1" classname="com.mpos.lottery.te.common.encrypt.TriperDesCipherUnitTest" time="0.043"/>
  <testcase name="testDecryption" classname="com.mpos.lottery.te.common.encrypt.TriperDesCipherUnitTest" time="0.001"/>
  <testcase name="testEncryption" classname="com.mpos.lottery.te.common.encrypt.TriperDesCipherUnitTest" time="0.002"/>
  <system-out><![CDATA[[2015-05-29 17:12:32,456][Test worker][DEBUG][MLotteryContext] Load module property file[1]:config/te_core.properties
[2015-05-29 17:12:32,458][Test worker][DEBUG][MLotteryContext] Load module property file[2]:config/te_xmlmapping.properties
[2015-05-29 17:12:32,459][Test worker][DEBUG][MLotteryContext] Load module property file[3]:config/te_vas_airtime.properties
[2015-05-29 17:12:32,460][Test worker][DEBUG][MLotteryContext] Load module property file[4]:config/te_vas_teleco_voucher.properties
[2015-05-29 17:12:32,464][Test worker][DEBUG][TriperDESCipher] Generated Data Key(base64): W0JAMTQ1N2I0ODQ2OWY2N2VlYy1hM2Ey
[2015-05-29 17:12:32,464][Test worker][DEBUG][TriperDESCipher] Generated Data Key(base64): W0JAYTBjNTA4YmRmYjQ4YzQwLWZjZmIt
<?xml version="1.0" encoding="UTF-8"?>
<Ticket serialNo="01110604151900170881" PIN="98abe3a28383501f4bfd2d9077820f11" inputChannel="1" validationCode="FFFFFF"/>
<?xml version="1.0" encoding="UTF-8"?>
<Ticket serialNo="129178927192834"/>
]]></system-out>
  <system-err><![CDATA[]]></system-err>
</testsuite>
