<?xml version="1.0" encoding="UTF-8"?>
<testsuite name="com.mpos.lottery.te.gameimpl.lotto.prize.dao.NewPrintTicketDaoIntegrationTest" tests="2" skipped="0" failures="0" errors="0" timestamp="2015-05-29T09:13:27" hostname="Ramon-PC" time="0.04">
  <properties/>
  <testcase name="testGetByOldTicket" classname="com.mpos.lottery.te.gameimpl.lotto.prize.dao.NewPrintTicketDaoIntegrationTest" time="0.016"/>
  <testcase name="testUpdate" classname="com.mpos.lottery.te.gameimpl.lotto.prize.dao.NewPrintTicketDaoIntegrationTest" time="0.023"/>
  <system-out><![CDATA[[2015-05-29 17:13:27,989][Test worker][DEBUG][BaseTransactionalIntegrationTest] Retrieve a ApplicationContext(org.springframework.web.context.support.GenericWebApplicationContext@34f645a8: startup date [Fri May 29 17:12:38 CST 2015]; root of context hierarchy).
[2015-05-29 17:13:28,003][Test worker][DEBUG][BaseTransactionalIntegrationTest] Retrieve a ApplicationContext(org.springframework.web.context.support.GenericWebApplicationContext@34f645a8: startup date [Fri May 29 17:12:38 CST 2015]; root of context hierarchy).
]]></system-out>
  <system-err><![CDATA[]]></system-err>
</testsuite>
