<?xml version="1.0" encoding="UTF-8"?>
<testsuite name="com.mpos.lottery.te.gameimpl.lotto.sale.dao.jpa.LottoActivityReportDaoTest" tests="2" skipped="0" failures="0" errors="0" timestamp="2015-05-29T09:13:29" hostname="Ramon-PC" time="0.028">
  <properties/>
  <testcase name="testEnquiryActivityReport_Today" classname="com.mpos.lottery.te.gameimpl.lotto.sale.dao.jpa.LottoActivityReportDaoTest" time="0.014"/>
  <testcase name="testEnquiryActivityReport" classname="com.mpos.lottery.te.gameimpl.lotto.sale.dao.jpa.LottoActivityReportDaoTest" time="0.014"/>
  <system-out><![CDATA[[2015-05-29 17:13:29,854][Test worker][DEBUG][BaseTransactionalIntegrationTest] Retrieve a ApplicationContext(org.springframework.web.context.support.GenericWebApplicationContext@34f645a8: startup date [Fri May 29 17:12:38 CST 2015]; root of context hierarchy).
[2015-05-29 17:13:29,865][Test worker][DEBUG][BaseTransactionalIntegrationTest] Retrieve a ApplicationContext(org.springframework.web.context.support.GenericWebApplicationContext@34f645a8: startup date [Fri May 29 17:12:38 CST 2015]; root of context hierarchy).
]]></system-out>
  <system-err><![CDATA[]]></system-err>
</testsuite>
