<?xml version="1.0" encoding="UTF-8"?>
<testsuite name="com.mpos.lottery.te.trans.domain.TransactionTypeUnitTest" tests="2" skipped="0" failures="0" errors="0" timestamp="2015-05-29T09:14:06" hostname="Ramon-PC" time="0.001">
  <properties/>
  <testcase name="testGetResponseType" classname="com.mpos.lottery.te.trans.domain.TransactionTypeUnitTest" time="0.0"/>
  <testcase name="testGetRequestType" classname="com.mpos.lottery.te.trans.domain.TransactionTypeUnitTest" time="0.001"/>
  <system-out><![CDATA[BATCH_OF_UPLOAD
4501
4502
4101
4116
4118
4119
4200
4201
4202
4203
4204
4205
4206
4207
4208
4209
4210
4211
4301
4302
4303
4310
4311
4312
4321
4322
4330
4401
4340
4350
4351
4352
4353
4402
4403
4404
4405
4406
4407
4408
4409
4410
4411
4412
4445
4446
4447
4450
4451
4445
4455
4456
]]></system-out>
  <system-err><![CDATA[]]></system-err>
</testsuite>
