<?xml version="1.0" encoding="UTF-8"?>
<testsuite name="com.mpos.lottery.te.merchant.dao.MerchantDaoIntegrationTest" tests="4" skipped="0" failures="0" errors="0" timestamp="2015-05-29T09:13:51" hostname="Ramon-PC" time="0.085">
  <properties/>
  <testcase name="testByGetParentId" classname="com.mpos.lottery.te.merchant.dao.MerchantDaoIntegrationTest" time="0.027"/>
  <testcase name="testFlush" classname="com.mpos.lottery.te.merchant.dao.MerchantDaoIntegrationTest" time="0.021"/>
  <testcase name="testQuery" classname="com.mpos.lottery.te.merchant.dao.MerchantDaoIntegrationTest" time="0.022"/>
  <testcase name="testLock" classname="com.mpos.lottery.te.merchant.dao.MerchantDaoIntegrationTest" time="0.015"/>
  <system-out><![CDATA[[2015-05-29 17:13:51,895][Test worker][DEBUG][BaseTransactionalIntegrationTest] Retrieve a ApplicationContext(org.springframework.web.context.support.GenericWebApplicationContext@34f645a8: startup date [Fri May 29 17:12:38 CST 2015]; root of context hierarchy).
[2015-05-29 17:13:51,912][Test worker][DEBUG][BaseTransactionalIntegrationTest] Retrieve a ApplicationContext(org.springframework.web.context.support.GenericWebApplicationContext@34f645a8: startup date [Fri May 29 17:12:38 CST 2015]; root of context hierarchy).
testFlush1
[2015-05-29 17:13:51,936][Test worker][DEBUG][BaseTransactionalIntegrationTest] Retrieve a ApplicationContext(org.springframework.web.context.support.GenericWebApplicationContext@34f645a8: startup date [Fri May 29 17:12:38 CST 2015]; root of context hierarchy).
M-111
M-111
M-111
XX
[2015-05-29 17:13:51,955][Test worker][DEBUG][BaseTransactionalIntegrationTest] Retrieve a ApplicationContext(org.springframework.web.context.support.GenericWebApplicationContext@34f645a8: startup date [Fri May 29 17:12:38 CST 2015]; root of context hierarchy).
M-111
M-111
]]></system-out>
  <system-err><![CDATA[]]></system-err>
</testsuite>
