<?xml version="1.0" encoding="UTF-8"?>
<testsuite name="com.mpos.lottery.te.common.util.Base64CoderUnitTest" tests="1" skipped="0" failures="0" errors="0" timestamp="2015-05-29T09:12:32" hostname="Ramon-PC" time="0.001">
  <properties/>
  <testcase name="testConversion" classname="com.mpos.lottery.te.common.util.Base64CoderUnitTest" time="0.001"/>
  <system-out><![CDATA[default charset:GBK
YWJj
1
1
3
3
]]></system-out>
  <system-err><![CDATA[]]></system-err>
</testsuite>
