<?xml version="1.0" encoding="UTF-8"?>
<testsuite name="com.mpos.lottery.te.gameimpl.union.game.service.UnionGameInstanceServiceIntegrationTest" tests="4" skipped="0" failures="0" errors="0" timestamp="2015-05-29T09:13:45" hostname="Ramon-PC" time="0.066">
  <properties/>
  <testcase name="testEnquiryByGameAndDrawNO_SuspendGameInstance" classname="com.mpos.lottery.te.gameimpl.union.game.service.UnionGameInstanceServiceIntegrationTest" time="0.025"/>
  <testcase name="testEnquiryByGameAndDrawNO_Stopped_Channel" classname="com.mpos.lottery.te.gameimpl.union.game.service.UnionGameInstanceServiceIntegrationTest" time="0.014"/>
  <testcase name="testEnquiryByGameAndDrawNO_InactiveGameInstance" classname="com.mpos.lottery.te.gameimpl.union.game.service.UnionGameInstanceServiceIntegrationTest" time="0.013"/>
  <testcase name="testEnquiryByGameAndDrawNO_InactiveGame" classname="com.mpos.lottery.te.gameimpl.union.game.service.UnionGameInstanceServiceIntegrationTest" time="0.011"/>
  <system-out><![CDATA[[2015-05-29 17:13:45,264][Test worker][DEBUG][BaseTransactionalIntegrationTest] Retrieve a ApplicationContext(org.springframework.web.context.support.GenericWebApplicationContext@34f645a8: startup date [Fri May 29 17:12:38 CST 2015]; root of context hierarchy).
[2015-05-29 17:13:45,279][Test worker][DEBUG][AbstractGameInstanceService] Use channel game instance time definition(IGPE-1).
[2015-05-29 17:13:45,279][Test worker][ERROR][AbstractGameInstanceService] The game instance(number=20090408,game.type=8,status=2,startSellintTime=2015-05-28 17:12:15.0,stopSellTime=Sat May 30 17:11:15 CST 2015,suspendSale=true) doesn't accept sale.
[2015-05-29 17:13:45,286][Test worker][DEBUG][BaseTransactionalIntegrationTest] Retrieve a ApplicationContext(org.springframework.web.context.support.GenericWebApplicationContext@34f645a8: startup date [Fri May 29 17:12:38 CST 2015]; root of context hierarchy).
[2015-05-29 17:13:45,294][Test worker][DEBUG][AbstractGameInstanceService] Use channel game instance time definition(IGPE-1).
[2015-05-29 17:13:45,294][Test worker][ERROR][AbstractGameInstanceService] The game instance(number=20090408,game.type=8,status=2,startSellintTime=2015-05-28 17:12:15.0,stopSellTime=Fri May 29 14:12:15 CST 2015,suspendSale=false) doesn't accept sale.
[2015-05-29 17:13:45,301][Test worker][DEBUG][BaseTransactionalIntegrationTest] Retrieve a ApplicationContext(org.springframework.web.context.support.GenericWebApplicationContext@34f645a8: startup date [Fri May 29 17:12:38 CST 2015]; root of context hierarchy).
[2015-05-29 17:13:45,308][Test worker][DEBUG][AbstractGameInstanceService] Use channel game instance time definition(IGPE-1).
[2015-05-29 17:13:45,308][Test worker][ERROR][AbstractGameInstanceService] The game instance(number=20090408,game.type=8,status=7,startSellintTime=2015-05-28 17:12:15.0,stopSellTime=Sat May 30 17:11:15 CST 2015,suspendSale=false) doesn't accept sale.
[2015-05-29 17:13:45,315][Test worker][DEBUG][BaseTransactionalIntegrationTest] Retrieve a ApplicationContext(org.springframework.web.context.support.GenericWebApplicationContext@34f645a8: startup date [Fri May 29 17:12:38 CST 2015]; root of context hierarchy).
]]></system-out>
  <system-err><![CDATA[]]></system-err>
</testsuite>
