<?xml version="1.0" encoding="UTF-8"?>
<testsuite name="com.mpos.lottery.te.gameimpl.instantgame.domain.InstantTicketSerialNoUnitTest" tests="1" skipped="0" failures="0" errors="0" timestamp="2015-05-29T09:13:10" hostname="Ramon-PC" time="0.0">
  <properties/>
  <testcase name="testGetXXX" classname="com.mpos.lottery.te.gameimpl.instantgame.domain.InstantTicketSerialNoUnitTest" time="0.0"/>
  <system-out><![CDATA[1
]]></system-out>
  <system-err><![CDATA[]]></system-err>
</testsuite>
