<?xml version="1.0" encoding="UTF-8"?>
<testsuite name="com.mpos.lottery.te.gameimpl.instantgame.dao.InstantTicketDaoIntegrationTest" tests="4" skipped="0" failures="0" errors="0" timestamp="2015-05-29T09:13:09" hostname="Ramon-PC" time="0.084">
  <properties/>
  <testcase name="testGetByGameDrawAndBook" classname="com.mpos.lottery.te.gameimpl.instantgame.dao.InstantTicketDaoIntegrationTest" time="0.025"/>
  <testcase name="testGetByRangeSerialNo" classname="com.mpos.lottery.te.gameimpl.instantgame.dao.InstantTicketDaoIntegrationTest" time="0.016"/>
  <testcase name="testInsert" classname="com.mpos.lottery.te.gameimpl.instantgame.dao.InstantTicketDaoIntegrationTest" time="0.015"/>
  <testcase name="testUpdate" classname="com.mpos.lottery.te.gameimpl.instantgame.dao.InstantTicketDaoIntegrationTest" time="0.027"/>
  <system-out><![CDATA[[2015-05-29 17:13:09,952][Test worker][DEBUG][BaseTransactionalIntegrationTest] Retrieve a ApplicationContext(org.springframework.web.context.support.GenericWebApplicationContext@34f645a8: startup date [Fri May 29 17:12:38 CST 2015]; root of context hierarchy).
[2015-05-29 17:13:09,952][Test worker][INFO ][BaseTransactionalIntegrationTest] +------------------------------------------------------------------------------------------------------------------------+
[2015-05-29 17:13:09,952][Test worker][INFO ][BaseTransactionalIntegrationTest] | InstantTicketDaoIntegrationTest.testGetByGameDrawAndBook                                                               |
[2015-05-29 17:13:09,952][Test worker][INFO ][BaseTransactionalIntegrationTest] +------------------------------------------------------------------------------------------------------------------------+
[2015-05-29 17:13:09,971][Test worker][DEBUG][BaseTransactionalIntegrationTest] Retrieve a ApplicationContext(org.springframework.web.context.support.GenericWebApplicationContext@34f645a8: startup date [Fri May 29 17:12:38 CST 2015]; root of context hierarchy).
[2015-05-29 17:13:09,971][Test worker][INFO ][BaseTransactionalIntegrationTest] +------------------------------------------------------------------------------------------------------------------------+
[2015-05-29 17:13:09,971][Test worker][INFO ][BaseTransactionalIntegrationTest] | InstantTicketDaoIntegrationTest.testGetByRangeSerialNo                                                                 |
[2015-05-29 17:13:09,971][Test worker][INFO ][BaseTransactionalIntegrationTest] +------------------------------------------------------------------------------------------------------------------------+
[2015-05-29 17:13:09,987][Test worker][DEBUG][BaseTransactionalIntegrationTest] Retrieve a ApplicationContext(org.springframework.web.context.support.GenericWebApplicationContext@34f645a8: startup date [Fri May 29 17:12:38 CST 2015]; root of context hierarchy).
[2015-05-29 17:13:09,987][Test worker][INFO ][BaseTransactionalIntegrationTest] +------------------------------------------------------------------------------------------------------------------------+
[2015-05-29 17:13:09,987][Test worker][INFO ][BaseTransactionalIntegrationTest] | InstantTicketDaoIntegrationTest.testInsert                                                                             |
[2015-05-29 17:13:09,987][Test worker][INFO ][BaseTransactionalIntegrationTest] +------------------------------------------------------------------------------------------------------------------------+
[2015-05-29 17:13:10,003][Test worker][DEBUG][BaseTransactionalIntegrationTest] Retrieve a ApplicationContext(org.springframework.web.context.support.GenericWebApplicationContext@34f645a8: startup date [Fri May 29 17:12:38 CST 2015]; root of context hierarchy).
[2015-05-29 17:13:10,003][Test worker][INFO ][BaseTransactionalIntegrationTest] +------------------------------------------------------------------------------------------------------------------------+
[2015-05-29 17:13:10,003][Test worker][INFO ][BaseTransactionalIntegrationTest] | InstantTicketDaoIntegrationTest.testUpdate                                                                             |
[2015-05-29 17:13:10,003][Test worker][INFO ][BaseTransactionalIntegrationTest] +------------------------------------------------------------------------------------------------------------------------+
]]></system-out>
  <system-err><![CDATA[]]></system-err>
</testsuite>
