<?xml version="1.0" encoding="UTF-8"?>
<testsuite name="com.mpos.lottery.te.gameimpl.toto.sale.SaleCancellationIntegrationTest" tests="5" skipped="0" failures="0" errors="0" timestamp="2015-05-29T09:13:40" hostname="Ramon-PC" time="0.624">
  <properties/>
  <testcase name="testCancelByTransaction_CancelDecline" classname="com.mpos.lottery.te.gameimpl.toto.sale.SaleCancellationIntegrationTest" time="0.124"/>
  <testcase name="testCancelByTicket_OK" classname="com.mpos.lottery.te.gameimpl.toto.sale.SaleCancellationIntegrationTest" time="0.128"/>
  <testcase name="testCancelByTransaction_OK" classname="com.mpos.lottery.te.gameimpl.toto.sale.SaleCancellationIntegrationTest" time="0.119"/>
  <testcase name="testCancelByTicket_Manually_OK" classname="com.mpos.lottery.te.gameimpl.toto.sale.SaleCancellationIntegrationTest" time="0.131"/>
  <testcase name="testCancelByTicket_CancelDecline" classname="com.mpos.lottery.te.gameimpl.toto.sale.SaleCancellationIntegrationTest" time="0.121"/>
  <system-out><![CDATA[[2015-05-29 17:13:40,968][Test worker][DEBUG][TEPortServlet] Startup job scheduer(org.quartz.impl.StdScheduler@4d1e5820) successfully.
[2015-05-29 17:13:40,969][Test worker][WARN ][TEPortServlet] can NOT find META file:F:\project\M.Lottery\TE\TRUNK_TE\sourcecode\build\classes\main\META-INF\MANIFEST.MF
[2015-05-29 17:13:40,969][Test worker][DEBUG][TEPortServlet] Register MBean(com.mpos.lottery.te.common.jmx.TransactionTimeout@3852b2bc) with name(com.mpos.lottery.te:type=TransactionTimeoutMBean) successfully.
[2015-05-29 17:13:40,969][Test worker][DEBUG][BaseTransactionalIntegrationTest] Retrieve a ApplicationContext(org.springframework.web.context.support.GenericWebApplicationContext@34f645a8: startup date [Fri May 29 17:12:38 CST 2015]; root of context hierarchy).
[2015-05-29 17:13:40,969][Test worker][INFO ][BaseTransactionalIntegrationTest] +------------------------------------------------------------------------------------------------------------------------+
[2015-05-29 17:13:40,969][Test worker][INFO ][BaseTransactionalIntegrationTest] | SaleCancellationIntegrationTest.testCancelByTransaction_CancelDecline                                                  |
[2015-05-29 17:13:40,969][Test worker][INFO ][BaseTransactionalIntegrationTest] +------------------------------------------------------------------------------------------------------------------------+
[2015-05-29 17:13:40,972][Test worker][DEBUG][MLotteryContext] find mapping file definition(xml-mapping/game/toto/ToToSellTicket_Req.xml) by key(5.transtype.200).
[2015-05-29 17:13:40,973][Test worker][DEBUG][CastorHelper] Finish marshaling input(typeclass com.mpos.lottery.te.gameimpl.toto.domain.ToToTicket, mappingFile=xml-mapping/game/toto/ToToSellTicket_Req.xml).
[2015-05-29 17:13:40,974][Test worker][DEBUG][BaseServletIntegrationTest] Do MAC(key=P2Bbo6+bSSR9O2Qc89f3b4oHTyE1V2gF) on (Protocal-Version:1.5|GPE_Id:GPE-111|Terminal-Id:111|Operator-Id:OPERATOR-111|Trans-BatchNumber:20150529|TractMsg-Id:1432890820972|Timestamp:20150529171340|Transaction-Type:200|Transaction-Id:|Response-Code:|<?xml version="1.0" encoding="UTF-8"?>
<Ticket multipleDraws="1" totalAmount="600.0" PIN="123456"><GameDraw number="20090402" gameId="GAME-TOTO-1" omrGameSet="G2"/><Entry selectedNumber="0|1|3,1,3|0" inputChannel="1" betOption="0"/></Ticket>,hash=-999281182), get digest:590c2817e18dd566a4dbb36ca36fc07f
[2015-05-29 17:13:40,974][Test worker][DEBUG][TEPortServlet] Got request header(name=X-Transaction-Type, value=200).
[2015-05-29 17:13:40,974][Test worker][DEBUG][TEPortServlet] Got request header(name=X-Protocal-Version, value=1.5).
[2015-05-29 17:13:40,974][Test worker][DEBUG][TEPortServlet] Got request header(name=X-Timestamp, value=20150529171340).
[2015-05-29 17:13:40,974][Test worker][DEBUG][TEPortServlet] Got request header(name=X-GPE-Id, value=GPE-111).
[2015-05-29 17:13:40,974][Test worker][DEBUG][TEPortServlet] Got request header(name=X-Trace-Message-Id, value=1432890820972).
[2015-05-29 17:13:40,974][Test worker][DEBUG][TEPortServlet] Got request header(name=X-Operator-Id, value=OPERATOR-111).
[2015-05-29 17:13:40,974][Test worker][DEBUG][TEPortServlet] Got request header(name=X-Terminal-Id, value=111).
[2015-05-29 17:13:40,974][Test worker][DEBUG][TEPortServlet] Got request header(name=X-MAC, value=590c2817e18dd566a4dbb36ca36fc07f).
[2015-05-29 17:13:40,974][Test worker][DEBUG][TEPortServlet] Got request header(name=X-Game-Type-Id, value=5).
[2015-05-29 17:13:40,974][Test worker][DEBUG][TEPortServlet] Got request header(name=X-Trans-BatchNumber, value=20150529).
[2015-05-29 17:13:40,974][Test worker][DEBUG][TEPortServlet] Got request header(name=X-GPS-Location, value=40.714353,-74.005973).
[2015-05-29 17:13:40,975][Test worker][DEBUG][TEPortServlet] Got request from localhost, and the message body is:pq3FqO8HCcAnaobA+xpVnADmrnwj1vrK59BGhqvtskYFWTsa2cbe6vvj1C28m6E+ybhcq2GHfnfSvzUuvi5gIW+x7OzQghYn61j67DgR6TCXVRbbYRxY5tlDCBqQgCi1VnZWrdPdsyn4IjNz0O9RxmbMgamU+bELYX0cJuPYitV4wBRrPDrMt+Mi6wufj5bRe6zTiRVNzq6lR8JO3sEZ+wCJoQXPhqF87+bCU0Clv4kA6g1ZTYZsNpF1xs0eV+4VJ9zWSmiflVVA9CrpfEG2yqlhhs18xWdVR+NLrN4zoLXGW0aEQywdcYenxpRm6mR1F/klZM1CA2U=.
[2015-05-29 17:13:40,975][Test worker][DEBUG][ProtocolSerializer] Start to deserialize request context(Protocal-Version:1.5|GPE_Id:GPE-111|Terminal-Id:111|Operator-Id:OPERATOR-111|Trans-BatchNumber:20150529|TractMsg-Id:1432890820972|Timestamp:20150529171340|Transaction-Type:200|Transaction-Id:|Response-Code:|).
[2015-05-29 17:13:40,976][Test worker][DEBUG][ProtocolSerializer] Finish decrypting cipher into original xml:<?xml version="1.0" encoding="UTF-8"?>
<Ticket multipleDraws="1" totalAmount="600.0" PIN="123456"><GameDraw number="20090402" gameId="GAME-TOTO-1" omrGameSet="G2"/><Entry selectedNumber="0|1|3,1,3|0" inputChannel="1" betOption="0"/></Ticket>
[2015-05-29 17:13:40,976][Test worker][DEBUG][ProtocolSerializer] Start to do MAC(key=P2Bbo6+bSSR9O2Qc89f3b4oHTyE1V2gF) on (Protocal-Version:1.5|GPE_Id:GPE-111|Terminal-Id:111|Operator-Id:OPERATOR-111|Trans-BatchNumber:20150529|TractMsg-Id:1432890820972|Timestamp:20150529171340|Transaction-Type:200|Transaction-Id:|Response-Code:|<?xml version="1.0" encoding="UTF-8"?>
<Ticket multipleDraws="1" totalAmount="600.0" PIN="123456"><GameDraw number="20090402" gameId="GAME-TOTO-1" omrGameSet="G2"/><Entry selectedNumber="0|1|3,1,3|0" inputChannel="1" betOption="0"/></Ticket>,hash=-999281182), get digest:590c2817e18dd566a4dbb36ca36fc07f
[2015-05-29 17:13:40,976][Test worker][DEBUG][MLotteryContext] find mapping file definition(xml-mapping/game/toto/ToToSellTicket_Req.xml) by key(5.transtype.200).
[2015-05-29 17:13:40,976][Test worker][DEBUG][ProtocolSerializer] Start to deserialize model: model=null,mappingFile=xml-mapping/game/toto/ToToSellTicket_Req.xml
[2015-05-29 17:13:40,976][Test worker][DEBUG][MLotteryContext] find mapping file definition(xml-mapping/game/toto/ToToSellTicket_Req.xml) by key(5.transtype.200).
[2015-05-29 17:13:40,985][Test worker][DEBUG][RoutineRegistry] Try to lookup handler by routine key(5_200_1.5.0).
[2015-05-29 17:13:40,985][Test worker][DEBUG][RoutineRegistry] Try to lookup handler by routine key(5_200_).
[2015-05-29 17:13:40,985][Test worker][DEBUG][RoutineRegistry] Lookup controller by key(5_200_), found controller(com.mpos.lottery.te.gameimpl.toto.ToToController@6e596eed) and method(public void com.mpos.lottery.te.gameimpl.toto.ToToController.sell(com.mpos.lottery.te.port.Context,com.mpos.lottery.te.port.Context) throws com.mpos.lottery.te.config.exception.ApplicationException).
[2015-05-29 17:13:40,991][Test worker][INFO ][AbstractGameInstanceService] No channel game instance time definiton found, ignore it.
[2015-05-29 17:13:40,991][Test worker][DEBUG][UUIDServiceImpl] Assemble a new ticket serial number:01110745519300016604
[2015-05-29 17:13:41,014][Test worker][DEBUG][DefaultBalanceService] Operator before transaction -  Operator [id=OPERATOR-111, loginName=OPERATOR-LOGIN, creditType=1, saleCreditLevel=200000000, payoutCreditLevel=1000, cashoutBalance=0, commisionBalance=0]
[2015-05-29 17:13:41,014][Test worker][DEBUG][DefaultBalanceService] Found balance strategy:com.mpos.lottery.te.merchant.service.balance.SaleBalanceStrategy@e1f8aba
[2015-05-29 17:13:41,014][Test worker][DEBUG][DefaultBalanceService] Operator after transaction -  Operator [id=OPERATOR-111, loginName=OPERATOR-LOGIN, creditType=1, saleCreditLevel=199999400.0, payoutCreditLevel=1000, cashoutBalance=0, commisionBalance=0]
[2015-05-29 17:13:41,017][Test worker][WARN ][BaseJpaDao] Should be at most only 1 entity(com.mpos.lottery.te.merchant.domain.OperatorCommission) found, however total 2 entities found... the 1st entity(com.mpos.lottery.te.merchant.domain.OperatorCommission@12e4df9e) will be returned.
[2015-05-29 17:13:41,023][Test worker][DEBUG][CommonFacadeService] Prepare to publish message to exchange[TE.200] with routing key[TE.200.5]: transaction {
  id: "0115052900000000001999"
  dev_id: "111"
  operator_id: "OPERATOR-111"
  merchant_id: "111"
  create_time: 1432890820000
  trans_type: 200
  game_id: "GAME-TOTO-1"
  game_type: 5
  total_amount: "600.0"
}
multi_draw: 1
total_amount: "600.0"
serial_no: "aHhDkgTyIu4QvNU74kOjvgmO+BW/9zEP"
game_instance {
  id: "GII-112"
}
entries {
  selected_number: "0|1|3,1,3|0"
  bet_option: 0
  total_bets: 6
  entry_amount: "600.00"
  input_channel: "1"
}

[2015-05-29 17:13:41,023][Test worker][DEBUG][CommonFacadeService] Publish message successfully
[2015-05-29 17:13:41,024][Test worker][DEBUG][MLotteryContext] find mapping file definition(xml-mapping/game/toto/ToToSellTicket_Res.xml) by key(5.transtype.4200).
[2015-05-29 17:13:41,024][Test worker][DEBUG][ProtocolSerializer] Start to serialize model(class com.mpos.lottery.te.gameimpl.toto.domain.ToToTicket),mappingFile=xml-mapping/game/toto/ToToSellTicket_Res.xml
[2015-05-29 17:13:41,024][Test worker][DEBUG][MLotteryContext] find mapping file definition(xml-mapping/game/toto/ToToSellTicket_Res.xml) by key(5.transtype.4200).
[2015-05-29 17:13:41,024][Test worker][DEBUG][CastorHelper] Finish marshaling input(typeclass com.mpos.lottery.te.gameimpl.toto.domain.ToToTicket, mappingFile=xml-mapping/game/toto/ToToSellTicket_Res.xml).
[2015-05-29 17:13:41,024][Test worker][DEBUG][ProtocolSerializer] Finish mac(macKey=P2Bbo6+bSSR9O2Qc89f3b4oHTyE1V2gF,macString=Protocal-Version:1.5|GPE_Id:GPE-111|Terminal-Id:111|Operator-Id:OPERATOR-111|Trans-BatchNumber:20150529|TractMsg-Id:1432890820972|Timestamp:20150529171340|Transaction-Type:4200|Transaction-Id:0115052900000000001999|Response-Code:200|<?xml version="1.0" encoding="UTF-8"?>
<Ticket serialNo="01110745519300016604" barcode="05cK/u9hwZY2Rogq4k24Oeg4G3HSlAl9EbjLdf+UJJlt8eRiXxElYKct88xsaBE+0phzmQ0N7SR98=" validationCode="918486" multipleDraws="1" totalBets="6" totalAmount="600.0"><GameDraw number="20090402" gameId="GAME-TOTO-1" omrGameSet="G2"/><Entry selectedNumber="0|1|3,1,3|0" inputChannel="1" betOption="0" entryAmount="600.00"/></Ticket>):c03dff0433ab7713887632f280ce6e2a
[2015-05-29 17:13:41,025][Test worker][DEBUG][TEPortServlet] Write response to client(host1=localhost,sizeOfPack=556) succesfully.
[2015-05-29 17:13:41,025][Test worker][DEBUG][BaseServletIntegrationTest] Got response(code=200,length=556): <?xml version="1.0" encoding="UTF-8"?>
<Ticket serialNo="01110745519300016604" barcode="05cK/u9hwZY2Rogq4k24Oeg4G3HSlAl9EbjLdf+UJJlt8eRiXxElYKct88xsaBE+0phzmQ0N7SR98=" validationCode="918486" multipleDraws="1" totalBets="6" totalAmount="600.0"><GameDraw number="20090402" gameId="GAME-TOTO-1" omrGameSet="G2"/><Entry selectedNumber="0|1|3,1,3|0" inputChannel="1" betOption="0" entryAmount="600.00"/></Ticket>
[2015-05-29 17:13:41,025][Test worker][DEBUG][MLotteryContext] find mapping file definition(xml-mapping/game/toto/ToToSellTicket_Res.xml) by key(5.transtype.4200).
[2015-05-29 17:13:41,030][Test worker][DEBUG][MLotteryContext] find mapping file definition(xml-mapping/TransactionEnquiry_Req.xml) by key(transtype.206).
[2015-05-29 17:13:41,030][Test worker][DEBUG][CastorHelper] Finish marshaling input(typeclass com.mpos.lottery.te.trans.domain.Transaction, mappingFile=xml-mapping/TransactionEnquiry_Req.xml).
[2015-05-29 17:13:41,031][Test worker][DEBUG][BaseServletIntegrationTest] Do MAC(key=P2Bbo6+bSSR9O2Qc89f3b4oHTyE1V2gF) on (Protocal-Version:1.5|GPE_Id:GPE-111|Terminal-Id:111|Operator-Id:OPERATOR-111|Trans-BatchNumber:20150529|TractMsg-Id:1432890821030|Timestamp:20150529171341|Transaction-Type:206|Transaction-Id:|Response-Code:|<?xml version="1.0" encoding="UTF-8"?>
<Transaction terminalId="111" traceMessageId="1432890820972"/>,hash=-30708111), get digest:d21445f5a6431c8e4c5fed47f2383bbe
[2015-05-29 17:13:41,031][Test worker][DEBUG][TEPortServlet] Got request header(name=X-Transaction-Type, value=206).
[2015-05-29 17:13:41,031][Test worker][DEBUG][TEPortServlet] Got request header(name=X-Protocal-Version, value=1.5).
[2015-05-29 17:13:41,031][Test worker][DEBUG][TEPortServlet] Got request header(name=X-Timestamp, value=20150529171341).
[2015-05-29 17:13:41,031][Test worker][DEBUG][TEPortServlet] Got request header(name=X-GPE-Id, value=GPE-111).
[2015-05-29 17:13:41,031][Test worker][DEBUG][TEPortServlet] Got request header(name=X-Trace-Message-Id, value=1432890821030).
[2015-05-29 17:13:41,031][Test worker][DEBUG][TEPortServlet] Got request header(name=X-Operator-Id, value=OPERATOR-111).
[2015-05-29 17:13:41,031][Test worker][DEBUG][TEPortServlet] Got request header(name=X-Terminal-Id, value=111).
[2015-05-29 17:13:41,031][Test worker][DEBUG][TEPortServlet] Got request header(name=X-MAC, value=d21445f5a6431c8e4c5fed47f2383bbe).
[2015-05-29 17:13:41,031][Test worker][DEBUG][TEPortServlet] Got request header(name=X-Game-Type-Id, value=-1).
[2015-05-29 17:13:41,031][Test worker][DEBUG][TEPortServlet] Got request header(name=X-Trans-BatchNumber, value=20150529).
[2015-05-29 17:13:41,031][Test worker][DEBUG][TEPortServlet] Got request header(name=X-GPS-Location, value=40.714353,-74.005973).
[2015-05-29 17:13:41,032][Test worker][DEBUG][TEPortServlet] Got request from localhost, and the message body is:pq3FqO8HCcAnaobA+xpVnADmrnwj1vrK59BGhqvtskYFWTsa2cbe6jcIE4b0pl+ogrA4SMNVUFtCb0VnctvqFZ4g+Dv1D5Fz4ERoX4gVmzFJ1yZK27DdHy1sVOCzn5AA+AJlc0Zp6TU=.
[2015-05-29 17:13:41,032][Test worker][DEBUG][ProtocolSerializer] Start to deserialize request context(Protocal-Version:1.5|GPE_Id:GPE-111|Terminal-Id:111|Operator-Id:OPERATOR-111|Trans-BatchNumber:20150529|TractMsg-Id:1432890821030|Timestamp:20150529171341|Transaction-Type:206|Transaction-Id:|Response-Code:|).
[2015-05-29 17:13:41,033][Test worker][DEBUG][ProtocolSerializer] Finish decrypting cipher into original xml:<?xml version="1.0" encoding="UTF-8"?>
<Transaction terminalId="111" traceMessageId="1432890820972"/>
[2015-05-29 17:13:41,033][Test worker][DEBUG][ProtocolSerializer] Start to do MAC(key=P2Bbo6+bSSR9O2Qc89f3b4oHTyE1V2gF) on (Protocal-Version:1.5|GPE_Id:GPE-111|Terminal-Id:111|Operator-Id:OPERATOR-111|Trans-BatchNumber:20150529|TractMsg-Id:1432890821030|Timestamp:20150529171341|Transaction-Type:206|Transaction-Id:|Response-Code:|<?xml version="1.0" encoding="UTF-8"?>
<Transaction terminalId="111" traceMessageId="1432890820972"/>,hash=-30708111), get digest:d21445f5a6431c8e4c5fed47f2383bbe
[2015-05-29 17:13:41,033][Test worker][DEBUG][MLotteryContext] find mapping file definition(xml-mapping/TransactionEnquiry_Req.xml) by key(transtype.206).
[2015-05-29 17:13:41,033][Test worker][DEBUG][ProtocolSerializer] Start to deserialize model: model=null,mappingFile=xml-mapping/TransactionEnquiry_Req.xml
[2015-05-29 17:13:41,033][Test worker][DEBUG][MLotteryContext] find mapping file definition(xml-mapping/TransactionEnquiry_Req.xml) by key(transtype.206).
[2015-05-29 17:13:41,042][Test worker][DEBUG][RoutineRegistry] Try to lookup handler by routine key(-1_206_1.5.0).
[2015-05-29 17:13:41,042][Test worker][DEBUG][RoutineRegistry] Try to lookup handler by routine key(-1_206_).
[2015-05-29 17:13:41,042][Test worker][DEBUG][RoutineRegistry] Lookup controller by key(-1_206_), found controller(com.mpos.lottery.te.trans.TransactionController@53ddecd8) and method(public void com.mpos.lottery.te.trans.TransactionController.cancelByTrans(com.mpos.lottery.te.port.Context,com.mpos.lottery.te.port.Context) throws com.mpos.lottery.te.config.exception.ApplicationException).
[2015-05-29 17:13:41,047][Test worker][DEBUG][ReversalOrCancelStrategyFactory] Found ReversalStrategy(class com.mpos.lottery.te.gameimpl.toto.service.impl.ToToTicketServiceImpl) to cancel transaction(gameType=5,terminalId=111,transType=200,protocolVersion=1.5.0).
[2015-05-29 17:13:41,058][Test worker][DEBUG][DefaultBalanceService] Operator before transaction -  Operator [id=OPERATOR-111, loginName=OPERATOR-LOGIN, creditType=1, saleCreditLevel=199999400, payoutCreditLevel=1000, cashoutBalance=0, commisionBalance=0]
[2015-05-29 17:13:41,058][Test worker][DEBUG][DefaultBalanceService] Found balance strategy:com.mpos.lottery.te.merchant.service.balance.SaleBalanceStrategy@e1f8aba
[2015-05-29 17:13:41,058][Test worker][DEBUG][DefaultBalanceService] Operator after transaction -  Operator [id=OPERATOR-111, loginName=OPERATOR-LOGIN, creditType=1, saleCreditLevel=200000000, payoutCreditLevel=1000, cashoutBalance=0, commisionBalance=0]
[2015-05-29 17:13:41,068][Test worker][DEBUG][CommonFacadeService] Prepare to publish message to exchange[TE.200] with routing key[TE.CANCEL.200.5]: origTrans {
  id: "0115052900000000001999"
  dev_id: "111"
  operator_id: "OPERATOR-111"
  merchant_id: "111"
  create_time: 1432890820000
  trans_type: 200
  game_id: "GAME-TOTO-1"
  game_type: 5
  total_amount: "600"
}
cancelTrans {
  id: "0115052900000000002002"
  dev_id: "111"
  operator_id: "OPERATOR-111"
  merchant_id: "111"
  create_time: 1432890821000
  trans_type: 206
  game_id: "GAME-TOTO-1"
  game_type: 5
  total_amount: "600"
}

[2015-05-29 17:13:41,069][Test worker][DEBUG][CommonFacadeService] Publish message successfully
[2015-05-29 17:13:41,069][Test worker][DEBUG][ProtocolSerializer] Finish mac(macKey=P2Bbo6+bSSR9O2Qc89f3b4oHTyE1V2gF,macString=Protocal-Version:1.5|GPE_Id:GPE-111|Terminal-Id:111|Operator-Id:OPERATOR-111|Trans-BatchNumber:20150529|TractMsg-Id:1432890821030|Timestamp:20150529171341|Transaction-Type:4206|Transaction-Id:0115052900000000002002|Response-Code:333|):ec86567570f87886ad26826af20c14b9
[2015-05-29 17:13:41,069][Test worker][DEBUG][BaseServletIntegrationTest] Got response(code=333,length=0): 
[2015-05-29 17:13:41,087][Test worker][DEBUG][TEPortServlet] Startup job scheduer(org.quartz.impl.StdScheduler@4d1e5820) successfully.
[2015-05-29 17:13:41,087][Test worker][WARN ][TEPortServlet] can NOT find META file:F:\project\M.Lottery\TE\TRUNK_TE\sourcecode\build\classes\main\META-INF\MANIFEST.MF
[2015-05-29 17:13:41,087][Test worker][DEBUG][TEPortServlet] Register MBean(com.mpos.lottery.te.common.jmx.TransactionTimeout@6e486fe1) with name(com.mpos.lottery.te:type=TransactionTimeoutMBean) successfully.
[2015-05-29 17:13:41,088][Test worker][DEBUG][BaseTransactionalIntegrationTest] Retrieve a ApplicationContext(org.springframework.web.context.support.GenericWebApplicationContext@34f645a8: startup date [Fri May 29 17:12:38 CST 2015]; root of context hierarchy).
[2015-05-29 17:13:41,088][Test worker][INFO ][BaseTransactionalIntegrationTest] +------------------------------------------------------------------------------------------------------------------------+
[2015-05-29 17:13:41,088][Test worker][INFO ][BaseTransactionalIntegrationTest] | SaleCancellationIntegrationTest.testCancelByTicket_OK                                                                  |
[2015-05-29 17:13:41,088][Test worker][INFO ][BaseTransactionalIntegrationTest] +------------------------------------------------------------------------------------------------------------------------+
[2015-05-29 17:13:41,091][Test worker][DEBUG][MLotteryContext] find mapping file definition(xml-mapping/game/toto/ToToSellTicket_Req.xml) by key(5.transtype.200).
[2015-05-29 17:13:41,091][Test worker][DEBUG][CastorHelper] Finish marshaling input(typeclass com.mpos.lottery.te.gameimpl.toto.domain.ToToTicket, mappingFile=xml-mapping/game/toto/ToToSellTicket_Req.xml).
[2015-05-29 17:13:41,091][Test worker][DEBUG][BaseServletIntegrationTest] Do MAC(key=P2Bbo6+bSSR9O2Qc89f3b4oHTyE1V2gF) on (Protocal-Version:1.5|GPE_Id:GPE-111|Terminal-Id:111|Operator-Id:OPERATOR-111|Trans-BatchNumber:20150529|TractMsg-Id:1432890821090|Timestamp:20150529171341|Transaction-Type:200|Transaction-Id:|Response-Code:|<?xml version="1.0" encoding="UTF-8"?>
<Ticket multipleDraws="1" totalAmount="600.0" PIN="123456"><GameDraw number="20090402" gameId="GAME-TOTO-1" omrGameSet="G2"/><Entry selectedNumber="0|1|3,1,3|0" inputChannel="1" betOption="0"/></Ticket>,hash=1696587793), get digest:bf48e43add0b6a8ca50a182df7478166
[2015-05-29 17:13:41,092][Test worker][DEBUG][TEPortServlet] Got request header(name=X-Transaction-Type, value=200).
[2015-05-29 17:13:41,092][Test worker][DEBUG][TEPortServlet] Got request header(name=X-Protocal-Version, value=1.5).
[2015-05-29 17:13:41,092][Test worker][DEBUG][TEPortServlet] Got request header(name=X-Timestamp, value=20150529171341).
[2015-05-29 17:13:41,092][Test worker][DEBUG][TEPortServlet] Got request header(name=X-GPE-Id, value=GPE-111).
[2015-05-29 17:13:41,092][Test worker][DEBUG][TEPortServlet] Got request header(name=X-Trace-Message-Id, value=1432890821090).
[2015-05-29 17:13:41,092][Test worker][DEBUG][TEPortServlet] Got request header(name=X-Operator-Id, value=OPERATOR-111).
[2015-05-29 17:13:41,092][Test worker][DEBUG][TEPortServlet] Got request header(name=X-Terminal-Id, value=111).
[2015-05-29 17:13:41,092][Test worker][DEBUG][TEPortServlet] Got request header(name=X-MAC, value=bf48e43add0b6a8ca50a182df7478166).
[2015-05-29 17:13:41,092][Test worker][DEBUG][TEPortServlet] Got request header(name=X-Game-Type-Id, value=5).
[2015-05-29 17:13:41,092][Test worker][DEBUG][TEPortServlet] Got request header(name=X-Trans-BatchNumber, value=20150529).
[2015-05-29 17:13:41,092][Test worker][DEBUG][TEPortServlet] Got request header(name=X-GPS-Location, value=40.714353,-74.005973).
[2015-05-29 17:13:41,093][Test worker][DEBUG][TEPortServlet] Got request from localhost, and the message body is:pq3FqO8HCcAnaobA+xpVnADmrnwj1vrK59BGhqvtskYFWTsa2cbe6vvj1C28m6E+ybhcq2GHfnfSvzUuvi5gIW+x7OzQghYn61j67DgR6TCXVRbbYRxY5tlDCBqQgCi1VnZWrdPdsyn4IjNz0O9RxmbMgamU+bELYX0cJuPYitV4wBRrPDrMt+Mi6wufj5bRe6zTiRVNzq6lR8JO3sEZ+wCJoQXPhqF87+bCU0Clv4kA6g1ZTYZsNpF1xs0eV+4VJ9zWSmiflVVA9CrpfEG2yqlhhs18xWdVR+NLrN4zoLXGW0aEQywdcYenxpRm6mR1F/klZM1CA2U=.
[2015-05-29 17:13:41,093][Test worker][DEBUG][ProtocolSerializer] Start to deserialize request context(Protocal-Version:1.5|GPE_Id:GPE-111|Terminal-Id:111|Operator-Id:OPERATOR-111|Trans-BatchNumber:20150529|TractMsg-Id:1432890821090|Timestamp:20150529171341|Transaction-Type:200|Transaction-Id:|Response-Code:|).
[2015-05-29 17:13:41,093][Test worker][DEBUG][ProtocolSerializer] Finish decrypting cipher into original xml:<?xml version="1.0" encoding="UTF-8"?>
<Ticket multipleDraws="1" totalAmount="600.0" PIN="123456"><GameDraw number="20090402" gameId="GAME-TOTO-1" omrGameSet="G2"/><Entry selectedNumber="0|1|3,1,3|0" inputChannel="1" betOption="0"/></Ticket>
[2015-05-29 17:13:41,094][Test worker][DEBUG][ProtocolSerializer] Start to do MAC(key=P2Bbo6+bSSR9O2Qc89f3b4oHTyE1V2gF) on (Protocal-Version:1.5|GPE_Id:GPE-111|Terminal-Id:111|Operator-Id:OPERATOR-111|Trans-BatchNumber:20150529|TractMsg-Id:1432890821090|Timestamp:20150529171341|Transaction-Type:200|Transaction-Id:|Response-Code:|<?xml version="1.0" encoding="UTF-8"?>
<Ticket multipleDraws="1" totalAmount="600.0" PIN="123456"><GameDraw number="20090402" gameId="GAME-TOTO-1" omrGameSet="G2"/><Entry selectedNumber="0|1|3,1,3|0" inputChannel="1" betOption="0"/></Ticket>,hash=1696587793), get digest:bf48e43add0b6a8ca50a182df7478166
[2015-05-29 17:13:41,094][Test worker][DEBUG][MLotteryContext] find mapping file definition(xml-mapping/game/toto/ToToSellTicket_Req.xml) by key(5.transtype.200).
[2015-05-29 17:13:41,094][Test worker][DEBUG][ProtocolSerializer] Start to deserialize model: model=null,mappingFile=xml-mapping/game/toto/ToToSellTicket_Req.xml
[2015-05-29 17:13:41,094][Test worker][DEBUG][MLotteryContext] find mapping file definition(xml-mapping/game/toto/ToToSellTicket_Req.xml) by key(5.transtype.200).
[2015-05-29 17:13:41,103][Test worker][DEBUG][RoutineRegistry] Try to lookup handler by routine key(5_200_1.5.0).
[2015-05-29 17:13:41,103][Test worker][DEBUG][RoutineRegistry] Try to lookup handler by routine key(5_200_).
[2015-05-29 17:13:41,104][Test worker][DEBUG][RoutineRegistry] Lookup controller by key(5_200_), found controller(com.mpos.lottery.te.gameimpl.toto.ToToController@6e596eed) and method(public void com.mpos.lottery.te.gameimpl.toto.ToToController.sell(com.mpos.lottery.te.port.Context,com.mpos.lottery.te.port.Context) throws com.mpos.lottery.te.config.exception.ApplicationException).
[2015-05-29 17:13:41,109][Test worker][INFO ][AbstractGameInstanceService] No channel game instance time definiton found, ignore it.
[2015-05-29 17:13:41,109][Test worker][DEBUG][UUIDServiceImpl] Assemble a new ticket serial number:01110745519300016740
[2015-05-29 17:13:41,131][Test worker][DEBUG][DefaultBalanceService] Operator before transaction -  Operator [id=OPERATOR-111, loginName=OPERATOR-LOGIN, creditType=1, saleCreditLevel=200000000, payoutCreditLevel=1000, cashoutBalance=0, commisionBalance=0]
[2015-05-29 17:13:41,131][Test worker][DEBUG][DefaultBalanceService] Found balance strategy:com.mpos.lottery.te.merchant.service.balance.SaleBalanceStrategy@e1f8aba
[2015-05-29 17:13:41,131][Test worker][DEBUG][DefaultBalanceService] Operator after transaction -  Operator [id=OPERATOR-111, loginName=OPERATOR-LOGIN, creditType=1, saleCreditLevel=199999400.0, payoutCreditLevel=1000, cashoutBalance=0, commisionBalance=0]
[2015-05-29 17:13:41,134][Test worker][WARN ][BaseJpaDao] Should be at most only 1 entity(com.mpos.lottery.te.merchant.domain.OperatorCommission) found, however total 2 entities found... the 1st entity(com.mpos.lottery.te.merchant.domain.OperatorCommission@128edca) will be returned.
[2015-05-29 17:13:41,140][Test worker][DEBUG][CommonFacadeService] Prepare to publish message to exchange[TE.200] with routing key[TE.200.5]: transaction {
  id: "0115052900000000002003"
  dev_id: "111"
  operator_id: "OPERATOR-111"
  merchant_id: "111"
  create_time: 1432890821000
  trans_type: 200
  game_id: "GAME-TOTO-1"
  game_type: 5
  total_amount: "600.0"
}
multi_draw: 1
total_amount: "600.0"
serial_no: "aHhDkgTyIu4QvNU74kOjvh44pE3V9aAW"
game_instance {
  id: "GII-112"
}
entries {
  selected_number: "0|1|3,1,3|0"
  bet_option: 0
  total_bets: 6
  entry_amount: "600.00"
  input_channel: "1"
}

[2015-05-29 17:13:41,140][Test worker][DEBUG][CommonFacadeService] Publish message successfully
[2015-05-29 17:13:41,140][Test worker][DEBUG][MLotteryContext] find mapping file definition(xml-mapping/game/toto/ToToSellTicket_Res.xml) by key(5.transtype.4200).
[2015-05-29 17:13:41,140][Test worker][DEBUG][ProtocolSerializer] Start to serialize model(class com.mpos.lottery.te.gameimpl.toto.domain.ToToTicket),mappingFile=xml-mapping/game/toto/ToToSellTicket_Res.xml
[2015-05-29 17:13:41,141][Test worker][DEBUG][MLotteryContext] find mapping file definition(xml-mapping/game/toto/ToToSellTicket_Res.xml) by key(5.transtype.4200).
[2015-05-29 17:13:41,141][Test worker][DEBUG][CastorHelper] Finish marshaling input(typeclass com.mpos.lottery.te.gameimpl.toto.domain.ToToTicket, mappingFile=xml-mapping/game/toto/ToToSellTicket_Res.xml).
[2015-05-29 17:13:41,141][Test worker][DEBUG][ProtocolSerializer] Finish mac(macKey=P2Bbo6+bSSR9O2Qc89f3b4oHTyE1V2gF,macString=Protocal-Version:1.5|GPE_Id:GPE-111|Terminal-Id:111|Operator-Id:OPERATOR-111|Trans-BatchNumber:20150529|TractMsg-Id:1432890821090|Timestamp:20150529171341|Transaction-Type:4200|Transaction-Id:0115052900000000002003|Response-Code:200|<?xml version="1.0" encoding="UTF-8"?>
<Ticket serialNo="01110745519300016740" barcode="05cK/u9hwZY2Rogq4k24Oeg4G3HSlAl9EbjLdf+UJJlt8eRiXxElYKct88xsaBE+0pRwKBfFbSqKY=" validationCode="047904" multipleDraws="1" totalBets="6" totalAmount="600.0"><GameDraw number="20090402" gameId="GAME-TOTO-1" omrGameSet="G2"/><Entry selectedNumber="0|1|3,1,3|0" inputChannel="1" betOption="0" entryAmount="600.00"/></Ticket>):67099714890026a4309041bd44274ee1
[2015-05-29 17:13:41,142][Test worker][DEBUG][TEPortServlet] Write response to client(host1=localhost,sizeOfPack=556) succesfully.
[2015-05-29 17:13:41,142][Test worker][DEBUG][BaseServletIntegrationTest] Got response(code=200,length=556): <?xml version="1.0" encoding="UTF-8"?>
<Ticket serialNo="01110745519300016740" barcode="05cK/u9hwZY2Rogq4k24Oeg4G3HSlAl9EbjLdf+UJJlt8eRiXxElYKct88xsaBE+0pRwKBfFbSqKY=" validationCode="047904" multipleDraws="1" totalBets="6" totalAmount="600.0"><GameDraw number="20090402" gameId="GAME-TOTO-1" omrGameSet="G2"/><Entry selectedNumber="0|1|3,1,3|0" inputChannel="1" betOption="0" entryAmount="600.00"/></Ticket>
[2015-05-29 17:13:41,142][Test worker][DEBUG][MLotteryContext] find mapping file definition(xml-mapping/game/toto/ToToSellTicket_Res.xml) by key(5.transtype.4200).
[2015-05-29 17:13:41,149][Test worker][DEBUG][MLotteryContext] find mapping file definition(xml-mapping/game/toto/ToToCancelTicket_Req.xml) by key(5.transtype.201).
[2015-05-29 17:13:41,157][Test worker][DEBUG][CastorHelper] Finish marshaling input(typeclass com.mpos.lottery.te.gameimpl.toto.domain.ToToTicket, mappingFile=xml-mapping/game/toto/ToToCancelTicket_Req.xml).
[2015-05-29 17:13:41,157][Test worker][DEBUG][BaseServletIntegrationTest] Do MAC(key=P2Bbo6+bSSR9O2Qc89f3b4oHTyE1V2gF) on (Protocal-Version:1.5|GPE_Id:GPE-111|Terminal-Id:111|Operator-Id:OPERATOR-111|Trans-BatchNumber:20150529|TractMsg-Id:1432890821149|Timestamp:20150529171341|Transaction-Type:201|Transaction-Id:|Response-Code:|<?xml version="1.0" encoding="UTF-8"?>
<Ticket serialNo="01110745519300016740" isMannul="0"/>,hash=311847320), get digest:4832e6a266450c447f4bef19e8547555
[2015-05-29 17:13:41,157][Test worker][DEBUG][TEPortServlet] Got request header(name=X-Transaction-Type, value=201).
[2015-05-29 17:13:41,157][Test worker][DEBUG][TEPortServlet] Got request header(name=X-Protocal-Version, value=1.5).
[2015-05-29 17:13:41,157][Test worker][DEBUG][TEPortServlet] Got request header(name=X-Timestamp, value=20150529171341).
[2015-05-29 17:13:41,157][Test worker][DEBUG][TEPortServlet] Got request header(name=X-GPE-Id, value=GPE-111).
[2015-05-29 17:13:41,157][Test worker][DEBUG][TEPortServlet] Got request header(name=X-Trace-Message-Id, value=1432890821149).
[2015-05-29 17:13:41,157][Test worker][DEBUG][TEPortServlet] Got request header(name=X-Operator-Id, value=OPERATOR-111).
[2015-05-29 17:13:41,157][Test worker][DEBUG][TEPortServlet] Got request header(name=X-Terminal-Id, value=111).
[2015-05-29 17:13:41,157][Test worker][DEBUG][TEPortServlet] Got request header(name=X-MAC, value=4832e6a266450c447f4bef19e8547555).
[2015-05-29 17:13:41,157][Test worker][DEBUG][TEPortServlet] Got request header(name=X-Game-Type-Id, value=5).
[2015-05-29 17:13:41,157][Test worker][DEBUG][TEPortServlet] Got request header(name=X-Trans-BatchNumber, value=20150529).
[2015-05-29 17:13:41,158][Test worker][DEBUG][TEPortServlet] Got request header(name=X-GPS-Location, value=40.714353,-74.005973).
[2015-05-29 17:13:41,159][Test worker][DEBUG][TEPortServlet] Got request from localhost, and the message body is:pq3FqO8HCcAnaobA+xpVnADmrnwj1vrK59BGhqvtskYFWTsa2cbe6ttFDFcpmi1MamgAomcAmY7eTM16XgcUTnORr95YBFZ2uqfsMDE/3wA8Tpf7W+SSv+3usCKg1yK+.
[2015-05-29 17:13:41,159][Test worker][DEBUG][ProtocolSerializer] Start to deserialize request context(Protocal-Version:1.5|GPE_Id:GPE-111|Terminal-Id:111|Operator-Id:OPERATOR-111|Trans-BatchNumber:20150529|TractMsg-Id:1432890821149|Timestamp:20150529171341|Transaction-Type:201|Transaction-Id:|Response-Code:|).
[2015-05-29 17:13:41,159][Test worker][DEBUG][ProtocolSerializer] Finish decrypting cipher into original xml:<?xml version="1.0" encoding="UTF-8"?>
<Ticket serialNo="01110745519300016740" isMannul="0"/>
[2015-05-29 17:13:41,159][Test worker][DEBUG][ProtocolSerializer] Start to do MAC(key=P2Bbo6+bSSR9O2Qc89f3b4oHTyE1V2gF) on (Protocal-Version:1.5|GPE_Id:GPE-111|Terminal-Id:111|Operator-Id:OPERATOR-111|Trans-BatchNumber:20150529|TractMsg-Id:1432890821149|Timestamp:20150529171341|Transaction-Type:201|Transaction-Id:|Response-Code:|<?xml version="1.0" encoding="UTF-8"?>
<Ticket serialNo="01110745519300016740" isMannul="0"/>,hash=311847320), get digest:4832e6a266450c447f4bef19e8547555
[2015-05-29 17:13:41,159][Test worker][DEBUG][MLotteryContext] find mapping file definition(xml-mapping/game/toto/ToToCancelTicket_Req.xml) by key(5.transtype.201).
[2015-05-29 17:13:41,159][Test worker][DEBUG][ProtocolSerializer] Start to deserialize model: model=null,mappingFile=xml-mapping/game/toto/ToToCancelTicket_Req.xml
[2015-05-29 17:13:41,160][Test worker][DEBUG][MLotteryContext] find mapping file definition(xml-mapping/game/toto/ToToCancelTicket_Req.xml) by key(5.transtype.201).
[2015-05-29 17:13:41,171][Test worker][DEBUG][RoutineRegistry] Try to lookup handler by routine key(5_201_1.5.0).
[2015-05-29 17:13:41,171][Test worker][DEBUG][RoutineRegistry] Try to lookup handler by routine key(5_201_).
[2015-05-29 17:13:41,171][Test worker][DEBUG][RoutineRegistry] Lookup controller by key(5_201_), found controller(com.mpos.lottery.te.gameimpl.toto.ToToController@6e596eed) and method(public void com.mpos.lottery.te.gameimpl.toto.ToToController.cancelByTicket(com.mpos.lottery.te.port.Context,com.mpos.lottery.te.port.Context) throws com.mpos.lottery.te.config.exception.ApplicationException).
[2015-05-29 17:13:41,175][Test worker][DEBUG][ReversalOrCancelStrategyFactory] Found ReversalStrategy(class com.mpos.lottery.te.gameimpl.toto.service.impl.ToToTicketServiceImpl) to cancel transaction(gameType=5,terminalId=111,transType=200,protocolVersion=1.5.0).
[2015-05-29 17:13:41,187][Test worker][DEBUG][DefaultBalanceService] Operator before transaction -  Operator [id=OPERATOR-111, loginName=OPERATOR-LOGIN, creditType=1, saleCreditLevel=199999400, payoutCreditLevel=1000, cashoutBalance=0, commisionBalance=0]
[2015-05-29 17:13:41,187][Test worker][DEBUG][DefaultBalanceService] Found balance strategy:com.mpos.lottery.te.merchant.service.balance.SaleBalanceStrategy@e1f8aba
[2015-05-29 17:13:41,187][Test worker][DEBUG][DefaultBalanceService] Operator after transaction -  Operator [id=OPERATOR-111, loginName=OPERATOR-LOGIN, creditType=1, saleCreditLevel=200000000, payoutCreditLevel=1000, cashoutBalance=0, commisionBalance=0]
[2015-05-29 17:13:41,197][Test worker][DEBUG][CommonFacadeService] Prepare to publish message to exchange[TE.200] with routing key[TE.CANCEL.200.5]: origTrans {
  id: "0115052900000000002003"
  dev_id: "111"
  operator_id: "OPERATOR-111"
  merchant_id: "111"
  create_time: 1432890821000
  trans_type: 200
  game_id: "GAME-TOTO-1"
  game_type: 5
  total_amount: "600"
}
cancelTrans {
  id: "0115052900000000002006"
  dev_id: "111"
  operator_id: "OPERATOR-111"
  merchant_id: "111"
  create_time: 1432890821000
  trans_type: 201
  game_id: "GAME-TOTO-1"
  game_type: 5
  total_amount: "600"
}

[2015-05-29 17:13:41,197][Test worker][DEBUG][CommonFacadeService] Publish message successfully
[2015-05-29 17:13:41,197][Test worker][DEBUG][ProtocolSerializer] Finish mac(macKey=P2Bbo6+bSSR9O2Qc89f3b4oHTyE1V2gF,macString=Protocal-Version:1.5|GPE_Id:GPE-111|Terminal-Id:111|Operator-Id:OPERATOR-111|Trans-BatchNumber:20150529|TractMsg-Id:1432890821149|Timestamp:20150529171341|Transaction-Type:4201|Transaction-Id:0115052900000000002006|Response-Code:200|):e28594388b2a29dfc3dcc3558eb435bb
[2015-05-29 17:13:41,198][Test worker][DEBUG][BaseServletIntegrationTest] Got response(code=200,length=0): 
[2015-05-29 17:13:41,216][Test worker][DEBUG][TEPortServlet] Startup job scheduer(org.quartz.impl.StdScheduler@4d1e5820) successfully.
[2015-05-29 17:13:41,216][Test worker][WARN ][TEPortServlet] can NOT find META file:F:\project\M.Lottery\TE\TRUNK_TE\sourcecode\build\classes\main\META-INF\MANIFEST.MF
[2015-05-29 17:13:41,216][Test worker][DEBUG][TEPortServlet] Register MBean(com.mpos.lottery.te.common.jmx.TransactionTimeout@2ea9dbc1) with name(com.mpos.lottery.te:type=TransactionTimeoutMBean) successfully.
[2015-05-29 17:13:41,216][Test worker][DEBUG][BaseTransactionalIntegrationTest] Retrieve a ApplicationContext(org.springframework.web.context.support.GenericWebApplicationContext@34f645a8: startup date [Fri May 29 17:12:38 CST 2015]; root of context hierarchy).
[2015-05-29 17:13:41,216][Test worker][INFO ][BaseTransactionalIntegrationTest] +------------------------------------------------------------------------------------------------------------------------+
[2015-05-29 17:13:41,216][Test worker][INFO ][BaseTransactionalIntegrationTest] | SaleCancellationIntegrationTest.testCancelByTransaction_OK                                                             |
[2015-05-29 17:13:41,216][Test worker][INFO ][BaseTransactionalIntegrationTest] +------------------------------------------------------------------------------------------------------------------------+
[2015-05-29 17:13:41,219][Test worker][DEBUG][MLotteryContext] find mapping file definition(xml-mapping/game/toto/ToToSellTicket_Req.xml) by key(5.transtype.200).
[2015-05-29 17:13:41,220][Test worker][DEBUG][CastorHelper] Finish marshaling input(typeclass com.mpos.lottery.te.gameimpl.toto.domain.ToToTicket, mappingFile=xml-mapping/game/toto/ToToSellTicket_Req.xml).
[2015-05-29 17:13:41,220][Test worker][DEBUG][BaseServletIntegrationTest] Do MAC(key=P2Bbo6+bSSR9O2Qc89f3b4oHTyE1V2gF) on (Protocal-Version:1.5|GPE_Id:GPE-111|Terminal-Id:111|Operator-Id:OPERATOR-111|Trans-BatchNumber:20150529|TractMsg-Id:1432890821219|Timestamp:20150529171341|Transaction-Type:200|Transaction-Id:|Response-Code:|<?xml version="1.0" encoding="UTF-8"?>
<Ticket multipleDraws="1" totalAmount="600.0" PIN="123456"><GameDraw number="20090402" gameId="GAME-TOTO-1" omrGameSet="G2"/><Entry selectedNumber="0|1|3,1,3|0" inputChannel="1" betOption="0"/></Ticket>,hash=384873246), get digest:4cf1c1126cf664daf579424bc7db2e1f
[2015-05-29 17:13:41,220][Test worker][DEBUG][TEPortServlet] Got request header(name=X-Transaction-Type, value=200).
[2015-05-29 17:13:41,220][Test worker][DEBUG][TEPortServlet] Got request header(name=X-Protocal-Version, value=1.5).
[2015-05-29 17:13:41,220][Test worker][DEBUG][TEPortServlet] Got request header(name=X-Timestamp, value=20150529171341).
[2015-05-29 17:13:41,220][Test worker][DEBUG][TEPortServlet] Got request header(name=X-GPE-Id, value=GPE-111).
[2015-05-29 17:13:41,221][Test worker][DEBUG][TEPortServlet] Got request header(name=X-Trace-Message-Id, value=1432890821219).
[2015-05-29 17:13:41,221][Test worker][DEBUG][TEPortServlet] Got request header(name=X-Operator-Id, value=OPERATOR-111).
[2015-05-29 17:13:41,221][Test worker][DEBUG][TEPortServlet] Got request header(name=X-Terminal-Id, value=111).
[2015-05-29 17:13:41,221][Test worker][DEBUG][TEPortServlet] Got request header(name=X-MAC, value=4cf1c1126cf664daf579424bc7db2e1f).
[2015-05-29 17:13:41,221][Test worker][DEBUG][TEPortServlet] Got request header(name=X-Game-Type-Id, value=5).
[2015-05-29 17:13:41,221][Test worker][DEBUG][TEPortServlet] Got request header(name=X-Trans-BatchNumber, value=20150529).
[2015-05-29 17:13:41,221][Test worker][DEBUG][TEPortServlet] Got request header(name=X-GPS-Location, value=40.714353,-74.005973).
[2015-05-29 17:13:41,222][Test worker][DEBUG][TEPortServlet] Got request from localhost, and the message body is:pq3FqO8HCcAnaobA+xpVnADmrnwj1vrK59BGhqvtskYFWTsa2cbe6vvj1C28m6E+ybhcq2GHfnfSvzUuvi5gIW+x7OzQghYn61j67DgR6TCXVRbbYRxY5tlDCBqQgCi1VnZWrdPdsyn4IjNz0O9RxmbMgamU+bELYX0cJuPYitV4wBRrPDrMt+Mi6wufj5bRe6zTiRVNzq6lR8JO3sEZ+wCJoQXPhqF87+bCU0Clv4kA6g1ZTYZsNpF1xs0eV+4VJ9zWSmiflVVA9CrpfEG2yqlhhs18xWdVR+NLrN4zoLXGW0aEQywdcYenxpRm6mR1F/klZM1CA2U=.
[2015-05-29 17:13:41,222][Test worker][DEBUG][ProtocolSerializer] Start to deserialize request context(Protocal-Version:1.5|GPE_Id:GPE-111|Terminal-Id:111|Operator-Id:OPERATOR-111|Trans-BatchNumber:20150529|TractMsg-Id:1432890821219|Timestamp:20150529171341|Transaction-Type:200|Transaction-Id:|Response-Code:|).
[2015-05-29 17:13:41,223][Test worker][DEBUG][ProtocolSerializer] Finish decrypting cipher into original xml:<?xml version="1.0" encoding="UTF-8"?>
<Ticket multipleDraws="1" totalAmount="600.0" PIN="123456"><GameDraw number="20090402" gameId="GAME-TOTO-1" omrGameSet="G2"/><Entry selectedNumber="0|1|3,1,3|0" inputChannel="1" betOption="0"/></Ticket>
[2015-05-29 17:13:41,223][Test worker][DEBUG][ProtocolSerializer] Start to do MAC(key=P2Bbo6+bSSR9O2Qc89f3b4oHTyE1V2gF) on (Protocal-Version:1.5|GPE_Id:GPE-111|Terminal-Id:111|Operator-Id:OPERATOR-111|Trans-BatchNumber:20150529|TractMsg-Id:1432890821219|Timestamp:20150529171341|Transaction-Type:200|Transaction-Id:|Response-Code:|<?xml version="1.0" encoding="UTF-8"?>
<Ticket multipleDraws="1" totalAmount="600.0" PIN="123456"><GameDraw number="20090402" gameId="GAME-TOTO-1" omrGameSet="G2"/><Entry selectedNumber="0|1|3,1,3|0" inputChannel="1" betOption="0"/></Ticket>,hash=384873246), get digest:4cf1c1126cf664daf579424bc7db2e1f
[2015-05-29 17:13:41,223][Test worker][DEBUG][MLotteryContext] find mapping file definition(xml-mapping/game/toto/ToToSellTicket_Req.xml) by key(5.transtype.200).
[2015-05-29 17:13:41,223][Test worker][DEBUG][ProtocolSerializer] Start to deserialize model: model=null,mappingFile=xml-mapping/game/toto/ToToSellTicket_Req.xml
[2015-05-29 17:13:41,223][Test worker][DEBUG][MLotteryContext] find mapping file definition(xml-mapping/game/toto/ToToSellTicket_Req.xml) by key(5.transtype.200).
[2015-05-29 17:13:41,233][Test worker][DEBUG][RoutineRegistry] Try to lookup handler by routine key(5_200_1.5.0).
[2015-05-29 17:13:41,233][Test worker][DEBUG][RoutineRegistry] Try to lookup handler by routine key(5_200_).
[2015-05-29 17:13:41,233][Test worker][DEBUG][RoutineRegistry] Lookup controller by key(5_200_), found controller(com.mpos.lottery.te.gameimpl.toto.ToToController@6e596eed) and method(public void com.mpos.lottery.te.gameimpl.toto.ToToController.sell(com.mpos.lottery.te.port.Context,com.mpos.lottery.te.port.Context) throws com.mpos.lottery.te.config.exception.ApplicationException).
[2015-05-29 17:13:41,238][Test worker][INFO ][AbstractGameInstanceService] No channel game instance time definiton found, ignore it.
[2015-05-29 17:13:41,239][Test worker][DEBUG][UUIDServiceImpl] Assemble a new ticket serial number:01110745519300016841
[2015-05-29 17:13:41,261][Test worker][DEBUG][DefaultBalanceService] Operator before transaction -  Operator [id=OPERATOR-111, loginName=OPERATOR-LOGIN, creditType=1, saleCreditLevel=200000000, payoutCreditLevel=1000, cashoutBalance=0, commisionBalance=0]
[2015-05-29 17:13:41,261][Test worker][DEBUG][DefaultBalanceService] Found balance strategy:com.mpos.lottery.te.merchant.service.balance.SaleBalanceStrategy@e1f8aba
[2015-05-29 17:13:41,261][Test worker][DEBUG][DefaultBalanceService] Operator after transaction -  Operator [id=OPERATOR-111, loginName=OPERATOR-LOGIN, creditType=1, saleCreditLevel=199999400.0, payoutCreditLevel=1000, cashoutBalance=0, commisionBalance=0]
[2015-05-29 17:13:41,264][Test worker][WARN ][BaseJpaDao] Should be at most only 1 entity(com.mpos.lottery.te.merchant.domain.OperatorCommission) found, however total 2 entities found... the 1st entity(com.mpos.lottery.te.merchant.domain.OperatorCommission@4b26df61) will be returned.
[2015-05-29 17:13:41,270][Test worker][DEBUG][CommonFacadeService] Prepare to publish message to exchange[TE.200] with routing key[TE.200.5]: transaction {
  id: "0115052900000000002007"
  dev_id: "111"
  operator_id: "OPERATOR-111"
  merchant_id: "111"
  create_time: 1432890821000
  trans_type: 200
  game_id: "GAME-TOTO-1"
  game_type: 5
  total_amount: "600.0"
}
multi_draw: 1
total_amount: "600.0"
serial_no: "aHhDkgTyIu4QvNU74kOjvtrDgHAaU4fk"
game_instance {
  id: "GII-112"
}
entries {
  selected_number: "0|1|3,1,3|0"
  bet_option: 0
  total_bets: 6
  entry_amount: "600.00"
  input_channel: "1"
}

[2015-05-29 17:13:41,271][Test worker][DEBUG][CommonFacadeService] Publish message successfully
[2015-05-29 17:13:41,271][Test worker][DEBUG][MLotteryContext] find mapping file definition(xml-mapping/game/toto/ToToSellTicket_Res.xml) by key(5.transtype.4200).
[2015-05-29 17:13:41,271][Test worker][DEBUG][ProtocolSerializer] Start to serialize model(class com.mpos.lottery.te.gameimpl.toto.domain.ToToTicket),mappingFile=xml-mapping/game/toto/ToToSellTicket_Res.xml
[2015-05-29 17:13:41,271][Test worker][DEBUG][MLotteryContext] find mapping file definition(xml-mapping/game/toto/ToToSellTicket_Res.xml) by key(5.transtype.4200).
[2015-05-29 17:13:41,272][Test worker][DEBUG][CastorHelper] Finish marshaling input(typeclass com.mpos.lottery.te.gameimpl.toto.domain.ToToTicket, mappingFile=xml-mapping/game/toto/ToToSellTicket_Res.xml).
[2015-05-29 17:13:41,272][Test worker][DEBUG][ProtocolSerializer] Finish mac(macKey=P2Bbo6+bSSR9O2Qc89f3b4oHTyE1V2gF,macString=Protocal-Version:1.5|GPE_Id:GPE-111|Terminal-Id:111|Operator-Id:OPERATOR-111|Trans-BatchNumber:20150529|TractMsg-Id:1432890821219|Timestamp:20150529171341|Transaction-Type:4200|Transaction-Id:0115052900000000002007|Response-Code:200|<?xml version="1.0" encoding="UTF-8"?>
<Ticket serialNo="01110745519300016841" barcode="05cK/u9hwZY2Rogq4k24Oeg4G3HSlAl9EbjLdf+UJJlt8eRiXxElYKct88xsaBE+0p90ILug4eNfg=" validationCode="495856" multipleDraws="1" totalBets="6" totalAmount="600.0"><GameDraw number="20090402" gameId="GAME-TOTO-1" omrGameSet="G2"/><Entry selectedNumber="0|1|3,1,3|0" inputChannel="1" betOption="0" entryAmount="600.00"/></Ticket>):f6e025c3b914d003f2285f39ebb6c734
[2015-05-29 17:13:41,272][Test worker][DEBUG][TEPortServlet] Write response to client(host1=localhost,sizeOfPack=556) succesfully.
[2015-05-29 17:13:41,273][Test worker][DEBUG][BaseServletIntegrationTest] Got response(code=200,length=556): <?xml version="1.0" encoding="UTF-8"?>
<Ticket serialNo="01110745519300016841" barcode="05cK/u9hwZY2Rogq4k24Oeg4G3HSlAl9EbjLdf+UJJlt8eRiXxElYKct88xsaBE+0p90ILug4eNfg=" validationCode="495856" multipleDraws="1" totalBets="6" totalAmount="600.0"><GameDraw number="20090402" gameId="GAME-TOTO-1" omrGameSet="G2"/><Entry selectedNumber="0|1|3,1,3|0" inputChannel="1" betOption="0" entryAmount="600.00"/></Ticket>
[2015-05-29 17:13:41,273][Test worker][DEBUG][MLotteryContext] find mapping file definition(xml-mapping/game/toto/ToToSellTicket_Res.xml) by key(5.transtype.4200).
[2015-05-29 17:13:41,276][Test worker][DEBUG][MLotteryContext] find mapping file definition(xml-mapping/TransactionEnquiry_Req.xml) by key(transtype.206).
[2015-05-29 17:13:41,277][Test worker][DEBUG][CastorHelper] Finish marshaling input(typeclass com.mpos.lottery.te.trans.domain.Transaction, mappingFile=xml-mapping/TransactionEnquiry_Req.xml).
[2015-05-29 17:13:41,277][Test worker][DEBUG][BaseServletIntegrationTest] Do MAC(key=P2Bbo6+bSSR9O2Qc89f3b4oHTyE1V2gF) on (Protocal-Version:1.5|GPE_Id:GPE-111|Terminal-Id:111|Operator-Id:OPERATOR-111|Trans-BatchNumber:20150529|TractMsg-Id:1432890821276|Timestamp:20150529171341|Transaction-Type:206|Transaction-Id:|Response-Code:|<?xml version="1.0" encoding="UTF-8"?>
<Transaction terminalId="111" traceMessageId="1432890821219"/>,hash=-59768728), get digest:d15b04afb86c1b6f7937371625a616e9
[2015-05-29 17:13:41,277][Test worker][DEBUG][TEPortServlet] Got request header(name=X-Transaction-Type, value=206).
[2015-05-29 17:13:41,277][Test worker][DEBUG][TEPortServlet] Got request header(name=X-Protocal-Version, value=1.5).
[2015-05-29 17:13:41,277][Test worker][DEBUG][TEPortServlet] Got request header(name=X-Timestamp, value=20150529171341).
[2015-05-29 17:13:41,277][Test worker][DEBUG][TEPortServlet] Got request header(name=X-GPE-Id, value=GPE-111).
[2015-05-29 17:13:41,277][Test worker][DEBUG][TEPortServlet] Got request header(name=X-Trace-Message-Id, value=1432890821276).
[2015-05-29 17:13:41,277][Test worker][DEBUG][TEPortServlet] Got request header(name=X-Operator-Id, value=OPERATOR-111).
[2015-05-29 17:13:41,277][Test worker][DEBUG][TEPortServlet] Got request header(name=X-Terminal-Id, value=111).
[2015-05-29 17:13:41,277][Test worker][DEBUG][TEPortServlet] Got request header(name=X-MAC, value=d15b04afb86c1b6f7937371625a616e9).
[2015-05-29 17:13:41,277][Test worker][DEBUG][TEPortServlet] Got request header(name=X-Game-Type-Id, value=-1).
[2015-05-29 17:13:41,277][Test worker][DEBUG][TEPortServlet] Got request header(name=X-Trans-BatchNumber, value=20150529).
[2015-05-29 17:13:41,277][Test worker][DEBUG][TEPortServlet] Got request header(name=X-GPS-Location, value=40.714353,-74.005973).
[2015-05-29 17:13:41,279][Test worker][DEBUG][TEPortServlet] Got request from localhost, and the message body is:pq3FqO8HCcAnaobA+xpVnADmrnwj1vrK59BGhqvtskYFWTsa2cbe6jcIE4b0pl+ogrA4SMNVUFtCb0VnctvqFZ4g+Dv1D5Fz4ERoX4gVmzFJ1yZK27DdH9yIjyRGvN/ycHpT89OVfWw=.
[2015-05-29 17:13:41,279][Test worker][DEBUG][ProtocolSerializer] Start to deserialize request context(Protocal-Version:1.5|GPE_Id:GPE-111|Terminal-Id:111|Operator-Id:OPERATOR-111|Trans-BatchNumber:20150529|TractMsg-Id:1432890821276|Timestamp:20150529171341|Transaction-Type:206|Transaction-Id:|Response-Code:|).
[2015-05-29 17:13:41,279][Test worker][DEBUG][ProtocolSerializer] Finish decrypting cipher into original xml:<?xml version="1.0" encoding="UTF-8"?>
<Transaction terminalId="111" traceMessageId="1432890821219"/>
[2015-05-29 17:13:41,279][Test worker][DEBUG][ProtocolSerializer] Start to do MAC(key=P2Bbo6+bSSR9O2Qc89f3b4oHTyE1V2gF) on (Protocal-Version:1.5|GPE_Id:GPE-111|Terminal-Id:111|Operator-Id:OPERATOR-111|Trans-BatchNumber:20150529|TractMsg-Id:1432890821276|Timestamp:20150529171341|Transaction-Type:206|Transaction-Id:|Response-Code:|<?xml version="1.0" encoding="UTF-8"?>
<Transaction terminalId="111" traceMessageId="1432890821219"/>,hash=-59768728), get digest:d15b04afb86c1b6f7937371625a616e9
[2015-05-29 17:13:41,279][Test worker][DEBUG][MLotteryContext] find mapping file definition(xml-mapping/TransactionEnquiry_Req.xml) by key(transtype.206).
[2015-05-29 17:13:41,279][Test worker][DEBUG][ProtocolSerializer] Start to deserialize model: model=null,mappingFile=xml-mapping/TransactionEnquiry_Req.xml
[2015-05-29 17:13:41,279][Test worker][DEBUG][MLotteryContext] find mapping file definition(xml-mapping/TransactionEnquiry_Req.xml) by key(transtype.206).
[2015-05-29 17:13:41,289][Test worker][DEBUG][RoutineRegistry] Try to lookup handler by routine key(-1_206_1.5.0).
[2015-05-29 17:13:41,289][Test worker][DEBUG][RoutineRegistry] Try to lookup handler by routine key(-1_206_).
[2015-05-29 17:13:41,289][Test worker][DEBUG][RoutineRegistry] Lookup controller by key(-1_206_), found controller(com.mpos.lottery.te.trans.TransactionController@53ddecd8) and method(public void com.mpos.lottery.te.trans.TransactionController.cancelByTrans(com.mpos.lottery.te.port.Context,com.mpos.lottery.te.port.Context) throws com.mpos.lottery.te.config.exception.ApplicationException).
[2015-05-29 17:13:41,294][Test worker][DEBUG][ReversalOrCancelStrategyFactory] Found ReversalStrategy(class com.mpos.lottery.te.gameimpl.toto.service.impl.ToToTicketServiceImpl) to cancel transaction(gameType=5,terminalId=111,transType=200,protocolVersion=1.5.0).
[2015-05-29 17:13:41,305][Test worker][DEBUG][DefaultBalanceService] Operator before transaction -  Operator [id=OPERATOR-111, loginName=OPERATOR-LOGIN, creditType=1, saleCreditLevel=199999400, payoutCreditLevel=1000, cashoutBalance=0, commisionBalance=0]
[2015-05-29 17:13:41,305][Test worker][DEBUG][DefaultBalanceService] Found balance strategy:com.mpos.lottery.te.merchant.service.balance.SaleBalanceStrategy@e1f8aba
[2015-05-29 17:13:41,305][Test worker][DEBUG][DefaultBalanceService] Operator after transaction -  Operator [id=OPERATOR-111, loginName=OPERATOR-LOGIN, creditType=1, saleCreditLevel=200000000, payoutCreditLevel=1000, cashoutBalance=0, commisionBalance=0]
[2015-05-29 17:13:41,316][Test worker][DEBUG][CommonFacadeService] Prepare to publish message to exchange[TE.200] with routing key[TE.CANCEL.200.5]: origTrans {
  id: "0115052900000000002007"
  dev_id: "111"
  operator_id: "OPERATOR-111"
  merchant_id: "111"
  create_time: 1432890821000
  trans_type: 200
  game_id: "GAME-TOTO-1"
  game_type: 5
  total_amount: "600"
}
cancelTrans {
  id: "0115052900000000002010"
  dev_id: "111"
  operator_id: "OPERATOR-111"
  merchant_id: "111"
  create_time: 1432890821000
  trans_type: 206
  game_id: "GAME-TOTO-1"
  game_type: 5
  total_amount: "600"
}

[2015-05-29 17:13:41,316][Test worker][DEBUG][CommonFacadeService] Publish message successfully
[2015-05-29 17:13:41,317][Test worker][DEBUG][ProtocolSerializer] Finish mac(macKey=P2Bbo6+bSSR9O2Qc89f3b4oHTyE1V2gF,macString=Protocal-Version:1.5|GPE_Id:GPE-111|Terminal-Id:111|Operator-Id:OPERATOR-111|Trans-BatchNumber:20150529|TractMsg-Id:1432890821276|Timestamp:20150529171341|Transaction-Type:4206|Transaction-Id:0115052900000000002010|Response-Code:200|):5febbc12e7ce761eaaaf285286822df2
[2015-05-29 17:13:41,317][Test worker][DEBUG][BaseServletIntegrationTest] Got response(code=200,length=0): 
[2015-05-29 17:13:41,335][Test worker][DEBUG][TEPortServlet] Startup job scheduer(org.quartz.impl.StdScheduler@4d1e5820) successfully.
[2015-05-29 17:13:41,336][Test worker][WARN ][TEPortServlet] can NOT find META file:F:\project\M.Lottery\TE\TRUNK_TE\sourcecode\build\classes\main\META-INF\MANIFEST.MF
[2015-05-29 17:13:41,336][Test worker][DEBUG][TEPortServlet] Register MBean(com.mpos.lottery.te.common.jmx.TransactionTimeout@5961759b) with name(com.mpos.lottery.te:type=TransactionTimeoutMBean) successfully.
[2015-05-29 17:13:41,336][Test worker][DEBUG][BaseTransactionalIntegrationTest] Retrieve a ApplicationContext(org.springframework.web.context.support.GenericWebApplicationContext@34f645a8: startup date [Fri May 29 17:12:38 CST 2015]; root of context hierarchy).
[2015-05-29 17:13:41,336][Test worker][INFO ][BaseTransactionalIntegrationTest] +------------------------------------------------------------------------------------------------------------------------+
[2015-05-29 17:13:41,336][Test worker][INFO ][BaseTransactionalIntegrationTest] | SaleCancellationIntegrationTest.testCancelByTicket_Manually_OK                                                         |
[2015-05-29 17:13:41,336][Test worker][INFO ][BaseTransactionalIntegrationTest] +------------------------------------------------------------------------------------------------------------------------+
[2015-05-29 17:13:41,336][Test worker][DEBUG][MLotteryContext] find mapping file definition(xml-mapping/game/toto/ToToSellTicket_Req.xml) by key(5.transtype.200).
[2015-05-29 17:13:41,337][Test worker][DEBUG][CastorHelper] Finish marshaling input(typeclass com.mpos.lottery.te.gameimpl.toto.domain.ToToTicket, mappingFile=xml-mapping/game/toto/ToToSellTicket_Req.xml).
[2015-05-29 17:13:41,337][Test worker][DEBUG][BaseServletIntegrationTest] Do MAC(key=P2Bbo6+bSSR9O2Qc89f3b4oHTyE1V2gF) on (Protocal-Version:1.5|GPE_Id:GPE-111|Terminal-Id:111|Operator-Id:OPERATOR-111|Trans-BatchNumber:20150529|TractMsg-Id:1432890821336|Timestamp:20150529171341|Transaction-Type:200|Transaction-Id:|Response-Code:|<?xml version="1.0" encoding="UTF-8"?>
<Ticket multipleDraws="1" totalAmount="600.0" PIN="123456"><GameDraw number="20090402" gameId="GAME-TOTO-1" omrGameSet="G2"/><Entry selectedNumber="0|1|3,1,3|0" inputChannel="1" betOption="0"/></Ticket>,hash=1021550498), get digest:8b7c0b7e3aca601bfb6d0aa8c64cdbfc
[2015-05-29 17:13:41,338][Test worker][DEBUG][TEPortServlet] Got request header(name=X-Transaction-Type, value=200).
[2015-05-29 17:13:41,338][Test worker][DEBUG][TEPortServlet] Got request header(name=X-Protocal-Version, value=1.5).
[2015-05-29 17:13:41,338][Test worker][DEBUG][TEPortServlet] Got request header(name=X-Timestamp, value=20150529171341).
[2015-05-29 17:13:41,338][Test worker][DEBUG][TEPortServlet] Got request header(name=X-GPE-Id, value=GPE-111).
[2015-05-29 17:13:41,338][Test worker][DEBUG][TEPortServlet] Got request header(name=X-Trace-Message-Id, value=1432890821336).
[2015-05-29 17:13:41,338][Test worker][DEBUG][TEPortServlet] Got request header(name=X-Operator-Id, value=OPERATOR-111).
[2015-05-29 17:13:41,338][Test worker][DEBUG][TEPortServlet] Got request header(name=X-Terminal-Id, value=111).
[2015-05-29 17:13:41,338][Test worker][DEBUG][TEPortServlet] Got request header(name=X-MAC, value=8b7c0b7e3aca601bfb6d0aa8c64cdbfc).
[2015-05-29 17:13:41,338][Test worker][DEBUG][TEPortServlet] Got request header(name=X-Game-Type-Id, value=5).
[2015-05-29 17:13:41,338][Test worker][DEBUG][TEPortServlet] Got request header(name=X-Trans-BatchNumber, value=20150529).
[2015-05-29 17:13:41,338][Test worker][DEBUG][TEPortServlet] Got request header(name=X-GPS-Location, value=40.714353,-74.005973).
[2015-05-29 17:13:41,339][Test worker][DEBUG][TEPortServlet] Got request from localhost, and the message body is:pq3FqO8HCcAnaobA+xpVnADmrnwj1vrK59BGhqvtskYFWTsa2cbe6vvj1C28m6E+ybhcq2GHfnfSvzUuvi5gIW+x7OzQghYn61j67DgR6TCXVRbbYRxY5tlDCBqQgCi1VnZWrdPdsyn4IjNz0O9RxmbMgamU+bELYX0cJuPYitV4wBRrPDrMt+Mi6wufj5bRe6zTiRVNzq6lR8JO3sEZ+wCJoQXPhqF87+bCU0Clv4kA6g1ZTYZsNpF1xs0eV+4VJ9zWSmiflVVA9CrpfEG2yqlhhs18xWdVR+NLrN4zoLXGW0aEQywdcYenxpRm6mR1F/klZM1CA2U=.
[2015-05-29 17:13:41,339][Test worker][DEBUG][ProtocolSerializer] Start to deserialize request context(Protocal-Version:1.5|GPE_Id:GPE-111|Terminal-Id:111|Operator-Id:OPERATOR-111|Trans-BatchNumber:20150529|TractMsg-Id:1432890821336|Timestamp:20150529171341|Transaction-Type:200|Transaction-Id:|Response-Code:|).
[2015-05-29 17:13:41,339][Test worker][DEBUG][ProtocolSerializer] Finish decrypting cipher into original xml:<?xml version="1.0" encoding="UTF-8"?>
<Ticket multipleDraws="1" totalAmount="600.0" PIN="123456"><GameDraw number="20090402" gameId="GAME-TOTO-1" omrGameSet="G2"/><Entry selectedNumber="0|1|3,1,3|0" inputChannel="1" betOption="0"/></Ticket>
[2015-05-29 17:13:41,339][Test worker][DEBUG][ProtocolSerializer] Start to do MAC(key=P2Bbo6+bSSR9O2Qc89f3b4oHTyE1V2gF) on (Protocal-Version:1.5|GPE_Id:GPE-111|Terminal-Id:111|Operator-Id:OPERATOR-111|Trans-BatchNumber:20150529|TractMsg-Id:1432890821336|Timestamp:20150529171341|Transaction-Type:200|Transaction-Id:|Response-Code:|<?xml version="1.0" encoding="UTF-8"?>
<Ticket multipleDraws="1" totalAmount="600.0" PIN="123456"><GameDraw number="20090402" gameId="GAME-TOTO-1" omrGameSet="G2"/><Entry selectedNumber="0|1|3,1,3|0" inputChannel="1" betOption="0"/></Ticket>,hash=1021550498), get digest:8b7c0b7e3aca601bfb6d0aa8c64cdbfc
[2015-05-29 17:13:41,340][Test worker][DEBUG][MLotteryContext] find mapping file definition(xml-mapping/game/toto/ToToSellTicket_Req.xml) by key(5.transtype.200).
[2015-05-29 17:13:41,340][Test worker][DEBUG][ProtocolSerializer] Start to deserialize model: model=null,mappingFile=xml-mapping/game/toto/ToToSellTicket_Req.xml
[2015-05-29 17:13:41,340][Test worker][DEBUG][MLotteryContext] find mapping file definition(xml-mapping/game/toto/ToToSellTicket_Req.xml) by key(5.transtype.200).
[2015-05-29 17:13:41,351][Test worker][DEBUG][RoutineRegistry] Try to lookup handler by routine key(5_200_1.5.0).
[2015-05-29 17:13:41,352][Test worker][DEBUG][RoutineRegistry] Try to lookup handler by routine key(5_200_).
[2015-05-29 17:13:41,352][Test worker][DEBUG][RoutineRegistry] Lookup controller by key(5_200_), found controller(com.mpos.lottery.te.gameimpl.toto.ToToController@6e596eed) and method(public void com.mpos.lottery.te.gameimpl.toto.ToToController.sell(com.mpos.lottery.te.port.Context,com.mpos.lottery.te.port.Context) throws com.mpos.lottery.te.config.exception.ApplicationException).
[2015-05-29 17:13:41,357][Test worker][INFO ][AbstractGameInstanceService] No channel game instance time definiton found, ignore it.
[2015-05-29 17:13:41,357][Test worker][DEBUG][UUIDServiceImpl] Assemble a new ticket serial number:01110745519300016971
[2015-05-29 17:13:41,389][Test worker][DEBUG][DefaultBalanceService] Operator before transaction -  Operator [id=OPERATOR-111, loginName=OPERATOR-LOGIN, creditType=1, saleCreditLevel=200000000, payoutCreditLevel=1000, cashoutBalance=0, commisionBalance=0]
[2015-05-29 17:13:41,389][Test worker][DEBUG][DefaultBalanceService] Found balance strategy:com.mpos.lottery.te.merchant.service.balance.SaleBalanceStrategy@e1f8aba
[2015-05-29 17:13:41,389][Test worker][DEBUG][DefaultBalanceService] Operator after transaction -  Operator [id=OPERATOR-111, loginName=OPERATOR-LOGIN, creditType=1, saleCreditLevel=199999400.0, payoutCreditLevel=1000, cashoutBalance=0, commisionBalance=0]
[2015-05-29 17:13:41,392][Test worker][WARN ][BaseJpaDao] Should be at most only 1 entity(com.mpos.lottery.te.merchant.domain.OperatorCommission) found, however total 2 entities found... the 1st entity(com.mpos.lottery.te.merchant.domain.OperatorCommission@383d4fec) will be returned.
[2015-05-29 17:13:41,399][Test worker][DEBUG][CommonFacadeService] Prepare to publish message to exchange[TE.200] with routing key[TE.200.5]: transaction {
  id: "0115052900000000002011"
  dev_id: "111"
  operator_id: "OPERATOR-111"
  merchant_id: "111"
  create_time: 1432890821000
  trans_type: 200
  game_id: "GAME-TOTO-1"
  game_type: 5
  total_amount: "600.0"
}
multi_draw: 1
total_amount: "600.0"
serial_no: "aHhDkgTyIu4QvNU74kOjvs7UI9TaO6/G"
game_instance {
  id: "GII-112"
}
entries {
  selected_number: "0|1|3,1,3|0"
  bet_option: 0
  total_bets: 6
  entry_amount: "600.00"
  input_channel: "1"
}

[2015-05-29 17:13:41,399][Test worker][DEBUG][CommonFacadeService] Publish message successfully
[2015-05-29 17:13:41,399][Test worker][DEBUG][MLotteryContext] find mapping file definition(xml-mapping/game/toto/ToToSellTicket_Res.xml) by key(5.transtype.4200).
[2015-05-29 17:13:41,399][Test worker][DEBUG][ProtocolSerializer] Start to serialize model(class com.mpos.lottery.te.gameimpl.toto.domain.ToToTicket),mappingFile=xml-mapping/game/toto/ToToSellTicket_Res.xml
[2015-05-29 17:13:41,399][Test worker][DEBUG][MLotteryContext] find mapping file definition(xml-mapping/game/toto/ToToSellTicket_Res.xml) by key(5.transtype.4200).
[2015-05-29 17:13:41,400][Test worker][DEBUG][CastorHelper] Finish marshaling input(typeclass com.mpos.lottery.te.gameimpl.toto.domain.ToToTicket, mappingFile=xml-mapping/game/toto/ToToSellTicket_Res.xml).
[2015-05-29 17:13:41,400][Test worker][DEBUG][ProtocolSerializer] Finish mac(macKey=P2Bbo6+bSSR9O2Qc89f3b4oHTyE1V2gF,macString=Protocal-Version:1.5|GPE_Id:GPE-111|Terminal-Id:111|Operator-Id:OPERATOR-111|Trans-BatchNumber:20150529|TractMsg-Id:1432890821336|Timestamp:20150529171341|Transaction-Type:4200|Transaction-Id:0115052900000000002011|Response-Code:200|<?xml version="1.0" encoding="UTF-8"?>
<Ticket serialNo="01110745519300016971" barcode="05cK/u9hwZY2Rogq4k24Oeg4G3HSlAl9EbjLdf+UJJlt8eRiXxElYKct88xsaBE+0p+QCybgKRfUI=" validationCode="666072" multipleDraws="1" totalBets="6" totalAmount="600.0"><GameDraw number="20090402" gameId="GAME-TOTO-1" omrGameSet="G2"/><Entry selectedNumber="0|1|3,1,3|0" inputChannel="1" betOption="0" entryAmount="600.00"/></Ticket>):2008c99333f992ac67ebb77ce265ca4e
[2015-05-29 17:13:41,400][Test worker][DEBUG][TEPortServlet] Write response to client(host1=localhost,sizeOfPack=556) succesfully.
[2015-05-29 17:13:41,401][Test worker][DEBUG][BaseServletIntegrationTest] Got response(code=200,length=556): <?xml version="1.0" encoding="UTF-8"?>
<Ticket serialNo="01110745519300016971" barcode="05cK/u9hwZY2Rogq4k24Oeg4G3HSlAl9EbjLdf+UJJlt8eRiXxElYKct88xsaBE+0p+QCybgKRfUI=" validationCode="666072" multipleDraws="1" totalBets="6" totalAmount="600.0"><GameDraw number="20090402" gameId="GAME-TOTO-1" omrGameSet="G2"/><Entry selectedNumber="0|1|3,1,3|0" inputChannel="1" betOption="0" entryAmount="600.00"/></Ticket>
[2015-05-29 17:13:41,401][Test worker][DEBUG][MLotteryContext] find mapping file definition(xml-mapping/game/toto/ToToSellTicket_Res.xml) by key(5.transtype.4200).
[2015-05-29 17:13:41,406][Test worker][DEBUG][MLotteryContext] find mapping file definition(xml-mapping/game/toto/ToToCancelTicket_Req.xml) by key(5.transtype.201).
[2015-05-29 17:13:41,407][Test worker][DEBUG][CastorHelper] Finish marshaling input(typeclass com.mpos.lottery.te.gameimpl.toto.domain.ToToTicket, mappingFile=xml-mapping/game/toto/ToToCancelTicket_Req.xml).
[2015-05-29 17:13:41,407][Test worker][DEBUG][BaseServletIntegrationTest] Do MAC(key=P2Bbo6+bSSR9O2Qc89f3b4oHTyE1V2gF) on (Protocal-Version:1.5|GPE_Id:GPE-111|Terminal-Id:111|Operator-Id:OPERATOR-111|Trans-BatchNumber:20150529|TractMsg-Id:1432890821406|Timestamp:20150529171341|Transaction-Type:201|Transaction-Id:|Response-Code:|<?xml version="1.0" encoding="UTF-8"?>
<Ticket serialNo="01110745519300016971" isMannul="1"/>,hash=1031915667), get digest:0b0d831bc7aa4564ae5c1b637c45629b
[2015-05-29 17:13:41,407][Test worker][DEBUG][TEPortServlet] Got request header(name=X-Transaction-Type, value=201).
[2015-05-29 17:13:41,407][Test worker][DEBUG][TEPortServlet] Got request header(name=X-Protocal-Version, value=1.5).
[2015-05-29 17:13:41,407][Test worker][DEBUG][TEPortServlet] Got request header(name=X-Timestamp, value=20150529171341).
[2015-05-29 17:13:41,407][Test worker][DEBUG][TEPortServlet] Got request header(name=X-GPE-Id, value=GPE-111).
[2015-05-29 17:13:41,407][Test worker][DEBUG][TEPortServlet] Got request header(name=X-Trace-Message-Id, value=1432890821406).
[2015-05-29 17:13:41,407][Test worker][DEBUG][TEPortServlet] Got request header(name=X-Operator-Id, value=OPERATOR-111).
[2015-05-29 17:13:41,407][Test worker][DEBUG][TEPortServlet] Got request header(name=X-Terminal-Id, value=111).
[2015-05-29 17:13:41,407][Test worker][DEBUG][TEPortServlet] Got request header(name=X-MAC, value=0b0d831bc7aa4564ae5c1b637c45629b).
[2015-05-29 17:13:41,407][Test worker][DEBUG][TEPortServlet] Got request header(name=X-Game-Type-Id, value=5).
[2015-05-29 17:13:41,407][Test worker][DEBUG][TEPortServlet] Got request header(name=X-Trans-BatchNumber, value=20150529).
[2015-05-29 17:13:41,407][Test worker][DEBUG][TEPortServlet] Got request header(name=X-GPS-Location, value=40.714353,-74.005973).
[2015-05-29 17:13:41,409][Test worker][DEBUG][TEPortServlet] Got request from localhost, and the message body is:pq3FqO8HCcAnaobA+xpVnADmrnwj1vrK59BGhqvtskYFWTsa2cbe6ttFDFcpmi1MamgAomcAmY7eTM16XgcUTnORr95YBFZ2J8umcF7BzF1dhc+UC2kR/2Xo7/z9H2MN.
[2015-05-29 17:13:41,409][Test worker][DEBUG][ProtocolSerializer] Start to deserialize request context(Protocal-Version:1.5|GPE_Id:GPE-111|Terminal-Id:111|Operator-Id:OPERATOR-111|Trans-BatchNumber:20150529|TractMsg-Id:1432890821406|Timestamp:20150529171341|Transaction-Type:201|Transaction-Id:|Response-Code:|).
[2015-05-29 17:13:41,409][Test worker][DEBUG][ProtocolSerializer] Finish decrypting cipher into original xml:<?xml version="1.0" encoding="UTF-8"?>
<Ticket serialNo="01110745519300016971" isMannul="1"/>
[2015-05-29 17:13:41,409][Test worker][DEBUG][ProtocolSerializer] Start to do MAC(key=P2Bbo6+bSSR9O2Qc89f3b4oHTyE1V2gF) on (Protocal-Version:1.5|GPE_Id:GPE-111|Terminal-Id:111|Operator-Id:OPERATOR-111|Trans-BatchNumber:20150529|TractMsg-Id:1432890821406|Timestamp:20150529171341|Transaction-Type:201|Transaction-Id:|Response-Code:|<?xml version="1.0" encoding="UTF-8"?>
<Ticket serialNo="01110745519300016971" isMannul="1"/>,hash=1031915667), get digest:0b0d831bc7aa4564ae5c1b637c45629b
[2015-05-29 17:13:41,409][Test worker][DEBUG][MLotteryContext] find mapping file definition(xml-mapping/game/toto/ToToCancelTicket_Req.xml) by key(5.transtype.201).
[2015-05-29 17:13:41,409][Test worker][DEBUG][ProtocolSerializer] Start to deserialize model: model=null,mappingFile=xml-mapping/game/toto/ToToCancelTicket_Req.xml
[2015-05-29 17:13:41,409][Test worker][DEBUG][MLotteryContext] find mapping file definition(xml-mapping/game/toto/ToToCancelTicket_Req.xml) by key(5.transtype.201).
[2015-05-29 17:13:41,424][Test worker][DEBUG][RoutineRegistry] Try to lookup handler by routine key(5_201_1.5.0).
[2015-05-29 17:13:41,424][Test worker][DEBUG][RoutineRegistry] Try to lookup handler by routine key(5_201_).
[2015-05-29 17:13:41,424][Test worker][DEBUG][RoutineRegistry] Lookup controller by key(5_201_), found controller(com.mpos.lottery.te.gameimpl.toto.ToToController@6e596eed) and method(public void com.mpos.lottery.te.gameimpl.toto.ToToController.cancelByTicket(com.mpos.lottery.te.port.Context,com.mpos.lottery.te.port.Context) throws com.mpos.lottery.te.config.exception.ApplicationException).
[2015-05-29 17:13:41,429][Test worker][DEBUG][ReversalOrCancelStrategyFactory] Found ReversalStrategy(class com.mpos.lottery.te.gameimpl.toto.service.impl.ToToTicketServiceImpl) to cancel transaction(gameType=5,terminalId=111,transType=200,protocolVersion=1.5.0).
[2015-05-29 17:13:41,440][Test worker][DEBUG][DefaultBalanceService] Operator before transaction -  Operator [id=OPERATOR-111, loginName=OPERATOR-LOGIN, creditType=1, saleCreditLevel=199999400, payoutCreditLevel=1000, cashoutBalance=0, commisionBalance=0]
[2015-05-29 17:13:41,440][Test worker][DEBUG][DefaultBalanceService] Found balance strategy:com.mpos.lottery.te.merchant.service.balance.SaleBalanceStrategy@e1f8aba
[2015-05-29 17:13:41,440][Test worker][DEBUG][DefaultBalanceService] Operator after transaction -  Operator [id=OPERATOR-111, loginName=OPERATOR-LOGIN, creditType=1, saleCreditLevel=200000000, payoutCreditLevel=1000, cashoutBalance=0, commisionBalance=0]
[2015-05-29 17:13:41,450][Test worker][DEBUG][CommonFacadeService] Prepare to publish message to exchange[TE.200] with routing key[TE.CANCEL.200.5]: origTrans {
  id: "0115052900000000002011"
  dev_id: "111"
  operator_id: "OPERATOR-111"
  merchant_id: "111"
  create_time: 1432890821000
  trans_type: 200
  game_id: "GAME-TOTO-1"
  game_type: 5
  total_amount: "600"
}
cancelTrans {
  id: "0115052900000000002014"
  dev_id: "111"
  operator_id: "OPERATOR-111"
  merchant_id: "111"
  create_time: 1432890821000
  trans_type: 210
  game_id: "GAME-TOTO-1"
  game_type: 5
  total_amount: "600"
}

[2015-05-29 17:13:41,450][Test worker][DEBUG][CommonFacadeService] Publish message successfully
[2015-05-29 17:13:41,450][Test worker][DEBUG][ProtocolSerializer] Finish mac(macKey=P2Bbo6+bSSR9O2Qc89f3b4oHTyE1V2gF,macString=Protocal-Version:1.5|GPE_Id:GPE-111|Terminal-Id:111|Operator-Id:OPERATOR-111|Trans-BatchNumber:20150529|TractMsg-Id:1432890821406|Timestamp:20150529171341|Transaction-Type:4201|Transaction-Id:0115052900000000002014|Response-Code:200|):6a1c11a8afdd4e3491cab5671077a765
[2015-05-29 17:13:41,450][Test worker][DEBUG][BaseServletIntegrationTest] Got response(code=200,length=0): 
[2015-05-29 17:13:41,466][Test worker][DEBUG][TEPortServlet] Startup job scheduer(org.quartz.impl.StdScheduler@4d1e5820) successfully.
[2015-05-29 17:13:41,466][Test worker][WARN ][TEPortServlet] can NOT find META file:F:\project\M.Lottery\TE\TRUNK_TE\sourcecode\build\classes\main\META-INF\MANIFEST.MF
[2015-05-29 17:13:41,466][Test worker][DEBUG][TEPortServlet] Register MBean(com.mpos.lottery.te.common.jmx.TransactionTimeout@6a526437) with name(com.mpos.lottery.te:type=TransactionTimeoutMBean) successfully.
[2015-05-29 17:13:41,467][Test worker][DEBUG][BaseTransactionalIntegrationTest] Retrieve a ApplicationContext(org.springframework.web.context.support.GenericWebApplicationContext@34f645a8: startup date [Fri May 29 17:12:38 CST 2015]; root of context hierarchy).
[2015-05-29 17:13:41,467][Test worker][INFO ][BaseTransactionalIntegrationTest] +------------------------------------------------------------------------------------------------------------------------+
[2015-05-29 17:13:41,467][Test worker][INFO ][BaseTransactionalIntegrationTest] | SaleCancellationIntegrationTest.testCancelByTicket_CancelDecline                                                       |
[2015-05-29 17:13:41,467][Test worker][INFO ][BaseTransactionalIntegrationTest] +------------------------------------------------------------------------------------------------------------------------+
[2015-05-29 17:13:41,470][Test worker][DEBUG][MLotteryContext] find mapping file definition(xml-mapping/game/toto/ToToSellTicket_Req.xml) by key(5.transtype.200).
[2015-05-29 17:13:41,470][Test worker][DEBUG][CastorHelper] Finish marshaling input(typeclass com.mpos.lottery.te.gameimpl.toto.domain.ToToTicket, mappingFile=xml-mapping/game/toto/ToToSellTicket_Req.xml).
[2015-05-29 17:13:41,470][Test worker][DEBUG][BaseServletIntegrationTest] Do MAC(key=P2Bbo6+bSSR9O2Qc89f3b4oHTyE1V2gF) on (Protocal-Version:1.5|GPE_Id:GPE-111|Terminal-Id:111|Operator-Id:OPERATOR-111|Trans-BatchNumber:20150529|TractMsg-Id:1432890821469|Timestamp:20150529171341|Transaction-Type:200|Transaction-Id:|Response-Code:|<?xml version="1.0" encoding="UTF-8"?>
<Ticket multipleDraws="1" totalAmount="600.0" PIN="123456"><GameDraw number="20090402" gameId="GAME-TOTO-1" omrGameSet="G2"/><Entry selectedNumber="0|1|3,1,3|0" inputChannel="1" betOption="0"/></Ticket>,hash=-335627423), get digest:379826025ba513a743e109b8309afe34
[2015-05-29 17:13:41,471][Test worker][DEBUG][TEPortServlet] Got request header(name=X-Transaction-Type, value=200).
[2015-05-29 17:13:41,471][Test worker][DEBUG][TEPortServlet] Got request header(name=X-Protocal-Version, value=1.5).
[2015-05-29 17:13:41,471][Test worker][DEBUG][TEPortServlet] Got request header(name=X-Timestamp, value=20150529171341).
[2015-05-29 17:13:41,471][Test worker][DEBUG][TEPortServlet] Got request header(name=X-GPE-Id, value=GPE-111).
[2015-05-29 17:13:41,471][Test worker][DEBUG][TEPortServlet] Got request header(name=X-Trace-Message-Id, value=1432890821469).
[2015-05-29 17:13:41,471][Test worker][DEBUG][TEPortServlet] Got request header(name=X-Operator-Id, value=OPERATOR-111).
[2015-05-29 17:13:41,471][Test worker][DEBUG][TEPortServlet] Got request header(name=X-Terminal-Id, value=111).
[2015-05-29 17:13:41,471][Test worker][DEBUG][TEPortServlet] Got request header(name=X-MAC, value=379826025ba513a743e109b8309afe34).
[2015-05-29 17:13:41,471][Test worker][DEBUG][TEPortServlet] Got request header(name=X-Game-Type-Id, value=5).
[2015-05-29 17:13:41,471][Test worker][DEBUG][TEPortServlet] Got request header(name=X-Trans-BatchNumber, value=20150529).
[2015-05-29 17:13:41,471][Test worker][DEBUG][TEPortServlet] Got request header(name=X-GPS-Location, value=40.714353,-74.005973).
[2015-05-29 17:13:41,472][Test worker][DEBUG][TEPortServlet] Got request from localhost, and the message body is:pq3FqO8HCcAnaobA+xpVnADmrnwj1vrK59BGhqvtskYFWTsa2cbe6vvj1C28m6E+ybhcq2GHfnfSvzUuvi5gIW+x7OzQghYn61j67DgR6TCXVRbbYRxY5tlDCBqQgCi1VnZWrdPdsyn4IjNz0O9RxmbMgamU+bELYX0cJuPYitV4wBRrPDrMt+Mi6wufj5bRe6zTiRVNzq6lR8JO3sEZ+wCJoQXPhqF87+bCU0Clv4kA6g1ZTYZsNpF1xs0eV+4VJ9zWSmiflVVA9CrpfEG2yqlhhs18xWdVR+NLrN4zoLXGW0aEQywdcYenxpRm6mR1F/klZM1CA2U=.
[2015-05-29 17:13:41,473][Test worker][DEBUG][ProtocolSerializer] Start to deserialize request context(Protocal-Version:1.5|GPE_Id:GPE-111|Terminal-Id:111|Operator-Id:OPERATOR-111|Trans-BatchNumber:20150529|TractMsg-Id:1432890821469|Timestamp:20150529171341|Transaction-Type:200|Transaction-Id:|Response-Code:|).
[2015-05-29 17:13:41,473][Test worker][DEBUG][ProtocolSerializer] Finish decrypting cipher into original xml:<?xml version="1.0" encoding="UTF-8"?>
<Ticket multipleDraws="1" totalAmount="600.0" PIN="123456"><GameDraw number="20090402" gameId="GAME-TOTO-1" omrGameSet="G2"/><Entry selectedNumber="0|1|3,1,3|0" inputChannel="1" betOption="0"/></Ticket>
[2015-05-29 17:13:41,473][Test worker][DEBUG][ProtocolSerializer] Start to do MAC(key=P2Bbo6+bSSR9O2Qc89f3b4oHTyE1V2gF) on (Protocal-Version:1.5|GPE_Id:GPE-111|Terminal-Id:111|Operator-Id:OPERATOR-111|Trans-BatchNumber:20150529|TractMsg-Id:1432890821469|Timestamp:20150529171341|Transaction-Type:200|Transaction-Id:|Response-Code:|<?xml version="1.0" encoding="UTF-8"?>
<Ticket multipleDraws="1" totalAmount="600.0" PIN="123456"><GameDraw number="20090402" gameId="GAME-TOTO-1" omrGameSet="G2"/><Entry selectedNumber="0|1|3,1,3|0" inputChannel="1" betOption="0"/></Ticket>,hash=-335627423), get digest:379826025ba513a743e109b8309afe34
[2015-05-29 17:13:41,473][Test worker][DEBUG][MLotteryContext] find mapping file definition(xml-mapping/game/toto/ToToSellTicket_Req.xml) by key(5.transtype.200).
[2015-05-29 17:13:41,473][Test worker][DEBUG][ProtocolSerializer] Start to deserialize model: model=null,mappingFile=xml-mapping/game/toto/ToToSellTicket_Req.xml
[2015-05-29 17:13:41,473][Test worker][DEBUG][MLotteryContext] find mapping file definition(xml-mapping/game/toto/ToToSellTicket_Req.xml) by key(5.transtype.200).
[2015-05-29 17:13:41,482][Test worker][DEBUG][RoutineRegistry] Try to lookup handler by routine key(5_200_1.5.0).
[2015-05-29 17:13:41,482][Test worker][DEBUG][RoutineRegistry] Try to lookup handler by routine key(5_200_).
[2015-05-29 17:13:41,483][Test worker][DEBUG][RoutineRegistry] Lookup controller by key(5_200_), found controller(com.mpos.lottery.te.gameimpl.toto.ToToController@6e596eed) and method(public void com.mpos.lottery.te.gameimpl.toto.ToToController.sell(com.mpos.lottery.te.port.Context,com.mpos.lottery.te.port.Context) throws com.mpos.lottery.te.config.exception.ApplicationException).
[2015-05-29 17:13:41,488][Test worker][INFO ][AbstractGameInstanceService] No channel game instance time definiton found, ignore it.
[2015-05-29 17:13:41,488][Test worker][DEBUG][UUIDServiceImpl] Assemble a new ticket serial number:01110745519300017061
[2015-05-29 17:13:41,510][Test worker][DEBUG][DefaultBalanceService] Operator before transaction -  Operator [id=OPERATOR-111, loginName=OPERATOR-LOGIN, creditType=1, saleCreditLevel=200000000, payoutCreditLevel=1000, cashoutBalance=0, commisionBalance=0]
[2015-05-29 17:13:41,510][Test worker][DEBUG][DefaultBalanceService] Found balance strategy:com.mpos.lottery.te.merchant.service.balance.SaleBalanceStrategy@e1f8aba
[2015-05-29 17:13:41,510][Test worker][DEBUG][DefaultBalanceService] Operator after transaction -  Operator [id=OPERATOR-111, loginName=OPERATOR-LOGIN, creditType=1, saleCreditLevel=199999400.0, payoutCreditLevel=1000, cashoutBalance=0, commisionBalance=0]
[2015-05-29 17:13:41,513][Test worker][WARN ][BaseJpaDao] Should be at most only 1 entity(com.mpos.lottery.te.merchant.domain.OperatorCommission) found, however total 2 entities found... the 1st entity(com.mpos.lottery.te.merchant.domain.OperatorCommission@61d6973c) will be returned.
[2015-05-29 17:13:41,518][Test worker][DEBUG][CommonFacadeService] Prepare to publish message to exchange[TE.200] with routing key[TE.200.5]: transaction {
  id: "0115052900000000002015"
  dev_id: "111"
  operator_id: "OPERATOR-111"
  merchant_id: "111"
  create_time: 1432890821000
  trans_type: 200
  game_id: "GAME-TOTO-1"
  game_type: 5
  total_amount: "600.0"
}
multi_draw: 1
total_amount: "600.0"
serial_no: "aHhDkgTyIu4QvNU74kOjvsQ9HVHCUuR7"
game_instance {
  id: "GII-112"
}
entries {
  selected_number: "0|1|3,1,3|0"
  bet_option: 0
  total_bets: 6
  entry_amount: "600.00"
  input_channel: "1"
}

[2015-05-29 17:13:41,519][Test worker][DEBUG][CommonFacadeService] Publish message successfully
[2015-05-29 17:13:41,519][Test worker][DEBUG][MLotteryContext] find mapping file definition(xml-mapping/game/toto/ToToSellTicket_Res.xml) by key(5.transtype.4200).
[2015-05-29 17:13:41,519][Test worker][DEBUG][ProtocolSerializer] Start to serialize model(class com.mpos.lottery.te.gameimpl.toto.domain.ToToTicket),mappingFile=xml-mapping/game/toto/ToToSellTicket_Res.xml
[2015-05-29 17:13:41,519][Test worker][DEBUG][MLotteryContext] find mapping file definition(xml-mapping/game/toto/ToToSellTicket_Res.xml) by key(5.transtype.4200).
[2015-05-29 17:13:41,520][Test worker][DEBUG][CastorHelper] Finish marshaling input(typeclass com.mpos.lottery.te.gameimpl.toto.domain.ToToTicket, mappingFile=xml-mapping/game/toto/ToToSellTicket_Res.xml).
[2015-05-29 17:13:41,520][Test worker][DEBUG][ProtocolSerializer] Finish mac(macKey=P2Bbo6+bSSR9O2Qc89f3b4oHTyE1V2gF,macString=Protocal-Version:1.5|GPE_Id:GPE-111|Terminal-Id:111|Operator-Id:OPERATOR-111|Trans-BatchNumber:20150529|TractMsg-Id:1432890821469|Timestamp:20150529171341|Transaction-Type:4200|Transaction-Id:0115052900000000002015|Response-Code:200|<?xml version="1.0" encoding="UTF-8"?>
<Ticket serialNo="01110745519300017061" barcode="05cK/u9hwZY2Rogq4k24Oeg4G3HSlAl9EbjLdf+UJJlt8eRiXxElYKct88xsaBE+0pzA7xThwjfnM=" validationCode="493261" multipleDraws="1" totalBets="6" totalAmount="600.0"><GameDraw number="20090402" gameId="GAME-TOTO-1" omrGameSet="G2"/><Entry selectedNumber="0|1|3,1,3|0" inputChannel="1" betOption="0" entryAmount="600.00"/></Ticket>):153b9f1dd02675526f595dfd69dc6a79
[2015-05-29 17:13:41,520][Test worker][DEBUG][TEPortServlet] Write response to client(host1=localhost,sizeOfPack=556) succesfully.
[2015-05-29 17:13:41,520][Test worker][DEBUG][BaseServletIntegrationTest] Got response(code=200,length=556): <?xml version="1.0" encoding="UTF-8"?>
<Ticket serialNo="01110745519300017061" barcode="05cK/u9hwZY2Rogq4k24Oeg4G3HSlAl9EbjLdf+UJJlt8eRiXxElYKct88xsaBE+0pzA7xThwjfnM=" validationCode="493261" multipleDraws="1" totalBets="6" totalAmount="600.0"><GameDraw number="20090402" gameId="GAME-TOTO-1" omrGameSet="G2"/><Entry selectedNumber="0|1|3,1,3|0" inputChannel="1" betOption="0" entryAmount="600.00"/></Ticket>
[2015-05-29 17:13:41,520][Test worker][DEBUG][MLotteryContext] find mapping file definition(xml-mapping/game/toto/ToToSellTicket_Res.xml) by key(5.transtype.4200).
[2015-05-29 17:13:41,528][Test worker][DEBUG][MLotteryContext] find mapping file definition(xml-mapping/game/toto/ToToCancelTicket_Req.xml) by key(5.transtype.201).
[2015-05-29 17:13:41,529][Test worker][DEBUG][CastorHelper] Finish marshaling input(typeclass com.mpos.lottery.te.gameimpl.toto.domain.ToToTicket, mappingFile=xml-mapping/game/toto/ToToCancelTicket_Req.xml).
[2015-05-29 17:13:41,529][Test worker][DEBUG][BaseServletIntegrationTest] Do MAC(key=P2Bbo6+bSSR9O2Qc89f3b4oHTyE1V2gF) on (Protocal-Version:1.5|GPE_Id:GPE-111|Terminal-Id:111|Operator-Id:OPERATOR-111|Trans-BatchNumber:20150529|TractMsg-Id:1432890821528|Timestamp:20150529171341|Transaction-Type:201|Transaction-Id:|Response-Code:|<?xml version="1.0" encoding="UTF-8"?>
<Ticket serialNo="01110745519300017061" isMannul="0"/>,hash=-625947126), get digest:7a4203bc4bf3700a5217fb9a7f088943
[2015-05-29 17:13:41,529][Test worker][DEBUG][TEPortServlet] Got request header(name=X-Transaction-Type, value=201).
[2015-05-29 17:13:41,529][Test worker][DEBUG][TEPortServlet] Got request header(name=X-Protocal-Version, value=1.5).
[2015-05-29 17:13:41,529][Test worker][DEBUG][TEPortServlet] Got request header(name=X-Timestamp, value=20150529171341).
[2015-05-29 17:13:41,529][Test worker][DEBUG][TEPortServlet] Got request header(name=X-GPE-Id, value=GPE-111).
[2015-05-29 17:13:41,529][Test worker][DEBUG][TEPortServlet] Got request header(name=X-Trace-Message-Id, value=1432890821528).
[2015-05-29 17:13:41,529][Test worker][DEBUG][TEPortServlet] Got request header(name=X-Operator-Id, value=OPERATOR-111).
[2015-05-29 17:13:41,529][Test worker][DEBUG][TEPortServlet] Got request header(name=X-Terminal-Id, value=111).
[2015-05-29 17:13:41,529][Test worker][DEBUG][TEPortServlet] Got request header(name=X-MAC, value=7a4203bc4bf3700a5217fb9a7f088943).
[2015-05-29 17:13:41,529][Test worker][DEBUG][TEPortServlet] Got request header(name=X-Game-Type-Id, value=5).
[2015-05-29 17:13:41,529][Test worker][DEBUG][TEPortServlet] Got request header(name=X-Trans-BatchNumber, value=20150529).
[2015-05-29 17:13:41,529][Test worker][DEBUG][TEPortServlet] Got request header(name=X-GPS-Location, value=40.714353,-74.005973).
[2015-05-29 17:13:41,531][Test worker][DEBUG][TEPortServlet] Got request from localhost, and the message body is:pq3FqO8HCcAnaobA+xpVnADmrnwj1vrK59BGhqvtskYFWTsa2cbe6ttFDFcpmi1MamgAomcAmY7eTM16XgcUTnORr95YBFZ2ePSjeta25yV9BgzKPSK303SR4nLr/n61.
[2015-05-29 17:13:41,531][Test worker][DEBUG][ProtocolSerializer] Start to deserialize request context(Protocal-Version:1.5|GPE_Id:GPE-111|Terminal-Id:111|Operator-Id:OPERATOR-111|Trans-BatchNumber:20150529|TractMsg-Id:1432890821528|Timestamp:20150529171341|Transaction-Type:201|Transaction-Id:|Response-Code:|).
[2015-05-29 17:13:41,531][Test worker][DEBUG][ProtocolSerializer] Finish decrypting cipher into original xml:<?xml version="1.0" encoding="UTF-8"?>
<Ticket serialNo="01110745519300017061" isMannul="0"/>
[2015-05-29 17:13:41,531][Test worker][DEBUG][ProtocolSerializer] Start to do MAC(key=P2Bbo6+bSSR9O2Qc89f3b4oHTyE1V2gF) on (Protocal-Version:1.5|GPE_Id:GPE-111|Terminal-Id:111|Operator-Id:OPERATOR-111|Trans-BatchNumber:20150529|TractMsg-Id:1432890821528|Timestamp:20150529171341|Transaction-Type:201|Transaction-Id:|Response-Code:|<?xml version="1.0" encoding="UTF-8"?>
<Ticket serialNo="01110745519300017061" isMannul="0"/>,hash=-625947126), get digest:7a4203bc4bf3700a5217fb9a7f088943
[2015-05-29 17:13:41,531][Test worker][DEBUG][MLotteryContext] find mapping file definition(xml-mapping/game/toto/ToToCancelTicket_Req.xml) by key(5.transtype.201).
[2015-05-29 17:13:41,531][Test worker][DEBUG][ProtocolSerializer] Start to deserialize model: model=null,mappingFile=xml-mapping/game/toto/ToToCancelTicket_Req.xml
[2015-05-29 17:13:41,531][Test worker][DEBUG][MLotteryContext] find mapping file definition(xml-mapping/game/toto/ToToCancelTicket_Req.xml) by key(5.transtype.201).
[2015-05-29 17:13:41,542][Test worker][DEBUG][RoutineRegistry] Try to lookup handler by routine key(5_201_1.5.0).
[2015-05-29 17:13:41,542][Test worker][DEBUG][RoutineRegistry] Try to lookup handler by routine key(5_201_).
[2015-05-29 17:13:41,543][Test worker][DEBUG][RoutineRegistry] Lookup controller by key(5_201_), found controller(com.mpos.lottery.te.gameimpl.toto.ToToController@6e596eed) and method(public void com.mpos.lottery.te.gameimpl.toto.ToToController.cancelByTicket(com.mpos.lottery.te.port.Context,com.mpos.lottery.te.port.Context) throws com.mpos.lottery.te.config.exception.ApplicationException).
[2015-05-29 17:13:41,547][Test worker][DEBUG][ReversalOrCancelStrategyFactory] Found ReversalStrategy(class com.mpos.lottery.te.gameimpl.toto.service.impl.ToToTicketServiceImpl) to cancel transaction(gameType=5,terminalId=111,transType=200,protocolVersion=1.5.0).
[2015-05-29 17:13:41,559][Test worker][DEBUG][DefaultBalanceService] Operator before transaction -  Operator [id=OPERATOR-111, loginName=OPERATOR-LOGIN, creditType=1, saleCreditLevel=199999400, payoutCreditLevel=1000, cashoutBalance=0, commisionBalance=0]
[2015-05-29 17:13:41,559][Test worker][DEBUG][DefaultBalanceService] Found balance strategy:com.mpos.lottery.te.merchant.service.balance.SaleBalanceStrategy@e1f8aba
[2015-05-29 17:13:41,559][Test worker][DEBUG][DefaultBalanceService] Operator after transaction -  Operator [id=OPERATOR-111, loginName=OPERATOR-LOGIN, creditType=1, saleCreditLevel=200000000, payoutCreditLevel=1000, cashoutBalance=0, commisionBalance=0]
[2015-05-29 17:13:41,569][Test worker][DEBUG][CommonFacadeService] Prepare to publish message to exchange[TE.200] with routing key[TE.CANCEL.200.5]: origTrans {
  id: "0115052900000000002015"
  dev_id: "111"
  operator_id: "OPERATOR-111"
  merchant_id: "111"
  create_time: 1432890821000
  trans_type: 200
  game_id: "GAME-TOTO-1"
  game_type: 5
  total_amount: "600"
}
cancelTrans {
  id: "0115052900000000002018"
  dev_id: "111"
  operator_id: "OPERATOR-111"
  merchant_id: "111"
  create_time: 1432890821000
  trans_type: 201
  game_id: "GAME-TOTO-1"
  game_type: 5
  total_amount: "600"
}

[2015-05-29 17:13:41,569][Test worker][DEBUG][CommonFacadeService] Publish message successfully
[2015-05-29 17:13:41,569][Test worker][DEBUG][ProtocolSerializer] Finish mac(macKey=P2Bbo6+bSSR9O2Qc89f3b4oHTyE1V2gF,macString=Protocal-Version:1.5|GPE_Id:GPE-111|Terminal-Id:111|Operator-Id:OPERATOR-111|Trans-BatchNumber:20150529|TractMsg-Id:1432890821528|Timestamp:20150529171341|Transaction-Type:4201|Transaction-Id:0115052900000000002018|Response-Code:333|):9693ec13a5ad1e8f6bb6e6777cd4e2c4
[2015-05-29 17:13:41,570][Test worker][DEBUG][BaseServletIntegrationTest] Got response(code=333,length=0): 
]]></system-out>
  <system-err><![CDATA[]]></system-err>
</testsuite>
