<?xml version="1.0" encoding="UTF-8"?>
<testsuite name="com.mpos.lottery.te.trans.dao.TransactionMessageDaoImplIntegrationTest" tests="1" skipped="0" failures="0" errors="0" timestamp="2015-05-29T09:14:05" hostname="Ramon-PC" time="0.009">
  <properties/>
  <testcase name="testInsert" classname="com.mpos.lottery.te.trans.dao.TransactionMessageDaoImplIntegrationTest" time="0.009"/>
  <system-out><![CDATA[[2015-05-29 17:14:05,958][Test worker][DEBUG][BaseTransactionalIntegrationTest] Retrieve a ApplicationContext(org.springframework.web.context.support.GenericWebApplicationContext@34f645a8: startup date [Fri May 29 17:12:38 CST 2015]; root of context hierarchy).
[2015-05-29 17:14:05,958][Test worker][INFO ][BaseTransactionalIntegrationTest] +------------------------------------------------------------------------------------------------------------------------+
[2015-05-29 17:14:05,958][Test worker][INFO ][BaseTransactionalIntegrationTest] | TransactionMessageDaoImplIntegrationTest.testInsert                                                                    |
[2015-05-29 17:14:05,958][Test worker][INFO ][BaseTransactionalIntegrationTest] +------------------------------------------------------------------------------------------------------------------------+
]]></system-out>
  <system-err><![CDATA[]]></system-err>
</testsuite>
