<?xml version="1.0" encoding="UTF-8"?>
<testsuite name="com.mpos.lottery.te.merchant.OperatorCashoutByPassIntegrateTest" tests="1" skipped="0" failures="0" errors="0" timestamp="2015-05-29T09:13:54" hostname="Ramon-PC" time="0.076">
  <properties/>
  <testcase name="test" classname="com.mpos.lottery.te.merchant.OperatorCashoutByPassIntegrateTest" time="0.076"/>
  <system-out><![CDATA[[2015-05-29 17:13:54,084][Test worker][DEBUG][TEPortServlet] Startup job scheduer(org.quartz.impl.StdScheduler@4d1e5820) successfully.
[2015-05-29 17:13:54,084][Test worker][WARN ][TEPortServlet] can NOT find META file:F:\project\M.Lottery\TE\TRUNK_TE\sourcecode\build\classes\main\META-INF\MANIFEST.MF
[2015-05-29 17:13:54,084][Test worker][DEBUG][TEPortServlet] Register MBean(com.mpos.lottery.te.common.jmx.TransactionTimeout@1899b26a) with name(com.mpos.lottery.te:type=TransactionTimeoutMBean) successfully.
[2015-05-29 17:13:54,085][Test worker][DEBUG][BaseTransactionalIntegrationTest] Retrieve a ApplicationContext(org.springframework.web.context.support.GenericWebApplicationContext@34f645a8: startup date [Fri May 29 17:12:38 CST 2015]; root of context hierarchy).
[2015-05-29 17:13:54,085][Test worker][INFO ][BaseTransactionalIntegrationTest] +------------------------------------------------------------------------------------------------------------------------+
[2015-05-29 17:13:54,085][Test worker][INFO ][BaseTransactionalIntegrationTest] | OperatorCashoutByPassIntegrateTest.test                                                                                |
[2015-05-29 17:13:54,085][Test worker][INFO ][BaseTransactionalIntegrationTest] +------------------------------------------------------------------------------------------------------------------------+
[2015-05-29 17:13:54,086][Test worker][DEBUG][MLotteryContext] find mapping file definition(xml-mapping/cashout/CashOutByOperatorPass_Req.xml) by key(transtype.352).
[2015-05-29 17:13:54,098][Test worker][DEBUG][CastorHelper] Finish marshaling input(typeclass com.mpos.lottery.te.merchant.web.CashOutByOperatorPassDto, mappingFile=xml-mapping/cashout/CashOutByOperatorPass_Req.xml).
[2015-05-29 17:13:54,098][Test worker][DEBUG][BaseServletIntegrationTest] Do MAC(key=P2Bbo6+bSSR9O2Qc89f3b4oHTyE1V2gF) on (Protocal-Version:1.5|GPE_Id:GPE-111|Terminal-Id:111|Operator-Id:OPERATOR-111|Trans-BatchNumber:20150529|TractMsg-Id:1432890834085|Timestamp:20150529171354|Transaction-Type:352|Transaction-Id:|Response-Code:|<?xml version="1.0" encoding="UTF-8"?>
<CashOutByOperatorPass barcode="00cK/u9hwZY2Rogq4k24Oeg4G3HSlAl9EbjLdf+UJJlt+Zh8NCsYChdtc1Tr86hJ9URtgXeRMhtcc=" password="1234111111111"/>,hash=1456847923), get digest:19236e89fea94a213b2786aa74bdec24
[2015-05-29 17:13:54,098][Test worker][DEBUG][TEPortServlet] Got request header(name=X-Transaction-Type, value=352).
[2015-05-29 17:13:54,098][Test worker][DEBUG][TEPortServlet] Got request header(name=X-Protocal-Version, value=1.5).
[2015-05-29 17:13:54,098][Test worker][DEBUG][TEPortServlet] Got request header(name=X-Timestamp, value=20150529171354).
[2015-05-29 17:13:54,098][Test worker][DEBUG][TEPortServlet] Got request header(name=X-GPE-Id, value=GPE-111).
[2015-05-29 17:13:54,098][Test worker][DEBUG][TEPortServlet] Got request header(name=X-Trace-Message-Id, value=1432890834085).
[2015-05-29 17:13:54,098][Test worker][DEBUG][TEPortServlet] Got request header(name=X-Operator-Id, value=OPERATOR-111).
[2015-05-29 17:13:54,098][Test worker][DEBUG][TEPortServlet] Got request header(name=X-Terminal-Id, value=111).
[2015-05-29 17:13:54,099][Test worker][DEBUG][TEPortServlet] Got request header(name=X-MAC, value=19236e89fea94a213b2786aa74bdec24).
[2015-05-29 17:13:54,099][Test worker][DEBUG][TEPortServlet] Got request header(name=X-Game-Type-Id, value=-1).
[2015-05-29 17:13:54,099][Test worker][DEBUG][TEPortServlet] Got request header(name=X-Trans-BatchNumber, value=20150529).
[2015-05-29 17:13:54,099][Test worker][DEBUG][TEPortServlet] Got request header(name=X-GPS-Location, value=40.714353,-74.005973).
[2015-05-29 17:13:54,102][Test worker][DEBUG][TEPortServlet] Got request from localhost, and the message body is:pq3FqO8HCcAnaobA+xpVnADmrnwj1vrK59BGhqvtskYFWTsa2cbe6rVIB4aHj3onGvpmdeOu7HyTreaKKjWlnhUlUjsZSU9h+nZlTRrb7bHGa/XK/Jd21mIQraq9cSOBb5s0sawo54NcmKtJElDnM1art4yu8kj0+QY67YaDWLo1UmpSyNirghHkq7WLoKF2Idjbn9AsmktFJi/XxYDgIdBLDm3MWR5BTyHeRgEXtJjnlOvJhuhxqQ==.
[2015-05-29 17:13:54,102][Test worker][DEBUG][ProtocolSerializer] Start to deserialize request context(Protocal-Version:1.5|GPE_Id:GPE-111|Terminal-Id:111|Operator-Id:OPERATOR-111|Trans-BatchNumber:20150529|TractMsg-Id:1432890834085|Timestamp:20150529171354|Transaction-Type:352|Transaction-Id:|Response-Code:|).
[2015-05-29 17:13:54,102][Test worker][DEBUG][ProtocolSerializer] Finish decrypting cipher into original xml:<?xml version="1.0" encoding="UTF-8"?>
<CashOutByOperatorPass barcode="00cK/u9hwZY2Rogq4k24Oeg4G3HSlAl9EbjLdf+UJJlt+Zh8NCsYChdtc1Tr86hJ9URtgXeRMhtcc=" password="1234111111111"/>
[2015-05-29 17:13:54,103][Test worker][DEBUG][ProtocolSerializer] Start to do MAC(key=P2Bbo6+bSSR9O2Qc89f3b4oHTyE1V2gF) on (Protocal-Version:1.5|GPE_Id:GPE-111|Terminal-Id:111|Operator-Id:OPERATOR-111|Trans-BatchNumber:20150529|TractMsg-Id:1432890834085|Timestamp:20150529171354|Transaction-Type:352|Transaction-Id:|Response-Code:|<?xml version="1.0" encoding="UTF-8"?>
<CashOutByOperatorPass barcode="00cK/u9hwZY2Rogq4k24Oeg4G3HSlAl9EbjLdf+UJJlt+Zh8NCsYChdtc1Tr86hJ9URtgXeRMhtcc=" password="1234111111111"/>,hash=1456847923), get digest:19236e89fea94a213b2786aa74bdec24
[2015-05-29 17:13:54,103][Test worker][DEBUG][MLotteryContext] find mapping file definition(xml-mapping/cashout/CashOutByOperatorPass_Req.xml) by key(transtype.352).
[2015-05-29 17:13:54,103][Test worker][DEBUG][ProtocolSerializer] Start to deserialize model: model=null,mappingFile=xml-mapping/cashout/CashOutByOperatorPass_Req.xml
[2015-05-29 17:13:54,103][Test worker][DEBUG][MLotteryContext] find mapping file definition(xml-mapping/cashout/CashOutByOperatorPass_Req.xml) by key(transtype.352).
[2015-05-29 17:13:54,128][Test worker][DEBUG][RoutineRegistry] Try to lookup handler by routine key(-1_352_1.5.0).
[2015-05-29 17:13:54,128][Test worker][DEBUG][RoutineRegistry] Try to lookup handler by routine key(-1_352_).
[2015-05-29 17:13:54,128][Test worker][DEBUG][RoutineRegistry] Lookup controller by key(-1_352_), found controller(com.mpos.lottery.te.merchant.MerchantController@720798ee) and method(public void com.mpos.lottery.te.merchant.MerchantController.cashoutOperatorByPass(com.mpos.lottery.te.port.Context,com.mpos.lottery.te.port.Context) throws com.mpos.lottery.te.config.exception.ApplicationException).
[2015-05-29 17:13:54,141][Test worker][ERROR][MerchantServiceImpl] ======================================
[2015-05-29 17:13:54,141][Test worker][ERROR][MerchantServiceImpl] [CashoutByPassword](barcode=00cK/u9hwZY2Rogq4k24Oeg4G3HSlAl9EbjLdf+UJJlt+Zh8NCsYChdtc1Tr86hJ9URtgXeRMhtcc=) password is incorrect].
[2015-05-29 17:13:54,141][Test worker][ERROR][MerchantServiceImpl] ======================================
[2015-05-29 17:13:54,143][Test worker][DEBUG][CommonFacadeService] No need to publish AMQP message of transaction(CASH_OUT_OPERATOR_PASS)
[2015-05-29 17:13:54,144][Test worker][DEBUG][ProtocolSerializer] Finish mac(macKey=P2Bbo6+bSSR9O2Qc89f3b4oHTyE1V2gF,macString=Protocal-Version:1.5|GPE_Id:GPE-111|Terminal-Id:111|Operator-Id:OPERATOR-111|Trans-BatchNumber:20150529|TractMsg-Id:1432890834085|Timestamp:20150529171354|Transaction-Type:4352|Transaction-Id:0115052900000000002353|Response-Code:373|):9c31c81b41bd99d76a7e9fdbfc9ecdc5
[2015-05-29 17:13:54,144][Test worker][DEBUG][BaseServletIntegrationTest] Got response(code=373,length=0): 
]]></system-out>
  <system-err><![CDATA[]]></system-err>
</testsuite>
