<?xml version="1.0" encoding="UTF-8"?>
<testsuite name="com.mpos.lottery.te.valueaddservice.voucher.VoucherTransactionEnquiryIntegrationTest" tests="1" skipped="0" failures="0" errors="0" timestamp="2015-05-29T09:14:44" hostname="Ramon-PC" time="0.101">
  <properties/>
  <testcase name="test_Enquiry_OK" classname="com.mpos.lottery.te.valueaddservice.voucher.VoucherTransactionEnquiryIntegrationTest" time="0.101"/>
  <system-out><![CDATA[[2015-05-29 17:14:44,137][Test worker][DEBUG][TEPortServlet] Startup job scheduer(org.quartz.impl.StdScheduler@4d1e5820) successfully.
[2015-05-29 17:14:44,138][Test worker][WARN ][TEPortServlet] can NOT find META file:F:\project\M.Lottery\TE\TRUNK_TE\sourcecode\build\classes\main\META-INF\MANIFEST.MF
[2015-05-29 17:14:44,138][Test worker][DEBUG][TEPortServlet] Register MBean(com.mpos.lottery.te.common.jmx.TransactionTimeout@4977d880) with name(com.mpos.lottery.te:type=TransactionTimeoutMBean) successfully.
[2015-05-29 17:14:44,138][Test worker][DEBUG][BaseTransactionalIntegrationTest] Retrieve a ApplicationContext(org.springframework.web.context.support.GenericWebApplicationContext@34f645a8: startup date [Fri May 29 17:12:38 CST 2015]; root of context hierarchy).
[2015-05-29 17:14:44,138][Test worker][INFO ][BaseTransactionalIntegrationTest] +------------------------------------------------------------------------------------------------------------------------+
[2015-05-29 17:14:44,138][Test worker][INFO ][BaseTransactionalIntegrationTest] | VoucherTransactionEnquiryIntegrationTest.test_Enquiry_OK                                                               |
[2015-05-29 17:14:44,138][Test worker][INFO ][BaseTransactionalIntegrationTest] +------------------------------------------------------------------------------------------------------------------------+
[2015-05-29 17:14:44,138][Test worker][DEBUG][MLotteryContext] find mapping file definition(xml-mapping/vas/teleco_voucher/Sell_Req.xml) by key(transtype.456).
[2015-05-29 17:14:44,139][Test worker][DEBUG][CastorHelper] Finish marshaling input(typeclass com.mpos.lottery.te.valueaddservice.voucher.Voucher, mappingFile=xml-mapping/vas/teleco_voucher/Sell_Req.xml).
[2015-05-29 17:14:44,139][Test worker][DEBUG][BaseServletIntegrationTest] Do MAC(key=P2Bbo6+bSSR9O2Qc89f3b4oHTyE1V2gF) on (Protocal-Version:1.5|GPE_Id:GPE-111|Terminal-Id:111|Operator-Id:OPERATOR-111|Trans-BatchNumber:20150529|TractMsg-Id:1432890884138|Timestamp:20150529171444|Transaction-Type:456|Transaction-Id:|Response-Code:|<?xml version="1.0" encoding="UTF-8"?>
<Voucher faceAmount="60.0"><Game id="VOUCHER-1"/></Voucher>,hash=-1549188731), get digest:b9bc714464a0ae3fbb495b5aa5aa4412
[2015-05-29 17:14:44,139][Test worker][DEBUG][TEPortServlet] Got request header(name=X-Transaction-Type, value=456).
[2015-05-29 17:14:44,139][Test worker][DEBUG][TEPortServlet] Got request header(name=X-Protocal-Version, value=1.5).
[2015-05-29 17:14:44,139][Test worker][DEBUG][TEPortServlet] Got request header(name=X-Timestamp, value=20150529171444).
[2015-05-29 17:14:44,139][Test worker][DEBUG][TEPortServlet] Got request header(name=X-GPE-Id, value=GPE-111).
[2015-05-29 17:14:44,139][Test worker][DEBUG][TEPortServlet] Got request header(name=X-Trace-Message-Id, value=1432890884138).
[2015-05-29 17:14:44,139][Test worker][DEBUG][TEPortServlet] Got request header(name=X-Operator-Id, value=OPERATOR-111).
[2015-05-29 17:14:44,139][Test worker][DEBUG][TEPortServlet] Got request header(name=X-Terminal-Id, value=111).
[2015-05-29 17:14:44,139][Test worker][DEBUG][TEPortServlet] Got request header(name=X-MAC, value=b9bc714464a0ae3fbb495b5aa5aa4412).
[2015-05-29 17:14:44,139][Test worker][DEBUG][TEPortServlet] Got request header(name=X-Game-Type-Id, value=1001).
[2015-05-29 17:14:44,140][Test worker][DEBUG][TEPortServlet] Got request header(name=X-Trans-BatchNumber, value=20150529).
[2015-05-29 17:14:44,140][Test worker][DEBUG][TEPortServlet] Got request header(name=X-GPS-Location, value=40.714353,-74.005973).
[2015-05-29 17:14:44,141][Test worker][DEBUG][TEPortServlet] Got request from localhost, and the message body is:pq3FqO8HCcAnaobA+xpVnADmrnwj1vrK59BGhqvtskYFWTsa2cbe6sBis1STx0JTKrS25uvXDbTNggpuyq9tiDm1CLKI0XZ6/IV5QoLqfDhg7NviKl4bnws6I8adJDZcq1+pB2waBYY=.
[2015-05-29 17:14:44,141][Test worker][DEBUG][ProtocolSerializer] Start to deserialize request context(Protocal-Version:1.5|GPE_Id:GPE-111|Terminal-Id:111|Operator-Id:OPERATOR-111|Trans-BatchNumber:20150529|TractMsg-Id:1432890884138|Timestamp:20150529171444|Transaction-Type:456|Transaction-Id:|Response-Code:|).
[2015-05-29 17:14:44,141][Test worker][DEBUG][ProtocolSerializer] Finish decrypting cipher into original xml:<?xml version="1.0" encoding="UTF-8"?>
<Voucher faceAmount="60.0"><Game id="VOUCHER-1"/></Voucher>
[2015-05-29 17:14:44,141][Test worker][DEBUG][ProtocolSerializer] Start to do MAC(key=P2Bbo6+bSSR9O2Qc89f3b4oHTyE1V2gF) on (Protocal-Version:1.5|GPE_Id:GPE-111|Terminal-Id:111|Operator-Id:OPERATOR-111|Trans-BatchNumber:20150529|TractMsg-Id:1432890884138|Timestamp:20150529171444|Transaction-Type:456|Transaction-Id:|Response-Code:|<?xml version="1.0" encoding="UTF-8"?>
<Voucher faceAmount="60.0"><Game id="VOUCHER-1"/></Voucher>,hash=-1549188731), get digest:b9bc714464a0ae3fbb495b5aa5aa4412
[2015-05-29 17:14:44,141][Test worker][DEBUG][MLotteryContext] find mapping file definition(xml-mapping/vas/teleco_voucher/Sell_Req.xml) by key(transtype.456).
[2015-05-29 17:14:44,141][Test worker][DEBUG][ProtocolSerializer] Start to deserialize model: model=null,mappingFile=xml-mapping/vas/teleco_voucher/Sell_Req.xml
[2015-05-29 17:14:44,142][Test worker][DEBUG][MLotteryContext] find mapping file definition(xml-mapping/vas/teleco_voucher/Sell_Req.xml) by key(transtype.456).
[2015-05-29 17:14:44,153][Test worker][DEBUG][RoutineRegistry] Try to lookup handler by routine key(1001_456_1.5.0).
[2015-05-29 17:14:44,153][Test worker][DEBUG][RoutineRegistry] Try to lookup handler by routine key(1001_456_).
[2015-05-29 17:14:44,153][Test worker][DEBUG][RoutineRegistry] Try to lookup handler by routine key(-1_456_).
[2015-05-29 17:14:44,153][Test worker][DEBUG][RoutineRegistry] Lookup controller by key(-1_456_), found controller(com.mpos.lottery.te.valueaddservice.voucher.VoucherController@283d477d) and method(public void com.mpos.lottery.te.valueaddservice.voucher.VoucherController.topup(com.mpos.lottery.te.port.Context,com.mpos.lottery.te.port.Context) throws com.mpos.lottery.te.config.exception.ApplicationException).
[2015-05-29 17:14:44,156][Test worker][DEBUG][DefaultBalanceService] Found the balance node(Operator [id=OPERATOR-111, loginName=OPERATOR-LOGIN, creditType=1, saleCreditLevel=200000000, payoutCreditLevel=1000, cashoutBalance=0, commisionBalance=0])
[2015-05-29 17:14:44,173][Test worker][DEBUG][DefaultBalanceService] Operator before transaction -  Operator [id=OPERATOR-111, loginName=OPERATOR-LOGIN, creditType=1, saleCreditLevel=200000000, payoutCreditLevel=1000, cashoutBalance=0, commisionBalance=0]
[2015-05-29 17:14:44,173][Test worker][DEBUG][DefaultBalanceService] Found balance strategy:com.mpos.lottery.te.merchant.service.balance.SaleBalanceStrategy@e1f8aba
[2015-05-29 17:14:44,173][Test worker][DEBUG][DefaultBalanceService] Operator after transaction -  Operator [id=OPERATOR-111, loginName=OPERATOR-LOGIN, creditType=1, saleCreditLevel=199999940.0, payoutCreditLevel=1000, cashoutBalance=0, commisionBalance=0]
[2015-05-29 17:14:44,181][Test worker][DEBUG][CommonFacadeService] Prepare to publish message to exchange[TE.456] with routing key[TE.456.1001]: id: "0115052900000000002547"
dev_id: "111"
operator_id: "OPERATOR-111"
merchant_id: "111"
create_time: 1432890884000
trans_type: 456
game_id: "VOUCHER-1"
game_type: 1001
total_amount: "60.0"

[2015-05-29 17:14:44,181][Test worker][DEBUG][CommonFacadeService] Publish message successfully
[2015-05-29 17:14:44,181][Test worker][DEBUG][MLotteryContext] find mapping file definition(xml-mapping/vas/teleco_voucher/Sell_Resp.xml) by key(transtype.4456).
[2015-05-29 17:14:44,181][Test worker][DEBUG][ProtocolSerializer] Start to serialize model(class com.mpos.lottery.te.valueaddservice.voucher.Voucher),mappingFile=xml-mapping/vas/teleco_voucher/Sell_Resp.xml
[2015-05-29 17:14:44,181][Test worker][DEBUG][MLotteryContext] find mapping file definition(xml-mapping/vas/teleco_voucher/Sell_Resp.xml) by key(transtype.4456).
[2015-05-29 17:14:44,182][Test worker][DEBUG][CastorHelper] Finish marshaling input(typeclass com.mpos.lottery.te.valueaddservice.voucher.Voucher, mappingFile=xml-mapping/vas/teleco_voucher/Sell_Resp.xml).
[2015-05-29 17:14:44,182][Test worker][DEBUG][ProtocolSerializer] Finish mac(macKey=P2Bbo6+bSSR9O2Qc89f3b4oHTyE1V2gF,macString=Protocal-Version:1.5|GPE_Id:GPE-111|Terminal-Id:111|Operator-Id:OPERATOR-111|Trans-BatchNumber:20150529|TractMsg-Id:1432890884138|Timestamp:20150529171444|Transaction-Type:4456|Transaction-Id:0115052900000000002547|Response-Code:200|<?xml version="1.0" encoding="UTF-8"?>
<Voucher serialNo="V-1" faceAmount="60" PIN="V-1-PIN" expireDate="20150531"><Game id="VOUCHER-1"/></Voucher>):ef30dc7302fee2c41e8a03665a4eb53f
[2015-05-29 17:14:44,182][Test worker][DEBUG][TEPortServlet] Write response to client(host1=localhost,sizeOfPack=204) succesfully.
[2015-05-29 17:14:44,183][Test worker][DEBUG][BaseServletIntegrationTest] Got response(code=200,length=204): <?xml version="1.0" encoding="UTF-8"?>
<Voucher serialNo="V-1" faceAmount="60" PIN="V-1-PIN" expireDate="20150531"><Game id="VOUCHER-1"/></Voucher>
[2015-05-29 17:14:44,183][Test worker][DEBUG][MLotteryContext] find mapping file definition(xml-mapping/vas/teleco_voucher/Sell_Resp.xml) by key(transtype.4456).
[2015-05-29 17:14:44,184][Test worker][DEBUG][MLotteryContext] find mapping file definition(xml-mapping/TransactionEnquiry_Req.xml) by key(transtype.310).
[2015-05-29 17:14:44,185][Test worker][DEBUG][CastorHelper] Finish marshaling input(typeclass com.mpos.lottery.te.trans.domain.Transaction, mappingFile=xml-mapping/TransactionEnquiry_Req.xml).
[2015-05-29 17:14:44,185][Test worker][DEBUG][BaseServletIntegrationTest] Do MAC(key=P2Bbo6+bSSR9O2Qc89f3b4oHTyE1V2gF) on (Protocal-Version:1.5|GPE_Id:GPE-111|Terminal-Id:111|Operator-Id:OPERATOR-111|Trans-BatchNumber:20150529|TractMsg-Id:1432890884184|Timestamp:20150529171444|Transaction-Type:310|Transaction-Id:|Response-Code:|<?xml version="1.0" encoding="UTF-8"?>
<Transaction terminalId="111" traceMessageId="1432890884138"/>,hash=77548468), get digest:93c7f763252173c4ce1ce1b2ce325b94
[2015-05-29 17:14:44,185][Test worker][DEBUG][TEPortServlet] Got request header(name=X-Transaction-Type, value=310).
[2015-05-29 17:14:44,185][Test worker][DEBUG][TEPortServlet] Got request header(name=X-Protocal-Version, value=1.5).
[2015-05-29 17:14:44,185][Test worker][DEBUG][TEPortServlet] Got request header(name=X-Timestamp, value=20150529171444).
[2015-05-29 17:14:44,185][Test worker][DEBUG][TEPortServlet] Got request header(name=X-GPE-Id, value=GPE-111).
[2015-05-29 17:14:44,185][Test worker][DEBUG][TEPortServlet] Got request header(name=X-Trace-Message-Id, value=1432890884184).
[2015-05-29 17:14:44,185][Test worker][DEBUG][TEPortServlet] Got request header(name=X-Operator-Id, value=OPERATOR-111).
[2015-05-29 17:14:44,185][Test worker][DEBUG][TEPortServlet] Got request header(name=X-Terminal-Id, value=111).
[2015-05-29 17:14:44,185][Test worker][DEBUG][TEPortServlet] Got request header(name=X-MAC, value=93c7f763252173c4ce1ce1b2ce325b94).
[2015-05-29 17:14:44,185][Test worker][DEBUG][TEPortServlet] Got request header(name=X-Game-Type-Id, value=-1).
[2015-05-29 17:14:44,185][Test worker][DEBUG][TEPortServlet] Got request header(name=X-Trans-BatchNumber, value=20150529).
[2015-05-29 17:14:44,185][Test worker][DEBUG][TEPortServlet] Got request header(name=X-GPS-Location, value=40.714353,-74.005973).
[2015-05-29 17:14:44,187][Test worker][DEBUG][TEPortServlet] Got request from localhost, and the message body is:pq3FqO8HCcAnaobA+xpVnADmrnwj1vrK59BGhqvtskYFWTsa2cbe6jcIE4b0pl+ogrA4SMNVUFtCb0VnctvqFZ4g+Dv1D5Fz4ERoX4gVmzFJ1yZK27DdH6W1QQFwCCrp3AiDj/kIu54=.
[2015-05-29 17:14:44,187][Test worker][DEBUG][ProtocolSerializer] Start to deserialize request context(Protocal-Version:1.5|GPE_Id:GPE-111|Terminal-Id:111|Operator-Id:OPERATOR-111|Trans-BatchNumber:20150529|TractMsg-Id:1432890884184|Timestamp:20150529171444|Transaction-Type:310|Transaction-Id:|Response-Code:|).
[2015-05-29 17:14:44,187][Test worker][DEBUG][ProtocolSerializer] Finish decrypting cipher into original xml:<?xml version="1.0" encoding="UTF-8"?>
<Transaction terminalId="111" traceMessageId="1432890884138"/>
[2015-05-29 17:14:44,187][Test worker][DEBUG][ProtocolSerializer] Start to do MAC(key=P2Bbo6+bSSR9O2Qc89f3b4oHTyE1V2gF) on (Protocal-Version:1.5|GPE_Id:GPE-111|Terminal-Id:111|Operator-Id:OPERATOR-111|Trans-BatchNumber:20150529|TractMsg-Id:1432890884184|Timestamp:20150529171444|Transaction-Type:310|Transaction-Id:|Response-Code:|<?xml version="1.0" encoding="UTF-8"?>
<Transaction terminalId="111" traceMessageId="1432890884138"/>,hash=77548468), get digest:93c7f763252173c4ce1ce1b2ce325b94
[2015-05-29 17:14:44,187][Test worker][DEBUG][MLotteryContext] find mapping file definition(xml-mapping/TransactionEnquiry_Req.xml) by key(transtype.310).
[2015-05-29 17:14:44,187][Test worker][DEBUG][ProtocolSerializer] Start to deserialize model: model=null,mappingFile=xml-mapping/TransactionEnquiry_Req.xml
[2015-05-29 17:14:44,187][Test worker][DEBUG][MLotteryContext] find mapping file definition(xml-mapping/TransactionEnquiry_Req.xml) by key(transtype.310).
[2015-05-29 17:14:44,198][Test worker][DEBUG][RoutineRegistry] Try to lookup handler by routine key(-1_310_1.5.0).
[2015-05-29 17:14:44,198][Test worker][DEBUG][RoutineRegistry] Try to lookup handler by routine key(-1_310_).
[2015-05-29 17:14:44,198][Test worker][DEBUG][RoutineRegistry] Lookup controller by key(-1_310_), found controller(com.mpos.lottery.te.trans.TransactionController@53ddecd8) and method(public void com.mpos.lottery.te.trans.TransactionController.enquiry(com.mpos.lottery.te.port.Context,com.mpos.lottery.te.port.Context) throws com.mpos.lottery.te.config.exception.ApplicationException).
[2015-05-29 17:14:44,202][Test worker][DEBUG][TransactionHandleFactory] Found TransactionHandleFactory(com.mpos.lottery.te.valueaddservice.voucher.support.VoucherTransactionEnquiryHandler@5a37adbf) for transaction handle 1001
[2015-05-29 17:14:44,209][Test worker][DEBUG][CommonFacadeService] No need to publish AMQP message of transaction(TRANSACTION_ENQUIRY)
[2015-05-29 17:14:44,209][Test worker][DEBUG][MLotteryContext] find mapping file definition(xml-mapping/vas/teleco_voucher/TransactionEnquiry_Res.xml) by key(1001.transtype.4310).
[2015-05-29 17:14:44,210][Test worker][DEBUG][ProtocolSerializer] Start to serialize model(class com.mpos.lottery.te.trans.domain.Transaction),mappingFile=xml-mapping/vas/teleco_voucher/TransactionEnquiry_Res.xml
[2015-05-29 17:14:44,210][Test worker][DEBUG][MLotteryContext] find mapping file definition(xml-mapping/vas/teleco_voucher/TransactionEnquiry_Res.xml) by key(1001.transtype.4310).
[2015-05-29 17:14:44,223][Test worker][DEBUG][CastorHelper] Finish marshaling input(typeclass com.mpos.lottery.te.trans.domain.Transaction, mappingFile=xml-mapping/vas/teleco_voucher/TransactionEnquiry_Res.xml).
[2015-05-29 17:14:44,224][Test worker][DEBUG][ProtocolSerializer] Finish mac(macKey=P2Bbo6+bSSR9O2Qc89f3b4oHTyE1V2gF,macString=Protocal-Version:1.5|GPE_Id:GPE-111|Terminal-Id:111|Operator-Id:OPERATOR-111|Trans-BatchNumber:20150529|TractMsg-Id:1432890884184|Timestamp:20150529171444|Transaction-Type:4310|Transaction-Id:0115052900000000002548|Response-Code:200|<?xml version="1.0" encoding="UTF-8"?>
<Transaction id="0115052900000000002547" type="456" createTime="20150529" responseCode="200"><Voucher serialNo="V-1" faceAmount="60" expireDate="20150531171217" PIN="V-1-PIN"><Game id="VOUCHER-1"/></Voucher></Transaction>):40b682c854084fa08df699512c61091c
[2015-05-29 17:14:44,224][Test worker][DEBUG][TEPortServlet] Write response to client(host1=localhost,sizeOfPack=352) succesfully.
[2015-05-29 17:14:44,224][Test worker][DEBUG][BaseServletIntegrationTest] Got response(code=200,length=352): <?xml version="1.0" encoding="UTF-8"?>
<Transaction id="0115052900000000002547" type="456" createTime="20150529" responseCode="200"><Voucher serialNo="V-1" faceAmount="60" expireDate="20150531171217" PIN="V-1-PIN"><Game id="VOUCHER-1"/></Voucher></Transaction>
[2015-05-29 17:14:44,224][Test worker][DEBUG][MLotteryContext] find mapping file definition(xml-mapping/vas/teleco_voucher/TransactionEnquiry_Res.xml) by key(1001.transtype.4310).
]]></system-out>
  <system-err><![CDATA[]]></system-err>
</testsuite>
