<?xml version="1.0" encoding="UTF-8"?>
<testsuite name="com.mpos.lottery.te.gameimpl.instantgame.ConfirmBatchValidationReportTest" tests="1" skipped="0" failures="0" errors="0" timestamp="2015-05-29T09:13:10" hostname="Ramon-PC" time="0.169">
  <properties/>
  <testcase name="testConfirmBatch" classname="com.mpos.lottery.te.gameimpl.instantgame.ConfirmBatchValidationReportTest" time="0.169"/>
  <system-out><![CDATA[[2015-05-29 17:13:10,384][Test worker][DEBUG][TEPortServlet] Startup job scheduer(org.quartz.impl.StdScheduler@4d1e5820) successfully.
[2015-05-29 17:13:10,385][Test worker][WARN ][TEPortServlet] can NOT find META file:F:\project\M.Lottery\TE\TRUNK_TE\sourcecode\build\classes\main\META-INF\MANIFEST.MF
[2015-05-29 17:13:10,385][Test worker][DEBUG][TEPortServlet] Register MBean(com.mpos.lottery.te.common.jmx.TransactionTimeout@3ca2ec67) with name(com.mpos.lottery.te:type=TransactionTimeoutMBean) successfully.
[2015-05-29 17:13:10,385][Test worker][DEBUG][BaseTransactionalIntegrationTest] Retrieve a ApplicationContext(org.springframework.web.context.support.GenericWebApplicationContext@34f645a8: startup date [Fri May 29 17:12:38 CST 2015]; root of context hierarchy).
[2015-05-29 17:13:10,386][Test worker][DEBUG][MLotteryContext] find mapping file definition(xml-mapping/game/ig/ConfirmBatchValidateAndReport_Req.xml) by key(transtype.411).
[2015-05-29 17:13:10,399][Test worker][DEBUG][CastorHelper] Finish marshaling input(typeclass com.mpos.lottery.te.gameimpl.instantgame.domain.dto.InstantBatchReportDto, mappingFile=xml-mapping/game/ig/ConfirmBatchValidateAndReport_Req.xml).
[2015-05-29 17:13:10,400][Test worker][DEBUG][BaseServletIntegrationTest] Do MAC(key=P2Bbo6+bSSR9O2Qc89f3b4oHTyE1V2gF) on (Protocal-Version:1.5|GPE_Id:GPE-111|Terminal-Id:111|Operator-Id:OPERATOR-111|Trans-BatchNumber:20150529|TractMsg-Id:1432890790386|Timestamp:20150529171310|Transaction-Type:411|Transaction-Id:|Response-Code:|<?xml version="1.0" encoding="UTF-8"?>
<ConfirmBatch batchNumber="2"/>,hash=-726079024), get digest:c742105491501718c0f718829fb12f73
[2015-05-29 17:13:10,400][Test worker][DEBUG][TEPortServlet] Got request header(name=X-Transaction-Type, value=411).
[2015-05-29 17:13:10,400][Test worker][DEBUG][TEPortServlet] Got request header(name=X-Protocal-Version, value=1.5).
[2015-05-29 17:13:10,400][Test worker][DEBUG][TEPortServlet] Got request header(name=X-Timestamp, value=20150529171310).
[2015-05-29 17:13:10,400][Test worker][DEBUG][TEPortServlet] Got request header(name=X-GPE-Id, value=GPE-111).
[2015-05-29 17:13:10,400][Test worker][DEBUG][TEPortServlet] Got request header(name=X-Trace-Message-Id, value=1432890790386).
[2015-05-29 17:13:10,400][Test worker][DEBUG][TEPortServlet] Got request header(name=X-Operator-Id, value=OPERATOR-111).
[2015-05-29 17:13:10,400][Test worker][DEBUG][TEPortServlet] Got request header(name=X-Terminal-Id, value=111).
[2015-05-29 17:13:10,400][Test worker][DEBUG][TEPortServlet] Got request header(name=X-MAC, value=c742105491501718c0f718829fb12f73).
[2015-05-29 17:13:10,401][Test worker][DEBUG][TEPortServlet] Got request header(name=X-Game-Type-Id, value=4).
[2015-05-29 17:13:10,401][Test worker][DEBUG][TEPortServlet] Got request header(name=X-Trans-BatchNumber, value=20150529).
[2015-05-29 17:13:10,401][Test worker][DEBUG][TEPortServlet] Got request header(name=X-GPS-Location, value=40.714353,-74.005973).
[2015-05-29 17:13:10,404][Test worker][DEBUG][TEPortServlet] Got request from localhost, and the message body is:pq3FqO8HCcAnaobA+xpVnADmrnwj1vrK59BGhqvtskYFWTsa2cbe6pOXLMEBhXLOO1eFuuk78Jg6+pMKJPbhSh0PX+NJEViD.
[2015-05-29 17:13:10,404][Test worker][DEBUG][ProtocolSerializer] Start to deserialize request context(Protocal-Version:1.5|GPE_Id:GPE-111|Terminal-Id:111|Operator-Id:OPERATOR-111|Trans-BatchNumber:20150529|TractMsg-Id:1432890790386|Timestamp:20150529171310|Transaction-Type:411|Transaction-Id:|Response-Code:|).
[2015-05-29 17:13:10,405][Test worker][DEBUG][ProtocolSerializer] Finish decrypting cipher into original xml:<?xml version="1.0" encoding="UTF-8"?>
<ConfirmBatch batchNumber="2"/>
[2015-05-29 17:13:10,405][Test worker][DEBUG][ProtocolSerializer] Start to do MAC(key=P2Bbo6+bSSR9O2Qc89f3b4oHTyE1V2gF) on (Protocal-Version:1.5|GPE_Id:GPE-111|Terminal-Id:111|Operator-Id:OPERATOR-111|Trans-BatchNumber:20150529|TractMsg-Id:1432890790386|Timestamp:20150529171310|Transaction-Type:411|Transaction-Id:|Response-Code:|<?xml version="1.0" encoding="UTF-8"?>
<ConfirmBatch batchNumber="2"/>,hash=-726079024), get digest:c742105491501718c0f718829fb12f73
[2015-05-29 17:13:10,405][Test worker][DEBUG][MLotteryContext] find mapping file definition(xml-mapping/game/ig/ConfirmBatchValidateAndReport_Req.xml) by key(transtype.411).
[2015-05-29 17:13:10,405][Test worker][DEBUG][ProtocolSerializer] Start to deserialize model: model=null,mappingFile=xml-mapping/game/ig/ConfirmBatchValidateAndReport_Req.xml
[2015-05-29 17:13:10,405][Test worker][DEBUG][MLotteryContext] find mapping file definition(xml-mapping/game/ig/ConfirmBatchValidateAndReport_Req.xml) by key(transtype.411).
[2015-05-29 17:13:10,424][Test worker][DEBUG][RoutineRegistry] Try to lookup handler by routine key(4_411_1.5.0).
[2015-05-29 17:13:10,425][Test worker][DEBUG][RoutineRegistry] Try to lookup handler by routine key(4_411_).
[2015-05-29 17:13:10,425][Test worker][DEBUG][RoutineRegistry] Try to lookup handler by routine key(-1_411_).
[2015-05-29 17:13:10,425][Test worker][DEBUG][RoutineRegistry] Lookup controller by key(-1_411_), found controller(com.mpos.lottery.te.gameimpl.instantgame.InstantGameController@484e7001) and method(public void com.mpos.lottery.te.gameimpl.instantgame.InstantGameController.ConfirmBatchValidation(com.mpos.lottery.te.port.Context,com.mpos.lottery.te.port.Context) throws com.mpos.lottery.te.config.exception.ApplicationException).
[2015-05-29 17:13:10,440][Test worker][INFO ][IGPayoutTempDaoImpl] changed status(5) of  1 records under batch number(2) and operator id(OPERATOR-111) in IG tickets  table.
[2015-05-29 17:13:10,445][Test worker][INFO ][IGPayoutTempDaoImpl] moved 1 records under batch number(2) and operator id(OPERATOR-111) from payout temp table.
[2015-05-29 17:13:10,449][Test worker][INFO ][BaseJpaDao] moved 1 records under batch number(2) and operator id(OPERATOR-111) from payout detail temp table.
[2015-05-29 17:13:10,459][Test worker][DEBUG][DefaultBalanceService] Operator before transaction -  Operator [id=OPERATOR-111, loginName=OPERATOR-LOGIN, creditType=1, saleCreditLevel=200000000, payoutCreditLevel=1000, cashoutBalance=0, commisionBalance=0]
[2015-05-29 17:13:10,460][Test worker][DEBUG][DefaultBalanceService] Found balance strategy:com.mpos.lottery.te.merchant.service.balance.PayoutBalanceStrategy@57df81d2
[2015-05-29 17:13:10,460][Test worker][DEBUG][DefaultBalanceService] Operator after transaction -  Operator [id=OPERATOR-111, loginName=OPERATOR-LOGIN, creditType=1, saleCreditLevel=200000000, payoutCreditLevel=11000, cashoutBalance=0, commisionBalance=0]
[2015-05-29 17:13:10,511][Test worker][DEBUG][CommonFacadeService] Prepare to publish message to exchange[TE.411] with routing key[TE.411.4]: id: "0115052900000000000459"
dev_id: "111"
operator_id: "OPERATOR-111"
merchant_id: "111"
create_time: 1432890790000
trans_type: 411
game_id: ""
game_type: 4
total_amount: "10000"

[2015-05-29 17:13:10,512][Test worker][DEBUG][CommonFacadeService] Publish message successfully
[2015-05-29 17:13:10,512][Test worker][DEBUG][MLotteryContext] find mapping file definition(xml-mapping/game/ig/ConfirmBatchValidateAndReport_Res.xml) by key(transtype.4411).
[2015-05-29 17:13:10,512][Test worker][DEBUG][ProtocolSerializer] Start to serialize model(class com.mpos.lottery.te.gameimpl.instantgame.domain.dto.InstantBatchReportDto),mappingFile=xml-mapping/game/ig/ConfirmBatchValidateAndReport_Res.xml
[2015-05-29 17:13:10,512][Test worker][DEBUG][MLotteryContext] find mapping file definition(xml-mapping/game/ig/ConfirmBatchValidateAndReport_Res.xml) by key(transtype.4411).
[2015-05-29 17:13:10,527][Test worker][DEBUG][CastorHelper] Finish marshaling input(typeclass com.mpos.lottery.te.gameimpl.instantgame.domain.dto.InstantBatchReportDto, mappingFile=xml-mapping/game/ig/ConfirmBatchValidateAndReport_Res.xml).
[2015-05-29 17:13:10,528][Test worker][DEBUG][ProtocolSerializer] Finish mac(macKey=P2Bbo6+bSSR9O2Qc89f3b4oHTyE1V2gF,macString=Protocal-Version:1.5|GPE_Id:GPE-111|Terminal-Id:111|Operator-Id:OPERATOR-111|Trans-BatchNumber:20150529|TractMsg-Id:1432890790386|Timestamp:20150529171310|Transaction-Type:4411|Transaction-Id:0115052900000000000459|Response-Code:200|<?xml version="1.0" encoding="UTF-8"?>
<BatchReport batchNumber="2" failedTickets="1" succeededTickets="1" actualAmount="12000" taxAmount="2000"><Ticket serialNo="157823119021" errorCode="500"/></BatchReport>):a3bf50c6700a9ce94ebba4dac8187c43
[2015-05-29 17:13:10,528][Test worker][DEBUG][TEPortServlet] Write response to client(host1=localhost,sizeOfPack=288) succesfully.
[2015-05-29 17:13:10,529][Test worker][DEBUG][BaseServletIntegrationTest] Got response(code=200,length=288): <?xml version="1.0" encoding="UTF-8"?>
<BatchReport batchNumber="2" failedTickets="1" succeededTickets="1" actualAmount="12000" taxAmount="2000"><Ticket serialNo="157823119021" errorCode="500"/></BatchReport>
[2015-05-29 17:13:10,529][Test worker][DEBUG][MLotteryContext] find mapping file definition(xml-mapping/game/ig/ConfirmBatchValidateAndReport_Res.xml) by key(transtype.4411).
]]></system-out>
  <system-err><![CDATA[]]></system-err>
</testsuite>
