<?xml version="1.0" encoding="UTF-8"?>
<testsuite name="com.mpos.lottery.te.gameimpl.lotto.prize.dao.jpa.PrizeGroupItemDaoImplIntegrationTest" tests="2" skipped="0" failures="0" errors="0" timestamp="2015-05-29T09:13:28" hostname="Ramon-PC" time="0.033">
  <properties/>
  <testcase name="testFindByGroup_Object" classname="com.mpos.lottery.te.gameimpl.lotto.prize.dao.jpa.PrizeGroupItemDaoImplIntegrationTest" time="0.02"/>
  <testcase name="testFindByGroup_Cash" classname="com.mpos.lottery.te.gameimpl.lotto.prize.dao.jpa.PrizeGroupItemDaoImplIntegrationTest" time="0.012"/>
  <system-out><![CDATA[[2015-05-29 17:13:28,050][Test worker][DEBUG][BaseTransactionalIntegrationTest] Retrieve a ApplicationContext(org.springframework.web.context.support.GenericWebApplicationContext@34f645a8: startup date [Fri May 29 17:12:38 CST 2015]; root of context hierarchy).
[2015-05-29 17:13:28,050][Test worker][DEBUG][BaseJpaDao] Retrieve database connection: net.sf.log4jdbc.ConnectionSpy@2538b004
[2015-05-29 17:13:28,065][Test worker][DEBUG][BaseTransactionalIntegrationTest] Retrieve a ApplicationContext(org.springframework.web.context.support.GenericWebApplicationContext@34f645a8: startup date [Fri May 29 17:12:38 CST 2015]; root of context hierarchy).
[2015-05-29 17:13:28,065][Test worker][DEBUG][BaseJpaDao] Retrieve database connection: net.sf.log4jdbc.ConnectionSpy@4a7bfdae
]]></system-out>
  <system-err><![CDATA[]]></system-err>
</testsuite>
