<?xml version="1.0" encoding="UTF-8"?>
<testsuite name="com.mpos.lottery.te.gameimpl.toto.sale.TotoMannualCancelByTicketIntegrationTest" tests="2" skipped="0" failures="0" errors="0" timestamp="2015-05-29T09:13:42" hostname="Ramon-PC" time="0.241">
  <properties/>
  <testcase name="testCancel_OK" classname="com.mpos.lottery.te.gameimpl.toto.sale.TotoMannualCancelByTicketIntegrationTest" time="0.135"/>
  <testcase name="testCancel_GameInstance_Disable" classname="com.mpos.lottery.te.gameimpl.toto.sale.TotoMannualCancelByTicketIntegrationTest" time="0.106"/>
  <system-out><![CDATA[[2015-05-29 17:13:42,587][Test worker][DEBUG][TEPortServlet] Startup job scheduer(org.quartz.impl.StdScheduler@4d1e5820) successfully.
[2015-05-29 17:13:42,588][Test worker][WARN ][TEPortServlet] can NOT find META file:F:\project\M.Lottery\TE\TRUNK_TE\sourcecode\build\classes\main\META-INF\MANIFEST.MF
[2015-05-29 17:13:42,588][Test worker][DEBUG][TEPortServlet] Register MBean(com.mpos.lottery.te.common.jmx.TransactionTimeout@2ee3227b) with name(com.mpos.lottery.te:type=TransactionTimeoutMBean) successfully.
[2015-05-29 17:13:42,588][Test worker][DEBUG][BaseTransactionalIntegrationTest] Retrieve a ApplicationContext(org.springframework.web.context.support.GenericWebApplicationContext@34f645a8: startup date [Fri May 29 17:12:38 CST 2015]; root of context hierarchy).
[2015-05-29 17:13:42,589][Test worker][INFO ][BaseTransactionalIntegrationTest] +------------------------------------------------------------------------------------------------------------------------+
[2015-05-29 17:13:42,589][Test worker][INFO ][BaseTransactionalIntegrationTest] | TotoMannualCancelByTicketIntegrationTest.testCancel_OK                                                                 |
[2015-05-29 17:13:42,589][Test worker][INFO ][BaseTransactionalIntegrationTest] +------------------------------------------------------------------------------------------------------------------------+
[2015-05-29 17:13:42,589][Test worker][DEBUG][MLotteryContext] find mapping file definition(xml-mapping/game/toto/ToToSellTicket_Req.xml) by key(5.transtype.200).
[2015-05-29 17:13:42,589][Test worker][DEBUG][CastorHelper] Finish marshaling input(typeclass com.mpos.lottery.te.gameimpl.toto.domain.ToToTicket, mappingFile=xml-mapping/game/toto/ToToSellTicket_Req.xml).
[2015-05-29 17:13:42,590][Test worker][DEBUG][BaseServletIntegrationTest] Do MAC(key=P2Bbo6+bSSR9O2Qc89f3b4oHTyE1V2gF) on (Protocal-Version:1.5|GPE_Id:GPE-111|Terminal-Id:111|Operator-Id:OPERATOR-111|Trans-BatchNumber:20150529|TractMsg-Id:1432890822589|Timestamp:20150529171342|Transaction-Type:200|Transaction-Id:|Response-Code:|<?xml version="1.0" encoding="UTF-8"?>
<Ticket multipleDraws="1" totalAmount="600.0" PIN="123456"><GameDraw number="20090402" gameId="GAME-TOTO-1" omrGameSet="G2"/><Entry selectedNumber="0|1|3,1,3|0" inputChannel="1" betOption="0"/></Ticket>,hash=-331004284), get digest:8619492855b9556382ab3c6c8876e718
[2015-05-29 17:13:42,590][Test worker][DEBUG][TEPortServlet] Got request header(name=X-Transaction-Type, value=200).
[2015-05-29 17:13:42,590][Test worker][DEBUG][TEPortServlet] Got request header(name=X-Protocal-Version, value=1.5).
[2015-05-29 17:13:42,590][Test worker][DEBUG][TEPortServlet] Got request header(name=X-Timestamp, value=20150529171342).
[2015-05-29 17:13:42,590][Test worker][DEBUG][TEPortServlet] Got request header(name=X-GPE-Id, value=GPE-111).
[2015-05-29 17:13:42,590][Test worker][DEBUG][TEPortServlet] Got request header(name=X-Trace-Message-Id, value=1432890822589).
[2015-05-29 17:13:42,590][Test worker][DEBUG][TEPortServlet] Got request header(name=X-Operator-Id, value=OPERATOR-111).
[2015-05-29 17:13:42,590][Test worker][DEBUG][TEPortServlet] Got request header(name=X-Terminal-Id, value=111).
[2015-05-29 17:13:42,590][Test worker][DEBUG][TEPortServlet] Got request header(name=X-MAC, value=8619492855b9556382ab3c6c8876e718).
[2015-05-29 17:13:42,590][Test worker][DEBUG][TEPortServlet] Got request header(name=X-Game-Type-Id, value=5).
[2015-05-29 17:13:42,590][Test worker][DEBUG][TEPortServlet] Got request header(name=X-Trans-BatchNumber, value=20150529).
[2015-05-29 17:13:42,590][Test worker][DEBUG][TEPortServlet] Got request header(name=X-GPS-Location, value=40.714353,-74.005973).
[2015-05-29 17:13:42,592][Test worker][DEBUG][TEPortServlet] Got request from localhost, and the message body is:pq3FqO8HCcAnaobA+xpVnADmrnwj1vrK59BGhqvtskYFWTsa2cbe6vvj1C28m6E+ybhcq2GHfnfSvzUuvi5gIW+x7OzQghYn61j67DgR6TCXVRbbYRxY5tlDCBqQgCi1VnZWrdPdsyn4IjNz0O9RxmbMgamU+bELYX0cJuPYitV4wBRrPDrMt+Mi6wufj5bRe6zTiRVNzq6lR8JO3sEZ+wCJoQXPhqF87+bCU0Clv4kA6g1ZTYZsNpF1xs0eV+4VJ9zWSmiflVVA9CrpfEG2yqlhhs18xWdVR+NLrN4zoLXGW0aEQywdcYenxpRm6mR1F/klZM1CA2U=.
[2015-05-29 17:13:42,592][Test worker][DEBUG][ProtocolSerializer] Start to deserialize request context(Protocal-Version:1.5|GPE_Id:GPE-111|Terminal-Id:111|Operator-Id:OPERATOR-111|Trans-BatchNumber:20150529|TractMsg-Id:1432890822589|Timestamp:20150529171342|Transaction-Type:200|Transaction-Id:|Response-Code:|).
[2015-05-29 17:13:42,592][Test worker][DEBUG][ProtocolSerializer] Finish decrypting cipher into original xml:<?xml version="1.0" encoding="UTF-8"?>
<Ticket multipleDraws="1" totalAmount="600.0" PIN="123456"><GameDraw number="20090402" gameId="GAME-TOTO-1" omrGameSet="G2"/><Entry selectedNumber="0|1|3,1,3|0" inputChannel="1" betOption="0"/></Ticket>
[2015-05-29 17:13:42,592][Test worker][DEBUG][ProtocolSerializer] Start to do MAC(key=P2Bbo6+bSSR9O2Qc89f3b4oHTyE1V2gF) on (Protocal-Version:1.5|GPE_Id:GPE-111|Terminal-Id:111|Operator-Id:OPERATOR-111|Trans-BatchNumber:20150529|TractMsg-Id:1432890822589|Timestamp:20150529171342|Transaction-Type:200|Transaction-Id:|Response-Code:|<?xml version="1.0" encoding="UTF-8"?>
<Ticket multipleDraws="1" totalAmount="600.0" PIN="123456"><GameDraw number="20090402" gameId="GAME-TOTO-1" omrGameSet="G2"/><Entry selectedNumber="0|1|3,1,3|0" inputChannel="1" betOption="0"/></Ticket>,hash=-331004284), get digest:8619492855b9556382ab3c6c8876e718
[2015-05-29 17:13:42,592][Test worker][DEBUG][MLotteryContext] find mapping file definition(xml-mapping/game/toto/ToToSellTicket_Req.xml) by key(5.transtype.200).
[2015-05-29 17:13:42,592][Test worker][DEBUG][ProtocolSerializer] Start to deserialize model: model=null,mappingFile=xml-mapping/game/toto/ToToSellTicket_Req.xml
[2015-05-29 17:13:42,592][Test worker][DEBUG][MLotteryContext] find mapping file definition(xml-mapping/game/toto/ToToSellTicket_Req.xml) by key(5.transtype.200).
[2015-05-29 17:13:42,604][Test worker][DEBUG][RoutineRegistry] Try to lookup handler by routine key(5_200_1.5.0).
[2015-05-29 17:13:42,604][Test worker][DEBUG][RoutineRegistry] Try to lookup handler by routine key(5_200_).
[2015-05-29 17:13:42,604][Test worker][DEBUG][RoutineRegistry] Lookup controller by key(5_200_), found controller(com.mpos.lottery.te.gameimpl.toto.ToToController@6e596eed) and method(public void com.mpos.lottery.te.gameimpl.toto.ToToController.sell(com.mpos.lottery.te.port.Context,com.mpos.lottery.te.port.Context) throws com.mpos.lottery.te.config.exception.ApplicationException).
[2015-05-29 17:13:42,610][Test worker][INFO ][AbstractGameInstanceService] No channel game instance time definiton found, ignore it.
[2015-05-29 17:13:42,610][Test worker][DEBUG][UUIDServiceImpl] Assemble a new ticket serial number:01110745519300017339
[2015-05-29 17:13:42,633][Test worker][DEBUG][DefaultBalanceService] Operator before transaction -  Operator [id=OPERATOR-111, loginName=OPERATOR-LOGIN, creditType=1, saleCreditLevel=200000000, payoutCreditLevel=1000, cashoutBalance=0, commisionBalance=0]
[2015-05-29 17:13:42,633][Test worker][DEBUG][DefaultBalanceService] Found balance strategy:com.mpos.lottery.te.merchant.service.balance.SaleBalanceStrategy@e1f8aba
[2015-05-29 17:13:42,633][Test worker][DEBUG][DefaultBalanceService] Operator after transaction -  Operator [id=OPERATOR-111, loginName=OPERATOR-LOGIN, creditType=1, saleCreditLevel=199999400.0, payoutCreditLevel=1000, cashoutBalance=0, commisionBalance=0]
[2015-05-29 17:13:42,636][Test worker][WARN ][BaseJpaDao] Should be at most only 1 entity(com.mpos.lottery.te.merchant.domain.OperatorCommission) found, however total 2 entities found... the 1st entity(com.mpos.lottery.te.merchant.domain.OperatorCommission@1eaf04aa) will be returned.
[2015-05-29 17:13:42,641][Test worker][DEBUG][CommonFacadeService] Prepare to publish message to exchange[TE.200] with routing key[TE.200.5]: transaction {
  id: "0115052900000000002041"
  dev_id: "111"
  operator_id: "OPERATOR-111"
  merchant_id: "111"
  create_time: 1432890822000
  trans_type: 200
  game_id: "GAME-TOTO-1"
  game_type: 5
  total_amount: "600.0"
}
multi_draw: 1
total_amount: "600.0"
serial_no: "aHhDkgTyIu4QvNU74kOjvjYK25aM2UGS"
game_instance {
  id: "GII-112"
}
entries {
  selected_number: "0|1|3,1,3|0"
  bet_option: 0
  total_bets: 6
  entry_amount: "600.00"
  input_channel: "1"
}

[2015-05-29 17:13:42,642][Test worker][DEBUG][CommonFacadeService] Publish message successfully
[2015-05-29 17:13:42,642][Test worker][DEBUG][MLotteryContext] find mapping file definition(xml-mapping/game/toto/ToToSellTicket_Res.xml) by key(5.transtype.4200).
[2015-05-29 17:13:42,642][Test worker][DEBUG][ProtocolSerializer] Start to serialize model(class com.mpos.lottery.te.gameimpl.toto.domain.ToToTicket),mappingFile=xml-mapping/game/toto/ToToSellTicket_Res.xml
[2015-05-29 17:13:42,642][Test worker][DEBUG][MLotteryContext] find mapping file definition(xml-mapping/game/toto/ToToSellTicket_Res.xml) by key(5.transtype.4200).
[2015-05-29 17:13:42,643][Test worker][DEBUG][CastorHelper] Finish marshaling input(typeclass com.mpos.lottery.te.gameimpl.toto.domain.ToToTicket, mappingFile=xml-mapping/game/toto/ToToSellTicket_Res.xml).
[2015-05-29 17:13:42,643][Test worker][DEBUG][ProtocolSerializer] Finish mac(macKey=P2Bbo6+bSSR9O2Qc89f3b4oHTyE1V2gF,macString=Protocal-Version:1.5|GPE_Id:GPE-111|Terminal-Id:111|Operator-Id:OPERATOR-111|Trans-BatchNumber:20150529|TractMsg-Id:1432890822589|Timestamp:20150529171342|Transaction-Type:4200|Transaction-Id:0115052900000000002041|Response-Code:200|<?xml version="1.0" encoding="UTF-8"?>
<Ticket serialNo="01110745519300017339" barcode="05cK/u9hwZY2Rogq4k24Oeg4G3HSlAl9EbjLdf+UJJlt8eRiXxElYKct88xsaBE+0p+sd4HhhB4Hc=" validationCode="795135" multipleDraws="1" totalBets="6" totalAmount="600.0"><GameDraw number="20090402" gameId="GAME-TOTO-1" omrGameSet="G2"/><Entry selectedNumber="0|1|3,1,3|0" inputChannel="1" betOption="0" entryAmount="600.00"/></Ticket>):e7fdbd84e7b69534226a69413d79f9c3
[2015-05-29 17:13:42,643][Test worker][DEBUG][TEPortServlet] Write response to client(host1=localhost,sizeOfPack=556) succesfully.
[2015-05-29 17:13:42,644][Test worker][DEBUG][BaseServletIntegrationTest] Got response(code=200,length=556): <?xml version="1.0" encoding="UTF-8"?>
<Ticket serialNo="01110745519300017339" barcode="05cK/u9hwZY2Rogq4k24Oeg4G3HSlAl9EbjLdf+UJJlt8eRiXxElYKct88xsaBE+0p+sd4HhhB4Hc=" validationCode="795135" multipleDraws="1" totalBets="6" totalAmount="600.0"><GameDraw number="20090402" gameId="GAME-TOTO-1" omrGameSet="G2"/><Entry selectedNumber="0|1|3,1,3|0" inputChannel="1" betOption="0" entryAmount="600.00"/></Ticket>
[2015-05-29 17:13:42,644][Test worker][DEBUG][MLotteryContext] find mapping file definition(xml-mapping/game/toto/ToToSellTicket_Res.xml) by key(5.transtype.4200).
[2015-05-29 17:13:42,650][Test worker][DEBUG][MLotteryContext] find mapping file definition(xml-mapping/game/toto/ToToCancelTicket_Req.xml) by key(5.transtype.201).
[2015-05-29 17:13:42,650][Test worker][DEBUG][CastorHelper] Finish marshaling input(typeclass com.mpos.lottery.te.gameimpl.toto.domain.ToToTicket, mappingFile=xml-mapping/game/toto/ToToCancelTicket_Req.xml).
[2015-05-29 17:13:42,651][Test worker][DEBUG][BaseServletIntegrationTest] Do MAC(key=P2Bbo6+bSSR9O2Qc89f3b4oHTyE1V2gF) on (Protocal-Version:1.5|GPE_Id:GPE-111|Terminal-Id:111|Operator-Id:OPERATOR-111|Trans-BatchNumber:20150529|TractMsg-Id:1432890822650|Timestamp:20150529171342|Transaction-Type:201|Transaction-Id:|Response-Code:|<?xml version="1.0" encoding="UTF-8"?>
<Ticket serialNo="01110745519300017339" isMannul="1"/>,hash=303432579), get digest:1db70f73626d9eb803c2cbb6d8185b6e
[2015-05-29 17:13:42,651][Test worker][DEBUG][TEPortServlet] Got request header(name=X-Transaction-Type, value=201).
[2015-05-29 17:13:42,651][Test worker][DEBUG][TEPortServlet] Got request header(name=X-Protocal-Version, value=1.5).
[2015-05-29 17:13:42,651][Test worker][DEBUG][TEPortServlet] Got request header(name=X-Timestamp, value=20150529171342).
[2015-05-29 17:13:42,651][Test worker][DEBUG][TEPortServlet] Got request header(name=X-GPE-Id, value=GPE-111).
[2015-05-29 17:13:42,651][Test worker][DEBUG][TEPortServlet] Got request header(name=X-Trace-Message-Id, value=1432890822650).
[2015-05-29 17:13:42,651][Test worker][DEBUG][TEPortServlet] Got request header(name=X-Operator-Id, value=OPERATOR-111).
[2015-05-29 17:13:42,651][Test worker][DEBUG][TEPortServlet] Got request header(name=X-Terminal-Id, value=111).
[2015-05-29 17:13:42,651][Test worker][DEBUG][TEPortServlet] Got request header(name=X-MAC, value=1db70f73626d9eb803c2cbb6d8185b6e).
[2015-05-29 17:13:42,651][Test worker][DEBUG][TEPortServlet] Got request header(name=X-Game-Type-Id, value=5).
[2015-05-29 17:13:42,651][Test worker][DEBUG][TEPortServlet] Got request header(name=X-Trans-BatchNumber, value=20150529).
[2015-05-29 17:13:42,651][Test worker][DEBUG][TEPortServlet] Got request header(name=X-GPS-Location, value=40.714353,-74.005973).
[2015-05-29 17:13:42,652][Test worker][DEBUG][TEPortServlet] Got request from localhost, and the message body is:pq3FqO8HCcAnaobA+xpVnADmrnwj1vrK59BGhqvtskYFWTsa2cbe6ttFDFcpmi1MamgAomcAmY7eTM16XgcUTnORr95YBFZ2MXZ5+QWxxjAcGN9yTSkBYIkqzY2Z0i5I.
[2015-05-29 17:13:42,652][Test worker][DEBUG][ProtocolSerializer] Start to deserialize request context(Protocal-Version:1.5|GPE_Id:GPE-111|Terminal-Id:111|Operator-Id:OPERATOR-111|Trans-BatchNumber:20150529|TractMsg-Id:1432890822650|Timestamp:20150529171342|Transaction-Type:201|Transaction-Id:|Response-Code:|).
[2015-05-29 17:13:42,653][Test worker][DEBUG][ProtocolSerializer] Finish decrypting cipher into original xml:<?xml version="1.0" encoding="UTF-8"?>
<Ticket serialNo="01110745519300017339" isMannul="1"/>
[2015-05-29 17:13:42,653][Test worker][DEBUG][ProtocolSerializer] Start to do MAC(key=P2Bbo6+bSSR9O2Qc89f3b4oHTyE1V2gF) on (Protocal-Version:1.5|GPE_Id:GPE-111|Terminal-Id:111|Operator-Id:OPERATOR-111|Trans-BatchNumber:20150529|TractMsg-Id:1432890822650|Timestamp:20150529171342|Transaction-Type:201|Transaction-Id:|Response-Code:|<?xml version="1.0" encoding="UTF-8"?>
<Ticket serialNo="01110745519300017339" isMannul="1"/>,hash=303432579), get digest:1db70f73626d9eb803c2cbb6d8185b6e
[2015-05-29 17:13:42,653][Test worker][DEBUG][MLotteryContext] find mapping file definition(xml-mapping/game/toto/ToToCancelTicket_Req.xml) by key(5.transtype.201).
[2015-05-29 17:13:42,653][Test worker][DEBUG][ProtocolSerializer] Start to deserialize model: model=null,mappingFile=xml-mapping/game/toto/ToToCancelTicket_Req.xml
[2015-05-29 17:13:42,653][Test worker][DEBUG][MLotteryContext] find mapping file definition(xml-mapping/game/toto/ToToCancelTicket_Req.xml) by key(5.transtype.201).
[2015-05-29 17:13:42,666][Test worker][DEBUG][RoutineRegistry] Try to lookup handler by routine key(5_201_1.5.0).
[2015-05-29 17:13:42,666][Test worker][DEBUG][RoutineRegistry] Try to lookup handler by routine key(5_201_).
[2015-05-29 17:13:42,666][Test worker][DEBUG][RoutineRegistry] Lookup controller by key(5_201_), found controller(com.mpos.lottery.te.gameimpl.toto.ToToController@6e596eed) and method(public void com.mpos.lottery.te.gameimpl.toto.ToToController.cancelByTicket(com.mpos.lottery.te.port.Context,com.mpos.lottery.te.port.Context) throws com.mpos.lottery.te.config.exception.ApplicationException).
[2015-05-29 17:13:42,671][Test worker][DEBUG][ReversalOrCancelStrategyFactory] Found ReversalStrategy(class com.mpos.lottery.te.gameimpl.toto.service.impl.ToToTicketServiceImpl) to cancel transaction(gameType=5,terminalId=111,transType=200,protocolVersion=1.5.0).
[2015-05-29 17:13:42,685][Test worker][DEBUG][DefaultBalanceService] Operator before transaction -  Operator [id=OPERATOR-111, loginName=OPERATOR-LOGIN, creditType=1, saleCreditLevel=199999400, payoutCreditLevel=1000, cashoutBalance=0, commisionBalance=0]
[2015-05-29 17:13:42,685][Test worker][DEBUG][DefaultBalanceService] Found balance strategy:com.mpos.lottery.te.merchant.service.balance.SaleBalanceStrategy@e1f8aba
[2015-05-29 17:13:42,685][Test worker][DEBUG][DefaultBalanceService] Operator after transaction -  Operator [id=OPERATOR-111, loginName=OPERATOR-LOGIN, creditType=1, saleCreditLevel=200000000, payoutCreditLevel=1000, cashoutBalance=0, commisionBalance=0]
[2015-05-29 17:13:42,697][Test worker][DEBUG][CommonFacadeService] Prepare to publish message to exchange[TE.200] with routing key[TE.CANCEL.200.5]: origTrans {
  id: "0115052900000000002041"
  dev_id: "111"
  operator_id: "OPERATOR-111"
  merchant_id: "111"
  create_time: 1432890822000
  trans_type: 200
  game_id: "GAME-TOTO-1"
  game_type: 5
  total_amount: "600"
}
cancelTrans {
  id: "0115052900000000002044"
  dev_id: "111"
  operator_id: "OPERATOR-111"
  merchant_id: "111"
  create_time: 1432890822000
  trans_type: 210
  game_id: "GAME-TOTO-1"
  game_type: 5
  total_amount: "600"
}

[2015-05-29 17:13:42,697][Test worker][DEBUG][CommonFacadeService] Publish message successfully
[2015-05-29 17:13:42,698][Test worker][DEBUG][ProtocolSerializer] Finish mac(macKey=P2Bbo6+bSSR9O2Qc89f3b4oHTyE1V2gF,macString=Protocal-Version:1.5|GPE_Id:GPE-111|Terminal-Id:111|Operator-Id:OPERATOR-111|Trans-BatchNumber:20150529|TractMsg-Id:1432890822650|Timestamp:20150529171342|Transaction-Type:4201|Transaction-Id:0115052900000000002044|Response-Code:200|):634c2a0b96a310aeb3e1defd38e2dcca
[2015-05-29 17:13:42,698][Test worker][DEBUG][BaseServletIntegrationTest] Got response(code=200,length=0): 
[2015-05-29 17:13:42,718][Test worker][DEBUG][TEPortServlet] Startup job scheduer(org.quartz.impl.StdScheduler@4d1e5820) successfully.
[2015-05-29 17:13:42,719][Test worker][WARN ][TEPortServlet] can NOT find META file:F:\project\M.Lottery\TE\TRUNK_TE\sourcecode\build\classes\main\META-INF\MANIFEST.MF
[2015-05-29 17:13:42,719][Test worker][DEBUG][TEPortServlet] Register MBean(com.mpos.lottery.te.common.jmx.TransactionTimeout@75621a40) with name(com.mpos.lottery.te:type=TransactionTimeoutMBean) successfully.
[2015-05-29 17:13:42,719][Test worker][DEBUG][BaseTransactionalIntegrationTest] Retrieve a ApplicationContext(org.springframework.web.context.support.GenericWebApplicationContext@34f645a8: startup date [Fri May 29 17:12:38 CST 2015]; root of context hierarchy).
[2015-05-29 17:13:42,719][Test worker][INFO ][BaseTransactionalIntegrationTest] +------------------------------------------------------------------------------------------------------------------------+
[2015-05-29 17:13:42,720][Test worker][INFO ][BaseTransactionalIntegrationTest] | TotoMannualCancelByTicketIntegrationTest.testCancel_GameInstance_Disable                                               |
[2015-05-29 17:13:42,720][Test worker][INFO ][BaseTransactionalIntegrationTest] +------------------------------------------------------------------------------------------------------------------------+
[2015-05-29 17:13:42,721][Test worker][DEBUG][MLotteryContext] find mapping file definition(xml-mapping/game/toto/ToToSellTicket_Req.xml) by key(5.transtype.200).
[2015-05-29 17:13:42,722][Test worker][DEBUG][CastorHelper] Finish marshaling input(typeclass com.mpos.lottery.te.gameimpl.toto.domain.ToToTicket, mappingFile=xml-mapping/game/toto/ToToSellTicket_Req.xml).
[2015-05-29 17:13:42,722][Test worker][DEBUG][BaseServletIntegrationTest] Do MAC(key=P2Bbo6+bSSR9O2Qc89f3b4oHTyE1V2gF) on (Protocal-Version:1.5|GPE_Id:GPE-111|Terminal-Id:111|Operator-Id:OPERATOR-111|Trans-BatchNumber:20150529|TractMsg-Id:1432890822721|Timestamp:20150529171342|Transaction-Type:200|Transaction-Id:|Response-Code:|<?xml version="1.0" encoding="UTF-8"?>
<Ticket multipleDraws="1" totalAmount="600.0" PIN="123456"><GameDraw number="20090402" gameId="GAME-TOTO-1" omrGameSet="G2"/><Entry selectedNumber="0|1|3,1,3|0" inputChannel="1" betOption="0"/></Ticket>,hash=343369668), get digest:341a535d3e753e68c7365ae9c64dfbe6
[2015-05-29 17:13:42,722][Test worker][DEBUG][TEPortServlet] Got request header(name=X-Transaction-Type, value=200).
[2015-05-29 17:13:42,722][Test worker][DEBUG][TEPortServlet] Got request header(name=X-Protocal-Version, value=1.5).
[2015-05-29 17:13:42,722][Test worker][DEBUG][TEPortServlet] Got request header(name=X-Timestamp, value=20150529171342).
[2015-05-29 17:13:42,722][Test worker][DEBUG][TEPortServlet] Got request header(name=X-GPE-Id, value=GPE-111).
[2015-05-29 17:13:42,722][Test worker][DEBUG][TEPortServlet] Got request header(name=X-Trace-Message-Id, value=1432890822721).
[2015-05-29 17:13:42,722][Test worker][DEBUG][TEPortServlet] Got request header(name=X-Operator-Id, value=OPERATOR-111).
[2015-05-29 17:13:42,722][Test worker][DEBUG][TEPortServlet] Got request header(name=X-Terminal-Id, value=111).
[2015-05-29 17:13:42,723][Test worker][DEBUG][TEPortServlet] Got request header(name=X-MAC, value=341a535d3e753e68c7365ae9c64dfbe6).
[2015-05-29 17:13:42,723][Test worker][DEBUG][TEPortServlet] Got request header(name=X-Game-Type-Id, value=5).
[2015-05-29 17:13:42,723][Test worker][DEBUG][TEPortServlet] Got request header(name=X-Trans-BatchNumber, value=20150529).
[2015-05-29 17:13:42,723][Test worker][DEBUG][TEPortServlet] Got request header(name=X-GPS-Location, value=40.714353,-74.005973).
[2015-05-29 17:13:42,724][Test worker][DEBUG][TEPortServlet] Got request from localhost, and the message body is:pq3FqO8HCcAnaobA+xpVnADmrnwj1vrK59BGhqvtskYFWTsa2cbe6vvj1C28m6E+ybhcq2GHfnfSvzUuvi5gIW+x7OzQghYn61j67DgR6TCXVRbbYRxY5tlDCBqQgCi1VnZWrdPdsyn4IjNz0O9RxmbMgamU+bELYX0cJuPYitV4wBRrPDrMt+Mi6wufj5bRe6zTiRVNzq6lR8JO3sEZ+wCJoQXPhqF87+bCU0Clv4kA6g1ZTYZsNpF1xs0eV+4VJ9zWSmiflVVA9CrpfEG2yqlhhs18xWdVR+NLrN4zoLXGW0aEQywdcYenxpRm6mR1F/klZM1CA2U=.
[2015-05-29 17:13:42,724][Test worker][DEBUG][ProtocolSerializer] Start to deserialize request context(Protocal-Version:1.5|GPE_Id:GPE-111|Terminal-Id:111|Operator-Id:OPERATOR-111|Trans-BatchNumber:20150529|TractMsg-Id:1432890822721|Timestamp:20150529171342|Transaction-Type:200|Transaction-Id:|Response-Code:|).
[2015-05-29 17:13:42,724][Test worker][DEBUG][ProtocolSerializer] Finish decrypting cipher into original xml:<?xml version="1.0" encoding="UTF-8"?>
<Ticket multipleDraws="1" totalAmount="600.0" PIN="123456"><GameDraw number="20090402" gameId="GAME-TOTO-1" omrGameSet="G2"/><Entry selectedNumber="0|1|3,1,3|0" inputChannel="1" betOption="0"/></Ticket>
[2015-05-29 17:13:42,724][Test worker][DEBUG][ProtocolSerializer] Start to do MAC(key=P2Bbo6+bSSR9O2Qc89f3b4oHTyE1V2gF) on (Protocal-Version:1.5|GPE_Id:GPE-111|Terminal-Id:111|Operator-Id:OPERATOR-111|Trans-BatchNumber:20150529|TractMsg-Id:1432890822721|Timestamp:20150529171342|Transaction-Type:200|Transaction-Id:|Response-Code:|<?xml version="1.0" encoding="UTF-8"?>
<Ticket multipleDraws="1" totalAmount="600.0" PIN="123456"><GameDraw number="20090402" gameId="GAME-TOTO-1" omrGameSet="G2"/><Entry selectedNumber="0|1|3,1,3|0" inputChannel="1" betOption="0"/></Ticket>,hash=343369668), get digest:341a535d3e753e68c7365ae9c64dfbe6
[2015-05-29 17:13:42,725][Test worker][DEBUG][MLotteryContext] find mapping file definition(xml-mapping/game/toto/ToToSellTicket_Req.xml) by key(5.transtype.200).
[2015-05-29 17:13:42,725][Test worker][DEBUG][ProtocolSerializer] Start to deserialize model: model=null,mappingFile=xml-mapping/game/toto/ToToSellTicket_Req.xml
[2015-05-29 17:13:42,725][Test worker][DEBUG][MLotteryContext] find mapping file definition(xml-mapping/game/toto/ToToSellTicket_Req.xml) by key(5.transtype.200).
[2015-05-29 17:13:42,736][Test worker][DEBUG][RoutineRegistry] Try to lookup handler by routine key(5_200_1.5.0).
[2015-05-29 17:13:42,736][Test worker][DEBUG][RoutineRegistry] Try to lookup handler by routine key(5_200_).
[2015-05-29 17:13:42,736][Test worker][DEBUG][RoutineRegistry] Lookup controller by key(5_200_), found controller(com.mpos.lottery.te.gameimpl.toto.ToToController@6e596eed) and method(public void com.mpos.lottery.te.gameimpl.toto.ToToController.sell(com.mpos.lottery.te.port.Context,com.mpos.lottery.te.port.Context) throws com.mpos.lottery.te.config.exception.ApplicationException).
[2015-05-29 17:13:42,742][Test worker][INFO ][AbstractGameInstanceService] No channel game instance time definiton found, ignore it.
[2015-05-29 17:13:42,742][Test worker][DEBUG][UUIDServiceImpl] Assemble a new ticket serial number:01110745519300017427
[2015-05-29 17:13:42,763][Test worker][DEBUG][DefaultBalanceService] Operator before transaction -  Operator [id=OPERATOR-111, loginName=OPERATOR-LOGIN, creditType=1, saleCreditLevel=200000000, payoutCreditLevel=1000, cashoutBalance=0, commisionBalance=0]
[2015-05-29 17:13:42,763][Test worker][DEBUG][DefaultBalanceService] Found balance strategy:com.mpos.lottery.te.merchant.service.balance.SaleBalanceStrategy@e1f8aba
[2015-05-29 17:13:42,763][Test worker][DEBUG][DefaultBalanceService] Operator after transaction -  Operator [id=OPERATOR-111, loginName=OPERATOR-LOGIN, creditType=1, saleCreditLevel=199999400.0, payoutCreditLevel=1000, cashoutBalance=0, commisionBalance=0]
[2015-05-29 17:13:42,766][Test worker][WARN ][BaseJpaDao] Should be at most only 1 entity(com.mpos.lottery.te.merchant.domain.OperatorCommission) found, however total 2 entities found... the 1st entity(com.mpos.lottery.te.merchant.domain.OperatorCommission@28c7bc9a) will be returned.
[2015-05-29 17:13:42,772][Test worker][DEBUG][CommonFacadeService] Prepare to publish message to exchange[TE.200] with routing key[TE.200.5]: transaction {
  id: "0115052900000000002045"
  dev_id: "111"
  operator_id: "OPERATOR-111"
  merchant_id: "111"
  create_time: 1432890822000
  trans_type: 200
  game_id: "GAME-TOTO-1"
  game_type: 5
  total_amount: "600.0"
}
multi_draw: 1
total_amount: "600.0"
serial_no: "aHhDkgTyIu4QvNU74kOjvhoyHuNKIVTe"
game_instance {
  id: "GII-112"
}
entries {
  selected_number: "0|1|3,1,3|0"
  bet_option: 0
  total_bets: 6
  entry_amount: "600.00"
  input_channel: "1"
}

[2015-05-29 17:13:42,772][Test worker][DEBUG][CommonFacadeService] Publish message successfully
[2015-05-29 17:13:42,772][Test worker][DEBUG][MLotteryContext] find mapping file definition(xml-mapping/game/toto/ToToSellTicket_Res.xml) by key(5.transtype.4200).
[2015-05-29 17:13:42,772][Test worker][DEBUG][ProtocolSerializer] Start to serialize model(class com.mpos.lottery.te.gameimpl.toto.domain.ToToTicket),mappingFile=xml-mapping/game/toto/ToToSellTicket_Res.xml
[2015-05-29 17:13:42,772][Test worker][DEBUG][MLotteryContext] find mapping file definition(xml-mapping/game/toto/ToToSellTicket_Res.xml) by key(5.transtype.4200).
[2015-05-29 17:13:42,773][Test worker][DEBUG][CastorHelper] Finish marshaling input(typeclass com.mpos.lottery.te.gameimpl.toto.domain.ToToTicket, mappingFile=xml-mapping/game/toto/ToToSellTicket_Res.xml).
[2015-05-29 17:13:42,773][Test worker][DEBUG][ProtocolSerializer] Finish mac(macKey=P2Bbo6+bSSR9O2Qc89f3b4oHTyE1V2gF,macString=Protocal-Version:1.5|GPE_Id:GPE-111|Terminal-Id:111|Operator-Id:OPERATOR-111|Trans-BatchNumber:20150529|TractMsg-Id:1432890822721|Timestamp:20150529171342|Transaction-Type:4200|Transaction-Id:0115052900000000002045|Response-Code:200|<?xml version="1.0" encoding="UTF-8"?>
<Ticket serialNo="01110745519300017427" barcode="05cK/u9hwZY2Rogq4k24Oeg4G3HSlAl9EbjLdf+UJJlt8eRiXxElYKct88xsaBE+0p1UDUTQw4aP0=" validationCode="950178" multipleDraws="1" totalBets="6" totalAmount="600.0"><GameDraw number="20090402" gameId="GAME-TOTO-1" omrGameSet="G2"/><Entry selectedNumber="0|1|3,1,3|0" inputChannel="1" betOption="0" entryAmount="600.00"/></Ticket>):b0dda05f65b2cee4c5e9bf8fd11b7f15
[2015-05-29 17:13:42,773][Test worker][DEBUG][TEPortServlet] Write response to client(host1=localhost,sizeOfPack=556) succesfully.
[2015-05-29 17:13:42,773][Test worker][DEBUG][BaseServletIntegrationTest] Got response(code=200,length=556): <?xml version="1.0" encoding="UTF-8"?>
<Ticket serialNo="01110745519300017427" barcode="05cK/u9hwZY2Rogq4k24Oeg4G3HSlAl9EbjLdf+UJJlt8eRiXxElYKct88xsaBE+0p1UDUTQw4aP0=" validationCode="950178" multipleDraws="1" totalBets="6" totalAmount="600.0"><GameDraw number="20090402" gameId="GAME-TOTO-1" omrGameSet="G2"/><Entry selectedNumber="0|1|3,1,3|0" inputChannel="1" betOption="0" entryAmount="600.00"/></Ticket>
[2015-05-29 17:13:42,774][Test worker][DEBUG][MLotteryContext] find mapping file definition(xml-mapping/game/toto/ToToSellTicket_Res.xml) by key(5.transtype.4200).
[2015-05-29 17:13:42,779][Test worker][DEBUG][MLotteryContext] find mapping file definition(xml-mapping/game/toto/ToToCancelTicket_Req.xml) by key(5.transtype.201).
[2015-05-29 17:13:42,780][Test worker][DEBUG][CastorHelper] Finish marshaling input(typeclass com.mpos.lottery.te.gameimpl.toto.domain.ToToTicket, mappingFile=xml-mapping/game/toto/ToToCancelTicket_Req.xml).
[2015-05-29 17:13:42,780][Test worker][DEBUG][BaseServletIntegrationTest] Do MAC(key=P2Bbo6+bSSR9O2Qc89f3b4oHTyE1V2gF) on (Protocal-Version:1.5|GPE_Id:GPE-111|Terminal-Id:111|Operator-Id:OPERATOR-111|Trans-BatchNumber:20150529|TractMsg-Id:1432890822779|Timestamp:20150529171342|Transaction-Type:201|Transaction-Id:|Response-Code:|<?xml version="1.0" encoding="UTF-8"?>
<Ticket serialNo="01110745519300017427" isMannul="1"/>,hash=293342747), get digest:a324e4ef82507759d981a9770b74ac86
[2015-05-29 17:13:42,780][Test worker][DEBUG][TEPortServlet] Got request header(name=X-Transaction-Type, value=201).
[2015-05-29 17:13:42,780][Test worker][DEBUG][TEPortServlet] Got request header(name=X-Protocal-Version, value=1.5).
[2015-05-29 17:13:42,780][Test worker][DEBUG][TEPortServlet] Got request header(name=X-Timestamp, value=20150529171342).
[2015-05-29 17:13:42,780][Test worker][DEBUG][TEPortServlet] Got request header(name=X-GPE-Id, value=GPE-111).
[2015-05-29 17:13:42,780][Test worker][DEBUG][TEPortServlet] Got request header(name=X-Trace-Message-Id, value=1432890822779).
[2015-05-29 17:13:42,780][Test worker][DEBUG][TEPortServlet] Got request header(name=X-Operator-Id, value=OPERATOR-111).
[2015-05-29 17:13:42,780][Test worker][DEBUG][TEPortServlet] Got request header(name=X-Terminal-Id, value=111).
[2015-05-29 17:13:42,780][Test worker][DEBUG][TEPortServlet] Got request header(name=X-MAC, value=a324e4ef82507759d981a9770b74ac86).
[2015-05-29 17:13:42,780][Test worker][DEBUG][TEPortServlet] Got request header(name=X-Game-Type-Id, value=5).
[2015-05-29 17:13:42,780][Test worker][DEBUG][TEPortServlet] Got request header(name=X-Trans-BatchNumber, value=20150529).
[2015-05-29 17:13:42,780][Test worker][DEBUG][TEPortServlet] Got request header(name=X-GPS-Location, value=40.714353,-74.005973).
[2015-05-29 17:13:42,785][Test worker][DEBUG][TEPortServlet] Got request from localhost, and the message body is:pq3FqO8HCcAnaobA+xpVnADmrnwj1vrK59BGhqvtskYFWTsa2cbe6ttFDFcpmi1MamgAomcAmY7eTM16XgcUTnORr95YBFZ2Ta2eNPym9jervtLkbc1sEgM4iNKLt6+2.
[2015-05-29 17:13:42,785][Test worker][DEBUG][ProtocolSerializer] Start to deserialize request context(Protocal-Version:1.5|GPE_Id:GPE-111|Terminal-Id:111|Operator-Id:OPERATOR-111|Trans-BatchNumber:20150529|TractMsg-Id:1432890822779|Timestamp:20150529171342|Transaction-Type:201|Transaction-Id:|Response-Code:|).
[2015-05-29 17:13:42,785][Test worker][DEBUG][ProtocolSerializer] Finish decrypting cipher into original xml:<?xml version="1.0" encoding="UTF-8"?>
<Ticket serialNo="01110745519300017427" isMannul="1"/>
[2015-05-29 17:13:42,785][Test worker][DEBUG][ProtocolSerializer] Start to do MAC(key=P2Bbo6+bSSR9O2Qc89f3b4oHTyE1V2gF) on (Protocal-Version:1.5|GPE_Id:GPE-111|Terminal-Id:111|Operator-Id:OPERATOR-111|Trans-BatchNumber:20150529|TractMsg-Id:1432890822779|Timestamp:20150529171342|Transaction-Type:201|Transaction-Id:|Response-Code:|<?xml version="1.0" encoding="UTF-8"?>
<Ticket serialNo="01110745519300017427" isMannul="1"/>,hash=293342747), get digest:a324e4ef82507759d981a9770b74ac86
[2015-05-29 17:13:42,785][Test worker][DEBUG][MLotteryContext] find mapping file definition(xml-mapping/game/toto/ToToCancelTicket_Req.xml) by key(5.transtype.201).
[2015-05-29 17:13:42,785][Test worker][DEBUG][ProtocolSerializer] Start to deserialize model: model=null,mappingFile=xml-mapping/game/toto/ToToCancelTicket_Req.xml
[2015-05-29 17:13:42,785][Test worker][DEBUG][MLotteryContext] find mapping file definition(xml-mapping/game/toto/ToToCancelTicket_Req.xml) by key(5.transtype.201).
[2015-05-29 17:13:42,800][Test worker][DEBUG][RoutineRegistry] Try to lookup handler by routine key(5_201_1.5.0).
[2015-05-29 17:13:42,800][Test worker][DEBUG][RoutineRegistry] Try to lookup handler by routine key(5_201_).
[2015-05-29 17:13:42,800][Test worker][DEBUG][RoutineRegistry] Lookup controller by key(5_201_), found controller(com.mpos.lottery.te.gameimpl.toto.ToToController@6e596eed) and method(public void com.mpos.lottery.te.gameimpl.toto.ToToController.cancelByTicket(com.mpos.lottery.te.port.Context,com.mpos.lottery.te.port.Context) throws com.mpos.lottery.te.config.exception.ApplicationException).
[2015-05-29 17:13:42,805][Test worker][DEBUG][ReversalOrCancelStrategyFactory] Found ReversalStrategy(class com.mpos.lottery.te.gameimpl.toto.service.impl.ToToTicketServiceImpl) to cancel transaction(gameType=5,terminalId=111,transType=200,protocolVersion=1.5.0).
[2015-05-29 17:13:42,810][Test worker][ERROR][TEPortServlet] No manual cancellation allowed of game instance(gameId=GAME-TOTO-1,number=20090402).
com.mpos.lottery.te.config.exception.ApplicationException: No manual cancellation allowed of game instance(gameId=GAME-TOTO-1,number=20090402).
	at com.mpos.lottery.te.gamespec.sale.service.AbstractTicketService.allowManualCancellation(AbstractTicketService.java:366)
	at com.mpos.lottery.te.gamespec.sale.service.AbstractTicketService.cancelByTicket(AbstractTicketService.java:217)
	at com.mpos.lottery.te.gamespec.sale.service.AbstractTicketService.cancelOrReverse(AbstractTicketService.java:283)
	at com.mpos.lottery.te.trans.service.impl.TransactionServiceImpl.reverseOrCancel(TransactionServiceImpl.java:203)
	at com.mpos.lottery.te.trans.service.impl.TransactionServiceImpl.reverseOrCancel(TransactionServiceImpl.java:227)
	at sun.reflect.GeneratedMethodAccessor288.invoke(Unknown Source)
	at sun.reflect.DelegatingMethodAccessorImpl.invoke(DelegatingMethodAccessorImpl.java:43)
	at java.lang.reflect.Method.invoke(Method.java:606)
	at org.springframework.aop.support.AopUtils.invokeJoinpointUsingReflection(AopUtils.java:317)
	at org.springframework.aop.framework.ReflectiveMethodInvocation.invokeJoinpoint(ReflectiveMethodInvocation.java:190)
	at org.springframework.aop.framework.ReflectiveMethodInvocation.proceed(ReflectiveMethodInvocation.java:157)
	at org.springframework.transaction.interceptor.TransactionInterceptor$1.proceedWithInvocation(TransactionInterceptor.java:98)
	at org.springframework.transaction.interceptor.TransactionAspectSupport.invokeWithinTransaction(TransactionAspectSupport.java:262)
	at org.springframework.transaction.interceptor.TransactionInterceptor.invoke(TransactionInterceptor.java:95)
	at org.springframework.aop.framework.ReflectiveMethodInvocation.proceed(ReflectiveMethodInvocation.java:179)
	at org.springframework.aop.interceptor.ExposeInvocationInterceptor.invoke(ExposeInvocationInterceptor.java:92)
	at org.springframework.aop.framework.ReflectiveMethodInvocation.proceed(ReflectiveMethodInvocation.java:179)
	at org.springframework.aop.framework.JdkDynamicAopProxy.invoke(JdkDynamicAopProxy.java:207)
	at com.sun.proxy.$Proxy55.reverseOrCancel(Unknown Source)
	at com.mpos.lottery.te.gameimpl.toto.ToToController.cancelByTicket(ToToController.java:46)
	at sun.reflect.NativeMethodAccessorImpl.invoke0(Native Method)
	at sun.reflect.NativeMethodAccessorImpl.invoke(NativeMethodAccessorImpl.java:57)
	at sun.reflect.DelegatingMethodAccessorImpl.invoke(DelegatingMethodAccessorImpl.java:43)
	at java.lang.reflect.Method.invoke(Method.java:606)
	at com.mpos.lottery.common.router.RoutineRegistry.route(RoutineRegistry.java:57)
	at com.mpos.lottery.te.port.service.CommonFacadeService.routeRequest(CommonFacadeService.java:237)
	at com.mpos.lottery.te.port.service.CommonFacadeService.facade(CommonFacadeService.java:96)
	at sun.reflect.GeneratedMethodAccessor83.invoke(Unknown Source)
	at sun.reflect.DelegatingMethodAccessorImpl.invoke(DelegatingMethodAccessorImpl.java:43)
	at java.lang.reflect.Method.invoke(Method.java:606)
	at org.springframework.aop.support.AopUtils.invokeJoinpointUsingReflection(AopUtils.java:317)
	at org.springframework.aop.framework.ReflectiveMethodInvocation.invokeJoinpoint(ReflectiveMethodInvocation.java:190)
	at org.springframework.aop.framework.ReflectiveMethodInvocation.proceed(ReflectiveMethodInvocation.java:157)
	at org.springframework.transaction.interceptor.TransactionInterceptor$1.proceedWithInvocation(TransactionInterceptor.java:98)
	at org.springframework.transaction.interceptor.TransactionAspectSupport.invokeWithinTransaction(TransactionAspectSupport.java:262)
	at org.springframework.transaction.interceptor.TransactionInterceptor.invoke(TransactionInterceptor.java:95)
	at org.springframework.aop.framework.ReflectiveMethodInvocation.proceed(ReflectiveMethodInvocation.java:179)
	at org.springframework.aop.interceptor.ExposeInvocationInterceptor.invoke(ExposeInvocationInterceptor.java:92)
	at org.springframework.aop.framework.ReflectiveMethodInvocation.proceed(ReflectiveMethodInvocation.java:179)
	at org.springframework.aop.framework.JdkDynamicAopProxy.invoke(JdkDynamicAopProxy.java:207)
	at com.sun.proxy.$Proxy85.facade(Unknown Source)
	at com.mpos.lottery.te.port.TEPortServlet.doPost(TEPortServlet.java:121)
	at com.mpos.lottery.te.test.integration.BaseServletIntegrationTest.doPost(BaseServletIntegrationTest.java:80)
	at com.mpos.lottery.te.gameimpl.toto.sale.TotoMannualCancelByTicketIntegrationTest.testCancel_GameInstance_Disable(TotoMannualCancelByTicketIntegrationTest.java:133)
	at sun.reflect.NativeMethodAccessorImpl.invoke0(Native Method)
	at sun.reflect.NativeMethodAccessorImpl.invoke(NativeMethodAccessorImpl.java:57)
	at sun.reflect.DelegatingMethodAccessorImpl.invoke(DelegatingMethodAccessorImpl.java:43)
	at java.lang.reflect.Method.invoke(Method.java:606)
	at org.junit.runners.model.FrameworkMethod$1.runReflectiveCall(FrameworkMethod.java:47)
	at org.junit.internal.runners.model.ReflectiveCallable.run(ReflectiveCallable.java:12)
	at org.junit.runners.model.FrameworkMethod.invokeExplosively(FrameworkMethod.java:44)
	at org.junit.internal.runners.statements.InvokeMethod.evaluate(InvokeMethod.java:17)
	at org.junit.internal.runners.statements.RunBefores.evaluate(RunBefores.java:26)
	at org.springframework.test.context.junit4.statements.RunBeforeTestMethodCallbacks.evaluate(RunBeforeTestMethodCallbacks.java:74)
	at org.junit.internal.runners.statements.RunAfters.evaluate(RunAfters.java:27)
	at org.springframework.test.context.junit4.statements.RunAfterTestMethodCallbacks.evaluate(RunAfterTestMethodCallbacks.java:83)
	at org.springframework.test.context.junit4.statements.SpringRepeat.evaluate(SpringRepeat.java:72)
	at org.springframework.test.context.junit4.SpringJUnit4ClassRunner.runChild(SpringJUnit4ClassRunner.java:233)
	at org.springframework.test.context.junit4.SpringJUnit4ClassRunner.runChild(SpringJUnit4ClassRunner.java:87)
	at org.junit.runners.ParentRunner$3.run(ParentRunner.java:238)
	at org.junit.runners.ParentRunner$1.schedule(ParentRunner.java:63)
	at org.junit.runners.ParentRunner.runChildren(ParentRunner.java:236)
	at org.junit.runners.ParentRunner.access$000(ParentRunner.java:53)
	at org.junit.runners.ParentRunner$2.evaluate(ParentRunner.java:229)
	at org.junit.internal.runners.statements.RunBefores.evaluate(RunBefores.java:26)
	at org.springframework.test.context.junit4.statements.RunBeforeTestClassCallbacks.evaluate(RunBeforeTestClassCallbacks.java:61)
	at org.junit.internal.runners.statements.RunAfters.evaluate(RunAfters.java:27)
	at org.springframework.test.context.junit4.statements.RunAfterTestClassCallbacks.evaluate(RunAfterTestClassCallbacks.java:71)
	at org.junit.runners.ParentRunner.run(ParentRunner.java:309)
	at org.springframework.test.context.junit4.SpringJUnit4ClassRunner.run(SpringJUnit4ClassRunner.java:176)
	at org.junit.runners.Suite.runChild(Suite.java:127)
	at org.junit.runners.Suite.runChild(Suite.java:26)
	at org.junit.runners.ParentRunner$3.run(ParentRunner.java:238)
	at org.junit.runners.ParentRunner$1.schedule(ParentRunner.java:63)
	at org.junit.runners.ParentRunner.runChildren(ParentRunner.java:236)
	at org.junit.runners.ParentRunner.access$000(ParentRunner.java:53)
	at org.junit.runners.ParentRunner$2.evaluate(ParentRunner.java:229)
	at org.junit.runners.ParentRunner.run(ParentRunner.java:309)
	at org.gradle.api.internal.tasks.testing.junit.JUnitTestClassExecuter.runTestClass(JUnitTestClassExecuter.java:86)
	at org.gradle.api.internal.tasks.testing.junit.JUnitTestClassExecuter.execute(JUnitTestClassExecuter.java:49)
	at org.gradle.api.internal.tasks.testing.junit.JUnitTestClassProcessor.processTestClass(JUnitTestClassProcessor.java:69)
	at org.gradle.api.internal.tasks.testing.SuiteTestClassProcessor.processTestClass(SuiteTestClassProcessor.java:48)
	at sun.reflect.GeneratedMethodAccessor8.invoke(Unknown Source)
	at sun.reflect.DelegatingMethodAccessorImpl.invoke(DelegatingMethodAccessorImpl.java:43)
	at java.lang.reflect.Method.invoke(Method.java:606)
	at org.gradle.messaging.dispatch.ReflectionDispatch.dispatch(ReflectionDispatch.java:35)
	at org.gradle.messaging.dispatch.ReflectionDispatch.dispatch(ReflectionDispatch.java:24)
	at org.gradle.messaging.dispatch.ContextClassLoaderDispatch.dispatch(ContextClassLoaderDispatch.java:32)
	at org.gradle.messaging.dispatch.ProxyDispatchAdapter$DispatchingInvocationHandler.invoke(ProxyDispatchAdapter.java:93)
	at com.sun.proxy.$Proxy2.processTestClass(Unknown Source)
	at org.gradle.api.internal.tasks.testing.worker.TestWorker.processTestClass(TestWorker.java:105)
	at sun.reflect.GeneratedMethodAccessor7.invoke(Unknown Source)
	at sun.reflect.DelegatingMethodAccessorImpl.invoke(DelegatingMethodAccessorImpl.java:43)
	at java.lang.reflect.Method.invoke(Method.java:606)
	at org.gradle.messaging.dispatch.ReflectionDispatch.dispatch(ReflectionDispatch.java:35)
	at org.gradle.messaging.dispatch.ReflectionDispatch.dispatch(ReflectionDispatch.java:24)
	at org.gradle.messaging.remote.internal.hub.MessageHub$Handler.run(MessageHub.java:360)
	at org.gradle.internal.concurrent.DefaultExecutorFactory$StoppableExecutorImpl$1.run(DefaultExecutorFactory.java:64)
	at java.util.concurrent.ThreadPoolExecutor.runWorker(ThreadPoolExecutor.java:1145)
	at java.util.concurrent.ThreadPoolExecutor$Worker.run(ThreadPoolExecutor.java:615)
	at java.lang.Thread.run(Thread.java:745)
[2015-05-29 17:13:42,811][Test worker][DEBUG][ProtocolSerializer] Finish mac(macKey=P2Bbo6+bSSR9O2Qc89f3b4oHTyE1V2gF,macString=Protocal-Version:1.5|GPE_Id:GPE-111|Terminal-Id:111|Operator-Id:OPERATOR-111|Trans-BatchNumber:20150529|TractMsg-Id:1432890822779|Timestamp:20150529171342|Transaction-Type:4201|Transaction-Id:0115052900000000002048|Response-Code:261|):2ae8f558c2c7a258634cb3d53a87e1ef
[2015-05-29 17:13:42,814][Test worker][DEBUG][BaseServletIntegrationTest] Got response(code=261,length=0): 
]]></system-out>
  <system-err><![CDATA[]]></system-err>
</testsuite>
