<?xml version="1.0" encoding="UTF-8"?>
<testsuite name="com.mpos.lottery.te.valueaddservice.vat.sale.VatB2CSaleCancellationIntegrationTest" tests="5" skipped="0" failures="0" errors="0" timestamp="2015-05-29T09:14:41" hostname="Ramon-PC" time="0.895">
  <properties/>
  <testcase name="test_Cancel_Magic100Sale_MultiBets_RoundUp_OK" classname="com.mpos.lottery.te.valueaddservice.vat.sale.VatB2CSaleCancellationIntegrationTest" time="0.218"/>
  <testcase name="test_Cancel_Magic100Sale_SingleBet_RoundUp_OK" classname="com.mpos.lottery.te.valueaddservice.vat.sale.VatB2CSaleCancellationIntegrationTest" time="0.198"/>
  <testcase name="test_Cancel_RaffleSale_SingleBet_OK" classname="com.mpos.lottery.te.valueaddservice.vat.sale.VatB2CSaleCancellationIntegrationTest" time="0.147"/>
  <testcase name="testCancel_Magic100Sale_NoTicket_OK" classname="com.mpos.lottery.te.valueaddservice.vat.sale.VatB2CSaleCancellationIntegrationTest" time="0.092"/>
  <testcase name="testCancel_Magic100Sale_MultiBets_RoundDown_OK" classname="com.mpos.lottery.te.valueaddservice.vat.sale.VatB2CSaleCancellationIntegrationTest" time="0.239"/>
  <system-out><![CDATA[[2015-05-29 17:14:41,102][Test worker][DEBUG][TEPortServlet] Startup job scheduer(org.quartz.impl.StdScheduler@4d1e5820) successfully.
[2015-05-29 17:14:41,103][Test worker][WARN ][TEPortServlet] can NOT find META file:F:\project\M.Lottery\TE\TRUNK_TE\sourcecode\build\classes\main\META-INF\MANIFEST.MF
[2015-05-29 17:14:41,103][Test worker][DEBUG][TEPortServlet] Register MBean(com.mpos.lottery.te.common.jmx.TransactionTimeout@6086a0c1) with name(com.mpos.lottery.te:type=TransactionTimeoutMBean) successfully.
[2015-05-29 17:14:41,103][Test worker][DEBUG][BaseTransactionalIntegrationTest] Retrieve a ApplicationContext(org.springframework.web.context.support.GenericWebApplicationContext@34f645a8: startup date [Fri May 29 17:12:38 CST 2015]; root of context hierarchy).
[2015-05-29 17:14:41,103][Test worker][INFO ][BaseTransactionalIntegrationTest] +------------------------------------------------------------------------------------------------------------------------+
[2015-05-29 17:14:41,103][Test worker][INFO ][BaseTransactionalIntegrationTest] | VatB2CSaleCancellationIntegrationTest.test_Cancel_Magic100Sale_MultiBets_RoundUp_OK                                    |
[2015-05-29 17:14:41,103][Test worker][INFO ][BaseTransactionalIntegrationTest] +------------------------------------------------------------------------------------------------------------------------+
[2015-05-29 17:14:41,107][Test worker][DEBUG][MLotteryContext] find mapping file definition(xml-mapping/vat/SellTicket_Req.xml) by key(-2.transtype.200).
[2015-05-29 17:14:41,107][Test worker][DEBUG][CastorHelper] Finish marshaling input(typeclass com.mpos.lottery.te.valueaddservice.vat.VatSaleTransaction, mappingFile=xml-mapping/vat/SellTicket_Req.xml).
[2015-05-29 17:14:41,108][Test worker][DEBUG][BaseServletIntegrationTest] Do MAC(key=P2Bbo6+bSSR9O2Qc89f3b4oHTyE1V2gF) on (Protocal-Version:1.5|GPE_Id:GPE-111|Terminal-Id:111|Operator-Id:OPERATOR-111|Trans-BatchNumber:20150529|TractMsg-Id:1432890881107|Timestamp:20150529171441|Transaction-Type:200|Transaction-Id:|Response-Code:|<?xml version="1.0" encoding="UTF-8"?>
<VAT totalAmount="4700" code="foodA" rate="0"/>,hash=1697502716), get digest:a703bb2dcbfd2aa1bfc27de2715e9993
[2015-05-29 17:14:41,108][Test worker][DEBUG][TEPortServlet] Got request header(name=X-Transaction-Type, value=200).
[2015-05-29 17:14:41,108][Test worker][DEBUG][TEPortServlet] Got request header(name=X-Protocal-Version, value=1.5).
[2015-05-29 17:14:41,108][Test worker][DEBUG][TEPortServlet] Got request header(name=X-Timestamp, value=20150529171441).
[2015-05-29 17:14:41,108][Test worker][DEBUG][TEPortServlet] Got request header(name=X-GPE-Id, value=GPE-111).
[2015-05-29 17:14:41,108][Test worker][DEBUG][TEPortServlet] Got request header(name=X-Trace-Message-Id, value=1432890881107).
[2015-05-29 17:14:41,108][Test worker][DEBUG][TEPortServlet] Got request header(name=X-Operator-Id, value=OPERATOR-111).
[2015-05-29 17:14:41,108][Test worker][DEBUG][TEPortServlet] Got request header(name=X-Terminal-Id, value=111).
[2015-05-29 17:14:41,108][Test worker][DEBUG][TEPortServlet] Got request header(name=X-MAC, value=a703bb2dcbfd2aa1bfc27de2715e9993).
[2015-05-29 17:14:41,108][Test worker][DEBUG][TEPortServlet] Got request header(name=X-Game-Type-Id, value=-2).
[2015-05-29 17:14:41,108][Test worker][DEBUG][TEPortServlet] Got request header(name=X-Trans-BatchNumber, value=20150529).
[2015-05-29 17:14:41,108][Test worker][DEBUG][TEPortServlet] Got request header(name=X-GPS-Location, value=40.714353,-74.005973).
[2015-05-29 17:14:41,110][Test worker][DEBUG][TEPortServlet] Got request from localhost, and the message body is:pq3FqO8HCcAnaobA+xpVnADmrnwj1vrK59BGhqvtskYFWTsa2cbe6m1r0kCL0Gd72PIRSa/j7rTA4st7CTbg46rDAGBzRDpO6vBpWuXT93TiR1lz6npuNg==.
[2015-05-29 17:14:41,110][Test worker][DEBUG][ProtocolSerializer] Start to deserialize request context(Protocal-Version:1.5|GPE_Id:GPE-111|Terminal-Id:111|Operator-Id:OPERATOR-111|Trans-BatchNumber:20150529|TractMsg-Id:1432890881107|Timestamp:20150529171441|Transaction-Type:200|Transaction-Id:|Response-Code:|).
[2015-05-29 17:14:41,110][Test worker][DEBUG][ProtocolSerializer] Finish decrypting cipher into original xml:<?xml version="1.0" encoding="UTF-8"?>
<VAT totalAmount="4700" code="foodA" rate="0"/>
[2015-05-29 17:14:41,110][Test worker][DEBUG][ProtocolSerializer] Start to do MAC(key=P2Bbo6+bSSR9O2Qc89f3b4oHTyE1V2gF) on (Protocal-Version:1.5|GPE_Id:GPE-111|Terminal-Id:111|Operator-Id:OPERATOR-111|Trans-BatchNumber:20150529|TractMsg-Id:1432890881107|Timestamp:20150529171441|Transaction-Type:200|Transaction-Id:|Response-Code:|<?xml version="1.0" encoding="UTF-8"?>
<VAT totalAmount="4700" code="foodA" rate="0"/>,hash=1697502716), get digest:a703bb2dcbfd2aa1bfc27de2715e9993
[2015-05-29 17:14:41,111][Test worker][DEBUG][MLotteryContext] find mapping file definition(xml-mapping/vat/SellTicket_Req.xml) by key(-2.transtype.200).
[2015-05-29 17:14:41,111][Test worker][DEBUG][ProtocolSerializer] Start to deserialize model: model=null,mappingFile=xml-mapping/vat/SellTicket_Req.xml
[2015-05-29 17:14:41,111][Test worker][DEBUG][MLotteryContext] find mapping file definition(xml-mapping/vat/SellTicket_Req.xml) by key(-2.transtype.200).
[2015-05-29 17:14:41,127][Test worker][DEBUG][RoutineRegistry] Try to lookup handler by routine key(-2_200_1.5.0).
[2015-05-29 17:14:41,127][Test worker][DEBUG][RoutineRegistry] Try to lookup handler by routine key(-2_200_).
[2015-05-29 17:14:41,128][Test worker][DEBUG][RoutineRegistry] Lookup controller by key(-2_200_), found controller(com.mpos.lottery.te.valueaddservice.vat.VatController@1aeefda9) and method(public void com.mpos.lottery.te.valueaddservice.vat.VatController.sell(com.mpos.lottery.te.port.Context,com.mpos.lottery.te.port.Context) throws com.mpos.lottery.te.config.exception.ApplicationException).
[2015-05-29 17:14:41,136][Test worker][DEBUG][UUIDServiceImpl] Assemble a new reference No.:01114745119400001745
[2015-05-29 17:14:41,144][Test worker][INFO ][AbstractGameInstanceService] No channel game instance time definiton found, ignore it.
[2015-05-29 17:14:41,148][Test worker][INFO ][AbstractGameInstanceService] No channel game instance time definiton found, ignore it.
[2015-05-29 17:14:41,148][Test worker][DEBUG][UUIDServiceImpl] Assemble a new ticket serial number:01111745819400021748
[2015-05-29 17:14:41,160][Test worker][DEBUG][DefaultLuckyNumberService] Use lucky number from REQUEUED RANGE(id=2) instead of main cycle.
[2015-05-29 17:14:41,161][Test worker][DEBUG][DefaultTicketValidator] THe max allowed multi-draw of operation parameter is 10, merchant limit to 3, the smaller 3 will be used.
[2015-05-29 17:14:41,176][Test worker][DEBUG][DefaultBalanceService] Operator before transaction -  Operator [id=OPERATOR-111, loginName=OPERATOR-LOGIN, creditType=1, saleCreditLevel=200000000, payoutCreditLevel=1000, cashoutBalance=0, commisionBalance=0]
[2015-05-29 17:14:41,176][Test worker][DEBUG][DefaultBalanceService] Found balance strategy:com.mpos.lottery.te.merchant.service.balance.PayoutBalanceStrategy@57df81d2
[2015-05-29 17:14:41,176][Test worker][DEBUG][DefaultBalanceService] Operator after transaction -  Operator [id=OPERATOR-111, loginName=OPERATOR-LOGIN, creditType=1, saleCreditLevel=200000000, payoutCreditLevel=2000, cashoutBalance=0, commisionBalance=0]
[2015-05-29 17:14:41,186][Test worker][DEBUG][DefaultBalanceService] Operator before transaction -  Operator [id=OPERATOR-111, loginName=OPERATOR-LOGIN, creditType=1, saleCreditLevel=200000000, payoutCreditLevel=2000, cashoutBalance=0, commisionBalance=200]
[2015-05-29 17:14:41,186][Test worker][DEBUG][DefaultBalanceService] Found balance strategy:com.mpos.lottery.te.merchant.service.balance.SaleBalanceStrategy@e1f8aba
[2015-05-29 17:14:41,186][Test worker][DEBUG][DefaultBalanceService] Operator after transaction -  Operator [id=OPERATOR-111, loginName=OPERATOR-LOGIN, creditType=1, saleCreditLevel=199999500.00, payoutCreditLevel=2000, cashoutBalance=0, commisionBalance=200]
[2015-05-29 17:14:41,191][Test worker][DEBUG][DefaultVatSaleService] Operator(id=OPERATOR-111) is in B2C, has bought ticket(serialNO=01111745819400021748) of game Type: LUCKYNUMBER
[2015-05-29 17:14:41,204][Test worker][DEBUG][CommonFacadeService] Prepare to publish message to exchange[TE.200] with routing key[TE.200.18]: transaction {
  id: "0115052900000000002432"
  dev_id: "111"
  operator_id: "OPERATOR-111"
  merchant_id: "111"
  create_time: 1432890881000
  trans_type: 200
  game_id: "LK-1"
  game_type: 18
  total_amount: "500.00"
}
multi_draw: 1
total_amount: "500.00"
serial_no: "y013eOifYgLRQ7g6vn/TJbNTtOG1iCOu"
game_instance {
  id: "GII-111"
}
entries {
  selected_number: "6"
  bet_option: 1
  total_bets: 1
  entry_amount: "100"
  input_channel: "0"
}
entries {
  selected_number: "7"
  bet_option: 1
  total_bets: 1
  entry_amount: "100"
  input_channel: "0"
}
entries {
  selected_number: "8"
  bet_option: 1
  total_bets: 1
  entry_amount: "100"
  input_channel: "0"
}
entries {
  selected_number: "9"
  bet_option: 1
  total_bets: 1
  entry_amount: "100"
  input_channel: "0"
}
entries {
  selected_number: "10"
  bet_option: 1
  total_bets: 1
  entry_amount: "100"
  input_channel: "0"
}

[2015-05-29 17:14:41,204][Test worker][DEBUG][CommonFacadeService] Publish message successfully
[2015-05-29 17:14:41,205][Test worker][DEBUG][MLotteryContext] find mapping file definition(xml-mapping/vat/SellTicket_Magic100_Res.xml) by key(18.transtype.4200.-18).
[2015-05-29 17:14:41,205][Test worker][DEBUG][ProtocolSerializer] Start to serialize model(class com.mpos.lottery.te.valueaddservice.vat.VatSaleTransaction),mappingFile=xml-mapping/vat/SellTicket_Magic100_Res.xml
[2015-05-29 17:14:41,205][Test worker][DEBUG][MLotteryContext] find mapping file definition(xml-mapping/vat/SellTicket_Magic100_Res.xml) by key(18.transtype.4200.-18).
[2015-05-29 17:14:41,206][Test worker][DEBUG][CastorHelper] Finish marshaling input(typeclass com.mpos.lottery.te.valueaddservice.vat.VatSaleTransaction, mappingFile=xml-mapping/vat/SellTicket_Magic100_Res.xml).
[2015-05-29 17:14:41,206][Test worker][DEBUG][ProtocolSerializer] Finish mac(macKey=P2Bbo6+bSSR9O2Qc89f3b4oHTyE1V2gF,macString=Protocal-Version:-18|GPE_Id:GPE-111|Terminal-Id:111|Operator-Id:OPERATOR-111|Trans-BatchNumber:20150529|TractMsg-Id:1432890881107|Timestamp:20150529171441|Transaction-Type:4200|Transaction-Id:0115052900000000002432|Response-Code:200|<?xml version="1.0" encoding="UTF-8"?>
<VAT totalAmount="4700" code="foodA" rate="0.1" refNo="01114745119400001745"><Ticket serialNo="01111745819400021748" barcode="18cK/u9hwZY2Rogq4k24Oeg4G3HSlAl9EbjLdf+UJJlt9Se2CWmp8xagOfh3a994Utvqoh9nq0SCY=" type="1" validationCode="154678" multipleDraws="1" lastDrawNo="001" totalBets="5" totalAmount="500.00" isWinning="1"><GameDraw number="001" gameId="LK-1" gameTypeId="18"/><Entry selectedNumber="6" betOption="1" inputChannel="0" isWinning="0" prizeAmount="0" taxAmount="0" entryAmount="100"/><Entry selectedNumber="7" betOption="1" inputChannel="0" isWinning="0" prizeAmount="0" taxAmount="0" entryAmount="100"/><Entry selectedNumber="8" betOption="1" inputChannel="0" isWinning="1" prizeAmount="1000" taxAmount="0" entryAmount="100"/><Entry selectedNumber="9" betOption="1" inputChannel="0" isWinning="0" prizeAmount="0" taxAmount="0" entryAmount="100"/><Entry selectedNumber="10" betOption="1" inputChannel="0" isWinning="0" prizeAmount="0" taxAmount="0" entryAmount="100"/></Ticket></VAT>):31785ccb5dee5b11a879be49abd168a4
[2015-05-29 17:14:41,207][Test worker][DEBUG][TEPortServlet] Write response to client(host1=localhost,sizeOfPack=1388) succesfully.
[2015-05-29 17:14:41,207][Test worker][DEBUG][BaseServletIntegrationTest] Got response(code=200,length=1388): <?xml version="1.0" encoding="UTF-8"?>
<VAT totalAmount="4700" code="foodA" rate="0.1" refNo="01114745119400001745"><Ticket serialNo="01111745819400021748" barcode="18cK/u9hwZY2Rogq4k24Oeg4G3HSlAl9EbjLdf+UJJlt9Se2CWmp8xagOfh3a994Utvqoh9nq0SCY=" type="1" validationCode="154678" multipleDraws="1" lastDrawNo="001" totalBets="5" totalAmount="500.00" isWinning="1"><GameDraw number="001" gameId="LK-1" gameTypeId="18"/><Entry selectedNumber="6" betOption="1" inputChannel="0" isWinning="0" prizeAmount="0" taxAmount="0" entryAmount="100"/><Entry selectedNumber="7" betOption="1" inputChannel="0" isWinning="0" prizeAmount="0" taxAmount="0" entryAmount="100"/><Entry selectedNumber="8" betOption="1" inputChannel="0" isWinning="1" prizeAmount="1000" taxAmount="0" entryAmount="100"/><Entry selectedNumber="9" betOption="1" inputChannel="0" isWinning="0" prizeAmount="0" taxAmount="0" entryAmount="100"/><Entry selectedNumber="10" betOption="1" inputChannel="0" isWinning="0" prizeAmount="0" taxAmount="0" entryAmount="100"/></Ticket></VAT>
[2015-05-29 17:14:41,207][Test worker][DEBUG][MLotteryContext] find mapping file definition(xml-mapping/vat/SellTicket_Magic100_Res.xml) by key(18.transtype.4200.-18).
[2015-05-29 17:14:41,214][Test worker][DEBUG][MLotteryContext] find mapping file definition(xml-mapping/TransactionEnquiry_Req.xml) by key(transtype.206).
[2015-05-29 17:14:41,214][Test worker][DEBUG][CastorHelper] Finish marshaling input(typeclass com.mpos.lottery.te.trans.domain.Transaction, mappingFile=xml-mapping/TransactionEnquiry_Req.xml).
[2015-05-29 17:14:41,214][Test worker][DEBUG][BaseServletIntegrationTest] Do MAC(key=P2Bbo6+bSSR9O2Qc89f3b4oHTyE1V2gF) on (Protocal-Version:1.5|GPE_Id:GPE-111|Terminal-Id:111|Operator-Id:OPERATOR-111|Trans-BatchNumber:20150529|TractMsg-Id:1432890881213|Timestamp:20150529171441|Transaction-Type:206|Transaction-Id:|Response-Code:|<?xml version="1.0" encoding="UTF-8"?>
<Transaction terminalId="111" traceMessageId="1432890881107"/>,hash=539857500), get digest:3abfb16d5ae65ef5e73182ad9c371d2c
[2015-05-29 17:14:41,214][Test worker][DEBUG][TEPortServlet] Got request header(name=X-Transaction-Type, value=206).
[2015-05-29 17:14:41,214][Test worker][DEBUG][TEPortServlet] Got request header(name=X-Protocal-Version, value=1.5).
[2015-05-29 17:14:41,215][Test worker][DEBUG][TEPortServlet] Got request header(name=X-Timestamp, value=20150529171441).
[2015-05-29 17:14:41,215][Test worker][DEBUG][TEPortServlet] Got request header(name=X-GPE-Id, value=GPE-111).
[2015-05-29 17:14:41,215][Test worker][DEBUG][TEPortServlet] Got request header(name=X-Trace-Message-Id, value=1432890881213).
[2015-05-29 17:14:41,215][Test worker][DEBUG][TEPortServlet] Got request header(name=X-Operator-Id, value=OPERATOR-111).
[2015-05-29 17:14:41,215][Test worker][DEBUG][TEPortServlet] Got request header(name=X-Terminal-Id, value=111).
[2015-05-29 17:14:41,215][Test worker][DEBUG][TEPortServlet] Got request header(name=X-MAC, value=3abfb16d5ae65ef5e73182ad9c371d2c).
[2015-05-29 17:14:41,215][Test worker][DEBUG][TEPortServlet] Got request header(name=X-Game-Type-Id, value=-1).
[2015-05-29 17:14:41,215][Test worker][DEBUG][TEPortServlet] Got request header(name=X-Trans-BatchNumber, value=20150529).
[2015-05-29 17:14:41,215][Test worker][DEBUG][TEPortServlet] Got request header(name=X-GPS-Location, value=40.714353,-74.005973).
[2015-05-29 17:14:41,216][Test worker][DEBUG][TEPortServlet] Got request from localhost, and the message body is:pq3FqO8HCcAnaobA+xpVnADmrnwj1vrK59BGhqvtskYFWTsa2cbe6jcIE4b0pl+ogrA4SMNVUFtCb0VnctvqFZ4g+Dv1D5Fz4ERoX4gVmzFJ1yZK27DdH0LN/oIfIOCdrwgORkGgODQ=.
[2015-05-29 17:14:41,216][Test worker][DEBUG][ProtocolSerializer] Start to deserialize request context(Protocal-Version:1.5|GPE_Id:GPE-111|Terminal-Id:111|Operator-Id:OPERATOR-111|Trans-BatchNumber:20150529|TractMsg-Id:1432890881213|Timestamp:20150529171441|Transaction-Type:206|Transaction-Id:|Response-Code:|).
[2015-05-29 17:14:41,217][Test worker][DEBUG][ProtocolSerializer] Finish decrypting cipher into original xml:<?xml version="1.0" encoding="UTF-8"?>
<Transaction terminalId="111" traceMessageId="1432890881107"/>
[2015-05-29 17:14:41,217][Test worker][DEBUG][ProtocolSerializer] Start to do MAC(key=P2Bbo6+bSSR9O2Qc89f3b4oHTyE1V2gF) on (Protocal-Version:1.5|GPE_Id:GPE-111|Terminal-Id:111|Operator-Id:OPERATOR-111|Trans-BatchNumber:20150529|TractMsg-Id:1432890881213|Timestamp:20150529171441|Transaction-Type:206|Transaction-Id:|Response-Code:|<?xml version="1.0" encoding="UTF-8"?>
<Transaction terminalId="111" traceMessageId="1432890881107"/>,hash=539857500), get digest:3abfb16d5ae65ef5e73182ad9c371d2c
[2015-05-29 17:14:41,217][Test worker][DEBUG][MLotteryContext] find mapping file definition(xml-mapping/TransactionEnquiry_Req.xml) by key(transtype.206).
[2015-05-29 17:14:41,217][Test worker][DEBUG][ProtocolSerializer] Start to deserialize model: model=null,mappingFile=xml-mapping/TransactionEnquiry_Req.xml
[2015-05-29 17:14:41,217][Test worker][DEBUG][MLotteryContext] find mapping file definition(xml-mapping/TransactionEnquiry_Req.xml) by key(transtype.206).
[2015-05-29 17:14:41,227][Test worker][DEBUG][RoutineRegistry] Try to lookup handler by routine key(-1_206_1.5.0).
[2015-05-29 17:14:41,228][Test worker][DEBUG][RoutineRegistry] Try to lookup handler by routine key(-1_206_).
[2015-05-29 17:14:41,228][Test worker][DEBUG][RoutineRegistry] Lookup controller by key(-1_206_), found controller(com.mpos.lottery.te.trans.TransactionController@53ddecd8) and method(public void com.mpos.lottery.te.trans.TransactionController.cancelByTrans(com.mpos.lottery.te.port.Context,com.mpos.lottery.te.port.Context) throws com.mpos.lottery.te.config.exception.ApplicationException).
[2015-05-29 17:14:41,232][Test worker][DEBUG][ReversalOrCancelStrategyFactory] Found ReversalStrategy(class com.mpos.lottery.te.valueaddservice.vat.support.VatReversalOrCancelStrategy) to cancel transaction(gameType=18,terminalId=111,transType=200,protocolVersion=1.5.0).
[2015-05-29 17:14:41,241][Test worker][DEBUG][VatReversalOrCancelStrategy] The business type of trans(id=0115052900000000002432) is B2C, go to cancel magic100 sale.
[2015-05-29 17:14:41,255][Test worker][DEBUG][DefaultBalanceService] Operator before transaction -  Operator [id=OPERATOR-111, loginName=OPERATOR-LOGIN, creditType=1, saleCreditLevel=199999500, payoutCreditLevel=2000, cashoutBalance=0, commisionBalance=250]
[2015-05-29 17:14:41,255][Test worker][DEBUG][DefaultBalanceService] Found balance strategy:com.mpos.lottery.te.merchant.service.balance.SaleBalanceStrategy@e1f8aba
[2015-05-29 17:14:41,255][Test worker][DEBUG][DefaultBalanceService] Operator after transaction -  Operator [id=OPERATOR-111, loginName=OPERATOR-LOGIN, creditType=1, saleCreditLevel=200000000, payoutCreditLevel=2000, cashoutBalance=0, commisionBalance=250]
[2015-05-29 17:14:41,287][Test worker][DEBUG][DefaultBalanceService] Operator before transaction -  Operator [id=OPERATOR-111, loginName=OPERATOR-LOGIN, creditType=1, saleCreditLevel=200000000, payoutCreditLevel=2000, cashoutBalance=0, commisionBalance=0]
[2015-05-29 17:14:41,287][Test worker][DEBUG][DefaultBalanceService] Found balance strategy:com.mpos.lottery.te.merchant.service.balance.PayoutBalanceStrategy@57df81d2
[2015-05-29 17:14:41,287][Test worker][DEBUG][DefaultBalanceService] Operator after transaction -  Operator [id=OPERATOR-111, loginName=OPERATOR-LOGIN, creditType=1, saleCreditLevel=200000000, payoutCreditLevel=1000, cashoutBalance=0, commisionBalance=0]
[2015-05-29 17:14:41,292][Test worker][DEBUG][CommonFacadeService] Prepare to publish message to exchange[TE.200] with routing key[TE.CANCEL.200.18]: origTrans {
  id: "0115052900000000002432"
  dev_id: "111"
  operator_id: "OPERATOR-111"
  merchant_id: "111"
  create_time: 1432890881000
  trans_type: 200
  game_id: "LK-1"
  game_type: 18
  total_amount: "500"
}
cancelTrans {
  id: "0115052900000000002440"
  dev_id: "111"
  operator_id: "OPERATOR-111"
  merchant_id: "111"
  create_time: 1432890881000
  trans_type: 206
  game_id: "LK-1"
  game_type: 18
  total_amount: "500"
}

[2015-05-29 17:14:41,292][Test worker][DEBUG][CommonFacadeService] Publish message successfully
[2015-05-29 17:14:41,293][Test worker][DEBUG][ProtocolSerializer] Finish mac(macKey=P2Bbo6+bSSR9O2Qc89f3b4oHTyE1V2gF,macString=Protocal-Version:1.5|GPE_Id:GPE-111|Terminal-Id:111|Operator-Id:OPERATOR-111|Trans-BatchNumber:20150529|TractMsg-Id:1432890881213|Timestamp:20150529171441|Transaction-Type:4206|Transaction-Id:0115052900000000002440|Response-Code:200|):2b9745ce9c5178edfacaa46abaa5d249
[2015-05-29 17:14:41,293][Test worker][DEBUG][BaseServletIntegrationTest] Got response(code=200,length=0): 
[2015-05-29 17:14:41,314][Test worker][DEBUG][TEPortServlet] Startup job scheduer(org.quartz.impl.StdScheduler@4d1e5820) successfully.
[2015-05-29 17:14:41,315][Test worker][WARN ][TEPortServlet] can NOT find META file:F:\project\M.Lottery\TE\TRUNK_TE\sourcecode\build\classes\main\META-INF\MANIFEST.MF
[2015-05-29 17:14:41,315][Test worker][DEBUG][TEPortServlet] Register MBean(com.mpos.lottery.te.common.jmx.TransactionTimeout@4fbaa936) with name(com.mpos.lottery.te:type=TransactionTimeoutMBean) successfully.
[2015-05-29 17:14:41,315][Test worker][DEBUG][BaseTransactionalIntegrationTest] Retrieve a ApplicationContext(org.springframework.web.context.support.GenericWebApplicationContext@34f645a8: startup date [Fri May 29 17:12:38 CST 2015]; root of context hierarchy).
[2015-05-29 17:14:41,316][Test worker][INFO ][BaseTransactionalIntegrationTest] +------------------------------------------------------------------------------------------------------------------------+
[2015-05-29 17:14:41,316][Test worker][INFO ][BaseTransactionalIntegrationTest] | VatB2CSaleCancellationIntegrationTest.test_Cancel_Magic100Sale_SingleBet_RoundUp_OK                                    |
[2015-05-29 17:14:41,316][Test worker][INFO ][BaseTransactionalIntegrationTest] +------------------------------------------------------------------------------------------------------------------------+
[2015-05-29 17:14:41,321][Test worker][DEBUG][MLotteryContext] find mapping file definition(xml-mapping/vat/SellTicket_Req.xml) by key(-2.transtype.200).
[2015-05-29 17:14:41,322][Test worker][DEBUG][CastorHelper] Finish marshaling input(typeclass com.mpos.lottery.te.valueaddservice.vat.VatSaleTransaction, mappingFile=xml-mapping/vat/SellTicket_Req.xml).
[2015-05-29 17:14:41,322][Test worker][DEBUG][BaseServletIntegrationTest] Do MAC(key=P2Bbo6+bSSR9O2Qc89f3b4oHTyE1V2gF) on (Protocal-Version:1.5|GPE_Id:GPE-111|Terminal-Id:111|Operator-Id:OPERATOR-111|Trans-BatchNumber:20150529|TractMsg-Id:1432890881321|Timestamp:20150529171441|Transaction-Type:200|Transaction-Id:|Response-Code:|<?xml version="1.0" encoding="UTF-8"?>
<VAT totalAmount="940" code="foodA" rate="0"/>,hash=-1730566080), get digest:99210629d4b649b0f7fde340b9c9d708
[2015-05-29 17:14:41,323][Test worker][DEBUG][TEPortServlet] Got request header(name=X-Transaction-Type, value=200).
[2015-05-29 17:14:41,323][Test worker][DEBUG][TEPortServlet] Got request header(name=X-Protocal-Version, value=1.5).
[2015-05-29 17:14:41,323][Test worker][DEBUG][TEPortServlet] Got request header(name=X-Timestamp, value=20150529171441).
[2015-05-29 17:14:41,323][Test worker][DEBUG][TEPortServlet] Got request header(name=X-GPE-Id, value=GPE-111).
[2015-05-29 17:14:41,323][Test worker][DEBUG][TEPortServlet] Got request header(name=X-Trace-Message-Id, value=1432890881321).
[2015-05-29 17:14:41,323][Test worker][DEBUG][TEPortServlet] Got request header(name=X-Operator-Id, value=OPERATOR-111).
[2015-05-29 17:14:41,323][Test worker][DEBUG][TEPortServlet] Got request header(name=X-Terminal-Id, value=111).
[2015-05-29 17:14:41,323][Test worker][DEBUG][TEPortServlet] Got request header(name=X-MAC, value=99210629d4b649b0f7fde340b9c9d708).
[2015-05-29 17:14:41,323][Test worker][DEBUG][TEPortServlet] Got request header(name=X-Game-Type-Id, value=-2).
[2015-05-29 17:14:41,323][Test worker][DEBUG][TEPortServlet] Got request header(name=X-Trans-BatchNumber, value=20150529).
[2015-05-29 17:14:41,323][Test worker][DEBUG][TEPortServlet] Got request header(name=X-GPS-Location, value=40.714353,-74.005973).
[2015-05-29 17:14:41,325][Test worker][DEBUG][TEPortServlet] Got request from localhost, and the message body is:pq3FqO8HCcAnaobA+xpVnADmrnwj1vrK59BGhqvtskYFWTsa2cbe6m1r0kCL0Gd72PIRSa/j7rRTzPiVvg+pgDIcI6KSvtziv7gdRziqMQ/qHoSgf9HMxA==.
[2015-05-29 17:14:41,325][Test worker][DEBUG][ProtocolSerializer] Start to deserialize request context(Protocal-Version:1.5|GPE_Id:GPE-111|Terminal-Id:111|Operator-Id:OPERATOR-111|Trans-BatchNumber:20150529|TractMsg-Id:1432890881321|Timestamp:20150529171441|Transaction-Type:200|Transaction-Id:|Response-Code:|).
[2015-05-29 17:14:41,325][Test worker][DEBUG][ProtocolSerializer] Finish decrypting cipher into original xml:<?xml version="1.0" encoding="UTF-8"?>
<VAT totalAmount="940" code="foodA" rate="0"/>
[2015-05-29 17:14:41,325][Test worker][DEBUG][ProtocolSerializer] Start to do MAC(key=P2Bbo6+bSSR9O2Qc89f3b4oHTyE1V2gF) on (Protocal-Version:1.5|GPE_Id:GPE-111|Terminal-Id:111|Operator-Id:OPERATOR-111|Trans-BatchNumber:20150529|TractMsg-Id:1432890881321|Timestamp:20150529171441|Transaction-Type:200|Transaction-Id:|Response-Code:|<?xml version="1.0" encoding="UTF-8"?>
<VAT totalAmount="940" code="foodA" rate="0"/>,hash=-1730566080), get digest:99210629d4b649b0f7fde340b9c9d708
[2015-05-29 17:14:41,325][Test worker][DEBUG][MLotteryContext] find mapping file definition(xml-mapping/vat/SellTicket_Req.xml) by key(-2.transtype.200).
[2015-05-29 17:14:41,325][Test worker][DEBUG][ProtocolSerializer] Start to deserialize model: model=null,mappingFile=xml-mapping/vat/SellTicket_Req.xml
[2015-05-29 17:14:41,325][Test worker][DEBUG][MLotteryContext] find mapping file definition(xml-mapping/vat/SellTicket_Req.xml) by key(-2.transtype.200).
[2015-05-29 17:14:41,343][Test worker][DEBUG][RoutineRegistry] Try to lookup handler by routine key(-2_200_1.5.0).
[2015-05-29 17:14:41,343][Test worker][DEBUG][RoutineRegistry] Try to lookup handler by routine key(-2_200_).
[2015-05-29 17:14:41,343][Test worker][DEBUG][RoutineRegistry] Lookup controller by key(-2_200_), found controller(com.mpos.lottery.te.valueaddservice.vat.VatController@1aeefda9) and method(public void com.mpos.lottery.te.valueaddservice.vat.VatController.sell(com.mpos.lottery.te.port.Context,com.mpos.lottery.te.port.Context) throws com.mpos.lottery.te.config.exception.ApplicationException).
[2015-05-29 17:14:41,352][Test worker][DEBUG][UUIDServiceImpl] Assemble a new reference No.:01114745119400001855
[2015-05-29 17:14:41,360][Test worker][INFO ][AbstractGameInstanceService] No channel game instance time definiton found, ignore it.
[2015-05-29 17:14:41,365][Test worker][INFO ][AbstractGameInstanceService] No channel game instance time definiton found, ignore it.
[2015-05-29 17:14:41,365][Test worker][DEBUG][UUIDServiceImpl] Assemble a new ticket serial number:01111745819400021830
[2015-05-29 17:14:41,382][Test worker][DEBUG][DefaultLuckyNumberService] Use lucky number from REQUEUED RANGE(id=1) instead of main cycle.
[2015-05-29 17:14:41,383][Test worker][DEBUG][DefaultTicketValidator] THe max allowed multi-draw of operation parameter is 10, merchant limit to 3, the smaller 3 will be used.
[2015-05-29 17:14:41,398][Test worker][DEBUG][DefaultBalanceService] Operator before transaction -  Operator [id=OPERATOR-111, loginName=OPERATOR-LOGIN, creditType=1, saleCreditLevel=200000000, payoutCreditLevel=1000, cashoutBalance=0, commisionBalance=0]
[2015-05-29 17:14:41,398][Test worker][DEBUG][DefaultBalanceService] Found balance strategy:com.mpos.lottery.te.merchant.service.balance.SaleBalanceStrategy@e1f8aba
[2015-05-29 17:14:41,398][Test worker][DEBUG][DefaultBalanceService] Operator after transaction -  Operator [id=OPERATOR-111, loginName=OPERATOR-LOGIN, creditType=1, saleCreditLevel=199999900.00, payoutCreditLevel=1000, cashoutBalance=0, commisionBalance=0]
[2015-05-29 17:14:41,405][Test worker][DEBUG][DefaultVatSaleService] Operator(id=OPERATOR-111) is in B2C, has bought ticket(serialNO=01111745819400021830) of game Type: LUCKYNUMBER
[2015-05-29 17:14:41,416][Test worker][DEBUG][CommonFacadeService] Prepare to publish message to exchange[TE.200] with routing key[TE.200.18]: transaction {
  id: "0115052900000000002447"
  dev_id: "111"
  operator_id: "OPERATOR-111"
  merchant_id: "111"
  create_time: 1432890881000
  trans_type: 200
  game_id: "LK-1"
  game_type: 18
  total_amount: "100.00"
}
multi_draw: 1
total_amount: "100.00"
serial_no: "y013eOifYgLRQ7g6vn/TJfhfCwPckYs+"
game_instance {
  id: "GII-111"
}
entries {
  selected_number: "7"
  bet_option: 1
  total_bets: 1
  entry_amount: "100"
  input_channel: "0"
}

[2015-05-29 17:14:41,416][Test worker][DEBUG][CommonFacadeService] Publish message successfully
[2015-05-29 17:14:41,416][Test worker][DEBUG][MLotteryContext] find mapping file definition(xml-mapping/vat/SellTicket_Magic100_Res.xml) by key(18.transtype.4200.-18).
[2015-05-29 17:14:41,416][Test worker][DEBUG][ProtocolSerializer] Start to serialize model(class com.mpos.lottery.te.valueaddservice.vat.VatSaleTransaction),mappingFile=xml-mapping/vat/SellTicket_Magic100_Res.xml
[2015-05-29 17:14:41,416][Test worker][DEBUG][MLotteryContext] find mapping file definition(xml-mapping/vat/SellTicket_Magic100_Res.xml) by key(18.transtype.4200.-18).
[2015-05-29 17:14:41,417][Test worker][DEBUG][CastorHelper] Finish marshaling input(typeclass com.mpos.lottery.te.valueaddservice.vat.VatSaleTransaction, mappingFile=xml-mapping/vat/SellTicket_Magic100_Res.xml).
[2015-05-29 17:14:41,417][Test worker][DEBUG][ProtocolSerializer] Finish mac(macKey=P2Bbo6+bSSR9O2Qc89f3b4oHTyE1V2gF,macString=Protocal-Version:-18|GPE_Id:GPE-111|Terminal-Id:111|Operator-Id:OPERATOR-111|Trans-BatchNumber:20150529|TractMsg-Id:1432890881321|Timestamp:20150529171441|Transaction-Type:4200|Transaction-Id:0115052900000000002447|Response-Code:200|<?xml version="1.0" encoding="UTF-8"?>
<VAT totalAmount="940" code="foodA" rate="0.1" refNo="01114745119400001855"><Ticket serialNo="01111745819400021830" barcode="18cK/u9hwZY2Rogq4k24Oeg4G3HSlAl9EbjLdf+UJJlt9Se2CWmp8xagOfh3a994UtggHty5bqsCQ=" type="1" validationCode="648862" multipleDraws="1" lastDrawNo="001" totalBets="1" totalAmount="100.00" isWinning="0"><GameDraw number="001" gameId="LK-1" gameTypeId="18"/><Entry selectedNumber="7" betOption="1" inputChannel="0" isWinning="0" prizeAmount="0" taxAmount="0" entryAmount="100"/></Ticket></VAT>):09bfa31919ecddca64b5770bd171322f
[2015-05-29 17:14:41,418][Test worker][DEBUG][TEPortServlet] Write response to client(host1=localhost,sizeOfPack=736) succesfully.
[2015-05-29 17:14:41,418][Test worker][DEBUG][BaseServletIntegrationTest] Got response(code=200,length=736): <?xml version="1.0" encoding="UTF-8"?>
<VAT totalAmount="940" code="foodA" rate="0.1" refNo="01114745119400001855"><Ticket serialNo="01111745819400021830" barcode="18cK/u9hwZY2Rogq4k24Oeg4G3HSlAl9EbjLdf+UJJlt9Se2CWmp8xagOfh3a994UtggHty5bqsCQ=" type="1" validationCode="648862" multipleDraws="1" lastDrawNo="001" totalBets="1" totalAmount="100.00" isWinning="0"><GameDraw number="001" gameId="LK-1" gameTypeId="18"/><Entry selectedNumber="7" betOption="1" inputChannel="0" isWinning="0" prizeAmount="0" taxAmount="0" entryAmount="100"/></Ticket></VAT>
[2015-05-29 17:14:41,418][Test worker][DEBUG][MLotteryContext] find mapping file definition(xml-mapping/vat/SellTicket_Magic100_Res.xml) by key(18.transtype.4200.-18).
[2015-05-29 17:14:41,424][Test worker][DEBUG][MLotteryContext] find mapping file definition(xml-mapping/TransactionEnquiry_Req.xml) by key(transtype.206).
[2015-05-29 17:14:41,425][Test worker][DEBUG][CastorHelper] Finish marshaling input(typeclass com.mpos.lottery.te.trans.domain.Transaction, mappingFile=xml-mapping/TransactionEnquiry_Req.xml).
[2015-05-29 17:14:41,425][Test worker][DEBUG][BaseServletIntegrationTest] Do MAC(key=P2Bbo6+bSSR9O2Qc89f3b4oHTyE1V2gF) on (Protocal-Version:1.5|GPE_Id:GPE-111|Terminal-Id:111|Operator-Id:OPERATOR-111|Trans-BatchNumber:20150529|TractMsg-Id:1432890881424|Timestamp:20150529171441|Transaction-Type:206|Transaction-Id:|Response-Code:|<?xml version="1.0" encoding="UTF-8"?>
<Transaction terminalId="111" traceMessageId="1432890881321"/>,hash=-1781849728), get digest:01b5266086cec74ac4fa32642fe77cac
[2015-05-29 17:14:41,425][Test worker][DEBUG][TEPortServlet] Got request header(name=X-Transaction-Type, value=206).
[2015-05-29 17:14:41,425][Test worker][DEBUG][TEPortServlet] Got request header(name=X-Protocal-Version, value=1.5).
[2015-05-29 17:14:41,425][Test worker][DEBUG][TEPortServlet] Got request header(name=X-Timestamp, value=20150529171441).
[2015-05-29 17:14:41,425][Test worker][DEBUG][TEPortServlet] Got request header(name=X-GPE-Id, value=GPE-111).
[2015-05-29 17:14:41,426][Test worker][DEBUG][TEPortServlet] Got request header(name=X-Trace-Message-Id, value=1432890881424).
[2015-05-29 17:14:41,426][Test worker][DEBUG][TEPortServlet] Got request header(name=X-Operator-Id, value=OPERATOR-111).
[2015-05-29 17:14:41,426][Test worker][DEBUG][TEPortServlet] Got request header(name=X-Terminal-Id, value=111).
[2015-05-29 17:14:41,426][Test worker][DEBUG][TEPortServlet] Got request header(name=X-MAC, value=01b5266086cec74ac4fa32642fe77cac).
[2015-05-29 17:14:41,426][Test worker][DEBUG][TEPortServlet] Got request header(name=X-Game-Type-Id, value=-1).
[2015-05-29 17:14:41,426][Test worker][DEBUG][TEPortServlet] Got request header(name=X-Trans-BatchNumber, value=20150529).
[2015-05-29 17:14:41,426][Test worker][DEBUG][TEPortServlet] Got request header(name=X-GPS-Location, value=40.714353,-74.005973).
[2015-05-29 17:14:41,427][Test worker][DEBUG][TEPortServlet] Got request from localhost, and the message body is:pq3FqO8HCcAnaobA+xpVnADmrnwj1vrK59BGhqvtskYFWTsa2cbe6jcIE4b0pl+ogrA4SMNVUFtCb0VnctvqFZ4g+Dv1D5Fz4ERoX4gVmzFJ1yZK27DdH337FG3Z+nVW9UgW9/8UxTc=.
[2015-05-29 17:14:41,427][Test worker][DEBUG][ProtocolSerializer] Start to deserialize request context(Protocal-Version:1.5|GPE_Id:GPE-111|Terminal-Id:111|Operator-Id:OPERATOR-111|Trans-BatchNumber:20150529|TractMsg-Id:1432890881424|Timestamp:20150529171441|Transaction-Type:206|Transaction-Id:|Response-Code:|).
[2015-05-29 17:14:41,428][Test worker][DEBUG][ProtocolSerializer] Finish decrypting cipher into original xml:<?xml version="1.0" encoding="UTF-8"?>
<Transaction terminalId="111" traceMessageId="1432890881321"/>
[2015-05-29 17:14:41,428][Test worker][DEBUG][ProtocolSerializer] Start to do MAC(key=P2Bbo6+bSSR9O2Qc89f3b4oHTyE1V2gF) on (Protocal-Version:1.5|GPE_Id:GPE-111|Terminal-Id:111|Operator-Id:OPERATOR-111|Trans-BatchNumber:20150529|TractMsg-Id:1432890881424|Timestamp:20150529171441|Transaction-Type:206|Transaction-Id:|Response-Code:|<?xml version="1.0" encoding="UTF-8"?>
<Transaction terminalId="111" traceMessageId="1432890881321"/>,hash=-1781849728), get digest:01b5266086cec74ac4fa32642fe77cac
[2015-05-29 17:14:41,428][Test worker][DEBUG][MLotteryContext] find mapping file definition(xml-mapping/TransactionEnquiry_Req.xml) by key(transtype.206).
[2015-05-29 17:14:41,428][Test worker][DEBUG][ProtocolSerializer] Start to deserialize model: model=null,mappingFile=xml-mapping/TransactionEnquiry_Req.xml
[2015-05-29 17:14:41,428][Test worker][DEBUG][MLotteryContext] find mapping file definition(xml-mapping/TransactionEnquiry_Req.xml) by key(transtype.206).
[2015-05-29 17:14:41,444][Test worker][DEBUG][RoutineRegistry] Try to lookup handler by routine key(-1_206_1.5.0).
[2015-05-29 17:14:41,444][Test worker][DEBUG][RoutineRegistry] Try to lookup handler by routine key(-1_206_).
[2015-05-29 17:14:41,444][Test worker][DEBUG][RoutineRegistry] Lookup controller by key(-1_206_), found controller(com.mpos.lottery.te.trans.TransactionController@53ddecd8) and method(public void com.mpos.lottery.te.trans.TransactionController.cancelByTrans(com.mpos.lottery.te.port.Context,com.mpos.lottery.te.port.Context) throws com.mpos.lottery.te.config.exception.ApplicationException).
[2015-05-29 17:14:41,449][Test worker][DEBUG][ReversalOrCancelStrategyFactory] Found ReversalStrategy(class com.mpos.lottery.te.valueaddservice.vat.support.VatReversalOrCancelStrategy) to cancel transaction(gameType=18,terminalId=111,transType=200,protocolVersion=1.5.0).
[2015-05-29 17:14:41,460][Test worker][DEBUG][VatReversalOrCancelStrategy] The business type of trans(id=0115052900000000002447) is B2C, go to cancel magic100 sale.
[2015-05-29 17:14:41,474][Test worker][DEBUG][DefaultBalanceService] Operator before transaction -  Operator [id=OPERATOR-111, loginName=OPERATOR-LOGIN, creditType=1, saleCreditLevel=199999900, payoutCreditLevel=1000, cashoutBalance=0, commisionBalance=10]
[2015-05-29 17:14:41,474][Test worker][DEBUG][DefaultBalanceService] Found balance strategy:com.mpos.lottery.te.merchant.service.balance.SaleBalanceStrategy@e1f8aba
[2015-05-29 17:14:41,474][Test worker][DEBUG][DefaultBalanceService] Operator after transaction -  Operator [id=OPERATOR-111, loginName=OPERATOR-LOGIN, creditType=1, saleCreditLevel=200000000, payoutCreditLevel=1000, cashoutBalance=0, commisionBalance=10]
[2015-05-29 17:14:41,493][Test worker][DEBUG][CommonFacadeService] Prepare to publish message to exchange[TE.200] with routing key[TE.CANCEL.200.18]: origTrans {
  id: "0115052900000000002447"
  dev_id: "111"
  operator_id: "OPERATOR-111"
  merchant_id: "111"
  create_time: 1432890881000
  trans_type: 200
  game_id: "LK-1"
  game_type: 18
  total_amount: "100"
}
cancelTrans {
  id: "0115052900000000002450"
  dev_id: "111"
  operator_id: "OPERATOR-111"
  merchant_id: "111"
  create_time: 1432890881000
  trans_type: 206
  game_id: "LK-1"
  game_type: 18
  total_amount: "100"
}

[2015-05-29 17:14:41,494][Test worker][DEBUG][CommonFacadeService] Publish message successfully
[2015-05-29 17:14:41,494][Test worker][DEBUG][ProtocolSerializer] Finish mac(macKey=P2Bbo6+bSSR9O2Qc89f3b4oHTyE1V2gF,macString=Protocal-Version:1.5|GPE_Id:GPE-111|Terminal-Id:111|Operator-Id:OPERATOR-111|Trans-BatchNumber:20150529|TractMsg-Id:1432890881424|Timestamp:20150529171441|Transaction-Type:4206|Transaction-Id:0115052900000000002450|Response-Code:200|):dc8f86bd0da47f0bb6372c285604091e
[2015-05-29 17:14:41,494][Test worker][DEBUG][BaseServletIntegrationTest] Got response(code=200,length=0): 
[2015-05-29 17:14:41,512][Test worker][DEBUG][TEPortServlet] Startup job scheduer(org.quartz.impl.StdScheduler@4d1e5820) successfully.
[2015-05-29 17:14:41,513][Test worker][WARN ][TEPortServlet] can NOT find META file:F:\project\M.Lottery\TE\TRUNK_TE\sourcecode\build\classes\main\META-INF\MANIFEST.MF
[2015-05-29 17:14:41,513][Test worker][DEBUG][TEPortServlet] Register MBean(com.mpos.lottery.te.common.jmx.TransactionTimeout@4ce70c21) with name(com.mpos.lottery.te:type=TransactionTimeoutMBean) successfully.
[2015-05-29 17:14:41,513][Test worker][DEBUG][BaseTransactionalIntegrationTest] Retrieve a ApplicationContext(org.springframework.web.context.support.GenericWebApplicationContext@34f645a8: startup date [Fri May 29 17:12:38 CST 2015]; root of context hierarchy).
[2015-05-29 17:14:41,513][Test worker][INFO ][BaseTransactionalIntegrationTest] +------------------------------------------------------------------------------------------------------------------------+
[2015-05-29 17:14:41,514][Test worker][INFO ][BaseTransactionalIntegrationTest] | VatB2CSaleCancellationIntegrationTest.test_Cancel_RaffleSale_SingleBet_OK                                              |
[2015-05-29 17:14:41,514][Test worker][INFO ][BaseTransactionalIntegrationTest] +------------------------------------------------------------------------------------------------------------------------+
[2015-05-29 17:14:41,515][Test worker][DEBUG][MLotteryContext] find mapping file definition(xml-mapping/vat/SellTicket_Req.xml) by key(-2.transtype.200).
[2015-05-29 17:14:41,516][Test worker][DEBUG][CastorHelper] Finish marshaling input(typeclass com.mpos.lottery.te.valueaddservice.vat.VatSaleTransaction, mappingFile=xml-mapping/vat/SellTicket_Req.xml).
[2015-05-29 17:14:41,516][Test worker][DEBUG][BaseServletIntegrationTest] Do MAC(key=P2Bbo6+bSSR9O2Qc89f3b4oHTyE1V2gF) on (Protocal-Version:1.5|GPE_Id:GPE-111|Terminal-Id:111|Operator-Id:OPERATOR-111|Trans-BatchNumber:20150529|TractMsg-Id:1432890881515|Timestamp:20150529171441|Transaction-Type:200|Transaction-Id:|Response-Code:|<?xml version="1.0" encoding="UTF-8"?>
<VAT totalAmount="940" code="foodA" buyerTaxNo="TAX-112" rate="0"/>,hash=-1279604317), get digest:1e1ee472bac7b0d0a91aff10333abe75
[2015-05-29 17:14:41,516][Test worker][DEBUG][TEPortServlet] Got request header(name=X-Transaction-Type, value=200).
[2015-05-29 17:14:41,516][Test worker][DEBUG][TEPortServlet] Got request header(name=X-Protocal-Version, value=1.5).
[2015-05-29 17:14:41,516][Test worker][DEBUG][TEPortServlet] Got request header(name=X-Timestamp, value=20150529171441).
[2015-05-29 17:14:41,516][Test worker][DEBUG][TEPortServlet] Got request header(name=X-GPE-Id, value=GPE-111).
[2015-05-29 17:14:41,516][Test worker][DEBUG][TEPortServlet] Got request header(name=X-Trace-Message-Id, value=1432890881515).
[2015-05-29 17:14:41,516][Test worker][DEBUG][TEPortServlet] Got request header(name=X-Operator-Id, value=OPERATOR-111).
[2015-05-29 17:14:41,517][Test worker][DEBUG][TEPortServlet] Got request header(name=X-Terminal-Id, value=111).
[2015-05-29 17:14:41,517][Test worker][DEBUG][TEPortServlet] Got request header(name=X-MAC, value=1e1ee472bac7b0d0a91aff10333abe75).
[2015-05-29 17:14:41,517][Test worker][DEBUG][TEPortServlet] Got request header(name=X-Game-Type-Id, value=-2).
[2015-05-29 17:14:41,517][Test worker][DEBUG][TEPortServlet] Got request header(name=X-Trans-BatchNumber, value=20150529).
[2015-05-29 17:14:41,517][Test worker][DEBUG][TEPortServlet] Got request header(name=X-GPS-Location, value=40.714353,-74.005973).
[2015-05-29 17:14:41,518][Test worker][DEBUG][TEPortServlet] Got request from localhost, and the message body is:pq3FqO8HCcAnaobA+xpVnADmrnwj1vrK59BGhqvtskYFWTsa2cbe6m1r0kCL0Gd72PIRSa/j7rRTzPiVvg+pgDIcI6KSvtziHVgBF4fZ+ahYP0oo2aOKiFKXMm2CMMW3XaOOUUKqeuarORo6J6A/HA==.
[2015-05-29 17:14:41,518][Test worker][DEBUG][ProtocolSerializer] Start to deserialize request context(Protocal-Version:1.5|GPE_Id:GPE-111|Terminal-Id:111|Operator-Id:OPERATOR-111|Trans-BatchNumber:20150529|TractMsg-Id:1432890881515|Timestamp:20150529171441|Transaction-Type:200|Transaction-Id:|Response-Code:|).
[2015-05-29 17:14:41,519][Test worker][DEBUG][ProtocolSerializer] Finish decrypting cipher into original xml:<?xml version="1.0" encoding="UTF-8"?>
<VAT totalAmount="940" code="foodA" buyerTaxNo="TAX-112" rate="0"/>
[2015-05-29 17:14:41,519][Test worker][DEBUG][ProtocolSerializer] Start to do MAC(key=P2Bbo6+bSSR9O2Qc89f3b4oHTyE1V2gF) on (Protocal-Version:1.5|GPE_Id:GPE-111|Terminal-Id:111|Operator-Id:OPERATOR-111|Trans-BatchNumber:20150529|TractMsg-Id:1432890881515|Timestamp:20150529171441|Transaction-Type:200|Transaction-Id:|Response-Code:|<?xml version="1.0" encoding="UTF-8"?>
<VAT totalAmount="940" code="foodA" buyerTaxNo="TAX-112" rate="0"/>,hash=-1279604317), get digest:1e1ee472bac7b0d0a91aff10333abe75
[2015-05-29 17:14:41,519][Test worker][DEBUG][MLotteryContext] find mapping file definition(xml-mapping/vat/SellTicket_Req.xml) by key(-2.transtype.200).
[2015-05-29 17:14:41,519][Test worker][DEBUG][ProtocolSerializer] Start to deserialize model: model=null,mappingFile=xml-mapping/vat/SellTicket_Req.xml
[2015-05-29 17:14:41,519][Test worker][DEBUG][MLotteryContext] find mapping file definition(xml-mapping/vat/SellTicket_Req.xml) by key(-2.transtype.200).
[2015-05-29 17:14:41,531][Test worker][DEBUG][RoutineRegistry] Try to lookup handler by routine key(-2_200_1.5.0).
[2015-05-29 17:14:41,531][Test worker][DEBUG][RoutineRegistry] Try to lookup handler by routine key(-2_200_).
[2015-05-29 17:14:41,531][Test worker][DEBUG][RoutineRegistry] Lookup controller by key(-2_200_), found controller(com.mpos.lottery.te.valueaddservice.vat.VatController@1aeefda9) and method(public void com.mpos.lottery.te.valueaddservice.vat.VatController.sell(com.mpos.lottery.te.port.Context,com.mpos.lottery.te.port.Context) throws com.mpos.lottery.te.config.exception.ApplicationException).
[2015-05-29 17:14:41,540][Test worker][DEBUG][UUIDServiceImpl] Assemble a new reference No.:01114745119400001993
[2015-05-29 17:14:41,547][Test worker][INFO ][AbstractGameInstanceService] No channel game instance time definiton found, ignore it.
[2015-05-29 17:14:41,547][Test worker][DEBUG][UUIDServiceImpl] Assemble a new ticket serial number:01111745419400021902
[2015-05-29 17:14:41,551][Test worker][DEBUG][DefaultTicketValidator] THe max allowed multi-draw of operation parameter is 10, merchant limit to 3, the smaller 3 will be used.
[2015-05-29 17:14:41,561][Test worker][DEBUG][DefaultBalanceService] Operator before transaction -  Operator [id=OPERATOR-111, loginName=OPERATOR-LOGIN, creditType=1, saleCreditLevel=200000000, payoutCreditLevel=1000, cashoutBalance=0, commisionBalance=0]
[2015-05-29 17:14:41,561][Test worker][DEBUG][DefaultBalanceService] Found balance strategy:com.mpos.lottery.te.merchant.service.balance.SaleBalanceStrategy@e1f8aba
[2015-05-29 17:14:41,561][Test worker][DEBUG][DefaultBalanceService] Operator after transaction -  Operator [id=OPERATOR-111, loginName=OPERATOR-LOGIN, creditType=1, saleCreditLevel=199999900, payoutCreditLevel=1000, cashoutBalance=0, commisionBalance=0]
[2015-05-29 17:14:41,564][Test worker][WARN ][BaseJpaDao] Should be at most only 1 entity(com.mpos.lottery.te.merchant.domain.OperatorCommission) found, however total 2 entities found... the 1st entity(com.mpos.lottery.te.merchant.domain.OperatorCommission@4a94f59e) will be returned.
[2015-05-29 17:14:41,569][Test worker][DEBUG][DefaultVatSaleService] Operator(id=OPERATOR-111) is in B2B, has bought ticket(serialNO=01111745419400021902) of game Type: RAFFLE
[2015-05-29 17:14:41,579][Test worker][DEBUG][CommonFacadeService] Prepare to publish message to exchange[TE.200] with routing key[TE.200.14]: transaction {
  id: "0115052900000000002453"
  dev_id: "111"
  operator_id: "OPERATOR-111"
  merchant_id: "111"
  create_time: 1432890881000
  trans_type: 200
  game_id: "RA-1"
  game_type: 14
  total_amount: "100"
}
multi_draw: 1
total_amount: "100"
serial_no: "y013eOifYgLGbGoBsy6AigbAopg7z/Z5"
game_instance {
  id: "GII-112"
}

[2015-05-29 17:14:41,580][Test worker][DEBUG][CommonFacadeService] Publish message successfully
[2015-05-29 17:14:41,580][Test worker][DEBUG][MLotteryContext] find mapping file definition(xml-mapping/vat/SellTicket_Raffle_Res.xml) by key(14.transtype.4200.-14).
[2015-05-29 17:14:41,580][Test worker][DEBUG][ProtocolSerializer] Start to serialize model(class com.mpos.lottery.te.valueaddservice.vat.VatSaleTransaction),mappingFile=xml-mapping/vat/SellTicket_Raffle_Res.xml
[2015-05-29 17:14:41,580][Test worker][DEBUG][MLotteryContext] find mapping file definition(xml-mapping/vat/SellTicket_Raffle_Res.xml) by key(14.transtype.4200.-14).
[2015-05-29 17:14:41,581][Test worker][DEBUG][CastorHelper] Finish marshaling input(typeclass com.mpos.lottery.te.valueaddservice.vat.VatSaleTransaction, mappingFile=xml-mapping/vat/SellTicket_Raffle_Res.xml).
[2015-05-29 17:14:41,581][Test worker][DEBUG][ProtocolSerializer] Finish mac(macKey=P2Bbo6+bSSR9O2Qc89f3b4oHTyE1V2gF,macString=Protocal-Version:-14|GPE_Id:GPE-111|Terminal-Id:111|Operator-Id:OPERATOR-111|Trans-BatchNumber:20150529|TractMsg-Id:1432890881515|Timestamp:20150529171441|Transaction-Type:4200|Transaction-Id:0115052900000000002453|Response-Code:200|<?xml version="1.0" encoding="UTF-8"?>
<VAT totalAmount="940" code="foodA" buyerTaxNo="TAX-112" rate="0.1" refNo="01114745119400001993"><Ticket serialNo="01111745419400021902" totalAmount="100" type="1" lastDrawNo="11002" barcode="14cK/u9hwZY2Rogq4k24Oeg4G3HSlAl9EbjLdf+UJJlt9Se2CWmp8xatr3+ynZTK23WSgNYRjeGMc=" validationCode="824137" multipleDraws="1" totalBets="1"><GameDraw number="11002" gameId="RA-1" gameTypeId="14"/></Ticket></VAT>):ad533281c6fb8e6357edfc1fc9bc7e15
[2015-05-29 17:14:41,581][Test worker][DEBUG][TEPortServlet] Write response to client(host1=localhost,sizeOfPack=588) succesfully.
[2015-05-29 17:14:41,582][Test worker][DEBUG][BaseServletIntegrationTest] Got response(code=200,length=588): <?xml version="1.0" encoding="UTF-8"?>
<VAT totalAmount="940" code="foodA" buyerTaxNo="TAX-112" rate="0.1" refNo="01114745119400001993"><Ticket serialNo="01111745419400021902" totalAmount="100" type="1" lastDrawNo="11002" barcode="14cK/u9hwZY2Rogq4k24Oeg4G3HSlAl9EbjLdf+UJJlt9Se2CWmp8xatr3+ynZTK23WSgNYRjeGMc=" validationCode="824137" multipleDraws="1" totalBets="1"><GameDraw number="11002" gameId="RA-1" gameTypeId="14"/></Ticket></VAT>
[2015-05-29 17:14:41,582][Test worker][DEBUG][MLotteryContext] find mapping file definition(xml-mapping/vat/SellTicket_Raffle_Res.xml) by key(14.transtype.4200.-14).
[2015-05-29 17:14:41,586][Test worker][DEBUG][MLotteryContext] find mapping file definition(xml-mapping/TransactionEnquiry_Req.xml) by key(transtype.206).
[2015-05-29 17:14:41,586][Test worker][DEBUG][CastorHelper] Finish marshaling input(typeclass com.mpos.lottery.te.trans.domain.Transaction, mappingFile=xml-mapping/TransactionEnquiry_Req.xml).
[2015-05-29 17:14:41,586][Test worker][DEBUG][BaseServletIntegrationTest] Do MAC(key=P2Bbo6+bSSR9O2Qc89f3b4oHTyE1V2gF) on (Protocal-Version:1.5|GPE_Id:GPE-111|Terminal-Id:111|Operator-Id:OPERATOR-111|Trans-BatchNumber:20150529|TractMsg-Id:1432890881585|Timestamp:20150529171441|Transaction-Type:206|Transaction-Id:|Response-Code:|<?xml version="1.0" encoding="UTF-8"?>
<Transaction terminalId="111" traceMessageId="1432890881515"/>,hash=-1185378627), get digest:e3735d0552d896ce898889bea4cf80d8
[2015-05-29 17:14:41,586][Test worker][DEBUG][TEPortServlet] Got request header(name=X-Transaction-Type, value=206).
[2015-05-29 17:14:41,586][Test worker][DEBUG][TEPortServlet] Got request header(name=X-Protocal-Version, value=1.5).
[2015-05-29 17:14:41,586][Test worker][DEBUG][TEPortServlet] Got request header(name=X-Timestamp, value=20150529171441).
[2015-05-29 17:14:41,586][Test worker][DEBUG][TEPortServlet] Got request header(name=X-GPE-Id, value=GPE-111).
[2015-05-29 17:14:41,586][Test worker][DEBUG][TEPortServlet] Got request header(name=X-Trace-Message-Id, value=1432890881585).
[2015-05-29 17:14:41,586][Test worker][DEBUG][TEPortServlet] Got request header(name=X-Operator-Id, value=OPERATOR-111).
[2015-05-29 17:14:41,587][Test worker][DEBUG][TEPortServlet] Got request header(name=X-Terminal-Id, value=111).
[2015-05-29 17:14:41,587][Test worker][DEBUG][TEPortServlet] Got request header(name=X-MAC, value=e3735d0552d896ce898889bea4cf80d8).
[2015-05-29 17:14:41,587][Test worker][DEBUG][TEPortServlet] Got request header(name=X-Game-Type-Id, value=-1).
[2015-05-29 17:14:41,587][Test worker][DEBUG][TEPortServlet] Got request header(name=X-Trans-BatchNumber, value=20150529).
[2015-05-29 17:14:41,587][Test worker][DEBUG][TEPortServlet] Got request header(name=X-GPS-Location, value=40.714353,-74.005973).
[2015-05-29 17:14:41,588][Test worker][DEBUG][TEPortServlet] Got request from localhost, and the message body is:pq3FqO8HCcAnaobA+xpVnADmrnwj1vrK59BGhqvtskYFWTsa2cbe6jcIE4b0pl+ogrA4SMNVUFtCb0VnctvqFZ4g+Dv1D5Fz4ERoX4gVmzFJ1yZK27DdH0ljw0wtMkoy4U44kOwpT9U=.
[2015-05-29 17:14:41,588][Test worker][DEBUG][ProtocolSerializer] Start to deserialize request context(Protocal-Version:1.5|GPE_Id:GPE-111|Terminal-Id:111|Operator-Id:OPERATOR-111|Trans-BatchNumber:20150529|TractMsg-Id:1432890881585|Timestamp:20150529171441|Transaction-Type:206|Transaction-Id:|Response-Code:|).
[2015-05-29 17:14:41,589][Test worker][DEBUG][ProtocolSerializer] Finish decrypting cipher into original xml:<?xml version="1.0" encoding="UTF-8"?>
<Transaction terminalId="111" traceMessageId="1432890881515"/>
[2015-05-29 17:14:41,589][Test worker][DEBUG][ProtocolSerializer] Start to do MAC(key=P2Bbo6+bSSR9O2Qc89f3b4oHTyE1V2gF) on (Protocal-Version:1.5|GPE_Id:GPE-111|Terminal-Id:111|Operator-Id:OPERATOR-111|Trans-BatchNumber:20150529|TractMsg-Id:1432890881585|Timestamp:20150529171441|Transaction-Type:206|Transaction-Id:|Response-Code:|<?xml version="1.0" encoding="UTF-8"?>
<Transaction terminalId="111" traceMessageId="1432890881515"/>,hash=-1185378627), get digest:e3735d0552d896ce898889bea4cf80d8
[2015-05-29 17:14:41,589][Test worker][DEBUG][MLotteryContext] find mapping file definition(xml-mapping/TransactionEnquiry_Req.xml) by key(transtype.206).
[2015-05-29 17:14:41,589][Test worker][DEBUG][ProtocolSerializer] Start to deserialize model: model=null,mappingFile=xml-mapping/TransactionEnquiry_Req.xml
[2015-05-29 17:14:41,589][Test worker][DEBUG][MLotteryContext] find mapping file definition(xml-mapping/TransactionEnquiry_Req.xml) by key(transtype.206).
[2015-05-29 17:14:41,598][Test worker][DEBUG][RoutineRegistry] Try to lookup handler by routine key(-1_206_1.5.0).
[2015-05-29 17:14:41,598][Test worker][DEBUG][RoutineRegistry] Try to lookup handler by routine key(-1_206_).
[2015-05-29 17:14:41,598][Test worker][DEBUG][RoutineRegistry] Lookup controller by key(-1_206_), found controller(com.mpos.lottery.te.trans.TransactionController@53ddecd8) and method(public void com.mpos.lottery.te.trans.TransactionController.cancelByTrans(com.mpos.lottery.te.port.Context,com.mpos.lottery.te.port.Context) throws com.mpos.lottery.te.config.exception.ApplicationException).
[2015-05-29 17:14:41,604][Test worker][DEBUG][ReversalOrCancelStrategyFactory] Found ReversalStrategy(class com.mpos.lottery.te.valueaddservice.vat.support.VatReversalOrCancelStrategy) to cancel transaction(gameType=14,terminalId=111,transType=200,protocolVersion=1.5.0).
[2015-05-29 17:14:41,612][Test worker][DEBUG][VatReversalOrCancelStrategy] The business type of trans(id=0115052900000000002453) is B2B, go to cancel raffle sale.
[2015-05-29 17:14:41,624][Test worker][DEBUG][DefaultBalanceService] Operator before transaction -  Operator [id=OPERATOR-111, loginName=OPERATOR-LOGIN, creditType=1, saleCreditLevel=199999900, payoutCreditLevel=1000, cashoutBalance=0, commisionBalance=0]
[2015-05-29 17:14:41,624][Test worker][DEBUG][DefaultBalanceService] Found balance strategy:com.mpos.lottery.te.merchant.service.balance.SaleBalanceStrategy@e1f8aba
[2015-05-29 17:14:41,624][Test worker][DEBUG][DefaultBalanceService] Operator after transaction -  Operator [id=OPERATOR-111, loginName=OPERATOR-LOGIN, creditType=1, saleCreditLevel=200000000, payoutCreditLevel=1000, cashoutBalance=0, commisionBalance=0]
[2015-05-29 17:14:41,635][Test worker][DEBUG][CommonFacadeService] Prepare to publish message to exchange[TE.200] with routing key[TE.CANCEL.200.14]: origTrans {
  id: "0115052900000000002453"
  dev_id: "111"
  operator_id: "OPERATOR-111"
  merchant_id: "111"
  create_time: 1432890881000
  trans_type: 200
  game_id: "RA-1"
  game_type: 14
  total_amount: "100"
}
cancelTrans {
  id: "0115052900000000002456"
  dev_id: "111"
  operator_id: "OPERATOR-111"
  merchant_id: "111"
  create_time: 1432890881000
  trans_type: 206
  game_id: "RA-1"
  game_type: 14
  total_amount: "100"
}

[2015-05-29 17:14:41,635][Test worker][DEBUG][CommonFacadeService] Publish message successfully
[2015-05-29 17:14:41,635][Test worker][DEBUG][ProtocolSerializer] Finish mac(macKey=P2Bbo6+bSSR9O2Qc89f3b4oHTyE1V2gF,macString=Protocal-Version:1.5|GPE_Id:GPE-111|Terminal-Id:111|Operator-Id:OPERATOR-111|Trans-BatchNumber:20150529|TractMsg-Id:1432890881585|Timestamp:20150529171441|Transaction-Type:4206|Transaction-Id:0115052900000000002456|Response-Code:200|):b805fb553a862d19ecac0469893235bf
[2015-05-29 17:14:41,635][Test worker][DEBUG][BaseServletIntegrationTest] Got response(code=200,length=0): 
[2015-05-29 17:14:41,665][Test worker][DEBUG][TEPortServlet] Startup job scheduer(org.quartz.impl.StdScheduler@4d1e5820) successfully.
[2015-05-29 17:14:41,665][Test worker][WARN ][TEPortServlet] can NOT find META file:F:\project\M.Lottery\TE\TRUNK_TE\sourcecode\build\classes\main\META-INF\MANIFEST.MF
[2015-05-29 17:14:41,665][Test worker][DEBUG][TEPortServlet] Register MBean(com.mpos.lottery.te.common.jmx.TransactionTimeout@1fcc5699) with name(com.mpos.lottery.te:type=TransactionTimeoutMBean) successfully.
[2015-05-29 17:14:41,666][Test worker][DEBUG][BaseTransactionalIntegrationTest] Retrieve a ApplicationContext(org.springframework.web.context.support.GenericWebApplicationContext@34f645a8: startup date [Fri May 29 17:12:38 CST 2015]; root of context hierarchy).
[2015-05-29 17:14:41,666][Test worker][INFO ][BaseTransactionalIntegrationTest] +------------------------------------------------------------------------------------------------------------------------+
[2015-05-29 17:14:41,666][Test worker][INFO ][BaseTransactionalIntegrationTest] | VatB2CSaleCancellationIntegrationTest.testCancel_Magic100Sale_NoTicket_OK                                              |
[2015-05-29 17:14:41,666][Test worker][INFO ][BaseTransactionalIntegrationTest] +------------------------------------------------------------------------------------------------------------------------+
[2015-05-29 17:14:41,670][Test worker][DEBUG][MLotteryContext] find mapping file definition(xml-mapping/vat/SellTicket_Req.xml) by key(-2.transtype.200).
[2015-05-29 17:14:41,670][Test worker][DEBUG][CastorHelper] Finish marshaling input(typeclass com.mpos.lottery.te.valueaddservice.vat.VatSaleTransaction, mappingFile=xml-mapping/vat/SellTicket_Req.xml).
[2015-05-29 17:14:41,671][Test worker][DEBUG][BaseServletIntegrationTest] Do MAC(key=P2Bbo6+bSSR9O2Qc89f3b4oHTyE1V2gF) on (Protocal-Version:1.5|GPE_Id:GPE-111|Terminal-Id:111|Operator-Id:OPERATOR-111|Trans-BatchNumber:20150529|TractMsg-Id:1432890881670|Timestamp:20150529171441|Transaction-Type:200|Transaction-Id:|Response-Code:|<?xml version="1.0" encoding="UTF-8"?>
<VAT totalAmount="4700" code="foodA" rate="0"/>,hash=-1899644397), get digest:b07a2e7d46f66bf66b471a463964979c
[2015-05-29 17:14:41,671][Test worker][DEBUG][TEPortServlet] Got request header(name=X-Transaction-Type, value=200).
[2015-05-29 17:14:41,671][Test worker][DEBUG][TEPortServlet] Got request header(name=X-Protocal-Version, value=1.5).
[2015-05-29 17:14:41,671][Test worker][DEBUG][TEPortServlet] Got request header(name=X-Timestamp, value=20150529171441).
[2015-05-29 17:14:41,671][Test worker][DEBUG][TEPortServlet] Got request header(name=X-GPE-Id, value=GPE-111).
[2015-05-29 17:14:41,671][Test worker][DEBUG][TEPortServlet] Got request header(name=X-Trace-Message-Id, value=1432890881670).
[2015-05-29 17:14:41,671][Test worker][DEBUG][TEPortServlet] Got request header(name=X-Operator-Id, value=OPERATOR-111).
[2015-05-29 17:14:41,671][Test worker][DEBUG][TEPortServlet] Got request header(name=X-Terminal-Id, value=111).
[2015-05-29 17:14:41,671][Test worker][DEBUG][TEPortServlet] Got request header(name=X-MAC, value=b07a2e7d46f66bf66b471a463964979c).
[2015-05-29 17:14:41,671][Test worker][DEBUG][TEPortServlet] Got request header(name=X-Game-Type-Id, value=-2).
[2015-05-29 17:14:41,672][Test worker][DEBUG][TEPortServlet] Got request header(name=X-Trans-BatchNumber, value=20150529).
[2015-05-29 17:14:41,672][Test worker][DEBUG][TEPortServlet] Got request header(name=X-GPS-Location, value=40.714353,-74.005973).
[2015-05-29 17:14:41,673][Test worker][DEBUG][TEPortServlet] Got request from localhost, and the message body is:pq3FqO8HCcAnaobA+xpVnADmrnwj1vrK59BGhqvtskYFWTsa2cbe6m1r0kCL0Gd72PIRSa/j7rTA4st7CTbg46rDAGBzRDpO6vBpWuXT93TiR1lz6npuNg==.
[2015-05-29 17:14:41,673][Test worker][DEBUG][ProtocolSerializer] Start to deserialize request context(Protocal-Version:1.5|GPE_Id:GPE-111|Terminal-Id:111|Operator-Id:OPERATOR-111|Trans-BatchNumber:20150529|TractMsg-Id:1432890881670|Timestamp:20150529171441|Transaction-Type:200|Transaction-Id:|Response-Code:|).
[2015-05-29 17:14:41,674][Test worker][DEBUG][ProtocolSerializer] Finish decrypting cipher into original xml:<?xml version="1.0" encoding="UTF-8"?>
<VAT totalAmount="4700" code="foodA" rate="0"/>
[2015-05-29 17:14:41,674][Test worker][DEBUG][ProtocolSerializer] Start to do MAC(key=P2Bbo6+bSSR9O2Qc89f3b4oHTyE1V2gF) on (Protocal-Version:1.5|GPE_Id:GPE-111|Terminal-Id:111|Operator-Id:OPERATOR-111|Trans-BatchNumber:20150529|TractMsg-Id:1432890881670|Timestamp:20150529171441|Transaction-Type:200|Transaction-Id:|Response-Code:|<?xml version="1.0" encoding="UTF-8"?>
<VAT totalAmount="4700" code="foodA" rate="0"/>,hash=-1899644397), get digest:b07a2e7d46f66bf66b471a463964979c
[2015-05-29 17:14:41,674][Test worker][DEBUG][MLotteryContext] find mapping file definition(xml-mapping/vat/SellTicket_Req.xml) by key(-2.transtype.200).
[2015-05-29 17:14:41,674][Test worker][DEBUG][ProtocolSerializer] Start to deserialize model: model=null,mappingFile=xml-mapping/vat/SellTicket_Req.xml
[2015-05-29 17:14:41,674][Test worker][DEBUG][MLotteryContext] find mapping file definition(xml-mapping/vat/SellTicket_Req.xml) by key(-2.transtype.200).
[2015-05-29 17:14:41,685][Test worker][DEBUG][RoutineRegistry] Try to lookup handler by routine key(-2_200_1.5.0).
[2015-05-29 17:14:41,685][Test worker][DEBUG][RoutineRegistry] Try to lookup handler by routine key(-2_200_).
[2015-05-29 17:14:41,685][Test worker][DEBUG][RoutineRegistry] Lookup controller by key(-2_200_), found controller(com.mpos.lottery.te.valueaddservice.vat.VatController@1aeefda9) and method(public void com.mpos.lottery.te.valueaddservice.vat.VatController.sell(com.mpos.lottery.te.port.Context,com.mpos.lottery.te.port.Context) throws com.mpos.lottery.te.config.exception.ApplicationException).
[2015-05-29 17:14:41,693][Test worker][DEBUG][UUIDServiceImpl] Assemble a new reference No.:01114745119400002031
[2015-05-29 17:14:41,694][Test worker][INFO ][DefaultVatSaleService] THe vat amount(4700) is under minial threshold amount of sale: 9999999999
[2015-05-29 17:14:41,703][Test worker][DEBUG][CommonFacadeService] No sale message found, won't publish.
[2015-05-29 17:14:41,703][Test worker][DEBUG][MLotteryContext] find mapping file definition(xml-mapping/vat/SellTicket_Magic100_Res.xml) by key(18.transtype.4200.-18).
[2015-05-29 17:14:41,703][Test worker][DEBUG][ProtocolSerializer] Start to serialize model(class com.mpos.lottery.te.valueaddservice.vat.VatSaleTransaction),mappingFile=xml-mapping/vat/SellTicket_Magic100_Res.xml
[2015-05-29 17:14:41,703][Test worker][DEBUG][MLotteryContext] find mapping file definition(xml-mapping/vat/SellTicket_Magic100_Res.xml) by key(18.transtype.4200.-18).
[2015-05-29 17:14:41,704][Test worker][DEBUG][CastorHelper] Finish marshaling input(typeclass com.mpos.lottery.te.valueaddservice.vat.VatSaleTransaction, mappingFile=xml-mapping/vat/SellTicket_Magic100_Res.xml).
[2015-05-29 17:14:41,704][Test worker][DEBUG][ProtocolSerializer] Finish mac(macKey=P2Bbo6+bSSR9O2Qc89f3b4oHTyE1V2gF,macString=Protocal-Version:-18|GPE_Id:GPE-111|Terminal-Id:111|Operator-Id:OPERATOR-111|Trans-BatchNumber:20150529|TractMsg-Id:1432890881670|Timestamp:20150529171441|Transaction-Type:4200|Transaction-Id:0115052900000000002457|Response-Code:200|<?xml version="1.0" encoding="UTF-8"?>
<VAT totalAmount="4700" code="foodA" rate="0.1" refNo="01114745119400002031"/>):c3d978237e93c0fbddccfb3ad77428fe
[2015-05-29 17:14:41,704][Test worker][DEBUG][TEPortServlet] Write response to client(host1=localhost,sizeOfPack=160) succesfully.
[2015-05-29 17:14:41,705][Test worker][DEBUG][BaseServletIntegrationTest] Got response(code=200,length=160): <?xml version="1.0" encoding="UTF-8"?>
<VAT totalAmount="4700" code="foodA" rate="0.1" refNo="01114745119400002031"/>
[2015-05-29 17:14:41,705][Test worker][DEBUG][MLotteryContext] find mapping file definition(xml-mapping/vat/SellTicket_Magic100_Res.xml) by key(18.transtype.4200.-18).
[2015-05-29 17:14:41,706][Test worker][DEBUG][MLotteryContext] find mapping file definition(xml-mapping/TransactionEnquiry_Req.xml) by key(transtype.206).
[2015-05-29 17:14:41,707][Test worker][DEBUG][CastorHelper] Finish marshaling input(typeclass com.mpos.lottery.te.trans.domain.Transaction, mappingFile=xml-mapping/TransactionEnquiry_Req.xml).
[2015-05-29 17:14:41,707][Test worker][DEBUG][BaseServletIntegrationTest] Do MAC(key=P2Bbo6+bSSR9O2Qc89f3b4oHTyE1V2gF) on (Protocal-Version:1.5|GPE_Id:GPE-111|Terminal-Id:111|Operator-Id:OPERATOR-111|Trans-BatchNumber:20150529|TractMsg-Id:1432890881706|Timestamp:20150529171441|Transaction-Type:206|Transaction-Id:|Response-Code:|<?xml version="1.0" encoding="UTF-8"?>
<Transaction terminalId="111" traceMessageId="1432890881670"/>,hash=-703895012), get digest:ebe108bd5e8c9faa8bf91367ec3a7deb
[2015-05-29 17:14:41,707][Test worker][DEBUG][TEPortServlet] Got request header(name=X-Transaction-Type, value=206).
[2015-05-29 17:14:41,707][Test worker][DEBUG][TEPortServlet] Got request header(name=X-Protocal-Version, value=1.5).
[2015-05-29 17:14:41,707][Test worker][DEBUG][TEPortServlet] Got request header(name=X-Timestamp, value=20150529171441).
[2015-05-29 17:14:41,707][Test worker][DEBUG][TEPortServlet] Got request header(name=X-GPE-Id, value=GPE-111).
[2015-05-29 17:14:41,707][Test worker][DEBUG][TEPortServlet] Got request header(name=X-Trace-Message-Id, value=1432890881706).
[2015-05-29 17:14:41,707][Test worker][DEBUG][TEPortServlet] Got request header(name=X-Operator-Id, value=OPERATOR-111).
[2015-05-29 17:14:41,707][Test worker][DEBUG][TEPortServlet] Got request header(name=X-Terminal-Id, value=111).
[2015-05-29 17:14:41,708][Test worker][DEBUG][TEPortServlet] Got request header(name=X-MAC, value=ebe108bd5e8c9faa8bf91367ec3a7deb).
[2015-05-29 17:14:41,708][Test worker][DEBUG][TEPortServlet] Got request header(name=X-Game-Type-Id, value=-1).
[2015-05-29 17:14:41,708][Test worker][DEBUG][TEPortServlet] Got request header(name=X-Trans-BatchNumber, value=20150529).
[2015-05-29 17:14:41,708][Test worker][DEBUG][TEPortServlet] Got request header(name=X-GPS-Location, value=40.714353,-74.005973).
[2015-05-29 17:14:41,709][Test worker][DEBUG][TEPortServlet] Got request from localhost, and the message body is:pq3FqO8HCcAnaobA+xpVnADmrnwj1vrK59BGhqvtskYFWTsa2cbe6jcIE4b0pl+ogrA4SMNVUFtCb0VnctvqFZ4g+Dv1D5Fz4ERoX4gVmzFJ1yZK27DdH1KGhpp+hP80pk2+jrdVx98=.
[2015-05-29 17:14:41,709][Test worker][DEBUG][ProtocolSerializer] Start to deserialize request context(Protocal-Version:1.5|GPE_Id:GPE-111|Terminal-Id:111|Operator-Id:OPERATOR-111|Trans-BatchNumber:20150529|TractMsg-Id:1432890881706|Timestamp:20150529171441|Transaction-Type:206|Transaction-Id:|Response-Code:|).
[2015-05-29 17:14:41,709][Test worker][DEBUG][ProtocolSerializer] Finish decrypting cipher into original xml:<?xml version="1.0" encoding="UTF-8"?>
<Transaction terminalId="111" traceMessageId="1432890881670"/>
[2015-05-29 17:14:41,709][Test worker][DEBUG][ProtocolSerializer] Start to do MAC(key=P2Bbo6+bSSR9O2Qc89f3b4oHTyE1V2gF) on (Protocal-Version:1.5|GPE_Id:GPE-111|Terminal-Id:111|Operator-Id:OPERATOR-111|Trans-BatchNumber:20150529|TractMsg-Id:1432890881706|Timestamp:20150529171441|Transaction-Type:206|Transaction-Id:|Response-Code:|<?xml version="1.0" encoding="UTF-8"?>
<Transaction terminalId="111" traceMessageId="1432890881670"/>,hash=-703895012), get digest:ebe108bd5e8c9faa8bf91367ec3a7deb
[2015-05-29 17:14:41,710][Test worker][DEBUG][MLotteryContext] find mapping file definition(xml-mapping/TransactionEnquiry_Req.xml) by key(transtype.206).
[2015-05-29 17:14:41,710][Test worker][DEBUG][ProtocolSerializer] Start to deserialize model: model=null,mappingFile=xml-mapping/TransactionEnquiry_Req.xml
[2015-05-29 17:14:41,710][Test worker][DEBUG][MLotteryContext] find mapping file definition(xml-mapping/TransactionEnquiry_Req.xml) by key(transtype.206).
[2015-05-29 17:14:41,718][Test worker][DEBUG][RoutineRegistry] Try to lookup handler by routine key(-1_206_1.5.0).
[2015-05-29 17:14:41,718][Test worker][DEBUG][RoutineRegistry] Try to lookup handler by routine key(-1_206_).
[2015-05-29 17:14:41,718][Test worker][DEBUG][RoutineRegistry] Lookup controller by key(-1_206_), found controller(com.mpos.lottery.te.trans.TransactionController@53ddecd8) and method(public void com.mpos.lottery.te.trans.TransactionController.cancelByTrans(com.mpos.lottery.te.port.Context,com.mpos.lottery.te.port.Context) throws com.mpos.lottery.te.config.exception.ApplicationException).
[2015-05-29 17:14:41,725][Test worker][DEBUG][ReversalOrCancelStrategyFactory] Found ReversalStrategy(class com.mpos.lottery.te.valueaddservice.vat.support.VatReversalOrCancelStrategy) to cancel transaction(gameType=18,terminalId=111,transType=200,protocolVersion=1.5.0).
[2015-05-29 17:14:41,736][Test worker][DEBUG][CommonFacadeService] Prepare to publish message to exchange[TE.200] with routing key[TE.CANCEL.200.18]: origTrans {
  id: "0115052900000000002457"
  dev_id: "111"
  operator_id: "OPERATOR-111"
  merchant_id: "111"
  create_time: 1432890881000
  trans_type: 200
  game_id: "LK-1"
  game_type: 18
  total_amount: "0"
}
cancelTrans {
  id: "0115052900000000002458"
  dev_id: "111"
  operator_id: "OPERATOR-111"
  merchant_id: "111"
  create_time: 1432890881000
  trans_type: 206
  game_id: "LK-1"
  game_type: 18
  total_amount: "0"
}

[2015-05-29 17:14:41,737][Test worker][DEBUG][CommonFacadeService] Publish message successfully
[2015-05-29 17:14:41,737][Test worker][DEBUG][ProtocolSerializer] Finish mac(macKey=P2Bbo6+bSSR9O2Qc89f3b4oHTyE1V2gF,macString=Protocal-Version:1.5|GPE_Id:GPE-111|Terminal-Id:111|Operator-Id:OPERATOR-111|Trans-BatchNumber:20150529|TractMsg-Id:1432890881706|Timestamp:20150529171441|Transaction-Type:4206|Transaction-Id:0115052900000000002458|Response-Code:200|):0f9d744e43f8282f2d5cc38d1515d98d
[2015-05-29 17:14:41,737][Test worker][DEBUG][BaseServletIntegrationTest] Got response(code=200,length=0): 
[2015-05-29 17:14:41,752][Test worker][DEBUG][TEPortServlet] Startup job scheduer(org.quartz.impl.StdScheduler@4d1e5820) successfully.
[2015-05-29 17:14:41,752][Test worker][WARN ][TEPortServlet] can NOT find META file:F:\project\M.Lottery\TE\TRUNK_TE\sourcecode\build\classes\main\META-INF\MANIFEST.MF
[2015-05-29 17:14:41,753][Test worker][DEBUG][TEPortServlet] Register MBean(com.mpos.lottery.te.common.jmx.TransactionTimeout@393505d4) with name(com.mpos.lottery.te:type=TransactionTimeoutMBean) successfully.
[2015-05-29 17:14:41,753][Test worker][DEBUG][BaseTransactionalIntegrationTest] Retrieve a ApplicationContext(org.springframework.web.context.support.GenericWebApplicationContext@34f645a8: startup date [Fri May 29 17:12:38 CST 2015]; root of context hierarchy).
[2015-05-29 17:14:41,753][Test worker][INFO ][BaseTransactionalIntegrationTest] +------------------------------------------------------------------------------------------------------------------------+
[2015-05-29 17:14:41,753][Test worker][INFO ][BaseTransactionalIntegrationTest] | VatB2CSaleCancellationIntegrationTest.testCancel_Magic100Sale_MultiBets_RoundDown_OK                                   |
[2015-05-29 17:14:41,753][Test worker][INFO ][BaseTransactionalIntegrationTest] +------------------------------------------------------------------------------------------------------------------------+
[2015-05-29 17:14:41,758][Test worker][DEBUG][MLotteryContext] find mapping file definition(xml-mapping/vat/SellTicket_Req.xml) by key(-2.transtype.200).
[2015-05-29 17:14:41,758][Test worker][DEBUG][CastorHelper] Finish marshaling input(typeclass com.mpos.lottery.te.valueaddservice.vat.VatSaleTransaction, mappingFile=xml-mapping/vat/SellTicket_Req.xml).
[2015-05-29 17:14:41,758][Test worker][DEBUG][BaseServletIntegrationTest] Do MAC(key=P2Bbo6+bSSR9O2Qc89f3b4oHTyE1V2gF) on (Protocal-Version:1.5|GPE_Id:GPE-111|Terminal-Id:111|Operator-Id:OPERATOR-111|Trans-BatchNumber:20150529|TractMsg-Id:1432890881758|Timestamp:20150529171441|Transaction-Type:200|Transaction-Id:|Response-Code:|<?xml version="1.0" encoding="UTF-8"?>
<VAT totalAmount="4700" code="foodA" rate="0"/>,hash=2079613982), get digest:9e838ce1cd1cb6b7f02615c120e6568f
[2015-05-29 17:14:41,759][Test worker][DEBUG][TEPortServlet] Got request header(name=X-Transaction-Type, value=200).
[2015-05-29 17:14:41,759][Test worker][DEBUG][TEPortServlet] Got request header(name=X-Protocal-Version, value=1.5).
[2015-05-29 17:14:41,759][Test worker][DEBUG][TEPortServlet] Got request header(name=X-Timestamp, value=20150529171441).
[2015-05-29 17:14:41,759][Test worker][DEBUG][TEPortServlet] Got request header(name=X-GPE-Id, value=GPE-111).
[2015-05-29 17:14:41,759][Test worker][DEBUG][TEPortServlet] Got request header(name=X-Trace-Message-Id, value=1432890881758).
[2015-05-29 17:14:41,759][Test worker][DEBUG][TEPortServlet] Got request header(name=X-Operator-Id, value=OPERATOR-111).
[2015-05-29 17:14:41,759][Test worker][DEBUG][TEPortServlet] Got request header(name=X-Terminal-Id, value=111).
[2015-05-29 17:14:41,759][Test worker][DEBUG][TEPortServlet] Got request header(name=X-MAC, value=9e838ce1cd1cb6b7f02615c120e6568f).
[2015-05-29 17:14:41,759][Test worker][DEBUG][TEPortServlet] Got request header(name=X-Game-Type-Id, value=-2).
[2015-05-29 17:14:41,759][Test worker][DEBUG][TEPortServlet] Got request header(name=X-Trans-BatchNumber, value=20150529).
[2015-05-29 17:14:41,759][Test worker][DEBUG][TEPortServlet] Got request header(name=X-GPS-Location, value=40.714353,-74.005973).
[2015-05-29 17:14:41,760][Test worker][DEBUG][TEPortServlet] Got request from localhost, and the message body is:pq3FqO8HCcAnaobA+xpVnADmrnwj1vrK59BGhqvtskYFWTsa2cbe6m1r0kCL0Gd72PIRSa/j7rTA4st7CTbg46rDAGBzRDpO6vBpWuXT93TiR1lz6npuNg==.
[2015-05-29 17:14:41,760][Test worker][DEBUG][ProtocolSerializer] Start to deserialize request context(Protocal-Version:1.5|GPE_Id:GPE-111|Terminal-Id:111|Operator-Id:OPERATOR-111|Trans-BatchNumber:20150529|TractMsg-Id:1432890881758|Timestamp:20150529171441|Transaction-Type:200|Transaction-Id:|Response-Code:|).
[2015-05-29 17:14:41,760][Test worker][DEBUG][ProtocolSerializer] Finish decrypting cipher into original xml:<?xml version="1.0" encoding="UTF-8"?>
<VAT totalAmount="4700" code="foodA" rate="0"/>
[2015-05-29 17:14:41,761][Test worker][DEBUG][ProtocolSerializer] Start to do MAC(key=P2Bbo6+bSSR9O2Qc89f3b4oHTyE1V2gF) on (Protocal-Version:1.5|GPE_Id:GPE-111|Terminal-Id:111|Operator-Id:OPERATOR-111|Trans-BatchNumber:20150529|TractMsg-Id:1432890881758|Timestamp:20150529171441|Transaction-Type:200|Transaction-Id:|Response-Code:|<?xml version="1.0" encoding="UTF-8"?>
<VAT totalAmount="4700" code="foodA" rate="0"/>,hash=2079613982), get digest:9e838ce1cd1cb6b7f02615c120e6568f
[2015-05-29 17:14:41,761][Test worker][DEBUG][MLotteryContext] find mapping file definition(xml-mapping/vat/SellTicket_Req.xml) by key(-2.transtype.200).
[2015-05-29 17:14:41,761][Test worker][DEBUG][ProtocolSerializer] Start to deserialize model: model=null,mappingFile=xml-mapping/vat/SellTicket_Req.xml
[2015-05-29 17:14:41,761][Test worker][DEBUG][MLotteryContext] find mapping file definition(xml-mapping/vat/SellTicket_Req.xml) by key(-2.transtype.200).
[2015-05-29 17:14:41,778][Test worker][DEBUG][RoutineRegistry] Try to lookup handler by routine key(-2_200_1.5.0).
[2015-05-29 17:14:41,778][Test worker][DEBUG][RoutineRegistry] Try to lookup handler by routine key(-2_200_).
[2015-05-29 17:14:41,778][Test worker][DEBUG][RoutineRegistry] Lookup controller by key(-2_200_), found controller(com.mpos.lottery.te.valueaddservice.vat.VatController@1aeefda9) and method(public void com.mpos.lottery.te.valueaddservice.vat.VatController.sell(com.mpos.lottery.te.port.Context,com.mpos.lottery.te.port.Context) throws com.mpos.lottery.te.config.exception.ApplicationException).
[2015-05-29 17:14:41,789][Test worker][DEBUG][UUIDServiceImpl] Assemble a new reference No.:01114745119400002170
[2015-05-29 17:14:41,800][Test worker][INFO ][AbstractGameInstanceService] No channel game instance time definiton found, ignore it.
[2015-05-29 17:14:41,807][Test worker][INFO ][AbstractGameInstanceService] No channel game instance time definiton found, ignore it.
[2015-05-29 17:14:41,808][Test worker][DEBUG][UUIDServiceImpl] Assemble a new ticket serial number:01111745819400022067
[2015-05-29 17:14:41,831][Test worker][DEBUG][DefaultLuckyNumberService] Use lucky number from REQUEUED RANGE(id=2) instead of main cycle.
[2015-05-29 17:14:41,833][Test worker][DEBUG][DefaultTicketValidator] THe max allowed multi-draw of operation parameter is 10, merchant limit to 3, the smaller 3 will be used.
[2015-05-29 17:14:41,851][Test worker][DEBUG][DefaultBalanceService] Operator before transaction -  Operator [id=OPERATOR-111, loginName=OPERATOR-LOGIN, creditType=1, saleCreditLevel=200000000, payoutCreditLevel=1000, cashoutBalance=0, commisionBalance=0]
[2015-05-29 17:14:41,851][Test worker][DEBUG][DefaultBalanceService] Found balance strategy:com.mpos.lottery.te.merchant.service.balance.PayoutBalanceStrategy@57df81d2
[2015-05-29 17:14:41,851][Test worker][DEBUG][DefaultBalanceService] Operator after transaction -  Operator [id=OPERATOR-111, loginName=OPERATOR-LOGIN, creditType=1, saleCreditLevel=200000000, payoutCreditLevel=2000, cashoutBalance=0, commisionBalance=0]
[2015-05-29 17:14:41,862][Test worker][DEBUG][DefaultBalanceService] Operator before transaction -  Operator [id=OPERATOR-111, loginName=OPERATOR-LOGIN, creditType=1, saleCreditLevel=200000000, payoutCreditLevel=2000, cashoutBalance=0, commisionBalance=200]
[2015-05-29 17:14:41,862][Test worker][DEBUG][DefaultBalanceService] Found balance strategy:com.mpos.lottery.te.merchant.service.balance.SaleBalanceStrategy@e1f8aba
[2015-05-29 17:14:41,862][Test worker][DEBUG][DefaultBalanceService] Operator after transaction -  Operator [id=OPERATOR-111, loginName=OPERATOR-LOGIN, creditType=1, saleCreditLevel=199999600.00, payoutCreditLevel=2000, cashoutBalance=0, commisionBalance=200]
[2015-05-29 17:14:41,867][Test worker][DEBUG][DefaultVatSaleService] Operator(id=OPERATOR-111) is in B2C, has bought ticket(serialNO=01111745819400022067) of game Type: LUCKYNUMBER
[2015-05-29 17:14:41,878][Test worker][DEBUG][CommonFacadeService] Prepare to publish message to exchange[TE.200] with routing key[TE.200.18]: transaction {
  id: "0115052900000000002459"
  dev_id: "111"
  operator_id: "OPERATOR-111"
  merchant_id: "111"
  create_time: 1432890881000
  trans_type: 200
  game_id: "LK-1"
  game_type: 18
  total_amount: "400.00"
}
multi_draw: 1
total_amount: "400.00"
serial_no: "y013eOifYgLRQ7g6vn/TJWQCYsKRPYN5"
game_instance {
  id: "GII-111"
}
entries {
  selected_number: "6"
  bet_option: 1
  total_bets: 1
  entry_amount: "100"
  input_channel: "0"
}
entries {
  selected_number: "7"
  bet_option: 1
  total_bets: 1
  entry_amount: "100"
  input_channel: "0"
}
entries {
  selected_number: "8"
  bet_option: 1
  total_bets: 1
  entry_amount: "100"
  input_channel: "0"
}
entries {
  selected_number: "9"
  bet_option: 1
  total_bets: 1
  entry_amount: "100"
  input_channel: "0"
}

[2015-05-29 17:14:41,879][Test worker][DEBUG][CommonFacadeService] Publish message successfully
[2015-05-29 17:14:41,879][Test worker][DEBUG][MLotteryContext] find mapping file definition(xml-mapping/vat/SellTicket_Magic100_Res.xml) by key(18.transtype.4200.-18).
[2015-05-29 17:14:41,879][Test worker][DEBUG][ProtocolSerializer] Start to serialize model(class com.mpos.lottery.te.valueaddservice.vat.VatSaleTransaction),mappingFile=xml-mapping/vat/SellTicket_Magic100_Res.xml
[2015-05-29 17:14:41,879][Test worker][DEBUG][MLotteryContext] find mapping file definition(xml-mapping/vat/SellTicket_Magic100_Res.xml) by key(18.transtype.4200.-18).
[2015-05-29 17:14:41,880][Test worker][DEBUG][CastorHelper] Finish marshaling input(typeclass com.mpos.lottery.te.valueaddservice.vat.VatSaleTransaction, mappingFile=xml-mapping/vat/SellTicket_Magic100_Res.xml).
[2015-05-29 17:14:41,880][Test worker][DEBUG][ProtocolSerializer] Finish mac(macKey=P2Bbo6+bSSR9O2Qc89f3b4oHTyE1V2gF,macString=Protocal-Version:-18|GPE_Id:GPE-111|Terminal-Id:111|Operator-Id:OPERATOR-111|Trans-BatchNumber:20150529|TractMsg-Id:1432890881758|Timestamp:20150529171441|Transaction-Type:4200|Transaction-Id:0115052900000000002459|Response-Code:200|<?xml version="1.0" encoding="UTF-8"?>
<VAT totalAmount="4700" code="foodA" rate="0.1" refNo="01114745119400002170"><Ticket serialNo="01111745819400022067" barcode="18cK/u9hwZY2Rogq4k24Oeg4G3HSlAl9EbjLdf+UJJlt9Se2CWmp8xagOfh3a994Ut/V6F+J18CrE=" type="1" validationCode="465525" multipleDraws="1" lastDrawNo="001" totalBets="4" totalAmount="400.00" isWinning="1"><GameDraw number="001" gameId="LK-1" gameTypeId="18"/><Entry selectedNumber="6" betOption="1" inputChannel="0" isWinning="0" prizeAmount="0" taxAmount="0" entryAmount="100"/><Entry selectedNumber="7" betOption="1" inputChannel="0" isWinning="0" prizeAmount="0" taxAmount="0" entryAmount="100"/><Entry selectedNumber="8" betOption="1" inputChannel="0" isWinning="1" prizeAmount="1000" taxAmount="0" entryAmount="100"/><Entry selectedNumber="9" betOption="1" inputChannel="0" isWinning="0" prizeAmount="0" taxAmount="0" entryAmount="100"/></Ticket></VAT>):8f3c2837aa5266b0e450b785445a2464
[2015-05-29 17:14:41,881][Test worker][DEBUG][TEPortServlet] Write response to client(host1=localhost,sizeOfPack=1228) succesfully.
[2015-05-29 17:14:41,881][Test worker][DEBUG][BaseServletIntegrationTest] Got response(code=200,length=1228): <?xml version="1.0" encoding="UTF-8"?>
<VAT totalAmount="4700" code="foodA" rate="0.1" refNo="01114745119400002170"><Ticket serialNo="01111745819400022067" barcode="18cK/u9hwZY2Rogq4k24Oeg4G3HSlAl9EbjLdf+UJJlt9Se2CWmp8xagOfh3a994Ut/V6F+J18CrE=" type="1" validationCode="465525" multipleDraws="1" lastDrawNo="001" totalBets="4" totalAmount="400.00" isWinning="1"><GameDraw number="001" gameId="LK-1" gameTypeId="18"/><Entry selectedNumber="6" betOption="1" inputChannel="0" isWinning="0" prizeAmount="0" taxAmount="0" entryAmount="100"/><Entry selectedNumber="7" betOption="1" inputChannel="0" isWinning="0" prizeAmount="0" taxAmount="0" entryAmount="100"/><Entry selectedNumber="8" betOption="1" inputChannel="0" isWinning="1" prizeAmount="1000" taxAmount="0" entryAmount="100"/><Entry selectedNumber="9" betOption="1" inputChannel="0" isWinning="0" prizeAmount="0" taxAmount="0" entryAmount="100"/></Ticket></VAT>
[2015-05-29 17:14:41,881][Test worker][DEBUG][MLotteryContext] find mapping file definition(xml-mapping/vat/SellTicket_Magic100_Res.xml) by key(18.transtype.4200.-18).
[2015-05-29 17:14:41,886][Test worker][DEBUG][MLotteryContext] find mapping file definition(xml-mapping/TransactionEnquiry_Req.xml) by key(transtype.206).
[2015-05-29 17:14:41,887][Test worker][DEBUG][CastorHelper] Finish marshaling input(typeclass com.mpos.lottery.te.trans.domain.Transaction, mappingFile=xml-mapping/TransactionEnquiry_Req.xml).
[2015-05-29 17:14:41,887][Test worker][DEBUG][BaseServletIntegrationTest] Do MAC(key=P2Bbo6+bSSR9O2Qc89f3b4oHTyE1V2gF) on (Protocal-Version:1.5|GPE_Id:GPE-111|Terminal-Id:111|Operator-Id:OPERATOR-111|Trans-BatchNumber:20150529|TractMsg-Id:1432890881886|Timestamp:20150529171441|Transaction-Type:206|Transaction-Id:|Response-Code:|<?xml version="1.0" encoding="UTF-8"?>
<Transaction terminalId="111" traceMessageId="1432890881758"/>,hash=1384599896), get digest:eaed1442b0af9f2ece6290474f2461a3
[2015-05-29 17:14:41,888][Test worker][DEBUG][TEPortServlet] Got request header(name=X-Transaction-Type, value=206).
[2015-05-29 17:14:41,888][Test worker][DEBUG][TEPortServlet] Got request header(name=X-Protocal-Version, value=1.5).
[2015-05-29 17:14:41,888][Test worker][DEBUG][TEPortServlet] Got request header(name=X-Timestamp, value=20150529171441).
[2015-05-29 17:14:41,888][Test worker][DEBUG][TEPortServlet] Got request header(name=X-GPE-Id, value=GPE-111).
[2015-05-29 17:14:41,888][Test worker][DEBUG][TEPortServlet] Got request header(name=X-Trace-Message-Id, value=1432890881886).
[2015-05-29 17:14:41,888][Test worker][DEBUG][TEPortServlet] Got request header(name=X-Operator-Id, value=OPERATOR-111).
[2015-05-29 17:14:41,888][Test worker][DEBUG][TEPortServlet] Got request header(name=X-Terminal-Id, value=111).
[2015-05-29 17:14:41,888][Test worker][DEBUG][TEPortServlet] Got request header(name=X-MAC, value=eaed1442b0af9f2ece6290474f2461a3).
[2015-05-29 17:14:41,888][Test worker][DEBUG][TEPortServlet] Got request header(name=X-Game-Type-Id, value=-1).
[2015-05-29 17:14:41,888][Test worker][DEBUG][TEPortServlet] Got request header(name=X-Trans-BatchNumber, value=20150529).
[2015-05-29 17:14:41,888][Test worker][DEBUG][TEPortServlet] Got request header(name=X-GPS-Location, value=40.714353,-74.005973).
[2015-05-29 17:14:41,890][Test worker][DEBUG][TEPortServlet] Got request from localhost, and the message body is:pq3FqO8HCcAnaobA+xpVnADmrnwj1vrK59BGhqvtskYFWTsa2cbe6jcIE4b0pl+ogrA4SMNVUFtCb0VnctvqFZ4g+Dv1D5Fz4ERoX4gVmzFJ1yZK27DdH2kTYCW9X1AjNyDiHUwVy74=.
[2015-05-29 17:14:41,890][Test worker][DEBUG][ProtocolSerializer] Start to deserialize request context(Protocal-Version:1.5|GPE_Id:GPE-111|Terminal-Id:111|Operator-Id:OPERATOR-111|Trans-BatchNumber:20150529|TractMsg-Id:1432890881886|Timestamp:20150529171441|Transaction-Type:206|Transaction-Id:|Response-Code:|).
[2015-05-29 17:14:41,890][Test worker][DEBUG][ProtocolSerializer] Finish decrypting cipher into original xml:<?xml version="1.0" encoding="UTF-8"?>
<Transaction terminalId="111" traceMessageId="1432890881758"/>
[2015-05-29 17:14:41,890][Test worker][DEBUG][ProtocolSerializer] Start to do MAC(key=P2Bbo6+bSSR9O2Qc89f3b4oHTyE1V2gF) on (Protocal-Version:1.5|GPE_Id:GPE-111|Terminal-Id:111|Operator-Id:OPERATOR-111|Trans-BatchNumber:20150529|TractMsg-Id:1432890881886|Timestamp:20150529171441|Transaction-Type:206|Transaction-Id:|Response-Code:|<?xml version="1.0" encoding="UTF-8"?>
<Transaction terminalId="111" traceMessageId="1432890881758"/>,hash=1384599896), get digest:eaed1442b0af9f2ece6290474f2461a3
[2015-05-29 17:14:41,890][Test worker][DEBUG][MLotteryContext] find mapping file definition(xml-mapping/TransactionEnquiry_Req.xml) by key(transtype.206).
[2015-05-29 17:14:41,890][Test worker][DEBUG][ProtocolSerializer] Start to deserialize model: model=null,mappingFile=xml-mapping/TransactionEnquiry_Req.xml
[2015-05-29 17:14:41,891][Test worker][DEBUG][MLotteryContext] find mapping file definition(xml-mapping/TransactionEnquiry_Req.xml) by key(transtype.206).
[2015-05-29 17:14:41,899][Test worker][DEBUG][RoutineRegistry] Try to lookup handler by routine key(-1_206_1.5.0).
[2015-05-29 17:14:41,899][Test worker][DEBUG][RoutineRegistry] Try to lookup handler by routine key(-1_206_).
[2015-05-29 17:14:41,899][Test worker][DEBUG][RoutineRegistry] Lookup controller by key(-1_206_), found controller(com.mpos.lottery.te.trans.TransactionController@53ddecd8) and method(public void com.mpos.lottery.te.trans.TransactionController.cancelByTrans(com.mpos.lottery.te.port.Context,com.mpos.lottery.te.port.Context) throws com.mpos.lottery.te.config.exception.ApplicationException).
[2015-05-29 17:14:41,905][Test worker][DEBUG][ReversalOrCancelStrategyFactory] Found ReversalStrategy(class com.mpos.lottery.te.valueaddservice.vat.support.VatReversalOrCancelStrategy) to cancel transaction(gameType=18,terminalId=111,transType=200,protocolVersion=1.5.0).
[2015-05-29 17:14:41,912][Test worker][DEBUG][VatReversalOrCancelStrategy] The business type of trans(id=0115052900000000002459) is B2C, go to cancel magic100 sale.
[2015-05-29 17:14:41,925][Test worker][DEBUG][DefaultBalanceService] Operator before transaction -  Operator [id=OPERATOR-111, loginName=OPERATOR-LOGIN, creditType=1, saleCreditLevel=199999600, payoutCreditLevel=2000, cashoutBalance=0, commisionBalance=240]
[2015-05-29 17:14:41,925][Test worker][DEBUG][DefaultBalanceService] Found balance strategy:com.mpos.lottery.te.merchant.service.balance.SaleBalanceStrategy@e1f8aba
[2015-05-29 17:14:41,925][Test worker][DEBUG][DefaultBalanceService] Operator after transaction -  Operator [id=OPERATOR-111, loginName=OPERATOR-LOGIN, creditType=1, saleCreditLevel=200000000, payoutCreditLevel=2000, cashoutBalance=0, commisionBalance=240]
[2015-05-29 17:14:41,962][Test worker][DEBUG][DefaultBalanceService] Operator before transaction -  Operator [id=OPERATOR-111, loginName=OPERATOR-LOGIN, creditType=1, saleCreditLevel=200000000, payoutCreditLevel=2000, cashoutBalance=0, commisionBalance=0]
[2015-05-29 17:14:41,962][Test worker][DEBUG][DefaultBalanceService] Found balance strategy:com.mpos.lottery.te.merchant.service.balance.PayoutBalanceStrategy@57df81d2
[2015-05-29 17:14:41,962][Test worker][DEBUG][DefaultBalanceService] Operator after transaction -  Operator [id=OPERATOR-111, loginName=OPERATOR-LOGIN, creditType=1, saleCreditLevel=200000000, payoutCreditLevel=1000, cashoutBalance=0, commisionBalance=0]
[2015-05-29 17:14:41,967][Test worker][DEBUG][CommonFacadeService] Prepare to publish message to exchange[TE.200] with routing key[TE.CANCEL.200.18]: origTrans {
  id: "0115052900000000002459"
  dev_id: "111"
  operator_id: "OPERATOR-111"
  merchant_id: "111"
  create_time: 1432890881000
  trans_type: 200
  game_id: "LK-1"
  game_type: 18
  total_amount: "400"
}
cancelTrans {
  id: "0115052900000000002466"
  dev_id: "111"
  operator_id: "OPERATOR-111"
  merchant_id: "111"
  create_time: 1432890881000
  trans_type: 206
  game_id: "LK-1"
  game_type: 18
  total_amount: "400"
}

[2015-05-29 17:14:41,967][Test worker][DEBUG][CommonFacadeService] Publish message successfully
[2015-05-29 17:14:41,968][Test worker][DEBUG][ProtocolSerializer] Finish mac(macKey=P2Bbo6+bSSR9O2Qc89f3b4oHTyE1V2gF,macString=Protocal-Version:1.5|GPE_Id:GPE-111|Terminal-Id:111|Operator-Id:OPERATOR-111|Trans-BatchNumber:20150529|TractMsg-Id:1432890881886|Timestamp:20150529171441|Transaction-Type:4206|Transaction-Id:0115052900000000002466|Response-Code:200|):cedcf00d6bfcd8263e596831e9a5b2d8
[2015-05-29 17:14:41,968][Test worker][DEBUG][BaseServletIntegrationTest] Got response(code=200,length=0): 
]]></system-out>
  <system-err><![CDATA[]]></system-err>
</testsuite>
