<?xml version="1.0" encoding="UTF-8"?>
<testsuite name="com.mpos.lottery.te.merchant.service.CreditServiceIntegrationTest" tests="10" skipped="0" failures="0" errors="0" timestamp="2015-05-29T09:13:51" hostname="Ramon-PC" time="0.226">
  <properties/>
  <testcase name="testRestoreCredit_Sale" classname="com.mpos.lottery.te.merchant.service.CreditServiceIntegrationTest" time="0.024"/>
  <testcase name="testReduceCredit_Sale_Operator" classname="com.mpos.lottery.te.merchant.service.CreditServiceIntegrationTest" time="0.037"/>
  <testcase name="testRestoreCredit_Payout_UseParent" classname="com.mpos.lottery.te.merchant.service.CreditServiceIntegrationTest" time="0.037"/>
  <testcase name="testRestoreCredit_Sale_Operator" classname="com.mpos.lottery.te.merchant.service.CreditServiceIntegrationTest" time="0.026"/>
  <testcase name="testRestoreCredit_Payout" classname="com.mpos.lottery.te.merchant.service.CreditServiceIntegrationTest" time="0.02"/>
  <testcase name="testReduceCredit_Cashout_Reversal" classname="com.mpos.lottery.te.merchant.service.CreditServiceIntegrationTest" time="0.019"/>
  <testcase name="testReduceCredit_Cashout" classname="com.mpos.lottery.te.merchant.service.CreditServiceIntegrationTest" time="0.012"/>
  <testcase name="testReduceCredit_Payout_UseParent" classname="com.mpos.lottery.te.merchant.service.CreditServiceIntegrationTest" time="0.02"/>
  <testcase name="testReduceCredit_Payout" classname="com.mpos.lottery.te.merchant.service.CreditServiceIntegrationTest" time="0.016"/>
  <testcase name="testReduceCredit_Sale" classname="com.mpos.lottery.te.merchant.service.CreditServiceIntegrationTest" time="0.012"/>
  <system-out><![CDATA[[2015-05-29 17:13:51,638][Test worker][DEBUG][BaseTransactionalIntegrationTest] Retrieve a ApplicationContext(org.springframework.web.context.support.GenericWebApplicationContext@34f645a8: startup date [Fri May 29 17:12:38 CST 2015]; root of context hierarchy).
[2015-05-29 17:13:51,638][Test worker][INFO ][BaseTransactionalIntegrationTest] +------------------------------------------------------------------------------------------------------------------------+
[2015-05-29 17:13:51,638][Test worker][INFO ][BaseTransactionalIntegrationTest] | CreditServiceIntegrationTest.testRestoreCredit_Sale                                                                    |
[2015-05-29 17:13:51,638][Test worker][INFO ][BaseTransactionalIntegrationTest] +------------------------------------------------------------------------------------------------------------------------+
[2015-05-29 17:13:51,645][Test worker][DEBUG][DefaultCreditService] The current credit level(before transaction) of Operator [id=OPERATOR-111, loginName=OPERATOR-LOGIN, creditType=1, saleCreditLevel=200000000, payoutCreditLevel=1000, cashoutBalance=0, commisionBalance=0] is saleCreditLevel:200000000,payoutCreditLevel:1000
[2015-05-29 17:13:51,645][Test worker][DEBUG][DefaultCreditService] The new sale credit level of Operator [id=OPERATOR-111, loginName=OPERATOR-LOGIN, creditType=1, saleCreditLevel=200000200, payoutCreditLevel=1000, cashoutBalance=0, commisionBalance=0] is 200000200
[2015-05-29 17:13:51,657][Test worker][DEBUG][BaseTransactionalIntegrationTest] Retrieve a ApplicationContext(org.springframework.web.context.support.GenericWebApplicationContext@34f645a8: startup date [Fri May 29 17:12:38 CST 2015]; root of context hierarchy).
[2015-05-29 17:13:51,657][Test worker][INFO ][BaseTransactionalIntegrationTest] +------------------------------------------------------------------------------------------------------------------------+
[2015-05-29 17:13:51,657][Test worker][INFO ][BaseTransactionalIntegrationTest] | CreditServiceIntegrationTest.testReduceCredit_Sale_Operator                                                            |
[2015-05-29 17:13:51,657][Test worker][INFO ][BaseTransactionalIntegrationTest] +------------------------------------------------------------------------------------------------------------------------+
[2015-05-29 17:13:51,676][Test worker][DEBUG][DefaultCreditService] Ignore credit level calculation, as the credit type of Operator [id=OPERATOR-111, loginName=OPERATOR-LOGIN, creditType=4, saleCreditLevel=200000000, payoutCreditLevel=1000, cashoutBalance=0, commisionBalance=0] is USE PARENT... check its parent merchant
[2015-05-29 17:13:51,676][Test worker][DEBUG][DefaultCreditService] Ignore credit level calculation, as the credit type ofMerchant [id=111, name=M-111, saleCreditLevel=100000000, payoutCreditLevel=1000, creditType=4, cashoutBalance=0, commisionBalance=0] is USE PARENT... check its parent merchant.
[2015-05-29 17:13:51,681][Test worker][DEBUG][DefaultCreditService] The current credit level(before transaction) of Merchant [id=222, name=null, saleCreditLevel=200000000, payoutCreditLevel=1000, creditType=1, cashoutBalance=0, commisionBalance=0] is saleCreditLevel:200000000,payoutCreditLevel:1000
[2015-05-29 17:13:51,681][Test worker][DEBUG][DefaultCreditService] The new sale credit level of merchantMerchant [id=222, name=null, saleCreditLevel=199999800, payoutCreditLevel=1000, creditType=1, cashoutBalance=0, commisionBalance=0] is 199999800
[2015-05-29 17:13:51,693][Test worker][DEBUG][BaseTransactionalIntegrationTest] Retrieve a ApplicationContext(org.springframework.web.context.support.GenericWebApplicationContext@34f645a8: startup date [Fri May 29 17:12:38 CST 2015]; root of context hierarchy).
[2015-05-29 17:13:51,693][Test worker][INFO ][BaseTransactionalIntegrationTest] +------------------------------------------------------------------------------------------------------------------------+
[2015-05-29 17:13:51,693][Test worker][INFO ][BaseTransactionalIntegrationTest] | CreditServiceIntegrationTest.testRestoreCredit_Payout_UseParent                                                        |
[2015-05-29 17:13:51,693][Test worker][INFO ][BaseTransactionalIntegrationTest] +------------------------------------------------------------------------------------------------------------------------+
[2015-05-29 17:13:51,711][Test worker][DEBUG][DefaultCreditService] Ignore credit level calculation, as the credit type of Operator [id=OPERATOR-111, loginName=OPERATOR-LOGIN, creditType=4, saleCreditLevel=200000000, payoutCreditLevel=1000, cashoutBalance=0, commisionBalance=0] is USE PARENT... check its parent merchant
[2015-05-29 17:13:51,711][Test worker][DEBUG][DefaultCreditService] Ignore credit level calculation, as the credit type ofMerchant [id=111, name=M-111, saleCreditLevel=100000000, payoutCreditLevel=1000, creditType=4, cashoutBalance=0, commisionBalance=0] is USE PARENT... check its parent merchant.
[2015-05-29 17:13:51,720][Test worker][DEBUG][DefaultCreditService] The current credit level(before transaction) of Merchant [id=222, name=null, saleCreditLevel=200000000, payoutCreditLevel=1000, creditType=1, cashoutBalance=0, commisionBalance=0] is saleCreditLevel:200000000,payoutCreditLevel:1000
[2015-05-29 17:13:51,720][Test worker][DEBUG][DefaultCreditService] The new payout credit level of merchantMerchant [id=222, name=null, saleCreditLevel=200000000, payoutCreditLevel=1200, creditType=1, cashoutBalance=0, commisionBalance=0] is 1200
[2015-05-29 17:13:51,727][Test worker][DEBUG][BaseTransactionalIntegrationTest] Retrieve a ApplicationContext(org.springframework.web.context.support.GenericWebApplicationContext@34f645a8: startup date [Fri May 29 17:12:38 CST 2015]; root of context hierarchy).
[2015-05-29 17:13:51,728][Test worker][INFO ][BaseTransactionalIntegrationTest] +------------------------------------------------------------------------------------------------------------------------+
[2015-05-29 17:13:51,728][Test worker][INFO ][BaseTransactionalIntegrationTest] | CreditServiceIntegrationTest.testRestoreCredit_Sale_Operator                                                           |
[2015-05-29 17:13:51,728][Test worker][INFO ][BaseTransactionalIntegrationTest] +------------------------------------------------------------------------------------------------------------------------+
[2015-05-29 17:13:51,741][Test worker][DEBUG][DefaultCreditService] Ignore credit level calculation, as the credit type of Operator [id=OPERATOR-111, loginName=OPERATOR-LOGIN, creditType=4, saleCreditLevel=200000000, payoutCreditLevel=1000, cashoutBalance=0, commisionBalance=0] is USE PARENT... check its parent merchant
[2015-05-29 17:13:51,741][Test worker][DEBUG][DefaultCreditService] Ignore credit level calculation, as the credit type ofMerchant [id=111, name=M-111, saleCreditLevel=100000000, payoutCreditLevel=1000, creditType=4, cashoutBalance=0, commisionBalance=0] is USE PARENT... check its parent merchant.
[2015-05-29 17:13:51,746][Test worker][DEBUG][DefaultCreditService] The current credit level(before transaction) of Merchant [id=222, name=null, saleCreditLevel=200000000, payoutCreditLevel=1000, creditType=1, cashoutBalance=0, commisionBalance=0] is saleCreditLevel:200000000,payoutCreditLevel:1000
[2015-05-29 17:13:51,746][Test worker][DEBUG][DefaultCreditService] The new sale credit level of merchantMerchant [id=222, name=null, saleCreditLevel=200000200, payoutCreditLevel=1000, creditType=1, cashoutBalance=0, commisionBalance=0] is 200000200
[2015-05-29 17:13:51,754][Test worker][DEBUG][BaseTransactionalIntegrationTest] Retrieve a ApplicationContext(org.springframework.web.context.support.GenericWebApplicationContext@34f645a8: startup date [Fri May 29 17:12:38 CST 2015]; root of context hierarchy).
[2015-05-29 17:13:51,754][Test worker][INFO ][BaseTransactionalIntegrationTest] +------------------------------------------------------------------------------------------------------------------------+
[2015-05-29 17:13:51,754][Test worker][INFO ][BaseTransactionalIntegrationTest] | CreditServiceIntegrationTest.testRestoreCredit_Payout                                                                  |
[2015-05-29 17:13:51,754][Test worker][INFO ][BaseTransactionalIntegrationTest] +------------------------------------------------------------------------------------------------------------------------+
[2015-05-29 17:13:51,765][Test worker][DEBUG][DefaultCreditService] The current credit level(before transaction) of Operator [id=OPERATOR-111, loginName=OPERATOR-LOGIN, creditType=1, saleCreditLevel=200000000, payoutCreditLevel=1000, cashoutBalance=0, commisionBalance=0] is saleCreditLevel:200000000,payoutCreditLevel:1000
[2015-05-29 17:13:51,765][Test worker][DEBUG][DefaultCreditService] The new payout credit level of Operator [id=OPERATOR-111, loginName=OPERATOR-LOGIN, creditType=1, saleCreditLevel=200000000, payoutCreditLevel=1200, cashoutBalance=0, commisionBalance=0] is 1200
[2015-05-29 17:13:51,778][Test worker][DEBUG][BaseTransactionalIntegrationTest] Retrieve a ApplicationContext(org.springframework.web.context.support.GenericWebApplicationContext@34f645a8: startup date [Fri May 29 17:12:38 CST 2015]; root of context hierarchy).
[2015-05-29 17:13:51,778][Test worker][INFO ][BaseTransactionalIntegrationTest] +------------------------------------------------------------------------------------------------------------------------+
[2015-05-29 17:13:51,778][Test worker][INFO ][BaseTransactionalIntegrationTest] | CreditServiceIntegrationTest.testReduceCredit_Cashout_Reversal                                                         |
[2015-05-29 17:13:51,778][Test worker][INFO ][BaseTransactionalIntegrationTest] +------------------------------------------------------------------------------------------------------------------------+
[2015-05-29 17:13:51,786][Test worker][DEBUG][DefaultCreditService] The current credit level(before transaction) of Operator [id=OPERATOR-111, loginName=OPERATOR-LOGIN, creditType=1, saleCreditLevel=200000000, payoutCreditLevel=1000, cashoutBalance=0, commisionBalance=0] is saleCreditLevel:200000000,payoutCreditLevel:1000
[2015-05-29 17:13:51,786][Test worker][DEBUG][DefaultCreditService] The new payout credit level of Operator [id=OPERATOR-111, loginName=OPERATOR-LOGIN, creditType=1, saleCreditLevel=200000000, payoutCreditLevel=800, cashoutBalance=0, commisionBalance=0] is 800
[2015-05-29 17:13:51,793][Test worker][DEBUG][BaseTransactionalIntegrationTest] Retrieve a ApplicationContext(org.springframework.web.context.support.GenericWebApplicationContext@34f645a8: startup date [Fri May 29 17:12:38 CST 2015]; root of context hierarchy).
[2015-05-29 17:13:51,793][Test worker][INFO ][BaseTransactionalIntegrationTest] +------------------------------------------------------------------------------------------------------------------------+
[2015-05-29 17:13:51,793][Test worker][INFO ][BaseTransactionalIntegrationTest] | CreditServiceIntegrationTest.testReduceCredit_Cashout                                                                  |
[2015-05-29 17:13:51,793][Test worker][INFO ][BaseTransactionalIntegrationTest] +------------------------------------------------------------------------------------------------------------------------+
[2015-05-29 17:13:51,798][Test worker][DEBUG][DefaultCreditService] The current credit level(before transaction) of Operator [id=OPERATOR-111, loginName=OPERATOR-LOGIN, creditType=1, saleCreditLevel=200000000, payoutCreditLevel=1000, cashoutBalance=0, commisionBalance=0] is saleCreditLevel:200000000,payoutCreditLevel:1000
[2015-05-29 17:13:51,798][Test worker][DEBUG][DefaultCreditService] The new payout credit level of Operator [id=OPERATOR-111, loginName=OPERATOR-LOGIN, creditType=1, saleCreditLevel=200000000, payoutCreditLevel=1200, cashoutBalance=0, commisionBalance=0] is 1200
[2015-05-29 17:13:51,805][Test worker][DEBUG][BaseTransactionalIntegrationTest] Retrieve a ApplicationContext(org.springframework.web.context.support.GenericWebApplicationContext@34f645a8: startup date [Fri May 29 17:12:38 CST 2015]; root of context hierarchy).
[2015-05-29 17:13:51,805][Test worker][INFO ][BaseTransactionalIntegrationTest] +------------------------------------------------------------------------------------------------------------------------+
[2015-05-29 17:13:51,805][Test worker][INFO ][BaseTransactionalIntegrationTest] | CreditServiceIntegrationTest.testReduceCredit_Payout_UseParent                                                         |
[2015-05-29 17:13:51,805][Test worker][INFO ][BaseTransactionalIntegrationTest] +------------------------------------------------------------------------------------------------------------------------+
[2015-05-29 17:13:51,812][Test worker][DEBUG][DefaultCreditService] Ignore credit level calculation, as the credit type of Operator [id=OPERATOR-111, loginName=OPERATOR-LOGIN, creditType=4, saleCreditLevel=200000000, payoutCreditLevel=1000, cashoutBalance=0, commisionBalance=0] is USE PARENT... check its parent merchant
[2015-05-29 17:13:51,813][Test worker][DEBUG][DefaultCreditService] Ignore credit level calculation, as the credit type ofMerchant [id=111, name=M-111, saleCreditLevel=100000000, payoutCreditLevel=1000, creditType=4, cashoutBalance=0, commisionBalance=0] is USE PARENT... check its parent merchant.
[2015-05-29 17:13:51,818][Test worker][DEBUG][DefaultCreditService] The current credit level(before transaction) of Merchant [id=222, name=null, saleCreditLevel=200000000, payoutCreditLevel=1000, creditType=1, cashoutBalance=0, commisionBalance=0] is saleCreditLevel:200000000,payoutCreditLevel:1000
[2015-05-29 17:13:51,818][Test worker][DEBUG][DefaultCreditService] The new payout credit level of merchantMerchant [id=222, name=null, saleCreditLevel=200000000, payoutCreditLevel=800, creditType=1, cashoutBalance=0, commisionBalance=0] is 800
[2015-05-29 17:13:51,829][Test worker][DEBUG][BaseTransactionalIntegrationTest] Retrieve a ApplicationContext(org.springframework.web.context.support.GenericWebApplicationContext@34f645a8: startup date [Fri May 29 17:12:38 CST 2015]; root of context hierarchy).
[2015-05-29 17:13:51,829][Test worker][INFO ][BaseTransactionalIntegrationTest] +------------------------------------------------------------------------------------------------------------------------+
[2015-05-29 17:13:51,829][Test worker][INFO ][BaseTransactionalIntegrationTest] | CreditServiceIntegrationTest.testReduceCredit_Payout                                                                   |
[2015-05-29 17:13:51,829][Test worker][INFO ][BaseTransactionalIntegrationTest] +------------------------------------------------------------------------------------------------------------------------+
[2015-05-29 17:13:51,835][Test worker][DEBUG][DefaultCreditService] The current credit level(before transaction) of Operator [id=OPERATOR-111, loginName=OPERATOR-LOGIN, creditType=1, saleCreditLevel=200000000, payoutCreditLevel=1000, cashoutBalance=0, commisionBalance=0] is saleCreditLevel:200000000,payoutCreditLevel:1000
[2015-05-29 17:13:51,835][Test worker][DEBUG][DefaultCreditService] The new payout credit level of Operator [id=OPERATOR-111, loginName=OPERATOR-LOGIN, creditType=1, saleCreditLevel=200000000, payoutCreditLevel=800, cashoutBalance=0, commisionBalance=0] is 800
[2015-05-29 17:13:51,842][Test worker][DEBUG][BaseTransactionalIntegrationTest] Retrieve a ApplicationContext(org.springframework.web.context.support.GenericWebApplicationContext@34f645a8: startup date [Fri May 29 17:12:38 CST 2015]; root of context hierarchy).
[2015-05-29 17:13:51,842][Test worker][INFO ][BaseTransactionalIntegrationTest] +------------------------------------------------------------------------------------------------------------------------+
[2015-05-29 17:13:51,842][Test worker][INFO ][BaseTransactionalIntegrationTest] | CreditServiceIntegrationTest.testReduceCredit_Sale                                                                     |
[2015-05-29 17:13:51,842][Test worker][INFO ][BaseTransactionalIntegrationTest] +------------------------------------------------------------------------------------------------------------------------+
[2015-05-29 17:13:51,847][Test worker][DEBUG][DefaultCreditService] The current credit level(before transaction) of Operator [id=OPERATOR-111, loginName=OPERATOR-LOGIN, creditType=1, saleCreditLevel=200000000, payoutCreditLevel=1000, cashoutBalance=0, commisionBalance=0] is saleCreditLevel:200000000,payoutCreditLevel:1000
[2015-05-29 17:13:51,847][Test worker][DEBUG][DefaultCreditService] The new sale credit level of Operator [id=OPERATOR-111, loginName=OPERATOR-LOGIN, creditType=1, saleCreditLevel=199999800, payoutCreditLevel=1000, cashoutBalance=0, commisionBalance=0] is 199999800
]]></system-out>
  <system-err><![CDATA[]]></system-err>
</testsuite>
