<?xml version="1.0" encoding="UTF-8"?>
<testsuite name="com.mpos.lottery.te.common.util.CombinationUnitTest" tests="2" skipped="0" failures="0" errors="0" timestamp="2015-05-29T09:12:32" hostname="Ramon-PC" time="0.003">
  <properties/>
  <testcase name="testGetTotal" classname="com.mpos.lottery.te.common.util.CombinationUnitTest" time="0.002"/>
  <testcase name="testGetNext" classname="com.mpos.lottery.te.common.util.CombinationUnitTest" time="0.001"/>
  <system-out><![CDATA[]]></system-out>
  <system-err><![CDATA[]]></system-err>
</testsuite>
