<?xml version="1.0" encoding="UTF-8"?>
<testsuite name="com.mpos.lottery.te.gameimpl.raffle.sale.RaffleSaleCancellationIntegrationTest" tests="5" skipped="0" failures="0" errors="0" timestamp="2015-05-29T09:13:37" hostname="Ramon-PC" time="0.644">
  <properties/>
  <testcase name="testCancelByTicket_OK" classname="com.mpos.lottery.te.gameimpl.raffle.sale.RaffleSaleCancellationIntegrationTest" time="0.129"/>
  <testcase name="testCancelByTransaction_OK" classname="com.mpos.lottery.te.gameimpl.raffle.sale.RaffleSaleCancellationIntegrationTest" time="0.126"/>
  <testcase name="testCancelByTicket_Declined" classname="com.mpos.lottery.te.gameimpl.raffle.sale.RaffleSaleCancellationIntegrationTest" time="0.113"/>
  <testcase name="testCancelByTicket_Manually_OK" classname="com.mpos.lottery.te.gameimpl.raffle.sale.RaffleSaleCancellationIntegrationTest" time="0.121"/>
  <testcase name="testCancelByTransaction_Declined" classname="com.mpos.lottery.te.gameimpl.raffle.sale.RaffleSaleCancellationIntegrationTest" time="0.154"/>
  <system-out><![CDATA[[2015-05-29 17:13:37,085][Test worker][DEBUG][TEPortServlet] Startup job scheduer(org.quartz.impl.StdScheduler@4d1e5820) successfully.
[2015-05-29 17:13:37,086][Test worker][WARN ][TEPortServlet] can NOT find META file:F:\project\M.Lottery\TE\TRUNK_TE\sourcecode\build\classes\main\META-INF\MANIFEST.MF
[2015-05-29 17:13:37,086][Test worker][DEBUG][TEPortServlet] Register MBean(com.mpos.lottery.te.common.jmx.TransactionTimeout@70eb1e26) with name(com.mpos.lottery.te:type=TransactionTimeoutMBean) successfully.
[2015-05-29 17:13:37,086][Test worker][DEBUG][BaseTransactionalIntegrationTest] Retrieve a ApplicationContext(org.springframework.web.context.support.GenericWebApplicationContext@34f645a8: startup date [Fri May 29 17:12:38 CST 2015]; root of context hierarchy).
[2015-05-29 17:13:37,086][Test worker][INFO ][BaseTransactionalIntegrationTest] +------------------------------------------------------------------------------------------------------------------------+
[2015-05-29 17:13:37,086][Test worker][INFO ][BaseTransactionalIntegrationTest] | RaffleSaleCancellationIntegrationTest.testCancelByTicket_OK                                                            |
[2015-05-29 17:13:37,086][Test worker][INFO ][BaseTransactionalIntegrationTest] +------------------------------------------------------------------------------------------------------------------------+
[2015-05-29 17:13:37,086][Test worker][DEBUG][MLotteryContext] find mapping file definition(xml-mapping/game/raffle/SellTicket_Req.xml) by key(14.transtype.200).
[2015-05-29 17:13:37,087][Test worker][DEBUG][CastorHelper] Finish marshaling input(typeclass com.mpos.lottery.te.gameimpl.raffle.sale.RaffleTicket, mappingFile=xml-mapping/game/raffle/SellTicket_Req.xml).
[2015-05-29 17:13:37,088][Test worker][DEBUG][BaseServletIntegrationTest] Do MAC(key=P2Bbo6+bSSR9O2Qc89f3b4oHTyE1V2gF) on (Protocal-Version:1.5|GPE_Id:GPE-111|Terminal-Id:111|Operator-Id:OPERATOR-111|Trans-BatchNumber:20150529|TractMsg-Id:1432890817086|Timestamp:20150529171337|Transaction-Type:200|Transaction-Id:|Response-Code:|<?xml version="1.0" encoding="UTF-8"?>
<Ticket multipleDraws="1" totalAmount="300.0" PIN="!!!!"><GameDraw number="11002" gameId="RA-1"/><Entry selectedNumber="PLAY" betOption="1" inputChannel="0" totalBets="3"/><User mobile="13413148084"/></Ticket>,hash=-957248375), get digest:bf62add6ab0e8644ce949a7ed81b0508
[2015-05-29 17:13:37,088][Test worker][DEBUG][TEPortServlet] Got request header(name=X-Transaction-Type, value=200).
[2015-05-29 17:13:37,088][Test worker][DEBUG][TEPortServlet] Got request header(name=X-Protocal-Version, value=1.5).
[2015-05-29 17:13:37,088][Test worker][DEBUG][TEPortServlet] Got request header(name=X-Timestamp, value=20150529171337).
[2015-05-29 17:13:37,088][Test worker][DEBUG][TEPortServlet] Got request header(name=X-GPE-Id, value=GPE-111).
[2015-05-29 17:13:37,088][Test worker][DEBUG][TEPortServlet] Got request header(name=X-Trace-Message-Id, value=1432890817086).
[2015-05-29 17:13:37,088][Test worker][DEBUG][TEPortServlet] Got request header(name=X-Operator-Id, value=OPERATOR-111).
[2015-05-29 17:13:37,088][Test worker][DEBUG][TEPortServlet] Got request header(name=X-Terminal-Id, value=111).
[2015-05-29 17:13:37,088][Test worker][DEBUG][TEPortServlet] Got request header(name=X-MAC, value=bf62add6ab0e8644ce949a7ed81b0508).
[2015-05-29 17:13:37,088][Test worker][DEBUG][TEPortServlet] Got request header(name=X-Game-Type-Id, value=14).
[2015-05-29 17:13:37,088][Test worker][DEBUG][TEPortServlet] Got request header(name=X-Trans-BatchNumber, value=20150529).
[2015-05-29 17:13:37,088][Test worker][DEBUG][TEPortServlet] Got request header(name=X-GPS-Location, value=40.714353,-74.005973).
[2015-05-29 17:13:37,090][Test worker][DEBUG][TEPortServlet] Got request from localhost, and the message body is:pq3FqO8HCcAnaobA+xpVnADmrnwj1vrK59BGhqvtskYFWTsa2cbe6vvj1C28m6E+ybhcq2GHfnfSvzUuvi5gIW+x7OzQghYnuO2taDRjXWCxHHHe4Qt36fAfFB33rSVDACrbWnPg/DemXvJASO7iCKDoerUdoNirWoWx/tuRp8rFDc9DSG/sc1zXNJ9x4jg1Lh5BhuppVXZT4TUu1f8LNi2fZBoWUe9vohg6v/i2oBMY2i4FHRTo8/+Vjv/KjDZF6VT+BC81nkVNclPtrK1/nPvDCYIPp4P06FbQBLWrcQluC8WNZLo/ch+/NOksJ4YjRPVxJ8xXPP+32ZGQrg5L0w==.
[2015-05-29 17:13:37,090][Test worker][DEBUG][ProtocolSerializer] Start to deserialize request context(Protocal-Version:1.5|GPE_Id:GPE-111|Terminal-Id:111|Operator-Id:OPERATOR-111|Trans-BatchNumber:20150529|TractMsg-Id:1432890817086|Timestamp:20150529171337|Transaction-Type:200|Transaction-Id:|Response-Code:|).
[2015-05-29 17:13:37,090][Test worker][DEBUG][ProtocolSerializer] Finish decrypting cipher into original xml:<?xml version="1.0" encoding="UTF-8"?>
<Ticket multipleDraws="1" totalAmount="300.0" PIN="!!!!"><GameDraw number="11002" gameId="RA-1"/><Entry selectedNumber="PLAY" betOption="1" inputChannel="0" totalBets="3"/><User mobile="13413148084"/></Ticket>
[2015-05-29 17:13:37,090][Test worker][DEBUG][ProtocolSerializer] Start to do MAC(key=P2Bbo6+bSSR9O2Qc89f3b4oHTyE1V2gF) on (Protocal-Version:1.5|GPE_Id:GPE-111|Terminal-Id:111|Operator-Id:OPERATOR-111|Trans-BatchNumber:20150529|TractMsg-Id:1432890817086|Timestamp:20150529171337|Transaction-Type:200|Transaction-Id:|Response-Code:|<?xml version="1.0" encoding="UTF-8"?>
<Ticket multipleDraws="1" totalAmount="300.0" PIN="!!!!"><GameDraw number="11002" gameId="RA-1"/><Entry selectedNumber="PLAY" betOption="1" inputChannel="0" totalBets="3"/><User mobile="13413148084"/></Ticket>,hash=-957248375), get digest:bf62add6ab0e8644ce949a7ed81b0508
[2015-05-29 17:13:37,090][Test worker][DEBUG][MLotteryContext] find mapping file definition(xml-mapping/game/raffle/SellTicket_Req.xml) by key(14.transtype.200).
[2015-05-29 17:13:37,090][Test worker][DEBUG][ProtocolSerializer] Start to deserialize model: model=null,mappingFile=xml-mapping/game/raffle/SellTicket_Req.xml
[2015-05-29 17:13:37,090][Test worker][DEBUG][MLotteryContext] find mapping file definition(xml-mapping/game/raffle/SellTicket_Req.xml) by key(14.transtype.200).
[2015-05-29 17:13:37,102][Test worker][DEBUG][RoutineRegistry] Try to lookup handler by routine key(14_200_1.5.0).
[2015-05-29 17:13:37,102][Test worker][DEBUG][RoutineRegistry] Try to lookup handler by routine key(14_200_).
[2015-05-29 17:13:37,102][Test worker][DEBUG][RoutineRegistry] Lookup controller by key(14_200_), found controller(com.mpos.lottery.te.gameimpl.raffle.RaffleController@5c665955) and method(public void com.mpos.lottery.te.gameimpl.raffle.RaffleController.sell(com.mpos.lottery.te.port.Context,com.mpos.lottery.te.port.Context) throws com.mpos.lottery.te.config.exception.ApplicationException).
[2015-05-29 17:13:37,109][Test worker][INFO ][AbstractGameInstanceService] No channel game instance time definiton found, ignore it.
[2015-05-29 17:13:37,109][Test worker][DEBUG][UUIDServiceImpl] Assemble a new ticket serial number:01111745419300014895
[2015-05-29 17:13:37,113][Test worker][DEBUG][DefaultTicketValidator] THe max allowed multi-draw of operation parameter is 10, merchant limit to 3, the smaller 3 will be used.
[2015-05-29 17:13:37,122][Test worker][DEBUG][DefaultBalanceService] Operator before transaction -  Operator [id=OPERATOR-111, loginName=OPERATOR-LOGIN, creditType=1, saleCreditLevel=200000000, payoutCreditLevel=1000, cashoutBalance=0, commisionBalance=0]
[2015-05-29 17:13:37,122][Test worker][DEBUG][DefaultBalanceService] Found balance strategy:com.mpos.lottery.te.merchant.service.balance.SaleBalanceStrategy@e1f8aba
[2015-05-29 17:13:37,122][Test worker][DEBUG][DefaultBalanceService] Operator after transaction -  Operator [id=OPERATOR-111, loginName=OPERATOR-LOGIN, creditType=1, saleCreditLevel=199999700.0, payoutCreditLevel=1000, cashoutBalance=0, commisionBalance=0]
[2015-05-29 17:13:37,125][Test worker][WARN ][BaseJpaDao] Should be at most only 1 entity(com.mpos.lottery.te.merchant.domain.OperatorCommission) found, however total 2 entities found... the 1st entity(com.mpos.lottery.te.merchant.domain.OperatorCommission@2cabf0b) will be returned.
[2015-05-29 17:13:37,131][Test worker][DEBUG][CommonFacadeService] Prepare to publish message to exchange[TE.200] with routing key[TE.200.14]: transaction {
  id: "0115052900000000001862"
  dev_id: "111"
  operator_id: "OPERATOR-111"
  merchant_id: "111"
  create_time: 1432890817000
  trans_type: 200
  game_id: "RA-1"
  game_type: 14
  total_amount: "300.0"
}
multi_draw: 1
total_amount: "300.0"
serial_no: "y013eOifYgJT2yVTInjEova5SaK7XJj1"
game_instance {
  id: "GII-112"
}

[2015-05-29 17:13:37,131][Test worker][DEBUG][CommonFacadeService] Publish message successfully
[2015-05-29 17:13:37,131][Test worker][DEBUG][MLotteryContext] find mapping file definition(xml-mapping/game/raffle/SellTicket_Res.xml) by key(14.transtype.4200).
[2015-05-29 17:13:37,131][Test worker][DEBUG][ProtocolSerializer] Start to serialize model(class com.mpos.lottery.te.gameimpl.raffle.sale.RaffleTicket),mappingFile=xml-mapping/game/raffle/SellTicket_Res.xml
[2015-05-29 17:13:37,131][Test worker][DEBUG][MLotteryContext] find mapping file definition(xml-mapping/game/raffle/SellTicket_Res.xml) by key(14.transtype.4200).
[2015-05-29 17:13:37,132][Test worker][DEBUG][CastorHelper] Finish marshaling input(typeclass com.mpos.lottery.te.gameimpl.raffle.sale.RaffleTicket, mappingFile=xml-mapping/game/raffle/SellTicket_Res.xml).
[2015-05-29 17:13:37,132][Test worker][DEBUG][ProtocolSerializer] Finish mac(macKey=P2Bbo6+bSSR9O2Qc89f3b4oHTyE1V2gF,macString=Protocal-Version:1.5|GPE_Id:GPE-111|Terminal-Id:111|Operator-Id:OPERATOR-111|Trans-BatchNumber:20150529|TractMsg-Id:1432890817086|Timestamp:20150529171337|Transaction-Type:4200|Transaction-Id:0115052900000000001862|Response-Code:200|<?xml version="1.0" encoding="UTF-8"?>
<Ticket serialNo="01111745419300014895" type="1" lastDrawNo="11002" barcode="14cK/u9hwZY2Rogq4k24Oeg4G3HSlAl9EbjLdf+UJJlt9Se2CWmp8xaptZN72BVCQQM2kLct1RYzY=" validationCode="771383" multipleDraws="1" totalBets="3" totalAmount="300.0"><GameDraw number="11002" gameId="RA-1"/></Ticket>):7837c583c7e7e9630d94d0767050f687
[2015-05-29 17:13:37,132][Test worker][DEBUG][TEPortServlet] Write response to client(host1=localhost,sizeOfPack=440) succesfully.
[2015-05-29 17:13:37,133][Test worker][DEBUG][BaseServletIntegrationTest] Got response(code=200,length=440): <?xml version="1.0" encoding="UTF-8"?>
<Ticket serialNo="01111745419300014895" type="1" lastDrawNo="11002" barcode="14cK/u9hwZY2Rogq4k24Oeg4G3HSlAl9EbjLdf+UJJlt9Se2CWmp8xaptZN72BVCQQM2kLct1RYzY=" validationCode="771383" multipleDraws="1" totalBets="3" totalAmount="300.0"><GameDraw number="11002" gameId="RA-1"/></Ticket>
[2015-05-29 17:13:37,133][Test worker][DEBUG][MLotteryContext] find mapping file definition(xml-mapping/game/raffle/SellTicket_Res.xml) by key(14.transtype.4200).
[2015-05-29 17:13:37,139][Test worker][DEBUG][MLotteryContext] find mapping file definition(xml-mapping/game/raffle/CancelTicket_Req.xml) by key(14.transtype.201).
[2015-05-29 17:13:37,147][Test worker][DEBUG][CastorHelper] Finish marshaling input(typeclass com.mpos.lottery.te.gameimpl.raffle.sale.RaffleTicket, mappingFile=xml-mapping/game/raffle/CancelTicket_Req.xml).
[2015-05-29 17:13:37,148][Test worker][DEBUG][BaseServletIntegrationTest] Do MAC(key=P2Bbo6+bSSR9O2Qc89f3b4oHTyE1V2gF) on (Protocal-Version:1.5|GPE_Id:GPE-111|Terminal-Id:111|Operator-Id:OPERATOR-111|Trans-BatchNumber:20150529|TractMsg-Id:1432890817139|Timestamp:20150529171337|Transaction-Type:201|Transaction-Id:|Response-Code:|<?xml version="1.0" encoding="UTF-8"?>
<Ticket serialNo="01111745419300014895" isMannul="0"/>,hash=1433615624), get digest:ff14d8db8c9a6fe470666eefbe1e522e
[2015-05-29 17:13:37,148][Test worker][DEBUG][TEPortServlet] Got request header(name=X-Transaction-Type, value=201).
[2015-05-29 17:13:37,148][Test worker][DEBUG][TEPortServlet] Got request header(name=X-Protocal-Version, value=1.5).
[2015-05-29 17:13:37,148][Test worker][DEBUG][TEPortServlet] Got request header(name=X-Timestamp, value=20150529171337).
[2015-05-29 17:13:37,148][Test worker][DEBUG][TEPortServlet] Got request header(name=X-GPE-Id, value=GPE-111).
[2015-05-29 17:13:37,148][Test worker][DEBUG][TEPortServlet] Got request header(name=X-Trace-Message-Id, value=1432890817139).
[2015-05-29 17:13:37,148][Test worker][DEBUG][TEPortServlet] Got request header(name=X-Operator-Id, value=OPERATOR-111).
[2015-05-29 17:13:37,148][Test worker][DEBUG][TEPortServlet] Got request header(name=X-Terminal-Id, value=111).
[2015-05-29 17:13:37,148][Test worker][DEBUG][TEPortServlet] Got request header(name=X-MAC, value=ff14d8db8c9a6fe470666eefbe1e522e).
[2015-05-29 17:13:37,148][Test worker][DEBUG][TEPortServlet] Got request header(name=X-Game-Type-Id, value=14).
[2015-05-29 17:13:37,148][Test worker][DEBUG][TEPortServlet] Got request header(name=X-Trans-BatchNumber, value=20150529).
[2015-05-29 17:13:37,148][Test worker][DEBUG][TEPortServlet] Got request header(name=X-GPS-Location, value=40.714353,-74.005973).
[2015-05-29 17:13:37,149][Test worker][DEBUG][TEPortServlet] Got request from localhost, and the message body is:pq3FqO8HCcAnaobA+xpVnADmrnwj1vrK59BGhqvtskYFWTsa2cbe6ttFDFcpmi1MamgAomcAmY77ZmH0pucSJhy2+jHIzxjRKmgIyi7zvpslYPY/OeX29Pa3Zb/k2agB.
[2015-05-29 17:13:37,150][Test worker][DEBUG][ProtocolSerializer] Start to deserialize request context(Protocal-Version:1.5|GPE_Id:GPE-111|Terminal-Id:111|Operator-Id:OPERATOR-111|Trans-BatchNumber:20150529|TractMsg-Id:1432890817139|Timestamp:20150529171337|Transaction-Type:201|Transaction-Id:|Response-Code:|).
[2015-05-29 17:13:37,150][Test worker][DEBUG][ProtocolSerializer] Finish decrypting cipher into original xml:<?xml version="1.0" encoding="UTF-8"?>
<Ticket serialNo="01111745419300014895" isMannul="0"/>
[2015-05-29 17:13:37,150][Test worker][DEBUG][ProtocolSerializer] Start to do MAC(key=P2Bbo6+bSSR9O2Qc89f3b4oHTyE1V2gF) on (Protocal-Version:1.5|GPE_Id:GPE-111|Terminal-Id:111|Operator-Id:OPERATOR-111|Trans-BatchNumber:20150529|TractMsg-Id:1432890817139|Timestamp:20150529171337|Transaction-Type:201|Transaction-Id:|Response-Code:|<?xml version="1.0" encoding="UTF-8"?>
<Ticket serialNo="01111745419300014895" isMannul="0"/>,hash=1433615624), get digest:ff14d8db8c9a6fe470666eefbe1e522e
[2015-05-29 17:13:37,150][Test worker][DEBUG][MLotteryContext] find mapping file definition(xml-mapping/game/raffle/CancelTicket_Req.xml) by key(14.transtype.201).
[2015-05-29 17:13:37,150][Test worker][DEBUG][ProtocolSerializer] Start to deserialize model: model=null,mappingFile=xml-mapping/game/raffle/CancelTicket_Req.xml
[2015-05-29 17:13:37,150][Test worker][DEBUG][MLotteryContext] find mapping file definition(xml-mapping/game/raffle/CancelTicket_Req.xml) by key(14.transtype.201).
[2015-05-29 17:13:37,162][Test worker][DEBUG][RoutineRegistry] Try to lookup handler by routine key(14_201_1.5.0).
[2015-05-29 17:13:37,162][Test worker][DEBUG][RoutineRegistry] Try to lookup handler by routine key(14_201_).
[2015-05-29 17:13:37,162][Test worker][DEBUG][RoutineRegistry] Lookup controller by key(14_201_), found controller(com.mpos.lottery.te.gameimpl.raffle.RaffleController@5c665955) and method(public void com.mpos.lottery.te.gameimpl.raffle.RaffleController.cancelByTicket(com.mpos.lottery.te.port.Context,com.mpos.lottery.te.port.Context) throws com.mpos.lottery.te.config.exception.ApplicationException).
[2015-05-29 17:13:37,167][Test worker][DEBUG][ReversalOrCancelStrategyFactory] Found ReversalStrategy(class com.mpos.lottery.te.gameimpl.raffle.sale.service.RaffleTicketService) to cancel transaction(gameType=14,terminalId=111,transType=200,protocolVersion=1.5.0).
[2015-05-29 17:13:37,179][Test worker][DEBUG][DefaultBalanceService] Operator before transaction -  Operator [id=OPERATOR-111, loginName=OPERATOR-LOGIN, creditType=1, saleCreditLevel=199999700, payoutCreditLevel=1000, cashoutBalance=0, commisionBalance=0]
[2015-05-29 17:13:37,179][Test worker][DEBUG][DefaultBalanceService] Found balance strategy:com.mpos.lottery.te.merchant.service.balance.SaleBalanceStrategy@e1f8aba
[2015-05-29 17:13:37,179][Test worker][DEBUG][DefaultBalanceService] Operator after transaction -  Operator [id=OPERATOR-111, loginName=OPERATOR-LOGIN, creditType=1, saleCreditLevel=200000000, payoutCreditLevel=1000, cashoutBalance=0, commisionBalance=0]
[2015-05-29 17:13:37,190][Test worker][DEBUG][CommonFacadeService] Prepare to publish message to exchange[TE.200] with routing key[TE.CANCEL.200.14]: origTrans {
  id: "0115052900000000001862"
  dev_id: "111"
  operator_id: "OPERATOR-111"
  merchant_id: "111"
  create_time: 1432890817000
  trans_type: 200
  game_id: "RA-1"
  game_type: 14
  total_amount: "300"
}
cancelTrans {
  id: "0115052900000000001865"
  dev_id: "111"
  operator_id: "OPERATOR-111"
  merchant_id: "111"
  create_time: 1432890817000
  trans_type: 201
  game_id: "RA-1"
  game_type: 14
  total_amount: "300"
}

[2015-05-29 17:13:37,190][Test worker][DEBUG][CommonFacadeService] Publish message successfully
[2015-05-29 17:13:37,190][Test worker][DEBUG][ProtocolSerializer] Finish mac(macKey=P2Bbo6+bSSR9O2Qc89f3b4oHTyE1V2gF,macString=Protocal-Version:1.5|GPE_Id:GPE-111|Terminal-Id:111|Operator-Id:OPERATOR-111|Trans-BatchNumber:20150529|TractMsg-Id:1432890817139|Timestamp:20150529171337|Transaction-Type:4201|Transaction-Id:0115052900000000001865|Response-Code:200|):5299b1f83866659726019fec5632ada7
[2015-05-29 17:13:37,190][Test worker][DEBUG][BaseServletIntegrationTest] Got response(code=200,length=0): 
[2015-05-29 17:13:37,211][Test worker][DEBUG][TEPortServlet] Startup job scheduer(org.quartz.impl.StdScheduler@4d1e5820) successfully.
[2015-05-29 17:13:37,211][Test worker][WARN ][TEPortServlet] can NOT find META file:F:\project\M.Lottery\TE\TRUNK_TE\sourcecode\build\classes\main\META-INF\MANIFEST.MF
[2015-05-29 17:13:37,211][Test worker][DEBUG][TEPortServlet] Register MBean(com.mpos.lottery.te.common.jmx.TransactionTimeout@7a270de1) with name(com.mpos.lottery.te:type=TransactionTimeoutMBean) successfully.
[2015-05-29 17:13:37,211][Test worker][DEBUG][BaseTransactionalIntegrationTest] Retrieve a ApplicationContext(org.springframework.web.context.support.GenericWebApplicationContext@34f645a8: startup date [Fri May 29 17:12:38 CST 2015]; root of context hierarchy).
[2015-05-29 17:13:37,212][Test worker][INFO ][BaseTransactionalIntegrationTest] +------------------------------------------------------------------------------------------------------------------------+
[2015-05-29 17:13:37,212][Test worker][INFO ][BaseTransactionalIntegrationTest] | RaffleSaleCancellationIntegrationTest.testCancelByTransaction_OK                                                       |
[2015-05-29 17:13:37,212][Test worker][INFO ][BaseTransactionalIntegrationTest] +------------------------------------------------------------------------------------------------------------------------+
[2015-05-29 17:13:37,212][Test worker][DEBUG][MLotteryContext] find mapping file definition(xml-mapping/game/raffle/SellTicket_Req.xml) by key(14.transtype.200).
[2015-05-29 17:13:37,212][Test worker][DEBUG][CastorHelper] Finish marshaling input(typeclass com.mpos.lottery.te.gameimpl.raffle.sale.RaffleTicket, mappingFile=xml-mapping/game/raffle/SellTicket_Req.xml).
[2015-05-29 17:13:37,213][Test worker][DEBUG][BaseServletIntegrationTest] Do MAC(key=P2Bbo6+bSSR9O2Qc89f3b4oHTyE1V2gF) on (Protocal-Version:1.5|GPE_Id:GPE-111|Terminal-Id:111|Operator-Id:OPERATOR-111|Trans-BatchNumber:20150529|TractMsg-Id:1432890817212|Timestamp:20150529171337|Transaction-Type:200|Transaction-Id:|Response-Code:|<?xml version="1.0" encoding="UTF-8"?>
<Ticket multipleDraws="1" totalAmount="300.0" PIN="!!!!"><GameDraw number="11002" gameId="RA-1"/><Entry selectedNumber="PLAY" betOption="1" inputChannel="0" totalBets="3"/><User mobile="13413148084"/></Ticket>,hash=1395194734), get digest:ac420817cfbe995d3b3e56d9366d7795
[2015-05-29 17:13:37,213][Test worker][DEBUG][TEPortServlet] Got request header(name=X-Transaction-Type, value=200).
[2015-05-29 17:13:37,213][Test worker][DEBUG][TEPortServlet] Got request header(name=X-Protocal-Version, value=1.5).
[2015-05-29 17:13:37,213][Test worker][DEBUG][TEPortServlet] Got request header(name=X-Timestamp, value=20150529171337).
[2015-05-29 17:13:37,213][Test worker][DEBUG][TEPortServlet] Got request header(name=X-GPE-Id, value=GPE-111).
[2015-05-29 17:13:37,213][Test worker][DEBUG][TEPortServlet] Got request header(name=X-Trace-Message-Id, value=1432890817212).
[2015-05-29 17:13:37,213][Test worker][DEBUG][TEPortServlet] Got request header(name=X-Operator-Id, value=OPERATOR-111).
[2015-05-29 17:13:37,213][Test worker][DEBUG][TEPortServlet] Got request header(name=X-Terminal-Id, value=111).
[2015-05-29 17:13:37,213][Test worker][DEBUG][TEPortServlet] Got request header(name=X-MAC, value=ac420817cfbe995d3b3e56d9366d7795).
[2015-05-29 17:13:37,213][Test worker][DEBUG][TEPortServlet] Got request header(name=X-Game-Type-Id, value=14).
[2015-05-29 17:13:37,213][Test worker][DEBUG][TEPortServlet] Got request header(name=X-Trans-BatchNumber, value=20150529).
[2015-05-29 17:13:37,213][Test worker][DEBUG][TEPortServlet] Got request header(name=X-GPS-Location, value=40.714353,-74.005973).
[2015-05-29 17:13:37,215][Test worker][DEBUG][TEPortServlet] Got request from localhost, and the message body is:pq3FqO8HCcAnaobA+xpVnADmrnwj1vrK59BGhqvtskYFWTsa2cbe6vvj1C28m6E+ybhcq2GHfnfSvzUuvi5gIW+x7OzQghYnuO2taDRjXWCxHHHe4Qt36fAfFB33rSVDACrbWnPg/DemXvJASO7iCKDoerUdoNirWoWx/tuRp8rFDc9DSG/sc1zXNJ9x4jg1Lh5BhuppVXZT4TUu1f8LNi2fZBoWUe9vohg6v/i2oBMY2i4FHRTo8/+Vjv/KjDZF6VT+BC81nkVNclPtrK1/nPvDCYIPp4P06FbQBLWrcQluC8WNZLo/ch+/NOksJ4YjRPVxJ8xXPP+32ZGQrg5L0w==.
[2015-05-29 17:13:37,215][Test worker][DEBUG][ProtocolSerializer] Start to deserialize request context(Protocal-Version:1.5|GPE_Id:GPE-111|Terminal-Id:111|Operator-Id:OPERATOR-111|Trans-BatchNumber:20150529|TractMsg-Id:1432890817212|Timestamp:20150529171337|Transaction-Type:200|Transaction-Id:|Response-Code:|).
[2015-05-29 17:13:37,215][Test worker][DEBUG][ProtocolSerializer] Finish decrypting cipher into original xml:<?xml version="1.0" encoding="UTF-8"?>
<Ticket multipleDraws="1" totalAmount="300.0" PIN="!!!!"><GameDraw number="11002" gameId="RA-1"/><Entry selectedNumber="PLAY" betOption="1" inputChannel="0" totalBets="3"/><User mobile="13413148084"/></Ticket>
[2015-05-29 17:13:37,215][Test worker][DEBUG][ProtocolSerializer] Start to do MAC(key=P2Bbo6+bSSR9O2Qc89f3b4oHTyE1V2gF) on (Protocal-Version:1.5|GPE_Id:GPE-111|Terminal-Id:111|Operator-Id:OPERATOR-111|Trans-BatchNumber:20150529|TractMsg-Id:1432890817212|Timestamp:20150529171337|Transaction-Type:200|Transaction-Id:|Response-Code:|<?xml version="1.0" encoding="UTF-8"?>
<Ticket multipleDraws="1" totalAmount="300.0" PIN="!!!!"><GameDraw number="11002" gameId="RA-1"/><Entry selectedNumber="PLAY" betOption="1" inputChannel="0" totalBets="3"/><User mobile="13413148084"/></Ticket>,hash=1395194734), get digest:ac420817cfbe995d3b3e56d9366d7795
[2015-05-29 17:13:37,215][Test worker][DEBUG][MLotteryContext] find mapping file definition(xml-mapping/game/raffle/SellTicket_Req.xml) by key(14.transtype.200).
[2015-05-29 17:13:37,215][Test worker][DEBUG][ProtocolSerializer] Start to deserialize model: model=null,mappingFile=xml-mapping/game/raffle/SellTicket_Req.xml
[2015-05-29 17:13:37,215][Test worker][DEBUG][MLotteryContext] find mapping file definition(xml-mapping/game/raffle/SellTicket_Req.xml) by key(14.transtype.200).
[2015-05-29 17:13:37,228][Test worker][DEBUG][RoutineRegistry] Try to lookup handler by routine key(14_200_1.5.0).
[2015-05-29 17:13:37,229][Test worker][DEBUG][RoutineRegistry] Try to lookup handler by routine key(14_200_).
[2015-05-29 17:13:37,229][Test worker][DEBUG][RoutineRegistry] Lookup controller by key(14_200_), found controller(com.mpos.lottery.te.gameimpl.raffle.RaffleController@5c665955) and method(public void com.mpos.lottery.te.gameimpl.raffle.RaffleController.sell(com.mpos.lottery.te.port.Context,com.mpos.lottery.te.port.Context) throws com.mpos.lottery.te.config.exception.ApplicationException).
[2015-05-29 17:13:37,236][Test worker][INFO ][AbstractGameInstanceService] No channel game instance time definiton found, ignore it.
[2015-05-29 17:13:37,236][Test worker][DEBUG][UUIDServiceImpl] Assemble a new ticket serial number:01111745419300014929
[2015-05-29 17:13:37,240][Test worker][DEBUG][DefaultTicketValidator] THe max allowed multi-draw of operation parameter is 10, merchant limit to 3, the smaller 3 will be used.
[2015-05-29 17:13:37,257][Test worker][DEBUG][DefaultBalanceService] Operator before transaction -  Operator [id=OPERATOR-111, loginName=OPERATOR-LOGIN, creditType=1, saleCreditLevel=200000000, payoutCreditLevel=1000, cashoutBalance=0, commisionBalance=0]
[2015-05-29 17:13:37,257][Test worker][DEBUG][DefaultBalanceService] Found balance strategy:com.mpos.lottery.te.merchant.service.balance.SaleBalanceStrategy@e1f8aba
[2015-05-29 17:13:37,257][Test worker][DEBUG][DefaultBalanceService] Operator after transaction -  Operator [id=OPERATOR-111, loginName=OPERATOR-LOGIN, creditType=1, saleCreditLevel=199999700.0, payoutCreditLevel=1000, cashoutBalance=0, commisionBalance=0]
[2015-05-29 17:13:37,264][Test worker][WARN ][BaseJpaDao] Should be at most only 1 entity(com.mpos.lottery.te.merchant.domain.OperatorCommission) found, however total 2 entities found... the 1st entity(com.mpos.lottery.te.merchant.domain.OperatorCommission@758c7113) will be returned.
[2015-05-29 17:13:37,270][Test worker][DEBUG][CommonFacadeService] Prepare to publish message to exchange[TE.200] with routing key[TE.200.14]: transaction {
  id: "0115052900000000001866"
  dev_id: "111"
  operator_id: "OPERATOR-111"
  merchant_id: "111"
  create_time: 1432890817000
  trans_type: 200
  game_id: "RA-1"
  game_type: 14
  total_amount: "300.0"
}
multi_draw: 1
total_amount: "300.0"
serial_no: "y013eOifYgJT2yVTInjEouOg93LWh++P"
game_instance {
  id: "GII-112"
}

[2015-05-29 17:13:37,270][Test worker][DEBUG][CommonFacadeService] Publish message successfully
[2015-05-29 17:13:37,271][Test worker][DEBUG][MLotteryContext] find mapping file definition(xml-mapping/game/raffle/SellTicket_Res.xml) by key(14.transtype.4200).
[2015-05-29 17:13:37,271][Test worker][DEBUG][ProtocolSerializer] Start to serialize model(class com.mpos.lottery.te.gameimpl.raffle.sale.RaffleTicket),mappingFile=xml-mapping/game/raffle/SellTicket_Res.xml
[2015-05-29 17:13:37,271][Test worker][DEBUG][MLotteryContext] find mapping file definition(xml-mapping/game/raffle/SellTicket_Res.xml) by key(14.transtype.4200).
[2015-05-29 17:13:37,271][Test worker][DEBUG][CastorHelper] Finish marshaling input(typeclass com.mpos.lottery.te.gameimpl.raffle.sale.RaffleTicket, mappingFile=xml-mapping/game/raffle/SellTicket_Res.xml).
[2015-05-29 17:13:37,272][Test worker][DEBUG][ProtocolSerializer] Finish mac(macKey=P2Bbo6+bSSR9O2Qc89f3b4oHTyE1V2gF,macString=Protocal-Version:1.5|GPE_Id:GPE-111|Terminal-Id:111|Operator-Id:OPERATOR-111|Trans-BatchNumber:20150529|TractMsg-Id:1432890817212|Timestamp:20150529171337|Transaction-Type:4200|Transaction-Id:0115052900000000001866|Response-Code:200|<?xml version="1.0" encoding="UTF-8"?>
<Ticket serialNo="01111745419300014929" type="1" lastDrawNo="11002" barcode="14cK/u9hwZY2Rogq4k24Oeg4G3HSlAl9EbjLdf+UJJlt9Se2CWmp8xaptZN72BVCQQMj4IQJkPgdI=" validationCode="713828" multipleDraws="1" totalBets="3" totalAmount="300.0"><GameDraw number="11002" gameId="RA-1"/></Ticket>):2aee4e1569bff6a8abfc4756285d5a7a
[2015-05-29 17:13:37,272][Test worker][DEBUG][TEPortServlet] Write response to client(host1=localhost,sizeOfPack=440) succesfully.
[2015-05-29 17:13:37,272][Test worker][DEBUG][BaseServletIntegrationTest] Got response(code=200,length=440): <?xml version="1.0" encoding="UTF-8"?>
<Ticket serialNo="01111745419300014929" type="1" lastDrawNo="11002" barcode="14cK/u9hwZY2Rogq4k24Oeg4G3HSlAl9EbjLdf+UJJlt9Se2CWmp8xaptZN72BVCQQMj4IQJkPgdI=" validationCode="713828" multipleDraws="1" totalBets="3" totalAmount="300.0"><GameDraw number="11002" gameId="RA-1"/></Ticket>
[2015-05-29 17:13:37,272][Test worker][DEBUG][MLotteryContext] find mapping file definition(xml-mapping/game/raffle/SellTicket_Res.xml) by key(14.transtype.4200).
[2015-05-29 17:13:37,279][Test worker][DEBUG][MLotteryContext] find mapping file definition(xml-mapping/TransactionEnquiry_Req.xml) by key(transtype.206).
[2015-05-29 17:13:37,279][Test worker][DEBUG][CastorHelper] Finish marshaling input(typeclass com.mpos.lottery.te.trans.domain.Transaction, mappingFile=xml-mapping/TransactionEnquiry_Req.xml).
[2015-05-29 17:13:37,279][Test worker][DEBUG][BaseServletIntegrationTest] Do MAC(key=P2Bbo6+bSSR9O2Qc89f3b4oHTyE1V2gF) on (Protocal-Version:1.5|GPE_Id:GPE-111|Terminal-Id:111|Operator-Id:OPERATOR-111|Trans-BatchNumber:20150529|TractMsg-Id:1432890817279|Timestamp:20150529171337|Transaction-Type:206|Transaction-Id:|Response-Code:|<?xml version="1.0" encoding="UTF-8"?>
<Transaction terminalId="111" traceMessageId="1432890817212"/>,hash=-1004916383), get digest:baf05570cf0b3917976b19200fbc6e0b
[2015-05-29 17:13:37,279][Test worker][DEBUG][TEPortServlet] Got request header(name=X-Transaction-Type, value=206).
[2015-05-29 17:13:37,280][Test worker][DEBUG][TEPortServlet] Got request header(name=X-Protocal-Version, value=1.5).
[2015-05-29 17:13:37,280][Test worker][DEBUG][TEPortServlet] Got request header(name=X-Timestamp, value=20150529171337).
[2015-05-29 17:13:37,280][Test worker][DEBUG][TEPortServlet] Got request header(name=X-GPE-Id, value=GPE-111).
[2015-05-29 17:13:37,280][Test worker][DEBUG][TEPortServlet] Got request header(name=X-Trace-Message-Id, value=1432890817279).
[2015-05-29 17:13:37,280][Test worker][DEBUG][TEPortServlet] Got request header(name=X-Operator-Id, value=OPERATOR-111).
[2015-05-29 17:13:37,280][Test worker][DEBUG][TEPortServlet] Got request header(name=X-Terminal-Id, value=111).
[2015-05-29 17:13:37,280][Test worker][DEBUG][TEPortServlet] Got request header(name=X-MAC, value=baf05570cf0b3917976b19200fbc6e0b).
[2015-05-29 17:13:37,280][Test worker][DEBUG][TEPortServlet] Got request header(name=X-Game-Type-Id, value=-1).
[2015-05-29 17:13:37,280][Test worker][DEBUG][TEPortServlet] Got request header(name=X-Trans-BatchNumber, value=20150529).
[2015-05-29 17:13:37,280][Test worker][DEBUG][TEPortServlet] Got request header(name=X-GPS-Location, value=40.714353,-74.005973).
[2015-05-29 17:13:37,281][Test worker][DEBUG][TEPortServlet] Got request from localhost, and the message body is:pq3FqO8HCcAnaobA+xpVnADmrnwj1vrK59BGhqvtskYFWTsa2cbe6jcIE4b0pl+ogrA4SMNVUFtCb0VnctvqFZ4g+Dv1D5Fz4ERoX4gVmzFJ1yZK27DdH4lR4D+89XTM1Hd0+/gsBiA=.
[2015-05-29 17:13:37,281][Test worker][DEBUG][ProtocolSerializer] Start to deserialize request context(Protocal-Version:1.5|GPE_Id:GPE-111|Terminal-Id:111|Operator-Id:OPERATOR-111|Trans-BatchNumber:20150529|TractMsg-Id:1432890817279|Timestamp:20150529171337|Transaction-Type:206|Transaction-Id:|Response-Code:|).
[2015-05-29 17:13:37,281][Test worker][DEBUG][ProtocolSerializer] Finish decrypting cipher into original xml:<?xml version="1.0" encoding="UTF-8"?>
<Transaction terminalId="111" traceMessageId="1432890817212"/>
[2015-05-29 17:13:37,281][Test worker][DEBUG][ProtocolSerializer] Start to do MAC(key=P2Bbo6+bSSR9O2Qc89f3b4oHTyE1V2gF) on (Protocal-Version:1.5|GPE_Id:GPE-111|Terminal-Id:111|Operator-Id:OPERATOR-111|Trans-BatchNumber:20150529|TractMsg-Id:1432890817279|Timestamp:20150529171337|Transaction-Type:206|Transaction-Id:|Response-Code:|<?xml version="1.0" encoding="UTF-8"?>
<Transaction terminalId="111" traceMessageId="1432890817212"/>,hash=-1004916383), get digest:baf05570cf0b3917976b19200fbc6e0b
[2015-05-29 17:13:37,282][Test worker][DEBUG][MLotteryContext] find mapping file definition(xml-mapping/TransactionEnquiry_Req.xml) by key(transtype.206).
[2015-05-29 17:13:37,282][Test worker][DEBUG][ProtocolSerializer] Start to deserialize model: model=null,mappingFile=xml-mapping/TransactionEnquiry_Req.xml
[2015-05-29 17:13:37,282][Test worker][DEBUG][MLotteryContext] find mapping file definition(xml-mapping/TransactionEnquiry_Req.xml) by key(transtype.206).
[2015-05-29 17:13:37,290][Test worker][DEBUG][RoutineRegistry] Try to lookup handler by routine key(-1_206_1.5.0).
[2015-05-29 17:13:37,291][Test worker][DEBUG][RoutineRegistry] Try to lookup handler by routine key(-1_206_).
[2015-05-29 17:13:37,291][Test worker][DEBUG][RoutineRegistry] Lookup controller by key(-1_206_), found controller(com.mpos.lottery.te.trans.TransactionController@53ddecd8) and method(public void com.mpos.lottery.te.trans.TransactionController.cancelByTrans(com.mpos.lottery.te.port.Context,com.mpos.lottery.te.port.Context) throws com.mpos.lottery.te.config.exception.ApplicationException).
[2015-05-29 17:13:37,295][Test worker][DEBUG][ReversalOrCancelStrategyFactory] Found ReversalStrategy(class com.mpos.lottery.te.gameimpl.raffle.sale.service.RaffleTicketService) to cancel transaction(gameType=14,terminalId=111,transType=200,protocolVersion=1.5.0).
[2015-05-29 17:13:37,307][Test worker][DEBUG][DefaultBalanceService] Operator before transaction -  Operator [id=OPERATOR-111, loginName=OPERATOR-LOGIN, creditType=1, saleCreditLevel=199999700, payoutCreditLevel=1000, cashoutBalance=0, commisionBalance=0]
[2015-05-29 17:13:37,307][Test worker][DEBUG][DefaultBalanceService] Found balance strategy:com.mpos.lottery.te.merchant.service.balance.SaleBalanceStrategy@e1f8aba
[2015-05-29 17:13:37,307][Test worker][DEBUG][DefaultBalanceService] Operator after transaction -  Operator [id=OPERATOR-111, loginName=OPERATOR-LOGIN, creditType=1, saleCreditLevel=200000000, payoutCreditLevel=1000, cashoutBalance=0, commisionBalance=0]
[2015-05-29 17:13:37,317][Test worker][DEBUG][CommonFacadeService] Prepare to publish message to exchange[TE.200] with routing key[TE.CANCEL.200.14]: origTrans {
  id: "0115052900000000001866"
  dev_id: "111"
  operator_id: "OPERATOR-111"
  merchant_id: "111"
  create_time: 1432890817000
  trans_type: 200
  game_id: "RA-1"
  game_type: 14
  total_amount: "300"
}
cancelTrans {
  id: "0115052900000000001869"
  dev_id: "111"
  operator_id: "OPERATOR-111"
  merchant_id: "111"
  create_time: 1432890817000
  trans_type: 206
  game_id: "RA-1"
  game_type: 14
  total_amount: "300"
}

[2015-05-29 17:13:37,317][Test worker][DEBUG][CommonFacadeService] Publish message successfully
[2015-05-29 17:13:37,317][Test worker][DEBUG][ProtocolSerializer] Finish mac(macKey=P2Bbo6+bSSR9O2Qc89f3b4oHTyE1V2gF,macString=Protocal-Version:1.5|GPE_Id:GPE-111|Terminal-Id:111|Operator-Id:OPERATOR-111|Trans-BatchNumber:20150529|TractMsg-Id:1432890817279|Timestamp:20150529171337|Transaction-Type:4206|Transaction-Id:0115052900000000001869|Response-Code:200|):44bf8486022ead6131bb1c97f7547c48
[2015-05-29 17:13:37,317][Test worker][DEBUG][BaseServletIntegrationTest] Got response(code=200,length=0): 
[2015-05-29 17:13:37,337][Test worker][DEBUG][TEPortServlet] Startup job scheduer(org.quartz.impl.StdScheduler@4d1e5820) successfully.
[2015-05-29 17:13:37,337][Test worker][WARN ][TEPortServlet] can NOT find META file:F:\project\M.Lottery\TE\TRUNK_TE\sourcecode\build\classes\main\META-INF\MANIFEST.MF
[2015-05-29 17:13:37,337][Test worker][DEBUG][TEPortServlet] Register MBean(com.mpos.lottery.te.common.jmx.TransactionTimeout@56329143) with name(com.mpos.lottery.te:type=TransactionTimeoutMBean) successfully.
[2015-05-29 17:13:37,338][Test worker][DEBUG][BaseTransactionalIntegrationTest] Retrieve a ApplicationContext(org.springframework.web.context.support.GenericWebApplicationContext@34f645a8: startup date [Fri May 29 17:12:38 CST 2015]; root of context hierarchy).
[2015-05-29 17:13:37,338][Test worker][INFO ][BaseTransactionalIntegrationTest] +------------------------------------------------------------------------------------------------------------------------+
[2015-05-29 17:13:37,338][Test worker][INFO ][BaseTransactionalIntegrationTest] | RaffleSaleCancellationIntegrationTest.testCancelByTicket_Declined                                                      |
[2015-05-29 17:13:37,338][Test worker][INFO ][BaseTransactionalIntegrationTest] +------------------------------------------------------------------------------------------------------------------------+
[2015-05-29 17:13:37,338][Test worker][DEBUG][MLotteryContext] find mapping file definition(xml-mapping/game/raffle/SellTicket_Req.xml) by key(14.transtype.200).
[2015-05-29 17:13:37,339][Test worker][DEBUG][CastorHelper] Finish marshaling input(typeclass com.mpos.lottery.te.gameimpl.raffle.sale.RaffleTicket, mappingFile=xml-mapping/game/raffle/SellTicket_Req.xml).
[2015-05-29 17:13:37,339][Test worker][DEBUG][BaseServletIntegrationTest] Do MAC(key=P2Bbo6+bSSR9O2Qc89f3b4oHTyE1V2gF) on (Protocal-Version:1.5|GPE_Id:GPE-111|Terminal-Id:111|Operator-Id:OPERATOR-111|Trans-BatchNumber:20150529|TractMsg-Id:1432890817338|Timestamp:20150529171337|Transaction-Type:200|Transaction-Id:|Response-Code:|<?xml version="1.0" encoding="UTF-8"?>
<Ticket multipleDraws="1" totalAmount="300.0" PIN="!!!!"><GameDraw number="11002" gameId="RA-1"/><Entry selectedNumber="PLAY" betOption="1" inputChannel="0" totalBets="3"/><User mobile="13413148084"/></Ticket>,hash=591257523), get digest:00dc16c65042fef6a2eebc56534a9909
[2015-05-29 17:13:37,339][Test worker][DEBUG][TEPortServlet] Got request header(name=X-Transaction-Type, value=200).
[2015-05-29 17:13:37,339][Test worker][DEBUG][TEPortServlet] Got request header(name=X-Protocal-Version, value=1.5).
[2015-05-29 17:13:37,339][Test worker][DEBUG][TEPortServlet] Got request header(name=X-Timestamp, value=20150529171337).
[2015-05-29 17:13:37,339][Test worker][DEBUG][TEPortServlet] Got request header(name=X-GPE-Id, value=GPE-111).
[2015-05-29 17:13:37,339][Test worker][DEBUG][TEPortServlet] Got request header(name=X-Trace-Message-Id, value=1432890817338).
[2015-05-29 17:13:37,339][Test worker][DEBUG][TEPortServlet] Got request header(name=X-Operator-Id, value=OPERATOR-111).
[2015-05-29 17:13:37,339][Test worker][DEBUG][TEPortServlet] Got request header(name=X-Terminal-Id, value=111).
[2015-05-29 17:13:37,339][Test worker][DEBUG][TEPortServlet] Got request header(name=X-MAC, value=00dc16c65042fef6a2eebc56534a9909).
[2015-05-29 17:13:37,339][Test worker][DEBUG][TEPortServlet] Got request header(name=X-Game-Type-Id, value=14).
[2015-05-29 17:13:37,339][Test worker][DEBUG][TEPortServlet] Got request header(name=X-Trans-BatchNumber, value=20150529).
[2015-05-29 17:13:37,339][Test worker][DEBUG][TEPortServlet] Got request header(name=X-GPS-Location, value=40.714353,-74.005973).
[2015-05-29 17:13:37,341][Test worker][DEBUG][TEPortServlet] Got request from localhost, and the message body is:pq3FqO8HCcAnaobA+xpVnADmrnwj1vrK59BGhqvtskYFWTsa2cbe6vvj1C28m6E+ybhcq2GHfnfSvzUuvi5gIW+x7OzQghYnuO2taDRjXWCxHHHe4Qt36fAfFB33rSVDACrbWnPg/DemXvJASO7iCKDoerUdoNirWoWx/tuRp8rFDc9DSG/sc1zXNJ9x4jg1Lh5BhuppVXZT4TUu1f8LNi2fZBoWUe9vohg6v/i2oBMY2i4FHRTo8/+Vjv/KjDZF6VT+BC81nkVNclPtrK1/nPvDCYIPp4P06FbQBLWrcQluC8WNZLo/ch+/NOksJ4YjRPVxJ8xXPP+32ZGQrg5L0w==.
[2015-05-29 17:13:37,341][Test worker][DEBUG][ProtocolSerializer] Start to deserialize request context(Protocal-Version:1.5|GPE_Id:GPE-111|Terminal-Id:111|Operator-Id:OPERATOR-111|Trans-BatchNumber:20150529|TractMsg-Id:1432890817338|Timestamp:20150529171337|Transaction-Type:200|Transaction-Id:|Response-Code:|).
[2015-05-29 17:13:37,341][Test worker][DEBUG][ProtocolSerializer] Finish decrypting cipher into original xml:<?xml version="1.0" encoding="UTF-8"?>
<Ticket multipleDraws="1" totalAmount="300.0" PIN="!!!!"><GameDraw number="11002" gameId="RA-1"/><Entry selectedNumber="PLAY" betOption="1" inputChannel="0" totalBets="3"/><User mobile="13413148084"/></Ticket>
[2015-05-29 17:13:37,341][Test worker][DEBUG][ProtocolSerializer] Start to do MAC(key=P2Bbo6+bSSR9O2Qc89f3b4oHTyE1V2gF) on (Protocal-Version:1.5|GPE_Id:GPE-111|Terminal-Id:111|Operator-Id:OPERATOR-111|Trans-BatchNumber:20150529|TractMsg-Id:1432890817338|Timestamp:20150529171337|Transaction-Type:200|Transaction-Id:|Response-Code:|<?xml version="1.0" encoding="UTF-8"?>
<Ticket multipleDraws="1" totalAmount="300.0" PIN="!!!!"><GameDraw number="11002" gameId="RA-1"/><Entry selectedNumber="PLAY" betOption="1" inputChannel="0" totalBets="3"/><User mobile="13413148084"/></Ticket>,hash=591257523), get digest:00dc16c65042fef6a2eebc56534a9909
[2015-05-29 17:13:37,341][Test worker][DEBUG][MLotteryContext] find mapping file definition(xml-mapping/game/raffle/SellTicket_Req.xml) by key(14.transtype.200).
[2015-05-29 17:13:37,341][Test worker][DEBUG][ProtocolSerializer] Start to deserialize model: model=null,mappingFile=xml-mapping/game/raffle/SellTicket_Req.xml
[2015-05-29 17:13:37,341][Test worker][DEBUG][MLotteryContext] find mapping file definition(xml-mapping/game/raffle/SellTicket_Req.xml) by key(14.transtype.200).
[2015-05-29 17:13:37,353][Test worker][DEBUG][RoutineRegistry] Try to lookup handler by routine key(14_200_1.5.0).
[2015-05-29 17:13:37,353][Test worker][DEBUG][RoutineRegistry] Try to lookup handler by routine key(14_200_).
[2015-05-29 17:13:37,353][Test worker][DEBUG][RoutineRegistry] Lookup controller by key(14_200_), found controller(com.mpos.lottery.te.gameimpl.raffle.RaffleController@5c665955) and method(public void com.mpos.lottery.te.gameimpl.raffle.RaffleController.sell(com.mpos.lottery.te.port.Context,com.mpos.lottery.te.port.Context) throws com.mpos.lottery.te.config.exception.ApplicationException).
[2015-05-29 17:13:37,360][Test worker][INFO ][AbstractGameInstanceService] No channel game instance time definiton found, ignore it.
[2015-05-29 17:13:37,360][Test worker][DEBUG][UUIDServiceImpl] Assemble a new ticket serial number:01111745419300015046
[2015-05-29 17:13:37,364][Test worker][DEBUG][DefaultTicketValidator] THe max allowed multi-draw of operation parameter is 10, merchant limit to 3, the smaller 3 will be used.
[2015-05-29 17:13:37,373][Test worker][DEBUG][DefaultBalanceService] Operator before transaction -  Operator [id=OPERATOR-111, loginName=OPERATOR-LOGIN, creditType=1, saleCreditLevel=200000000, payoutCreditLevel=1000, cashoutBalance=0, commisionBalance=0]
[2015-05-29 17:13:37,373][Test worker][DEBUG][DefaultBalanceService] Found balance strategy:com.mpos.lottery.te.merchant.service.balance.SaleBalanceStrategy@e1f8aba
[2015-05-29 17:13:37,374][Test worker][DEBUG][DefaultBalanceService] Operator after transaction -  Operator [id=OPERATOR-111, loginName=OPERATOR-LOGIN, creditType=1, saleCreditLevel=199999700.0, payoutCreditLevel=1000, cashoutBalance=0, commisionBalance=0]
[2015-05-29 17:13:37,376][Test worker][WARN ][BaseJpaDao] Should be at most only 1 entity(com.mpos.lottery.te.merchant.domain.OperatorCommission) found, however total 2 entities found... the 1st entity(com.mpos.lottery.te.merchant.domain.OperatorCommission@4a2fc535) will be returned.
[2015-05-29 17:13:37,382][Test worker][DEBUG][CommonFacadeService] Prepare to publish message to exchange[TE.200] with routing key[TE.200.14]: transaction {
  id: "0115052900000000001870"
  dev_id: "111"
  operator_id: "OPERATOR-111"
  merchant_id: "111"
  create_time: 1432890817000
  trans_type: 200
  game_id: "RA-1"
  game_type: 14
  total_amount: "300.0"
}
multi_draw: 1
total_amount: "300.0"
serial_no: "y013eOifYgJT2yVTInjEovwE38/vMoeZ"
game_instance {
  id: "GII-112"
}

[2015-05-29 17:13:37,382][Test worker][DEBUG][CommonFacadeService] Publish message successfully
[2015-05-29 17:13:37,383][Test worker][DEBUG][MLotteryContext] find mapping file definition(xml-mapping/game/raffle/SellTicket_Res.xml) by key(14.transtype.4200).
[2015-05-29 17:13:37,383][Test worker][DEBUG][ProtocolSerializer] Start to serialize model(class com.mpos.lottery.te.gameimpl.raffle.sale.RaffleTicket),mappingFile=xml-mapping/game/raffle/SellTicket_Res.xml
[2015-05-29 17:13:37,383][Test worker][DEBUG][MLotteryContext] find mapping file definition(xml-mapping/game/raffle/SellTicket_Res.xml) by key(14.transtype.4200).
[2015-05-29 17:13:37,383][Test worker][DEBUG][CastorHelper] Finish marshaling input(typeclass com.mpos.lottery.te.gameimpl.raffle.sale.RaffleTicket, mappingFile=xml-mapping/game/raffle/SellTicket_Res.xml).
[2015-05-29 17:13:37,383][Test worker][DEBUG][ProtocolSerializer] Finish mac(macKey=P2Bbo6+bSSR9O2Qc89f3b4oHTyE1V2gF,macString=Protocal-Version:1.5|GPE_Id:GPE-111|Terminal-Id:111|Operator-Id:OPERATOR-111|Trans-BatchNumber:20150529|TractMsg-Id:1432890817338|Timestamp:20150529171337|Transaction-Type:4200|Transaction-Id:0115052900000000001870|Response-Code:200|<?xml version="1.0" encoding="UTF-8"?>
<Ticket serialNo="01111745419300015046" type="1" lastDrawNo="11002" barcode="14cK/u9hwZY2Rogq4k24Oeg4G3HSlAl9EbjLdf+UJJlt9Se2CWmp8xaptZN72BVCQQtVvBhaUDfOQ=" validationCode="191072" multipleDraws="1" totalBets="3" totalAmount="300.0"><GameDraw number="11002" gameId="RA-1"/></Ticket>):fc5dff812a9355ba401c47d7d4c69844
[2015-05-29 17:13:37,383][Test worker][DEBUG][TEPortServlet] Write response to client(host1=localhost,sizeOfPack=440) succesfully.
[2015-05-29 17:13:37,384][Test worker][DEBUG][BaseServletIntegrationTest] Got response(code=200,length=440): <?xml version="1.0" encoding="UTF-8"?>
<Ticket serialNo="01111745419300015046" type="1" lastDrawNo="11002" barcode="14cK/u9hwZY2Rogq4k24Oeg4G3HSlAl9EbjLdf+UJJlt9Se2CWmp8xaptZN72BVCQQtVvBhaUDfOQ=" validationCode="191072" multipleDraws="1" totalBets="3" totalAmount="300.0"><GameDraw number="11002" gameId="RA-1"/></Ticket>
[2015-05-29 17:13:37,384][Test worker][DEBUG][MLotteryContext] find mapping file definition(xml-mapping/game/raffle/SellTicket_Res.xml) by key(14.transtype.4200).
[2015-05-29 17:13:37,391][Test worker][DEBUG][MLotteryContext] find mapping file definition(xml-mapping/game/raffle/CancelTicket_Req.xml) by key(14.transtype.201).
[2015-05-29 17:13:37,391][Test worker][DEBUG][CastorHelper] Finish marshaling input(typeclass com.mpos.lottery.te.gameimpl.raffle.sale.RaffleTicket, mappingFile=xml-mapping/game/raffle/CancelTicket_Req.xml).
[2015-05-29 17:13:37,392][Test worker][DEBUG][BaseServletIntegrationTest] Do MAC(key=P2Bbo6+bSSR9O2Qc89f3b4oHTyE1V2gF) on (Protocal-Version:1.5|GPE_Id:GPE-111|Terminal-Id:111|Operator-Id:OPERATOR-111|Trans-BatchNumber:20150529|TractMsg-Id:1432890817391|Timestamp:20150529171337|Transaction-Type:201|Transaction-Id:|Response-Code:|<?xml version="1.0" encoding="UTF-8"?>
<Ticket serialNo="01111745419300015046" isMannul="0"/>,hash=-1130227695), get digest:d6763e36d460b40f8712931bda109581
[2015-05-29 17:13:37,392][Test worker][DEBUG][TEPortServlet] Got request header(name=X-Transaction-Type, value=201).
[2015-05-29 17:13:37,392][Test worker][DEBUG][TEPortServlet] Got request header(name=X-Protocal-Version, value=1.5).
[2015-05-29 17:13:37,392][Test worker][DEBUG][TEPortServlet] Got request header(name=X-Timestamp, value=20150529171337).
[2015-05-29 17:13:37,392][Test worker][DEBUG][TEPortServlet] Got request header(name=X-GPE-Id, value=GPE-111).
[2015-05-29 17:13:37,392][Test worker][DEBUG][TEPortServlet] Got request header(name=X-Trace-Message-Id, value=1432890817391).
[2015-05-29 17:13:37,392][Test worker][DEBUG][TEPortServlet] Got request header(name=X-Operator-Id, value=OPERATOR-111).
[2015-05-29 17:13:37,392][Test worker][DEBUG][TEPortServlet] Got request header(name=X-Terminal-Id, value=111).
[2015-05-29 17:13:37,392][Test worker][DEBUG][TEPortServlet] Got request header(name=X-MAC, value=d6763e36d460b40f8712931bda109581).
[2015-05-29 17:13:37,392][Test worker][DEBUG][TEPortServlet] Got request header(name=X-Game-Type-Id, value=14).
[2015-05-29 17:13:37,392][Test worker][DEBUG][TEPortServlet] Got request header(name=X-Trans-BatchNumber, value=20150529).
[2015-05-29 17:13:37,392][Test worker][DEBUG][TEPortServlet] Got request header(name=X-GPS-Location, value=40.714353,-74.005973).
[2015-05-29 17:13:37,393][Test worker][DEBUG][TEPortServlet] Got request from localhost, and the message body is:pq3FqO8HCcAnaobA+xpVnADmrnwj1vrK59BGhqvtskYFWTsa2cbe6ttFDFcpmi1MamgAomcAmY77ZmH0pucSJhy2+jHIzxjRQNnTrcnPb54NpHP+Rh6EQzqmVkVjaJ4G.
[2015-05-29 17:13:37,393][Test worker][DEBUG][ProtocolSerializer] Start to deserialize request context(Protocal-Version:1.5|GPE_Id:GPE-111|Terminal-Id:111|Operator-Id:OPERATOR-111|Trans-BatchNumber:20150529|TractMsg-Id:1432890817391|Timestamp:20150529171337|Transaction-Type:201|Transaction-Id:|Response-Code:|).
[2015-05-29 17:13:37,394][Test worker][DEBUG][ProtocolSerializer] Finish decrypting cipher into original xml:<?xml version="1.0" encoding="UTF-8"?>
<Ticket serialNo="01111745419300015046" isMannul="0"/>
[2015-05-29 17:13:37,394][Test worker][DEBUG][ProtocolSerializer] Start to do MAC(key=P2Bbo6+bSSR9O2Qc89f3b4oHTyE1V2gF) on (Protocal-Version:1.5|GPE_Id:GPE-111|Terminal-Id:111|Operator-Id:OPERATOR-111|Trans-BatchNumber:20150529|TractMsg-Id:1432890817391|Timestamp:20150529171337|Transaction-Type:201|Transaction-Id:|Response-Code:|<?xml version="1.0" encoding="UTF-8"?>
<Ticket serialNo="01111745419300015046" isMannul="0"/>,hash=-1130227695), get digest:d6763e36d460b40f8712931bda109581
[2015-05-29 17:13:37,394][Test worker][DEBUG][MLotteryContext] find mapping file definition(xml-mapping/game/raffle/CancelTicket_Req.xml) by key(14.transtype.201).
[2015-05-29 17:13:37,394][Test worker][DEBUG][ProtocolSerializer] Start to deserialize model: model=null,mappingFile=xml-mapping/game/raffle/CancelTicket_Req.xml
[2015-05-29 17:13:37,394][Test worker][DEBUG][MLotteryContext] find mapping file definition(xml-mapping/game/raffle/CancelTicket_Req.xml) by key(14.transtype.201).
[2015-05-29 17:13:37,406][Test worker][DEBUG][RoutineRegistry] Try to lookup handler by routine key(14_201_1.5.0).
[2015-05-29 17:13:37,406][Test worker][DEBUG][RoutineRegistry] Try to lookup handler by routine key(14_201_).
[2015-05-29 17:13:37,406][Test worker][DEBUG][RoutineRegistry] Lookup controller by key(14_201_), found controller(com.mpos.lottery.te.gameimpl.raffle.RaffleController@5c665955) and method(public void com.mpos.lottery.te.gameimpl.raffle.RaffleController.cancelByTicket(com.mpos.lottery.te.port.Context,com.mpos.lottery.te.port.Context) throws com.mpos.lottery.te.config.exception.ApplicationException).
[2015-05-29 17:13:37,411][Test worker][DEBUG][ReversalOrCancelStrategyFactory] Found ReversalStrategy(class com.mpos.lottery.te.gameimpl.raffle.sale.service.RaffleTicketService) to cancel transaction(gameType=14,terminalId=111,transType=200,protocolVersion=1.5.0).
[2015-05-29 17:13:37,423][Test worker][DEBUG][DefaultBalanceService] Operator before transaction -  Operator [id=OPERATOR-111, loginName=OPERATOR-LOGIN, creditType=1, saleCreditLevel=199999700, payoutCreditLevel=1000, cashoutBalance=0, commisionBalance=0]
[2015-05-29 17:13:37,423][Test worker][DEBUG][DefaultBalanceService] Found balance strategy:com.mpos.lottery.te.merchant.service.balance.SaleBalanceStrategy@e1f8aba
[2015-05-29 17:13:37,423][Test worker][DEBUG][DefaultBalanceService] Operator after transaction -  Operator [id=OPERATOR-111, loginName=OPERATOR-LOGIN, creditType=1, saleCreditLevel=200000000, payoutCreditLevel=1000, cashoutBalance=0, commisionBalance=0]
[2015-05-29 17:13:37,433][Test worker][DEBUG][CommonFacadeService] Prepare to publish message to exchange[TE.200] with routing key[TE.CANCEL.200.14]: origTrans {
  id: "0115052900000000001870"
  dev_id: "111"
  operator_id: "OPERATOR-111"
  merchant_id: "111"
  create_time: 1432890817000
  trans_type: 200
  game_id: "RA-1"
  game_type: 14
  total_amount: "300"
}
cancelTrans {
  id: "0115052900000000001873"
  dev_id: "111"
  operator_id: "OPERATOR-111"
  merchant_id: "111"
  create_time: 1432890817000
  trans_type: 201
  game_id: "RA-1"
  game_type: 14
  total_amount: "300"
}

[2015-05-29 17:13:37,433][Test worker][DEBUG][CommonFacadeService] Publish message successfully
[2015-05-29 17:13:37,434][Test worker][DEBUG][ProtocolSerializer] Finish mac(macKey=P2Bbo6+bSSR9O2Qc89f3b4oHTyE1V2gF,macString=Protocal-Version:1.5|GPE_Id:GPE-111|Terminal-Id:111|Operator-Id:OPERATOR-111|Trans-BatchNumber:20150529|TractMsg-Id:1432890817391|Timestamp:20150529171337|Transaction-Type:4201|Transaction-Id:0115052900000000001873|Response-Code:333|):8ac7440dc29010057656013387ee6a90
[2015-05-29 17:13:37,434][Test worker][DEBUG][BaseServletIntegrationTest] Got response(code=333,length=0): 
[2015-05-29 17:13:37,450][Test worker][DEBUG][TEPortServlet] Startup job scheduer(org.quartz.impl.StdScheduler@4d1e5820) successfully.
[2015-05-29 17:13:37,451][Test worker][WARN ][TEPortServlet] can NOT find META file:F:\project\M.Lottery\TE\TRUNK_TE\sourcecode\build\classes\main\META-INF\MANIFEST.MF
[2015-05-29 17:13:37,451][Test worker][DEBUG][TEPortServlet] Register MBean(com.mpos.lottery.te.common.jmx.TransactionTimeout@3286516b) with name(com.mpos.lottery.te:type=TransactionTimeoutMBean) successfully.
[2015-05-29 17:13:37,451][Test worker][DEBUG][BaseTransactionalIntegrationTest] Retrieve a ApplicationContext(org.springframework.web.context.support.GenericWebApplicationContext@34f645a8: startup date [Fri May 29 17:12:38 CST 2015]; root of context hierarchy).
[2015-05-29 17:13:37,451][Test worker][INFO ][BaseTransactionalIntegrationTest] +------------------------------------------------------------------------------------------------------------------------+
[2015-05-29 17:13:37,451][Test worker][INFO ][BaseTransactionalIntegrationTest] | RaffleSaleCancellationIntegrationTest.testCancelByTicket_Manually_OK                                                   |
[2015-05-29 17:13:37,451][Test worker][INFO ][BaseTransactionalIntegrationTest] +------------------------------------------------------------------------------------------------------------------------+
[2015-05-29 17:13:37,452][Test worker][DEBUG][MLotteryContext] find mapping file definition(xml-mapping/game/raffle/SellTicket_Req.xml) by key(14.transtype.200).
[2015-05-29 17:13:37,452][Test worker][DEBUG][CastorHelper] Finish marshaling input(typeclass com.mpos.lottery.te.gameimpl.raffle.sale.RaffleTicket, mappingFile=xml-mapping/game/raffle/SellTicket_Req.xml).
[2015-05-29 17:13:37,453][Test worker][DEBUG][BaseServletIntegrationTest] Do MAC(key=P2Bbo6+bSSR9O2Qc89f3b4oHTyE1V2gF) on (Protocal-Version:1.5|GPE_Id:GPE-111|Terminal-Id:111|Operator-Id:OPERATOR-111|Trans-BatchNumber:20150529|TractMsg-Id:1432890817452|Timestamp:20150529171337|Transaction-Type:200|Transaction-Id:|Response-Code:|<?xml version="1.0" encoding="UTF-8"?>
<Ticket multipleDraws="1" totalAmount="300.0" PIN="!!!!"><GameDraw number="11002" gameId="RA-1"/><Entry selectedNumber="PLAY" betOption="1" inputChannel="0" totalBets="3"/><User mobile="13413148084"/></Ticket>,hash=1111481580), get digest:e8c0ba54a2217c0ee6afe2aeb41f124f
[2015-05-29 17:13:37,453][Test worker][DEBUG][TEPortServlet] Got request header(name=X-Transaction-Type, value=200).
[2015-05-29 17:13:37,453][Test worker][DEBUG][TEPortServlet] Got request header(name=X-Protocal-Version, value=1.5).
[2015-05-29 17:13:37,453][Test worker][DEBUG][TEPortServlet] Got request header(name=X-Timestamp, value=20150529171337).
[2015-05-29 17:13:37,453][Test worker][DEBUG][TEPortServlet] Got request header(name=X-GPE-Id, value=GPE-111).
[2015-05-29 17:13:37,453][Test worker][DEBUG][TEPortServlet] Got request header(name=X-Trace-Message-Id, value=1432890817452).
[2015-05-29 17:13:37,453][Test worker][DEBUG][TEPortServlet] Got request header(name=X-Operator-Id, value=OPERATOR-111).
[2015-05-29 17:13:37,453][Test worker][DEBUG][TEPortServlet] Got request header(name=X-Terminal-Id, value=111).
[2015-05-29 17:13:37,453][Test worker][DEBUG][TEPortServlet] Got request header(name=X-MAC, value=e8c0ba54a2217c0ee6afe2aeb41f124f).
[2015-05-29 17:13:37,453][Test worker][DEBUG][TEPortServlet] Got request header(name=X-Game-Type-Id, value=14).
[2015-05-29 17:13:37,453][Test worker][DEBUG][TEPortServlet] Got request header(name=X-Trans-BatchNumber, value=20150529).
[2015-05-29 17:13:37,453][Test worker][DEBUG][TEPortServlet] Got request header(name=X-GPS-Location, value=40.714353,-74.005973).
[2015-05-29 17:13:37,455][Test worker][DEBUG][TEPortServlet] Got request from localhost, and the message body is:pq3FqO8HCcAnaobA+xpVnADmrnwj1vrK59BGhqvtskYFWTsa2cbe6vvj1C28m6E+ybhcq2GHfnfSvzUuvi5gIW+x7OzQghYnuO2taDRjXWCxHHHe4Qt36fAfFB33rSVDACrbWnPg/DemXvJASO7iCKDoerUdoNirWoWx/tuRp8rFDc9DSG/sc1zXNJ9x4jg1Lh5BhuppVXZT4TUu1f8LNi2fZBoWUe9vohg6v/i2oBMY2i4FHRTo8/+Vjv/KjDZF6VT+BC81nkVNclPtrK1/nPvDCYIPp4P06FbQBLWrcQluC8WNZLo/ch+/NOksJ4YjRPVxJ8xXPP+32ZGQrg5L0w==.
[2015-05-29 17:13:37,455][Test worker][DEBUG][ProtocolSerializer] Start to deserialize request context(Protocal-Version:1.5|GPE_Id:GPE-111|Terminal-Id:111|Operator-Id:OPERATOR-111|Trans-BatchNumber:20150529|TractMsg-Id:1432890817452|Timestamp:20150529171337|Transaction-Type:200|Transaction-Id:|Response-Code:|).
[2015-05-29 17:13:37,455][Test worker][DEBUG][ProtocolSerializer] Finish decrypting cipher into original xml:<?xml version="1.0" encoding="UTF-8"?>
<Ticket multipleDraws="1" totalAmount="300.0" PIN="!!!!"><GameDraw number="11002" gameId="RA-1"/><Entry selectedNumber="PLAY" betOption="1" inputChannel="0" totalBets="3"/><User mobile="13413148084"/></Ticket>
[2015-05-29 17:13:37,455][Test worker][DEBUG][ProtocolSerializer] Start to do MAC(key=P2Bbo6+bSSR9O2Qc89f3b4oHTyE1V2gF) on (Protocal-Version:1.5|GPE_Id:GPE-111|Terminal-Id:111|Operator-Id:OPERATOR-111|Trans-BatchNumber:20150529|TractMsg-Id:1432890817452|Timestamp:20150529171337|Transaction-Type:200|Transaction-Id:|Response-Code:|<?xml version="1.0" encoding="UTF-8"?>
<Ticket multipleDraws="1" totalAmount="300.0" PIN="!!!!"><GameDraw number="11002" gameId="RA-1"/><Entry selectedNumber="PLAY" betOption="1" inputChannel="0" totalBets="3"/><User mobile="13413148084"/></Ticket>,hash=1111481580), get digest:e8c0ba54a2217c0ee6afe2aeb41f124f
[2015-05-29 17:13:37,455][Test worker][DEBUG][MLotteryContext] find mapping file definition(xml-mapping/game/raffle/SellTicket_Req.xml) by key(14.transtype.200).
[2015-05-29 17:13:37,455][Test worker][DEBUG][ProtocolSerializer] Start to deserialize model: model=null,mappingFile=xml-mapping/game/raffle/SellTicket_Req.xml
[2015-05-29 17:13:37,455][Test worker][DEBUG][MLotteryContext] find mapping file definition(xml-mapping/game/raffle/SellTicket_Req.xml) by key(14.transtype.200).
[2015-05-29 17:13:37,467][Test worker][DEBUG][RoutineRegistry] Try to lookup handler by routine key(14_200_1.5.0).
[2015-05-29 17:13:37,467][Test worker][DEBUG][RoutineRegistry] Try to lookup handler by routine key(14_200_).
[2015-05-29 17:13:37,467][Test worker][DEBUG][RoutineRegistry] Lookup controller by key(14_200_), found controller(com.mpos.lottery.te.gameimpl.raffle.RaffleController@5c665955) and method(public void com.mpos.lottery.te.gameimpl.raffle.RaffleController.sell(com.mpos.lottery.te.port.Context,com.mpos.lottery.te.port.Context) throws com.mpos.lottery.te.config.exception.ApplicationException).
[2015-05-29 17:13:37,474][Test worker][INFO ][AbstractGameInstanceService] No channel game instance time definiton found, ignore it.
[2015-05-29 17:13:37,474][Test worker][DEBUG][UUIDServiceImpl] Assemble a new ticket serial number:01111745419300015164
[2015-05-29 17:13:37,478][Test worker][DEBUG][DefaultTicketValidator] THe max allowed multi-draw of operation parameter is 10, merchant limit to 3, the smaller 3 will be used.
[2015-05-29 17:13:37,488][Test worker][DEBUG][DefaultBalanceService] Operator before transaction -  Operator [id=OPERATOR-111, loginName=OPERATOR-LOGIN, creditType=1, saleCreditLevel=200000000, payoutCreditLevel=1000, cashoutBalance=0, commisionBalance=0]
[2015-05-29 17:13:37,488][Test worker][DEBUG][DefaultBalanceService] Found balance strategy:com.mpos.lottery.te.merchant.service.balance.SaleBalanceStrategy@e1f8aba
[2015-05-29 17:13:37,488][Test worker][DEBUG][DefaultBalanceService] Operator after transaction -  Operator [id=OPERATOR-111, loginName=OPERATOR-LOGIN, creditType=1, saleCreditLevel=199999700.0, payoutCreditLevel=1000, cashoutBalance=0, commisionBalance=0]
[2015-05-29 17:13:37,491][Test worker][WARN ][BaseJpaDao] Should be at most only 1 entity(com.mpos.lottery.te.merchant.domain.OperatorCommission) found, however total 2 entities found... the 1st entity(com.mpos.lottery.te.merchant.domain.OperatorCommission@233a7853) will be returned.
[2015-05-29 17:13:37,497][Test worker][DEBUG][CommonFacadeService] Prepare to publish message to exchange[TE.200] with routing key[TE.200.14]: transaction {
  id: "0115052900000000001874"
  dev_id: "111"
  operator_id: "OPERATOR-111"
  merchant_id: "111"
  create_time: 1432890817000
  trans_type: 200
  game_id: "RA-1"
  game_type: 14
  total_amount: "300.0"
}
multi_draw: 1
total_amount: "300.0"
serial_no: "y013eOifYgJT2yVTInjEotWWe4KfyH0I"
game_instance {
  id: "GII-112"
}

[2015-05-29 17:13:37,498][Test worker][DEBUG][CommonFacadeService] Publish message successfully
[2015-05-29 17:13:37,498][Test worker][DEBUG][MLotteryContext] find mapping file definition(xml-mapping/game/raffle/SellTicket_Res.xml) by key(14.transtype.4200).
[2015-05-29 17:13:37,498][Test worker][DEBUG][ProtocolSerializer] Start to serialize model(class com.mpos.lottery.te.gameimpl.raffle.sale.RaffleTicket),mappingFile=xml-mapping/game/raffle/SellTicket_Res.xml
[2015-05-29 17:13:37,498][Test worker][DEBUG][MLotteryContext] find mapping file definition(xml-mapping/game/raffle/SellTicket_Res.xml) by key(14.transtype.4200).
[2015-05-29 17:13:37,498][Test worker][DEBUG][CastorHelper] Finish marshaling input(typeclass com.mpos.lottery.te.gameimpl.raffle.sale.RaffleTicket, mappingFile=xml-mapping/game/raffle/SellTicket_Res.xml).
[2015-05-29 17:13:37,499][Test worker][DEBUG][ProtocolSerializer] Finish mac(macKey=P2Bbo6+bSSR9O2Qc89f3b4oHTyE1V2gF,macString=Protocal-Version:1.5|GPE_Id:GPE-111|Terminal-Id:111|Operator-Id:OPERATOR-111|Trans-BatchNumber:20150529|TractMsg-Id:1432890817452|Timestamp:20150529171337|Transaction-Type:4200|Transaction-Id:0115052900000000001874|Response-Code:200|<?xml version="1.0" encoding="UTF-8"?>
<Ticket serialNo="01111745419300015164" type="1" lastDrawNo="11002" barcode="14cK/u9hwZY2Rogq4k24Oeg4G3HSlAl9EbjLdf+UJJlt9Se2CWmp8xaptZN72BVCQQe81SMHRyeIw=" validationCode="533765" multipleDraws="1" totalBets="3" totalAmount="300.0"><GameDraw number="11002" gameId="RA-1"/></Ticket>):f1b770956972fbd9a9cd3cc5c269a2e4
[2015-05-29 17:13:37,499][Test worker][DEBUG][TEPortServlet] Write response to client(host1=localhost,sizeOfPack=440) succesfully.
[2015-05-29 17:13:37,499][Test worker][DEBUG][BaseServletIntegrationTest] Got response(code=200,length=440): <?xml version="1.0" encoding="UTF-8"?>
<Ticket serialNo="01111745419300015164" type="1" lastDrawNo="11002" barcode="14cK/u9hwZY2Rogq4k24Oeg4G3HSlAl9EbjLdf+UJJlt9Se2CWmp8xaptZN72BVCQQe81SMHRyeIw=" validationCode="533765" multipleDraws="1" totalBets="3" totalAmount="300.0"><GameDraw number="11002" gameId="RA-1"/></Ticket>
[2015-05-29 17:13:37,499][Test worker][DEBUG][MLotteryContext] find mapping file definition(xml-mapping/game/raffle/SellTicket_Res.xml) by key(14.transtype.4200).
[2015-05-29 17:13:37,505][Test worker][DEBUG][MLotteryContext] find mapping file definition(xml-mapping/game/raffle/CancelTicket_Req.xml) by key(14.transtype.201).
[2015-05-29 17:13:37,505][Test worker][DEBUG][CastorHelper] Finish marshaling input(typeclass com.mpos.lottery.te.gameimpl.raffle.sale.RaffleTicket, mappingFile=xml-mapping/game/raffle/CancelTicket_Req.xml).
[2015-05-29 17:13:37,506][Test worker][DEBUG][BaseServletIntegrationTest] Do MAC(key=P2Bbo6+bSSR9O2Qc89f3b4oHTyE1V2gF) on (Protocal-Version:1.5|GPE_Id:GPE-111|Terminal-Id:111|Operator-Id:OPERATOR-111|Trans-BatchNumber:20150529|TractMsg-Id:1432890817505|Timestamp:20150529171337|Transaction-Type:201|Transaction-Id:|Response-Code:|<?xml version="1.0" encoding="UTF-8"?>
<Ticket serialNo="01111745419300015164" isMannul="1"/>,hash=268619934), get digest:aefeb01f4a0f858505c97ad2b946b253
[2015-05-29 17:13:37,506][Test worker][DEBUG][TEPortServlet] Got request header(name=X-Transaction-Type, value=201).
[2015-05-29 17:13:37,506][Test worker][DEBUG][TEPortServlet] Got request header(name=X-Protocal-Version, value=1.5).
[2015-05-29 17:13:37,506][Test worker][DEBUG][TEPortServlet] Got request header(name=X-Timestamp, value=20150529171337).
[2015-05-29 17:13:37,506][Test worker][DEBUG][TEPortServlet] Got request header(name=X-GPE-Id, value=GPE-111).
[2015-05-29 17:13:37,506][Test worker][DEBUG][TEPortServlet] Got request header(name=X-Trace-Message-Id, value=1432890817505).
[2015-05-29 17:13:37,506][Test worker][DEBUG][TEPortServlet] Got request header(name=X-Operator-Id, value=OPERATOR-111).
[2015-05-29 17:13:37,506][Test worker][DEBUG][TEPortServlet] Got request header(name=X-Terminal-Id, value=111).
[2015-05-29 17:13:37,506][Test worker][DEBUG][TEPortServlet] Got request header(name=X-MAC, value=aefeb01f4a0f858505c97ad2b946b253).
[2015-05-29 17:13:37,506][Test worker][DEBUG][TEPortServlet] Got request header(name=X-Game-Type-Id, value=14).
[2015-05-29 17:13:37,506][Test worker][DEBUG][TEPortServlet] Got request header(name=X-Trans-BatchNumber, value=20150529).
[2015-05-29 17:13:37,506][Test worker][DEBUG][TEPortServlet] Got request header(name=X-GPS-Location, value=40.714353,-74.005973).
[2015-05-29 17:13:37,507][Test worker][DEBUG][TEPortServlet] Got request from localhost, and the message body is:pq3FqO8HCcAnaobA+xpVnADmrnwj1vrK59BGhqvtskYFWTsa2cbe6ttFDFcpmi1MamgAomcAmY77ZmH0pucSJhy2+jHIzxjRM8A5YzlQeqZifGf19FPyw1Q41ny6wkpO.
[2015-05-29 17:13:37,507][Test worker][DEBUG][ProtocolSerializer] Start to deserialize request context(Protocal-Version:1.5|GPE_Id:GPE-111|Terminal-Id:111|Operator-Id:OPERATOR-111|Trans-BatchNumber:20150529|TractMsg-Id:1432890817505|Timestamp:20150529171337|Transaction-Type:201|Transaction-Id:|Response-Code:|).
[2015-05-29 17:13:37,508][Test worker][DEBUG][ProtocolSerializer] Finish decrypting cipher into original xml:<?xml version="1.0" encoding="UTF-8"?>
<Ticket serialNo="01111745419300015164" isMannul="1"/>
[2015-05-29 17:13:37,508][Test worker][DEBUG][ProtocolSerializer] Start to do MAC(key=P2Bbo6+bSSR9O2Qc89f3b4oHTyE1V2gF) on (Protocal-Version:1.5|GPE_Id:GPE-111|Terminal-Id:111|Operator-Id:OPERATOR-111|Trans-BatchNumber:20150529|TractMsg-Id:1432890817505|Timestamp:20150529171337|Transaction-Type:201|Transaction-Id:|Response-Code:|<?xml version="1.0" encoding="UTF-8"?>
<Ticket serialNo="01111745419300015164" isMannul="1"/>,hash=268619934), get digest:aefeb01f4a0f858505c97ad2b946b253
[2015-05-29 17:13:37,508][Test worker][DEBUG][MLotteryContext] find mapping file definition(xml-mapping/game/raffle/CancelTicket_Req.xml) by key(14.transtype.201).
[2015-05-29 17:13:37,508][Test worker][DEBUG][ProtocolSerializer] Start to deserialize model: model=null,mappingFile=xml-mapping/game/raffle/CancelTicket_Req.xml
[2015-05-29 17:13:37,508][Test worker][DEBUG][MLotteryContext] find mapping file definition(xml-mapping/game/raffle/CancelTicket_Req.xml) by key(14.transtype.201).
[2015-05-29 17:13:37,522][Test worker][DEBUG][RoutineRegistry] Try to lookup handler by routine key(14_201_1.5.0).
[2015-05-29 17:13:37,522][Test worker][DEBUG][RoutineRegistry] Try to lookup handler by routine key(14_201_).
[2015-05-29 17:13:37,522][Test worker][DEBUG][RoutineRegistry] Lookup controller by key(14_201_), found controller(com.mpos.lottery.te.gameimpl.raffle.RaffleController@5c665955) and method(public void com.mpos.lottery.te.gameimpl.raffle.RaffleController.cancelByTicket(com.mpos.lottery.te.port.Context,com.mpos.lottery.te.port.Context) throws com.mpos.lottery.te.config.exception.ApplicationException).
[2015-05-29 17:13:37,527][Test worker][DEBUG][ReversalOrCancelStrategyFactory] Found ReversalStrategy(class com.mpos.lottery.te.gameimpl.raffle.sale.service.RaffleTicketService) to cancel transaction(gameType=14,terminalId=111,transType=200,protocolVersion=1.5.0).
[2015-05-29 17:13:37,541][Test worker][DEBUG][DefaultBalanceService] Operator before transaction -  Operator [id=OPERATOR-111, loginName=OPERATOR-LOGIN, creditType=1, saleCreditLevel=199999700, payoutCreditLevel=1000, cashoutBalance=0, commisionBalance=0]
[2015-05-29 17:13:37,541][Test worker][DEBUG][DefaultBalanceService] Found balance strategy:com.mpos.lottery.te.merchant.service.balance.SaleBalanceStrategy@e1f8aba
[2015-05-29 17:13:37,541][Test worker][DEBUG][DefaultBalanceService] Operator after transaction -  Operator [id=OPERATOR-111, loginName=OPERATOR-LOGIN, creditType=1, saleCreditLevel=200000000, payoutCreditLevel=1000, cashoutBalance=0, commisionBalance=0]
[2015-05-29 17:13:37,551][Test worker][DEBUG][CommonFacadeService] Prepare to publish message to exchange[TE.200] with routing key[TE.CANCEL.200.14]: origTrans {
  id: "0115052900000000001874"
  dev_id: "111"
  operator_id: "OPERATOR-111"
  merchant_id: "111"
  create_time: 1432890817000
  trans_type: 200
  game_id: "RA-1"
  game_type: 14
  total_amount: "300"
}
cancelTrans {
  id: "0115052900000000001877"
  dev_id: "111"
  operator_id: "OPERATOR-111"
  merchant_id: "111"
  create_time: 1432890817000
  trans_type: 210
  game_id: "RA-1"
  game_type: 14
  total_amount: "300"
}

[2015-05-29 17:13:37,551][Test worker][DEBUG][CommonFacadeService] Publish message successfully
[2015-05-29 17:13:37,552][Test worker][DEBUG][ProtocolSerializer] Finish mac(macKey=P2Bbo6+bSSR9O2Qc89f3b4oHTyE1V2gF,macString=Protocal-Version:1.5|GPE_Id:GPE-111|Terminal-Id:111|Operator-Id:OPERATOR-111|Trans-BatchNumber:20150529|TractMsg-Id:1432890817505|Timestamp:20150529171337|Transaction-Type:4201|Transaction-Id:0115052900000000001877|Response-Code:200|):ad46c25d53b46a694b8b3687d9a86863
[2015-05-29 17:13:37,552][Test worker][DEBUG][BaseServletIntegrationTest] Got response(code=200,length=0): 
[2015-05-29 17:13:37,571][Test worker][DEBUG][TEPortServlet] Startup job scheduer(org.quartz.impl.StdScheduler@4d1e5820) successfully.
[2015-05-29 17:13:37,572][Test worker][WARN ][TEPortServlet] can NOT find META file:F:\project\M.Lottery\TE\TRUNK_TE\sourcecode\build\classes\main\META-INF\MANIFEST.MF
[2015-05-29 17:13:37,572][Test worker][DEBUG][TEPortServlet] Register MBean(com.mpos.lottery.te.common.jmx.TransactionTimeout@1c24043f) with name(com.mpos.lottery.te:type=TransactionTimeoutMBean) successfully.
[2015-05-29 17:13:37,573][Test worker][DEBUG][BaseTransactionalIntegrationTest] Retrieve a ApplicationContext(org.springframework.web.context.support.GenericWebApplicationContext@34f645a8: startup date [Fri May 29 17:12:38 CST 2015]; root of context hierarchy).
[2015-05-29 17:13:37,573][Test worker][INFO ][BaseTransactionalIntegrationTest] +------------------------------------------------------------------------------------------------------------------------+
[2015-05-29 17:13:37,573][Test worker][INFO ][BaseTransactionalIntegrationTest] | RaffleSaleCancellationIntegrationTest.testCancelByTransaction_Declined                                                 |
[2015-05-29 17:13:37,573][Test worker][INFO ][BaseTransactionalIntegrationTest] +------------------------------------------------------------------------------------------------------------------------+
[2015-05-29 17:13:37,574][Test worker][DEBUG][MLotteryContext] find mapping file definition(xml-mapping/game/raffle/SellTicket_Req.xml) by key(14.transtype.200).
[2015-05-29 17:13:37,574][Test worker][DEBUG][CastorHelper] Finish marshaling input(typeclass com.mpos.lottery.te.gameimpl.raffle.sale.RaffleTicket, mappingFile=xml-mapping/game/raffle/SellTicket_Req.xml).
[2015-05-29 17:13:37,575][Test worker][DEBUG][BaseServletIntegrationTest] Do MAC(key=P2Bbo6+bSSR9O2Qc89f3b4oHTyE1V2gF) on (Protocal-Version:1.5|GPE_Id:GPE-111|Terminal-Id:111|Operator-Id:OPERATOR-111|Trans-BatchNumber:20150529|TractMsg-Id:1432890817573|Timestamp:20150529171337|Transaction-Type:200|Transaction-Id:|Response-Code:|<?xml version="1.0" encoding="UTF-8"?>
<Ticket multipleDraws="1" totalAmount="300.0" PIN="!!!!"><GameDraw number="11002" gameId="RA-1"/><Entry selectedNumber="PLAY" betOption="1" inputChannel="0" totalBets="3"/><User mobile="13413148084"/></Ticket>,hash=1217192172), get digest:9a8bd92f9df48da323f802d06639d7b7
[2015-05-29 17:13:37,575][Test worker][DEBUG][TEPortServlet] Got request header(name=X-Transaction-Type, value=200).
[2015-05-29 17:13:37,575][Test worker][DEBUG][TEPortServlet] Got request header(name=X-Protocal-Version, value=1.5).
[2015-05-29 17:13:37,575][Test worker][DEBUG][TEPortServlet] Got request header(name=X-Timestamp, value=20150529171337).
[2015-05-29 17:13:37,575][Test worker][DEBUG][TEPortServlet] Got request header(name=X-GPE-Id, value=GPE-111).
[2015-05-29 17:13:37,575][Test worker][DEBUG][TEPortServlet] Got request header(name=X-Trace-Message-Id, value=1432890817573).
[2015-05-29 17:13:37,575][Test worker][DEBUG][TEPortServlet] Got request header(name=X-Operator-Id, value=OPERATOR-111).
[2015-05-29 17:13:37,575][Test worker][DEBUG][TEPortServlet] Got request header(name=X-Terminal-Id, value=111).
[2015-05-29 17:13:37,575][Test worker][DEBUG][TEPortServlet] Got request header(name=X-MAC, value=9a8bd92f9df48da323f802d06639d7b7).
[2015-05-29 17:13:37,575][Test worker][DEBUG][TEPortServlet] Got request header(name=X-Game-Type-Id, value=14).
[2015-05-29 17:13:37,575][Test worker][DEBUG][TEPortServlet] Got request header(name=X-Trans-BatchNumber, value=20150529).
[2015-05-29 17:13:37,575][Test worker][DEBUG][TEPortServlet] Got request header(name=X-GPS-Location, value=40.714353,-74.005973).
[2015-05-29 17:13:37,576][Test worker][DEBUG][TEPortServlet] Got request from localhost, and the message body is:pq3FqO8HCcAnaobA+xpVnADmrnwj1vrK59BGhqvtskYFWTsa2cbe6vvj1C28m6E+ybhcq2GHfnfSvzUuvi5gIW+x7OzQghYnuO2taDRjXWCxHHHe4Qt36fAfFB33rSVDACrbWnPg/DemXvJASO7iCKDoerUdoNirWoWx/tuRp8rFDc9DSG/sc1zXNJ9x4jg1Lh5BhuppVXZT4TUu1f8LNi2fZBoWUe9vohg6v/i2oBMY2i4FHRTo8/+Vjv/KjDZF6VT+BC81nkVNclPtrK1/nPvDCYIPp4P06FbQBLWrcQluC8WNZLo/ch+/NOksJ4YjRPVxJ8xXPP+32ZGQrg5L0w==.
[2015-05-29 17:13:37,576][Test worker][DEBUG][ProtocolSerializer] Start to deserialize request context(Protocal-Version:1.5|GPE_Id:GPE-111|Terminal-Id:111|Operator-Id:OPERATOR-111|Trans-BatchNumber:20150529|TractMsg-Id:1432890817573|Timestamp:20150529171337|Transaction-Type:200|Transaction-Id:|Response-Code:|).
[2015-05-29 17:13:37,577][Test worker][DEBUG][ProtocolSerializer] Finish decrypting cipher into original xml:<?xml version="1.0" encoding="UTF-8"?>
<Ticket multipleDraws="1" totalAmount="300.0" PIN="!!!!"><GameDraw number="11002" gameId="RA-1"/><Entry selectedNumber="PLAY" betOption="1" inputChannel="0" totalBets="3"/><User mobile="13413148084"/></Ticket>
[2015-05-29 17:13:37,577][Test worker][DEBUG][ProtocolSerializer] Start to do MAC(key=P2Bbo6+bSSR9O2Qc89f3b4oHTyE1V2gF) on (Protocal-Version:1.5|GPE_Id:GPE-111|Terminal-Id:111|Operator-Id:OPERATOR-111|Trans-BatchNumber:20150529|TractMsg-Id:1432890817573|Timestamp:20150529171337|Transaction-Type:200|Transaction-Id:|Response-Code:|<?xml version="1.0" encoding="UTF-8"?>
<Ticket multipleDraws="1" totalAmount="300.0" PIN="!!!!"><GameDraw number="11002" gameId="RA-1"/><Entry selectedNumber="PLAY" betOption="1" inputChannel="0" totalBets="3"/><User mobile="13413148084"/></Ticket>,hash=1217192172), get digest:9a8bd92f9df48da323f802d06639d7b7
[2015-05-29 17:13:37,577][Test worker][DEBUG][MLotteryContext] find mapping file definition(xml-mapping/game/raffle/SellTicket_Req.xml) by key(14.transtype.200).
[2015-05-29 17:13:37,577][Test worker][DEBUG][ProtocolSerializer] Start to deserialize model: model=null,mappingFile=xml-mapping/game/raffle/SellTicket_Req.xml
[2015-05-29 17:13:37,577][Test worker][DEBUG][MLotteryContext] find mapping file definition(xml-mapping/game/raffle/SellTicket_Req.xml) by key(14.transtype.200).
[2015-05-29 17:13:37,590][Test worker][DEBUG][RoutineRegistry] Try to lookup handler by routine key(14_200_1.5.0).
[2015-05-29 17:13:37,590][Test worker][DEBUG][RoutineRegistry] Try to lookup handler by routine key(14_200_).
[2015-05-29 17:13:37,590][Test worker][DEBUG][RoutineRegistry] Lookup controller by key(14_200_), found controller(com.mpos.lottery.te.gameimpl.raffle.RaffleController@5c665955) and method(public void com.mpos.lottery.te.gameimpl.raffle.RaffleController.sell(com.mpos.lottery.te.port.Context,com.mpos.lottery.te.port.Context) throws com.mpos.lottery.te.config.exception.ApplicationException).
[2015-05-29 17:13:37,597][Test worker][INFO ][AbstractGameInstanceService] No channel game instance time definiton found, ignore it.
[2015-05-29 17:13:37,597][Test worker][DEBUG][UUIDServiceImpl] Assemble a new ticket serial number:01111745419300015233
[2015-05-29 17:13:37,601][Test worker][DEBUG][DefaultTicketValidator] THe max allowed multi-draw of operation parameter is 10, merchant limit to 3, the smaller 3 will be used.
[2015-05-29 17:13:37,611][Test worker][DEBUG][DefaultBalanceService] Operator before transaction -  Operator [id=OPERATOR-111, loginName=OPERATOR-LOGIN, creditType=1, saleCreditLevel=200000000, payoutCreditLevel=1000, cashoutBalance=0, commisionBalance=0]
[2015-05-29 17:13:37,611][Test worker][DEBUG][DefaultBalanceService] Found balance strategy:com.mpos.lottery.te.merchant.service.balance.SaleBalanceStrategy@e1f8aba
[2015-05-29 17:13:37,611][Test worker][DEBUG][DefaultBalanceService] Operator after transaction -  Operator [id=OPERATOR-111, loginName=OPERATOR-LOGIN, creditType=1, saleCreditLevel=199999700.0, payoutCreditLevel=1000, cashoutBalance=0, commisionBalance=0]
[2015-05-29 17:13:37,614][Test worker][WARN ][BaseJpaDao] Should be at most only 1 entity(com.mpos.lottery.te.merchant.domain.OperatorCommission) found, however total 2 entities found... the 1st entity(com.mpos.lottery.te.merchant.domain.OperatorCommission@721560df) will be returned.
[2015-05-29 17:13:37,620][Test worker][DEBUG][CommonFacadeService] Prepare to publish message to exchange[TE.200] with routing key[TE.200.14]: transaction {
  id: "0115052900000000001878"
  dev_id: "111"
  operator_id: "OPERATOR-111"
  merchant_id: "111"
  create_time: 1432890817000
  trans_type: 200
  game_id: "RA-1"
  game_type: 14
  total_amount: "300.0"
}
multi_draw: 1
total_amount: "300.0"
serial_no: "y013eOifYgJT2yVTInjEoiJVjyAV2rFV"
game_instance {
  id: "GII-112"
}

[2015-05-29 17:13:37,621][Test worker][DEBUG][CommonFacadeService] Publish message successfully
[2015-05-29 17:13:37,621][Test worker][DEBUG][MLotteryContext] find mapping file definition(xml-mapping/game/raffle/SellTicket_Res.xml) by key(14.transtype.4200).
[2015-05-29 17:13:37,621][Test worker][DEBUG][ProtocolSerializer] Start to serialize model(class com.mpos.lottery.te.gameimpl.raffle.sale.RaffleTicket),mappingFile=xml-mapping/game/raffle/SellTicket_Res.xml
[2015-05-29 17:13:37,621][Test worker][DEBUG][MLotteryContext] find mapping file definition(xml-mapping/game/raffle/SellTicket_Res.xml) by key(14.transtype.4200).
[2015-05-29 17:13:37,621][Test worker][DEBUG][CastorHelper] Finish marshaling input(typeclass com.mpos.lottery.te.gameimpl.raffle.sale.RaffleTicket, mappingFile=xml-mapping/game/raffle/SellTicket_Res.xml).
[2015-05-29 17:13:37,622][Test worker][DEBUG][ProtocolSerializer] Finish mac(macKey=P2Bbo6+bSSR9O2Qc89f3b4oHTyE1V2gF,macString=Protocal-Version:1.5|GPE_Id:GPE-111|Terminal-Id:111|Operator-Id:OPERATOR-111|Trans-BatchNumber:20150529|TractMsg-Id:1432890817573|Timestamp:20150529171337|Transaction-Type:4200|Transaction-Id:0115052900000000001878|Response-Code:200|<?xml version="1.0" encoding="UTF-8"?>
<Ticket serialNo="01111745419300015233" type="1" lastDrawNo="11002" barcode="14cK/u9hwZY2Rogq4k24Oeg4G3HSlAl9EbjLdf+UJJlt9Se2CWmp8xaptZN72BVCQQ4wDIrH3DLkY=" validationCode="156532" multipleDraws="1" totalBets="3" totalAmount="300.0"><GameDraw number="11002" gameId="RA-1"/></Ticket>):0def17f7625da927da455c0d9ea44448
[2015-05-29 17:13:37,622][Test worker][DEBUG][TEPortServlet] Write response to client(host1=localhost,sizeOfPack=440) succesfully.
[2015-05-29 17:13:37,622][Test worker][DEBUG][BaseServletIntegrationTest] Got response(code=200,length=440): <?xml version="1.0" encoding="UTF-8"?>
<Ticket serialNo="01111745419300015233" type="1" lastDrawNo="11002" barcode="14cK/u9hwZY2Rogq4k24Oeg4G3HSlAl9EbjLdf+UJJlt9Se2CWmp8xaptZN72BVCQQ4wDIrH3DLkY=" validationCode="156532" multipleDraws="1" totalBets="3" totalAmount="300.0"><GameDraw number="11002" gameId="RA-1"/></Ticket>
[2015-05-29 17:13:37,622][Test worker][DEBUG][MLotteryContext] find mapping file definition(xml-mapping/game/raffle/SellTicket_Res.xml) by key(14.transtype.4200).
[2015-05-29 17:13:37,629][Test worker][DEBUG][MLotteryContext] find mapping file definition(xml-mapping/TransactionEnquiry_Req.xml) by key(transtype.206).
[2015-05-29 17:13:37,630][Test worker][DEBUG][CastorHelper] Finish marshaling input(typeclass com.mpos.lottery.te.trans.domain.Transaction, mappingFile=xml-mapping/TransactionEnquiry_Req.xml).
[2015-05-29 17:13:37,630][Test worker][DEBUG][BaseServletIntegrationTest] Do MAC(key=P2Bbo6+bSSR9O2Qc89f3b4oHTyE1V2gF) on (Protocal-Version:1.5|GPE_Id:GPE-111|Terminal-Id:111|Operator-Id:OPERATOR-111|Trans-BatchNumber:20150529|TractMsg-Id:1432890817629|Timestamp:20150529171337|Transaction-Type:206|Transaction-Id:|Response-Code:|<?xml version="1.0" encoding="UTF-8"?>
<Transaction terminalId="111" traceMessageId="1432890817573"/>,hash=-1561342054), get digest:55ca263021ebd33d510af5b1fef0e003
[2015-05-29 17:13:37,630][Test worker][DEBUG][TEPortServlet] Got request header(name=X-Transaction-Type, value=206).
[2015-05-29 17:13:37,630][Test worker][DEBUG][TEPortServlet] Got request header(name=X-Protocal-Version, value=1.5).
[2015-05-29 17:13:37,630][Test worker][DEBUG][TEPortServlet] Got request header(name=X-Timestamp, value=20150529171337).
[2015-05-29 17:13:37,630][Test worker][DEBUG][TEPortServlet] Got request header(name=X-GPE-Id, value=GPE-111).
[2015-05-29 17:13:37,630][Test worker][DEBUG][TEPortServlet] Got request header(name=X-Trace-Message-Id, value=1432890817629).
[2015-05-29 17:13:37,630][Test worker][DEBUG][TEPortServlet] Got request header(name=X-Operator-Id, value=OPERATOR-111).
[2015-05-29 17:13:37,630][Test worker][DEBUG][TEPortServlet] Got request header(name=X-Terminal-Id, value=111).
[2015-05-29 17:13:37,630][Test worker][DEBUG][TEPortServlet] Got request header(name=X-MAC, value=55ca263021ebd33d510af5b1fef0e003).
[2015-05-29 17:13:37,630][Test worker][DEBUG][TEPortServlet] Got request header(name=X-Game-Type-Id, value=-1).
[2015-05-29 17:13:37,630][Test worker][DEBUG][TEPortServlet] Got request header(name=X-Trans-BatchNumber, value=20150529).
[2015-05-29 17:13:37,630][Test worker][DEBUG][TEPortServlet] Got request header(name=X-GPS-Location, value=40.714353,-74.005973).
[2015-05-29 17:13:37,632][Test worker][DEBUG][TEPortServlet] Got request from localhost, and the message body is:pq3FqO8HCcAnaobA+xpVnADmrnwj1vrK59BGhqvtskYFWTsa2cbe6jcIE4b0pl+ogrA4SMNVUFtCb0VnctvqFZ4g+Dv1D5Fz4ERoX4gVmzFJ1yZK27DdHw/crXA8ow3B1UPUDUhbYr8=.
[2015-05-29 17:13:37,632][Test worker][DEBUG][ProtocolSerializer] Start to deserialize request context(Protocal-Version:1.5|GPE_Id:GPE-111|Terminal-Id:111|Operator-Id:OPERATOR-111|Trans-BatchNumber:20150529|TractMsg-Id:1432890817629|Timestamp:20150529171337|Transaction-Type:206|Transaction-Id:|Response-Code:|).
[2015-05-29 17:13:37,632][Test worker][DEBUG][ProtocolSerializer] Finish decrypting cipher into original xml:<?xml version="1.0" encoding="UTF-8"?>
<Transaction terminalId="111" traceMessageId="1432890817573"/>
[2015-05-29 17:13:37,632][Test worker][DEBUG][ProtocolSerializer] Start to do MAC(key=P2Bbo6+bSSR9O2Qc89f3b4oHTyE1V2gF) on (Protocal-Version:1.5|GPE_Id:GPE-111|Terminal-Id:111|Operator-Id:OPERATOR-111|Trans-BatchNumber:20150529|TractMsg-Id:1432890817629|Timestamp:20150529171337|Transaction-Type:206|Transaction-Id:|Response-Code:|<?xml version="1.0" encoding="UTF-8"?>
<Transaction terminalId="111" traceMessageId="1432890817573"/>,hash=-1561342054), get digest:55ca263021ebd33d510af5b1fef0e003
[2015-05-29 17:13:37,632][Test worker][DEBUG][MLotteryContext] find mapping file definition(xml-mapping/TransactionEnquiry_Req.xml) by key(transtype.206).
[2015-05-29 17:13:37,632][Test worker][DEBUG][ProtocolSerializer] Start to deserialize model: model=null,mappingFile=xml-mapping/TransactionEnquiry_Req.xml
[2015-05-29 17:13:37,632][Test worker][DEBUG][MLotteryContext] find mapping file definition(xml-mapping/TransactionEnquiry_Req.xml) by key(transtype.206).
[2015-05-29 17:13:37,642][Test worker][DEBUG][RoutineRegistry] Try to lookup handler by routine key(-1_206_1.5.0).
[2015-05-29 17:13:37,642][Test worker][DEBUG][RoutineRegistry] Try to lookup handler by routine key(-1_206_).
[2015-05-29 17:13:37,642][Test worker][DEBUG][RoutineRegistry] Lookup controller by key(-1_206_), found controller(com.mpos.lottery.te.trans.TransactionController@53ddecd8) and method(public void com.mpos.lottery.te.trans.TransactionController.cancelByTrans(com.mpos.lottery.te.port.Context,com.mpos.lottery.te.port.Context) throws com.mpos.lottery.te.config.exception.ApplicationException).
[2015-05-29 17:13:37,647][Test worker][DEBUG][ReversalOrCancelStrategyFactory] Found ReversalStrategy(class com.mpos.lottery.te.gameimpl.raffle.sale.service.RaffleTicketService) to cancel transaction(gameType=14,terminalId=111,transType=200,protocolVersion=1.5.0).
[2015-05-29 17:13:37,675][Test worker][DEBUG][DefaultBalanceService] Operator before transaction -  Operator [id=OPERATOR-111, loginName=OPERATOR-LOGIN, creditType=1, saleCreditLevel=199999700, payoutCreditLevel=1000, cashoutBalance=0, commisionBalance=0]
[2015-05-29 17:13:37,675][Test worker][DEBUG][DefaultBalanceService] Found balance strategy:com.mpos.lottery.te.merchant.service.balance.SaleBalanceStrategy@e1f8aba
[2015-05-29 17:13:37,675][Test worker][DEBUG][DefaultBalanceService] Operator after transaction -  Operator [id=OPERATOR-111, loginName=OPERATOR-LOGIN, creditType=1, saleCreditLevel=200000000, payoutCreditLevel=1000, cashoutBalance=0, commisionBalance=0]
[2015-05-29 17:13:37,697][Test worker][DEBUG][CommonFacadeService] Prepare to publish message to exchange[TE.200] with routing key[TE.CANCEL.200.14]: origTrans {
  id: "0115052900000000001878"
  dev_id: "111"
  operator_id: "OPERATOR-111"
  merchant_id: "111"
  create_time: 1432890817000
  trans_type: 200
  game_id: "RA-1"
  game_type: 14
  total_amount: "300"
}
cancelTrans {
  id: "0115052900000000001881"
  dev_id: "111"
  operator_id: "OPERATOR-111"
  merchant_id: "111"
  create_time: 1432890817000
  trans_type: 206
  game_id: "RA-1"
  game_type: 14
  total_amount: "300"
}

[2015-05-29 17:13:37,697][Test worker][DEBUG][CommonFacadeService] Publish message successfully
[2015-05-29 17:13:37,698][Test worker][DEBUG][ProtocolSerializer] Finish mac(macKey=P2Bbo6+bSSR9O2Qc89f3b4oHTyE1V2gF,macString=Protocal-Version:1.5|GPE_Id:GPE-111|Terminal-Id:111|Operator-Id:OPERATOR-111|Trans-BatchNumber:20150529|TractMsg-Id:1432890817629|Timestamp:20150529171337|Transaction-Type:4206|Transaction-Id:0115052900000000001881|Response-Code:333|):0532bd43592e80d205cfb5818671d502
[2015-05-29 17:13:37,698][Test worker][DEBUG][BaseServletIntegrationTest] Got response(code=333,length=0): 
]]></system-out>
  <system-err><![CDATA[]]></system-err>
</testsuite>
