<?xml version="1.0" encoding="UTF-8"?>
<testsuite name="com.mpos.lottery.te.gameimpl.toto.prize.PayoutIntegrationTest" tests="1" skipped="0" failures="0" errors="0" timestamp="2015-05-29T09:13:41" hostname="Ramon-PC" time="0.126">
  <properties/>
  <testcase name="testPayout_TaxWhenAnalysis" classname="com.mpos.lottery.te.gameimpl.toto.prize.PayoutIntegrationTest" time="0.126"/>
  <system-out><![CDATA[[2015-05-29 17:13:41,975][Test worker][DEBUG][TEPortServlet] Startup job scheduer(org.quartz.impl.StdScheduler@4d1e5820) successfully.
[2015-05-29 17:13:41,976][Test worker][WARN ][TEPortServlet] can NOT find META file:F:\project\M.Lottery\TE\TRUNK_TE\sourcecode\build\classes\main\META-INF\MANIFEST.MF
[2015-05-29 17:13:41,976][Test worker][DEBUG][TEPortServlet] Register MBean(com.mpos.lottery.te.common.jmx.TransactionTimeout@72d4da8) with name(com.mpos.lottery.te:type=TransactionTimeoutMBean) successfully.
[2015-05-29 17:13:41,976][Test worker][DEBUG][BaseTransactionalIntegrationTest] Retrieve a ApplicationContext(org.springframework.web.context.support.GenericWebApplicationContext@34f645a8: startup date [Fri May 29 17:12:38 CST 2015]; root of context hierarchy).
[2015-05-29 17:13:41,976][Test worker][INFO ][BaseTransactionalIntegrationTest] +------------------------------------------------------------------------------------------------------------------------+
[2015-05-29 17:13:41,977][Test worker][INFO ][BaseTransactionalIntegrationTest] | PayoutIntegrationTest.testPayout_TaxWhenAnalysis                                                                       |
[2015-05-29 17:13:41,977][Test worker][INFO ][BaseTransactionalIntegrationTest] +------------------------------------------------------------------------------------------------------------------------+
[2015-05-29 17:13:41,983][Test worker][DEBUG][MLotteryContext] find mapping file definition(xml-mapping/game/toto/Payout_Req.xml) by key(5.transtype.302).
[2015-05-29 17:13:41,991][Test worker][DEBUG][CastorHelper] Finish marshaling input(typeclass com.mpos.lottery.te.gameimpl.toto.domain.ToToTicket, mappingFile=xml-mapping/game/toto/Payout_Req.xml).
[2015-05-29 17:13:41,992][Test worker][DEBUG][BaseServletIntegrationTest] Do MAC(key=P2Bbo6+bSSR9O2Qc89f3b4oHTyE1V2gF) on (Protocal-Version:1.5|GPE_Id:GPE-111|Terminal-Id:111|Operator-Id:OPERATOR-111|Trans-BatchNumber:20150529|TractMsg-Id:1432890821982|Timestamp:20150529171341|Transaction-Type:302|Transaction-Id:|Response-Code:|<?xml version="1.0" encoding="UTF-8"?>
<Ticket serialNo="T-123456" PIN="PIN-111" inputChannel="0" validationCode="111111"/>,hash=990687344), get digest:86067700916c270dc454c5963a61442a
[2015-05-29 17:13:41,992][Test worker][DEBUG][TEPortServlet] Got request header(name=X-Transaction-Type, value=302).
[2015-05-29 17:13:41,992][Test worker][DEBUG][TEPortServlet] Got request header(name=X-Protocal-Version, value=1.5).
[2015-05-29 17:13:41,992][Test worker][DEBUG][TEPortServlet] Got request header(name=X-Timestamp, value=20150529171341).
[2015-05-29 17:13:41,992][Test worker][DEBUG][TEPortServlet] Got request header(name=X-GPE-Id, value=GPE-111).
[2015-05-29 17:13:41,992][Test worker][DEBUG][TEPortServlet] Got request header(name=X-Trace-Message-Id, value=1432890821982).
[2015-05-29 17:13:41,992][Test worker][DEBUG][TEPortServlet] Got request header(name=X-Operator-Id, value=OPERATOR-111).
[2015-05-29 17:13:41,992][Test worker][DEBUG][TEPortServlet] Got request header(name=X-Terminal-Id, value=111).
[2015-05-29 17:13:41,992][Test worker][DEBUG][TEPortServlet] Got request header(name=X-MAC, value=86067700916c270dc454c5963a61442a).
[2015-05-29 17:13:41,992][Test worker][DEBUG][TEPortServlet] Got request header(name=X-Game-Type-Id, value=5).
[2015-05-29 17:13:41,992][Test worker][DEBUG][TEPortServlet] Got request header(name=X-Trans-BatchNumber, value=20150529).
[2015-05-29 17:13:41,992][Test worker][DEBUG][TEPortServlet] Got request header(name=X-GPS-Location, value=40.714353,-74.005973).
[2015-05-29 17:13:41,994][Test worker][DEBUG][TEPortServlet] Got request from localhost, and the message body is:pq3FqO8HCcAnaobA+xpVnADmrnwj1vrK59BGhqvtskYFWTsa2cbe6ttFDFcpmi1MamgAomcAmY5LLjGi9xkBnU1BEvHNn52b8xC1/rHPLC/2EOian+jXB2MZ0SBNWTkwTVt8IK/54w+cO5k4vNG0fFB6ldp8o5p+0cW+Kh9oBbk=.
[2015-05-29 17:13:41,994][Test worker][DEBUG][ProtocolSerializer] Start to deserialize request context(Protocal-Version:1.5|GPE_Id:GPE-111|Terminal-Id:111|Operator-Id:OPERATOR-111|Trans-BatchNumber:20150529|TractMsg-Id:1432890821982|Timestamp:20150529171341|Transaction-Type:302|Transaction-Id:|Response-Code:|).
[2015-05-29 17:13:41,994][Test worker][DEBUG][ProtocolSerializer] Finish decrypting cipher into original xml:<?xml version="1.0" encoding="UTF-8"?>
<Ticket serialNo="T-123456" PIN="PIN-111" inputChannel="0" validationCode="111111"/>
[2015-05-29 17:13:41,994][Test worker][DEBUG][ProtocolSerializer] Start to do MAC(key=P2Bbo6+bSSR9O2Qc89f3b4oHTyE1V2gF) on (Protocal-Version:1.5|GPE_Id:GPE-111|Terminal-Id:111|Operator-Id:OPERATOR-111|Trans-BatchNumber:20150529|TractMsg-Id:1432890821982|Timestamp:20150529171341|Transaction-Type:302|Transaction-Id:|Response-Code:|<?xml version="1.0" encoding="UTF-8"?>
<Ticket serialNo="T-123456" PIN="PIN-111" inputChannel="0" validationCode="111111"/>,hash=990687344), get digest:86067700916c270dc454c5963a61442a
[2015-05-29 17:13:41,994][Test worker][DEBUG][MLotteryContext] find mapping file definition(xml-mapping/game/toto/Payout_Req.xml) by key(5.transtype.302).
[2015-05-29 17:13:41,994][Test worker][DEBUG][ProtocolSerializer] Start to deserialize model: model=null,mappingFile=xml-mapping/game/toto/Payout_Req.xml
[2015-05-29 17:13:41,995][Test worker][DEBUG][MLotteryContext] find mapping file definition(xml-mapping/game/toto/Payout_Req.xml) by key(5.transtype.302).
[2015-05-29 17:13:42,008][Test worker][DEBUG][RoutineRegistry] Try to lookup handler by routine key(5_302_1.5.0).
[2015-05-29 17:13:42,008][Test worker][DEBUG][RoutineRegistry] Try to lookup handler by routine key(5_302_).
[2015-05-29 17:13:42,008][Test worker][DEBUG][RoutineRegistry] Lookup controller by key(5_302_), found controller(com.mpos.lottery.te.gameimpl.toto.ToToController@6e596eed) and method(public void com.mpos.lottery.te.gameimpl.toto.ToToController.payout(com.mpos.lottery.te.port.Context,com.mpos.lottery.te.port.Context) throws com.mpos.lottery.te.config.exception.ApplicationException).
[2015-05-29 17:13:42,032][Test worker][DEBUG][AbstractPrizeService] Handle winnings of lucky draw of ticket(serialNo:nAmMGjJjE2Fpdde2k1iZRw==), total 0 winning items found.
[2015-05-29 17:13:42,036][Test worker][DEBUG][MerchantServiceImpl] Use the payout-limit setting(max=10000000,min=100) of Operator(Operator [id=OPERATOR-111, loginName=OPERATOR-LOGIN, creditType=1, saleCreditLevel=200000000, payoutCreditLevel=1000, cashoutBalance=0, commisionBalance=0]) to verify payout limit.
[2015-05-29 17:13:42,036][Test worker][DEBUG][BaseJpaDao] Retrieve database connection: net.sf.log4jdbc.ConnectionSpy@3673a817
[2015-05-29 17:13:42,040][Test worker][WARN ][BaseJpaDao] Should be at most only 1 entity(com.mpos.lottery.te.merchant.domain.OperatorCommission) found, however total 2 entities found... the 1st entity(com.mpos.lottery.te.merchant.domain.OperatorCommission@6fe56938) will be returned.
[2015-05-29 17:13:42,040][Test worker][DEBUG][DefaultCreditService] Calculate commssion for (merchant=111 +operator=OPERATOR-111,gameId=GAME-TOTO-1,commType=1,commRate=0) 
[2015-05-29 17:13:42,051][Test worker][DEBUG][DefaultCreditService] The current credit level(before transaction) of Operator [id=OPERATOR-111, loginName=OPERATOR-LOGIN, creditType=1, saleCreditLevel=200000000, payoutCreditLevel=1000, cashoutBalance=0, commisionBalance=0] is saleCreditLevel:200000000,payoutCreditLevel:1000
[2015-05-29 17:13:42,051][Test worker][DEBUG][DefaultCreditService] The new payout credit level of Operator [id=OPERATOR-111, loginName=OPERATOR-LOGIN, creditType=1, saleCreditLevel=200000000, payoutCreditLevel=20806, cashoutBalance=0, commisionBalance=0.000000] is 20806
[2015-05-29 17:13:42,060][Test worker][DEBUG][CommonFacadeService] Prepare to publish message to exchange[TE.302] with routing key[TE.302.5]: id: "0115052900000000002027"
dev_id: "111"
operator_id: "OPERATOR-111"
merchant_id: "111"
create_time: 1432890821000
trans_type: 302
game_id: "GAME-TOTO-1"
game_type: 5
total_amount: "19806"

[2015-05-29 17:13:42,060][Test worker][DEBUG][CommonFacadeService] Publish message successfully
[2015-05-29 17:13:42,061][Test worker][DEBUG][MLotteryContext] find mapping file definition(xml-mapping/game/toto/Payout_Res.xml) by key(5.transtype.4302).
[2015-05-29 17:13:42,061][Test worker][DEBUG][ProtocolSerializer] Start to serialize model(class com.mpos.lottery.te.gamespec.prize.web.PrizeDto),mappingFile=xml-mapping/game/toto/Payout_Res.xml
[2015-05-29 17:13:42,061][Test worker][DEBUG][MLotteryContext] find mapping file definition(xml-mapping/game/toto/Payout_Res.xml) by key(5.transtype.4302).
[2015-05-29 17:13:42,071][Test worker][DEBUG][CastorHelper] Finish marshaling input(typeclass com.mpos.lottery.te.gamespec.prize.web.PrizeDto, mappingFile=xml-mapping/game/toto/Payout_Res.xml).
[2015-05-29 17:13:42,072][Test worker][DEBUG][ProtocolSerializer] Finish mac(macKey=P2Bbo6+bSSR9O2Qc89f3b4oHTyE1V2gF,macString=Protocal-Version:1.5|GPE_Id:GPE-111|Terminal-Id:111|Operator-Id:OPERATOR-111|Trans-BatchNumber:20150529|TractMsg-Id:1432890821982|Timestamp:20150529171341|Transaction-Type:4302|Transaction-Id:0115052900000000002027|Response-Code:200|<?xml version="1.0" encoding="UTF-8"?>
<Payout returnAmount="0" luckyAmount="0" prizeAmount="22000" taxAmount="2200" actualAmount="19806" mode="0"/>):72a86b70cc4e9d958068b20ae0d09f11
[2015-05-29 17:13:42,072][Test worker][DEBUG][TEPortServlet] Write response to client(host1=localhost,sizeOfPack=204) succesfully.
[2015-05-29 17:13:42,072][Test worker][DEBUG][BaseServletIntegrationTest] Got response(code=200,length=204): <?xml version="1.0" encoding="UTF-8"?>
<Payout returnAmount="0" luckyAmount="0" prizeAmount="22000" taxAmount="2200" actualAmount="19806" mode="0"/>
[2015-05-29 17:13:42,072][Test worker][DEBUG][MLotteryContext] find mapping file definition(xml-mapping/game/toto/Payout_Res.xml) by key(5.transtype.4302).
]]></system-out>
  <system-err><![CDATA[]]></system-err>
</testsuite>
