<?xml version="1.0" encoding="UTF-8"?>
<testsuite name="com.mpos.lottery.te.valueaddservice.vat.sale.VatB2BSaleIntegrationTest" tests="4" skipped="0" failures="0" errors="0" timestamp="2015-05-29T09:14:40" hostname="Ramon-PC" time="0.37">
  <properties/>
  <testcase name="testSaleRaffle_NoBet_UnderMinThresholdAmount_OK" classname="com.mpos.lottery.te.valueaddservice.vat.sale.VatB2BSaleIntegrationTest" time="0.073"/>
  <testcase name="testSaleRaffle_SingleBet_BigMoney_OK" classname="com.mpos.lottery.te.valueaddservice.vat.sale.VatB2BSaleIntegrationTest" time="0.09"/>
  <testcase name="testSaleRaffle_SingleBet_OK" classname="com.mpos.lottery.te.valueaddservice.vat.sale.VatB2BSaleIntegrationTest" time="0.095"/>
  <testcase name="testSaleMagic100_SingleBet_OK" classname="com.mpos.lottery.te.valueaddservice.vat.sale.VatB2BSaleIntegrationTest" time="0.112"/>
  <system-out><![CDATA[[2015-05-29 17:14:40,734][Test worker][DEBUG][TEPortServlet] Startup job scheduer(org.quartz.impl.StdScheduler@4d1e5820) successfully.
[2015-05-29 17:14:40,734][Test worker][WARN ][TEPortServlet] can NOT find META file:F:\project\M.Lottery\TE\TRUNK_TE\sourcecode\build\classes\main\META-INF\MANIFEST.MF
[2015-05-29 17:14:40,734][Test worker][DEBUG][TEPortServlet] Register MBean(com.mpos.lottery.te.common.jmx.TransactionTimeout@6cf368cf) with name(com.mpos.lottery.te:type=TransactionTimeoutMBean) successfully.
[2015-05-29 17:14:40,734][Test worker][DEBUG][BaseTransactionalIntegrationTest] Retrieve a ApplicationContext(org.springframework.web.context.support.GenericWebApplicationContext@34f645a8: startup date [Fri May 29 17:12:38 CST 2015]; root of context hierarchy).
[2015-05-29 17:14:40,735][Test worker][INFO ][BaseTransactionalIntegrationTest] +------------------------------------------------------------------------------------------------------------------------+
[2015-05-29 17:14:40,735][Test worker][INFO ][BaseTransactionalIntegrationTest] | VatB2BSaleIntegrationTest.testSaleRaffle_NoBet_UnderMinThresholdAmount_OK                                              |
[2015-05-29 17:14:40,735][Test worker][INFO ][BaseTransactionalIntegrationTest] +------------------------------------------------------------------------------------------------------------------------+
[2015-05-29 17:14:40,738][Test worker][DEBUG][MLotteryContext] find mapping file definition(xml-mapping/vat/SellTicket_Req.xml) by key(-2.transtype.200).
[2015-05-29 17:14:40,739][Test worker][DEBUG][CastorHelper] Finish marshaling input(typeclass com.mpos.lottery.te.valueaddservice.vat.VatSaleTransaction, mappingFile=xml-mapping/vat/SellTicket_Req.xml).
[2015-05-29 17:14:40,739][Test worker][DEBUG][BaseServletIntegrationTest] Do MAC(key=P2Bbo6+bSSR9O2Qc89f3b4oHTyE1V2gF) on (Protocal-Version:1.5|GPE_Id:GPE-111|Terminal-Id:111|Operator-Id:OPERATOR-111|Trans-BatchNumber:20150529|TractMsg-Id:1432890880738|Timestamp:20150529171440|Transaction-Type:200|Transaction-Id:|Response-Code:|<?xml version="1.0" encoding="UTF-8"?>
<VAT totalAmount="940" code="foodA" buyerTaxNo="TAX-112" rate="0"/>,hash=-1354018520), get digest:e04deb8d79bd3edeec967916e12f5ee4
[2015-05-29 17:14:40,739][Test worker][DEBUG][TEPortServlet] Got request header(name=X-Transaction-Type, value=200).
[2015-05-29 17:14:40,739][Test worker][DEBUG][TEPortServlet] Got request header(name=X-Protocal-Version, value=1.5).
[2015-05-29 17:14:40,739][Test worker][DEBUG][TEPortServlet] Got request header(name=X-Timestamp, value=20150529171440).
[2015-05-29 17:14:40,739][Test worker][DEBUG][TEPortServlet] Got request header(name=X-GPE-Id, value=GPE-111).
[2015-05-29 17:14:40,739][Test worker][DEBUG][TEPortServlet] Got request header(name=X-Trace-Message-Id, value=1432890880738).
[2015-05-29 17:14:40,739][Test worker][DEBUG][TEPortServlet] Got request header(name=X-Operator-Id, value=OPERATOR-111).
[2015-05-29 17:14:40,739][Test worker][DEBUG][TEPortServlet] Got request header(name=X-Terminal-Id, value=111).
[2015-05-29 17:14:40,739][Test worker][DEBUG][TEPortServlet] Got request header(name=X-MAC, value=e04deb8d79bd3edeec967916e12f5ee4).
[2015-05-29 17:14:40,739][Test worker][DEBUG][TEPortServlet] Got request header(name=X-Game-Type-Id, value=-2).
[2015-05-29 17:14:40,739][Test worker][DEBUG][TEPortServlet] Got request header(name=X-Trans-BatchNumber, value=20150529).
[2015-05-29 17:14:40,739][Test worker][DEBUG][TEPortServlet] Got request header(name=X-GPS-Location, value=40.714353,-74.005973).
[2015-05-29 17:14:40,742][Test worker][DEBUG][TEPortServlet] Got request from localhost, and the message body is:pq3FqO8HCcAnaobA+xpVnADmrnwj1vrK59BGhqvtskYFWTsa2cbe6m1r0kCL0Gd72PIRSa/j7rRTzPiVvg+pgDIcI6KSvtziHVgBF4fZ+ahYP0oo2aOKiFKXMm2CMMW3XaOOUUKqeuarORo6J6A/HA==.
[2015-05-29 17:14:40,742][Test worker][DEBUG][ProtocolSerializer] Start to deserialize request context(Protocal-Version:1.5|GPE_Id:GPE-111|Terminal-Id:111|Operator-Id:OPERATOR-111|Trans-BatchNumber:20150529|TractMsg-Id:1432890880738|Timestamp:20150529171440|Transaction-Type:200|Transaction-Id:|Response-Code:|).
[2015-05-29 17:14:40,742][Test worker][DEBUG][ProtocolSerializer] Finish decrypting cipher into original xml:<?xml version="1.0" encoding="UTF-8"?>
<VAT totalAmount="940" code="foodA" buyerTaxNo="TAX-112" rate="0"/>
[2015-05-29 17:14:40,743][Test worker][DEBUG][ProtocolSerializer] Start to do MAC(key=P2Bbo6+bSSR9O2Qc89f3b4oHTyE1V2gF) on (Protocal-Version:1.5|GPE_Id:GPE-111|Terminal-Id:111|Operator-Id:OPERATOR-111|Trans-BatchNumber:20150529|TractMsg-Id:1432890880738|Timestamp:20150529171440|Transaction-Type:200|Transaction-Id:|Response-Code:|<?xml version="1.0" encoding="UTF-8"?>
<VAT totalAmount="940" code="foodA" buyerTaxNo="TAX-112" rate="0"/>,hash=-1354018520), get digest:e04deb8d79bd3edeec967916e12f5ee4
[2015-05-29 17:14:40,743][Test worker][DEBUG][MLotteryContext] find mapping file definition(xml-mapping/vat/SellTicket_Req.xml) by key(-2.transtype.200).
[2015-05-29 17:14:40,743][Test worker][DEBUG][ProtocolSerializer] Start to deserialize model: model=null,mappingFile=xml-mapping/vat/SellTicket_Req.xml
[2015-05-29 17:14:40,743][Test worker][DEBUG][MLotteryContext] find mapping file definition(xml-mapping/vat/SellTicket_Req.xml) by key(-2.transtype.200).
[2015-05-29 17:14:40,757][Test worker][DEBUG][RoutineRegistry] Try to lookup handler by routine key(-2_200_1.5.0).
[2015-05-29 17:14:40,757][Test worker][DEBUG][RoutineRegistry] Try to lookup handler by routine key(-2_200_).
[2015-05-29 17:14:40,757][Test worker][DEBUG][RoutineRegistry] Lookup controller by key(-2_200_), found controller(com.mpos.lottery.te.valueaddservice.vat.VatController@1aeefda9) and method(public void com.mpos.lottery.te.valueaddservice.vat.VatController.sell(com.mpos.lottery.te.port.Context,com.mpos.lottery.te.port.Context) throws com.mpos.lottery.te.config.exception.ApplicationException).
[2015-05-29 17:14:40,764][Test worker][DEBUG][UUIDServiceImpl] Assemble a new reference No.:01114745019400001388
[2015-05-29 17:14:40,765][Test worker][INFO ][DefaultVatSaleService] THe vat amount(940) is under minial threshold amount of sale: 9999999999
[2015-05-29 17:14:40,780][Test worker][DEBUG][CommonFacadeService] No sale message found, won't publish.
[2015-05-29 17:14:40,781][Test worker][DEBUG][MLotteryContext] find mapping file definition(xml-mapping/vat/SellTicket_Raffle_Res.xml) by key(14.transtype.4200.-14).
[2015-05-29 17:14:40,781][Test worker][DEBUG][ProtocolSerializer] Start to serialize model(class com.mpos.lottery.te.valueaddservice.vat.VatSaleTransaction),mappingFile=xml-mapping/vat/SellTicket_Raffle_Res.xml
[2015-05-29 17:14:40,781][Test worker][DEBUG][MLotteryContext] find mapping file definition(xml-mapping/vat/SellTicket_Raffle_Res.xml) by key(14.transtype.4200.-14).
[2015-05-29 17:14:40,781][Test worker][DEBUG][CastorHelper] Finish marshaling input(typeclass com.mpos.lottery.te.valueaddservice.vat.VatSaleTransaction, mappingFile=xml-mapping/vat/SellTicket_Raffle_Res.xml).
[2015-05-29 17:14:40,781][Test worker][DEBUG][ProtocolSerializer] Finish mac(macKey=P2Bbo6+bSSR9O2Qc89f3b4oHTyE1V2gF,macString=Protocal-Version:-14|GPE_Id:GPE-111|Terminal-Id:111|Operator-Id:OPERATOR-111|Trans-BatchNumber:20150529|TractMsg-Id:1432890880738|Timestamp:20150529171440|Transaction-Type:4200|Transaction-Id:0115052900000000002422|Response-Code:200|<?xml version="1.0" encoding="UTF-8"?>
<VAT totalAmount="940" code="foodA" buyerTaxNo="TAX-112" rate="0.1" refNo="01114745019400001388"/>):62b21f385ab8ffaded8dfb047a8a535b
[2015-05-29 17:14:40,782][Test worker][DEBUG][TEPortServlet] Write response to client(host1=localhost,sizeOfPack=192) succesfully.
[2015-05-29 17:14:40,782][Test worker][DEBUG][BaseServletIntegrationTest] Got response(code=200,length=192): <?xml version="1.0" encoding="UTF-8"?>
<VAT totalAmount="940" code="foodA" buyerTaxNo="TAX-112" rate="0.1" refNo="01114745019400001388"/>
[2015-05-29 17:14:40,782][Test worker][DEBUG][MLotteryContext] find mapping file definition(xml-mapping/vat/SellTicket_Raffle_Res.xml) by key(14.transtype.4200.-14).
[2015-05-29 17:14:40,798][Test worker][DEBUG][TEPortServlet] Startup job scheduer(org.quartz.impl.StdScheduler@4d1e5820) successfully.
[2015-05-29 17:14:40,799][Test worker][WARN ][TEPortServlet] can NOT find META file:F:\project\M.Lottery\TE\TRUNK_TE\sourcecode\build\classes\main\META-INF\MANIFEST.MF
[2015-05-29 17:14:40,799][Test worker][DEBUG][TEPortServlet] Register MBean(com.mpos.lottery.te.common.jmx.TransactionTimeout@52bf78a9) with name(com.mpos.lottery.te:type=TransactionTimeoutMBean) successfully.
[2015-05-29 17:14:40,799][Test worker][DEBUG][BaseTransactionalIntegrationTest] Retrieve a ApplicationContext(org.springframework.web.context.support.GenericWebApplicationContext@34f645a8: startup date [Fri May 29 17:12:38 CST 2015]; root of context hierarchy).
[2015-05-29 17:14:40,799][Test worker][INFO ][BaseTransactionalIntegrationTest] +------------------------------------------------------------------------------------------------------------------------+
[2015-05-29 17:14:40,799][Test worker][INFO ][BaseTransactionalIntegrationTest] | VatB2BSaleIntegrationTest.testSaleRaffle_SingleBet_BigMoney_OK                                                         |
[2015-05-29 17:14:40,799][Test worker][INFO ][BaseTransactionalIntegrationTest] +------------------------------------------------------------------------------------------------------------------------+
[2015-05-29 17:14:40,801][Test worker][DEBUG][VatB2BSaleIntegrationTest] ------ oldBalance(com.mpos.lottery.te.valueaddservice.vat.VatOperatorBalance@146a7ed6).
[2015-05-29 17:14:40,802][Test worker][DEBUG][MLotteryContext] find mapping file definition(xml-mapping/vat/SellTicket_Req.xml) by key(-2.transtype.200).
[2015-05-29 17:14:40,802][Test worker][DEBUG][CastorHelper] Finish marshaling input(typeclass com.mpos.lottery.te.valueaddservice.vat.VatSaleTransaction, mappingFile=xml-mapping/vat/SellTicket_Req.xml).
[2015-05-29 17:14:40,802][Test worker][DEBUG][BaseServletIntegrationTest] Do MAC(key=P2Bbo6+bSSR9O2Qc89f3b4oHTyE1V2gF) on (Protocal-Version:1.5|GPE_Id:GPE-111|Terminal-Id:111|Operator-Id:OPERATOR-111|Trans-BatchNumber:20150529|TractMsg-Id:1432890880801|Timestamp:20150529171440|Transaction-Type:200|Transaction-Id:|Response-Code:|<?xml version="1.0" encoding="UTF-8"?>
<VAT totalAmount="94000" code="foodA" buyerTaxNo="TAX-112" rate="0"/>,hash=-1884481659), get digest:ab5345c3049abf4ab18761ce81400d4d
[2015-05-29 17:14:40,802][Test worker][DEBUG][TEPortServlet] Got request header(name=X-Transaction-Type, value=200).
[2015-05-29 17:14:40,802][Test worker][DEBUG][TEPortServlet] Got request header(name=X-Protocal-Version, value=1.5).
[2015-05-29 17:14:40,802][Test worker][DEBUG][TEPortServlet] Got request header(name=X-Timestamp, value=20150529171440).
[2015-05-29 17:14:40,802][Test worker][DEBUG][TEPortServlet] Got request header(name=X-GPE-Id, value=GPE-111).
[2015-05-29 17:14:40,803][Test worker][DEBUG][TEPortServlet] Got request header(name=X-Trace-Message-Id, value=1432890880801).
[2015-05-29 17:14:40,803][Test worker][DEBUG][TEPortServlet] Got request header(name=X-Operator-Id, value=OPERATOR-111).
[2015-05-29 17:14:40,803][Test worker][DEBUG][TEPortServlet] Got request header(name=X-Terminal-Id, value=111).
[2015-05-29 17:14:40,803][Test worker][DEBUG][TEPortServlet] Got request header(name=X-MAC, value=ab5345c3049abf4ab18761ce81400d4d).
[2015-05-29 17:14:40,803][Test worker][DEBUG][TEPortServlet] Got request header(name=X-Game-Type-Id, value=-2).
[2015-05-29 17:14:40,803][Test worker][DEBUG][TEPortServlet] Got request header(name=X-Trans-BatchNumber, value=20150529).
[2015-05-29 17:14:40,803][Test worker][DEBUG][TEPortServlet] Got request header(name=X-GPS-Location, value=40.714353,-74.005973).
[2015-05-29 17:14:40,804][Test worker][DEBUG][TEPortServlet] Got request from localhost, and the message body is:pq3FqO8HCcAnaobA+xpVnADmrnwj1vrK59BGhqvtskYFWTsa2cbe6m1r0kCL0Gd72PIRSa/j7rTBht3+gHgit7GU7jznwsyDnyRXm440OOF9e+MrjdeUlC/NfUQ5zViKkOn7SqQQSkoxKFZRckxBdA==.
[2015-05-29 17:14:40,804][Test worker][DEBUG][ProtocolSerializer] Start to deserialize request context(Protocal-Version:1.5|GPE_Id:GPE-111|Terminal-Id:111|Operator-Id:OPERATOR-111|Trans-BatchNumber:20150529|TractMsg-Id:1432890880801|Timestamp:20150529171440|Transaction-Type:200|Transaction-Id:|Response-Code:|).
[2015-05-29 17:14:40,804][Test worker][DEBUG][ProtocolSerializer] Finish decrypting cipher into original xml:<?xml version="1.0" encoding="UTF-8"?>
<VAT totalAmount="94000" code="foodA" buyerTaxNo="TAX-112" rate="0"/>
[2015-05-29 17:14:40,805][Test worker][DEBUG][ProtocolSerializer] Start to do MAC(key=P2Bbo6+bSSR9O2Qc89f3b4oHTyE1V2gF) on (Protocal-Version:1.5|GPE_Id:GPE-111|Terminal-Id:111|Operator-Id:OPERATOR-111|Trans-BatchNumber:20150529|TractMsg-Id:1432890880801|Timestamp:20150529171440|Transaction-Type:200|Transaction-Id:|Response-Code:|<?xml version="1.0" encoding="UTF-8"?>
<VAT totalAmount="94000" code="foodA" buyerTaxNo="TAX-112" rate="0"/>,hash=-1884481659), get digest:ab5345c3049abf4ab18761ce81400d4d
[2015-05-29 17:14:40,805][Test worker][DEBUG][MLotteryContext] find mapping file definition(xml-mapping/vat/SellTicket_Req.xml) by key(-2.transtype.200).
[2015-05-29 17:14:40,805][Test worker][DEBUG][ProtocolSerializer] Start to deserialize model: model=null,mappingFile=xml-mapping/vat/SellTicket_Req.xml
[2015-05-29 17:14:40,805][Test worker][DEBUG][MLotteryContext] find mapping file definition(xml-mapping/vat/SellTicket_Req.xml) by key(-2.transtype.200).
[2015-05-29 17:14:40,816][Test worker][DEBUG][RoutineRegistry] Try to lookup handler by routine key(-2_200_1.5.0).
[2015-05-29 17:14:40,817][Test worker][DEBUG][RoutineRegistry] Try to lookup handler by routine key(-2_200_).
[2015-05-29 17:14:40,817][Test worker][DEBUG][RoutineRegistry] Lookup controller by key(-2_200_), found controller(com.mpos.lottery.te.valueaddservice.vat.VatController@1aeefda9) and method(public void com.mpos.lottery.te.valueaddservice.vat.VatController.sell(com.mpos.lottery.te.port.Context,com.mpos.lottery.te.port.Context) throws com.mpos.lottery.te.config.exception.ApplicationException).
[2015-05-29 17:14:40,824][Test worker][DEBUG][UUIDServiceImpl] Assemble a new reference No.:01114745019400001413
[2015-05-29 17:14:40,830][Test worker][INFO ][AbstractGameInstanceService] No channel game instance time definiton found, ignore it.
[2015-05-29 17:14:40,831][Test worker][DEBUG][UUIDServiceImpl] Assemble a new ticket serial number:01111745419400021464
[2015-05-29 17:14:40,835][Test worker][DEBUG][DefaultTicketValidator] THe max allowed multi-draw of operation parameter is 10, merchant limit to 3, the smaller 3 will be used.
[2015-05-29 17:14:40,844][Test worker][DEBUG][DefaultBalanceService] Operator before transaction -  Operator [id=OPERATOR-111, loginName=OPERATOR-LOGIN, creditType=1, saleCreditLevel=200000000, payoutCreditLevel=1000, cashoutBalance=0, commisionBalance=0]
[2015-05-29 17:14:40,844][Test worker][DEBUG][DefaultBalanceService] Found balance strategy:com.mpos.lottery.te.merchant.service.balance.SaleBalanceStrategy@e1f8aba
[2015-05-29 17:14:40,844][Test worker][DEBUG][DefaultBalanceService] Operator after transaction -  Operator [id=OPERATOR-111, loginName=OPERATOR-LOGIN, creditType=1, saleCreditLevel=199999900, payoutCreditLevel=1000, cashoutBalance=0, commisionBalance=0]
[2015-05-29 17:14:40,847][Test worker][WARN ][BaseJpaDao] Should be at most only 1 entity(com.mpos.lottery.te.merchant.domain.OperatorCommission) found, however total 2 entities found... the 1st entity(com.mpos.lottery.te.merchant.domain.OperatorCommission@6bf1b693) will be returned.
[2015-05-29 17:14:40,852][Test worker][DEBUG][DefaultVatSaleService] Operator(id=OPERATOR-111) is in B2B, has bought ticket(serialNO=01111745419400021464) of game Type: RAFFLE
[2015-05-29 17:14:40,862][Test worker][DEBUG][CommonFacadeService] Prepare to publish message to exchange[TE.200] with routing key[TE.200.14]: transaction {
  id: "0115052900000000002423"
  dev_id: "111"
  operator_id: "OPERATOR-111"
  merchant_id: "111"
  create_time: 1432890880000
  trans_type: 200
  game_id: "RA-1"
  game_type: 14
  total_amount: "100"
}
multi_draw: 1
total_amount: "100"
serial_no: "y013eOifYgLGbGoBsy6Aio7tCiHaAe47"
game_instance {
  id: "GII-112"
}

[2015-05-29 17:14:40,862][Test worker][DEBUG][CommonFacadeService] Publish message successfully
[2015-05-29 17:14:40,862][Test worker][DEBUG][MLotteryContext] find mapping file definition(xml-mapping/vat/SellTicket_Raffle_Res.xml) by key(14.transtype.4200.-14).
[2015-05-29 17:14:40,862][Test worker][DEBUG][ProtocolSerializer] Start to serialize model(class com.mpos.lottery.te.valueaddservice.vat.VatSaleTransaction),mappingFile=xml-mapping/vat/SellTicket_Raffle_Res.xml
[2015-05-29 17:14:40,862][Test worker][DEBUG][MLotteryContext] find mapping file definition(xml-mapping/vat/SellTicket_Raffle_Res.xml) by key(14.transtype.4200.-14).
[2015-05-29 17:14:40,863][Test worker][DEBUG][CastorHelper] Finish marshaling input(typeclass com.mpos.lottery.te.valueaddservice.vat.VatSaleTransaction, mappingFile=xml-mapping/vat/SellTicket_Raffle_Res.xml).
[2015-05-29 17:14:40,863][Test worker][DEBUG][ProtocolSerializer] Finish mac(macKey=P2Bbo6+bSSR9O2Qc89f3b4oHTyE1V2gF,macString=Protocal-Version:-14|GPE_Id:GPE-111|Terminal-Id:111|Operator-Id:OPERATOR-111|Trans-BatchNumber:20150529|TractMsg-Id:1432890880801|Timestamp:20150529171440|Transaction-Type:4200|Transaction-Id:0115052900000000002423|Response-Code:200|<?xml version="1.0" encoding="UTF-8"?>
<VAT totalAmount="94000" code="foodA" buyerTaxNo="TAX-112" rate="0.1" refNo="01114745019400001413"><Ticket serialNo="01111745419400021464" totalAmount="100" type="1" lastDrawNo="11002" barcode="14cK/u9hwZY2Rogq4k24Oeg4G3HSlAl9EbjLdf+UJJlt9Se2CWmp8xatr3+ynZTK23rFiNZtOjBlM=" validationCode="818146" multipleDraws="1" totalBets="1"><GameDraw number="11002" gameId="RA-1" gameTypeId="14"/></Ticket></VAT>):a70294c967e474d3f175d1e8b3057180
[2015-05-29 17:14:40,863][Test worker][DEBUG][TEPortServlet] Write response to client(host1=localhost,sizeOfPack=600) succesfully.
[2015-05-29 17:14:40,864][Test worker][DEBUG][BaseServletIntegrationTest] Got response(code=200,length=600): <?xml version="1.0" encoding="UTF-8"?>
<VAT totalAmount="94000" code="foodA" buyerTaxNo="TAX-112" rate="0.1" refNo="01114745019400001413"><Ticket serialNo="01111745419400021464" totalAmount="100" type="1" lastDrawNo="11002" barcode="14cK/u9hwZY2Rogq4k24Oeg4G3HSlAl9EbjLdf+UJJlt9Se2CWmp8xatr3+ynZTK23rFiNZtOjBlM=" validationCode="818146" multipleDraws="1" totalBets="1"><GameDraw number="11002" gameId="RA-1" gameTypeId="14"/></Ticket></VAT>
[2015-05-29 17:14:40,864][Test worker][DEBUG][MLotteryContext] find mapping file definition(xml-mapping/vat/SellTicket_Raffle_Res.xml) by key(14.transtype.4200.-14).
[2015-05-29 17:14:40,870][Test worker][DEBUG][VatB2BSaleIntegrationTest] ------ newBalance(com.mpos.lottery.te.valueaddservice.vat.VatOperatorBalance@4839d97d).
[2015-05-29 17:14:40,888][Test worker][DEBUG][TEPortServlet] Startup job scheduer(org.quartz.impl.StdScheduler@4d1e5820) successfully.
[2015-05-29 17:14:40,888][Test worker][WARN ][TEPortServlet] can NOT find META file:F:\project\M.Lottery\TE\TRUNK_TE\sourcecode\build\classes\main\META-INF\MANIFEST.MF
[2015-05-29 17:14:40,888][Test worker][DEBUG][TEPortServlet] Register MBean(com.mpos.lottery.te.common.jmx.TransactionTimeout@62bdc816) with name(com.mpos.lottery.te:type=TransactionTimeoutMBean) successfully.
[2015-05-29 17:14:40,889][Test worker][DEBUG][BaseTransactionalIntegrationTest] Retrieve a ApplicationContext(org.springframework.web.context.support.GenericWebApplicationContext@34f645a8: startup date [Fri May 29 17:12:38 CST 2015]; root of context hierarchy).
[2015-05-29 17:14:40,889][Test worker][INFO ][BaseTransactionalIntegrationTest] +------------------------------------------------------------------------------------------------------------------------+
[2015-05-29 17:14:40,889][Test worker][INFO ][BaseTransactionalIntegrationTest] | VatB2BSaleIntegrationTest.testSaleRaffle_SingleBet_OK                                                                  |
[2015-05-29 17:14:40,889][Test worker][INFO ][BaseTransactionalIntegrationTest] +------------------------------------------------------------------------------------------------------------------------+
[2015-05-29 17:14:40,891][Test worker][DEBUG][VatB2BSaleIntegrationTest] ------ oldBalance(com.mpos.lottery.te.valueaddservice.vat.VatOperatorBalance@630358c, id=VOB-1).
[2015-05-29 17:14:40,891][Test worker][DEBUG][MLotteryContext] find mapping file definition(xml-mapping/vat/SellTicket_Req.xml) by key(-2.transtype.200).
[2015-05-29 17:14:40,892][Test worker][DEBUG][CastorHelper] Finish marshaling input(typeclass com.mpos.lottery.te.valueaddservice.vat.VatSaleTransaction, mappingFile=xml-mapping/vat/SellTicket_Req.xml).
[2015-05-29 17:14:40,892][Test worker][DEBUG][BaseServletIntegrationTest] Do MAC(key=P2Bbo6+bSSR9O2Qc89f3b4oHTyE1V2gF) on (Protocal-Version:1.5|GPE_Id:GPE-111|Terminal-Id:111|Operator-Id:OPERATOR-111|Trans-BatchNumber:20150529|TractMsg-Id:1432890880891|Timestamp:20150529171440|Transaction-Type:200|Transaction-Id:|Response-Code:|<?xml version="1.0" encoding="UTF-8"?>
<VAT totalAmount="940" code="foodA" buyerTaxNo="TAX-112" rate="0"/>,hash=-1618466404), get digest:0c8e6fc61272118f0deae34752a76623
[2015-05-29 17:14:40,892][Test worker][DEBUG][TEPortServlet] Got request header(name=X-Transaction-Type, value=200).
[2015-05-29 17:14:40,892][Test worker][DEBUG][TEPortServlet] Got request header(name=X-Protocal-Version, value=1.5).
[2015-05-29 17:14:40,892][Test worker][DEBUG][TEPortServlet] Got request header(name=X-Timestamp, value=20150529171440).
[2015-05-29 17:14:40,892][Test worker][DEBUG][TEPortServlet] Got request header(name=X-GPE-Id, value=GPE-111).
[2015-05-29 17:14:40,892][Test worker][DEBUG][TEPortServlet] Got request header(name=X-Trace-Message-Id, value=1432890880891).
[2015-05-29 17:14:40,892][Test worker][DEBUG][TEPortServlet] Got request header(name=X-Operator-Id, value=OPERATOR-111).
[2015-05-29 17:14:40,892][Test worker][DEBUG][TEPortServlet] Got request header(name=X-Terminal-Id, value=111).
[2015-05-29 17:14:40,892][Test worker][DEBUG][TEPortServlet] Got request header(name=X-MAC, value=0c8e6fc61272118f0deae34752a76623).
[2015-05-29 17:14:40,892][Test worker][DEBUG][TEPortServlet] Got request header(name=X-Game-Type-Id, value=-2).
[2015-05-29 17:14:40,892][Test worker][DEBUG][TEPortServlet] Got request header(name=X-Trans-BatchNumber, value=20150529).
[2015-05-29 17:14:40,892][Test worker][DEBUG][TEPortServlet] Got request header(name=X-GPS-Location, value=40.714353,-74.005973).
[2015-05-29 17:14:40,894][Test worker][DEBUG][TEPortServlet] Got request from localhost, and the message body is:pq3FqO8HCcAnaobA+xpVnADmrnwj1vrK59BGhqvtskYFWTsa2cbe6m1r0kCL0Gd72PIRSa/j7rRTzPiVvg+pgDIcI6KSvtziHVgBF4fZ+ahYP0oo2aOKiFKXMm2CMMW3XaOOUUKqeuarORo6J6A/HA==.
[2015-05-29 17:14:40,894][Test worker][DEBUG][ProtocolSerializer] Start to deserialize request context(Protocal-Version:1.5|GPE_Id:GPE-111|Terminal-Id:111|Operator-Id:OPERATOR-111|Trans-BatchNumber:20150529|TractMsg-Id:1432890880891|Timestamp:20150529171440|Transaction-Type:200|Transaction-Id:|Response-Code:|).
[2015-05-29 17:14:40,894][Test worker][DEBUG][ProtocolSerializer] Finish decrypting cipher into original xml:<?xml version="1.0" encoding="UTF-8"?>
<VAT totalAmount="940" code="foodA" buyerTaxNo="TAX-112" rate="0"/>
[2015-05-29 17:14:40,894][Test worker][DEBUG][ProtocolSerializer] Start to do MAC(key=P2Bbo6+bSSR9O2Qc89f3b4oHTyE1V2gF) on (Protocal-Version:1.5|GPE_Id:GPE-111|Terminal-Id:111|Operator-Id:OPERATOR-111|Trans-BatchNumber:20150529|TractMsg-Id:1432890880891|Timestamp:20150529171440|Transaction-Type:200|Transaction-Id:|Response-Code:|<?xml version="1.0" encoding="UTF-8"?>
<VAT totalAmount="940" code="foodA" buyerTaxNo="TAX-112" rate="0"/>,hash=-1618466404), get digest:0c8e6fc61272118f0deae34752a76623
[2015-05-29 17:14:40,894][Test worker][DEBUG][MLotteryContext] find mapping file definition(xml-mapping/vat/SellTicket_Req.xml) by key(-2.transtype.200).
[2015-05-29 17:14:40,894][Test worker][DEBUG][ProtocolSerializer] Start to deserialize model: model=null,mappingFile=xml-mapping/vat/SellTicket_Req.xml
[2015-05-29 17:14:40,894][Test worker][DEBUG][MLotteryContext] find mapping file definition(xml-mapping/vat/SellTicket_Req.xml) by key(-2.transtype.200).
[2015-05-29 17:14:40,905][Test worker][DEBUG][RoutineRegistry] Try to lookup handler by routine key(-2_200_1.5.0).
[2015-05-29 17:14:40,906][Test worker][DEBUG][RoutineRegistry] Try to lookup handler by routine key(-2_200_).
[2015-05-29 17:14:40,906][Test worker][DEBUG][RoutineRegistry] Lookup controller by key(-2_200_), found controller(com.mpos.lottery.te.valueaddservice.vat.VatController@1aeefda9) and method(public void com.mpos.lottery.te.valueaddservice.vat.VatController.sell(com.mpos.lottery.te.port.Context,com.mpos.lottery.te.port.Context) throws com.mpos.lottery.te.config.exception.ApplicationException).
[2015-05-29 17:14:40,913][Test worker][DEBUG][UUIDServiceImpl] Assemble a new reference No.:01114745019400001552
[2015-05-29 17:14:40,920][Test worker][INFO ][AbstractGameInstanceService] No channel game instance time definiton found, ignore it.
[2015-05-29 17:14:40,920][Test worker][DEBUG][UUIDServiceImpl] Assemble a new ticket serial number:01111745419400021596
[2015-05-29 17:14:40,924][Test worker][DEBUG][DefaultTicketValidator] THe max allowed multi-draw of operation parameter is 10, merchant limit to 3, the smaller 3 will be used.
[2015-05-29 17:14:40,933][Test worker][DEBUG][DefaultBalanceService] Operator before transaction -  Operator [id=OPERATOR-111, loginName=OPERATOR-LOGIN, creditType=1, saleCreditLevel=200000000, payoutCreditLevel=1000, cashoutBalance=0, commisionBalance=0]
[2015-05-29 17:14:40,933][Test worker][DEBUG][DefaultBalanceService] Found balance strategy:com.mpos.lottery.te.merchant.service.balance.SaleBalanceStrategy@e1f8aba
[2015-05-29 17:14:40,933][Test worker][DEBUG][DefaultBalanceService] Operator after transaction -  Operator [id=OPERATOR-111, loginName=OPERATOR-LOGIN, creditType=1, saleCreditLevel=199999900, payoutCreditLevel=1000, cashoutBalance=0, commisionBalance=0]
[2015-05-29 17:14:40,936][Test worker][WARN ][BaseJpaDao] Should be at most only 1 entity(com.mpos.lottery.te.merchant.domain.OperatorCommission) found, however total 2 entities found... the 1st entity(com.mpos.lottery.te.merchant.domain.OperatorCommission@7bc7413) will be returned.
[2015-05-29 17:14:40,941][Test worker][DEBUG][DefaultVatSaleService] Operator(id=OPERATOR-111) is in B2B, has bought ticket(serialNO=01111745419400021596) of game Type: RAFFLE
[2015-05-29 17:14:40,950][Test worker][DEBUG][CommonFacadeService] Prepare to publish message to exchange[TE.200] with routing key[TE.200.14]: transaction {
  id: "0115052900000000002426"
  dev_id: "111"
  operator_id: "OPERATOR-111"
  merchant_id: "111"
  create_time: 1432890880000
  trans_type: 200
  game_id: "RA-1"
  game_type: 14
  total_amount: "100"
}
multi_draw: 1
total_amount: "100"
serial_no: "y013eOifYgLGbGoBsy6AijeLlOplTP/7"
game_instance {
  id: "GII-112"
}

[2015-05-29 17:14:40,950][Test worker][DEBUG][CommonFacadeService] Publish message successfully
[2015-05-29 17:14:40,951][Test worker][DEBUG][MLotteryContext] find mapping file definition(xml-mapping/vat/SellTicket_Raffle_Res.xml) by key(14.transtype.4200.-14).
[2015-05-29 17:14:40,951][Test worker][DEBUG][ProtocolSerializer] Start to serialize model(class com.mpos.lottery.te.valueaddservice.vat.VatSaleTransaction),mappingFile=xml-mapping/vat/SellTicket_Raffle_Res.xml
[2015-05-29 17:14:40,951][Test worker][DEBUG][MLotteryContext] find mapping file definition(xml-mapping/vat/SellTicket_Raffle_Res.xml) by key(14.transtype.4200.-14).
[2015-05-29 17:14:40,951][Test worker][DEBUG][CastorHelper] Finish marshaling input(typeclass com.mpos.lottery.te.valueaddservice.vat.VatSaleTransaction, mappingFile=xml-mapping/vat/SellTicket_Raffle_Res.xml).
[2015-05-29 17:14:40,951][Test worker][DEBUG][ProtocolSerializer] Finish mac(macKey=P2Bbo6+bSSR9O2Qc89f3b4oHTyE1V2gF,macString=Protocal-Version:-14|GPE_Id:GPE-111|Terminal-Id:111|Operator-Id:OPERATOR-111|Trans-BatchNumber:20150529|TractMsg-Id:1432890880891|Timestamp:20150529171440|Transaction-Type:4200|Transaction-Id:0115052900000000002426|Response-Code:200|<?xml version="1.0" encoding="UTF-8"?>
<VAT totalAmount="940" code="foodA" buyerTaxNo="TAX-112" rate="0.1" refNo="01114745019400001552"><Ticket serialNo="01111745419400021596" totalAmount="100" type="1" lastDrawNo="11002" barcode="14cK/u9hwZY2Rogq4k24Oeg4G3HSlAl9EbjLdf+UJJlt9Se2CWmp8xatr3+ynZTK23qTDP6LSifTo=" validationCode="002125" multipleDraws="1" totalBets="1"><GameDraw number="11002" gameId="RA-1" gameTypeId="14"/></Ticket></VAT>):41017bac62d1c26b399ee3ad176ec01a
[2015-05-29 17:14:40,952][Test worker][DEBUG][TEPortServlet] Write response to client(host1=localhost,sizeOfPack=588) succesfully.
[2015-05-29 17:14:40,952][Test worker][DEBUG][BaseServletIntegrationTest] Got response(code=200,length=588): <?xml version="1.0" encoding="UTF-8"?>
<VAT totalAmount="940" code="foodA" buyerTaxNo="TAX-112" rate="0.1" refNo="01114745019400001552"><Ticket serialNo="01111745419400021596" totalAmount="100" type="1" lastDrawNo="11002" barcode="14cK/u9hwZY2Rogq4k24Oeg4G3HSlAl9EbjLdf+UJJlt9Se2CWmp8xatr3+ynZTK23qTDP6LSifTo=" validationCode="002125" multipleDraws="1" totalBets="1"><GameDraw number="11002" gameId="RA-1" gameTypeId="14"/></Ticket></VAT>
[2015-05-29 17:14:40,952][Test worker][DEBUG][MLotteryContext] find mapping file definition(xml-mapping/vat/SellTicket_Raffle_Res.xml) by key(14.transtype.4200.-14).
[2015-05-29 17:14:40,961][Test worker][DEBUG][VatB2BSaleIntegrationTest] ------ newBalance(com.mpos.lottery.te.valueaddservice.vat.VatOperatorBalance@4ccf0b1c,id=VOB-1).
[2015-05-29 17:14:40,983][Test worker][DEBUG][TEPortServlet] Startup job scheduer(org.quartz.impl.StdScheduler@4d1e5820) successfully.
[2015-05-29 17:14:40,983][Test worker][WARN ][TEPortServlet] can NOT find META file:F:\project\M.Lottery\TE\TRUNK_TE\sourcecode\build\classes\main\META-INF\MANIFEST.MF
[2015-05-29 17:14:40,983][Test worker][DEBUG][TEPortServlet] Register MBean(com.mpos.lottery.te.common.jmx.TransactionTimeout@6f83cfca) with name(com.mpos.lottery.te:type=TransactionTimeoutMBean) successfully.
[2015-05-29 17:14:40,984][Test worker][DEBUG][BaseTransactionalIntegrationTest] Retrieve a ApplicationContext(org.springframework.web.context.support.GenericWebApplicationContext@34f645a8: startup date [Fri May 29 17:12:38 CST 2015]; root of context hierarchy).
[2015-05-29 17:14:40,984][Test worker][INFO ][BaseTransactionalIntegrationTest] +------------------------------------------------------------------------------------------------------------------------+
[2015-05-29 17:14:40,984][Test worker][INFO ][BaseTransactionalIntegrationTest] | VatB2BSaleIntegrationTest.testSaleMagic100_SingleBet_OK                                                                |
[2015-05-29 17:14:40,984][Test worker][INFO ][BaseTransactionalIntegrationTest] +------------------------------------------------------------------------------------------------------------------------+
[2015-05-29 17:14:40,987][Test worker][DEBUG][VatB2BSaleIntegrationTest] ------ oldBalance(com.mpos.lottery.te.valueaddservice.vat.VatOperatorBalance@4aa63c6, id=VOB-1).
[2015-05-29 17:14:40,988][Test worker][DEBUG][MLotteryContext] find mapping file definition(xml-mapping/vat/SellTicket_Req.xml) by key(-2.transtype.200).
[2015-05-29 17:14:40,988][Test worker][DEBUG][CastorHelper] Finish marshaling input(typeclass com.mpos.lottery.te.valueaddservice.vat.VatSaleTransaction, mappingFile=xml-mapping/vat/SellTicket_Req.xml).
[2015-05-29 17:14:40,988][Test worker][DEBUG][BaseServletIntegrationTest] Do MAC(key=P2Bbo6+bSSR9O2Qc89f3b4oHTyE1V2gF) on (Protocal-Version:1.5|GPE_Id:GPE-111|Terminal-Id:111|Operator-Id:OPERATOR-111|Trans-BatchNumber:20150529|TractMsg-Id:1432890880987|Timestamp:20150529171440|Transaction-Type:200|Transaction-Id:|Response-Code:|<?xml version="1.0" encoding="UTF-8"?>
<VAT totalAmount="940" code="foodA" buyerTaxNo="TAX-112" rate="0"/>,hash=-1067018940), get digest:baea9b77989df0b2c318f1d548802763
[2015-05-29 17:14:40,989][Test worker][DEBUG][TEPortServlet] Got request header(name=X-Transaction-Type, value=200).
[2015-05-29 17:14:40,989][Test worker][DEBUG][TEPortServlet] Got request header(name=X-Protocal-Version, value=1.5).
[2015-05-29 17:14:40,989][Test worker][DEBUG][TEPortServlet] Got request header(name=X-Timestamp, value=20150529171440).
[2015-05-29 17:14:40,989][Test worker][DEBUG][TEPortServlet] Got request header(name=X-GPE-Id, value=GPE-111).
[2015-05-29 17:14:40,989][Test worker][DEBUG][TEPortServlet] Got request header(name=X-Trace-Message-Id, value=1432890880987).
[2015-05-29 17:14:40,989][Test worker][DEBUG][TEPortServlet] Got request header(name=X-Operator-Id, value=OPERATOR-111).
[2015-05-29 17:14:40,989][Test worker][DEBUG][TEPortServlet] Got request header(name=X-Terminal-Id, value=111).
[2015-05-29 17:14:40,989][Test worker][DEBUG][TEPortServlet] Got request header(name=X-MAC, value=baea9b77989df0b2c318f1d548802763).
[2015-05-29 17:14:40,989][Test worker][DEBUG][TEPortServlet] Got request header(name=X-Game-Type-Id, value=-2).
[2015-05-29 17:14:40,989][Test worker][DEBUG][TEPortServlet] Got request header(name=X-Trans-BatchNumber, value=20150529).
[2015-05-29 17:14:40,989][Test worker][DEBUG][TEPortServlet] Got request header(name=X-GPS-Location, value=40.714353,-74.005973).
[2015-05-29 17:14:40,990][Test worker][DEBUG][TEPortServlet] Got request from localhost, and the message body is:pq3FqO8HCcAnaobA+xpVnADmrnwj1vrK59BGhqvtskYFWTsa2cbe6m1r0kCL0Gd72PIRSa/j7rRTzPiVvg+pgDIcI6KSvtziHVgBF4fZ+ahYP0oo2aOKiFKXMm2CMMW3XaOOUUKqeuarORo6J6A/HA==.
[2015-05-29 17:14:40,991][Test worker][DEBUG][ProtocolSerializer] Start to deserialize request context(Protocal-Version:1.5|GPE_Id:GPE-111|Terminal-Id:111|Operator-Id:OPERATOR-111|Trans-BatchNumber:20150529|TractMsg-Id:1432890880987|Timestamp:20150529171440|Transaction-Type:200|Transaction-Id:|Response-Code:|).
[2015-05-29 17:14:40,991][Test worker][DEBUG][ProtocolSerializer] Finish decrypting cipher into original xml:<?xml version="1.0" encoding="UTF-8"?>
<VAT totalAmount="940" code="foodA" buyerTaxNo="TAX-112" rate="0"/>
[2015-05-29 17:14:40,991][Test worker][DEBUG][ProtocolSerializer] Start to do MAC(key=P2Bbo6+bSSR9O2Qc89f3b4oHTyE1V2gF) on (Protocal-Version:1.5|GPE_Id:GPE-111|Terminal-Id:111|Operator-Id:OPERATOR-111|Trans-BatchNumber:20150529|TractMsg-Id:1432890880987|Timestamp:20150529171440|Transaction-Type:200|Transaction-Id:|Response-Code:|<?xml version="1.0" encoding="UTF-8"?>
<VAT totalAmount="940" code="foodA" buyerTaxNo="TAX-112" rate="0"/>,hash=-1067018940), get digest:baea9b77989df0b2c318f1d548802763
[2015-05-29 17:14:40,991][Test worker][DEBUG][MLotteryContext] find mapping file definition(xml-mapping/vat/SellTicket_Req.xml) by key(-2.transtype.200).
[2015-05-29 17:14:40,991][Test worker][DEBUG][ProtocolSerializer] Start to deserialize model: model=null,mappingFile=xml-mapping/vat/SellTicket_Req.xml
[2015-05-29 17:14:40,991][Test worker][DEBUG][MLotteryContext] find mapping file definition(xml-mapping/vat/SellTicket_Req.xml) by key(-2.transtype.200).
[2015-05-29 17:14:41,003][Test worker][DEBUG][RoutineRegistry] Try to lookup handler by routine key(-2_200_1.5.0).
[2015-05-29 17:14:41,003][Test worker][DEBUG][RoutineRegistry] Try to lookup handler by routine key(-2_200_).
[2015-05-29 17:14:41,003][Test worker][DEBUG][RoutineRegistry] Lookup controller by key(-2_200_), found controller(com.mpos.lottery.te.valueaddservice.vat.VatController@1aeefda9) and method(public void com.mpos.lottery.te.valueaddservice.vat.VatController.sell(com.mpos.lottery.te.port.Context,com.mpos.lottery.te.port.Context) throws com.mpos.lottery.te.config.exception.ApplicationException).
[2015-05-29 17:14:41,012][Test worker][DEBUG][UUIDServiceImpl] Assemble a new reference No.:01114745119400001687
[2015-05-29 17:14:41,019][Test worker][INFO ][AbstractGameInstanceService] No channel game instance time definiton found, ignore it.
[2015-05-29 17:14:41,023][Test worker][INFO ][AbstractGameInstanceService] No channel game instance time definiton found, ignore it.
[2015-05-29 17:14:41,024][Test worker][DEBUG][UUIDServiceImpl] Assemble a new ticket serial number:01111745819400021697
[2015-05-29 17:14:41,039][Test worker][DEBUG][DefaultLuckyNumberService] Use lucky number from REQUEUED RANGE(id=1) instead of main cycle.
[2015-05-29 17:14:41,039][Test worker][DEBUG][DefaultTicketValidator] THe max allowed multi-draw of operation parameter is 10, merchant limit to 3, the smaller 3 will be used.
[2015-05-29 17:14:41,051][Test worker][DEBUG][DefaultBalanceService] Operator before transaction -  Operator [id=OPERATOR-111, loginName=OPERATOR-LOGIN, creditType=1, saleCreditLevel=200000000, payoutCreditLevel=1000, cashoutBalance=0, commisionBalance=0]
[2015-05-29 17:14:41,051][Test worker][DEBUG][DefaultBalanceService] Found balance strategy:com.mpos.lottery.te.merchant.service.balance.SaleBalanceStrategy@e1f8aba
[2015-05-29 17:14:41,051][Test worker][DEBUG][DefaultBalanceService] Operator after transaction -  Operator [id=OPERATOR-111, loginName=OPERATOR-LOGIN, creditType=1, saleCreditLevel=199999900.00, payoutCreditLevel=1000, cashoutBalance=0, commisionBalance=0]
[2015-05-29 17:14:41,059][Test worker][DEBUG][DefaultVatSaleService] Operator(id=OPERATOR-111) is in B2B, has bought ticket(serialNO=01111745819400021697) of game Type: LUCKYNUMBER
[2015-05-29 17:14:41,069][Test worker][DEBUG][CommonFacadeService] Prepare to publish message to exchange[TE.200] with routing key[TE.200.18]: transaction {
  id: "0115052900000000002429"
  dev_id: "111"
  operator_id: "OPERATOR-111"
  merchant_id: "111"
  create_time: 1432890880000
  trans_type: 200
  game_id: "LK-1"
  game_type: 18
  total_amount: "100.00"
}
multi_draw: 1
total_amount: "100.00"
serial_no: "y013eOifYgLRQ7g6vn/TJbypYngmvIdp"
game_instance {
  id: "GII-111"
}
entries {
  selected_number: "7"
  bet_option: 1
  total_bets: 1
  entry_amount: "100"
  input_channel: "0"
}

[2015-05-29 17:14:41,069][Test worker][DEBUG][CommonFacadeService] Publish message successfully
[2015-05-29 17:14:41,069][Test worker][DEBUG][MLotteryContext] find mapping file definition(xml-mapping/vat/SellTicket_Magic100_Res.xml) by key(18.transtype.4200.-18).
[2015-05-29 17:14:41,069][Test worker][DEBUG][ProtocolSerializer] Start to serialize model(class com.mpos.lottery.te.valueaddservice.vat.VatSaleTransaction),mappingFile=xml-mapping/vat/SellTicket_Magic100_Res.xml
[2015-05-29 17:14:41,070][Test worker][DEBUG][MLotteryContext] find mapping file definition(xml-mapping/vat/SellTicket_Magic100_Res.xml) by key(18.transtype.4200.-18).
[2015-05-29 17:14:41,070][Test worker][DEBUG][CastorHelper] Finish marshaling input(typeclass com.mpos.lottery.te.valueaddservice.vat.VatSaleTransaction, mappingFile=xml-mapping/vat/SellTicket_Magic100_Res.xml).
[2015-05-29 17:14:41,070][Test worker][DEBUG][ProtocolSerializer] Finish mac(macKey=P2Bbo6+bSSR9O2Qc89f3b4oHTyE1V2gF,macString=Protocal-Version:-18|GPE_Id:GPE-111|Terminal-Id:111|Operator-Id:OPERATOR-111|Trans-BatchNumber:20150529|TractMsg-Id:1432890880987|Timestamp:20150529171440|Transaction-Type:4200|Transaction-Id:0115052900000000002429|Response-Code:200|<?xml version="1.0" encoding="UTF-8"?>
<VAT totalAmount="940" code="foodA" buyerTaxNo="TAX-112" rate="0.1" refNo="01114745119400001687"><Ticket serialNo="01111745819400021697" barcode="18cK/u9hwZY2Rogq4k24Oeg4G3HSlAl9EbjLdf+UJJlt9Se2CWmp8xagOfh3a994UtF5UPshbgkLA=" type="1" validationCode="199477" multipleDraws="1" lastDrawNo="001" totalBets="1" totalAmount="100.00" isWinning="0"><GameDraw number="001" gameId="LK-1" gameTypeId="18"/><Entry selectedNumber="7" betOption="1" inputChannel="0" isWinning="0" prizeAmount="0" taxAmount="0" entryAmount="100"/></Ticket></VAT>):e5d9081a9e7f46c641c6913ce149f1a7
[2015-05-29 17:14:41,071][Test worker][DEBUG][TEPortServlet] Write response to client(host1=localhost,sizeOfPack=768) succesfully.
[2015-05-29 17:14:41,071][Test worker][DEBUG][BaseServletIntegrationTest] Got response(code=200,length=768): <?xml version="1.0" encoding="UTF-8"?>
<VAT totalAmount="940" code="foodA" buyerTaxNo="TAX-112" rate="0.1" refNo="01114745119400001687"><Ticket serialNo="01111745819400021697" barcode="18cK/u9hwZY2Rogq4k24Oeg4G3HSlAl9EbjLdf+UJJlt9Se2CWmp8xagOfh3a994UtF5UPshbgkLA=" type="1" validationCode="199477" multipleDraws="1" lastDrawNo="001" totalBets="1" totalAmount="100.00" isWinning="0"><GameDraw number="001" gameId="LK-1" gameTypeId="18"/><Entry selectedNumber="7" betOption="1" inputChannel="0" isWinning="0" prizeAmount="0" taxAmount="0" entryAmount="100"/></Ticket></VAT>
[2015-05-29 17:14:41,071][Test worker][DEBUG][MLotteryContext] find mapping file definition(xml-mapping/vat/SellTicket_Magic100_Res.xml) by key(18.transtype.4200.-18).
[2015-05-29 17:14:41,077][Test worker][DEBUG][VatB2BSaleIntegrationTest] ------ newBalance(com.mpos.lottery.te.valueaddservice.vat.VatOperatorBalance@3c0884f8,id=VOB-1).
]]></system-out>
  <system-err><![CDATA[]]></system-err>
</testsuite>
