<?xml version="1.0" encoding="UTF-8"?>
<testsuite name="com.mpos.lottery.te.valueaddservice.vat.DownloadOfflineTicketIntegrationTest" tests="3" skipped="0" failures="0" errors="0" timestamp="2015-05-29T09:14:41" hostname="Ramon-PC" time="0.301">
  <properties/>
  <testcase name="testReservedNumbers_all_luckyNumber" classname="com.mpos.lottery.te.valueaddservice.vat.DownloadOfflineTicketIntegrationTest" time="0.132"/>
  <testcase name="testReservedNumbers_Combination_luckyNumberAndOfflineCancellation" classname="com.mpos.lottery.te.valueaddservice.vat.DownloadOfflineTicketIntegrationTest" time="0.086"/>
  <testcase name="testReservedNumbers_all_offlineCancellation" classname="com.mpos.lottery.te.valueaddservice.vat.DownloadOfflineTicketIntegrationTest" time="0.081"/>
  <system-out><![CDATA[[2015-05-29 17:14:42,002][Test worker][DEBUG][TEPortServlet] Startup job scheduer(org.quartz.impl.StdScheduler@4d1e5820) successfully.
[2015-05-29 17:14:42,002][Test worker][WARN ][TEPortServlet] can NOT find META file:F:\project\M.Lottery\TE\TRUNK_TE\sourcecode\build\classes\main\META-INF\MANIFEST.MF
[2015-05-29 17:14:42,002][Test worker][DEBUG][TEPortServlet] Register MBean(com.mpos.lottery.te.common.jmx.TransactionTimeout@10a5947c) with name(com.mpos.lottery.te:type=TransactionTimeoutMBean) successfully.
[2015-05-29 17:14:42,002][Test worker][DEBUG][BaseTransactionalIntegrationTest] Retrieve a ApplicationContext(org.springframework.web.context.support.GenericWebApplicationContext@34f645a8: startup date [Fri May 29 17:12:38 CST 2015]; root of context hierarchy).
[2015-05-29 17:14:42,003][Test worker][INFO ][BaseTransactionalIntegrationTest] +------------------------------------------------------------------------------------------------------------------------+
[2015-05-29 17:14:42,003][Test worker][INFO ][BaseTransactionalIntegrationTest] | DownloadOfflineTicketIntegrationTest.testReservedNumbers_all_luckyNumber                                               |
[2015-05-29 17:14:42,003][Test worker][INFO ][BaseTransactionalIntegrationTest] +------------------------------------------------------------------------------------------------------------------------+
[2015-05-29 17:14:42,006][Test worker][DEBUG][MLotteryContext] find mapping file definition(xml-mapping/vat/DownloadOfflineTicket_Req.xml) by key(transtype.340).
[2015-05-29 17:14:42,007][Test worker][DEBUG][CastorHelper] Finish marshaling input(typeclass com.mpos.lottery.te.valueaddservice.vat.web.OfflineTicketPackDto, mappingFile=xml-mapping/vat/DownloadOfflineTicket_Req.xml).
[2015-05-29 17:14:42,008][Test worker][DEBUG][BaseServletIntegrationTest] Do MAC(key=P2Bbo6+bSSR9O2Qc89f3b4oHTyE1V2gF) on (Protocal-Version:1.5|GPE_Id:GPE-111|Terminal-Id:111|Operator-Id:OPERATOR-111|Trans-BatchNumber:20150529|TractMsg-Id:1432890882006|Timestamp:20150529171442|Transaction-Type:340|Transaction-Id:|Response-Code:|<?xml version="1.0" encoding="UTF-8"?>
<OfflineTicketPack><VAT code="foodA"/><VatRefNoPack requestCount="5"/><TicketPack requestCount="6"/><SelectedNumberPack requestCount="10"/></OfflineTicketPack>,hash=-559086915), get digest:75ded5adc52677c7c52ac02e05de4ca8
[2015-05-29 17:14:42,008][Test worker][DEBUG][TEPortServlet] Got request header(name=X-Transaction-Type, value=340).
[2015-05-29 17:14:42,008][Test worker][DEBUG][TEPortServlet] Got request header(name=X-Protocal-Version, value=1.5).
[2015-05-29 17:14:42,008][Test worker][DEBUG][TEPortServlet] Got request header(name=X-Timestamp, value=20150529171442).
[2015-05-29 17:14:42,008][Test worker][DEBUG][TEPortServlet] Got request header(name=X-GPE-Id, value=GPE-111).
[2015-05-29 17:14:42,008][Test worker][DEBUG][TEPortServlet] Got request header(name=X-Trace-Message-Id, value=1432890882006).
[2015-05-29 17:14:42,008][Test worker][DEBUG][TEPortServlet] Got request header(name=X-Operator-Id, value=OPERATOR-111).
[2015-05-29 17:14:42,008][Test worker][DEBUG][TEPortServlet] Got request header(name=X-Terminal-Id, value=111).
[2015-05-29 17:14:42,008][Test worker][DEBUG][TEPortServlet] Got request header(name=X-MAC, value=75ded5adc52677c7c52ac02e05de4ca8).
[2015-05-29 17:14:42,008][Test worker][DEBUG][TEPortServlet] Got request header(name=X-Game-Type-Id, value=18).
[2015-05-29 17:14:42,008][Test worker][DEBUG][TEPortServlet] Got request header(name=X-Trans-BatchNumber, value=20150529).
[2015-05-29 17:14:42,008][Test worker][DEBUG][TEPortServlet] Got request header(name=X-GPS-Location, value=40.714353,-74.005973).
[2015-05-29 17:14:42,010][Test worker][DEBUG][TEPortServlet] Got request from localhost, and the message body is:pq3FqO8HCcAnaobA+xpVnADmrnwj1vrK59BGhqvtskYFWTsa2cbe6nq25wN56IGrDL7vF6rE8EUB73gBPOKRow5l+XJgKjAGa75V9lTgkcDxlttaV3HYMzorGdw1U8DZr6j3tbd/oiHTy2AfRN7gkok8k53DtVluChhA8iWlOKuQYBnPHhFpyksNhL0mjKJxhSz8qtdGeVzk5en1kRUPUaqVEqQYPb4+jn3K3b5hol7ydh5noPNvGTv3sLiqxo80v5BwC7JiDGw=.
[2015-05-29 17:14:42,010][Test worker][DEBUG][ProtocolSerializer] Start to deserialize request context(Protocal-Version:1.5|GPE_Id:GPE-111|Terminal-Id:111|Operator-Id:OPERATOR-111|Trans-BatchNumber:20150529|TractMsg-Id:1432890882006|Timestamp:20150529171442|Transaction-Type:340|Transaction-Id:|Response-Code:|).
[2015-05-29 17:14:42,010][Test worker][DEBUG][ProtocolSerializer] Finish decrypting cipher into original xml:<?xml version="1.0" encoding="UTF-8"?>
<OfflineTicketPack><VAT code="foodA"/><VatRefNoPack requestCount="5"/><TicketPack requestCount="6"/><SelectedNumberPack requestCount="10"/></OfflineTicketPack>
[2015-05-29 17:14:42,010][Test worker][DEBUG][ProtocolSerializer] Start to do MAC(key=P2Bbo6+bSSR9O2Qc89f3b4oHTyE1V2gF) on (Protocal-Version:1.5|GPE_Id:GPE-111|Terminal-Id:111|Operator-Id:OPERATOR-111|Trans-BatchNumber:20150529|TractMsg-Id:1432890882006|Timestamp:20150529171442|Transaction-Type:340|Transaction-Id:|Response-Code:|<?xml version="1.0" encoding="UTF-8"?>
<OfflineTicketPack><VAT code="foodA"/><VatRefNoPack requestCount="5"/><TicketPack requestCount="6"/><SelectedNumberPack requestCount="10"/></OfflineTicketPack>,hash=-559086915), get digest:75ded5adc52677c7c52ac02e05de4ca8
[2015-05-29 17:14:42,010][Test worker][DEBUG][MLotteryContext] find mapping file definition(xml-mapping/vat/DownloadOfflineTicket_Req.xml) by key(transtype.340).
[2015-05-29 17:14:42,010][Test worker][DEBUG][ProtocolSerializer] Start to deserialize model: model=null,mappingFile=xml-mapping/vat/DownloadOfflineTicket_Req.xml
[2015-05-29 17:14:42,010][Test worker][DEBUG][MLotteryContext] find mapping file definition(xml-mapping/vat/DownloadOfflineTicket_Req.xml) by key(transtype.340).
[2015-05-29 17:14:42,024][Test worker][DEBUG][RoutineRegistry] Try to lookup handler by routine key(18_340_1.5.0).
[2015-05-29 17:14:42,024][Test worker][DEBUG][RoutineRegistry] Try to lookup handler by routine key(18_340_).
[2015-05-29 17:14:42,024][Test worker][DEBUG][RoutineRegistry] Try to lookup handler by routine key(-1_340_).
[2015-05-29 17:14:42,024][Test worker][DEBUG][RoutineRegistry] Lookup controller by key(-1_340_), found controller(com.mpos.lottery.te.valueaddservice.vat.VatController@1aeefda9) and method(public void com.mpos.lottery.te.valueaddservice.vat.VatController.downloadOfflineTicket(com.mpos.lottery.te.port.Context,com.mpos.lottery.te.port.Context) throws com.mpos.lottery.te.config.exception.ApplicationException).
[2015-05-29 17:14:42,038][Test worker][INFO ][DownloadOfflineTicketServiceImpl] Game Type is [18]
[2015-05-29 17:14:42,065][Test worker][DEBUG][UUIDServiceImpl] Assemble a new ticket serial number:11111745819400022133
[2015-05-29 17:14:42,067][Test worker][DEBUG][UUIDServiceImpl] Assemble a new ticket serial number:11111745819400022201
[2015-05-29 17:14:42,069][Test worker][DEBUG][UUIDServiceImpl] Assemble a new ticket serial number:11111745819400022385
[2015-05-29 17:14:42,072][Test worker][DEBUG][UUIDServiceImpl] Assemble a new ticket serial number:11111745819400022418
[2015-05-29 17:14:42,074][Test worker][DEBUG][UUIDServiceImpl] Assemble a new ticket serial number:11111745819400022544
[2015-05-29 17:14:42,076][Test worker][DEBUG][UUIDServiceImpl] Assemble a new ticket serial number:11111745819400022675
[2015-05-29 17:14:42,080][Test worker][DEBUG][UUIDServiceImpl] Assemble a new reference No.:11114745219400002249
[2015-05-29 17:14:42,080][Test worker][DEBUG][UUIDServiceImpl] Assemble a new reference No.:11114745219400002368
[2015-05-29 17:14:42,080][Test worker][DEBUG][UUIDServiceImpl] Assemble a new reference No.:11114745219400002438
[2015-05-29 17:14:42,080][Test worker][DEBUG][UUIDServiceImpl] Assemble a new reference No.:11114745219400002524
[2015-05-29 17:14:42,080][Test worker][DEBUG][UUIDServiceImpl] Assemble a new reference No.:11114745219400002676
[2015-05-29 17:14:42,084][Test worker][DEBUG][CommonFacadeService] No need to publish AMQP message of transaction(RESERVED_NUMBERS)
[2015-05-29 17:14:42,084][Test worker][DEBUG][MLotteryContext] find mapping file definition(xml-mapping/vat/DownloadOfflineTicket_Res.xml) by key(transtype.4340).
[2015-05-29 17:14:42,084][Test worker][DEBUG][ProtocolSerializer] Start to serialize model(class com.mpos.lottery.te.valueaddservice.vat.web.OfflineTicketPackDto),mappingFile=xml-mapping/vat/DownloadOfflineTicket_Res.xml
[2015-05-29 17:14:42,084][Test worker][DEBUG][MLotteryContext] find mapping file definition(xml-mapping/vat/DownloadOfflineTicket_Res.xml) by key(transtype.4340).
[2015-05-29 17:14:42,108][Test worker][DEBUG][CastorHelper] Finish marshaling input(typeclass com.mpos.lottery.te.valueaddservice.vat.web.OfflineTicketPackDto, mappingFile=xml-mapping/vat/DownloadOfflineTicket_Res.xml).
[2015-05-29 17:14:42,108][Test worker][DEBUG][ProtocolSerializer] Finish mac(macKey=P2Bbo6+bSSR9O2Qc89f3b4oHTyE1V2gF,macString=Protocal-Version:1.5|GPE_Id:GPE-111|Terminal-Id:111|Operator-Id:OPERATOR-111|Trans-BatchNumber:20150529|TractMsg-Id:1432890882006|Timestamp:20150529171442|Transaction-Type:4340|Transaction-Id:0115052900000000002472|Response-Code:200|<?xml version="1.0" encoding="UTF-8"?>
<OfflineTicketPack><VAT code="foodA"/><VatRefNoPack requestCount="5"><VatRefNo refNo="11114745219400002249"/><VatRefNo refNo="11114745219400002368"/><VatRefNo refNo="11114745219400002438"/><VatRefNo refNo="11114745219400002524"/><VatRefNo refNo="11114745219400002676"/></VatRefNoPack><TicketPack requestCount="6"><Ticket serialNo="11111745819400022133" barcode="18cK/u9hwZY2Rogq4k24Oeg4G3HSlAl9EbjLdf+UJJlt+7z++IIDu8BgJITEYgI5SelpTaDG8BXpQ=" validationCode="621377"/><Ticket serialNo="11111745819400022201" barcode="18cK/u9hwZY2Rogq4k24Oeg4G3HSlAl9EbjLdf+UJJlt+7z++IIDu8BgJITEYgI5SeIzf8axKt+bg=" validationCode="928565"/><Ticket serialNo="11111745819400022385" barcode="18cK/u9hwZY2Rogq4k24Oeg4G3HSlAl9EbjLdf+UJJlt+7z++IIDu8BgJITEYgI5SeoDfbWLOIyhU=" validationCode="136246"/><Ticket serialNo="11111745819400022418" barcode="18cK/u9hwZY2Rogq4k24Oeg4G3HSlAl9EbjLdf+UJJlt+7z++IIDu8BgJITEYgI5Se2xurpjMQp+8=" validationCode="219119"/><Ticket serialNo="11111745819400022544" barcode="18cK/u9hwZY2Rogq4k24Oeg4G3HSlAl9EbjLdf+UJJlt+7z++IIDu8BgJITEYgI5SeWYnRdp0WvRw=" validationCode="890237"/><Ticket serialNo="11111745819400022675" barcode="18cK/u9hwZY2Rogq4k24Oeg4G3HSlAl9EbjLdf+UJJlt+7z++IIDu8BgJITEYgI5SeeyYeH2CeI0U=" validationCode="571775"/></TicketPack><SelectedNumberPack requestCount="10"><SelectedNumber sequence="1" luckyNumber="5" prizeAmount="0"/><SelectedNumber sequence="2" luckyNumber="6" prizeAmount="0"/><SelectedNumber sequence="3" luckyNumber="7" prizeAmount="0"/><SelectedNumber sequence="4" luckyNumber="8" prizeAmount="1000"/><SelectedNumber sequence="5" luckyNumber="9" prizeAmount="0"/><SelectedNumber sequence="6" luckyNumber="10" prizeAmount="0"/><SelectedNumber sequence="7" luckyNumber="1" prizeAmount="0"/><SelectedNumber sequence="8" luckyNumber="2" prizeAmount="0"/><SelectedNumber sequence="9" luckyNumber="3" prizeAmount="0"/><SelectedNumber sequence="10" luckyNumber="4" prizeAmount="0"/></SelectedNumberPack></OfflineTicketPack>):157c71b9842ab8b95f9e27547358576f
[2015-05-29 17:14:42,109][Test worker][DEBUG][TEPortServlet] Write response to client(host1=localhost,sizeOfPack=2668) succesfully.
[2015-05-29 17:14:42,110][Test worker][DEBUG][BaseServletIntegrationTest] Got response(code=200,length=2668): <?xml version="1.0" encoding="UTF-8"?>
<OfflineTicketPack><VAT code="foodA"/><VatRefNoPack requestCount="5"><VatRefNo refNo="11114745219400002249"/><VatRefNo refNo="11114745219400002368"/><VatRefNo refNo="11114745219400002438"/><VatRefNo refNo="11114745219400002524"/><VatRefNo refNo="11114745219400002676"/></VatRefNoPack><TicketPack requestCount="6"><Ticket serialNo="11111745819400022133" barcode="18cK/u9hwZY2Rogq4k24Oeg4G3HSlAl9EbjLdf+UJJlt+7z++IIDu8BgJITEYgI5SelpTaDG8BXpQ=" validationCode="621377"/><Ticket serialNo="11111745819400022201" barcode="18cK/u9hwZY2Rogq4k24Oeg4G3HSlAl9EbjLdf+UJJlt+7z++IIDu8BgJITEYgI5SeIzf8axKt+bg=" validationCode="928565"/><Ticket serialNo="11111745819400022385" barcode="18cK/u9hwZY2Rogq4k24Oeg4G3HSlAl9EbjLdf+UJJlt+7z++IIDu8BgJITEYgI5SeoDfbWLOIyhU=" validationCode="136246"/><Ticket serialNo="11111745819400022418" barcode="18cK/u9hwZY2Rogq4k24Oeg4G3HSlAl9EbjLdf+UJJlt+7z++IIDu8BgJITEYgI5Se2xurpjMQp+8=" validationCode="219119"/><Ticket serialNo="11111745819400022544" barcode="18cK/u9hwZY2Rogq4k24Oeg4G3HSlAl9EbjLdf+UJJlt+7z++IIDu8BgJITEYgI5SeWYnRdp0WvRw=" validationCode="890237"/><Ticket serialNo="11111745819400022675" barcode="18cK/u9hwZY2Rogq4k24Oeg4G3HSlAl9EbjLdf+UJJlt+7z++IIDu8BgJITEYgI5SeeyYeH2CeI0U=" validationCode="571775"/></TicketPack><SelectedNumberPack requestCount="10"><SelectedNumber sequence="1" luckyNumber="5" prizeAmount="0"/><SelectedNumber sequence="2" luckyNumber="6" prizeAmount="0"/><SelectedNumber sequence="3" luckyNumber="7" prizeAmount="0"/><SelectedNumber sequence="4" luckyNumber="8" prizeAmount="1000"/><SelectedNumber sequence="5" luckyNumber="9" prizeAmount="0"/><SelectedNumber sequence="6" luckyNumber="10" prizeAmount="0"/><SelectedNumber sequence="7" luckyNumber="1" prizeAmount="0"/><SelectedNumber sequence="8" luckyNumber="2" prizeAmount="0"/><SelectedNumber sequence="9" luckyNumber="3" prizeAmount="0"/><SelectedNumber sequence="10" luckyNumber="4" prizeAmount="0"/></SelectedNumberPack></OfflineTicketPack>
[2015-05-29 17:14:42,110][Test worker][DEBUG][MLotteryContext] find mapping file definition(xml-mapping/vat/DownloadOfflineTicket_Res.xml) by key(transtype.4340).
[2015-05-29 17:14:42,126][Test worker][DEBUG][TEPortServlet] Startup job scheduer(org.quartz.impl.StdScheduler@4d1e5820) successfully.
[2015-05-29 17:14:42,126][Test worker][WARN ][TEPortServlet] can NOT find META file:F:\project\M.Lottery\TE\TRUNK_TE\sourcecode\build\classes\main\META-INF\MANIFEST.MF
[2015-05-29 17:14:42,126][Test worker][DEBUG][TEPortServlet] Register MBean(com.mpos.lottery.te.common.jmx.TransactionTimeout@454dd1d5) with name(com.mpos.lottery.te:type=TransactionTimeoutMBean) successfully.
[2015-05-29 17:14:42,127][Test worker][DEBUG][BaseTransactionalIntegrationTest] Retrieve a ApplicationContext(org.springframework.web.context.support.GenericWebApplicationContext@34f645a8: startup date [Fri May 29 17:12:38 CST 2015]; root of context hierarchy).
[2015-05-29 17:14:42,127][Test worker][INFO ][BaseTransactionalIntegrationTest] +------------------------------------------------------------------------------------------------------------------------+
[2015-05-29 17:14:42,127][Test worker][INFO ][BaseTransactionalIntegrationTest] | DownloadOfflineTicketIntegrationTest.testReservedNumbers_Combination_luckyNumberAndOfflineCancellation                 |
[2015-05-29 17:14:42,127][Test worker][INFO ][BaseTransactionalIntegrationTest] +------------------------------------------------------------------------------------------------------------------------+
[2015-05-29 17:14:42,130][Test worker][DEBUG][MLotteryContext] find mapping file definition(xml-mapping/vat/DownloadOfflineTicket_Req.xml) by key(transtype.340).
[2015-05-29 17:14:42,130][Test worker][DEBUG][CastorHelper] Finish marshaling input(typeclass com.mpos.lottery.te.valueaddservice.vat.web.OfflineTicketPackDto, mappingFile=xml-mapping/vat/DownloadOfflineTicket_Req.xml).
[2015-05-29 17:14:42,131][Test worker][DEBUG][BaseServletIntegrationTest] Do MAC(key=P2Bbo6+bSSR9O2Qc89f3b4oHTyE1V2gF) on (Protocal-Version:1.5|GPE_Id:GPE-111|Terminal-Id:111|Operator-Id:OPERATOR-111|Trans-BatchNumber:20150529|TractMsg-Id:1432890882130|Timestamp:20150529171442|Transaction-Type:340|Transaction-Id:|Response-Code:|<?xml version="1.0" encoding="UTF-8"?>
<OfflineTicketPack><VAT code="foodA"/><VatRefNoPack requestCount="5"/><TicketPack requestCount="6"/><SelectedNumberPack requestCount="10"/></OfflineTicketPack>,hash=-1951986987), get digest:1f7fd1cef479418dfd16978c98cc4e30
[2015-05-29 17:14:42,131][Test worker][DEBUG][TEPortServlet] Got request header(name=X-Transaction-Type, value=340).
[2015-05-29 17:14:42,131][Test worker][DEBUG][TEPortServlet] Got request header(name=X-Protocal-Version, value=1.5).
[2015-05-29 17:14:42,131][Test worker][DEBUG][TEPortServlet] Got request header(name=X-Timestamp, value=20150529171442).
[2015-05-29 17:14:42,131][Test worker][DEBUG][TEPortServlet] Got request header(name=X-GPE-Id, value=GPE-111).
[2015-05-29 17:14:42,131][Test worker][DEBUG][TEPortServlet] Got request header(name=X-Trace-Message-Id, value=1432890882130).
[2015-05-29 17:14:42,131][Test worker][DEBUG][TEPortServlet] Got request header(name=X-Operator-Id, value=OPERATOR-111).
[2015-05-29 17:14:42,131][Test worker][DEBUG][TEPortServlet] Got request header(name=X-Terminal-Id, value=111).
[2015-05-29 17:14:42,131][Test worker][DEBUG][TEPortServlet] Got request header(name=X-MAC, value=1f7fd1cef479418dfd16978c98cc4e30).
[2015-05-29 17:14:42,131][Test worker][DEBUG][TEPortServlet] Got request header(name=X-Game-Type-Id, value=18).
[2015-05-29 17:14:42,131][Test worker][DEBUG][TEPortServlet] Got request header(name=X-Trans-BatchNumber, value=20150529).
[2015-05-29 17:14:42,131][Test worker][DEBUG][TEPortServlet] Got request header(name=X-GPS-Location, value=40.714353,-74.005973).
[2015-05-29 17:14:42,133][Test worker][DEBUG][TEPortServlet] Got request from localhost, and the message body is:pq3FqO8HCcAnaobA+xpVnADmrnwj1vrK59BGhqvtskYFWTsa2cbe6nq25wN56IGrDL7vF6rE8EUB73gBPOKRow5l+XJgKjAGa75V9lTgkcDxlttaV3HYMzorGdw1U8DZr6j3tbd/oiHTy2AfRN7gkok8k53DtVluChhA8iWlOKuQYBnPHhFpyksNhL0mjKJxhSz8qtdGeVzk5en1kRUPUaqVEqQYPb4+jn3K3b5hol7ydh5noPNvGTv3sLiqxo80v5BwC7JiDGw=.
[2015-05-29 17:14:42,133][Test worker][DEBUG][ProtocolSerializer] Start to deserialize request context(Protocal-Version:1.5|GPE_Id:GPE-111|Terminal-Id:111|Operator-Id:OPERATOR-111|Trans-BatchNumber:20150529|TractMsg-Id:1432890882130|Timestamp:20150529171442|Transaction-Type:340|Transaction-Id:|Response-Code:|).
[2015-05-29 17:14:42,134][Test worker][DEBUG][ProtocolSerializer] Finish decrypting cipher into original xml:<?xml version="1.0" encoding="UTF-8"?>
<OfflineTicketPack><VAT code="foodA"/><VatRefNoPack requestCount="5"/><TicketPack requestCount="6"/><SelectedNumberPack requestCount="10"/></OfflineTicketPack>
[2015-05-29 17:14:42,134][Test worker][DEBUG][ProtocolSerializer] Start to do MAC(key=P2Bbo6+bSSR9O2Qc89f3b4oHTyE1V2gF) on (Protocal-Version:1.5|GPE_Id:GPE-111|Terminal-Id:111|Operator-Id:OPERATOR-111|Trans-BatchNumber:20150529|TractMsg-Id:1432890882130|Timestamp:20150529171442|Transaction-Type:340|Transaction-Id:|Response-Code:|<?xml version="1.0" encoding="UTF-8"?>
<OfflineTicketPack><VAT code="foodA"/><VatRefNoPack requestCount="5"/><TicketPack requestCount="6"/><SelectedNumberPack requestCount="10"/></OfflineTicketPack>,hash=-1951986987), get digest:1f7fd1cef479418dfd16978c98cc4e30
[2015-05-29 17:14:42,134][Test worker][DEBUG][MLotteryContext] find mapping file definition(xml-mapping/vat/DownloadOfflineTicket_Req.xml) by key(transtype.340).
[2015-05-29 17:14:42,134][Test worker][DEBUG][ProtocolSerializer] Start to deserialize model: model=null,mappingFile=xml-mapping/vat/DownloadOfflineTicket_Req.xml
[2015-05-29 17:14:42,134][Test worker][DEBUG][MLotteryContext] find mapping file definition(xml-mapping/vat/DownloadOfflineTicket_Req.xml) by key(transtype.340).
[2015-05-29 17:14:42,148][Test worker][DEBUG][RoutineRegistry] Try to lookup handler by routine key(18_340_1.5.0).
[2015-05-29 17:14:42,148][Test worker][DEBUG][RoutineRegistry] Try to lookup handler by routine key(18_340_).
[2015-05-29 17:14:42,148][Test worker][DEBUG][RoutineRegistry] Try to lookup handler by routine key(-1_340_).
[2015-05-29 17:14:42,148][Test worker][DEBUG][RoutineRegistry] Lookup controller by key(-1_340_), found controller(com.mpos.lottery.te.valueaddservice.vat.VatController@1aeefda9) and method(public void com.mpos.lottery.te.valueaddservice.vat.VatController.downloadOfflineTicket(com.mpos.lottery.te.port.Context,com.mpos.lottery.te.port.Context) throws com.mpos.lottery.te.config.exception.ApplicationException).
[2015-05-29 17:14:42,163][Test worker][INFO ][DownloadOfflineTicketServiceImpl] Game Type is [18]
[2015-05-29 17:14:42,178][Test worker][DEBUG][UUIDServiceImpl] Assemble a new ticket serial number:11111745819400022732
[2015-05-29 17:14:42,180][Test worker][DEBUG][UUIDServiceImpl] Assemble a new ticket serial number:11111745819400022841
[2015-05-29 17:14:42,183][Test worker][DEBUG][UUIDServiceImpl] Assemble a new ticket serial number:11111745819400022982
[2015-05-29 17:14:42,184][Test worker][DEBUG][UUIDServiceImpl] Assemble a new ticket serial number:11111745819400023012
[2015-05-29 17:14:42,186][Test worker][DEBUG][UUIDServiceImpl] Assemble a new ticket serial number:11111745819400023141
[2015-05-29 17:14:42,188][Test worker][DEBUG][UUIDServiceImpl] Assemble a new ticket serial number:11111745819400023274
[2015-05-29 17:14:42,190][Test worker][DEBUG][UUIDServiceImpl] Assemble a new reference No.:11114745219400002786
[2015-05-29 17:14:42,190][Test worker][DEBUG][UUIDServiceImpl] Assemble a new reference No.:11114745219400002893
[2015-05-29 17:14:42,190][Test worker][DEBUG][UUIDServiceImpl] Assemble a new reference No.:11114745219400002917
[2015-05-29 17:14:42,191][Test worker][DEBUG][UUIDServiceImpl] Assemble a new reference No.:11114745219400003058
[2015-05-29 17:14:42,191][Test worker][DEBUG][UUIDServiceImpl] Assemble a new reference No.:11114745219400003129
[2015-05-29 17:14:42,197][Test worker][DEBUG][CommonFacadeService] No need to publish AMQP message of transaction(RESERVED_NUMBERS)
[2015-05-29 17:14:42,197][Test worker][DEBUG][MLotteryContext] find mapping file definition(xml-mapping/vat/DownloadOfflineTicket_Res.xml) by key(transtype.4340).
[2015-05-29 17:14:42,197][Test worker][DEBUG][ProtocolSerializer] Start to serialize model(class com.mpos.lottery.te.valueaddservice.vat.web.OfflineTicketPackDto),mappingFile=xml-mapping/vat/DownloadOfflineTicket_Res.xml
[2015-05-29 17:14:42,197][Test worker][DEBUG][MLotteryContext] find mapping file definition(xml-mapping/vat/DownloadOfflineTicket_Res.xml) by key(transtype.4340).
[2015-05-29 17:14:42,199][Test worker][DEBUG][CastorHelper] Finish marshaling input(typeclass com.mpos.lottery.te.valueaddservice.vat.web.OfflineTicketPackDto, mappingFile=xml-mapping/vat/DownloadOfflineTicket_Res.xml).
[2015-05-29 17:14:42,199][Test worker][DEBUG][ProtocolSerializer] Finish mac(macKey=P2Bbo6+bSSR9O2Qc89f3b4oHTyE1V2gF,macString=Protocal-Version:1.5|GPE_Id:GPE-111|Terminal-Id:111|Operator-Id:OPERATOR-111|Trans-BatchNumber:20150529|TractMsg-Id:1432890882130|Timestamp:20150529171442|Transaction-Type:4340|Transaction-Id:0115052900000000002473|Response-Code:200|<?xml version="1.0" encoding="UTF-8"?>
<OfflineTicketPack><VAT code="foodA"/><VatRefNoPack requestCount="5"><VatRefNo refNo="11114745219400002786"/><VatRefNo refNo="11114745219400002893"/><VatRefNo refNo="11114745219400002917"/><VatRefNo refNo="11114745219400003058"/><VatRefNo refNo="11114745219400003129"/></VatRefNoPack><TicketPack requestCount="6"><Ticket serialNo="11111745819400022732" barcode="18cK/u9hwZY2Rogq4k24Oeg4G3HSlAl9EbjLdf+UJJlt+7z++IIDu8BgJITEYgI5SeEtdUZQqR0Mw=" validationCode="097611"/><Ticket serialNo="11111745819400022841" barcode="18cK/u9hwZY2Rogq4k24Oeg4G3HSlAl9EbjLdf+UJJlt+7z++IIDu8BgJITEYgI5SeDvv8bTB/Vlo=" validationCode="065241"/><Ticket serialNo="11111745819400022982" barcode="18cK/u9hwZY2Rogq4k24Oeg4G3HSlAl9EbjLdf+UJJlt+7z++IIDu8BgJITEYgI5SeGTufUnKaf4g=" validationCode="381944"/><Ticket serialNo="11111745819400023012" barcode="18cK/u9hwZY2Rogq4k24Oeg4G3HSlAl9EbjLdf+UJJlt+7z++IIDu8BgJITEYgI5SeJSUZWhGk/XQ=" validationCode="810833"/><Ticket serialNo="11111745819400023141" barcode="18cK/u9hwZY2Rogq4k24Oeg4G3HSlAl9EbjLdf+UJJlt+7z++IIDu8BgJITEYgI5SepRTc9mUmm9U=" validationCode="570106"/><Ticket serialNo="11111745819400023274" barcode="18cK/u9hwZY2Rogq4k24Oeg4G3HSlAl9EbjLdf+UJJlt+7z++IIDu8BgJITEYgI5SeOu0j7LJaahs=" validationCode="678334"/></TicketPack><SelectedNumberPack requestCount="10"><SelectedNumber sequence="1" luckyNumber="3" prizeAmount="0"/><SelectedNumber sequence="2" luckyNumber="4" prizeAmount="0"/><SelectedNumber sequence="3" luckyNumber="1" prizeAmount="0"/><SelectedNumber sequence="4" luckyNumber="2" prizeAmount="0"/><SelectedNumber sequence="5" luckyNumber="3" prizeAmount="0"/><SelectedNumber sequence="6" luckyNumber="4" prizeAmount="0"/><SelectedNumber sequence="7" luckyNumber="10" prizeAmount="0"/><SelectedNumber sequence="8" luckyNumber="5" prizeAmount="0"/><SelectedNumber sequence="9" luckyNumber="6" prizeAmount="0"/><SelectedNumber sequence="10" luckyNumber="7" prizeAmount="0"/></SelectedNumberPack></OfflineTicketPack>):0aa69687f52492db05b2c63b243dfa94
[2015-05-29 17:14:42,200][Test worker][DEBUG][TEPortServlet] Write response to client(host1=localhost,sizeOfPack=2656) succesfully.
[2015-05-29 17:14:42,200][Test worker][DEBUG][BaseServletIntegrationTest] Got response(code=200,length=2656): <?xml version="1.0" encoding="UTF-8"?>
<OfflineTicketPack><VAT code="foodA"/><VatRefNoPack requestCount="5"><VatRefNo refNo="11114745219400002786"/><VatRefNo refNo="11114745219400002893"/><VatRefNo refNo="11114745219400002917"/><VatRefNo refNo="11114745219400003058"/><VatRefNo refNo="11114745219400003129"/></VatRefNoPack><TicketPack requestCount="6"><Ticket serialNo="11111745819400022732" barcode="18cK/u9hwZY2Rogq4k24Oeg4G3HSlAl9EbjLdf+UJJlt+7z++IIDu8BgJITEYgI5SeEtdUZQqR0Mw=" validationCode="097611"/><Ticket serialNo="11111745819400022841" barcode="18cK/u9hwZY2Rogq4k24Oeg4G3HSlAl9EbjLdf+UJJlt+7z++IIDu8BgJITEYgI5SeDvv8bTB/Vlo=" validationCode="065241"/><Ticket serialNo="11111745819400022982" barcode="18cK/u9hwZY2Rogq4k24Oeg4G3HSlAl9EbjLdf+UJJlt+7z++IIDu8BgJITEYgI5SeGTufUnKaf4g=" validationCode="381944"/><Ticket serialNo="11111745819400023012" barcode="18cK/u9hwZY2Rogq4k24Oeg4G3HSlAl9EbjLdf+UJJlt+7z++IIDu8BgJITEYgI5SeJSUZWhGk/XQ=" validationCode="810833"/><Ticket serialNo="11111745819400023141" barcode="18cK/u9hwZY2Rogq4k24Oeg4G3HSlAl9EbjLdf+UJJlt+7z++IIDu8BgJITEYgI5SepRTc9mUmm9U=" validationCode="570106"/><Ticket serialNo="11111745819400023274" barcode="18cK/u9hwZY2Rogq4k24Oeg4G3HSlAl9EbjLdf+UJJlt+7z++IIDu8BgJITEYgI5SeOu0j7LJaahs=" validationCode="678334"/></TicketPack><SelectedNumberPack requestCount="10"><SelectedNumber sequence="1" luckyNumber="3" prizeAmount="0"/><SelectedNumber sequence="2" luckyNumber="4" prizeAmount="0"/><SelectedNumber sequence="3" luckyNumber="1" prizeAmount="0"/><SelectedNumber sequence="4" luckyNumber="2" prizeAmount="0"/><SelectedNumber sequence="5" luckyNumber="3" prizeAmount="0"/><SelectedNumber sequence="6" luckyNumber="4" prizeAmount="0"/><SelectedNumber sequence="7" luckyNumber="10" prizeAmount="0"/><SelectedNumber sequence="8" luckyNumber="5" prizeAmount="0"/><SelectedNumber sequence="9" luckyNumber="6" prizeAmount="0"/><SelectedNumber sequence="10" luckyNumber="7" prizeAmount="0"/></SelectedNumberPack></OfflineTicketPack>
[2015-05-29 17:14:42,200][Test worker][DEBUG][MLotteryContext] find mapping file definition(xml-mapping/vat/DownloadOfflineTicket_Res.xml) by key(transtype.4340).
[2015-05-29 17:14:42,211][Test worker][DEBUG][TEPortServlet] Startup job scheduer(org.quartz.impl.StdScheduler@4d1e5820) successfully.
[2015-05-29 17:14:42,212][Test worker][WARN ][TEPortServlet] can NOT find META file:F:\project\M.Lottery\TE\TRUNK_TE\sourcecode\build\classes\main\META-INF\MANIFEST.MF
[2015-05-29 17:14:42,212][Test worker][DEBUG][TEPortServlet] Register MBean(com.mpos.lottery.te.common.jmx.TransactionTimeout@7ddee8d6) with name(com.mpos.lottery.te:type=TransactionTimeoutMBean) successfully.
[2015-05-29 17:14:42,212][Test worker][DEBUG][BaseTransactionalIntegrationTest] Retrieve a ApplicationContext(org.springframework.web.context.support.GenericWebApplicationContext@34f645a8: startup date [Fri May 29 17:12:38 CST 2015]; root of context hierarchy).
[2015-05-29 17:14:42,212][Test worker][INFO ][BaseTransactionalIntegrationTest] +------------------------------------------------------------------------------------------------------------------------+
[2015-05-29 17:14:42,212][Test worker][INFO ][BaseTransactionalIntegrationTest] | DownloadOfflineTicketIntegrationTest.testReservedNumbers_all_offlineCancellation                                       |
[2015-05-29 17:14:42,212][Test worker][INFO ][BaseTransactionalIntegrationTest] +------------------------------------------------------------------------------------------------------------------------+
[2015-05-29 17:14:42,214][Test worker][DEBUG][MLotteryContext] find mapping file definition(xml-mapping/vat/DownloadOfflineTicket_Req.xml) by key(transtype.340).
[2015-05-29 17:14:42,214][Test worker][DEBUG][CastorHelper] Finish marshaling input(typeclass com.mpos.lottery.te.valueaddservice.vat.web.OfflineTicketPackDto, mappingFile=xml-mapping/vat/DownloadOfflineTicket_Req.xml).
[2015-05-29 17:14:42,215][Test worker][DEBUG][BaseServletIntegrationTest] Do MAC(key=P2Bbo6+bSSR9O2Qc89f3b4oHTyE1V2gF) on (Protocal-Version:1.5|GPE_Id:GPE-111|Terminal-Id:111|Operator-Id:OPERATOR-111|Trans-BatchNumber:20150529|TractMsg-Id:1432890882214|Timestamp:20150529171442|Transaction-Type:340|Transaction-Id:|Response-Code:|<?xml version="1.0" encoding="UTF-8"?>
<OfflineTicketPack><VAT code="foodA"/><VatRefNoPack requestCount="5"/><TicketPack requestCount="6"/><SelectedNumberPack requestCount="10"/></OfflineTicketPack>,hash=593634524), get digest:7cbf88469319d072f5b7327fcad47f85
[2015-05-29 17:14:42,215][Test worker][DEBUG][TEPortServlet] Got request header(name=X-Transaction-Type, value=340).
[2015-05-29 17:14:42,215][Test worker][DEBUG][TEPortServlet] Got request header(name=X-Protocal-Version, value=1.5).
[2015-05-29 17:14:42,215][Test worker][DEBUG][TEPortServlet] Got request header(name=X-Timestamp, value=20150529171442).
[2015-05-29 17:14:42,215][Test worker][DEBUG][TEPortServlet] Got request header(name=X-GPE-Id, value=GPE-111).
[2015-05-29 17:14:42,215][Test worker][DEBUG][TEPortServlet] Got request header(name=X-Trace-Message-Id, value=1432890882214).
[2015-05-29 17:14:42,215][Test worker][DEBUG][TEPortServlet] Got request header(name=X-Operator-Id, value=OPERATOR-111).
[2015-05-29 17:14:42,215][Test worker][DEBUG][TEPortServlet] Got request header(name=X-Terminal-Id, value=111).
[2015-05-29 17:14:42,215][Test worker][DEBUG][TEPortServlet] Got request header(name=X-MAC, value=7cbf88469319d072f5b7327fcad47f85).
[2015-05-29 17:14:42,215][Test worker][DEBUG][TEPortServlet] Got request header(name=X-Game-Type-Id, value=18).
[2015-05-29 17:14:42,215][Test worker][DEBUG][TEPortServlet] Got request header(name=X-Trans-BatchNumber, value=20150529).
[2015-05-29 17:14:42,215][Test worker][DEBUG][TEPortServlet] Got request header(name=X-GPS-Location, value=40.714353,-74.005973).
[2015-05-29 17:14:42,217][Test worker][DEBUG][TEPortServlet] Got request from localhost, and the message body is:pq3FqO8HCcAnaobA+xpVnADmrnwj1vrK59BGhqvtskYFWTsa2cbe6nq25wN56IGrDL7vF6rE8EUB73gBPOKRow5l+XJgKjAGa75V9lTgkcDxlttaV3HYMzorGdw1U8DZr6j3tbd/oiHTy2AfRN7gkok8k53DtVluChhA8iWlOKuQYBnPHhFpyksNhL0mjKJxhSz8qtdGeVzk5en1kRUPUaqVEqQYPb4+jn3K3b5hol7ydh5noPNvGTv3sLiqxo80v5BwC7JiDGw=.
[2015-05-29 17:14:42,217][Test worker][DEBUG][ProtocolSerializer] Start to deserialize request context(Protocal-Version:1.5|GPE_Id:GPE-111|Terminal-Id:111|Operator-Id:OPERATOR-111|Trans-BatchNumber:20150529|TractMsg-Id:1432890882214|Timestamp:20150529171442|Transaction-Type:340|Transaction-Id:|Response-Code:|).
[2015-05-29 17:14:42,217][Test worker][DEBUG][ProtocolSerializer] Finish decrypting cipher into original xml:<?xml version="1.0" encoding="UTF-8"?>
<OfflineTicketPack><VAT code="foodA"/><VatRefNoPack requestCount="5"/><TicketPack requestCount="6"/><SelectedNumberPack requestCount="10"/></OfflineTicketPack>
[2015-05-29 17:14:42,217][Test worker][DEBUG][ProtocolSerializer] Start to do MAC(key=P2Bbo6+bSSR9O2Qc89f3b4oHTyE1V2gF) on (Protocal-Version:1.5|GPE_Id:GPE-111|Terminal-Id:111|Operator-Id:OPERATOR-111|Trans-BatchNumber:20150529|TractMsg-Id:1432890882214|Timestamp:20150529171442|Transaction-Type:340|Transaction-Id:|Response-Code:|<?xml version="1.0" encoding="UTF-8"?>
<OfflineTicketPack><VAT code="foodA"/><VatRefNoPack requestCount="5"/><TicketPack requestCount="6"/><SelectedNumberPack requestCount="10"/></OfflineTicketPack>,hash=593634524), get digest:7cbf88469319d072f5b7327fcad47f85
[2015-05-29 17:14:42,217][Test worker][DEBUG][MLotteryContext] find mapping file definition(xml-mapping/vat/DownloadOfflineTicket_Req.xml) by key(transtype.340).
[2015-05-29 17:14:42,218][Test worker][DEBUG][ProtocolSerializer] Start to deserialize model: model=null,mappingFile=xml-mapping/vat/DownloadOfflineTicket_Req.xml
[2015-05-29 17:14:42,218][Test worker][DEBUG][MLotteryContext] find mapping file definition(xml-mapping/vat/DownloadOfflineTicket_Req.xml) by key(transtype.340).
[2015-05-29 17:14:42,232][Test worker][DEBUG][RoutineRegistry] Try to lookup handler by routine key(18_340_1.5.0).
[2015-05-29 17:14:42,232][Test worker][DEBUG][RoutineRegistry] Try to lookup handler by routine key(18_340_).
[2015-05-29 17:14:42,232][Test worker][DEBUG][RoutineRegistry] Try to lookup handler by routine key(-1_340_).
[2015-05-29 17:14:42,232][Test worker][DEBUG][RoutineRegistry] Lookup controller by key(-1_340_), found controller(com.mpos.lottery.te.valueaddservice.vat.VatController@1aeefda9) and method(public void com.mpos.lottery.te.valueaddservice.vat.VatController.downloadOfflineTicket(com.mpos.lottery.te.port.Context,com.mpos.lottery.te.port.Context) throws com.mpos.lottery.te.config.exception.ApplicationException).
[2015-05-29 17:14:42,246][Test worker][INFO ][DownloadOfflineTicketServiceImpl] Game Type is [18]
[2015-05-29 17:14:42,261][Test worker][DEBUG][UUIDServiceImpl] Assemble a new ticket serial number:11111745819400023325
[2015-05-29 17:14:42,263][Test worker][DEBUG][UUIDServiceImpl] Assemble a new ticket serial number:11111745819400023409
[2015-05-29 17:14:42,265][Test worker][DEBUG][UUIDServiceImpl] Assemble a new ticket serial number:11111745819400023522
[2015-05-29 17:14:42,267][Test worker][DEBUG][UUIDServiceImpl] Assemble a new ticket serial number:11111745819400023651
[2015-05-29 17:14:42,269][Test worker][DEBUG][UUIDServiceImpl] Assemble a new ticket serial number:11111745819400023779
[2015-05-29 17:14:42,270][Test worker][DEBUG][UUIDServiceImpl] Assemble a new ticket serial number:11111745819400023841
[2015-05-29 17:14:42,272][Test worker][DEBUG][UUIDServiceImpl] Assemble a new reference No.:11114745219400003287
[2015-05-29 17:14:42,272][Test worker][DEBUG][UUIDServiceImpl] Assemble a new reference No.:11114745219400003323
[2015-05-29 17:14:42,272][Test worker][DEBUG][UUIDServiceImpl] Assemble a new reference No.:11114745219400003429
[2015-05-29 17:14:42,272][Test worker][DEBUG][UUIDServiceImpl] Assemble a new reference No.:11114745219400003596
[2015-05-29 17:14:42,272][Test worker][DEBUG][UUIDServiceImpl] Assemble a new reference No.:11114745219400003614
[2015-05-29 17:14:42,279][Test worker][DEBUG][CommonFacadeService] No need to publish AMQP message of transaction(RESERVED_NUMBERS)
[2015-05-29 17:14:42,280][Test worker][DEBUG][MLotteryContext] find mapping file definition(xml-mapping/vat/DownloadOfflineTicket_Res.xml) by key(transtype.4340).
[2015-05-29 17:14:42,280][Test worker][DEBUG][ProtocolSerializer] Start to serialize model(class com.mpos.lottery.te.valueaddservice.vat.web.OfflineTicketPackDto),mappingFile=xml-mapping/vat/DownloadOfflineTicket_Res.xml
[2015-05-29 17:14:42,280][Test worker][DEBUG][MLotteryContext] find mapping file definition(xml-mapping/vat/DownloadOfflineTicket_Res.xml) by key(transtype.4340).
[2015-05-29 17:14:42,281][Test worker][DEBUG][CastorHelper] Finish marshaling input(typeclass com.mpos.lottery.te.valueaddservice.vat.web.OfflineTicketPackDto, mappingFile=xml-mapping/vat/DownloadOfflineTicket_Res.xml).
[2015-05-29 17:14:42,281][Test worker][DEBUG][ProtocolSerializer] Finish mac(macKey=P2Bbo6+bSSR9O2Qc89f3b4oHTyE1V2gF,macString=Protocal-Version:1.5|GPE_Id:GPE-111|Terminal-Id:111|Operator-Id:OPERATOR-111|Trans-BatchNumber:20150529|TractMsg-Id:1432890882214|Timestamp:20150529171442|Transaction-Type:4340|Transaction-Id:0115052900000000002474|Response-Code:200|<?xml version="1.0" encoding="UTF-8"?>
<OfflineTicketPack><VAT code="foodA"/><VatRefNoPack requestCount="5"><VatRefNo refNo="11114745219400003287"/><VatRefNo refNo="11114745219400003323"/><VatRefNo refNo="11114745219400003429"/><VatRefNo refNo="11114745219400003596"/><VatRefNo refNo="11114745219400003614"/></VatRefNoPack><TicketPack requestCount="6"><Ticket serialNo="11111745819400023325" barcode="18cK/u9hwZY2Rogq4k24Oeg4G3HSlAl9EbjLdf+UJJlt+7z++IIDu8BgJITEYgI5SeqNGFoyjw11g=" validationCode="736210"/><Ticket serialNo="11111745819400023409" barcode="18cK/u9hwZY2Rogq4k24Oeg4G3HSlAl9EbjLdf+UJJlt+7z++IIDu8BgJITEYgI5SeqfJdmbfAoOo=" validationCode="228376"/><Ticket serialNo="11111745819400023522" barcode="18cK/u9hwZY2Rogq4k24Oeg4G3HSlAl9EbjLdf+UJJlt+7z++IIDu8BgJITEYgI5Se/v/qmsWT868=" validationCode="014264"/><Ticket serialNo="11111745819400023651" barcode="18cK/u9hwZY2Rogq4k24Oeg4G3HSlAl9EbjLdf+UJJlt+7z++IIDu8BgJITEYgI5SeAGAHqUWyDGQ=" validationCode="321133"/><Ticket serialNo="11111745819400023779" barcode="18cK/u9hwZY2Rogq4k24Oeg4G3HSlAl9EbjLdf+UJJlt+7z++IIDu8BgJITEYgI5SeiWg6ipApL6w=" validationCode="052276"/><Ticket serialNo="11111745819400023841" barcode="18cK/u9hwZY2Rogq4k24Oeg4G3HSlAl9EbjLdf+UJJlt+7z++IIDu8BgJITEYgI5SeH3n+54VzoW4=" validationCode="080810"/></TicketPack><SelectedNumberPack requestCount="10"><SelectedNumber sequence="1" luckyNumber="3" prizeAmount="0"/><SelectedNumber sequence="2" luckyNumber="4" prizeAmount="0"/><SelectedNumber sequence="3" luckyNumber="6" prizeAmount="0"/><SelectedNumber sequence="4" luckyNumber="7" prizeAmount="0"/><SelectedNumber sequence="5" luckyNumber="1" prizeAmount="0"/><SelectedNumber sequence="6" luckyNumber="2" prizeAmount="0"/><SelectedNumber sequence="7" luckyNumber="3" prizeAmount="0"/><SelectedNumber sequence="8" luckyNumber="4" prizeAmount="0"/><SelectedNumber sequence="9" luckyNumber="10" prizeAmount="0"/><SelectedNumber sequence="10" luckyNumber="5" prizeAmount="0"/></SelectedNumberPack></OfflineTicketPack>):33fec0dd116e4833abd6006933eee090
[2015-05-29 17:14:42,282][Test worker][DEBUG][TEPortServlet] Write response to client(host1=localhost,sizeOfPack=2656) succesfully.
[2015-05-29 17:14:42,282][Test worker][DEBUG][BaseServletIntegrationTest] Got response(code=200,length=2656): <?xml version="1.0" encoding="UTF-8"?>
<OfflineTicketPack><VAT code="foodA"/><VatRefNoPack requestCount="5"><VatRefNo refNo="11114745219400003287"/><VatRefNo refNo="11114745219400003323"/><VatRefNo refNo="11114745219400003429"/><VatRefNo refNo="11114745219400003596"/><VatRefNo refNo="11114745219400003614"/></VatRefNoPack><TicketPack requestCount="6"><Ticket serialNo="11111745819400023325" barcode="18cK/u9hwZY2Rogq4k24Oeg4G3HSlAl9EbjLdf+UJJlt+7z++IIDu8BgJITEYgI5SeqNGFoyjw11g=" validationCode="736210"/><Ticket serialNo="11111745819400023409" barcode="18cK/u9hwZY2Rogq4k24Oeg4G3HSlAl9EbjLdf+UJJlt+7z++IIDu8BgJITEYgI5SeqfJdmbfAoOo=" validationCode="228376"/><Ticket serialNo="11111745819400023522" barcode="18cK/u9hwZY2Rogq4k24Oeg4G3HSlAl9EbjLdf+UJJlt+7z++IIDu8BgJITEYgI5Se/v/qmsWT868=" validationCode="014264"/><Ticket serialNo="11111745819400023651" barcode="18cK/u9hwZY2Rogq4k24Oeg4G3HSlAl9EbjLdf+UJJlt+7z++IIDu8BgJITEYgI5SeAGAHqUWyDGQ=" validationCode="321133"/><Ticket serialNo="11111745819400023779" barcode="18cK/u9hwZY2Rogq4k24Oeg4G3HSlAl9EbjLdf+UJJlt+7z++IIDu8BgJITEYgI5SeiWg6ipApL6w=" validationCode="052276"/><Ticket serialNo="11111745819400023841" barcode="18cK/u9hwZY2Rogq4k24Oeg4G3HSlAl9EbjLdf+UJJlt+7z++IIDu8BgJITEYgI5SeH3n+54VzoW4=" validationCode="080810"/></TicketPack><SelectedNumberPack requestCount="10"><SelectedNumber sequence="1" luckyNumber="3" prizeAmount="0"/><SelectedNumber sequence="2" luckyNumber="4" prizeAmount="0"/><SelectedNumber sequence="3" luckyNumber="6" prizeAmount="0"/><SelectedNumber sequence="4" luckyNumber="7" prizeAmount="0"/><SelectedNumber sequence="5" luckyNumber="1" prizeAmount="0"/><SelectedNumber sequence="6" luckyNumber="2" prizeAmount="0"/><SelectedNumber sequence="7" luckyNumber="3" prizeAmount="0"/><SelectedNumber sequence="8" luckyNumber="4" prizeAmount="0"/><SelectedNumber sequence="9" luckyNumber="10" prizeAmount="0"/><SelectedNumber sequence="10" luckyNumber="5" prizeAmount="0"/></SelectedNumberPack></OfflineTicketPack>
[2015-05-29 17:14:42,282][Test worker][DEBUG][MLotteryContext] find mapping file definition(xml-mapping/vat/DownloadOfflineTicket_Res.xml) by key(transtype.4340).
]]></system-out>
  <system-err><![CDATA[]]></system-err>
</testsuite>
