<?xml version="1.0" encoding="UTF-8"?>
<testsuite name="com.mpos.lottery.te.gameimpl.toto.prize.PayoutReversalIntegrationTest" tests="1" skipped="0" failures="0" errors="0" timestamp="2015-05-29T09:13:42" hostname="Ramon-PC" time="0.206">
  <properties/>
  <testcase name="testPayout_Reversal_OK" classname="com.mpos.lottery.te.gameimpl.toto.prize.PayoutReversalIntegrationTest" time="0.206"/>
  <system-out><![CDATA[[2015-05-29 17:13:42,384][Test worker][DEBUG][TEPortServlet] Startup job scheduer(org.quartz.impl.StdScheduler@4d1e5820) successfully.
[2015-05-29 17:13:42,384][Test worker][WARN ][TEPortServlet] can NOT find META file:F:\project\M.Lottery\TE\TRUNK_TE\sourcecode\build\classes\main\META-INF\MANIFEST.MF
[2015-05-29 17:13:42,384][Test worker][DEBUG][TEPortServlet] Register MBean(com.mpos.lottery.te.common.jmx.TransactionTimeout@7b3c2958) with name(com.mpos.lottery.te:type=TransactionTimeoutMBean) successfully.
[2015-05-29 17:13:42,385][Test worker][DEBUG][BaseTransactionalIntegrationTest] Retrieve a ApplicationContext(org.springframework.web.context.support.GenericWebApplicationContext@34f645a8: startup date [Fri May 29 17:12:38 CST 2015]; root of context hierarchy).
[2015-05-29 17:13:42,385][Test worker][INFO ][BaseTransactionalIntegrationTest] +------------------------------------------------------------------------------------------------------------------------+
[2015-05-29 17:13:42,385][Test worker][INFO ][BaseTransactionalIntegrationTest] | PayoutReversalIntegrationTest.testPayout_Reversal_OK                                                                   |
[2015-05-29 17:13:42,385][Test worker][INFO ][BaseTransactionalIntegrationTest] +------------------------------------------------------------------------------------------------------------------------+
[2015-05-29 17:13:42,389][Test worker][DEBUG][MLotteryContext] find mapping file definition(xml-mapping/game/toto/Payout_Req.xml) by key(5.transtype.302).
[2015-05-29 17:13:42,389][Test worker][DEBUG][CastorHelper] Finish marshaling input(typeclass com.mpos.lottery.te.gameimpl.toto.domain.ToToTicket, mappingFile=xml-mapping/game/toto/Payout_Req.xml).
[2015-05-29 17:13:42,390][Test worker][DEBUG][BaseServletIntegrationTest] Do MAC(key=P2Bbo6+bSSR9O2Qc89f3b4oHTyE1V2gF) on (Protocal-Version:1.5|GPE_Id:GPE-111|Terminal-Id:111|Operator-Id:OPERATOR-111|Trans-BatchNumber:20150529|TractMsg-Id:1432890822389|Timestamp:20150529171342|Transaction-Type:302|Transaction-Id:|Response-Code:|<?xml version="1.0" encoding="UTF-8"?>
<Ticket serialNo="T-123456" PIN="PIN-111" inputChannel="0" validationCode="111111"/>,hash=-1374848879), get digest:ec5c1b4acf05dcc2a68cc793a9b946e2
[2015-05-29 17:13:42,390][Test worker][DEBUG][TEPortServlet] Got request header(name=X-Transaction-Type, value=302).
[2015-05-29 17:13:42,390][Test worker][DEBUG][TEPortServlet] Got request header(name=X-Protocal-Version, value=1.5).
[2015-05-29 17:13:42,390][Test worker][DEBUG][TEPortServlet] Got request header(name=X-Timestamp, value=20150529171342).
[2015-05-29 17:13:42,390][Test worker][DEBUG][TEPortServlet] Got request header(name=X-GPE-Id, value=GPE-111).
[2015-05-29 17:13:42,390][Test worker][DEBUG][TEPortServlet] Got request header(name=X-Trace-Message-Id, value=1432890822389).
[2015-05-29 17:13:42,390][Test worker][DEBUG][TEPortServlet] Got request header(name=X-Operator-Id, value=OPERATOR-111).
[2015-05-29 17:13:42,390][Test worker][DEBUG][TEPortServlet] Got request header(name=X-Terminal-Id, value=111).
[2015-05-29 17:13:42,390][Test worker][DEBUG][TEPortServlet] Got request header(name=X-MAC, value=ec5c1b4acf05dcc2a68cc793a9b946e2).
[2015-05-29 17:13:42,390][Test worker][DEBUG][TEPortServlet] Got request header(name=X-Game-Type-Id, value=5).
[2015-05-29 17:13:42,390][Test worker][DEBUG][TEPortServlet] Got request header(name=X-Trans-BatchNumber, value=20150529).
[2015-05-29 17:13:42,390][Test worker][DEBUG][TEPortServlet] Got request header(name=X-GPS-Location, value=40.714353,-74.005973).
[2015-05-29 17:13:42,391][Test worker][DEBUG][TEPortServlet] Got request from localhost, and the message body is:pq3FqO8HCcAnaobA+xpVnADmrnwj1vrK59BGhqvtskYFWTsa2cbe6ttFDFcpmi1MamgAomcAmY5LLjGi9xkBnU1BEvHNn52b8xC1/rHPLC/2EOian+jXB2MZ0SBNWTkwTVt8IK/54w+cO5k4vNG0fFB6ldp8o5p+0cW+Kh9oBbk=.
[2015-05-29 17:13:42,391][Test worker][DEBUG][ProtocolSerializer] Start to deserialize request context(Protocal-Version:1.5|GPE_Id:GPE-111|Terminal-Id:111|Operator-Id:OPERATOR-111|Trans-BatchNumber:20150529|TractMsg-Id:1432890822389|Timestamp:20150529171342|Transaction-Type:302|Transaction-Id:|Response-Code:|).
[2015-05-29 17:13:42,392][Test worker][DEBUG][ProtocolSerializer] Finish decrypting cipher into original xml:<?xml version="1.0" encoding="UTF-8"?>
<Ticket serialNo="T-123456" PIN="PIN-111" inputChannel="0" validationCode="111111"/>
[2015-05-29 17:13:42,392][Test worker][DEBUG][ProtocolSerializer] Start to do MAC(key=P2Bbo6+bSSR9O2Qc89f3b4oHTyE1V2gF) on (Protocal-Version:1.5|GPE_Id:GPE-111|Terminal-Id:111|Operator-Id:OPERATOR-111|Trans-BatchNumber:20150529|TractMsg-Id:1432890822389|Timestamp:20150529171342|Transaction-Type:302|Transaction-Id:|Response-Code:|<?xml version="1.0" encoding="UTF-8"?>
<Ticket serialNo="T-123456" PIN="PIN-111" inputChannel="0" validationCode="111111"/>,hash=-1374848879), get digest:ec5c1b4acf05dcc2a68cc793a9b946e2
[2015-05-29 17:13:42,392][Test worker][DEBUG][MLotteryContext] find mapping file definition(xml-mapping/game/toto/Payout_Req.xml) by key(5.transtype.302).
[2015-05-29 17:13:42,392][Test worker][DEBUG][ProtocolSerializer] Start to deserialize model: model=null,mappingFile=xml-mapping/game/toto/Payout_Req.xml
[2015-05-29 17:13:42,392][Test worker][DEBUG][MLotteryContext] find mapping file definition(xml-mapping/game/toto/Payout_Req.xml) by key(5.transtype.302).
[2015-05-29 17:13:42,414][Test worker][DEBUG][RoutineRegistry] Try to lookup handler by routine key(5_302_1.5.0).
[2015-05-29 17:13:42,414][Test worker][DEBUG][RoutineRegistry] Try to lookup handler by routine key(5_302_).
[2015-05-29 17:13:42,414][Test worker][DEBUG][RoutineRegistry] Lookup controller by key(5_302_), found controller(com.mpos.lottery.te.gameimpl.toto.ToToController@6e596eed) and method(public void com.mpos.lottery.te.gameimpl.toto.ToToController.payout(com.mpos.lottery.te.port.Context,com.mpos.lottery.te.port.Context) throws com.mpos.lottery.te.config.exception.ApplicationException).
[2015-05-29 17:13:42,441][Test worker][DEBUG][DefaultTaxService] Calculate tax for amount:3000 based on threshold(com.mpos.lottery.te.gamespec.prize.TaxThreshold@495ace38[id=WTT-1,taxPolicyId=TP-1,taxDateRange=com.mpos.lottery.te.gamespec.prize.TaxDateRange@69cd5c01[id=TDR-1,beginDate=2009-03-20 21:00:00.0,endDate=2099-03-20 21:00:00.0],minAmount=1000,maxAmount=9999999999,ruleType=1,taxAmount=0.2,taxBase=1])...tax:500.00
[2015-05-29 17:13:42,448][Test worker][DEBUG][DefaultTaxService] Calculate tax for amount:4000 based on threshold(com.mpos.lottery.te.gamespec.prize.TaxThreshold@495ace38[id=WTT-1,taxPolicyId=TP-1,taxDateRange=com.mpos.lottery.te.gamespec.prize.TaxDateRange@69cd5c01[id=TDR-1,beginDate=2009-03-20 21:00:00.0,endDate=2099-03-20 21:00:00.0],minAmount=1000,maxAmount=9999999999,ruleType=1,taxAmount=0.2,taxBase=1])...tax:666.67
[2015-05-29 17:13:42,450][Test worker][DEBUG][AbstractPrizeService] Handle winnings of lucky draw of ticket(serialNo:nAmMGjJjE2Fpdde2k1iZRw==), total 2 winning items found.
[2015-05-29 17:13:42,460][Test worker][DEBUG][DefaultTaxService] Calculate tax for amount:400000 based on threshold(com.mpos.lottery.te.gamespec.prize.TaxThreshold@495ace38[id=WTT-1,taxPolicyId=TP-1,taxDateRange=com.mpos.lottery.te.gamespec.prize.TaxDateRange@69cd5c01[id=TDR-1,beginDate=2009-03-20 21:00:00.0,endDate=2099-03-20 21:00:00.0],minAmount=1000,maxAmount=9999999999,ruleType=1,taxAmount=0.2,taxBase=1])...tax:66666.67
[2015-05-29 17:13:42,468][Test worker][DEBUG][DefaultTaxService] Calculate tax for amount:1000000 based on threshold(com.mpos.lottery.te.gamespec.prize.TaxThreshold@495ace38[id=WTT-1,taxPolicyId=TP-1,taxDateRange=com.mpos.lottery.te.gamespec.prize.TaxDateRange@69cd5c01[id=TDR-1,beginDate=2009-03-20 21:00:00.0,endDate=2099-03-20 21:00:00.0],minAmount=1000,maxAmount=9999999999,ruleType=1,taxAmount=0.2,taxBase=1])...tax:166666.67
[2015-05-29 17:13:42,475][Test worker][DEBUG][MerchantServiceImpl] Use the payout-limit setting(max=10000000,min=100) of Operator(Operator [id=OPERATOR-111, loginName=OPERATOR-LOGIN, creditType=1, saleCreditLevel=200000000, payoutCreditLevel=1000, cashoutBalance=0, commisionBalance=0]) to verify payout limit.
[2015-05-29 17:13:42,475][Test worker][DEBUG][BaseJpaDao] Retrieve database connection: net.sf.log4jdbc.ConnectionSpy@3673a817
[2015-05-29 17:13:42,476][Test worker][DEBUG][BaseJpaDao] Retrieve database connection: net.sf.log4jdbc.ConnectionSpy@3673a817
[2015-05-29 17:13:42,482][Test worker][WARN ][BaseJpaDao] Should be at most only 1 entity(com.mpos.lottery.te.merchant.domain.OperatorCommission) found, however total 2 entities found... the 1st entity(com.mpos.lottery.te.merchant.domain.OperatorCommission@1c36facd) will be returned.
[2015-05-29 17:13:42,482][Test worker][DEBUG][DefaultCreditService] Calculate commssion for (merchant=111 +operator=OPERATOR-111,gameId=GAME-TOTO-1,commType=1,commRate=0) 
[2015-05-29 17:13:42,498][Test worker][DEBUG][DefaultCreditService] The current credit level(before transaction) of Operator [id=OPERATOR-111, loginName=OPERATOR-LOGIN, creditType=1, saleCreditLevel=200000000, payoutCreditLevel=1000, cashoutBalance=0, commisionBalance=0] is saleCreditLevel:200000000,payoutCreditLevel:1000
[2015-05-29 17:13:42,498][Test worker][DEBUG][DefaultCreditService] The new payout credit level of Operator [id=OPERATOR-111, loginName=OPERATOR-LOGIN, creditType=1, saleCreditLevel=200000000, payoutCreditLevel=2352666.64, cashoutBalance=0, commisionBalance=0.000000] is 2352666.64
[2015-05-29 17:13:42,508][Test worker][DEBUG][CommonFacadeService] Prepare to publish message to exchange[TE.302] with routing key[TE.302.5]: id: "0115052900000000002034"
dev_id: "111"
operator_id: "OPERATOR-111"
merchant_id: "111"
create_time: 1432890822000
trans_type: 302
game_id: "GAME-TOTO-1"
game_type: 5
total_amount: "2351666.64"

[2015-05-29 17:13:42,508][Test worker][DEBUG][CommonFacadeService] Publish message successfully
[2015-05-29 17:13:42,509][Test worker][DEBUG][MLotteryContext] find mapping file definition(xml-mapping/game/toto/Payout_Res.xml) by key(5.transtype.4302).
[2015-05-29 17:13:42,509][Test worker][DEBUG][ProtocolSerializer] Start to serialize model(class com.mpos.lottery.te.gamespec.prize.web.PrizeDto),mappingFile=xml-mapping/game/toto/Payout_Res.xml
[2015-05-29 17:13:42,509][Test worker][DEBUG][MLotteryContext] find mapping file definition(xml-mapping/game/toto/Payout_Res.xml) by key(5.transtype.4302).
[2015-05-29 17:13:42,509][Test worker][DEBUG][CastorHelper] Finish marshaling input(typeclass com.mpos.lottery.te.gamespec.prize.web.PrizeDto, mappingFile=xml-mapping/game/toto/Payout_Res.xml).
[2015-05-29 17:13:42,509][Test worker][DEBUG][ProtocolSerializer] Finish mac(macKey=P2Bbo6+bSSR9O2Qc89f3b4oHTyE1V2gF,macString=Protocal-Version:1.5|GPE_Id:GPE-111|Terminal-Id:111|Operator-Id:OPERATOR-111|Trans-BatchNumber:20150529|TractMsg-Id:1432890822389|Timestamp:20150529171342|Transaction-Type:4302|Transaction-Id:0115052900000000002034|Response-Code:200|<?xml version="1.0" encoding="UTF-8"?>
<Payout returnAmount="0" luckyAmount="8000.00" prizeAmount="2822000" taxAmount="470333.36" actualAmount="2351666.64" mode="0"/>):26ca491261dd8e84a9292e8e8d0190fe
[2015-05-29 17:13:42,510][Test worker][DEBUG][TEPortServlet] Write response to client(host1=localhost,sizeOfPack=224) succesfully.
[2015-05-29 17:13:42,510][Test worker][DEBUG][BaseServletIntegrationTest] Got response(code=200,length=224): <?xml version="1.0" encoding="UTF-8"?>
<Payout returnAmount="0" luckyAmount="8000.00" prizeAmount="2822000" taxAmount="470333.36" actualAmount="2351666.64" mode="0"/>
[2015-05-29 17:13:42,510][Test worker][DEBUG][MLotteryContext] find mapping file definition(xml-mapping/game/toto/Payout_Res.xml) by key(5.transtype.4302).
[2015-05-29 17:13:42,512][Test worker][DEBUG][MLotteryContext] find mapping file definition(xml-mapping/TransactionEnquiry_Req.xml) by key(transtype.206).
[2015-05-29 17:13:42,512][Test worker][DEBUG][CastorHelper] Finish marshaling input(typeclass com.mpos.lottery.te.trans.domain.Transaction, mappingFile=xml-mapping/TransactionEnquiry_Req.xml).
[2015-05-29 17:13:42,512][Test worker][DEBUG][BaseServletIntegrationTest] Do MAC(key=P2Bbo6+bSSR9O2Qc89f3b4oHTyE1V2gF) on (Protocal-Version:1.5|GPE_Id:GPE-111|Terminal-Id:111|Operator-Id:OPERATOR-111|Trans-BatchNumber:20150529|TractMsg-Id:1432890822512|Timestamp:20150529171342|Transaction-Type:206|Transaction-Id:|Response-Code:|<?xml version="1.0" encoding="UTF-8"?>
<Transaction terminalId="111" traceMessageId="1432890822389"/>,hash=907032620), get digest:db1866144ea3212e2e8a89876a63680e
[2015-05-29 17:13:42,512][Test worker][DEBUG][TEPortServlet] Got request header(name=X-Transaction-Type, value=206).
[2015-05-29 17:13:42,513][Test worker][DEBUG][TEPortServlet] Got request header(name=X-Protocal-Version, value=1.5).
[2015-05-29 17:13:42,513][Test worker][DEBUG][TEPortServlet] Got request header(name=X-Timestamp, value=20150529171342).
[2015-05-29 17:13:42,513][Test worker][DEBUG][TEPortServlet] Got request header(name=X-GPE-Id, value=GPE-111).
[2015-05-29 17:13:42,513][Test worker][DEBUG][TEPortServlet] Got request header(name=X-Trace-Message-Id, value=1432890822512).
[2015-05-29 17:13:42,513][Test worker][DEBUG][TEPortServlet] Got request header(name=X-Operator-Id, value=OPERATOR-111).
[2015-05-29 17:13:42,513][Test worker][DEBUG][TEPortServlet] Got request header(name=X-Terminal-Id, value=111).
[2015-05-29 17:13:42,513][Test worker][DEBUG][TEPortServlet] Got request header(name=X-MAC, value=db1866144ea3212e2e8a89876a63680e).
[2015-05-29 17:13:42,513][Test worker][DEBUG][TEPortServlet] Got request header(name=X-Game-Type-Id, value=-1).
[2015-05-29 17:13:42,513][Test worker][DEBUG][TEPortServlet] Got request header(name=X-Trans-BatchNumber, value=20150529).
[2015-05-29 17:13:42,513][Test worker][DEBUG][TEPortServlet] Got request header(name=X-GPS-Location, value=40.714353,-74.005973).
[2015-05-29 17:13:42,514][Test worker][DEBUG][TEPortServlet] Got request from localhost, and the message body is:pq3FqO8HCcAnaobA+xpVnADmrnwj1vrK59BGhqvtskYFWTsa2cbe6jcIE4b0pl+ogrA4SMNVUFtCb0VnctvqFZ4g+Dv1D5Fz4ERoX4gVmzFJ1yZK27DdH8Gl9EsusGypmgxpaTwzKS8=.
[2015-05-29 17:13:42,514][Test worker][DEBUG][ProtocolSerializer] Start to deserialize request context(Protocal-Version:1.5|GPE_Id:GPE-111|Terminal-Id:111|Operator-Id:OPERATOR-111|Trans-BatchNumber:20150529|TractMsg-Id:1432890822512|Timestamp:20150529171342|Transaction-Type:206|Transaction-Id:|Response-Code:|).
[2015-05-29 17:13:42,515][Test worker][DEBUG][ProtocolSerializer] Finish decrypting cipher into original xml:<?xml version="1.0" encoding="UTF-8"?>
<Transaction terminalId="111" traceMessageId="1432890822389"/>
[2015-05-29 17:13:42,515][Test worker][DEBUG][ProtocolSerializer] Start to do MAC(key=P2Bbo6+bSSR9O2Qc89f3b4oHTyE1V2gF) on (Protocal-Version:1.5|GPE_Id:GPE-111|Terminal-Id:111|Operator-Id:OPERATOR-111|Trans-BatchNumber:20150529|TractMsg-Id:1432890822512|Timestamp:20150529171342|Transaction-Type:206|Transaction-Id:|Response-Code:|<?xml version="1.0" encoding="UTF-8"?>
<Transaction terminalId="111" traceMessageId="1432890822389"/>,hash=907032620), get digest:db1866144ea3212e2e8a89876a63680e
[2015-05-29 17:13:42,515][Test worker][DEBUG][MLotteryContext] find mapping file definition(xml-mapping/TransactionEnquiry_Req.xml) by key(transtype.206).
[2015-05-29 17:13:42,515][Test worker][DEBUG][ProtocolSerializer] Start to deserialize model: model=null,mappingFile=xml-mapping/TransactionEnquiry_Req.xml
[2015-05-29 17:13:42,515][Test worker][DEBUG][MLotteryContext] find mapping file definition(xml-mapping/TransactionEnquiry_Req.xml) by key(transtype.206).
[2015-05-29 17:13:42,524][Test worker][DEBUG][RoutineRegistry] Try to lookup handler by routine key(-1_206_1.5.0).
[2015-05-29 17:13:42,524][Test worker][DEBUG][RoutineRegistry] Try to lookup handler by routine key(-1_206_).
[2015-05-29 17:13:42,524][Test worker][DEBUG][RoutineRegistry] Lookup controller by key(-1_206_), found controller(com.mpos.lottery.te.trans.TransactionController@53ddecd8) and method(public void com.mpos.lottery.te.trans.TransactionController.cancelByTrans(com.mpos.lottery.te.port.Context,com.mpos.lottery.te.port.Context) throws com.mpos.lottery.te.config.exception.ApplicationException).
[2015-05-29 17:13:42,530][Test worker][DEBUG][ReversalOrCancelStrategyFactory] Found ReversalStrategy(class com.mpos.lottery.te.gameimpl.toto.service.impl.ToToPayoutServiceImpl) to cancel transaction(gameType=5,terminalId=111,transType=302,protocolVersion=1.5.0).
[2015-05-29 17:13:42,542][Test worker][WARN ][BaseJpaDao] Should be at most only 1 entity(com.mpos.lottery.te.merchant.domain.OperatorCommission) found, however total 2 entities found... the 1st entity(com.mpos.lottery.te.merchant.domain.OperatorCommission@98e1fc) will be returned.
[2015-05-29 17:13:42,542][Test worker][DEBUG][DefaultCreditService] Calculate commssion for (merchant=111 +operator=OPERATOR-111,gameId=GAME-TOTO-1,commType=1,commRate=0) 
[2015-05-29 17:13:42,550][Test worker][DEBUG][DefaultCreditService] The current credit level(before transaction) of Operator [id=OPERATOR-111, loginName=OPERATOR-LOGIN, creditType=1, saleCreditLevel=200000000, payoutCreditLevel=2352666.64, cashoutBalance=0, commisionBalance=0] is saleCreditLevel:200000000,payoutCreditLevel:2352666.64
[2015-05-29 17:13:42,551][Test worker][DEBUG][DefaultCreditService] The new payout credit level of Operator [id=OPERATOR-111, loginName=OPERATOR-LOGIN, creditType=1, saleCreditLevel=200000000, payoutCreditLevel=1000.00, cashoutBalance=0, commisionBalance=0.000000] is 1000.00
[2015-05-29 17:13:42,560][Test worker][DEBUG][CommonFacadeService] Prepare to publish message to exchange[TE.302] with routing key[TE.CANCEL.302.5]: origTrans {
  id: "0115052900000000002034"
  dev_id: "111"
  operator_id: "OPERATOR-111"
  merchant_id: "111"
  create_time: 1432890822000
  trans_type: 302
  game_id: "GAME-TOTO-1"
  game_type: 5
  total_amount: "2351666.64"
}
cancelTrans {
  id: "0115052900000000002040"
  dev_id: "111"
  operator_id: "OPERATOR-111"
  merchant_id: "111"
  create_time: 1432890822000
  trans_type: 206
  game_id: "GAME-TOTO-1"
  game_type: 5
  total_amount: "2351666.64"
}

[2015-05-29 17:13:42,561][Test worker][DEBUG][CommonFacadeService] Publish message successfully
[2015-05-29 17:13:42,561][Test worker][DEBUG][ProtocolSerializer] Finish mac(macKey=P2Bbo6+bSSR9O2Qc89f3b4oHTyE1V2gF,macString=Protocal-Version:1.5|GPE_Id:GPE-111|Terminal-Id:111|Operator-Id:OPERATOR-111|Trans-BatchNumber:20150529|TractMsg-Id:1432890822512|Timestamp:20150529171342|Transaction-Type:4206|Transaction-Id:0115052900000000002040|Response-Code:200|):68eef56d2bddfb7779ebb834c1b4d2f2
[2015-05-29 17:13:42,561][Test worker][DEBUG][BaseServletIntegrationTest] Got response(code=200,length=0): 
]]></system-out>
  <system-err><![CDATA[]]></system-err>
</testsuite>
