<?xml version="1.0" encoding="UTF-8"?>
<testsuite name="com.mpos.lottery.te.merchant.IncomeBalanceIntegrationTest" tests="4" skipped="0" failures="0" errors="0" timestamp="2015-05-29T09:13:53" hostname="Ramon-PC" time="0.345">
  <properties/>
  <testcase name="testIncomeBalanceTransfer_merchant" classname="com.mpos.lottery.te.merchant.IncomeBalanceIntegrationTest" time="0.117"/>
  <testcase name="testIncomeBalanceTransfer_operator" classname="com.mpos.lottery.te.merchant.IncomeBalanceIntegrationTest" time="0.087"/>
  <testcase name="testIncomeBalanceTransfer_parentMerchant" classname="com.mpos.lottery.te.merchant.IncomeBalanceIntegrationTest" time="0.076"/>
  <testcase name="testIncomeBalanceTransfer_operator_commissionBalanceLessThanZero" classname="com.mpos.lottery.te.merchant.IncomeBalanceIntegrationTest" time="0.064"/>
  <system-out><![CDATA[[2015-05-29 17:13:53,354][Test worker][DEBUG][TEPortServlet] Startup job scheduer(org.quartz.impl.StdScheduler@4d1e5820) successfully.
[2015-05-29 17:13:53,354][Test worker][WARN ][TEPortServlet] can NOT find META file:F:\project\M.Lottery\TE\TRUNK_TE\sourcecode\build\classes\main\META-INF\MANIFEST.MF
[2015-05-29 17:13:53,354][Test worker][DEBUG][TEPortServlet] Register MBean(com.mpos.lottery.te.common.jmx.TransactionTimeout@25da1260) with name(com.mpos.lottery.te:type=TransactionTimeoutMBean) successfully.
[2015-05-29 17:13:53,355][Test worker][DEBUG][BaseTransactionalIntegrationTest] Retrieve a ApplicationContext(org.springframework.web.context.support.GenericWebApplicationContext@34f645a8: startup date [Fri May 29 17:12:38 CST 2015]; root of context hierarchy).
[2015-05-29 17:13:53,355][Test worker][INFO ][BaseTransactionalIntegrationTest] +------------------------------------------------------------------------------------------------------------------------+
[2015-05-29 17:13:53,355][Test worker][INFO ][BaseTransactionalIntegrationTest] | IncomeBalanceIntegrationTest.testIncomeBalanceTransfer_merchant                                                        |
[2015-05-29 17:13:53,355][Test worker][INFO ][BaseTransactionalIntegrationTest] +------------------------------------------------------------------------------------------------------------------------+
[2015-05-29 17:13:53,365][Test worker][DEBUG][MLotteryContext] find mapping file definition(xml-mapping/IncomeBalanceTransfer_Req.xml) by key(transtype.350).
[2015-05-29 17:13:53,373][Test worker][DEBUG][CastorHelper] Finish marshaling input(typeclass com.mpos.lottery.te.merchant.web.IncomeBalanceDto, mappingFile=xml-mapping/IncomeBalanceTransfer_Req.xml).
[2015-05-29 17:13:53,374][Test worker][DEBUG][BaseServletIntegrationTest] Do MAC(key=P2Bbo6+bSSR9O2Qc89f3b4oHTyE1V2gF) on (Protocal-Version:1.5|GPE_Id:GPE-111|Terminal-Id:111|Operator-Id:OPERATOR-111|Trans-BatchNumber:20150529|TractMsg-Id:1432890833365|Timestamp:20150529171353|Transaction-Type:350|Transaction-Id:|Response-Code:|<?xml version="1.0" encoding="UTF-8"?>
<IncomeBalance amount="100"/>,hash=2017121163), get digest:d82839bb045f6ee216f92d10c4337a1a
[2015-05-29 17:13:53,374][Test worker][DEBUG][TEPortServlet] Got request header(name=X-Transaction-Type, value=350).
[2015-05-29 17:13:53,374][Test worker][DEBUG][TEPortServlet] Got request header(name=X-Protocal-Version, value=1.5).
[2015-05-29 17:13:53,374][Test worker][DEBUG][TEPortServlet] Got request header(name=X-Timestamp, value=20150529171353).
[2015-05-29 17:13:53,374][Test worker][DEBUG][TEPortServlet] Got request header(name=X-GPE-Id, value=GPE-111).
[2015-05-29 17:13:53,374][Test worker][DEBUG][TEPortServlet] Got request header(name=X-Trace-Message-Id, value=1432890833365).
[2015-05-29 17:13:53,374][Test worker][DEBUG][TEPortServlet] Got request header(name=X-Operator-Id, value=OPERATOR-111).
[2015-05-29 17:13:53,374][Test worker][DEBUG][TEPortServlet] Got request header(name=X-Terminal-Id, value=111).
[2015-05-29 17:13:53,374][Test worker][DEBUG][TEPortServlet] Got request header(name=X-MAC, value=d82839bb045f6ee216f92d10c4337a1a).
[2015-05-29 17:13:53,374][Test worker][DEBUG][TEPortServlet] Got request header(name=X-Game-Type-Id, value=-1).
[2015-05-29 17:13:53,374][Test worker][DEBUG][TEPortServlet] Got request header(name=X-Trans-BatchNumber, value=20150529).
[2015-05-29 17:13:53,374][Test worker][DEBUG][TEPortServlet] Got request header(name=X-GPS-Location, value=40.714353,-74.005973).
[2015-05-29 17:13:53,377][Test worker][DEBUG][TEPortServlet] Got request from localhost, and the message body is:pq3FqO8HCcAnaobA+xpVnADmrnwj1vrK59BGhqvtskYFWTsa2cbe6h4SFWuEXxgfV44OJnk4TvCGpLbLuYwuCWiSdMYtYRX7.
[2015-05-29 17:13:53,377][Test worker][DEBUG][ProtocolSerializer] Start to deserialize request context(Protocal-Version:1.5|GPE_Id:GPE-111|Terminal-Id:111|Operator-Id:OPERATOR-111|Trans-BatchNumber:20150529|TractMsg-Id:1432890833365|Timestamp:20150529171353|Transaction-Type:350|Transaction-Id:|Response-Code:|).
[2015-05-29 17:13:53,377][Test worker][DEBUG][ProtocolSerializer] Finish decrypting cipher into original xml:<?xml version="1.0" encoding="UTF-8"?>
<IncomeBalance amount="100"/>
[2015-05-29 17:13:53,378][Test worker][DEBUG][ProtocolSerializer] Start to do MAC(key=P2Bbo6+bSSR9O2Qc89f3b4oHTyE1V2gF) on (Protocal-Version:1.5|GPE_Id:GPE-111|Terminal-Id:111|Operator-Id:OPERATOR-111|Trans-BatchNumber:20150529|TractMsg-Id:1432890833365|Timestamp:20150529171353|Transaction-Type:350|Transaction-Id:|Response-Code:|<?xml version="1.0" encoding="UTF-8"?>
<IncomeBalance amount="100"/>,hash=2017121163), get digest:d82839bb045f6ee216f92d10c4337a1a
[2015-05-29 17:13:53,378][Test worker][DEBUG][MLotteryContext] find mapping file definition(xml-mapping/IncomeBalanceTransfer_Req.xml) by key(transtype.350).
[2015-05-29 17:13:53,378][Test worker][DEBUG][ProtocolSerializer] Start to deserialize model: model=null,mappingFile=xml-mapping/IncomeBalanceTransfer_Req.xml
[2015-05-29 17:13:53,378][Test worker][DEBUG][MLotteryContext] find mapping file definition(xml-mapping/IncomeBalanceTransfer_Req.xml) by key(transtype.350).
[2015-05-29 17:13:53,404][Test worker][DEBUG][RoutineRegistry] Try to lookup handler by routine key(-1_350_1.5.0).
[2015-05-29 17:13:53,404][Test worker][DEBUG][RoutineRegistry] Try to lookup handler by routine key(-1_350_).
[2015-05-29 17:13:53,404][Test worker][DEBUG][RoutineRegistry] Lookup controller by key(-1_350_), found controller(com.mpos.lottery.te.merchant.MerchantController@720798ee) and method(public void com.mpos.lottery.te.merchant.MerchantController.incomeBalanceTransfer(com.mpos.lottery.te.port.Context,com.mpos.lottery.te.port.Context) throws com.mpos.lottery.te.config.exception.ApplicationException).
[2015-05-29 17:13:53,404][Test worker][DEBUG][IncomeBalanceServiceImpl]  Income Balance (com.mpos.lottery.te.merchant.web.IncomeBalanceDto@35264149) to operator OPERATOR-111
[2015-05-29 17:13:53,405][Test worker][DEBUG][IncomeBalanceServiceImpl] Ignore credit level calculation, as the credit type of Operator [id=OPERATOR-111, loginName=OPERATOR-LOGIN, creditType=4, saleCreditLevel=200000000, payoutCreditLevel=1000, cashoutBalance=0, commisionBalance=0] is USE PARENT... check its parent merchant
[2015-05-29 17:13:53,420][Test worker][DEBUG][IncomeBalanceServiceImpl] The balance transfer(before transaction) of Merchant [id=111, name=M-111, saleCreditLevel=40, payoutCreditLevel=40, creditType=1, cashoutBalance=30, commisionBalance=50] is saleBalace:40,payoutBalace:40,cashoutBalace:30,commissionBalance:50
[2015-05-29 17:13:53,434][Test worker][DEBUG][CommonFacadeService] No need to publish AMQP message of transaction(INCOME_BALANCE_TRANSFER)
[2015-05-29 17:13:53,435][Test worker][DEBUG][MLotteryContext] find mapping file definition(xml-mapping/IncomeBalanceTransfer_Res.xml) by key(transtype.4350).
[2015-05-29 17:13:53,435][Test worker][DEBUG][ProtocolSerializer] Start to serialize model(class com.mpos.lottery.te.merchant.web.IncomeBalanceDto),mappingFile=xml-mapping/IncomeBalanceTransfer_Res.xml
[2015-05-29 17:13:53,435][Test worker][DEBUG][MLotteryContext] find mapping file definition(xml-mapping/IncomeBalanceTransfer_Res.xml) by key(transtype.4350).
[2015-05-29 17:13:53,447][Test worker][DEBUG][CastorHelper] Finish marshaling input(typeclass com.mpos.lottery.te.merchant.web.IncomeBalanceDto, mappingFile=xml-mapping/IncomeBalanceTransfer_Res.xml).
[2015-05-29 17:13:53,448][Test worker][DEBUG][ProtocolSerializer] Finish mac(macKey=P2Bbo6+bSSR9O2Qc89f3b4oHTyE1V2gF,macString=Protocal-Version:1.5|GPE_Id:GPE-111|Terminal-Id:111|Operator-Id:OPERATOR-111|Trans-BatchNumber:20150529|TractMsg-Id:1432890833365|Timestamp:20150529171353|Transaction-Type:4350|Transaction-Id:0115052900000000002343|Response-Code:200|<?xml version="1.0" encoding="UTF-8"?>
<IncomeBalance payoutBalance="0" saleBalance="140" cashoutBalance="20" commissionBalance="0"/>):394bd07b84918d4c46e910c6306b8d4b
[2015-05-29 17:13:53,448][Test worker][DEBUG][TEPortServlet] Write response to client(host1=localhost,sizeOfPack=184) succesfully.
[2015-05-29 17:13:53,448][Test worker][DEBUG][BaseServletIntegrationTest] Got response(code=200,length=184): <?xml version="1.0" encoding="UTF-8"?>
<IncomeBalance payoutBalance="0" saleBalance="140" cashoutBalance="20" commissionBalance="0"/>
[2015-05-29 17:13:53,448][Test worker][DEBUG][MLotteryContext] find mapping file definition(xml-mapping/IncomeBalanceTransfer_Res.xml) by key(transtype.4350).
[2015-05-29 17:13:53,462][Test worker][DEBUG][TEPortServlet] Startup job scheduer(org.quartz.impl.StdScheduler@4d1e5820) successfully.
[2015-05-29 17:13:53,462][Test worker][WARN ][TEPortServlet] can NOT find META file:F:\project\M.Lottery\TE\TRUNK_TE\sourcecode\build\classes\main\META-INF\MANIFEST.MF
[2015-05-29 17:13:53,462][Test worker][DEBUG][TEPortServlet] Register MBean(com.mpos.lottery.te.common.jmx.TransactionTimeout@30003f44) with name(com.mpos.lottery.te:type=TransactionTimeoutMBean) successfully.
[2015-05-29 17:13:53,463][Test worker][DEBUG][BaseTransactionalIntegrationTest] Retrieve a ApplicationContext(org.springframework.web.context.support.GenericWebApplicationContext@34f645a8: startup date [Fri May 29 17:12:38 CST 2015]; root of context hierarchy).
[2015-05-29 17:13:53,463][Test worker][INFO ][BaseTransactionalIntegrationTest] +------------------------------------------------------------------------------------------------------------------------+
[2015-05-29 17:13:53,463][Test worker][INFO ][BaseTransactionalIntegrationTest] | IncomeBalanceIntegrationTest.testIncomeBalanceTransfer_operator                                                        |
[2015-05-29 17:13:53,463][Test worker][INFO ][BaseTransactionalIntegrationTest] +------------------------------------------------------------------------------------------------------------------------+
[2015-05-29 17:13:53,469][Test worker][DEBUG][MLotteryContext] find mapping file definition(xml-mapping/IncomeBalanceTransfer_Req.xml) by key(transtype.350).
[2015-05-29 17:13:53,469][Test worker][DEBUG][CastorHelper] Finish marshaling input(typeclass com.mpos.lottery.te.merchant.web.IncomeBalanceDto, mappingFile=xml-mapping/IncomeBalanceTransfer_Req.xml).
[2015-05-29 17:13:53,470][Test worker][DEBUG][BaseServletIntegrationTest] Do MAC(key=P2Bbo6+bSSR9O2Qc89f3b4oHTyE1V2gF) on (Protocal-Version:1.5|GPE_Id:GPE-111|Terminal-Id:111|Operator-Id:OPERATOR-111|Trans-BatchNumber:20150529|TractMsg-Id:1432890833469|Timestamp:20150529171353|Transaction-Type:350|Transaction-Id:|Response-Code:|<?xml version="1.0" encoding="UTF-8"?>
<IncomeBalance amount="100"/>,hash=1777336336), get digest:7d491daf245ce58b2f5dd58f8ab80869
[2015-05-29 17:13:53,470][Test worker][DEBUG][TEPortServlet] Got request header(name=X-Transaction-Type, value=350).
[2015-05-29 17:13:53,470][Test worker][DEBUG][TEPortServlet] Got request header(name=X-Protocal-Version, value=1.5).
[2015-05-29 17:13:53,470][Test worker][DEBUG][TEPortServlet] Got request header(name=X-Timestamp, value=20150529171353).
[2015-05-29 17:13:53,470][Test worker][DEBUG][TEPortServlet] Got request header(name=X-GPE-Id, value=GPE-111).
[2015-05-29 17:13:53,470][Test worker][DEBUG][TEPortServlet] Got request header(name=X-Trace-Message-Id, value=1432890833469).
[2015-05-29 17:13:53,470][Test worker][DEBUG][TEPortServlet] Got request header(name=X-Operator-Id, value=OPERATOR-111).
[2015-05-29 17:13:53,470][Test worker][DEBUG][TEPortServlet] Got request header(name=X-Terminal-Id, value=111).
[2015-05-29 17:13:53,470][Test worker][DEBUG][TEPortServlet] Got request header(name=X-MAC, value=7d491daf245ce58b2f5dd58f8ab80869).
[2015-05-29 17:13:53,470][Test worker][DEBUG][TEPortServlet] Got request header(name=X-Game-Type-Id, value=-1).
[2015-05-29 17:13:53,470][Test worker][DEBUG][TEPortServlet] Got request header(name=X-Trans-BatchNumber, value=20150529).
[2015-05-29 17:13:53,470][Test worker][DEBUG][TEPortServlet] Got request header(name=X-GPS-Location, value=40.714353,-74.005973).
[2015-05-29 17:13:53,472][Test worker][DEBUG][TEPortServlet] Got request from localhost, and the message body is:pq3FqO8HCcAnaobA+xpVnADmrnwj1vrK59BGhqvtskYFWTsa2cbe6h4SFWuEXxgfV44OJnk4TvCGpLbLuYwuCWiSdMYtYRX7.
[2015-05-29 17:13:53,472][Test worker][DEBUG][ProtocolSerializer] Start to deserialize request context(Protocal-Version:1.5|GPE_Id:GPE-111|Terminal-Id:111|Operator-Id:OPERATOR-111|Trans-BatchNumber:20150529|TractMsg-Id:1432890833469|Timestamp:20150529171353|Transaction-Type:350|Transaction-Id:|Response-Code:|).
[2015-05-29 17:13:53,472][Test worker][DEBUG][ProtocolSerializer] Finish decrypting cipher into original xml:<?xml version="1.0" encoding="UTF-8"?>
<IncomeBalance amount="100"/>
[2015-05-29 17:13:53,472][Test worker][DEBUG][ProtocolSerializer] Start to do MAC(key=P2Bbo6+bSSR9O2Qc89f3b4oHTyE1V2gF) on (Protocal-Version:1.5|GPE_Id:GPE-111|Terminal-Id:111|Operator-Id:OPERATOR-111|Trans-BatchNumber:20150529|TractMsg-Id:1432890833469|Timestamp:20150529171353|Transaction-Type:350|Transaction-Id:|Response-Code:|<?xml version="1.0" encoding="UTF-8"?>
<IncomeBalance amount="100"/>,hash=1777336336), get digest:7d491daf245ce58b2f5dd58f8ab80869
[2015-05-29 17:13:53,472][Test worker][DEBUG][MLotteryContext] find mapping file definition(xml-mapping/IncomeBalanceTransfer_Req.xml) by key(transtype.350).
[2015-05-29 17:13:53,472][Test worker][DEBUG][ProtocolSerializer] Start to deserialize model: model=null,mappingFile=xml-mapping/IncomeBalanceTransfer_Req.xml
[2015-05-29 17:13:53,473][Test worker][DEBUG][MLotteryContext] find mapping file definition(xml-mapping/IncomeBalanceTransfer_Req.xml) by key(transtype.350).
[2015-05-29 17:13:53,488][Test worker][DEBUG][RoutineRegistry] Try to lookup handler by routine key(-1_350_1.5.0).
[2015-05-29 17:13:53,488][Test worker][DEBUG][RoutineRegistry] Try to lookup handler by routine key(-1_350_).
[2015-05-29 17:13:53,488][Test worker][DEBUG][RoutineRegistry] Lookup controller by key(-1_350_), found controller(com.mpos.lottery.te.merchant.MerchantController@720798ee) and method(public void com.mpos.lottery.te.merchant.MerchantController.incomeBalanceTransfer(com.mpos.lottery.te.port.Context,com.mpos.lottery.te.port.Context) throws com.mpos.lottery.te.config.exception.ApplicationException).
[2015-05-29 17:13:53,488][Test worker][DEBUG][IncomeBalanceServiceImpl]  Income Balance (com.mpos.lottery.te.merchant.web.IncomeBalanceDto@79e331ea) to operator OPERATOR-111
[2015-05-29 17:13:53,498][Test worker][DEBUG][IncomeBalanceServiceImpl] The balance transfer(before transaction) of Operator [id=OPERATOR-111, loginName=OPERATOR-LOGIN, creditType=1, saleCreditLevel=40, payoutCreditLevel=40, cashoutBalance=30, commisionBalance=50] is saleBalace:40,payoutBalace:40,cashoutBalace:30,commissionBalance:50
[2015-05-29 17:13:53,532][Test worker][DEBUG][CommonFacadeService] No need to publish AMQP message of transaction(INCOME_BALANCE_TRANSFER)
[2015-05-29 17:13:53,532][Test worker][DEBUG][MLotteryContext] find mapping file definition(xml-mapping/IncomeBalanceTransfer_Res.xml) by key(transtype.4350).
[2015-05-29 17:13:53,532][Test worker][DEBUG][ProtocolSerializer] Start to serialize model(class com.mpos.lottery.te.merchant.web.IncomeBalanceDto),mappingFile=xml-mapping/IncomeBalanceTransfer_Res.xml
[2015-05-29 17:13:53,532][Test worker][DEBUG][MLotteryContext] find mapping file definition(xml-mapping/IncomeBalanceTransfer_Res.xml) by key(transtype.4350).
[2015-05-29 17:13:53,533][Test worker][DEBUG][CastorHelper] Finish marshaling input(typeclass com.mpos.lottery.te.merchant.web.IncomeBalanceDto, mappingFile=xml-mapping/IncomeBalanceTransfer_Res.xml).
[2015-05-29 17:13:53,533][Test worker][DEBUG][ProtocolSerializer] Finish mac(macKey=P2Bbo6+bSSR9O2Qc89f3b4oHTyE1V2gF,macString=Protocal-Version:1.5|GPE_Id:GPE-111|Terminal-Id:111|Operator-Id:OPERATOR-111|Trans-BatchNumber:20150529|TractMsg-Id:1432890833469|Timestamp:20150529171353|Transaction-Type:4350|Transaction-Id:0115052900000000002344|Response-Code:200|<?xml version="1.0" encoding="UTF-8"?>
<IncomeBalance payoutBalance="0" saleBalance="140" cashoutBalance="20" commissionBalance="0"/>):4a27462c0059f9392c04d480a3665347
[2015-05-29 17:13:53,533][Test worker][DEBUG][TEPortServlet] Write response to client(host1=localhost,sizeOfPack=184) succesfully.
[2015-05-29 17:13:53,534][Test worker][DEBUG][BaseServletIntegrationTest] Got response(code=200,length=184): <?xml version="1.0" encoding="UTF-8"?>
<IncomeBalance payoutBalance="0" saleBalance="140" cashoutBalance="20" commissionBalance="0"/>
[2015-05-29 17:13:53,534][Test worker][DEBUG][MLotteryContext] find mapping file definition(xml-mapping/IncomeBalanceTransfer_Res.xml) by key(transtype.4350).
[2015-05-29 17:13:53,548][Test worker][DEBUG][TEPortServlet] Startup job scheduer(org.quartz.impl.StdScheduler@4d1e5820) successfully.
[2015-05-29 17:13:53,548][Test worker][WARN ][TEPortServlet] can NOT find META file:F:\project\M.Lottery\TE\TRUNK_TE\sourcecode\build\classes\main\META-INF\MANIFEST.MF
[2015-05-29 17:13:53,548][Test worker][DEBUG][TEPortServlet] Register MBean(com.mpos.lottery.te.common.jmx.TransactionTimeout@28b38b92) with name(com.mpos.lottery.te:type=TransactionTimeoutMBean) successfully.
[2015-05-29 17:13:53,548][Test worker][DEBUG][BaseTransactionalIntegrationTest] Retrieve a ApplicationContext(org.springframework.web.context.support.GenericWebApplicationContext@34f645a8: startup date [Fri May 29 17:12:38 CST 2015]; root of context hierarchy).
[2015-05-29 17:13:53,549][Test worker][INFO ][BaseTransactionalIntegrationTest] +------------------------------------------------------------------------------------------------------------------------+
[2015-05-29 17:13:53,549][Test worker][INFO ][BaseTransactionalIntegrationTest] | IncomeBalanceIntegrationTest.testIncomeBalanceTransfer_parentMerchant                                                  |
[2015-05-29 17:13:53,549][Test worker][INFO ][BaseTransactionalIntegrationTest] +------------------------------------------------------------------------------------------------------------------------+
[2015-05-29 17:13:53,555][Test worker][DEBUG][MLotteryContext] find mapping file definition(xml-mapping/IncomeBalanceTransfer_Req.xml) by key(transtype.350).
[2015-05-29 17:13:53,556][Test worker][DEBUG][CastorHelper] Finish marshaling input(typeclass com.mpos.lottery.te.merchant.web.IncomeBalanceDto, mappingFile=xml-mapping/IncomeBalanceTransfer_Req.xml).
[2015-05-29 17:13:53,556][Test worker][DEBUG][BaseServletIntegrationTest] Do MAC(key=P2Bbo6+bSSR9O2Qc89f3b4oHTyE1V2gF) on (Protocal-Version:1.5|GPE_Id:GPE-111|Terminal-Id:111|Operator-Id:OPERATOR-111|Trans-BatchNumber:20150529|TractMsg-Id:1432890833555|Timestamp:20150529171353|Transaction-Type:350|Transaction-Id:|Response-Code:|<?xml version="1.0" encoding="UTF-8"?>
<IncomeBalance amount="100"/>,hash=-1759659986), get digest:6db74bd8cd7854799a3a537fdeb76de8
[2015-05-29 17:13:53,556][Test worker][DEBUG][TEPortServlet] Got request header(name=X-Transaction-Type, value=350).
[2015-05-29 17:13:53,556][Test worker][DEBUG][TEPortServlet] Got request header(name=X-Protocal-Version, value=1.5).
[2015-05-29 17:13:53,556][Test worker][DEBUG][TEPortServlet] Got request header(name=X-Timestamp, value=20150529171353).
[2015-05-29 17:13:53,556][Test worker][DEBUG][TEPortServlet] Got request header(name=X-GPE-Id, value=GPE-111).
[2015-05-29 17:13:53,556][Test worker][DEBUG][TEPortServlet] Got request header(name=X-Trace-Message-Id, value=1432890833555).
[2015-05-29 17:13:53,557][Test worker][DEBUG][TEPortServlet] Got request header(name=X-Operator-Id, value=OPERATOR-111).
[2015-05-29 17:13:53,557][Test worker][DEBUG][TEPortServlet] Got request header(name=X-Terminal-Id, value=111).
[2015-05-29 17:13:53,557][Test worker][DEBUG][TEPortServlet] Got request header(name=X-MAC, value=6db74bd8cd7854799a3a537fdeb76de8).
[2015-05-29 17:13:53,557][Test worker][DEBUG][TEPortServlet] Got request header(name=X-Game-Type-Id, value=-1).
[2015-05-29 17:13:53,557][Test worker][DEBUG][TEPortServlet] Got request header(name=X-Trans-BatchNumber, value=20150529).
[2015-05-29 17:13:53,557][Test worker][DEBUG][TEPortServlet] Got request header(name=X-GPS-Location, value=40.714353,-74.005973).
[2015-05-29 17:13:53,558][Test worker][DEBUG][TEPortServlet] Got request from localhost, and the message body is:pq3FqO8HCcAnaobA+xpVnADmrnwj1vrK59BGhqvtskYFWTsa2cbe6h4SFWuEXxgfV44OJnk4TvCGpLbLuYwuCWiSdMYtYRX7.
[2015-05-29 17:13:53,559][Test worker][DEBUG][ProtocolSerializer] Start to deserialize request context(Protocal-Version:1.5|GPE_Id:GPE-111|Terminal-Id:111|Operator-Id:OPERATOR-111|Trans-BatchNumber:20150529|TractMsg-Id:1432890833555|Timestamp:20150529171353|Transaction-Type:350|Transaction-Id:|Response-Code:|).
[2015-05-29 17:13:53,559][Test worker][DEBUG][ProtocolSerializer] Finish decrypting cipher into original xml:<?xml version="1.0" encoding="UTF-8"?>
<IncomeBalance amount="100"/>
[2015-05-29 17:13:53,559][Test worker][DEBUG][ProtocolSerializer] Start to do MAC(key=P2Bbo6+bSSR9O2Qc89f3b4oHTyE1V2gF) on (Protocal-Version:1.5|GPE_Id:GPE-111|Terminal-Id:111|Operator-Id:OPERATOR-111|Trans-BatchNumber:20150529|TractMsg-Id:1432890833555|Timestamp:20150529171353|Transaction-Type:350|Transaction-Id:|Response-Code:|<?xml version="1.0" encoding="UTF-8"?>
<IncomeBalance amount="100"/>,hash=-1759659986), get digest:6db74bd8cd7854799a3a537fdeb76de8
[2015-05-29 17:13:53,559][Test worker][DEBUG][MLotteryContext] find mapping file definition(xml-mapping/IncomeBalanceTransfer_Req.xml) by key(transtype.350).
[2015-05-29 17:13:53,559][Test worker][DEBUG][ProtocolSerializer] Start to deserialize model: model=null,mappingFile=xml-mapping/IncomeBalanceTransfer_Req.xml
[2015-05-29 17:13:53,559][Test worker][DEBUG][MLotteryContext] find mapping file definition(xml-mapping/IncomeBalanceTransfer_Req.xml) by key(transtype.350).
[2015-05-29 17:13:53,583][Test worker][DEBUG][RoutineRegistry] Try to lookup handler by routine key(-1_350_1.5.0).
[2015-05-29 17:13:53,583][Test worker][DEBUG][RoutineRegistry] Try to lookup handler by routine key(-1_350_).
[2015-05-29 17:13:53,583][Test worker][DEBUG][RoutineRegistry] Lookup controller by key(-1_350_), found controller(com.mpos.lottery.te.merchant.MerchantController@720798ee) and method(public void com.mpos.lottery.te.merchant.MerchantController.incomeBalanceTransfer(com.mpos.lottery.te.port.Context,com.mpos.lottery.te.port.Context) throws com.mpos.lottery.te.config.exception.ApplicationException).
[2015-05-29 17:13:53,583][Test worker][DEBUG][IncomeBalanceServiceImpl]  Income Balance (com.mpos.lottery.te.merchant.web.IncomeBalanceDto@40d94ade) to operator OPERATOR-111
[2015-05-29 17:13:53,584][Test worker][DEBUG][IncomeBalanceServiceImpl] Ignore credit level calculation, as the credit type of Operator [id=OPERATOR-111, loginName=OPERATOR-LOGIN, creditType=4, saleCreditLevel=200000000, payoutCreditLevel=1000, cashoutBalance=0, commisionBalance=0] is USE PARENT... check its parent merchant
[2015-05-29 17:13:53,584][Test worker][DEBUG][IncomeBalanceServiceImpl] Ignore balance calculation, as the credit type ofMerchant [id=111, name=M-111, saleCreditLevel=100000000, payoutCreditLevel=1000, creditType=4, cashoutBalance=0, commisionBalance=0] is USE PARENT... check its parent merchant.
[2015-05-29 17:13:53,599][Test worker][DEBUG][IncomeBalanceServiceImpl] The balance transfer(before transaction) of Merchant [id=222, name=null, saleCreditLevel=40, payoutCreditLevel=40, creditType=1, cashoutBalance=30, commisionBalance=50] is saleBalace:40,payoutBalace:40,cashoutBalace:30,commissionBalance:50
[2015-05-29 17:13:53,609][Test worker][DEBUG][CommonFacadeService] No need to publish AMQP message of transaction(INCOME_BALANCE_TRANSFER)
[2015-05-29 17:13:53,609][Test worker][DEBUG][MLotteryContext] find mapping file definition(xml-mapping/IncomeBalanceTransfer_Res.xml) by key(transtype.4350).
[2015-05-29 17:13:53,609][Test worker][DEBUG][ProtocolSerializer] Start to serialize model(class com.mpos.lottery.te.merchant.web.IncomeBalanceDto),mappingFile=xml-mapping/IncomeBalanceTransfer_Res.xml
[2015-05-29 17:13:53,609][Test worker][DEBUG][MLotteryContext] find mapping file definition(xml-mapping/IncomeBalanceTransfer_Res.xml) by key(transtype.4350).
[2015-05-29 17:13:53,610][Test worker][DEBUG][CastorHelper] Finish marshaling input(typeclass com.mpos.lottery.te.merchant.web.IncomeBalanceDto, mappingFile=xml-mapping/IncomeBalanceTransfer_Res.xml).
[2015-05-29 17:13:53,610][Test worker][DEBUG][ProtocolSerializer] Finish mac(macKey=P2Bbo6+bSSR9O2Qc89f3b4oHTyE1V2gF,macString=Protocal-Version:1.5|GPE_Id:GPE-111|Terminal-Id:111|Operator-Id:OPERATOR-111|Trans-BatchNumber:20150529|TractMsg-Id:1432890833555|Timestamp:20150529171353|Transaction-Type:4350|Transaction-Id:0115052900000000002345|Response-Code:200|<?xml version="1.0" encoding="UTF-8"?>
<IncomeBalance payoutBalance="0" saleBalance="140" cashoutBalance="20" commissionBalance="0"/>):ac0db6faecdb21de74d69363aedf3078
[2015-05-29 17:13:53,611][Test worker][DEBUG][TEPortServlet] Write response to client(host1=localhost,sizeOfPack=184) succesfully.
[2015-05-29 17:13:53,612][Test worker][DEBUG][BaseServletIntegrationTest] Got response(code=200,length=184): <?xml version="1.0" encoding="UTF-8"?>
<IncomeBalance payoutBalance="0" saleBalance="140" cashoutBalance="20" commissionBalance="0"/>
[2015-05-29 17:13:53,612][Test worker][DEBUG][MLotteryContext] find mapping file definition(xml-mapping/IncomeBalanceTransfer_Res.xml) by key(transtype.4350).
[2015-05-29 17:13:53,623][Test worker][DEBUG][TEPortServlet] Startup job scheduer(org.quartz.impl.StdScheduler@4d1e5820) successfully.
[2015-05-29 17:13:53,623][Test worker][WARN ][TEPortServlet] can NOT find META file:F:\project\M.Lottery\TE\TRUNK_TE\sourcecode\build\classes\main\META-INF\MANIFEST.MF
[2015-05-29 17:13:53,623][Test worker][DEBUG][TEPortServlet] Register MBean(com.mpos.lottery.te.common.jmx.TransactionTimeout@1a930693) with name(com.mpos.lottery.te:type=TransactionTimeoutMBean) successfully.
[2015-05-29 17:13:53,624][Test worker][DEBUG][BaseTransactionalIntegrationTest] Retrieve a ApplicationContext(org.springframework.web.context.support.GenericWebApplicationContext@34f645a8: startup date [Fri May 29 17:12:38 CST 2015]; root of context hierarchy).
[2015-05-29 17:13:53,624][Test worker][INFO ][BaseTransactionalIntegrationTest] +------------------------------------------------------------------------------------------------------------------------+
[2015-05-29 17:13:53,624][Test worker][INFO ][BaseTransactionalIntegrationTest] | IncomeBalanceIntegrationTest.testIncomeBalanceTransfer_operator_commissionBalanceLessThanZero                          |
[2015-05-29 17:13:53,624][Test worker][INFO ][BaseTransactionalIntegrationTest] +------------------------------------------------------------------------------------------------------------------------+
[2015-05-29 17:13:53,628][Test worker][DEBUG][MLotteryContext] find mapping file definition(xml-mapping/IncomeBalanceTransfer_Req.xml) by key(transtype.350).
[2015-05-29 17:13:53,628][Test worker][DEBUG][CastorHelper] Finish marshaling input(typeclass com.mpos.lottery.te.merchant.web.IncomeBalanceDto, mappingFile=xml-mapping/IncomeBalanceTransfer_Req.xml).
[2015-05-29 17:13:53,629][Test worker][DEBUG][BaseServletIntegrationTest] Do MAC(key=P2Bbo6+bSSR9O2Qc89f3b4oHTyE1V2gF) on (Protocal-Version:1.5|GPE_Id:GPE-111|Terminal-Id:111|Operator-Id:OPERATOR-111|Trans-BatchNumber:20150529|TractMsg-Id:1432890833628|Timestamp:20150529171353|Transaction-Type:350|Transaction-Id:|Response-Code:|<?xml version="1.0" encoding="UTF-8"?>
<IncomeBalance amount="100"/>,hash=1726930901), get digest:5e0fa3b86993aee2fc8877cd00f165fe
[2015-05-29 17:13:53,629][Test worker][DEBUG][TEPortServlet] Got request header(name=X-Transaction-Type, value=350).
[2015-05-29 17:13:53,629][Test worker][DEBUG][TEPortServlet] Got request header(name=X-Protocal-Version, value=1.5).
[2015-05-29 17:13:53,629][Test worker][DEBUG][TEPortServlet] Got request header(name=X-Timestamp, value=20150529171353).
[2015-05-29 17:13:53,629][Test worker][DEBUG][TEPortServlet] Got request header(name=X-GPE-Id, value=GPE-111).
[2015-05-29 17:13:53,629][Test worker][DEBUG][TEPortServlet] Got request header(name=X-Trace-Message-Id, value=1432890833628).
[2015-05-29 17:13:53,629][Test worker][DEBUG][TEPortServlet] Got request header(name=X-Operator-Id, value=OPERATOR-111).
[2015-05-29 17:13:53,629][Test worker][DEBUG][TEPortServlet] Got request header(name=X-Terminal-Id, value=111).
[2015-05-29 17:13:53,629][Test worker][DEBUG][TEPortServlet] Got request header(name=X-MAC, value=5e0fa3b86993aee2fc8877cd00f165fe).
[2015-05-29 17:13:53,629][Test worker][DEBUG][TEPortServlet] Got request header(name=X-Game-Type-Id, value=-1).
[2015-05-29 17:13:53,629][Test worker][DEBUG][TEPortServlet] Got request header(name=X-Trans-BatchNumber, value=20150529).
[2015-05-29 17:13:53,629][Test worker][DEBUG][TEPortServlet] Got request header(name=X-GPS-Location, value=40.714353,-74.005973).
[2015-05-29 17:13:53,632][Test worker][DEBUG][TEPortServlet] Got request from localhost, and the message body is:pq3FqO8HCcAnaobA+xpVnADmrnwj1vrK59BGhqvtskYFWTsa2cbe6h4SFWuEXxgfV44OJnk4TvCGpLbLuYwuCWiSdMYtYRX7.
[2015-05-29 17:13:53,632][Test worker][DEBUG][ProtocolSerializer] Start to deserialize request context(Protocal-Version:1.5|GPE_Id:GPE-111|Terminal-Id:111|Operator-Id:OPERATOR-111|Trans-BatchNumber:20150529|TractMsg-Id:1432890833628|Timestamp:20150529171353|Transaction-Type:350|Transaction-Id:|Response-Code:|).
[2015-05-29 17:13:53,632][Test worker][DEBUG][ProtocolSerializer] Finish decrypting cipher into original xml:<?xml version="1.0" encoding="UTF-8"?>
<IncomeBalance amount="100"/>
[2015-05-29 17:13:53,633][Test worker][DEBUG][ProtocolSerializer] Start to do MAC(key=P2Bbo6+bSSR9O2Qc89f3b4oHTyE1V2gF) on (Protocal-Version:1.5|GPE_Id:GPE-111|Terminal-Id:111|Operator-Id:OPERATOR-111|Trans-BatchNumber:20150529|TractMsg-Id:1432890833628|Timestamp:20150529171353|Transaction-Type:350|Transaction-Id:|Response-Code:|<?xml version="1.0" encoding="UTF-8"?>
<IncomeBalance amount="100"/>,hash=1726930901), get digest:5e0fa3b86993aee2fc8877cd00f165fe
[2015-05-29 17:13:53,633][Test worker][DEBUG][MLotteryContext] find mapping file definition(xml-mapping/IncomeBalanceTransfer_Req.xml) by key(transtype.350).
[2015-05-29 17:13:53,633][Test worker][DEBUG][ProtocolSerializer] Start to deserialize model: model=null,mappingFile=xml-mapping/IncomeBalanceTransfer_Req.xml
[2015-05-29 17:13:53,633][Test worker][DEBUG][MLotteryContext] find mapping file definition(xml-mapping/IncomeBalanceTransfer_Req.xml) by key(transtype.350).
[2015-05-29 17:13:53,656][Test worker][DEBUG][RoutineRegistry] Try to lookup handler by routine key(-1_350_1.5.0).
[2015-05-29 17:13:53,656][Test worker][DEBUG][RoutineRegistry] Try to lookup handler by routine key(-1_350_).
[2015-05-29 17:13:53,656][Test worker][DEBUG][RoutineRegistry] Lookup controller by key(-1_350_), found controller(com.mpos.lottery.te.merchant.MerchantController@720798ee) and method(public void com.mpos.lottery.te.merchant.MerchantController.incomeBalanceTransfer(com.mpos.lottery.te.port.Context,com.mpos.lottery.te.port.Context) throws com.mpos.lottery.te.config.exception.ApplicationException).
[2015-05-29 17:13:53,656][Test worker][DEBUG][IncomeBalanceServiceImpl]  Income Balance (com.mpos.lottery.te.merchant.web.IncomeBalanceDto@dd221bd) to operator OPERATOR-111
[2015-05-29 17:13:53,665][Test worker][DEBUG][IncomeBalanceServiceImpl] The balance transfer(before transaction) of Operator [id=OPERATOR-111, loginName=OPERATOR-LOGIN, creditType=1, saleCreditLevel=40, payoutCreditLevel=40, cashoutBalance=70, commisionBalance=-50] is saleBalace:40,payoutBalace:40,cashoutBalace:70,commissionBalance:-50
[2015-05-29 17:13:53,671][Test worker][DEBUG][CommonFacadeService] No need to publish AMQP message of transaction(INCOME_BALANCE_TRANSFER)
[2015-05-29 17:13:53,671][Test worker][DEBUG][MLotteryContext] find mapping file definition(xml-mapping/IncomeBalanceTransfer_Res.xml) by key(transtype.4350).
[2015-05-29 17:13:53,671][Test worker][DEBUG][ProtocolSerializer] Start to serialize model(class com.mpos.lottery.te.merchant.web.IncomeBalanceDto),mappingFile=xml-mapping/IncomeBalanceTransfer_Res.xml
[2015-05-29 17:13:53,671][Test worker][DEBUG][MLotteryContext] find mapping file definition(xml-mapping/IncomeBalanceTransfer_Res.xml) by key(transtype.4350).
[2015-05-29 17:13:53,672][Test worker][DEBUG][CastorHelper] Finish marshaling input(typeclass com.mpos.lottery.te.merchant.web.IncomeBalanceDto, mappingFile=xml-mapping/IncomeBalanceTransfer_Res.xml).
[2015-05-29 17:13:53,672][Test worker][DEBUG][ProtocolSerializer] Finish mac(macKey=P2Bbo6+bSSR9O2Qc89f3b4oHTyE1V2gF,macString=Protocal-Version:1.5|GPE_Id:GPE-111|Terminal-Id:111|Operator-Id:OPERATOR-111|Trans-BatchNumber:20150529|TractMsg-Id:1432890833628|Timestamp:20150529171353|Transaction-Type:4350|Transaction-Id:0115052900000000002346|Response-Code:200|<?xml version="1.0" encoding="UTF-8"?>
<IncomeBalance payoutBalance="0" saleBalance="140" cashoutBalance="10" commissionBalance="-50"/>):d62b23fe4f80aab7fff33aa3573b50c6
[2015-05-29 17:13:53,673][Test worker][DEBUG][TEPortServlet] Write response to client(host1=localhost,sizeOfPack=184) succesfully.
[2015-05-29 17:13:53,673][Test worker][DEBUG][BaseServletIntegrationTest] Got response(code=200,length=184): <?xml version="1.0" encoding="UTF-8"?>
<IncomeBalance payoutBalance="0" saleBalance="140" cashoutBalance="10" commissionBalance="-50"/>
[2015-05-29 17:13:53,673][Test worker][DEBUG][MLotteryContext] find mapping file definition(xml-mapping/IncomeBalanceTransfer_Res.xml) by key(transtype.4350).
]]></system-out>
  <system-err><![CDATA[]]></system-err>
</testsuite>
