<?xml version="1.0" encoding="UTF-8"?>
<testsuite name="com.mpos.lottery.te.gameimpl.magic100.sale.Magic100SaleEnquiryIntegrationTest" tests="2" skipped="0" failures="0" errors="0" timestamp="2015-05-29T09:13:34" hostname="Ramon-PC" time="0.348">
  <properties/>
  <testcase name="testEnquiryTransaction" classname="com.mpos.lottery.te.gameimpl.magic100.sale.Magic100SaleEnquiryIntegrationTest" time="0.175"/>
  <testcase name="testEnquiryTicket" classname="com.mpos.lottery.te.gameimpl.magic100.sale.Magic100SaleEnquiryIntegrationTest" time="0.172"/>
  <system-out><![CDATA[[2015-05-29 17:13:34,160][Test worker][DEBUG][TEPortServlet] Startup job scheduer(org.quartz.impl.StdScheduler@4d1e5820) successfully.
[2015-05-29 17:13:34,160][Test worker][WARN ][TEPortServlet] can NOT find META file:F:\project\M.Lottery\TE\TRUNK_TE\sourcecode\build\classes\main\META-INF\MANIFEST.MF
[2015-05-29 17:13:34,160][Test worker][DEBUG][TEPortServlet] Register MBean(com.mpos.lottery.te.common.jmx.TransactionTimeout@72ab3e61) with name(com.mpos.lottery.te:type=TransactionTimeoutMBean) successfully.
[2015-05-29 17:13:34,161][Test worker][DEBUG][BaseTransactionalIntegrationTest] Retrieve a ApplicationContext(org.springframework.web.context.support.GenericWebApplicationContext@34f645a8: startup date [Fri May 29 17:12:38 CST 2015]; root of context hierarchy).
[2015-05-29 17:13:34,161][Test worker][INFO ][BaseTransactionalIntegrationTest] +------------------------------------------------------------------------------------------------------------------------+
[2015-05-29 17:13:34,161][Test worker][INFO ][BaseTransactionalIntegrationTest] | Magic100SaleEnquiryIntegrationTest.testEnquiryTransaction                                                              |
[2015-05-29 17:13:34,161][Test worker][INFO ][BaseTransactionalIntegrationTest] +------------------------------------------------------------------------------------------------------------------------+
[2015-05-29 17:13:34,161][Test worker][DEBUG][MLotteryContext] find mapping file definition(xml-mapping/game/magic100/SellTicket_Req.xml) by key(18.transtype.200).
[2015-05-29 17:13:34,162][Test worker][DEBUG][CastorHelper] Finish marshaling input(typeclass com.mpos.lottery.te.gameimpl.magic100.sale.Magic100Ticket, mappingFile=xml-mapping/game/magic100/SellTicket_Req.xml).
[2015-05-29 17:13:34,162][Test worker][DEBUG][BaseServletIntegrationTest] Do MAC(key=P2Bbo6+bSSR9O2Qc89f3b4oHTyE1V2gF) on (Protocal-Version:1.5|GPE_Id:GPE-111|Terminal-Id:111|Operator-Id:OPERATOR-111|Trans-BatchNumber:20150529|TractMsg-Id:1432890814161|Timestamp:20150529171334|Transaction-Type:200|Transaction-Id:|Response-Code:|<?xml version="1.0" encoding="UTF-8"?>
<Ticket multipleDraws="1" totalAmount="300.0" PIN="!!!!"><GameDraw number="001" gameId="LK-1"/><Entry selectedNumber="PLAY" betOption="1" inputChannel="0" totalBets="3"/><User mobile="138000138000"/></Ticket>,hash=527329981), get digest:6f9e11309d8c4ad24384ad697b4518dd
[2015-05-29 17:13:34,162][Test worker][DEBUG][TEPortServlet] Got request header(name=X-Transaction-Type, value=200).
[2015-05-29 17:13:34,162][Test worker][DEBUG][TEPortServlet] Got request header(name=X-Protocal-Version, value=1.5).
[2015-05-29 17:13:34,162][Test worker][DEBUG][TEPortServlet] Got request header(name=X-Timestamp, value=20150529171334).
[2015-05-29 17:13:34,162][Test worker][DEBUG][TEPortServlet] Got request header(name=X-GPE-Id, value=GPE-111).
[2015-05-29 17:13:34,162][Test worker][DEBUG][TEPortServlet] Got request header(name=X-Trace-Message-Id, value=1432890814161).
[2015-05-29 17:13:34,162][Test worker][DEBUG][TEPortServlet] Got request header(name=X-Operator-Id, value=OPERATOR-111).
[2015-05-29 17:13:34,162][Test worker][DEBUG][TEPortServlet] Got request header(name=X-Terminal-Id, value=111).
[2015-05-29 17:13:34,162][Test worker][DEBUG][TEPortServlet] Got request header(name=X-MAC, value=6f9e11309d8c4ad24384ad697b4518dd).
[2015-05-29 17:13:34,162][Test worker][DEBUG][TEPortServlet] Got request header(name=X-Game-Type-Id, value=18).
[2015-05-29 17:13:34,162][Test worker][DEBUG][TEPortServlet] Got request header(name=X-Trans-BatchNumber, value=20150529).
[2015-05-29 17:13:34,162][Test worker][DEBUG][TEPortServlet] Got request header(name=X-GPS-Location, value=40.714353,-74.005973).
[2015-05-29 17:13:34,164][Test worker][DEBUG][TEPortServlet] Got request from localhost, and the message body is:pq3FqO8HCcAnaobA+xpVnADmrnwj1vrK59BGhqvtskYFWTsa2cbe6vvj1C28m6E+ybhcq2GHfnfSvzUuvi5gIW+x7OzQghYnuO2taDRjXWCxHHHe4Qt36fAfFB33rSVDACrbWnPg/DemXvJASO7iCLuAO4gyCEnDo0YmXYatjtvx/4vawF5fmKvcy6y3OGpne4KYTTRzaz+rF0MDrXB++dOTvd5Fn6AkBiVVDSSby3fO4ETpZWFpBI2KUCNpMdGMU5l6EM+5IolpRDkWHrNZPUabJ+SyUo2qmTSgiOa5rwtdKi3DsJ+KQz7CwuaOvv+AitkgcNKdy64=.
[2015-05-29 17:13:34,164][Test worker][DEBUG][ProtocolSerializer] Start to deserialize request context(Protocal-Version:1.5|GPE_Id:GPE-111|Terminal-Id:111|Operator-Id:OPERATOR-111|Trans-BatchNumber:20150529|TractMsg-Id:1432890814161|Timestamp:20150529171334|Transaction-Type:200|Transaction-Id:|Response-Code:|).
[2015-05-29 17:13:34,164][Test worker][DEBUG][ProtocolSerializer] Finish decrypting cipher into original xml:<?xml version="1.0" encoding="UTF-8"?>
<Ticket multipleDraws="1" totalAmount="300.0" PIN="!!!!"><GameDraw number="001" gameId="LK-1"/><Entry selectedNumber="PLAY" betOption="1" inputChannel="0" totalBets="3"/><User mobile="138000138000"/></Ticket>
[2015-05-29 17:13:34,165][Test worker][DEBUG][ProtocolSerializer] Start to do MAC(key=P2Bbo6+bSSR9O2Qc89f3b4oHTyE1V2gF) on (Protocal-Version:1.5|GPE_Id:GPE-111|Terminal-Id:111|Operator-Id:OPERATOR-111|Trans-BatchNumber:20150529|TractMsg-Id:1432890814161|Timestamp:20150529171334|Transaction-Type:200|Transaction-Id:|Response-Code:|<?xml version="1.0" encoding="UTF-8"?>
<Ticket multipleDraws="1" totalAmount="300.0" PIN="!!!!"><GameDraw number="001" gameId="LK-1"/><Entry selectedNumber="PLAY" betOption="1" inputChannel="0" totalBets="3"/><User mobile="138000138000"/></Ticket>,hash=527329981), get digest:6f9e11309d8c4ad24384ad697b4518dd
[2015-05-29 17:13:34,165][Test worker][DEBUG][MLotteryContext] find mapping file definition(xml-mapping/game/magic100/SellTicket_Req.xml) by key(18.transtype.200).
[2015-05-29 17:13:34,165][Test worker][DEBUG][ProtocolSerializer] Start to deserialize model: model=null,mappingFile=xml-mapping/game/magic100/SellTicket_Req.xml
[2015-05-29 17:13:34,165][Test worker][DEBUG][MLotteryContext] find mapping file definition(xml-mapping/game/magic100/SellTicket_Req.xml) by key(18.transtype.200).
[2015-05-29 17:13:34,177][Test worker][DEBUG][RoutineRegistry] Try to lookup handler by routine key(18_200_1.5.0).
[2015-05-29 17:13:34,177][Test worker][DEBUG][RoutineRegistry] Try to lookup handler by routine key(18_200_).
[2015-05-29 17:13:34,177][Test worker][DEBUG][RoutineRegistry] Lookup controller by key(18_200_), found controller(com.mpos.lottery.te.gameimpl.magic100.Magic100Controller@7081c100) and method(public void com.mpos.lottery.te.gameimpl.magic100.Magic100Controller.sell(com.mpos.lottery.te.port.Context,com.mpos.lottery.te.port.Context) throws com.mpos.lottery.te.config.exception.ApplicationException).
[2015-05-29 17:13:34,184][Test worker][INFO ][AbstractGameInstanceService] No channel game instance time definiton found, ignore it.
[2015-05-29 17:13:34,184][Test worker][DEBUG][UUIDServiceImpl] Assemble a new ticket serial number:01111745819300013309
[2015-05-29 17:13:34,196][Test worker][DEBUG][DefaultLuckyNumberService] Use lucky number from REQUEUED RANGE(id=2) instead of main cycle.
[2015-05-29 17:13:34,197][Test worker][DEBUG][DefaultTicketValidator] THe max allowed multi-draw of operation parameter is 10, merchant limit to 3, the smaller 3 will be used.
[2015-05-29 17:13:34,213][Test worker][DEBUG][DefaultBalanceService] Operator before transaction -  Operator [id=OPERATOR-111, loginName=OPERATOR-LOGIN, creditType=1, saleCreditLevel=200000000, payoutCreditLevel=1000, cashoutBalance=0, commisionBalance=0]
[2015-05-29 17:13:34,213][Test worker][DEBUG][DefaultBalanceService] Found balance strategy:com.mpos.lottery.te.merchant.service.balance.PayoutBalanceStrategy@57df81d2
[2015-05-29 17:13:34,213][Test worker][DEBUG][DefaultBalanceService] Operator after transaction -  Operator [id=OPERATOR-111, loginName=OPERATOR-LOGIN, creditType=1, saleCreditLevel=200000000, payoutCreditLevel=2000, cashoutBalance=0, commisionBalance=0]
[2015-05-29 17:13:34,225][Test worker][DEBUG][DefaultBalanceService] Operator before transaction -  Operator [id=OPERATOR-111, loginName=OPERATOR-LOGIN, creditType=1, saleCreditLevel=200000000, payoutCreditLevel=2000, cashoutBalance=0, commisionBalance=200]
[2015-05-29 17:13:34,225][Test worker][DEBUG][DefaultBalanceService] Found balance strategy:com.mpos.lottery.te.merchant.service.balance.SaleBalanceStrategy@e1f8aba
[2015-05-29 17:13:34,225][Test worker][DEBUG][DefaultBalanceService] Operator after transaction -  Operator [id=OPERATOR-111, loginName=OPERATOR-LOGIN, creditType=1, saleCreditLevel=199999700.0, payoutCreditLevel=2000, cashoutBalance=0, commisionBalance=200]
[2015-05-29 17:13:34,234][Test worker][DEBUG][CommonFacadeService] Prepare to publish message to exchange[TE.200] with routing key[TE.200.18]: transaction {
  id: "0115052900000000001740"
  dev_id: "111"
  operator_id: "OPERATOR-111"
  merchant_id: "111"
  create_time: 1432890814000
  trans_type: 200
  game_id: "LK-1"
  game_type: 18
  total_amount: "300.0"
}
multi_draw: 1
total_amount: "300.0"
serial_no: "y013eOifYgIYr8cogzQpkzZBNCIACaJt"
game_instance {
  id: "GII-111"
}
entries {
  selected_number: "6"
  bet_option: 1
  total_bets: 1
  entry_amount: "100"
  input_channel: "0"
}
entries {
  selected_number: "7"
  bet_option: 1
  total_bets: 1
  entry_amount: "100"
  input_channel: "0"
}
entries {
  selected_number: "8"
  bet_option: 1
  total_bets: 1
  entry_amount: "100"
  input_channel: "0"
}

[2015-05-29 17:13:34,234][Test worker][DEBUG][CommonFacadeService] Publish message successfully
[2015-05-29 17:13:34,234][Test worker][DEBUG][MLotteryContext] find mapping file definition(xml-mapping/game/magic100/SellTicket_Res.xml) by key(18.transtype.4200).
[2015-05-29 17:13:34,234][Test worker][DEBUG][ProtocolSerializer] Start to serialize model(class com.mpos.lottery.te.gameimpl.magic100.sale.Magic100Ticket),mappingFile=xml-mapping/game/magic100/SellTicket_Res.xml
[2015-05-29 17:13:34,234][Test worker][DEBUG][MLotteryContext] find mapping file definition(xml-mapping/game/magic100/SellTicket_Res.xml) by key(18.transtype.4200).
[2015-05-29 17:13:34,235][Test worker][DEBUG][CastorHelper] Finish marshaling input(typeclass com.mpos.lottery.te.gameimpl.magic100.sale.Magic100Ticket, mappingFile=xml-mapping/game/magic100/SellTicket_Res.xml).
[2015-05-29 17:13:34,235][Test worker][DEBUG][ProtocolSerializer] Finish mac(macKey=P2Bbo6+bSSR9O2Qc89f3b4oHTyE1V2gF,macString=Protocal-Version:1.5|GPE_Id:GPE-111|Terminal-Id:111|Operator-Id:OPERATOR-111|Trans-BatchNumber:20150529|TractMsg-Id:1432890814161|Timestamp:20150529171334|Transaction-Type:4200|Transaction-Id:0115052900000000001740|Response-Code:200|<?xml version="1.0" encoding="UTF-8"?>
<Ticket serialNo="01111745819300013309" barcode="18cK/u9hwZY2Rogq4k24Oeg4G3HSlAl9EbjLdf+UJJlt9Se2CWmp8xas1YeK2m7FOQ8Tal7YUfrFo=" validationCode="462336" type="1" multipleDraws="1" lastDrawNo="001" totalBets="3" totalAmount="300.00" isWinning="1"><GameDraw number="001" gameId="LK-1"/><Entry selectedNumber="6" betOption="1" inputChannel="0" isWinning="0" prizeAmount="0" taxAmount="0" entryAmount="100"/><Entry selectedNumber="7" betOption="1" inputChannel="0" isWinning="0" prizeAmount="0" taxAmount="0" entryAmount="100"/><Entry selectedNumber="8" betOption="1" inputChannel="0" isWinning="1" prizeAmount="1000" taxAmount="0" entryAmount="100"/></Ticket>):cf7cc6bc40c538af3bf6da3fbb372609
[2015-05-29 17:13:34,236][Test worker][DEBUG][TEPortServlet] Write response to client(host1=localhost,sizeOfPack=928) succesfully.
[2015-05-29 17:13:34,236][Test worker][DEBUG][BaseServletIntegrationTest] Got response(code=200,length=928): <?xml version="1.0" encoding="UTF-8"?>
<Ticket serialNo="01111745819300013309" barcode="18cK/u9hwZY2Rogq4k24Oeg4G3HSlAl9EbjLdf+UJJlt9Se2CWmp8xas1YeK2m7FOQ8Tal7YUfrFo=" validationCode="462336" type="1" multipleDraws="1" lastDrawNo="001" totalBets="3" totalAmount="300.00" isWinning="1"><GameDraw number="001" gameId="LK-1"/><Entry selectedNumber="6" betOption="1" inputChannel="0" isWinning="0" prizeAmount="0" taxAmount="0" entryAmount="100"/><Entry selectedNumber="7" betOption="1" inputChannel="0" isWinning="0" prizeAmount="0" taxAmount="0" entryAmount="100"/><Entry selectedNumber="8" betOption="1" inputChannel="0" isWinning="1" prizeAmount="1000" taxAmount="0" entryAmount="100"/></Ticket>
[2015-05-29 17:13:34,236][Test worker][DEBUG][MLotteryContext] find mapping file definition(xml-mapping/game/magic100/SellTicket_Res.xml) by key(18.transtype.4200).
[2015-05-29 17:13:34,241][Test worker][DEBUG][MLotteryContext] find mapping file definition(xml-mapping/TransactionEnquiry_Req.xml) by key(transtype.310).
[2015-05-29 17:13:34,241][Test worker][DEBUG][CastorHelper] Finish marshaling input(typeclass com.mpos.lottery.te.trans.domain.Transaction, mappingFile=xml-mapping/TransactionEnquiry_Req.xml).
[2015-05-29 17:13:34,241][Test worker][DEBUG][BaseServletIntegrationTest] Do MAC(key=P2Bbo6+bSSR9O2Qc89f3b4oHTyE1V2gF) on (Protocal-Version:1.5|GPE_Id:GPE-111|Terminal-Id:111|Operator-Id:OPERATOR-111|Trans-BatchNumber:20150529|TractMsg-Id:1432890814240|Timestamp:20150529171334|Transaction-Type:310|Transaction-Id:|Response-Code:|<?xml version="1.0" encoding="UTF-8"?>
<Transaction terminalId="111" traceMessageId="1432890814161"/>,hash=372697259), get digest:4660c2d17d81424abc70e1c03ad34e02
[2015-05-29 17:13:34,241][Test worker][DEBUG][TEPortServlet] Got request header(name=X-Transaction-Type, value=310).
[2015-05-29 17:13:34,241][Test worker][DEBUG][TEPortServlet] Got request header(name=X-Protocal-Version, value=1.5).
[2015-05-29 17:13:34,241][Test worker][DEBUG][TEPortServlet] Got request header(name=X-Timestamp, value=20150529171334).
[2015-05-29 17:13:34,241][Test worker][DEBUG][TEPortServlet] Got request header(name=X-GPE-Id, value=GPE-111).
[2015-05-29 17:13:34,241][Test worker][DEBUG][TEPortServlet] Got request header(name=X-Trace-Message-Id, value=1432890814240).
[2015-05-29 17:13:34,241][Test worker][DEBUG][TEPortServlet] Got request header(name=X-Operator-Id, value=OPERATOR-111).
[2015-05-29 17:13:34,241][Test worker][DEBUG][TEPortServlet] Got request header(name=X-Terminal-Id, value=111).
[2015-05-29 17:13:34,241][Test worker][DEBUG][TEPortServlet] Got request header(name=X-MAC, value=4660c2d17d81424abc70e1c03ad34e02).
[2015-05-29 17:13:34,242][Test worker][DEBUG][TEPortServlet] Got request header(name=X-Game-Type-Id, value=-1).
[2015-05-29 17:13:34,242][Test worker][DEBUG][TEPortServlet] Got request header(name=X-Trans-BatchNumber, value=20150529).
[2015-05-29 17:13:34,242][Test worker][DEBUG][TEPortServlet] Got request header(name=X-GPS-Location, value=40.714353,-74.005973).
[2015-05-29 17:13:34,243][Test worker][DEBUG][TEPortServlet] Got request from localhost, and the message body is:pq3FqO8HCcAnaobA+xpVnADmrnwj1vrK59BGhqvtskYFWTsa2cbe6jcIE4b0pl+ogrA4SMNVUFtCb0VnctvqFZ4g+Dv1D5Fz4ERoX4gVmzFJ1yZK27DdHyYArRGw9XwxaT9i9Cjy4u4=.
[2015-05-29 17:13:34,243][Test worker][DEBUG][ProtocolSerializer] Start to deserialize request context(Protocal-Version:1.5|GPE_Id:GPE-111|Terminal-Id:111|Operator-Id:OPERATOR-111|Trans-BatchNumber:20150529|TractMsg-Id:1432890814240|Timestamp:20150529171334|Transaction-Type:310|Transaction-Id:|Response-Code:|).
[2015-05-29 17:13:34,243][Test worker][DEBUG][ProtocolSerializer] Finish decrypting cipher into original xml:<?xml version="1.0" encoding="UTF-8"?>
<Transaction terminalId="111" traceMessageId="1432890814161"/>
[2015-05-29 17:13:34,244][Test worker][DEBUG][ProtocolSerializer] Start to do MAC(key=P2Bbo6+bSSR9O2Qc89f3b4oHTyE1V2gF) on (Protocal-Version:1.5|GPE_Id:GPE-111|Terminal-Id:111|Operator-Id:OPERATOR-111|Trans-BatchNumber:20150529|TractMsg-Id:1432890814240|Timestamp:20150529171334|Transaction-Type:310|Transaction-Id:|Response-Code:|<?xml version="1.0" encoding="UTF-8"?>
<Transaction terminalId="111" traceMessageId="1432890814161"/>,hash=372697259), get digest:4660c2d17d81424abc70e1c03ad34e02
[2015-05-29 17:13:34,244][Test worker][DEBUG][MLotteryContext] find mapping file definition(xml-mapping/TransactionEnquiry_Req.xml) by key(transtype.310).
[2015-05-29 17:13:34,244][Test worker][DEBUG][ProtocolSerializer] Start to deserialize model: model=null,mappingFile=xml-mapping/TransactionEnquiry_Req.xml
[2015-05-29 17:13:34,244][Test worker][DEBUG][MLotteryContext] find mapping file definition(xml-mapping/TransactionEnquiry_Req.xml) by key(transtype.310).
[2015-05-29 17:13:34,260][Test worker][DEBUG][RoutineRegistry] Try to lookup handler by routine key(-1_310_1.5.0).
[2015-05-29 17:13:34,260][Test worker][DEBUG][RoutineRegistry] Try to lookup handler by routine key(-1_310_).
[2015-05-29 17:13:34,260][Test worker][DEBUG][RoutineRegistry] Lookup controller by key(-1_310_), found controller(com.mpos.lottery.te.trans.TransactionController@53ddecd8) and method(public void com.mpos.lottery.te.trans.TransactionController.enquiry(com.mpos.lottery.te.port.Context,com.mpos.lottery.te.port.Context) throws com.mpos.lottery.te.config.exception.ApplicationException).
[2015-05-29 17:13:34,266][Test worker][DEBUG][TransactionServiceImpl] Found TicketEnquiryService[com.mpos.lottery.te.gameimpl.magic100.sale.service.Magic100SaleService@41a55726] for ticket enquiry.
[2015-05-29 17:13:34,283][Test worker][DEBUG][CommonFacadeService] No need to publish AMQP message of transaction(TRANSACTION_ENQUIRY)
[2015-05-29 17:13:34,283][Test worker][DEBUG][MLotteryContext] find mapping file definition(xml-mapping/game/magic100/TransactionEnquiry_Res.xml) by key(18.transtype.4310).
[2015-05-29 17:13:34,283][Test worker][DEBUG][ProtocolSerializer] Start to serialize model(class com.mpos.lottery.te.trans.domain.Transaction),mappingFile=xml-mapping/game/magic100/TransactionEnquiry_Res.xml
[2015-05-29 17:13:34,283][Test worker][DEBUG][MLotteryContext] find mapping file definition(xml-mapping/game/magic100/TransactionEnquiry_Res.xml) by key(18.transtype.4310).
[2015-05-29 17:13:34,309][Test worker][DEBUG][CastorHelper] Finish marshaling input(typeclass com.mpos.lottery.te.trans.domain.Transaction, mappingFile=xml-mapping/game/magic100/TransactionEnquiry_Res.xml).
[2015-05-29 17:13:34,309][Test worker][DEBUG][ProtocolSerializer] Finish mac(macKey=P2Bbo6+bSSR9O2Qc89f3b4oHTyE1V2gF,macString=Protocal-Version:1.5|GPE_Id:GPE-111|Terminal-Id:111|Operator-Id:OPERATOR-111|Trans-BatchNumber:20150529|TractMsg-Id:1432890814240|Timestamp:20150529171334|Transaction-Type:4310|Transaction-Id:0115052900000000001746|Response-Code:200|<?xml version="1.0" encoding="UTF-8"?>
<Transaction id="0115052900000000001740" type="200" createTime="20150529171334" responseCode="200"><Ticket serialNo="01111745819300013309" barcode="18cK/u9hwZY2Rogq4k24Oeg4G3HSlAl9EbjLdf+UJJlt9Se2CWmp8xas1YeK2m7FOQ8Tal7YUfrFo=" validationCode="462336" multipleDraws="1" totalBets="3" totalAmount="300" isWinning="1" status="5" type="1" lastDrawNo="001"><GameDraw number="001" gameId="LK-1"/><Entry selectedNumber="6" betOption="1" inputChannel="0" isWinning="0" prizeAmount="0" taxAmount="0" entryAmount="100"/><Entry selectedNumber="7" betOption="1" inputChannel="0" isWinning="0" prizeAmount="0" taxAmount="0" entryAmount="100"/><Entry selectedNumber="8" betOption="1" inputChannel="0" isWinning="1" prizeAmount="1000" taxAmount="0" entryAmount="100"/><User mobile="138000138000"/></Ticket></Transaction>):3c65fee6a333c969c923d07603e3a144
[2015-05-29 17:13:34,310][Test worker][DEBUG][TEPortServlet] Write response to client(host1=localhost,sizeOfPack=1132) succesfully.
[2015-05-29 17:13:34,310][Test worker][DEBUG][BaseServletIntegrationTest] Got response(code=200,length=1132): <?xml version="1.0" encoding="UTF-8"?>
<Transaction id="0115052900000000001740" type="200" createTime="20150529171334" responseCode="200"><Ticket serialNo="01111745819300013309" barcode="18cK/u9hwZY2Rogq4k24Oeg4G3HSlAl9EbjLdf+UJJlt9Se2CWmp8xas1YeK2m7FOQ8Tal7YUfrFo=" validationCode="462336" multipleDraws="1" totalBets="3" totalAmount="300" isWinning="1" status="5" type="1" lastDrawNo="001"><GameDraw number="001" gameId="LK-1"/><Entry selectedNumber="6" betOption="1" inputChannel="0" isWinning="0" prizeAmount="0" taxAmount="0" entryAmount="100"/><Entry selectedNumber="7" betOption="1" inputChannel="0" isWinning="0" prizeAmount="0" taxAmount="0" entryAmount="100"/><Entry selectedNumber="8" betOption="1" inputChannel="0" isWinning="1" prizeAmount="1000" taxAmount="0" entryAmount="100"/><User mobile="138000138000"/></Ticket></Transaction>
[2015-05-29 17:13:34,310][Test worker][DEBUG][MLotteryContext] find mapping file definition(xml-mapping/game/magic100/TransactionEnquiry_Res.xml) by key(18.transtype.4310).
[2015-05-29 17:13:34,332][Test worker][DEBUG][TEPortServlet] Startup job scheduer(org.quartz.impl.StdScheduler@4d1e5820) successfully.
[2015-05-29 17:13:34,332][Test worker][WARN ][TEPortServlet] can NOT find META file:F:\project\M.Lottery\TE\TRUNK_TE\sourcecode\build\classes\main\META-INF\MANIFEST.MF
[2015-05-29 17:13:34,332][Test worker][DEBUG][TEPortServlet] Register MBean(com.mpos.lottery.te.common.jmx.TransactionTimeout@49e94d20) with name(com.mpos.lottery.te:type=TransactionTimeoutMBean) successfully.
[2015-05-29 17:13:34,332][Test worker][DEBUG][BaseTransactionalIntegrationTest] Retrieve a ApplicationContext(org.springframework.web.context.support.GenericWebApplicationContext@34f645a8: startup date [Fri May 29 17:12:38 CST 2015]; root of context hierarchy).
[2015-05-29 17:13:34,333][Test worker][INFO ][BaseTransactionalIntegrationTest] +------------------------------------------------------------------------------------------------------------------------+
[2015-05-29 17:13:34,333][Test worker][INFO ][BaseTransactionalIntegrationTest] | Magic100SaleEnquiryIntegrationTest.testEnquiryTicket                                                                   |
[2015-05-29 17:13:34,333][Test worker][INFO ][BaseTransactionalIntegrationTest] +------------------------------------------------------------------------------------------------------------------------+
[2015-05-29 17:13:34,333][Test worker][DEBUG][MLotteryContext] find mapping file definition(xml-mapping/game/magic100/SellTicket_Req.xml) by key(18.transtype.200).
[2015-05-29 17:13:34,334][Test worker][DEBUG][CastorHelper] Finish marshaling input(typeclass com.mpos.lottery.te.gameimpl.magic100.sale.Magic100Ticket, mappingFile=xml-mapping/game/magic100/SellTicket_Req.xml).
[2015-05-29 17:13:34,334][Test worker][DEBUG][BaseServletIntegrationTest] Do MAC(key=P2Bbo6+bSSR9O2Qc89f3b4oHTyE1V2gF) on (Protocal-Version:1.5|GPE_Id:GPE-111|Terminal-Id:111|Operator-Id:OPERATOR-111|Trans-BatchNumber:20150529|TractMsg-Id:1432890814333|Timestamp:20150529171334|Transaction-Type:200|Transaction-Id:|Response-Code:|<?xml version="1.0" encoding="UTF-8"?>
<Ticket multipleDraws="1" totalAmount="300.0" PIN="!!!!"><GameDraw number="001" gameId="LK-1"/><Entry selectedNumber="PLAY" betOption="1" inputChannel="0" totalBets="3"/><User mobile="138000138000"/></Ticket>,hash=-1406641162), get digest:ba3bd6a36549f9f520ca835e31251fef
[2015-05-29 17:13:34,334][Test worker][DEBUG][TEPortServlet] Got request header(name=X-Transaction-Type, value=200).
[2015-05-29 17:13:34,334][Test worker][DEBUG][TEPortServlet] Got request header(name=X-Protocal-Version, value=1.5).
[2015-05-29 17:13:34,334][Test worker][DEBUG][TEPortServlet] Got request header(name=X-Timestamp, value=20150529171334).
[2015-05-29 17:13:34,334][Test worker][DEBUG][TEPortServlet] Got request header(name=X-GPE-Id, value=GPE-111).
[2015-05-29 17:13:34,334][Test worker][DEBUG][TEPortServlet] Got request header(name=X-Trace-Message-Id, value=1432890814333).
[2015-05-29 17:13:34,334][Test worker][DEBUG][TEPortServlet] Got request header(name=X-Operator-Id, value=OPERATOR-111).
[2015-05-29 17:13:34,334][Test worker][DEBUG][TEPortServlet] Got request header(name=X-Terminal-Id, value=111).
[2015-05-29 17:13:34,334][Test worker][DEBUG][TEPortServlet] Got request header(name=X-MAC, value=ba3bd6a36549f9f520ca835e31251fef).
[2015-05-29 17:13:34,334][Test worker][DEBUG][TEPortServlet] Got request header(name=X-Game-Type-Id, value=18).
[2015-05-29 17:13:34,335][Test worker][DEBUG][TEPortServlet] Got request header(name=X-Trans-BatchNumber, value=20150529).
[2015-05-29 17:13:34,335][Test worker][DEBUG][TEPortServlet] Got request header(name=X-GPS-Location, value=40.714353,-74.005973).
[2015-05-29 17:13:34,338][Test worker][DEBUG][TEPortServlet] Got request from localhost, and the message body is:pq3FqO8HCcAnaobA+xpVnADmrnwj1vrK59BGhqvtskYFWTsa2cbe6vvj1C28m6E+ybhcq2GHfnfSvzUuvi5gIW+x7OzQghYnuO2taDRjXWCxHHHe4Qt36fAfFB33rSVDACrbWnPg/DemXvJASO7iCLuAO4gyCEnDo0YmXYatjtvx/4vawF5fmKvcy6y3OGpne4KYTTRzaz+rF0MDrXB++dOTvd5Fn6AkBiVVDSSby3fO4ETpZWFpBI2KUCNpMdGMU5l6EM+5IolpRDkWHrNZPUabJ+SyUo2qmTSgiOa5rwtdKi3DsJ+KQz7CwuaOvv+AitkgcNKdy64=.
[2015-05-29 17:13:34,338][Test worker][DEBUG][ProtocolSerializer] Start to deserialize request context(Protocal-Version:1.5|GPE_Id:GPE-111|Terminal-Id:111|Operator-Id:OPERATOR-111|Trans-BatchNumber:20150529|TractMsg-Id:1432890814333|Timestamp:20150529171334|Transaction-Type:200|Transaction-Id:|Response-Code:|).
[2015-05-29 17:13:34,339][Test worker][DEBUG][ProtocolSerializer] Finish decrypting cipher into original xml:<?xml version="1.0" encoding="UTF-8"?>
<Ticket multipleDraws="1" totalAmount="300.0" PIN="!!!!"><GameDraw number="001" gameId="LK-1"/><Entry selectedNumber="PLAY" betOption="1" inputChannel="0" totalBets="3"/><User mobile="138000138000"/></Ticket>
[2015-05-29 17:13:34,339][Test worker][DEBUG][ProtocolSerializer] Start to do MAC(key=P2Bbo6+bSSR9O2Qc89f3b4oHTyE1V2gF) on (Protocal-Version:1.5|GPE_Id:GPE-111|Terminal-Id:111|Operator-Id:OPERATOR-111|Trans-BatchNumber:20150529|TractMsg-Id:1432890814333|Timestamp:20150529171334|Transaction-Type:200|Transaction-Id:|Response-Code:|<?xml version="1.0" encoding="UTF-8"?>
<Ticket multipleDraws="1" totalAmount="300.0" PIN="!!!!"><GameDraw number="001" gameId="LK-1"/><Entry selectedNumber="PLAY" betOption="1" inputChannel="0" totalBets="3"/><User mobile="138000138000"/></Ticket>,hash=-1406641162), get digest:ba3bd6a36549f9f520ca835e31251fef
[2015-05-29 17:13:34,339][Test worker][DEBUG][MLotteryContext] find mapping file definition(xml-mapping/game/magic100/SellTicket_Req.xml) by key(18.transtype.200).
[2015-05-29 17:13:34,339][Test worker][DEBUG][ProtocolSerializer] Start to deserialize model: model=null,mappingFile=xml-mapping/game/magic100/SellTicket_Req.xml
[2015-05-29 17:13:34,339][Test worker][DEBUG][MLotteryContext] find mapping file definition(xml-mapping/game/magic100/SellTicket_Req.xml) by key(18.transtype.200).
[2015-05-29 17:13:34,352][Test worker][DEBUG][RoutineRegistry] Try to lookup handler by routine key(18_200_1.5.0).
[2015-05-29 17:13:34,352][Test worker][DEBUG][RoutineRegistry] Try to lookup handler by routine key(18_200_).
[2015-05-29 17:13:34,352][Test worker][DEBUG][RoutineRegistry] Lookup controller by key(18_200_), found controller(com.mpos.lottery.te.gameimpl.magic100.Magic100Controller@7081c100) and method(public void com.mpos.lottery.te.gameimpl.magic100.Magic100Controller.sell(com.mpos.lottery.te.port.Context,com.mpos.lottery.te.port.Context) throws com.mpos.lottery.te.config.exception.ApplicationException).
[2015-05-29 17:13:34,360][Test worker][INFO ][AbstractGameInstanceService] No channel game instance time definiton found, ignore it.
[2015-05-29 17:13:34,360][Test worker][DEBUG][UUIDServiceImpl] Assemble a new ticket serial number:01111745819300013473
[2015-05-29 17:13:34,376][Test worker][DEBUG][DefaultLuckyNumberService] Use lucky number from REQUEUED RANGE(id=2) instead of main cycle.
[2015-05-29 17:13:34,376][Test worker][DEBUG][DefaultTicketValidator] THe max allowed multi-draw of operation parameter is 10, merchant limit to 3, the smaller 3 will be used.
[2015-05-29 17:13:34,391][Test worker][DEBUG][DefaultBalanceService] Operator before transaction -  Operator [id=OPERATOR-111, loginName=OPERATOR-LOGIN, creditType=1, saleCreditLevel=200000000, payoutCreditLevel=1000, cashoutBalance=0, commisionBalance=0]
[2015-05-29 17:13:34,391][Test worker][DEBUG][DefaultBalanceService] Found balance strategy:com.mpos.lottery.te.merchant.service.balance.PayoutBalanceStrategy@57df81d2
[2015-05-29 17:13:34,391][Test worker][DEBUG][DefaultBalanceService] Operator after transaction -  Operator [id=OPERATOR-111, loginName=OPERATOR-LOGIN, creditType=1, saleCreditLevel=200000000, payoutCreditLevel=2000, cashoutBalance=0, commisionBalance=0]
[2015-05-29 17:13:34,404][Test worker][DEBUG][DefaultBalanceService] Operator before transaction -  Operator [id=OPERATOR-111, loginName=OPERATOR-LOGIN, creditType=1, saleCreditLevel=200000000, payoutCreditLevel=2000, cashoutBalance=0, commisionBalance=200]
[2015-05-29 17:13:34,404][Test worker][DEBUG][DefaultBalanceService] Found balance strategy:com.mpos.lottery.te.merchant.service.balance.SaleBalanceStrategy@e1f8aba
[2015-05-29 17:13:34,404][Test worker][DEBUG][DefaultBalanceService] Operator after transaction -  Operator [id=OPERATOR-111, loginName=OPERATOR-LOGIN, creditType=1, saleCreditLevel=199999700.0, payoutCreditLevel=2000, cashoutBalance=0, commisionBalance=200]
[2015-05-29 17:13:34,413][Test worker][DEBUG][CommonFacadeService] Prepare to publish message to exchange[TE.200] with routing key[TE.200.18]: transaction {
  id: "0115052900000000001747"
  dev_id: "111"
  operator_id: "OPERATOR-111"
  merchant_id: "111"
  create_time: 1432890814000
  trans_type: 200
  game_id: "LK-1"
  game_type: 18
  total_amount: "300.0"
}
multi_draw: 1
total_amount: "300.0"
serial_no: "y013eOifYgIYr8cogzQpkz+ofzK5JNYz"
game_instance {
  id: "GII-111"
}
entries {
  selected_number: "6"
  bet_option: 1
  total_bets: 1
  entry_amount: "100"
  input_channel: "0"
}
entries {
  selected_number: "7"
  bet_option: 1
  total_bets: 1
  entry_amount: "100"
  input_channel: "0"
}
entries {
  selected_number: "8"
  bet_option: 1
  total_bets: 1
  entry_amount: "100"
  input_channel: "0"
}

[2015-05-29 17:13:34,414][Test worker][DEBUG][CommonFacadeService] Publish message successfully
[2015-05-29 17:13:34,414][Test worker][DEBUG][MLotteryContext] find mapping file definition(xml-mapping/game/magic100/SellTicket_Res.xml) by key(18.transtype.4200).
[2015-05-29 17:13:34,414][Test worker][DEBUG][ProtocolSerializer] Start to serialize model(class com.mpos.lottery.te.gameimpl.magic100.sale.Magic100Ticket),mappingFile=xml-mapping/game/magic100/SellTicket_Res.xml
[2015-05-29 17:13:34,414][Test worker][DEBUG][MLotteryContext] find mapping file definition(xml-mapping/game/magic100/SellTicket_Res.xml) by key(18.transtype.4200).
[2015-05-29 17:13:34,415][Test worker][DEBUG][CastorHelper] Finish marshaling input(typeclass com.mpos.lottery.te.gameimpl.magic100.sale.Magic100Ticket, mappingFile=xml-mapping/game/magic100/SellTicket_Res.xml).
[2015-05-29 17:13:34,415][Test worker][DEBUG][ProtocolSerializer] Finish mac(macKey=P2Bbo6+bSSR9O2Qc89f3b4oHTyE1V2gF,macString=Protocal-Version:1.5|GPE_Id:GPE-111|Terminal-Id:111|Operator-Id:OPERATOR-111|Trans-BatchNumber:20150529|TractMsg-Id:1432890814333|Timestamp:20150529171334|Transaction-Type:4200|Transaction-Id:0115052900000000001747|Response-Code:200|<?xml version="1.0" encoding="UTF-8"?>
<Ticket serialNo="01111745819300013473" barcode="18cK/u9hwZY2Rogq4k24Oeg4G3HSlAl9EbjLdf+UJJlt9Se2CWmp8xas1YeK2m7FOQAIBYQsHV7hQ=" validationCode="197693" type="1" multipleDraws="1" lastDrawNo="001" totalBets="3" totalAmount="300.00" isWinning="1"><GameDraw number="001" gameId="LK-1"/><Entry selectedNumber="6" betOption="1" inputChannel="0" isWinning="0" prizeAmount="0" taxAmount="0" entryAmount="100"/><Entry selectedNumber="7" betOption="1" inputChannel="0" isWinning="0" prizeAmount="0" taxAmount="0" entryAmount="100"/><Entry selectedNumber="8" betOption="1" inputChannel="0" isWinning="1" prizeAmount="1000" taxAmount="0" entryAmount="100"/></Ticket>):614e7ae204eae98fbd7d51653c4b2231
[2015-05-29 17:13:34,415][Test worker][DEBUG][TEPortServlet] Write response to client(host1=localhost,sizeOfPack=928) succesfully.
[2015-05-29 17:13:34,416][Test worker][DEBUG][BaseServletIntegrationTest] Got response(code=200,length=928): <?xml version="1.0" encoding="UTF-8"?>
<Ticket serialNo="01111745819300013473" barcode="18cK/u9hwZY2Rogq4k24Oeg4G3HSlAl9EbjLdf+UJJlt9Se2CWmp8xas1YeK2m7FOQAIBYQsHV7hQ=" validationCode="197693" type="1" multipleDraws="1" lastDrawNo="001" totalBets="3" totalAmount="300.00" isWinning="1"><GameDraw number="001" gameId="LK-1"/><Entry selectedNumber="6" betOption="1" inputChannel="0" isWinning="0" prizeAmount="0" taxAmount="0" entryAmount="100"/><Entry selectedNumber="7" betOption="1" inputChannel="0" isWinning="0" prizeAmount="0" taxAmount="0" entryAmount="100"/><Entry selectedNumber="8" betOption="1" inputChannel="0" isWinning="1" prizeAmount="1000" taxAmount="0" entryAmount="100"/></Ticket>
[2015-05-29 17:13:34,416][Test worker][DEBUG][MLotteryContext] find mapping file definition(xml-mapping/game/magic100/SellTicket_Res.xml) by key(18.transtype.4200).
[2015-05-29 17:13:34,422][Test worker][DEBUG][MLotteryContext] find mapping file definition(xml-mapping/game/magic100/CancelTicket_Req.xml) by key(18.transtype.202).
[2015-05-29 17:13:34,430][Test worker][DEBUG][CastorHelper] Finish marshaling input(typeclass com.mpos.lottery.te.gameimpl.magic100.sale.Magic100Ticket, mappingFile=xml-mapping/game/magic100/CancelTicket_Req.xml).
[2015-05-29 17:13:34,431][Test worker][DEBUG][BaseServletIntegrationTest] Do MAC(key=P2Bbo6+bSSR9O2Qc89f3b4oHTyE1V2gF) on (Protocal-Version:1.5|GPE_Id:GPE-111|Terminal-Id:111|Operator-Id:OPERATOR-111|Trans-BatchNumber:20150529|TractMsg-Id:1432890814422|Timestamp:20150529171334|Transaction-Type:202|Transaction-Id:|Response-Code:|<?xml version="1.0" encoding="UTF-8"?>
<Ticket serialNo="01111745819300013473" isMannul="0"/>,hash=-666955459), get digest:004da61c5f8f03fcc98caa87b607dacb
[2015-05-29 17:13:34,431][Test worker][DEBUG][TEPortServlet] Got request header(name=X-Transaction-Type, value=202).
[2015-05-29 17:13:34,431][Test worker][DEBUG][TEPortServlet] Got request header(name=X-Protocal-Version, value=1.5).
[2015-05-29 17:13:34,431][Test worker][DEBUG][TEPortServlet] Got request header(name=X-Timestamp, value=20150529171334).
[2015-05-29 17:13:34,431][Test worker][DEBUG][TEPortServlet] Got request header(name=X-GPE-Id, value=GPE-111).
[2015-05-29 17:13:34,431][Test worker][DEBUG][TEPortServlet] Got request header(name=X-Trace-Message-Id, value=1432890814422).
[2015-05-29 17:13:34,431][Test worker][DEBUG][TEPortServlet] Got request header(name=X-Operator-Id, value=OPERATOR-111).
[2015-05-29 17:13:34,431][Test worker][DEBUG][TEPortServlet] Got request header(name=X-Terminal-Id, value=111).
[2015-05-29 17:13:34,431][Test worker][DEBUG][TEPortServlet] Got request header(name=X-MAC, value=004da61c5f8f03fcc98caa87b607dacb).
[2015-05-29 17:13:34,431][Test worker][DEBUG][TEPortServlet] Got request header(name=X-Game-Type-Id, value=18).
[2015-05-29 17:13:34,431][Test worker][DEBUG][TEPortServlet] Got request header(name=X-Trans-BatchNumber, value=20150529).
[2015-05-29 17:13:34,431][Test worker][DEBUG][TEPortServlet] Got request header(name=X-GPS-Location, value=40.714353,-74.005973).
[2015-05-29 17:13:34,433][Test worker][DEBUG][TEPortServlet] Got request from localhost, and the message body is:pq3FqO8HCcAnaobA+xpVnADmrnwj1vrK59BGhqvtskYFWTsa2cbe6ttFDFcpmi1MamgAomcAmY77ZmH0pucSJgbfWsiX7V3qb5g5eS4g3cZBcqPsHyaRyerUW5GOV/rY.
[2015-05-29 17:13:34,433][Test worker][DEBUG][ProtocolSerializer] Start to deserialize request context(Protocal-Version:1.5|GPE_Id:GPE-111|Terminal-Id:111|Operator-Id:OPERATOR-111|Trans-BatchNumber:20150529|TractMsg-Id:1432890814422|Timestamp:20150529171334|Transaction-Type:202|Transaction-Id:|Response-Code:|).
[2015-05-29 17:13:34,433][Test worker][DEBUG][ProtocolSerializer] Finish decrypting cipher into original xml:<?xml version="1.0" encoding="UTF-8"?>
<Ticket serialNo="01111745819300013473" isMannul="0"/>
[2015-05-29 17:13:34,433][Test worker][DEBUG][ProtocolSerializer] Start to do MAC(key=P2Bbo6+bSSR9O2Qc89f3b4oHTyE1V2gF) on (Protocal-Version:1.5|GPE_Id:GPE-111|Terminal-Id:111|Operator-Id:OPERATOR-111|Trans-BatchNumber:20150529|TractMsg-Id:1432890814422|Timestamp:20150529171334|Transaction-Type:202|Transaction-Id:|Response-Code:|<?xml version="1.0" encoding="UTF-8"?>
<Ticket serialNo="01111745819300013473" isMannul="0"/>,hash=-666955459), get digest:004da61c5f8f03fcc98caa87b607dacb
[2015-05-29 17:13:34,433][Test worker][DEBUG][MLotteryContext] find mapping file definition(xml-mapping/game/magic100/CancelTicket_Req.xml) by key(18.transtype.202).
[2015-05-29 17:13:34,433][Test worker][DEBUG][ProtocolSerializer] Start to deserialize model: model=null,mappingFile=xml-mapping/game/magic100/CancelTicket_Req.xml
[2015-05-29 17:13:34,433][Test worker][DEBUG][MLotteryContext] find mapping file definition(xml-mapping/game/magic100/CancelTicket_Req.xml) by key(18.transtype.202).
[2015-05-29 17:13:34,448][Test worker][DEBUG][RoutineRegistry] Try to lookup handler by routine key(18_202_1.5.0).
[2015-05-29 17:13:34,448][Test worker][DEBUG][RoutineRegistry] Try to lookup handler by routine key(18_202_).
[2015-05-29 17:13:34,448][Test worker][DEBUG][RoutineRegistry] Lookup controller by key(18_202_), found controller(com.mpos.lottery.te.gameimpl.magic100.Magic100Controller@7081c100) and method(public void com.mpos.lottery.te.gameimpl.magic100.Magic100Controller.enquiry(com.mpos.lottery.te.port.Context,com.mpos.lottery.te.port.Context) throws com.mpos.lottery.te.config.exception.ApplicationException).
[2015-05-29 17:13:34,464][Test worker][DEBUG][CommonFacadeService] No need to publish AMQP message of transaction(TICKET_ENQUIRY)
[2015-05-29 17:13:34,464][Test worker][DEBUG][MLotteryContext] find mapping file definition(xml-mapping/game/magic100/TicketEnquiry_Res.xml) by key(18.transtype.4202).
[2015-05-29 17:13:34,464][Test worker][DEBUG][ProtocolSerializer] Start to serialize model(class com.mpos.lottery.te.gameimpl.magic100.sale.Magic100Ticket),mappingFile=xml-mapping/game/magic100/TicketEnquiry_Res.xml
[2015-05-29 17:13:34,464][Test worker][DEBUG][MLotteryContext] find mapping file definition(xml-mapping/game/magic100/TicketEnquiry_Res.xml) by key(18.transtype.4202).
[2015-05-29 17:13:34,484][Test worker][DEBUG][CastorHelper] Finish marshaling input(typeclass com.mpos.lottery.te.gameimpl.magic100.sale.Magic100Ticket, mappingFile=xml-mapping/game/magic100/TicketEnquiry_Res.xml).
[2015-05-29 17:13:34,484][Test worker][DEBUG][ProtocolSerializer] Finish mac(macKey=P2Bbo6+bSSR9O2Qc89f3b4oHTyE1V2gF,macString=Protocal-Version:1.5|GPE_Id:GPE-111|Terminal-Id:111|Operator-Id:OPERATOR-111|Trans-BatchNumber:20150529|TractMsg-Id:1432890814422|Timestamp:20150529171334|Transaction-Type:4202|Transaction-Id:0115052900000000001753|Response-Code:200|<?xml version="1.0" encoding="UTF-8"?>
<Ticket serialNo="01111745819300013473" barcode="18cK/u9hwZY2Rogq4k24Oeg4G3HSlAl9EbjLdf+UJJlt9Se2CWmp8xas1YeK2m7FOQAIBYQsHV7hQ=" validationCode="197693" multipleDraws="1" totalBets="3" totalAmount="300" isWinning="1" status="5" type="1" lastDrawNo="001"><GameDraw number="001" gameId="LK-1"/><Entry selectedNumber="6" betOption="1" inputChannel="0" isWinning="0" prizeAmount="0" taxAmount="0" entryAmount="100"/><Entry selectedNumber="7" betOption="1" inputChannel="0" isWinning="0" prizeAmount="0" taxAmount="0" entryAmount="100"/><Entry selectedNumber="8" betOption="1" inputChannel="0" isWinning="1" prizeAmount="1000" taxAmount="0" entryAmount="100"/><User mobile="138000138000"/></Ticket>):6933fa61df7096144ceff7c97acc6fbe
[2015-05-29 17:13:34,485][Test worker][DEBUG][TEPortServlet] Write response to client(host1=localhost,sizeOfPack=984) succesfully.
[2015-05-29 17:13:34,486][Test worker][DEBUG][BaseServletIntegrationTest] Got response(code=200,length=984): <?xml version="1.0" encoding="UTF-8"?>
<Ticket serialNo="01111745819300013473" barcode="18cK/u9hwZY2Rogq4k24Oeg4G3HSlAl9EbjLdf+UJJlt9Se2CWmp8xas1YeK2m7FOQAIBYQsHV7hQ=" validationCode="197693" multipleDraws="1" totalBets="3" totalAmount="300" isWinning="1" status="5" type="1" lastDrawNo="001"><GameDraw number="001" gameId="LK-1"/><Entry selectedNumber="6" betOption="1" inputChannel="0" isWinning="0" prizeAmount="0" taxAmount="0" entryAmount="100"/><Entry selectedNumber="7" betOption="1" inputChannel="0" isWinning="0" prizeAmount="0" taxAmount="0" entryAmount="100"/><Entry selectedNumber="8" betOption="1" inputChannel="0" isWinning="1" prizeAmount="1000" taxAmount="0" entryAmount="100"/><User mobile="138000138000"/></Ticket>
[2015-05-29 17:13:34,486][Test worker][DEBUG][MLotteryContext] find mapping file definition(xml-mapping/game/magic100/TicketEnquiry_Res.xml) by key(18.transtype.4202).
]]></system-out>
  <system-err><![CDATA[]]></system-err>
</testsuite>
