<?xml version="1.0" encoding="UTF-8"?>
<testsuite name="com.mpos.lottery.te.common.util.BarcodeUnitTest" tests="1" skipped="0" failures="0" errors="0" timestamp="2015-05-29T09:12:32" hostname="Ramon-PC" time="0.114">
  <properties/>
  <testcase name="testEncodeAndDecode" classname="com.mpos.lottery.te.common.util.BarcodeUnitTest" time="0.114"/>
  <system-out><![CDATA[15cK/u9hwZY2Rogq4k24Oeg4G3HSlAl9EbjLdf+UJJlt/ITKo3ngns+4pjWl52Uuv1
]]></system-out>
  <system-err><![CDATA[]]></system-err>
</testsuite>
