<?xml version="1.0" encoding="UTF-8"?>
<testsuite name="com.mpos.lottery.te.gameimpl.lotto.prize.PrizeConfirmationIntegrationTest" tests="3" skipped="0" failures="0" errors="0" timestamp="2015-05-29T09:13:32" hostname="Ramon-PC" time="0.542">
  <properties/>
  <testcase name="testConfirmRefund_Refund" classname="com.mpos.lottery.te.gameimpl.lotto.prize.PrizeConfirmationIntegrationTest" time="0.154"/>
  <testcase name="testConfirmRefund_PrintNewTicket_ByBarcode" classname="com.mpos.lottery.te.gameimpl.lotto.prize.PrizeConfirmationIntegrationTest" time="0.215"/>
  <testcase name="testConfirmRefund_PrintNewTicket" classname="com.mpos.lottery.te.gameimpl.lotto.prize.PrizeConfirmationIntegrationTest" time="0.171"/>
  <system-out><![CDATA[[2015-05-29 17:13:32,064][Test worker][DEBUG][TEPortServlet] Startup job scheduer(org.quartz.impl.StdScheduler@4d1e5820) successfully.
[2015-05-29 17:13:32,064][Test worker][WARN ][TEPortServlet] can NOT find META file:F:\project\M.Lottery\TE\TRUNK_TE\sourcecode\build\classes\main\META-INF\MANIFEST.MF
[2015-05-29 17:13:32,065][Test worker][DEBUG][TEPortServlet] Register MBean(com.mpos.lottery.te.common.jmx.TransactionTimeout@5bcaef08) with name(com.mpos.lottery.te:type=TransactionTimeoutMBean) successfully.
[2015-05-29 17:13:32,065][Test worker][DEBUG][BaseTransactionalIntegrationTest] Retrieve a ApplicationContext(org.springframework.web.context.support.GenericWebApplicationContext@34f645a8: startup date [Fri May 29 17:12:38 CST 2015]; root of context hierarchy).
[2015-05-29 17:13:32,065][Test worker][INFO ][BaseTransactionalIntegrationTest] +------------------------------------------------------------------------------------------------------------------------+
[2015-05-29 17:13:32,065][Test worker][INFO ][BaseTransactionalIntegrationTest] | PrizeConfirmationIntegrationTest.testConfirmRefund_Refund                                                              |
[2015-05-29 17:13:32,065][Test worker][INFO ][BaseTransactionalIntegrationTest] +------------------------------------------------------------------------------------------------------------------------+
[2015-05-29 17:13:32,070][Test worker][DEBUG][MLotteryContext] find mapping file definition(xml-mapping/game/lotto/Payout_Req.xml) by key(1.transtype.302).
[2015-05-29 17:13:32,070][Test worker][DEBUG][CastorHelper] Finish marshaling input(typeclass com.mpos.lottery.te.gameimpl.lotto.sale.domain.LottoTicket, mappingFile=xml-mapping/game/lotto/Payout_Req.xml).
[2015-05-29 17:13:32,070][Test worker][DEBUG][BaseServletIntegrationTest] Do MAC(key=P2Bbo6+bSSR9O2Qc89f3b4oHTyE1V2gF) on (Protocal-Version:1.5|GPE_Id:GPE-111|Terminal-Id:111|Operator-Id:OPERATOR-111|Trans-BatchNumber:20150529|TractMsg-Id:1432890812069|Timestamp:20150529171332|Transaction-Type:302|Transaction-Id:|Response-Code:|<?xml version="1.0" encoding="UTF-8"?>
<Ticket serialNo="S-123456" PIN="PIN-111" inputChannel="2" validationCode="111111"/>,hash=321255891), get digest:3b1b72a6ca8f0dcffb97121f77b7f211
[2015-05-29 17:13:32,071][Test worker][DEBUG][TEPortServlet] Got request header(name=X-Transaction-Type, value=302).
[2015-05-29 17:13:32,071][Test worker][DEBUG][TEPortServlet] Got request header(name=X-Protocal-Version, value=1.5).
[2015-05-29 17:13:32,071][Test worker][DEBUG][TEPortServlet] Got request header(name=X-Timestamp, value=20150529171332).
[2015-05-29 17:13:32,071][Test worker][DEBUG][TEPortServlet] Got request header(name=X-GPE-Id, value=GPE-111).
[2015-05-29 17:13:32,071][Test worker][DEBUG][TEPortServlet] Got request header(name=X-Trace-Message-Id, value=1432890812069).
[2015-05-29 17:13:32,071][Test worker][DEBUG][TEPortServlet] Got request header(name=X-Operator-Id, value=OPERATOR-111).
[2015-05-29 17:13:32,071][Test worker][DEBUG][TEPortServlet] Got request header(name=X-Terminal-Id, value=111).
[2015-05-29 17:13:32,071][Test worker][DEBUG][TEPortServlet] Got request header(name=X-MAC, value=3b1b72a6ca8f0dcffb97121f77b7f211).
[2015-05-29 17:13:32,071][Test worker][DEBUG][TEPortServlet] Got request header(name=X-Game-Type-Id, value=1).
[2015-05-29 17:13:32,071][Test worker][DEBUG][TEPortServlet] Got request header(name=X-Trans-BatchNumber, value=20150529).
[2015-05-29 17:13:32,071][Test worker][DEBUG][TEPortServlet] Got request header(name=X-GPS-Location, value=40.714353,-74.005973).
[2015-05-29 17:13:32,072][Test worker][DEBUG][TEPortServlet] Got request from localhost, and the message body is:pq3FqO8HCcAnaobA+xpVnADmrnwj1vrK59BGhqvtskYFWTsa2cbe6ttFDFcpmi1MamgAomcAmY7ZtCcdDkhkRjtWjJyr8M54r482oPz68swv1cKZXs2giVvwATQyuGIl9ynITkM6n3FZYXMyvHDkvi+IB2e80VwqI7T2PcEAFnM=.
[2015-05-29 17:13:32,072][Test worker][DEBUG][ProtocolSerializer] Start to deserialize request context(Protocal-Version:1.5|GPE_Id:GPE-111|Terminal-Id:111|Operator-Id:OPERATOR-111|Trans-BatchNumber:20150529|TractMsg-Id:1432890812069|Timestamp:20150529171332|Transaction-Type:302|Transaction-Id:|Response-Code:|).
[2015-05-29 17:13:32,073][Test worker][DEBUG][ProtocolSerializer] Finish decrypting cipher into original xml:<?xml version="1.0" encoding="UTF-8"?>
<Ticket serialNo="S-123456" PIN="PIN-111" inputChannel="2" validationCode="111111"/>
[2015-05-29 17:13:32,073][Test worker][DEBUG][ProtocolSerializer] Start to do MAC(key=P2Bbo6+bSSR9O2Qc89f3b4oHTyE1V2gF) on (Protocal-Version:1.5|GPE_Id:GPE-111|Terminal-Id:111|Operator-Id:OPERATOR-111|Trans-BatchNumber:20150529|TractMsg-Id:1432890812069|Timestamp:20150529171332|Transaction-Type:302|Transaction-Id:|Response-Code:|<?xml version="1.0" encoding="UTF-8"?>
<Ticket serialNo="S-123456" PIN="PIN-111" inputChannel="2" validationCode="111111"/>,hash=321255891), get digest:3b1b72a6ca8f0dcffb97121f77b7f211
[2015-05-29 17:13:32,073][Test worker][DEBUG][MLotteryContext] find mapping file definition(xml-mapping/game/lotto/Payout_Req.xml) by key(1.transtype.302).
[2015-05-29 17:13:32,073][Test worker][DEBUG][ProtocolSerializer] Start to deserialize model: model=null,mappingFile=xml-mapping/game/lotto/Payout_Req.xml
[2015-05-29 17:13:32,073][Test worker][DEBUG][MLotteryContext] find mapping file definition(xml-mapping/game/lotto/Payout_Req.xml) by key(1.transtype.302).
[2015-05-29 17:13:32,088][Test worker][DEBUG][RoutineRegistry] Try to lookup handler by routine key(1_302_1.5.0).
[2015-05-29 17:13:32,088][Test worker][DEBUG][RoutineRegistry] Try to lookup handler by routine key(1_302_).
[2015-05-29 17:13:32,088][Test worker][DEBUG][RoutineRegistry] Lookup controller by key(1_302_), found controller(com.mpos.lottery.te.gameimpl.lotto.LottoController@388c6589) and method(public void com.mpos.lottery.te.gameimpl.lotto.LottoController.payout(com.mpos.lottery.te.port.Context,com.mpos.lottery.te.port.Context) throws com.mpos.lottery.te.config.exception.ApplicationException).
[2015-05-29 17:13:32,113][Test worker][DEBUG][DefaultTaxService] Calculate tax for amount:3000 based on threshold(com.mpos.lottery.te.gamespec.prize.TaxThreshold@7d914af4[id=WTT-1,taxPolicyId=TP-1,taxDateRange=com.mpos.lottery.te.gamespec.prize.TaxDateRange@69752d61[id=TDR-1,beginDate=2009-03-20 21:00:00.0,endDate=2099-03-20 21:00:00.0],minAmount=1000,maxAmount=9999999999,ruleType=1,taxAmount=0.2,taxBase=1])...tax:500.00
[2015-05-29 17:13:32,118][Test worker][DEBUG][DefaultTaxService] Calculate tax for amount:5000000 based on threshold(com.mpos.lottery.te.gamespec.prize.TaxThreshold@7d914af4[id=WTT-1,taxPolicyId=TP-1,taxDateRange=com.mpos.lottery.te.gamespec.prize.TaxDateRange@69752d61[id=TDR-1,beginDate=2009-03-20 21:00:00.0,endDate=2099-03-20 21:00:00.0],minAmount=1000,maxAmount=9999999999,ruleType=1,taxAmount=0.2,taxBase=1])...tax:833333.33
[2015-05-29 17:13:32,123][Test worker][DEBUG][DefaultTaxService] Calculate tax for amount:10000 based on threshold(com.mpos.lottery.te.gamespec.prize.TaxThreshold@7d914af4[id=WTT-1,taxPolicyId=TP-1,taxDateRange=com.mpos.lottery.te.gamespec.prize.TaxDateRange@69752d61[id=TDR-1,beginDate=2009-03-20 21:00:00.0,endDate=2099-03-20 21:00:00.0],minAmount=1000,maxAmount=9999999999,ruleType=1,taxAmount=0.2,taxBase=1])...tax:1666.67
[2015-05-29 17:13:32,130][Test worker][DEBUG][DefaultTaxService] Calculate tax for amount:1000000 based on threshold(com.mpos.lottery.te.gamespec.prize.TaxThreshold@7d914af4[id=WTT-1,taxPolicyId=TP-1,taxDateRange=com.mpos.lottery.te.gamespec.prize.TaxDateRange@69752d61[id=TDR-1,beginDate=2009-03-20 21:00:00.0,endDate=2099-03-20 21:00:00.0],minAmount=1000,maxAmount=9999999999,ruleType=1,taxAmount=0.2,taxBase=1])...tax:166666.67
[2015-05-29 17:13:32,135][Test worker][DEBUG][DefaultTaxService] Calculate tax for amount:50000 based on threshold(com.mpos.lottery.te.gamespec.prize.TaxThreshold@7d914af4[id=WTT-1,taxPolicyId=TP-1,taxDateRange=com.mpos.lottery.te.gamespec.prize.TaxDateRange@69752d61[id=TDR-1,beginDate=2009-03-20 21:00:00.0,endDate=2099-03-20 21:00:00.0],minAmount=1000,maxAmount=9999999999,ruleType=1,taxAmount=0.2,taxBase=1])...tax:8333.33
[2015-05-29 17:13:32,140][Test worker][DEBUG][DefaultTaxService] Calculate tax for amount:50000 based on threshold(com.mpos.lottery.te.gamespec.prize.TaxThreshold@7d914af4[id=WTT-1,taxPolicyId=TP-1,taxDateRange=com.mpos.lottery.te.gamespec.prize.TaxDateRange@69752d61[id=TDR-1,beginDate=2009-03-20 21:00:00.0,endDate=2099-03-20 21:00:00.0],minAmount=1000,maxAmount=9999999999,ruleType=1,taxAmount=0.2,taxBase=1])...tax:8333.33
[2015-05-29 17:13:32,144][Test worker][DEBUG][AbstractPrizeService] Handle winnings of lucky draw of ticket(serialNo:9pkxn/npytVqVbOF5fPlsg==), total 0 winning items found.
[2015-05-29 17:13:32,149][Test worker][DEBUG][MerchantServiceImpl] Use the payout-limit setting(max=10000000,min=100) of Operator(Operator [id=OPERATOR-111, loginName=OPERATOR-LOGIN, creditType=1, saleCreditLevel=200000000, payoutCreditLevel=1000, cashoutBalance=0, commisionBalance=0]) to verify payout limit.
[2015-05-29 17:13:32,149][Test worker][DEBUG][BaseJpaDao] Retrieve database connection: net.sf.log4jdbc.ConnectionSpy@3673a817
[2015-05-29 17:13:32,150][Test worker][DEBUG][DefaultPayoutStrategyFactory] Usage payout strategy(com.mpos.lottery.te.gamespec.prize.support.payoutstrategy.RefundPayoutStrategy@71b3f9c) for payout mode:0
[2015-05-29 17:13:32,157][Test worker][DEBUG][DefaultCreditService] Calculate commssion for (merchant=111 +operator=OPERATOR-111,gameId=GAME-111,commType=1,commRate=0) 
[2015-05-29 17:13:32,169][Test worker][DEBUG][DefaultCreditService] The current credit level(before transaction) of Operator [id=OPERATOR-111, loginName=OPERATOR-LOGIN, creditType=1, saleCreditLevel=200000000, payoutCreditLevel=1000, cashoutBalance=0, commisionBalance=0] is saleCreditLevel:200000000,payoutCreditLevel:1000
[2015-05-29 17:13:32,169][Test worker][DEBUG][DefaultCreditService] The new payout credit level of Operator [id=OPERATOR-111, loginName=OPERATOR-LOGIN, creditType=1, saleCreditLevel=200000000, payoutCreditLevel=6030166.77, cashoutBalance=0, commisionBalance=0.000000] is 6030166.77
[2015-05-29 17:13:32,180][Test worker][DEBUG][CommonFacadeService] Prepare to publish message to exchange[TE.302] with routing key[TE.302.1]: id: "0115052900000000001659"
dev_id: "111"
operator_id: "OPERATOR-111"
merchant_id: "111"
create_time: 1432890812000
trans_type: 302
game_id: "GAME-111"
game_type: 1
total_amount: "6029166.77"

[2015-05-29 17:13:32,180][Test worker][DEBUG][CommonFacadeService] Publish message successfully
[2015-05-29 17:13:32,181][Test worker][DEBUG][MLotteryContext] find mapping file definition(xml-mapping/game/lotto/Payout_Res.xml) by key(1.transtype.4302).
[2015-05-29 17:13:32,181][Test worker][DEBUG][ProtocolSerializer] Start to serialize model(class com.mpos.lottery.te.gamespec.prize.web.PrizeDto),mappingFile=xml-mapping/game/lotto/Payout_Res.xml
[2015-05-29 17:13:32,181][Test worker][DEBUG][MLotteryContext] find mapping file definition(xml-mapping/game/lotto/Payout_Res.xml) by key(1.transtype.4302).
[2015-05-29 17:13:32,181][Test worker][DEBUG][CastorHelper] Finish marshaling input(typeclass com.mpos.lottery.te.gamespec.prize.web.PrizeDto, mappingFile=xml-mapping/game/lotto/Payout_Res.xml).
[2015-05-29 17:13:32,181][Test worker][DEBUG][ProtocolSerializer] Finish mac(macKey=P2Bbo6+bSSR9O2Qc89f3b4oHTyE1V2gF,macString=Protocal-Version:1.5|GPE_Id:GPE-111|Terminal-Id:111|Operator-Id:OPERATOR-111|Trans-BatchNumber:20150529|TractMsg-Id:1432890812069|Timestamp:20150529171332|Transaction-Type:4302|Transaction-Id:0115052900000000001659|Response-Code:200|<?xml version="1.0" encoding="UTF-8"?>
<Payout returnAmount="2500.1" luckyAmount="0" prizeAmount="7232000" taxAmount="1205333.33" actualAmount="6029166.77" mode="0"/>):0fa517379af13d8fc1e7b2d2d6330c60
[2015-05-29 17:13:32,182][Test worker][DEBUG][TEPortServlet] Write response to client(host1=localhost,sizeOfPack=224) succesfully.
[2015-05-29 17:13:32,182][Test worker][DEBUG][BaseServletIntegrationTest] Got response(code=200,length=224): <?xml version="1.0" encoding="UTF-8"?>
<Payout returnAmount="2500.1" luckyAmount="0" prizeAmount="7232000" taxAmount="1205333.33" actualAmount="6029166.77" mode="0"/>
[2015-05-29 17:13:32,182][Test worker][DEBUG][MLotteryContext] find mapping file definition(xml-mapping/game/lotto/Payout_Res.xml) by key(1.transtype.4302).
[2015-05-29 17:13:32,183][Test worker][DEBUG][MLotteryContext] find mapping file definition(xml-mapping/game/lotto/EnquiryPrize_Req.xml) by key(1.transtype.205).
[2015-05-29 17:13:32,184][Test worker][DEBUG][CastorHelper] Finish marshaling input(typeclass com.mpos.lottery.te.gameimpl.lotto.sale.domain.LottoTicket, mappingFile=xml-mapping/game/lotto/EnquiryPrize_Req.xml).
[2015-05-29 17:13:32,184][Test worker][DEBUG][BaseServletIntegrationTest] Do MAC(key=P2Bbo6+bSSR9O2Qc89f3b4oHTyE1V2gF) on (Protocal-Version:1.5|GPE_Id:GPE-111|Terminal-Id:111|Operator-Id:OPERATOR-111|Trans-BatchNumber:20150529|TractMsg-Id:1432890812183|Timestamp:20150529171332|Transaction-Type:205|Transaction-Id:|Response-Code:|<?xml version="1.0" encoding="UTF-8"?>
<Ticket serialNo="S-123456" validationCode="111111"/>,hash=-1070408545), get digest:5db740aef6c11481e8d77dcba7ea510a
[2015-05-29 17:13:32,184][Test worker][DEBUG][TEPortServlet] Got request header(name=X-Transaction-Type, value=205).
[2015-05-29 17:13:32,184][Test worker][DEBUG][TEPortServlet] Got request header(name=X-Protocal-Version, value=1.5).
[2015-05-29 17:13:32,184][Test worker][DEBUG][TEPortServlet] Got request header(name=X-Timestamp, value=20150529171332).
[2015-05-29 17:13:32,184][Test worker][DEBUG][TEPortServlet] Got request header(name=X-GPE-Id, value=GPE-111).
[2015-05-29 17:13:32,185][Test worker][DEBUG][TEPortServlet] Got request header(name=X-Trace-Message-Id, value=1432890812183).
[2015-05-29 17:13:32,185][Test worker][DEBUG][TEPortServlet] Got request header(name=X-Operator-Id, value=OPERATOR-111).
[2015-05-29 17:13:32,185][Test worker][DEBUG][TEPortServlet] Got request header(name=X-Terminal-Id, value=111).
[2015-05-29 17:13:32,185][Test worker][DEBUG][TEPortServlet] Got request header(name=X-MAC, value=5db740aef6c11481e8d77dcba7ea510a).
[2015-05-29 17:13:32,185][Test worker][DEBUG][TEPortServlet] Got request header(name=X-Game-Type-Id, value=1).
[2015-05-29 17:13:32,185][Test worker][DEBUG][TEPortServlet] Got request header(name=X-Trans-BatchNumber, value=20150529).
[2015-05-29 17:13:32,185][Test worker][DEBUG][TEPortServlet] Got request header(name=X-GPS-Location, value=40.714353,-74.005973).
[2015-05-29 17:13:32,185][Test worker][DEBUG][TEPortServlet] Got request from localhost, and the message body is:pq3FqO8HCcAnaobA+xpVnADmrnwj1vrK59BGhqvtskYFWTsa2cbe6ttFDFcpmi1MamgAomcAmY7ZtCcdDkhkRrCXDK2x4EDMo0KLMTKd7D9/oiuZDONWBtcYexf6q8QR.
[2015-05-29 17:13:32,185][Test worker][DEBUG][ProtocolSerializer] Start to deserialize request context(Protocal-Version:1.5|GPE_Id:GPE-111|Terminal-Id:111|Operator-Id:OPERATOR-111|Trans-BatchNumber:20150529|TractMsg-Id:1432890812183|Timestamp:20150529171332|Transaction-Type:205|Transaction-Id:|Response-Code:|).
[2015-05-29 17:13:32,185][Test worker][DEBUG][ProtocolSerializer] Finish decrypting cipher into original xml:<?xml version="1.0" encoding="UTF-8"?>
<Ticket serialNo="S-123456" validationCode="111111"/>
[2015-05-29 17:13:32,185][Test worker][DEBUG][ProtocolSerializer] Start to do MAC(key=P2Bbo6+bSSR9O2Qc89f3b4oHTyE1V2gF) on (Protocal-Version:1.5|GPE_Id:GPE-111|Terminal-Id:111|Operator-Id:OPERATOR-111|Trans-BatchNumber:20150529|TractMsg-Id:1432890812183|Timestamp:20150529171332|Transaction-Type:205|Transaction-Id:|Response-Code:|<?xml version="1.0" encoding="UTF-8"?>
<Ticket serialNo="S-123456" validationCode="111111"/>,hash=-1070408545), get digest:5db740aef6c11481e8d77dcba7ea510a
[2015-05-29 17:13:32,186][Test worker][DEBUG][MLotteryContext] find mapping file definition(xml-mapping/game/lotto/EnquiryPrize_Req.xml) by key(1.transtype.205).
[2015-05-29 17:13:32,186][Test worker][DEBUG][ProtocolSerializer] Start to deserialize model: model=null,mappingFile=xml-mapping/game/lotto/EnquiryPrize_Req.xml
[2015-05-29 17:13:32,186][Test worker][DEBUG][MLotteryContext] find mapping file definition(xml-mapping/game/lotto/EnquiryPrize_Req.xml) by key(1.transtype.205).
[2015-05-29 17:13:32,195][Test worker][DEBUG][RoutineRegistry] Try to lookup handler by routine key(1_205_1.5.0).
[2015-05-29 17:13:32,195][Test worker][DEBUG][RoutineRegistry] Try to lookup handler by routine key(1_205_).
[2015-05-29 17:13:32,195][Test worker][DEBUG][RoutineRegistry] Lookup controller by key(1_205_), found controller(com.mpos.lottery.te.gameimpl.lotto.LottoController@388c6589) and method(public void com.mpos.lottery.te.gameimpl.lotto.LottoController.confirmPayout(com.mpos.lottery.te.port.Context,com.mpos.lottery.te.port.Context) throws com.mpos.lottery.te.config.exception.ApplicationException).
[2015-05-29 17:13:32,199][Test worker][DEBUG][DefaultPayoutStrategyFactory] Usage payout strategy(com.mpos.lottery.te.gamespec.prize.support.payoutstrategy.RefundPayoutStrategy@71b3f9c) for payout mode:0
[2015-05-29 17:13:32,202][Test worker][DEBUG][CommonFacadeService] No need to publish AMQP message of transaction(CONFIRM_PAYOUT)
[2015-05-29 17:13:32,203][Test worker][DEBUG][ProtocolSerializer] Finish mac(macKey=P2Bbo6+bSSR9O2Qc89f3b4oHTyE1V2gF,macString=Protocal-Version:1.5|GPE_Id:GPE-111|Terminal-Id:111|Operator-Id:OPERATOR-111|Trans-BatchNumber:20150529|TractMsg-Id:1432890812183|Timestamp:20150529171332|Transaction-Type:4205|Transaction-Id:0115052900000000001665|Response-Code:200|):1d210fbdb89a6f68606fe3bdc49f5fa8
[2015-05-29 17:13:32,203][Test worker][DEBUG][BaseServletIntegrationTest] Got response(code=200,length=0): 
[2015-05-29 17:13:32,218][Test worker][DEBUG][TEPortServlet] Startup job scheduer(org.quartz.impl.StdScheduler@4d1e5820) successfully.
[2015-05-29 17:13:32,218][Test worker][WARN ][TEPortServlet] can NOT find META file:F:\project\M.Lottery\TE\TRUNK_TE\sourcecode\build\classes\main\META-INF\MANIFEST.MF
[2015-05-29 17:13:32,218][Test worker][DEBUG][TEPortServlet] Register MBean(com.mpos.lottery.te.common.jmx.TransactionTimeout@7b8d243c) with name(com.mpos.lottery.te:type=TransactionTimeoutMBean) successfully.
[2015-05-29 17:13:32,219][Test worker][DEBUG][BaseTransactionalIntegrationTest] Retrieve a ApplicationContext(org.springframework.web.context.support.GenericWebApplicationContext@34f645a8: startup date [Fri May 29 17:12:38 CST 2015]; root of context hierarchy).
[2015-05-29 17:13:32,219][Test worker][INFO ][BaseTransactionalIntegrationTest] +------------------------------------------------------------------------------------------------------------------------+
[2015-05-29 17:13:32,219][Test worker][INFO ][BaseTransactionalIntegrationTest] | PrizeConfirmationIntegrationTest.testConfirmRefund_PrintNewTicket_ByBarcode                                            |
[2015-05-29 17:13:32,219][Test worker][INFO ][BaseTransactionalIntegrationTest] +------------------------------------------------------------------------------------------------------------------------+
[2015-05-29 17:13:32,223][Test worker][DEBUG][MLotteryContext] find mapping file definition(xml-mapping/game/lotto/Payout_Req.xml) by key(1.transtype.302).
[2015-05-29 17:13:32,223][Test worker][DEBUG][CastorHelper] Finish marshaling input(typeclass com.mpos.lottery.te.gameimpl.lotto.sale.domain.LottoTicket, mappingFile=xml-mapping/game/lotto/Payout_Req.xml).
[2015-05-29 17:13:32,224][Test worker][DEBUG][BaseServletIntegrationTest] Do MAC(key=P2Bbo6+bSSR9O2Qc89f3b4oHTyE1V2gF) on (Protocal-Version:1.5|GPE_Id:GPE-111|Terminal-Id:111|Operator-Id:OPERATOR-111|Trans-BatchNumber:20150529|TractMsg-Id:1432890812223|Timestamp:20150529171332|Transaction-Type:302|Transaction-Id:|Response-Code:|<?xml version="1.0" encoding="UTF-8"?>
<Ticket PIN="PIN-111" inputChannel="2" barcode="01cK/u9hwZY2Rogq4k24Oeg4G3HSlAl9EbjLdf+UJJlt/ITKo3ngns+4pjWl52Uuv1"/>,hash=-1974655352), get digest:ad6ff80317acddf607e66f1672cac4ce
[2015-05-29 17:13:32,224][Test worker][DEBUG][TEPortServlet] Got request header(name=X-Transaction-Type, value=302).
[2015-05-29 17:13:32,224][Test worker][DEBUG][TEPortServlet] Got request header(name=X-Protocal-Version, value=1.5).
[2015-05-29 17:13:32,224][Test worker][DEBUG][TEPortServlet] Got request header(name=X-Timestamp, value=20150529171332).
[2015-05-29 17:13:32,224][Test worker][DEBUG][TEPortServlet] Got request header(name=X-GPE-Id, value=GPE-111).
[2015-05-29 17:13:32,224][Test worker][DEBUG][TEPortServlet] Got request header(name=X-Trace-Message-Id, value=1432890812223).
[2015-05-29 17:13:32,224][Test worker][DEBUG][TEPortServlet] Got request header(name=X-Operator-Id, value=OPERATOR-111).
[2015-05-29 17:13:32,224][Test worker][DEBUG][TEPortServlet] Got request header(name=X-Terminal-Id, value=111).
[2015-05-29 17:13:32,224][Test worker][DEBUG][TEPortServlet] Got request header(name=X-MAC, value=ad6ff80317acddf607e66f1672cac4ce).
[2015-05-29 17:13:32,224][Test worker][DEBUG][TEPortServlet] Got request header(name=X-Game-Type-Id, value=1).
[2015-05-29 17:13:32,224][Test worker][DEBUG][TEPortServlet] Got request header(name=X-Trans-BatchNumber, value=20150529).
[2015-05-29 17:13:32,224][Test worker][DEBUG][TEPortServlet] Got request header(name=X-GPS-Location, value=40.714353,-74.005973).
[2015-05-29 17:13:32,228][Test worker][DEBUG][TEPortServlet] Got request from localhost, and the message body is:pq3FqO8HCcAnaobA+xpVnADmrnwj1vrK59BGhqvtskYFWTsa2cbe6g3ATV2M8EBwLJrY5UIGw67yCNjiGVtCiEL9ZYCrfRq38aH13Lw8CR0O6QSz1iSqJrdA2OEKXoydxF6uP9WbgvNmCtQpSersET1CV/eHbNBJSZgbhcrrqKREseVs9aH2p/zuB/rhKREynLlnEoRatU7P9qlM0xAmbQ==.
[2015-05-29 17:13:32,228][Test worker][DEBUG][ProtocolSerializer] Start to deserialize request context(Protocal-Version:1.5|GPE_Id:GPE-111|Terminal-Id:111|Operator-Id:OPERATOR-111|Trans-BatchNumber:20150529|TractMsg-Id:1432890812223|Timestamp:20150529171332|Transaction-Type:302|Transaction-Id:|Response-Code:|).
[2015-05-29 17:13:32,228][Test worker][DEBUG][ProtocolSerializer] Finish decrypting cipher into original xml:<?xml version="1.0" encoding="UTF-8"?>
<Ticket PIN="PIN-111" inputChannel="2" barcode="01cK/u9hwZY2Rogq4k24Oeg4G3HSlAl9EbjLdf+UJJlt/ITKo3ngns+4pjWl52Uuv1"/>
[2015-05-29 17:13:32,229][Test worker][DEBUG][ProtocolSerializer] Start to do MAC(key=P2Bbo6+bSSR9O2Qc89f3b4oHTyE1V2gF) on (Protocal-Version:1.5|GPE_Id:GPE-111|Terminal-Id:111|Operator-Id:OPERATOR-111|Trans-BatchNumber:20150529|TractMsg-Id:1432890812223|Timestamp:20150529171332|Transaction-Type:302|Transaction-Id:|Response-Code:|<?xml version="1.0" encoding="UTF-8"?>
<Ticket PIN="PIN-111" inputChannel="2" barcode="01cK/u9hwZY2Rogq4k24Oeg4G3HSlAl9EbjLdf+UJJlt/ITKo3ngns+4pjWl52Uuv1"/>,hash=-1974655352), get digest:ad6ff80317acddf607e66f1672cac4ce
[2015-05-29 17:13:32,229][Test worker][DEBUG][MLotteryContext] find mapping file definition(xml-mapping/game/lotto/Payout_Req.xml) by key(1.transtype.302).
[2015-05-29 17:13:32,229][Test worker][DEBUG][ProtocolSerializer] Start to deserialize model: model=null,mappingFile=xml-mapping/game/lotto/Payout_Req.xml
[2015-05-29 17:13:32,229][Test worker][DEBUG][MLotteryContext] find mapping file definition(xml-mapping/game/lotto/Payout_Req.xml) by key(1.transtype.302).
[2015-05-29 17:13:32,245][Test worker][DEBUG][RoutineRegistry] Try to lookup handler by routine key(1_302_1.5.0).
[2015-05-29 17:13:32,245][Test worker][DEBUG][RoutineRegistry] Try to lookup handler by routine key(1_302_).
[2015-05-29 17:13:32,245][Test worker][DEBUG][RoutineRegistry] Lookup controller by key(1_302_), found controller(com.mpos.lottery.te.gameimpl.lotto.LottoController@388c6589) and method(public void com.mpos.lottery.te.gameimpl.lotto.LottoController.payout(com.mpos.lottery.te.port.Context,com.mpos.lottery.te.port.Context) throws com.mpos.lottery.te.config.exception.ApplicationException).
[2015-05-29 17:13:32,271][Test worker][DEBUG][DefaultTaxService] Calculate tax for amount:3000 based on threshold(com.mpos.lottery.te.gamespec.prize.TaxThreshold@3c5d81c8[id=WTT-1,taxPolicyId=TP-1,taxDateRange=com.mpos.lottery.te.gamespec.prize.TaxDateRange@41796433[id=TDR-1,beginDate=2009-03-20 21:00:00.0,endDate=2099-03-20 21:00:00.0],minAmount=1000,maxAmount=9999999999,ruleType=1,taxAmount=0.2,taxBase=1])...tax:500.00
[2015-05-29 17:13:32,276][Test worker][DEBUG][DefaultTaxService] Calculate tax for amount:5000000 based on threshold(com.mpos.lottery.te.gamespec.prize.TaxThreshold@3c5d81c8[id=WTT-1,taxPolicyId=TP-1,taxDateRange=com.mpos.lottery.te.gamespec.prize.TaxDateRange@41796433[id=TDR-1,beginDate=2009-03-20 21:00:00.0,endDate=2099-03-20 21:00:00.0],minAmount=1000,maxAmount=9999999999,ruleType=1,taxAmount=0.2,taxBase=1])...tax:833333.33
[2015-05-29 17:13:32,283][Test worker][DEBUG][DefaultTaxService] Calculate tax for amount:10000 based on threshold(com.mpos.lottery.te.gamespec.prize.TaxThreshold@3c5d81c8[id=WTT-1,taxPolicyId=TP-1,taxDateRange=com.mpos.lottery.te.gamespec.prize.TaxDateRange@41796433[id=TDR-1,beginDate=2009-03-20 21:00:00.0,endDate=2099-03-20 21:00:00.0],minAmount=1000,maxAmount=9999999999,ruleType=1,taxAmount=0.2,taxBase=1])...tax:1666.67
[2015-05-29 17:13:32,292][Test worker][DEBUG][DefaultTaxService] Calculate tax for amount:1000000 based on threshold(com.mpos.lottery.te.gamespec.prize.TaxThreshold@3c5d81c8[id=WTT-1,taxPolicyId=TP-1,taxDateRange=com.mpos.lottery.te.gamespec.prize.TaxDateRange@41796433[id=TDR-1,beginDate=2009-03-20 21:00:00.0,endDate=2099-03-20 21:00:00.0],minAmount=1000,maxAmount=9999999999,ruleType=1,taxAmount=0.2,taxBase=1])...tax:166666.67
[2015-05-29 17:13:32,299][Test worker][DEBUG][DefaultTaxService] Calculate tax for amount:50000 based on threshold(com.mpos.lottery.te.gamespec.prize.TaxThreshold@3c5d81c8[id=WTT-1,taxPolicyId=TP-1,taxDateRange=com.mpos.lottery.te.gamespec.prize.TaxDateRange@41796433[id=TDR-1,beginDate=2009-03-20 21:00:00.0,endDate=2099-03-20 21:00:00.0],minAmount=1000,maxAmount=9999999999,ruleType=1,taxAmount=0.2,taxBase=1])...tax:8333.33
[2015-05-29 17:13:32,304][Test worker][DEBUG][DefaultTaxService] Calculate tax for amount:50000 based on threshold(com.mpos.lottery.te.gamespec.prize.TaxThreshold@3c5d81c8[id=WTT-1,taxPolicyId=TP-1,taxDateRange=com.mpos.lottery.te.gamespec.prize.TaxDateRange@41796433[id=TDR-1,beginDate=2009-03-20 21:00:00.0,endDate=2099-03-20 21:00:00.0],minAmount=1000,maxAmount=9999999999,ruleType=1,taxAmount=0.2,taxBase=1])...tax:8333.33
[2015-05-29 17:13:32,312][Test worker][DEBUG][AbstractPrizeService] Handle winnings of lucky draw of ticket(serialNo:9pkxn/npytVqVbOF5fPlsg==), total 0 winning items found.
[2015-05-29 17:13:32,320][Test worker][DEBUG][MerchantServiceImpl] Use the payout-limit setting(max=10000000,min=100) of Operator(Operator [id=OPERATOR-111, loginName=OPERATOR-LOGIN, creditType=1, saleCreditLevel=200000000, payoutCreditLevel=1000, cashoutBalance=0, commisionBalance=0]) to verify payout limit.
[2015-05-29 17:13:32,320][Test worker][DEBUG][BaseJpaDao] Retrieve database connection: net.sf.log4jdbc.ConnectionSpy@2b427032
[2015-05-29 17:13:32,321][Test worker][DEBUG][DefaultPayoutStrategyFactory] Usage payout strategy(com.mpos.lottery.te.gameimpl.lotto.prize.domain.logic.LottoNewPrintPayoutStrategy@5aed226d) for payout mode:1
[2015-05-29 17:13:32,322][Test worker][DEBUG][UUIDServiceImpl] Assemble a new ticket serial number:01110745119300012331
[2015-05-29 17:13:32,344][Test worker][DEBUG][DefaultCreditService] Calculate commssion for (merchant=111 +operator=OPERATOR-111,gameId=GAME-111,commType=1,commRate=0) 
[2015-05-29 17:13:32,367][Test worker][DEBUG][DefaultCreditService] The current credit level(before transaction) of Operator [id=OPERATOR-111, loginName=OPERATOR-LOGIN, creditType=1, saleCreditLevel=200000000, payoutCreditLevel=1000, cashoutBalance=0, commisionBalance=0] is saleCreditLevel:200000000,payoutCreditLevel:1000
[2015-05-29 17:13:32,367][Test worker][DEBUG][DefaultCreditService] The new payout credit level of Operator [id=OPERATOR-111, loginName=OPERATOR-LOGIN, creditType=1, saleCreditLevel=200000000, payoutCreditLevel=6027666.67, cashoutBalance=0, commisionBalance=0.000000] is 6027666.67
[2015-05-29 17:13:32,384][Test worker][DEBUG][CommonFacadeService] Prepare to publish message to exchange[TE.302] with routing key[TE.302.1]: id: "0115052900000000001666"
dev_id: "111"
operator_id: "OPERATOR-111"
merchant_id: "111"
create_time: 1432890812000
trans_type: 302
game_id: "GAME-111"
game_type: 1
total_amount: "6026666.67"

[2015-05-29 17:13:32,385][Test worker][DEBUG][CommonFacadeService] Publish message successfully
[2015-05-29 17:13:32,385][Test worker][DEBUG][MLotteryContext] find mapping file definition(xml-mapping/game/lotto/Payout_Res.xml) by key(1.transtype.4302).
[2015-05-29 17:13:32,385][Test worker][DEBUG][ProtocolSerializer] Start to serialize model(class com.mpos.lottery.te.gamespec.prize.web.PrizeDto),mappingFile=xml-mapping/game/lotto/Payout_Res.xml
[2015-05-29 17:13:32,385][Test worker][DEBUG][MLotteryContext] find mapping file definition(xml-mapping/game/lotto/Payout_Res.xml) by key(1.transtype.4302).
[2015-05-29 17:13:32,386][Test worker][DEBUG][CastorHelper] Finish marshaling input(typeclass com.mpos.lottery.te.gamespec.prize.web.PrizeDto, mappingFile=xml-mapping/game/lotto/Payout_Res.xml).
[2015-05-29 17:13:32,386][Test worker][DEBUG][ProtocolSerializer] Finish mac(macKey=P2Bbo6+bSSR9O2Qc89f3b4oHTyE1V2gF,macString=Protocal-Version:1.5|GPE_Id:GPE-111|Terminal-Id:111|Operator-Id:OPERATOR-111|Trans-BatchNumber:20150529|TractMsg-Id:1432890812223|Timestamp:20150529171332|Transaction-Type:4302|Transaction-Id:0115052900000000001666|Response-Code:200|<?xml version="1.0" encoding="UTF-8"?>
<Payout luckyAmount="0" prizeAmount="7232000" taxAmount="1205333.33" actualAmount="6026666.67" mode="1"><Ticket multipleDraws="1" totalBets="1" totalAmount="2500.1" serialNo="01110745119300012331" type="1" lastDrawNo="20090408" barcode="01cK/u9hwZY2Rogq4k24Oeg4G3HSlAl9EbjLdf+UJJlt8eRiXxElYKctyxR2V9Li0tRg7jUR5FFPc=" validationCode="965590"><GameDraw number="20090408" gameId="GAME-111" drawDate="20150530171214"/><Entry selectedNumber="1,2,3,4,5" betOption="3" inputChannel="0" entryAmount="100.00"/><Entry selectedNumber="1,2,3,4,5,6" betOption="1" inputChannel="0" entryAmount="100.00" boostAmount="50"/><Entry selectedNumber="1,2,3,4,5,6,7" betOption="2" inputChannel="0" entryAmount="100.00"/></Ticket></Payout>):8c2282c2f5049b7fc05a03bb2d3afd25
[2015-05-29 17:13:32,387][Test worker][DEBUG][TEPortServlet] Write response to client(host1=localhost,sizeOfPack=1016) succesfully.
[2015-05-29 17:13:32,387][Test worker][DEBUG][BaseServletIntegrationTest] Got response(code=200,length=1016): <?xml version="1.0" encoding="UTF-8"?>
<Payout luckyAmount="0" prizeAmount="7232000" taxAmount="1205333.33" actualAmount="6026666.67" mode="1"><Ticket multipleDraws="1" totalBets="1" totalAmount="2500.1" serialNo="01110745119300012331" type="1" lastDrawNo="20090408" barcode="01cK/u9hwZY2Rogq4k24Oeg4G3HSlAl9EbjLdf+UJJlt8eRiXxElYKctyxR2V9Li0tRg7jUR5FFPc=" validationCode="965590"><GameDraw number="20090408" gameId="GAME-111" drawDate="20150530171214"/><Entry selectedNumber="1,2,3,4,5" betOption="3" inputChannel="0" entryAmount="100.00"/><Entry selectedNumber="1,2,3,4,5,6" betOption="1" inputChannel="0" entryAmount="100.00" boostAmount="50"/><Entry selectedNumber="1,2,3,4,5,6,7" betOption="2" inputChannel="0" entryAmount="100.00"/></Ticket></Payout>
[2015-05-29 17:13:32,387][Test worker][DEBUG][MLotteryContext] find mapping file definition(xml-mapping/game/lotto/Payout_Res.xml) by key(1.transtype.4302).
[2015-05-29 17:13:32,392][Test worker][DEBUG][MLotteryContext] find mapping file definition(xml-mapping/game/lotto/EnquiryPrize_Req.xml) by key(1.transtype.205).
[2015-05-29 17:13:32,392][Test worker][DEBUG][CastorHelper] Finish marshaling input(typeclass com.mpos.lottery.te.gameimpl.lotto.sale.domain.LottoTicket, mappingFile=xml-mapping/game/lotto/EnquiryPrize_Req.xml).
[2015-05-29 17:13:32,392][Test worker][DEBUG][BaseServletIntegrationTest] Do MAC(key=P2Bbo6+bSSR9O2Qc89f3b4oHTyE1V2gF) on (Protocal-Version:1.5|GPE_Id:GPE-111|Terminal-Id:111|Operator-Id:OPERATOR-111|Trans-BatchNumber:20150529|TractMsg-Id:1432890812391|Timestamp:20150529171332|Transaction-Type:205|Transaction-Id:|Response-Code:|<?xml version="1.0" encoding="UTF-8"?>
<Ticket barcode="01cK/u9hwZY2Rogq4k24Oeg4G3HSlAl9EbjLdf+UJJlt/ITKo3ngns+4pjWl52Uuv1"/>,hash=-1608014285), get digest:aea06e4b33f6e37f9792b0bb51d2eb0c
[2015-05-29 17:13:32,392][Test worker][DEBUG][TEPortServlet] Got request header(name=X-Transaction-Type, value=205).
[2015-05-29 17:13:32,392][Test worker][DEBUG][TEPortServlet] Got request header(name=X-Protocal-Version, value=1.5).
[2015-05-29 17:13:32,393][Test worker][DEBUG][TEPortServlet] Got request header(name=X-Timestamp, value=20150529171332).
[2015-05-29 17:13:32,393][Test worker][DEBUG][TEPortServlet] Got request header(name=X-GPE-Id, value=GPE-111).
[2015-05-29 17:13:32,393][Test worker][DEBUG][TEPortServlet] Got request header(name=X-Trace-Message-Id, value=1432890812391).
[2015-05-29 17:13:32,393][Test worker][DEBUG][TEPortServlet] Got request header(name=X-Operator-Id, value=OPERATOR-111).
[2015-05-29 17:13:32,393][Test worker][DEBUG][TEPortServlet] Got request header(name=X-Terminal-Id, value=111).
[2015-05-29 17:13:32,393][Test worker][DEBUG][TEPortServlet] Got request header(name=X-MAC, value=aea06e4b33f6e37f9792b0bb51d2eb0c).
[2015-05-29 17:13:32,393][Test worker][DEBUG][TEPortServlet] Got request header(name=X-Game-Type-Id, value=1).
[2015-05-29 17:13:32,393][Test worker][DEBUG][TEPortServlet] Got request header(name=X-Trans-BatchNumber, value=20150529).
[2015-05-29 17:13:32,393][Test worker][DEBUG][TEPortServlet] Got request header(name=X-GPS-Location, value=40.714353,-74.005973).
[2015-05-29 17:13:32,393][Test worker][DEBUG][TEPortServlet] Got request from localhost, and the message body is:pq3FqO8HCcAnaobA+xpVnADmrnwj1vrK59BGhqvtskYFWTsa2cbe6r42vivt1ydaNhhFpbZNUp42HNXzX244La5E2YGnt/yXdbBW+DIjtmX/HGUbtcvEDGZoWJ8PJ7qeTKcfwxMJS2QJhO0ZKSu5YhQ3MpmM9/VB5DX4Bhuc4A8=.
[2015-05-29 17:13:32,393][Test worker][DEBUG][ProtocolSerializer] Start to deserialize request context(Protocal-Version:1.5|GPE_Id:GPE-111|Terminal-Id:111|Operator-Id:OPERATOR-111|Trans-BatchNumber:20150529|TractMsg-Id:1432890812391|Timestamp:20150529171332|Transaction-Type:205|Transaction-Id:|Response-Code:|).
[2015-05-29 17:13:32,393][Test worker][DEBUG][ProtocolSerializer] Finish decrypting cipher into original xml:<?xml version="1.0" encoding="UTF-8"?>
<Ticket barcode="01cK/u9hwZY2Rogq4k24Oeg4G3HSlAl9EbjLdf+UJJlt/ITKo3ngns+4pjWl52Uuv1"/>
[2015-05-29 17:13:32,393][Test worker][DEBUG][ProtocolSerializer] Start to do MAC(key=P2Bbo6+bSSR9O2Qc89f3b4oHTyE1V2gF) on (Protocal-Version:1.5|GPE_Id:GPE-111|Terminal-Id:111|Operator-Id:OPERATOR-111|Trans-BatchNumber:20150529|TractMsg-Id:1432890812391|Timestamp:20150529171332|Transaction-Type:205|Transaction-Id:|Response-Code:|<?xml version="1.0" encoding="UTF-8"?>
<Ticket barcode="01cK/u9hwZY2Rogq4k24Oeg4G3HSlAl9EbjLdf+UJJlt/ITKo3ngns+4pjWl52Uuv1"/>,hash=-1608014285), get digest:aea06e4b33f6e37f9792b0bb51d2eb0c
[2015-05-29 17:13:32,393][Test worker][DEBUG][MLotteryContext] find mapping file definition(xml-mapping/game/lotto/EnquiryPrize_Req.xml) by key(1.transtype.205).
[2015-05-29 17:13:32,393][Test worker][DEBUG][ProtocolSerializer] Start to deserialize model: model=null,mappingFile=xml-mapping/game/lotto/EnquiryPrize_Req.xml
[2015-05-29 17:13:32,394][Test worker][DEBUG][MLotteryContext] find mapping file definition(xml-mapping/game/lotto/EnquiryPrize_Req.xml) by key(1.transtype.205).
[2015-05-29 17:13:32,403][Test worker][DEBUG][RoutineRegistry] Try to lookup handler by routine key(1_205_1.5.0).
[2015-05-29 17:13:32,403][Test worker][DEBUG][RoutineRegistry] Try to lookup handler by routine key(1_205_).
[2015-05-29 17:13:32,403][Test worker][DEBUG][RoutineRegistry] Lookup controller by key(1_205_), found controller(com.mpos.lottery.te.gameimpl.lotto.LottoController@388c6589) and method(public void com.mpos.lottery.te.gameimpl.lotto.LottoController.confirmPayout(com.mpos.lottery.te.port.Context,com.mpos.lottery.te.port.Context) throws com.mpos.lottery.te.config.exception.ApplicationException).
[2015-05-29 17:13:32,407][Test worker][DEBUG][DefaultPayoutStrategyFactory] Usage payout strategy(com.mpos.lottery.te.gameimpl.lotto.prize.domain.logic.LottoNewPrintPayoutStrategy@5aed226d) for payout mode:1
[2015-05-29 17:13:32,415][Test worker][DEBUG][CommonFacadeService] No need to publish AMQP message of transaction(CONFIRM_PAYOUT)
[2015-05-29 17:13:32,416][Test worker][DEBUG][ProtocolSerializer] Finish mac(macKey=P2Bbo6+bSSR9O2Qc89f3b4oHTyE1V2gF,macString=Protocal-Version:1.5|GPE_Id:GPE-111|Terminal-Id:111|Operator-Id:OPERATOR-111|Trans-BatchNumber:20150529|TractMsg-Id:1432890812391|Timestamp:20150529171332|Transaction-Type:4205|Transaction-Id:0115052900000000001676|Response-Code:200|):49e218b900ae153ebebf0dc759a75e05
[2015-05-29 17:13:32,416][Test worker][DEBUG][BaseServletIntegrationTest] Got response(code=200,length=0): 
[2015-05-29 17:13:32,429][Test worker][DEBUG][TEPortServlet] Startup job scheduer(org.quartz.impl.StdScheduler@4d1e5820) successfully.
[2015-05-29 17:13:32,429][Test worker][WARN ][TEPortServlet] can NOT find META file:F:\project\M.Lottery\TE\TRUNK_TE\sourcecode\build\classes\main\META-INF\MANIFEST.MF
[2015-05-29 17:13:32,429][Test worker][DEBUG][TEPortServlet] Register MBean(com.mpos.lottery.te.common.jmx.TransactionTimeout@6f1748f8) with name(com.mpos.lottery.te:type=TransactionTimeoutMBean) successfully.
[2015-05-29 17:13:32,430][Test worker][DEBUG][BaseTransactionalIntegrationTest] Retrieve a ApplicationContext(org.springframework.web.context.support.GenericWebApplicationContext@34f645a8: startup date [Fri May 29 17:12:38 CST 2015]; root of context hierarchy).
[2015-05-29 17:13:32,430][Test worker][INFO ][BaseTransactionalIntegrationTest] +------------------------------------------------------------------------------------------------------------------------+
[2015-05-29 17:13:32,430][Test worker][INFO ][BaseTransactionalIntegrationTest] | PrizeConfirmationIntegrationTest.testConfirmRefund_PrintNewTicket                                                      |
[2015-05-29 17:13:32,430][Test worker][INFO ][BaseTransactionalIntegrationTest] +------------------------------------------------------------------------------------------------------------------------+
[2015-05-29 17:13:32,433][Test worker][DEBUG][MLotteryContext] find mapping file definition(xml-mapping/game/lotto/Payout_Req.xml) by key(1.transtype.302).
[2015-05-29 17:13:32,434][Test worker][DEBUG][CastorHelper] Finish marshaling input(typeclass com.mpos.lottery.te.gameimpl.lotto.sale.domain.LottoTicket, mappingFile=xml-mapping/game/lotto/Payout_Req.xml).
[2015-05-29 17:13:32,434][Test worker][DEBUG][BaseServletIntegrationTest] Do MAC(key=P2Bbo6+bSSR9O2Qc89f3b4oHTyE1V2gF) on (Protocal-Version:1.5|GPE_Id:GPE-111|Terminal-Id:111|Operator-Id:OPERATOR-111|Trans-BatchNumber:20150529|TractMsg-Id:1432890812433|Timestamp:20150529171332|Transaction-Type:302|Transaction-Id:|Response-Code:|<?xml version="1.0" encoding="UTF-8"?>
<Ticket serialNo="S-123456" PIN="PIN-111" inputChannel="2" validationCode="111111"/>,hash=967534674), get digest:996e3d8029e7f799196765cf7b50c506
[2015-05-29 17:13:32,435][Test worker][DEBUG][TEPortServlet] Got request header(name=X-Transaction-Type, value=302).
[2015-05-29 17:13:32,435][Test worker][DEBUG][TEPortServlet] Got request header(name=X-Protocal-Version, value=1.5).
[2015-05-29 17:13:32,435][Test worker][DEBUG][TEPortServlet] Got request header(name=X-Timestamp, value=20150529171332).
[2015-05-29 17:13:32,435][Test worker][DEBUG][TEPortServlet] Got request header(name=X-GPE-Id, value=GPE-111).
[2015-05-29 17:13:32,435][Test worker][DEBUG][TEPortServlet] Got request header(name=X-Trace-Message-Id, value=1432890812433).
[2015-05-29 17:13:32,435][Test worker][DEBUG][TEPortServlet] Got request header(name=X-Operator-Id, value=OPERATOR-111).
[2015-05-29 17:13:32,435][Test worker][DEBUG][TEPortServlet] Got request header(name=X-Terminal-Id, value=111).
[2015-05-29 17:13:32,435][Test worker][DEBUG][TEPortServlet] Got request header(name=X-MAC, value=996e3d8029e7f799196765cf7b50c506).
[2015-05-29 17:13:32,435][Test worker][DEBUG][TEPortServlet] Got request header(name=X-Game-Type-Id, value=1).
[2015-05-29 17:13:32,435][Test worker][DEBUG][TEPortServlet] Got request header(name=X-Trans-BatchNumber, value=20150529).
[2015-05-29 17:13:32,435][Test worker][DEBUG][TEPortServlet] Got request header(name=X-GPS-Location, value=40.714353,-74.005973).
[2015-05-29 17:13:32,436][Test worker][DEBUG][TEPortServlet] Got request from localhost, and the message body is:pq3FqO8HCcAnaobA+xpVnADmrnwj1vrK59BGhqvtskYFWTsa2cbe6ttFDFcpmi1MamgAomcAmY7ZtCcdDkhkRjtWjJyr8M54r482oPz68swv1cKZXs2giVvwATQyuGIl9ynITkM6n3FZYXMyvHDkvi+IB2e80VwqI7T2PcEAFnM=.
[2015-05-29 17:13:32,436][Test worker][DEBUG][ProtocolSerializer] Start to deserialize request context(Protocal-Version:1.5|GPE_Id:GPE-111|Terminal-Id:111|Operator-Id:OPERATOR-111|Trans-BatchNumber:20150529|TractMsg-Id:1432890812433|Timestamp:20150529171332|Transaction-Type:302|Transaction-Id:|Response-Code:|).
[2015-05-29 17:13:32,437][Test worker][DEBUG][ProtocolSerializer] Finish decrypting cipher into original xml:<?xml version="1.0" encoding="UTF-8"?>
<Ticket serialNo="S-123456" PIN="PIN-111" inputChannel="2" validationCode="111111"/>
[2015-05-29 17:13:32,437][Test worker][DEBUG][ProtocolSerializer] Start to do MAC(key=P2Bbo6+bSSR9O2Qc89f3b4oHTyE1V2gF) on (Protocal-Version:1.5|GPE_Id:GPE-111|Terminal-Id:111|Operator-Id:OPERATOR-111|Trans-BatchNumber:20150529|TractMsg-Id:1432890812433|Timestamp:20150529171332|Transaction-Type:302|Transaction-Id:|Response-Code:|<?xml version="1.0" encoding="UTF-8"?>
<Ticket serialNo="S-123456" PIN="PIN-111" inputChannel="2" validationCode="111111"/>,hash=967534674), get digest:996e3d8029e7f799196765cf7b50c506
[2015-05-29 17:13:32,437][Test worker][DEBUG][MLotteryContext] find mapping file definition(xml-mapping/game/lotto/Payout_Req.xml) by key(1.transtype.302).
[2015-05-29 17:13:32,437][Test worker][DEBUG][ProtocolSerializer] Start to deserialize model: model=null,mappingFile=xml-mapping/game/lotto/Payout_Req.xml
[2015-05-29 17:13:32,437][Test worker][DEBUG][MLotteryContext] find mapping file definition(xml-mapping/game/lotto/Payout_Req.xml) by key(1.transtype.302).
[2015-05-29 17:13:32,451][Test worker][DEBUG][RoutineRegistry] Try to lookup handler by routine key(1_302_1.5.0).
[2015-05-29 17:13:32,451][Test worker][DEBUG][RoutineRegistry] Try to lookup handler by routine key(1_302_).
[2015-05-29 17:13:32,451][Test worker][DEBUG][RoutineRegistry] Lookup controller by key(1_302_), found controller(com.mpos.lottery.te.gameimpl.lotto.LottoController@388c6589) and method(public void com.mpos.lottery.te.gameimpl.lotto.LottoController.payout(com.mpos.lottery.te.port.Context,com.mpos.lottery.te.port.Context) throws com.mpos.lottery.te.config.exception.ApplicationException).
[2015-05-29 17:13:32,477][Test worker][DEBUG][DefaultTaxService] Calculate tax for amount:3000 based on threshold(com.mpos.lottery.te.gamespec.prize.TaxThreshold@1a46f60a[id=WTT-1,taxPolicyId=TP-1,taxDateRange=com.mpos.lottery.te.gamespec.prize.TaxDateRange@684c27f7[id=TDR-1,beginDate=2009-03-20 21:00:00.0,endDate=2099-03-20 21:00:00.0],minAmount=1000,maxAmount=9999999999,ruleType=1,taxAmount=0.2,taxBase=1])...tax:500.00
[2015-05-29 17:13:32,482][Test worker][DEBUG][DefaultTaxService] Calculate tax for amount:5000000 based on threshold(com.mpos.lottery.te.gamespec.prize.TaxThreshold@1a46f60a[id=WTT-1,taxPolicyId=TP-1,taxDateRange=com.mpos.lottery.te.gamespec.prize.TaxDateRange@684c27f7[id=TDR-1,beginDate=2009-03-20 21:00:00.0,endDate=2099-03-20 21:00:00.0],minAmount=1000,maxAmount=9999999999,ruleType=1,taxAmount=0.2,taxBase=1])...tax:833333.33
[2015-05-29 17:13:32,487][Test worker][DEBUG][DefaultTaxService] Calculate tax for amount:10000 based on threshold(com.mpos.lottery.te.gamespec.prize.TaxThreshold@1a46f60a[id=WTT-1,taxPolicyId=TP-1,taxDateRange=com.mpos.lottery.te.gamespec.prize.TaxDateRange@684c27f7[id=TDR-1,beginDate=2009-03-20 21:00:00.0,endDate=2099-03-20 21:00:00.0],minAmount=1000,maxAmount=9999999999,ruleType=1,taxAmount=0.2,taxBase=1])...tax:1666.67
[2015-05-29 17:13:32,495][Test worker][DEBUG][DefaultTaxService] Calculate tax for amount:1000000 based on threshold(com.mpos.lottery.te.gamespec.prize.TaxThreshold@1a46f60a[id=WTT-1,taxPolicyId=TP-1,taxDateRange=com.mpos.lottery.te.gamespec.prize.TaxDateRange@684c27f7[id=TDR-1,beginDate=2009-03-20 21:00:00.0,endDate=2099-03-20 21:00:00.0],minAmount=1000,maxAmount=9999999999,ruleType=1,taxAmount=0.2,taxBase=1])...tax:166666.67
[2015-05-29 17:13:32,500][Test worker][DEBUG][DefaultTaxService] Calculate tax for amount:50000 based on threshold(com.mpos.lottery.te.gamespec.prize.TaxThreshold@1a46f60a[id=WTT-1,taxPolicyId=TP-1,taxDateRange=com.mpos.lottery.te.gamespec.prize.TaxDateRange@684c27f7[id=TDR-1,beginDate=2009-03-20 21:00:00.0,endDate=2099-03-20 21:00:00.0],minAmount=1000,maxAmount=9999999999,ruleType=1,taxAmount=0.2,taxBase=1])...tax:8333.33
[2015-05-29 17:13:32,504][Test worker][DEBUG][DefaultTaxService] Calculate tax for amount:50000 based on threshold(com.mpos.lottery.te.gamespec.prize.TaxThreshold@1a46f60a[id=WTT-1,taxPolicyId=TP-1,taxDateRange=com.mpos.lottery.te.gamespec.prize.TaxDateRange@684c27f7[id=TDR-1,beginDate=2009-03-20 21:00:00.0,endDate=2099-03-20 21:00:00.0],minAmount=1000,maxAmount=9999999999,ruleType=1,taxAmount=0.2,taxBase=1])...tax:8333.33
[2015-05-29 17:13:32,509][Test worker][DEBUG][AbstractPrizeService] Handle winnings of lucky draw of ticket(serialNo:9pkxn/npytVqVbOF5fPlsg==), total 0 winning items found.
[2015-05-29 17:13:32,514][Test worker][DEBUG][MerchantServiceImpl] Use the payout-limit setting(max=10000000,min=100) of Operator(Operator [id=OPERATOR-111, loginName=OPERATOR-LOGIN, creditType=1, saleCreditLevel=200000000, payoutCreditLevel=1000, cashoutBalance=0, commisionBalance=0]) to verify payout limit.
[2015-05-29 17:13:32,514][Test worker][DEBUG][BaseJpaDao] Retrieve database connection: net.sf.log4jdbc.ConnectionSpy@4a7bfdae
[2015-05-29 17:13:32,515][Test worker][DEBUG][DefaultPayoutStrategyFactory] Usage payout strategy(com.mpos.lottery.te.gameimpl.lotto.prize.domain.logic.LottoNewPrintPayoutStrategy@5aed226d) for payout mode:1
[2015-05-29 17:13:32,515][Test worker][DEBUG][UUIDServiceImpl] Assemble a new ticket serial number:01110745119300012456
[2015-05-29 17:13:32,535][Test worker][DEBUG][DefaultCreditService] Calculate commssion for (merchant=111 +operator=OPERATOR-111,gameId=GAME-111,commType=1,commRate=0) 
[2015-05-29 17:13:32,551][Test worker][DEBUG][DefaultCreditService] The current credit level(before transaction) of Operator [id=OPERATOR-111, loginName=OPERATOR-LOGIN, creditType=1, saleCreditLevel=200000000, payoutCreditLevel=1000, cashoutBalance=0, commisionBalance=0] is saleCreditLevel:200000000,payoutCreditLevel:1000
[2015-05-29 17:13:32,551][Test worker][DEBUG][DefaultCreditService] The new payout credit level of Operator [id=OPERATOR-111, loginName=OPERATOR-LOGIN, creditType=1, saleCreditLevel=200000000, payoutCreditLevel=6027666.67, cashoutBalance=0, commisionBalance=0.000000] is 6027666.67
[2015-05-29 17:13:32,560][Test worker][DEBUG][CommonFacadeService] Prepare to publish message to exchange[TE.302] with routing key[TE.302.1]: id: "0115052900000000001677"
dev_id: "111"
operator_id: "OPERATOR-111"
merchant_id: "111"
create_time: 1432890812000
trans_type: 302
game_id: "GAME-111"
game_type: 1
total_amount: "6026666.67"

[2015-05-29 17:13:32,561][Test worker][DEBUG][CommonFacadeService] Publish message successfully
[2015-05-29 17:13:32,561][Test worker][DEBUG][MLotteryContext] find mapping file definition(xml-mapping/game/lotto/Payout_Res.xml) by key(1.transtype.4302).
[2015-05-29 17:13:32,561][Test worker][DEBUG][ProtocolSerializer] Start to serialize model(class com.mpos.lottery.te.gamespec.prize.web.PrizeDto),mappingFile=xml-mapping/game/lotto/Payout_Res.xml
[2015-05-29 17:13:32,561][Test worker][DEBUG][MLotteryContext] find mapping file definition(xml-mapping/game/lotto/Payout_Res.xml) by key(1.transtype.4302).
[2015-05-29 17:13:32,562][Test worker][DEBUG][CastorHelper] Finish marshaling input(typeclass com.mpos.lottery.te.gamespec.prize.web.PrizeDto, mappingFile=xml-mapping/game/lotto/Payout_Res.xml).
[2015-05-29 17:13:32,562][Test worker][DEBUG][ProtocolSerializer] Finish mac(macKey=P2Bbo6+bSSR9O2Qc89f3b4oHTyE1V2gF,macString=Protocal-Version:1.5|GPE_Id:GPE-111|Terminal-Id:111|Operator-Id:OPERATOR-111|Trans-BatchNumber:20150529|TractMsg-Id:1432890812433|Timestamp:20150529171332|Transaction-Type:4302|Transaction-Id:0115052900000000001677|Response-Code:200|<?xml version="1.0" encoding="UTF-8"?>
<Payout luckyAmount="0" prizeAmount="7232000" taxAmount="1205333.33" actualAmount="6026666.67" mode="1"><Ticket multipleDraws="1" totalBets="1" totalAmount="2500.1" serialNo="01110745119300012456" type="1" lastDrawNo="20090408" barcode="01cK/u9hwZY2Rogq4k24Oeg4G3HSlAl9EbjLdf+UJJlt8eRiXxElYKctyxR2V9Li0tWS08XHhCoG8=" validationCode="683843"><GameDraw number="20090408" gameId="GAME-111" drawDate="20150530171214"/><Entry selectedNumber="1,2,3,4,5" betOption="3" inputChannel="0" entryAmount="100.00"/><Entry selectedNumber="1,2,3,4,5,6" betOption="1" inputChannel="0" entryAmount="100.00" boostAmount="50"/><Entry selectedNumber="1,2,3,4,5,6,7" betOption="2" inputChannel="0" entryAmount="100.00"/></Ticket></Payout>):afa09fbe33a35c12f1b5374f2973dcb0
[2015-05-29 17:13:32,563][Test worker][DEBUG][TEPortServlet] Write response to client(host1=localhost,sizeOfPack=1016) succesfully.
[2015-05-29 17:13:32,563][Test worker][DEBUG][BaseServletIntegrationTest] Got response(code=200,length=1016): <?xml version="1.0" encoding="UTF-8"?>
<Payout luckyAmount="0" prizeAmount="7232000" taxAmount="1205333.33" actualAmount="6026666.67" mode="1"><Ticket multipleDraws="1" totalBets="1" totalAmount="2500.1" serialNo="01110745119300012456" type="1" lastDrawNo="20090408" barcode="01cK/u9hwZY2Rogq4k24Oeg4G3HSlAl9EbjLdf+UJJlt8eRiXxElYKctyxR2V9Li0tWS08XHhCoG8=" validationCode="683843"><GameDraw number="20090408" gameId="GAME-111" drawDate="20150530171214"/><Entry selectedNumber="1,2,3,4,5" betOption="3" inputChannel="0" entryAmount="100.00"/><Entry selectedNumber="1,2,3,4,5,6" betOption="1" inputChannel="0" entryAmount="100.00" boostAmount="50"/><Entry selectedNumber="1,2,3,4,5,6,7" betOption="2" inputChannel="0" entryAmount="100.00"/></Ticket></Payout>
[2015-05-29 17:13:32,563][Test worker][DEBUG][MLotteryContext] find mapping file definition(xml-mapping/game/lotto/Payout_Res.xml) by key(1.transtype.4302).
[2015-05-29 17:13:32,567][Test worker][DEBUG][MLotteryContext] find mapping file definition(xml-mapping/game/lotto/EnquiryPrize_Req.xml) by key(1.transtype.205).
[2015-05-29 17:13:32,568][Test worker][DEBUG][CastorHelper] Finish marshaling input(typeclass com.mpos.lottery.te.gameimpl.lotto.sale.domain.LottoTicket, mappingFile=xml-mapping/game/lotto/EnquiryPrize_Req.xml).
[2015-05-29 17:13:32,568][Test worker][DEBUG][BaseServletIntegrationTest] Do MAC(key=P2Bbo6+bSSR9O2Qc89f3b4oHTyE1V2gF) on (Protocal-Version:1.5|GPE_Id:GPE-111|Terminal-Id:111|Operator-Id:OPERATOR-111|Trans-BatchNumber:20150529|TractMsg-Id:1432890812567|Timestamp:20150529171332|Transaction-Type:205|Transaction-Id:|Response-Code:|<?xml version="1.0" encoding="UTF-8"?>
<Ticket serialNo="S-123456" validationCode="111111"/>,hash=-1644941591), get digest:44d719bb1f28ba16b72b6024a805de18
[2015-05-29 17:13:32,568][Test worker][DEBUG][TEPortServlet] Got request header(name=X-Transaction-Type, value=205).
[2015-05-29 17:13:32,568][Test worker][DEBUG][TEPortServlet] Got request header(name=X-Protocal-Version, value=1.5).
[2015-05-29 17:13:32,568][Test worker][DEBUG][TEPortServlet] Got request header(name=X-Timestamp, value=20150529171332).
[2015-05-29 17:13:32,568][Test worker][DEBUG][TEPortServlet] Got request header(name=X-GPE-Id, value=GPE-111).
[2015-05-29 17:13:32,568][Test worker][DEBUG][TEPortServlet] Got request header(name=X-Trace-Message-Id, value=1432890812567).
[2015-05-29 17:13:32,568][Test worker][DEBUG][TEPortServlet] Got request header(name=X-Operator-Id, value=OPERATOR-111).
[2015-05-29 17:13:32,568][Test worker][DEBUG][TEPortServlet] Got request header(name=X-Terminal-Id, value=111).
[2015-05-29 17:13:32,569][Test worker][DEBUG][TEPortServlet] Got request header(name=X-MAC, value=44d719bb1f28ba16b72b6024a805de18).
[2015-05-29 17:13:32,569][Test worker][DEBUG][TEPortServlet] Got request header(name=X-Game-Type-Id, value=1).
[2015-05-29 17:13:32,569][Test worker][DEBUG][TEPortServlet] Got request header(name=X-Trans-BatchNumber, value=20150529).
[2015-05-29 17:13:32,569][Test worker][DEBUG][TEPortServlet] Got request header(name=X-GPS-Location, value=40.714353,-74.005973).
[2015-05-29 17:13:32,569][Test worker][DEBUG][TEPortServlet] Got request from localhost, and the message body is:pq3FqO8HCcAnaobA+xpVnADmrnwj1vrK59BGhqvtskYFWTsa2cbe6ttFDFcpmi1MamgAomcAmY7ZtCcdDkhkRrCXDK2x4EDMo0KLMTKd7D9/oiuZDONWBtcYexf6q8QR.
[2015-05-29 17:13:32,569][Test worker][DEBUG][ProtocolSerializer] Start to deserialize request context(Protocal-Version:1.5|GPE_Id:GPE-111|Terminal-Id:111|Operator-Id:OPERATOR-111|Trans-BatchNumber:20150529|TractMsg-Id:1432890812567|Timestamp:20150529171332|Transaction-Type:205|Transaction-Id:|Response-Code:|).
[2015-05-29 17:13:32,569][Test worker][DEBUG][ProtocolSerializer] Finish decrypting cipher into original xml:<?xml version="1.0" encoding="UTF-8"?>
<Ticket serialNo="S-123456" validationCode="111111"/>
[2015-05-29 17:13:32,569][Test worker][DEBUG][ProtocolSerializer] Start to do MAC(key=P2Bbo6+bSSR9O2Qc89f3b4oHTyE1V2gF) on (Protocal-Version:1.5|GPE_Id:GPE-111|Terminal-Id:111|Operator-Id:OPERATOR-111|Trans-BatchNumber:20150529|TractMsg-Id:1432890812567|Timestamp:20150529171332|Transaction-Type:205|Transaction-Id:|Response-Code:|<?xml version="1.0" encoding="UTF-8"?>
<Ticket serialNo="S-123456" validationCode="111111"/>,hash=-1644941591), get digest:44d719bb1f28ba16b72b6024a805de18
[2015-05-29 17:13:32,569][Test worker][DEBUG][MLotteryContext] find mapping file definition(xml-mapping/game/lotto/EnquiryPrize_Req.xml) by key(1.transtype.205).
[2015-05-29 17:13:32,569][Test worker][DEBUG][ProtocolSerializer] Start to deserialize model: model=null,mappingFile=xml-mapping/game/lotto/EnquiryPrize_Req.xml
[2015-05-29 17:13:32,570][Test worker][DEBUG][MLotteryContext] find mapping file definition(xml-mapping/game/lotto/EnquiryPrize_Req.xml) by key(1.transtype.205).
[2015-05-29 17:13:32,578][Test worker][DEBUG][RoutineRegistry] Try to lookup handler by routine key(1_205_1.5.0).
[2015-05-29 17:13:32,578][Test worker][DEBUG][RoutineRegistry] Try to lookup handler by routine key(1_205_).
[2015-05-29 17:13:32,578][Test worker][DEBUG][RoutineRegistry] Lookup controller by key(1_205_), found controller(com.mpos.lottery.te.gameimpl.lotto.LottoController@388c6589) and method(public void com.mpos.lottery.te.gameimpl.lotto.LottoController.confirmPayout(com.mpos.lottery.te.port.Context,com.mpos.lottery.te.port.Context) throws com.mpos.lottery.te.config.exception.ApplicationException).
[2015-05-29 17:13:32,581][Test worker][DEBUG][DefaultPayoutStrategyFactory] Usage payout strategy(com.mpos.lottery.te.gameimpl.lotto.prize.domain.logic.LottoNewPrintPayoutStrategy@5aed226d) for payout mode:1
[2015-05-29 17:13:32,590][Test worker][DEBUG][CommonFacadeService] No need to publish AMQP message of transaction(CONFIRM_PAYOUT)
[2015-05-29 17:13:32,590][Test worker][DEBUG][ProtocolSerializer] Finish mac(macKey=P2Bbo6+bSSR9O2Qc89f3b4oHTyE1V2gF,macString=Protocal-Version:1.5|GPE_Id:GPE-111|Terminal-Id:111|Operator-Id:OPERATOR-111|Trans-BatchNumber:20150529|TractMsg-Id:1432890812567|Timestamp:20150529171332|Transaction-Type:4205|Transaction-Id:0115052900000000001687|Response-Code:200|):6ec20b5b943a41430d184b192d1ac2aa
[2015-05-29 17:13:32,590][Test worker][DEBUG][BaseServletIntegrationTest] Got response(code=200,length=0): 
]]></system-out>
  <system-err><![CDATA[]]></system-err>
</testsuite>
