<?xml version="1.0" encoding="UTF-8"?>
<testsuite name="com.mpos.lottery.te.workingkey.dao.WorkingKeyDaoImplIntegrationTest" tests="3" skipped="0" failures="0" errors="0" timestamp="2015-05-29T09:14:44" hostname="Ramon-PC" time="0.045">
  <properties/>
  <testcase name="testAdd" classname="com.mpos.lottery.te.workingkey.dao.WorkingKeyDaoImplIntegrationTest" time="0.014"/>
  <testcase name="testEntityGraph" classname="com.mpos.lottery.te.workingkey.dao.WorkingKeyDaoImplIntegrationTest" time="0.014"/>
  <testcase name="testUpdate" classname="com.mpos.lottery.te.workingkey.dao.WorkingKeyDaoImplIntegrationTest" time="0.015"/>
  <system-out><![CDATA[[2015-05-29 17:14:44,276][Test worker][DEBUG][BaseTransactionalIntegrationTest] Retrieve a ApplicationContext(org.springframework.web.context.support.GenericWebApplicationContext@34f645a8: startup date [Fri May 29 17:12:38 CST 2015]; root of context hierarchy).
[2015-05-29 17:14:44,287][Test worker][DEBUG][BaseTransactionalIntegrationTest] Retrieve a ApplicationContext(org.springframework.web.context.support.GenericWebApplicationContext@34f645a8: startup date [Fri May 29 17:12:38 CST 2015]; root of context hierarchy).
[2015-05-29 17:14:44,302][Test worker][DEBUG][BaseTransactionalIntegrationTest] Retrieve a ApplicationContext(org.springframework.web.context.support.GenericWebApplicationContext@34f645a8: startup date [Fri May 29 17:12:38 CST 2015]; root of context hierarchy).
]]></system-out>
  <system-err><![CDATA[]]></system-err>
</testsuite>
