<?xml version="1.0" encoding="UTF-8"?>
<testsuite name="com.mpos.lottery.te.merchant.service.balance.PayoutBalanceServiceIntegrationTest" tests="4" skipped="0" failures="0" errors="0" timestamp="2015-05-29T09:13:54" hostname="Ramon-PC" time="0.119">
  <properties/>
  <testcase name="testReducePayoutBalance_Operator" classname="com.mpos.lottery.te.merchant.service.balance.PayoutBalanceServiceIntegrationTest" time="0.018"/>
  <testcase name="testTopupPayoutBalance_UseParent" classname="com.mpos.lottery.te.merchant.service.balance.PayoutBalanceServiceIntegrationTest" time="0.017"/>
  <testcase name="testReducePayoutBalance_UseParent" classname="com.mpos.lottery.te.merchant.service.balance.PayoutBalanceServiceIntegrationTest" time="0.024"/>
  <testcase name="testTopupPayoutBalance_Operator" classname="com.mpos.lottery.te.merchant.service.balance.PayoutBalanceServiceIntegrationTest" time="0.058"/>
  <system-out><![CDATA[[2015-05-29 17:13:54,257][Test worker][DEBUG][BaseTransactionalIntegrationTest] Retrieve a ApplicationContext(org.springframework.web.context.support.GenericWebApplicationContext@34f645a8: startup date [Fri May 29 17:12:38 CST 2015]; root of context hierarchy).
[2015-05-29 17:13:54,257][Test worker][INFO ][BaseTransactionalIntegrationTest] +------------------------------------------------------------------------------------------------------------------------+
[2015-05-29 17:13:54,257][Test worker][INFO ][BaseTransactionalIntegrationTest] | PayoutBalanceServiceIntegrationTest.testReducePayoutBalance_Operator                                                   |
[2015-05-29 17:13:54,257][Test worker][INFO ][BaseTransactionalIntegrationTest] +------------------------------------------------------------------------------------------------------------------------+
[2015-05-29 17:13:54,262][Test worker][DEBUG][DefaultBalanceService] Operator before transaction -  Operator [id=OPERATOR-111, loginName=OPERATOR-LOGIN, creditType=1, saleCreditLevel=200000000, payoutCreditLevel=1000, cashoutBalance=0, commisionBalance=0]
[2015-05-29 17:13:54,262][Test worker][DEBUG][DefaultBalanceService] Found balance strategy:com.mpos.lottery.te.merchant.service.balance.PayoutBalanceStrategy@57df81d2
[2015-05-29 17:13:54,262][Test worker][DEBUG][DefaultBalanceService] Operator after transaction -  Operator [id=OPERATOR-111, loginName=OPERATOR-LOGIN, creditType=1, saleCreditLevel=200000000, payoutCreditLevel=800, cashoutBalance=0, commisionBalance=0]
[2015-05-29 17:13:54,270][Test worker][DEBUG][BaseTransactionalIntegrationTest] Retrieve a ApplicationContext(org.springframework.web.context.support.GenericWebApplicationContext@34f645a8: startup date [Fri May 29 17:12:38 CST 2015]; root of context hierarchy).
[2015-05-29 17:13:54,270][Test worker][INFO ][BaseTransactionalIntegrationTest] +------------------------------------------------------------------------------------------------------------------------+
[2015-05-29 17:13:54,270][Test worker][INFO ][BaseTransactionalIntegrationTest] | PayoutBalanceServiceIntegrationTest.testTopupPayoutBalance_UseParent                                                   |
[2015-05-29 17:13:54,270][Test worker][INFO ][BaseTransactionalIntegrationTest] +------------------------------------------------------------------------------------------------------------------------+
[2015-05-29 17:13:54,276][Test worker][DEBUG][DefaultBalanceService] Ignore balance calculation of Operator [id=OPERATOR-111, loginName=OPERATOR-LOGIN, creditType=4, saleCreditLevel=200000000, payoutCreditLevel=1000, cashoutBalance=0, commisionBalance=0], as its credit type is USE PARENT... check its parent merchant
[2015-05-29 17:13:54,279][Test worker][DEBUG][DefaultBalanceService] Merchant before transaction: Merchant [id=111, name=M-111, saleCreditLevel=100000000, payoutCreditLevel=1000, creditType=1, cashoutBalance=0, commisionBalance=0]
[2015-05-29 17:13:54,279][Test worker][DEBUG][DefaultBalanceService] Found balance strategy:com.mpos.lottery.te.merchant.service.balance.PayoutBalanceStrategy@57df81d2
[2015-05-29 17:13:54,279][Test worker][DEBUG][DefaultBalanceService] Merchant after transaction -  Operator [id=OPERATOR-111, loginName=OPERATOR-LOGIN, creditType=4, saleCreditLevel=200000000, payoutCreditLevel=1000, cashoutBalance=0, commisionBalance=0]
[2015-05-29 17:13:54,287][Test worker][DEBUG][BaseTransactionalIntegrationTest] Retrieve a ApplicationContext(org.springframework.web.context.support.GenericWebApplicationContext@34f645a8: startup date [Fri May 29 17:12:38 CST 2015]; root of context hierarchy).
[2015-05-29 17:13:54,287][Test worker][INFO ][BaseTransactionalIntegrationTest] +------------------------------------------------------------------------------------------------------------------------+
[2015-05-29 17:13:54,287][Test worker][INFO ][BaseTransactionalIntegrationTest] | PayoutBalanceServiceIntegrationTest.testReducePayoutBalance_UseParent                                                  |
[2015-05-29 17:13:54,287][Test worker][INFO ][BaseTransactionalIntegrationTest] +------------------------------------------------------------------------------------------------------------------------+
[2015-05-29 17:13:54,298][Test worker][DEBUG][DefaultBalanceService] Ignore balance calculation of Operator [id=OPERATOR-111, loginName=OPERATOR-LOGIN, creditType=4, saleCreditLevel=200000000, payoutCreditLevel=1000, cashoutBalance=0, commisionBalance=0], as its credit type is USE PARENT... check its parent merchant
[2015-05-29 17:13:54,303][Test worker][DEBUG][DefaultBalanceService] Merchant before transaction: Merchant [id=111, name=M-111, saleCreditLevel=100000000, payoutCreditLevel=1000, creditType=1, cashoutBalance=0, commisionBalance=0]
[2015-05-29 17:13:54,303][Test worker][DEBUG][DefaultBalanceService] Found balance strategy:com.mpos.lottery.te.merchant.service.balance.PayoutBalanceStrategy@57df81d2
[2015-05-29 17:13:54,303][Test worker][DEBUG][DefaultBalanceService] Merchant after transaction -  Operator [id=OPERATOR-111, loginName=OPERATOR-LOGIN, creditType=4, saleCreditLevel=200000000, payoutCreditLevel=1000, cashoutBalance=0, commisionBalance=0]
[2015-05-29 17:13:54,312][Test worker][DEBUG][BaseTransactionalIntegrationTest] Retrieve a ApplicationContext(org.springframework.web.context.support.GenericWebApplicationContext@34f645a8: startup date [Fri May 29 17:12:38 CST 2015]; root of context hierarchy).
[2015-05-29 17:13:54,312][Test worker][INFO ][BaseTransactionalIntegrationTest] +------------------------------------------------------------------------------------------------------------------------+
[2015-05-29 17:13:54,312][Test worker][INFO ][BaseTransactionalIntegrationTest] | PayoutBalanceServiceIntegrationTest.testTopupPayoutBalance_Operator                                                    |
[2015-05-29 17:13:54,312][Test worker][INFO ][BaseTransactionalIntegrationTest] +------------------------------------------------------------------------------------------------------------------------+
[2015-05-29 17:13:54,362][Test worker][DEBUG][DefaultBalanceService] Operator before transaction -  Operator [id=OPERATOR-111, loginName=OPERATOR-LOGIN, creditType=1, saleCreditLevel=200000000, payoutCreditLevel=1000, cashoutBalance=0, commisionBalance=0]
[2015-05-29 17:13:54,362][Test worker][DEBUG][DefaultBalanceService] Found balance strategy:com.mpos.lottery.te.merchant.service.balance.PayoutBalanceStrategy@57df81d2
[2015-05-29 17:13:54,362][Test worker][DEBUG][DefaultBalanceService] Operator after transaction -  Operator [id=OPERATOR-111, loginName=OPERATOR-LOGIN, creditType=1, saleCreditLevel=200000000, payoutCreditLevel=1200, cashoutBalance=0, commisionBalance=0]
]]></system-out>
  <system-err><![CDATA[]]></system-err>
</testsuite>
