<?xml version="1.0" encoding="UTF-8"?>
<testsuite name="com.mpos.lottery.te.thirdpartyservice.playeraccount.service.ReqGetAccountInfoUnitTest" tests="1" skipped="0" failures="0" errors="0" timestamp="2015-05-29T09:14:05" hostname="Ramon-PC" time="0.001">
  <properties/>
  <testcase name="testDecode" classname="com.mpos.lottery.te.thirdpartyservice.playeraccount.service.ReqGetAccountInfoUnitTest" time="0.001"/>
  <system-out><![CDATA[mobile_no: "98800138000"
free_request: 0

]]></system-out>
  <system-err><![CDATA[]]></system-err>
</testsuite>
