<?xml version="1.0" encoding="UTF-8"?>
<testsuite name="com.mpos.lottery.te.gameimpl.bingo.prize.BingoPrizeIntegrationTest" tests="1" skipped="0" failures="0" errors="0" timestamp="2015-05-29T09:12:57" hostname="Ramon-PC" time="0.43">
  <properties/>
  <testcase name="testPayout_PrintNewTicket_Single_operator" classname="com.mpos.lottery.te.gameimpl.bingo.prize.BingoPrizeIntegrationTest" time="0.43"/>
  <system-out><![CDATA[[2015-05-29 17:12:57,980][Test worker][DEBUG][TEPortServlet] Startup job scheduer(org.quartz.impl.StdScheduler@4d1e5820) successfully.
[2015-05-29 17:12:57,980][Test worker][WARN ][TEPortServlet] can NOT find META file:F:\project\M.Lottery\TE\TRUNK_TE\sourcecode\build\classes\main\META-INF\MANIFEST.MF
[2015-05-29 17:12:57,981][Test worker][DEBUG][TEPortServlet] Register MBean(com.mpos.lottery.te.common.jmx.TransactionTimeout@d5d35f2) with name(com.mpos.lottery.te:type=TransactionTimeoutMBean) successfully.
[2015-05-29 17:12:57,981][Test worker][DEBUG][BaseTransactionalIntegrationTest] Retrieve a ApplicationContext(org.springframework.web.context.support.GenericWebApplicationContext@34f645a8: startup date [Fri May 29 17:12:38 CST 2015]; root of context hierarchy).
[2015-05-29 17:12:57,981][Test worker][INFO ][BaseTransactionalIntegrationTest] +------------------------------------------------------------------------------------------------------------------------+
[2015-05-29 17:12:57,982][Test worker][INFO ][BaseTransactionalIntegrationTest] | BingoPrizeIntegrationTest.testPayout_PrintNewTicket_Single_operator                                                    |
[2015-05-29 17:12:57,982][Test worker][INFO ][BaseTransactionalIntegrationTest] +------------------------------------------------------------------------------------------------------------------------+
[2015-05-29 17:12:57,991][Test worker][DEBUG][MLotteryContext] find mapping file definition(xml-mapping/game/bingo/Payout_Req.xml) by key(6.transtype.302).
[2015-05-29 17:12:58,003][Test worker][DEBUG][CastorHelper] Finish marshaling input(typeclass com.mpos.lottery.te.gameimpl.bingo.sale.BingoTicket, mappingFile=xml-mapping/game/bingo/Payout_Req.xml).
[2015-05-29 17:12:58,004][Test worker][DEBUG][BaseServletIntegrationTest] Do MAC(key=P2Bbo6+bSSR9O2Qc89f3b4oHTyE1V2gF) on (Protocal-Version:1.5|GPE_Id:GPE-111|Terminal-Id:111|Operator-Id:OPERATOR-111|Trans-BatchNumber:20150529|TractMsg-Id:1432890777990|Timestamp:20150529171257|Transaction-Type:302|Transaction-Id:|Response-Code:|<?xml version="1.0" encoding="UTF-8"?>
<Ticket serialNo="S-123456" PIN="PIN-111" inputChannel="2" validationCode="111111"/>,hash=120901846), get digest:9654db6c0ef53f45ccd79d2e1bed5d54
[2015-05-29 17:12:58,004][Test worker][DEBUG][TEPortServlet] Got request header(name=X-Transaction-Type, value=302).
[2015-05-29 17:12:58,004][Test worker][DEBUG][TEPortServlet] Got request header(name=X-Protocal-Version, value=1.5).
[2015-05-29 17:12:58,004][Test worker][DEBUG][TEPortServlet] Got request header(name=X-Timestamp, value=20150529171257).
[2015-05-29 17:12:58,004][Test worker][DEBUG][TEPortServlet] Got request header(name=X-GPE-Id, value=GPE-111).
[2015-05-29 17:12:58,004][Test worker][DEBUG][TEPortServlet] Got request header(name=X-Trace-Message-Id, value=1432890777990).
[2015-05-29 17:12:58,004][Test worker][DEBUG][TEPortServlet] Got request header(name=X-Operator-Id, value=OPERATOR-111).
[2015-05-29 17:12:58,004][Test worker][DEBUG][TEPortServlet] Got request header(name=X-Terminal-Id, value=111).
[2015-05-29 17:12:58,004][Test worker][DEBUG][TEPortServlet] Got request header(name=X-MAC, value=9654db6c0ef53f45ccd79d2e1bed5d54).
[2015-05-29 17:12:58,004][Test worker][DEBUG][TEPortServlet] Got request header(name=X-Game-Type-Id, value=6).
[2015-05-29 17:12:58,005][Test worker][DEBUG][TEPortServlet] Got request header(name=X-Trans-BatchNumber, value=20150529).
[2015-05-29 17:12:58,005][Test worker][DEBUG][TEPortServlet] Got request header(name=X-GPS-Location, value=40.714353,-74.005973).
[2015-05-29 17:12:58,007][Test worker][DEBUG][TEPortServlet] Got request from localhost, and the message body is:pq3FqO8HCcAnaobA+xpVnADmrnwj1vrK59BGhqvtskYFWTsa2cbe6ttFDFcpmi1MamgAomcAmY7ZtCcdDkhkRjtWjJyr8M54r482oPz68swv1cKZXs2giVvwATQyuGIl9ynITkM6n3FZYXMyvHDkvi+IB2e80VwqI7T2PcEAFnM=.
[2015-05-29 17:12:58,007][Test worker][DEBUG][ProtocolSerializer] Start to deserialize request context(Protocal-Version:1.5|GPE_Id:GPE-111|Terminal-Id:111|Operator-Id:OPERATOR-111|Trans-BatchNumber:20150529|TractMsg-Id:1432890777990|Timestamp:20150529171257|Transaction-Type:302|Transaction-Id:|Response-Code:|).
[2015-05-29 17:12:58,007][Test worker][DEBUG][ProtocolSerializer] Finish decrypting cipher into original xml:<?xml version="1.0" encoding="UTF-8"?>
<Ticket serialNo="S-123456" PIN="PIN-111" inputChannel="2" validationCode="111111"/>
[2015-05-29 17:12:58,008][Test worker][DEBUG][ProtocolSerializer] Start to do MAC(key=P2Bbo6+bSSR9O2Qc89f3b4oHTyE1V2gF) on (Protocal-Version:1.5|GPE_Id:GPE-111|Terminal-Id:111|Operator-Id:OPERATOR-111|Trans-BatchNumber:20150529|TractMsg-Id:1432890777990|Timestamp:20150529171257|Transaction-Type:302|Transaction-Id:|Response-Code:|<?xml version="1.0" encoding="UTF-8"?>
<Ticket serialNo="S-123456" PIN="PIN-111" inputChannel="2" validationCode="111111"/>,hash=120901846), get digest:9654db6c0ef53f45ccd79d2e1bed5d54
[2015-05-29 17:12:58,008][Test worker][DEBUG][MLotteryContext] find mapping file definition(xml-mapping/game/bingo/Payout_Req.xml) by key(6.transtype.302).
[2015-05-29 17:12:58,008][Test worker][DEBUG][ProtocolSerializer] Start to deserialize model: model=null,mappingFile=xml-mapping/game/bingo/Payout_Req.xml
[2015-05-29 17:12:58,008][Test worker][DEBUG][MLotteryContext] find mapping file definition(xml-mapping/game/bingo/Payout_Req.xml) by key(6.transtype.302).
[2015-05-29 17:12:58,069][Test worker][DEBUG][RoutineRegistry] Try to lookup handler by routine key(6_302_1.5.0).
[2015-05-29 17:12:58,069][Test worker][DEBUG][RoutineRegistry] Try to lookup handler by routine key(6_302_).
[2015-05-29 17:12:58,069][Test worker][DEBUG][RoutineRegistry] Lookup controller by key(6_302_), found controller(com.mpos.lottery.te.gameimpl.bingo.BingoController@2a7dd923) and method(public void com.mpos.lottery.te.gameimpl.bingo.BingoController.payout(com.mpos.lottery.te.port.Context,com.mpos.lottery.te.port.Context) throws com.mpos.lottery.te.config.exception.ApplicationException).
[2015-05-29 17:12:58,123][Test worker][DEBUG][AbstractPrizeService] Handle winnings of lucky draw of ticket(serialNo:9pkxn/npytVqVbOF5fPlsg==), total 0 winning items found.
[2015-05-29 17:12:58,216][Test worker][DEBUG][MerchantServiceImpl] Use the payout-limit setting(max=10000000,min=100) of Operator(Operator [id=OPERATOR-111, loginName=OPERATOR-LOGIN, creditType=1, saleCreditLevel=200000000, payoutCreditLevel=1000, cashoutBalance=0, commisionBalance=0]) to verify payout limit.
[2015-05-29 17:12:58,217][Test worker][DEBUG][BaseJpaDao] Retrieve database connection: net.sf.log4jdbc.ConnectionSpy@4a7bfdae
[2015-05-29 17:12:58,220][Test worker][DEBUG][DefaultPayoutStrategyFactory] Usage payout strategy(com.mpos.lottery.te.gamespec.prize.support.payoutstrategy.NewPrintPayoutStrategy@557acc4d) for payout mode:1
[2015-05-29 17:12:58,231][Test worker][DEBUG][DefaultCreditService] Calculate commssion for (merchant=111 +operator=OPERATOR-111,gameId=BINGO-1,commType=1,commRate=0.1) 
[2015-05-29 17:12:58,255][Test worker][DEBUG][DefaultCreditService] The current credit level(before transaction) of Operator [id=OPERATOR-111, loginName=OPERATOR-LOGIN, creditType=1, saleCreditLevel=200000000, payoutCreditLevel=1000, cashoutBalance=0, commisionBalance=0] is saleCreditLevel:200000000,payoutCreditLevel:1000
[2015-05-29 17:12:58,256][Test worker][DEBUG][DefaultCreditService] The new payout credit level of Operator [id=OPERATOR-111, loginName=OPERATOR-LOGIN, creditType=1, saleCreditLevel=200000000, payoutCreditLevel=4028982, cashoutBalance=0, commisionBalance=402798.200000] is 4028982
[2015-05-29 17:12:58,284][Test worker][DEBUG][CommonFacadeService] Prepare to publish message to exchange[TE.302] with routing key[TE.302.6]: id: "0115052900000000000076"
dev_id: "111"
operator_id: "OPERATOR-111"
merchant_id: "111"
create_time: 1432890778000
trans_type: 302
game_id: "BINGO-1"
game_type: 6
total_amount: "4027982"

[2015-05-29 17:12:58,284][Test worker][DEBUG][CommonFacadeService] Publish message successfully
[2015-05-29 17:12:58,285][Test worker][DEBUG][MLotteryContext] find mapping file definition(xml-mapping/game/bingo/Payout_Res.xml) by key(6.transtype.4302).
[2015-05-29 17:12:58,285][Test worker][DEBUG][ProtocolSerializer] Start to serialize model(class com.mpos.lottery.te.gamespec.prize.web.PrizeDto),mappingFile=xml-mapping/game/bingo/Payout_Res.xml
[2015-05-29 17:12:58,285][Test worker][DEBUG][MLotteryContext] find mapping file definition(xml-mapping/game/bingo/Payout_Res.xml) by key(6.transtype.4302).
[2015-05-29 17:12:58,331][Test worker][DEBUG][CastorHelper] Finish marshaling input(typeclass com.mpos.lottery.te.gamespec.prize.web.PrizeDto, mappingFile=xml-mapping/game/bingo/Payout_Res.xml).
[2015-05-29 17:12:58,331][Test worker][DEBUG][ProtocolSerializer] Finish mac(macKey=P2Bbo6+bSSR9O2Qc89f3b4oHTyE1V2gF,macString=Protocal-Version:1.5|GPE_Id:GPE-111|Terminal-Id:111|Operator-Id:OPERATOR-111|Trans-BatchNumber:20150529|TractMsg-Id:1432890777990|Timestamp:20150529171258|Transaction-Type:4302|Transaction-Id:0115052900000000000076|Response-Code:200|<?xml version="1.0" encoding="UTF-8"?>
<Payout luckyAmount="20.00" prizeAmount="5032050" taxAmount="1004075" actualAmount="4027982" mode="1"/>):cc077f5545bf818c0a0ae9f266aa5b8c
[2015-05-29 17:12:58,332][Test worker][DEBUG][TEPortServlet] Write response to client(host1=localhost,sizeOfPack=192) succesfully.
[2015-05-29 17:12:58,332][Test worker][DEBUG][BaseServletIntegrationTest] Got response(code=200,length=192): <?xml version="1.0" encoding="UTF-8"?>
<Payout luckyAmount="20.00" prizeAmount="5032050" taxAmount="1004075" actualAmount="4027982" mode="1"/>
[2015-05-29 17:12:58,332][Test worker][DEBUG][MLotteryContext] find mapping file definition(xml-mapping/game/bingo/Payout_Res.xml) by key(6.transtype.4302).
]]></system-out>
  <system-err><![CDATA[]]></system-err>
</testsuite>
