<?xml version="1.0" encoding="UTF-8"?>
<testsuite name="com.mpos.lottery.te.thirdpartyservice.amqp.MessageConnectionPoolUnitTest" tests="2" skipped="0" failures="0" errors="0" timestamp="2015-05-29T09:13:54" hostname="Ramon-PC" time="0.0">
  <properties/>
  <testcase name="testClose" classname="com.mpos.lottery.te.thirdpartyservice.amqp.MessageConnectionPoolUnitTest" time="0.0"/>
  <testcase name="testBorrow" classname="com.mpos.lottery.te.thirdpartyservice.amqp.MessageConnectionPoolUnitTest" time="0.0"/>
  <system-out><![CDATA[]]></system-out>
  <system-err><![CDATA[]]></system-err>
</testsuite>
