<?xml version="1.0" encoding="UTF-8"?>
<testsuite name="com.mpos.lottery.te.gameimpl.instantgame.domain.logic.InstantPrizeCalculatorUnitTest" tests="6" skipped="0" failures="0" errors="0" timestamp="2015-05-29T09:13:10" hostname="Ramon-PC" time="0.002">
  <properties/>
  <testcase name="testCalculatePrizeLevel_1" classname="com.mpos.lottery.te.gameimpl.instantgame.domain.logic.InstantPrizeCalculatorUnitTest" time="0.0"/>
  <testcase name="testCalculatePrizeLevel_2" classname="com.mpos.lottery.te.gameimpl.instantgame.domain.logic.InstantPrizeCalculatorUnitTest" time="0.0"/>
  <testcase name="testCalculatePrizeLevel_3" classname="com.mpos.lottery.te.gameimpl.instantgame.domain.logic.InstantPrizeCalculatorUnitTest" time="0.0"/>
  <testcase name="testCalculatePrizeLevel_4" classname="com.mpos.lottery.te.gameimpl.instantgame.domain.logic.InstantPrizeCalculatorUnitTest" time="0.0"/>
  <testcase name="testCalculatePrizeLevel_5" classname="com.mpos.lottery.te.gameimpl.instantgame.domain.logic.InstantPrizeCalculatorUnitTest" time="0.0"/>
  <testcase name="testCalculatePrizeLevel_6" classname="com.mpos.lottery.te.gameimpl.instantgame.domain.logic.InstantPrizeCalculatorUnitTest" time="0.0"/>
  <system-out><![CDATA[]]></system-out>
  <system-err><![CDATA[]]></system-err>
</testsuite>
