<?xml version="1.0" encoding="UTF-8"?>
<testsuite name="com.mpos.lottery.te.gameimpl.magic100.game.Magic100GameInstanceIntegrationTest" tests="4" skipped="0" failures="0" errors="0" timestamp="2015-05-29T09:13:35" hostname="Ramon-PC" time="0.28">
  <properties/>
  <testcase name="testEnquiryByNumber" classname="com.mpos.lottery.te.gameimpl.magic100.game.Magic100GameInstanceIntegrationTest" time="0.096"/>
  <testcase name="testEnquiryByGame" classname="com.mpos.lottery.te.gameimpl.magic100.game.Magic100GameInstanceIntegrationTest" time="0.086"/>
  <testcase name="testEnquiryByGame_NoMerchantSupport" classname="com.mpos.lottery.te.gameimpl.magic100.game.Magic100GameInstanceIntegrationTest" time="0.029"/>
  <testcase name="testEnquiryByGameTpye" classname="com.mpos.lottery.te.gameimpl.magic100.game.Magic100GameInstanceIntegrationTest" time="0.067"/>
  <system-out><![CDATA[[2015-05-29 17:13:35,514][Test worker][DEBUG][TEPortServlet] Startup job scheduer(org.quartz.impl.StdScheduler@4d1e5820) successfully.
[2015-05-29 17:13:35,514][Test worker][WARN ][TEPortServlet] can NOT find META file:F:\project\M.Lottery\TE\TRUNK_TE\sourcecode\build\classes\main\META-INF\MANIFEST.MF
[2015-05-29 17:13:35,514][Test worker][DEBUG][TEPortServlet] Register MBean(com.mpos.lottery.te.common.jmx.TransactionTimeout@5ebea45e) with name(com.mpos.lottery.te:type=TransactionTimeoutMBean) successfully.
[2015-05-29 17:13:35,514][Test worker][DEBUG][BaseTransactionalIntegrationTest] Retrieve a ApplicationContext(org.springframework.web.context.support.GenericWebApplicationContext@34f645a8: startup date [Fri May 29 17:12:38 CST 2015]; root of context hierarchy).
[2015-05-29 17:13:35,515][Test worker][INFO ][BaseTransactionalIntegrationTest] +------------------------------------------------------------------------------------------------------------------------+
[2015-05-29 17:13:35,515][Test worker][INFO ][BaseTransactionalIntegrationTest] | Magic100GameInstanceIntegrationTest.testEnquiryByNumber                                                                |
[2015-05-29 17:13:35,515][Test worker][INFO ][BaseTransactionalIntegrationTest] +------------------------------------------------------------------------------------------------------------------------+
[2015-05-29 17:13:35,515][Test worker][DEBUG][MLotteryContext] find mapping file definition(xml-mapping/GameInstanceEnquiry_Req.xml) by key(transtype.101).
[2015-05-29 17:13:35,525][Test worker][DEBUG][CastorHelper] Finish marshaling input(typeclass com.mpos.lottery.te.gamespec.game.web.GameInstanceDto, mappingFile=xml-mapping/GameInstanceEnquiry_Req.xml).
[2015-05-29 17:13:35,526][Test worker][DEBUG][BaseServletIntegrationTest] Do MAC(key=P2Bbo6+bSSR9O2Qc89f3b4oHTyE1V2gF) on (Protocal-Version:1.5|GPE_Id:GPE-111|Terminal-Id:111|Operator-Id:OPERATOR-111|Trans-BatchNumber:20150529|TractMsg-Id:1432890815515|Timestamp:20150529171335|Transaction-Type:101|Transaction-Id:|Response-Code:|<?xml version="1.0" encoding="UTF-8"?>
<GameInstance number="001" gameId="LK-1" gameType="18"/>,hash=-1567334950), get digest:e2d2adda997f95fd5d2eb2650d2fe2f4
[2015-05-29 17:13:35,526][Test worker][DEBUG][TEPortServlet] Got request header(name=X-Transaction-Type, value=101).
[2015-05-29 17:13:35,526][Test worker][DEBUG][TEPortServlet] Got request header(name=X-Protocal-Version, value=1.5).
[2015-05-29 17:13:35,526][Test worker][DEBUG][TEPortServlet] Got request header(name=X-Timestamp, value=20150529171335).
[2015-05-29 17:13:35,526][Test worker][DEBUG][TEPortServlet] Got request header(name=X-GPE-Id, value=GPE-111).
[2015-05-29 17:13:35,526][Test worker][DEBUG][TEPortServlet] Got request header(name=X-Trace-Message-Id, value=1432890815515).
[2015-05-29 17:13:35,526][Test worker][DEBUG][TEPortServlet] Got request header(name=X-Operator-Id, value=OPERATOR-111).
[2015-05-29 17:13:35,526][Test worker][DEBUG][TEPortServlet] Got request header(name=X-Terminal-Id, value=111).
[2015-05-29 17:13:35,526][Test worker][DEBUG][TEPortServlet] Got request header(name=X-MAC, value=e2d2adda997f95fd5d2eb2650d2fe2f4).
[2015-05-29 17:13:35,527][Test worker][DEBUG][TEPortServlet] Got request header(name=X-Game-Type-Id, value=-1).
[2015-05-29 17:13:35,527][Test worker][DEBUG][TEPortServlet] Got request header(name=X-Trans-BatchNumber, value=20150529).
[2015-05-29 17:13:35,527][Test worker][DEBUG][TEPortServlet] Got request header(name=X-GPS-Location, value=40.714353,-74.005973).
[2015-05-29 17:13:35,528][Test worker][DEBUG][TEPortServlet] Got request from localhost, and the message body is:pq3FqO8HCcAnaobA+xpVnADmrnwj1vrK59BGhqvtskYFWTsa2cbe6sxc6kfl3ErwbiDSOomf/pV175I/Qd2thC7ea5HOnTApxdUKkMtKk90d23ladqzhdAOTgV+FN8Wu.
[2015-05-29 17:13:35,529][Test worker][DEBUG][ProtocolSerializer] Start to deserialize request context(Protocal-Version:1.5|GPE_Id:GPE-111|Terminal-Id:111|Operator-Id:OPERATOR-111|Trans-BatchNumber:20150529|TractMsg-Id:1432890815515|Timestamp:20150529171335|Transaction-Type:101|Transaction-Id:|Response-Code:|).
[2015-05-29 17:13:35,529][Test worker][DEBUG][ProtocolSerializer] Finish decrypting cipher into original xml:<?xml version="1.0" encoding="UTF-8"?>
<GameInstance number="001" gameId="LK-1" gameType="18"/>
[2015-05-29 17:13:35,529][Test worker][DEBUG][ProtocolSerializer] Start to do MAC(key=P2Bbo6+bSSR9O2Qc89f3b4oHTyE1V2gF) on (Protocal-Version:1.5|GPE_Id:GPE-111|Terminal-Id:111|Operator-Id:OPERATOR-111|Trans-BatchNumber:20150529|TractMsg-Id:1432890815515|Timestamp:20150529171335|Transaction-Type:101|Transaction-Id:|Response-Code:|<?xml version="1.0" encoding="UTF-8"?>
<GameInstance number="001" gameId="LK-1" gameType="18"/>,hash=-1567334950), get digest:e2d2adda997f95fd5d2eb2650d2fe2f4
[2015-05-29 17:13:35,529][Test worker][DEBUG][MLotteryContext] find mapping file definition(xml-mapping/GameInstanceEnquiry_Req.xml) by key(transtype.101).
[2015-05-29 17:13:35,529][Test worker][DEBUG][ProtocolSerializer] Start to deserialize model: model=null,mappingFile=xml-mapping/GameInstanceEnquiry_Req.xml
[2015-05-29 17:13:35,529][Test worker][DEBUG][MLotteryContext] find mapping file definition(xml-mapping/GameInstanceEnquiry_Req.xml) by key(transtype.101).
[2015-05-29 17:13:35,541][Test worker][DEBUG][RoutineRegistry] Try to lookup handler by routine key(-1_101_1.5.0).
[2015-05-29 17:13:35,542][Test worker][DEBUG][RoutineRegistry] Try to lookup handler by routine key(-1_101_).
[2015-05-29 17:13:35,542][Test worker][DEBUG][RoutineRegistry] Lookup controller by key(-1_101_), found controller(com.mpos.lottery.te.gamespec.game.GameInstanceController@f15f1bb) and method(public void com.mpos.lottery.te.gamespec.game.GameInstanceController.enquiry(com.mpos.lottery.te.port.Context,com.mpos.lottery.te.port.Context) throws com.mpos.lottery.te.config.exception.ApplicationException).
[2015-05-29 17:13:35,574][Test worker][DEBUG][GameInstanceServiceFactory] Found GameInstanceService(com.mpos.lottery.te.gameimpl.magic100.game.service.Magic100GameInstanceService@4c251981) for game type:LUCKYNUMBER
[2015-05-29 17:13:35,575][Test worker][DEBUG][GameInstanceController] Query game isntance of game type:18,gameId:LK-1,number:001
[2015-05-29 17:13:35,584][Test worker][DEBUG][CommonFacadeService] No need to publish AMQP message of transaction(GAME_DRAW_ENQUIRY)
[2015-05-29 17:13:35,585][Test worker][DEBUG][MLotteryContext] find mapping file definition(xml-mapping/GameInstanceEnquiry_Res.xml) by key(transtype.4101).
[2015-05-29 17:13:35,585][Test worker][DEBUG][ProtocolSerializer] Start to serialize model(class com.mpos.lottery.te.gamespec.game.web.GameInstanceDtos),mappingFile=xml-mapping/GameInstanceEnquiry_Res.xml
[2015-05-29 17:13:35,585][Test worker][DEBUG][MLotteryContext] find mapping file definition(xml-mapping/GameInstanceEnquiry_Res.xml) by key(transtype.4101).
[2015-05-29 17:13:35,596][Test worker][DEBUG][CastorHelper] Finish marshaling input(typeclass com.mpos.lottery.te.gamespec.game.web.GameInstanceDtos, mappingFile=xml-mapping/GameInstanceEnquiry_Res.xml).
[2015-05-29 17:13:35,597][Test worker][DEBUG][ProtocolSerializer] Finish mac(macKey=P2Bbo6+bSSR9O2Qc89f3b4oHTyE1V2gF,macString=Protocal-Version:1.5|GPE_Id:GPE-111|Terminal-Id:111|Operator-Id:OPERATOR-111|Trans-BatchNumber:20150529|TractMsg-Id:1432890815515|Timestamp:20150529171335|Transaction-Type:4101|Transaction-Id:0115052900000000001815|Response-Code:200|<?xml version="1.0" encoding="UTF-8"?>
<GameInstances><Game id="LK-1" type="18" baseAmount="100"><GameInstance number="001" beginTime="20150528171215" endTime="20150906171215" state="2"/></Game></GameInstances>):8d6d5cad73c10b663e21fb09a1773dc6
[2015-05-29 17:13:35,597][Test worker][DEBUG][TEPortServlet] Write response to client(host1=localhost,sizeOfPack=288) succesfully.
[2015-05-29 17:13:35,597][Test worker][DEBUG][BaseServletIntegrationTest] Got response(code=200,length=288): <?xml version="1.0" encoding="UTF-8"?>
<GameInstances><Game id="LK-1" type="18" baseAmount="100"><GameInstance number="001" beginTime="20150528171215" endTime="20150906171215" state="2"/></Game></GameInstances>
[2015-05-29 17:13:35,597][Test worker][DEBUG][MLotteryContext] find mapping file definition(xml-mapping/GameInstanceEnquiry_Res.xml) by key(transtype.4101).
[2015-05-29 17:13:35,605][Test worker][DEBUG][TEPortServlet] Startup job scheduer(org.quartz.impl.StdScheduler@4d1e5820) successfully.
[2015-05-29 17:13:35,606][Test worker][WARN ][TEPortServlet] can NOT find META file:F:\project\M.Lottery\TE\TRUNK_TE\sourcecode\build\classes\main\META-INF\MANIFEST.MF
[2015-05-29 17:13:35,606][Test worker][DEBUG][TEPortServlet] Register MBean(com.mpos.lottery.te.common.jmx.TransactionTimeout@393cd88b) with name(com.mpos.lottery.te:type=TransactionTimeoutMBean) successfully.
[2015-05-29 17:13:35,606][Test worker][DEBUG][BaseTransactionalIntegrationTest] Retrieve a ApplicationContext(org.springframework.web.context.support.GenericWebApplicationContext@34f645a8: startup date [Fri May 29 17:12:38 CST 2015]; root of context hierarchy).
[2015-05-29 17:13:35,606][Test worker][INFO ][BaseTransactionalIntegrationTest] +------------------------------------------------------------------------------------------------------------------------+
[2015-05-29 17:13:35,606][Test worker][INFO ][BaseTransactionalIntegrationTest] | Magic100GameInstanceIntegrationTest.testEnquiryByGame                                                                  |
[2015-05-29 17:13:35,606][Test worker][INFO ][BaseTransactionalIntegrationTest] +------------------------------------------------------------------------------------------------------------------------+
[2015-05-29 17:13:35,606][Test worker][DEBUG][MLotteryContext] find mapping file definition(xml-mapping/GameInstanceEnquiry_Req.xml) by key(transtype.101).
[2015-05-29 17:13:35,607][Test worker][DEBUG][CastorHelper] Finish marshaling input(typeclass com.mpos.lottery.te.gamespec.game.web.GameInstanceDto, mappingFile=xml-mapping/GameInstanceEnquiry_Req.xml).
[2015-05-29 17:13:35,607][Test worker][DEBUG][BaseServletIntegrationTest] Do MAC(key=P2Bbo6+bSSR9O2Qc89f3b4oHTyE1V2gF) on (Protocal-Version:1.5|GPE_Id:GPE-111|Terminal-Id:111|Operator-Id:OPERATOR-111|Trans-BatchNumber:20150529|TractMsg-Id:1432890815606|Timestamp:20150529171335|Transaction-Type:101|Transaction-Id:|Response-Code:|<?xml version="1.0" encoding="UTF-8"?>
<GameInstance gameId="LK-1" gameType="18"/>,hash=855790388), get digest:94bb4d62ad168ec85d8bce2fb1875017
[2015-05-29 17:13:35,607][Test worker][DEBUG][TEPortServlet] Got request header(name=X-Transaction-Type, value=101).
[2015-05-29 17:13:35,607][Test worker][DEBUG][TEPortServlet] Got request header(name=X-Protocal-Version, value=1.5).
[2015-05-29 17:13:35,608][Test worker][DEBUG][TEPortServlet] Got request header(name=X-Timestamp, value=20150529171335).
[2015-05-29 17:13:35,608][Test worker][DEBUG][TEPortServlet] Got request header(name=X-GPE-Id, value=GPE-111).
[2015-05-29 17:13:35,608][Test worker][DEBUG][TEPortServlet] Got request header(name=X-Trace-Message-Id, value=1432890815606).
[2015-05-29 17:13:35,608][Test worker][DEBUG][TEPortServlet] Got request header(name=X-Operator-Id, value=OPERATOR-111).
[2015-05-29 17:13:35,608][Test worker][DEBUG][TEPortServlet] Got request header(name=X-Terminal-Id, value=111).
[2015-05-29 17:13:35,608][Test worker][DEBUG][TEPortServlet] Got request header(name=X-MAC, value=94bb4d62ad168ec85d8bce2fb1875017).
[2015-05-29 17:13:35,608][Test worker][DEBUG][TEPortServlet] Got request header(name=X-Game-Type-Id, value=-1).
[2015-05-29 17:13:35,608][Test worker][DEBUG][TEPortServlet] Got request header(name=X-Trans-BatchNumber, value=20150529).
[2015-05-29 17:13:35,608][Test worker][DEBUG][TEPortServlet] Got request header(name=X-GPS-Location, value=40.714353,-74.005973).
[2015-05-29 17:13:35,609][Test worker][DEBUG][TEPortServlet] Got request from localhost, and the message body is:pq3FqO8HCcAnaobA+xpVnADmrnwj1vrK59BGhqvtskYFWTsa2cbe6sxc6kfl3ErwIEwEmV1nL+q15q/E1529K8280vas9sVTdw0t9l1QsC90KGkH2CuTGA==.
[2015-05-29 17:13:35,609][Test worker][DEBUG][ProtocolSerializer] Start to deserialize request context(Protocal-Version:1.5|GPE_Id:GPE-111|Terminal-Id:111|Operator-Id:OPERATOR-111|Trans-BatchNumber:20150529|TractMsg-Id:1432890815606|Timestamp:20150529171335|Transaction-Type:101|Transaction-Id:|Response-Code:|).
[2015-05-29 17:13:35,609][Test worker][DEBUG][ProtocolSerializer] Finish decrypting cipher into original xml:<?xml version="1.0" encoding="UTF-8"?>
<GameInstance gameId="LK-1" gameType="18"/>
[2015-05-29 17:13:35,610][Test worker][DEBUG][ProtocolSerializer] Start to do MAC(key=P2Bbo6+bSSR9O2Qc89f3b4oHTyE1V2gF) on (Protocal-Version:1.5|GPE_Id:GPE-111|Terminal-Id:111|Operator-Id:OPERATOR-111|Trans-BatchNumber:20150529|TractMsg-Id:1432890815606|Timestamp:20150529171335|Transaction-Type:101|Transaction-Id:|Response-Code:|<?xml version="1.0" encoding="UTF-8"?>
<GameInstance gameId="LK-1" gameType="18"/>,hash=855790388), get digest:94bb4d62ad168ec85d8bce2fb1875017
[2015-05-29 17:13:35,610][Test worker][DEBUG][MLotteryContext] find mapping file definition(xml-mapping/GameInstanceEnquiry_Req.xml) by key(transtype.101).
[2015-05-29 17:13:35,610][Test worker][DEBUG][ProtocolSerializer] Start to deserialize model: model=null,mappingFile=xml-mapping/GameInstanceEnquiry_Req.xml
[2015-05-29 17:13:35,610][Test worker][DEBUG][MLotteryContext] find mapping file definition(xml-mapping/GameInstanceEnquiry_Req.xml) by key(transtype.101).
[2015-05-29 17:13:35,622][Test worker][DEBUG][RoutineRegistry] Try to lookup handler by routine key(-1_101_1.5.0).
[2015-05-29 17:13:35,622][Test worker][DEBUG][RoutineRegistry] Try to lookup handler by routine key(-1_101_).
[2015-05-29 17:13:35,622][Test worker][DEBUG][RoutineRegistry] Lookup controller by key(-1_101_), found controller(com.mpos.lottery.te.gamespec.game.GameInstanceController@f15f1bb) and method(public void com.mpos.lottery.te.gamespec.game.GameInstanceController.enquiry(com.mpos.lottery.te.port.Context,com.mpos.lottery.te.port.Context) throws com.mpos.lottery.te.config.exception.ApplicationException).
[2015-05-29 17:13:35,653][Test worker][DEBUG][GameInstanceServiceFactory] Found GameInstanceService(com.mpos.lottery.te.gameimpl.magic100.game.service.Magic100GameInstanceService@4c251981) for game type:LUCKYNUMBER
[2015-05-29 17:13:35,653][Test worker][DEBUG][GameInstanceController] Query all sale-ready game isntances of game type:18,gameId:LK-1
[2015-05-29 17:13:35,677][Test worker][INFO ][AbstractGameInstanceService] No channel game instance time definiton found, ignore it.
[2015-05-29 17:13:35,680][Test worker][DEBUG][CommonFacadeService] No need to publish AMQP message of transaction(GAME_DRAW_ENQUIRY)
[2015-05-29 17:13:35,680][Test worker][DEBUG][MLotteryContext] find mapping file definition(xml-mapping/GameInstanceEnquiry_Res.xml) by key(transtype.4101).
[2015-05-29 17:13:35,680][Test worker][DEBUG][ProtocolSerializer] Start to serialize model(class com.mpos.lottery.te.gamespec.game.web.GameInstanceDtos),mappingFile=xml-mapping/GameInstanceEnquiry_Res.xml
[2015-05-29 17:13:35,680][Test worker][DEBUG][MLotteryContext] find mapping file definition(xml-mapping/GameInstanceEnquiry_Res.xml) by key(transtype.4101).
[2015-05-29 17:13:35,681][Test worker][DEBUG][CastorHelper] Finish marshaling input(typeclass com.mpos.lottery.te.gamespec.game.web.GameInstanceDtos, mappingFile=xml-mapping/GameInstanceEnquiry_Res.xml).
[2015-05-29 17:13:35,682][Test worker][DEBUG][ProtocolSerializer] Finish mac(macKey=P2Bbo6+bSSR9O2Qc89f3b4oHTyE1V2gF,macString=Protocal-Version:1.5|GPE_Id:GPE-111|Terminal-Id:111|Operator-Id:OPERATOR-111|Trans-BatchNumber:20150529|TractMsg-Id:1432890815606|Timestamp:20150529171335|Transaction-Type:4101|Transaction-Id:0115052900000000001816|Response-Code:200|<?xml version="1.0" encoding="UTF-8"?>
<GameInstances><Game id="LK-1" type="18" baseAmount="100"><GameInstance number="001" beginTime="20150528171215" endTime="20150906171215" state="2"/></Game></GameInstances>):29f90a168e2e1f556be9b9160f9c88c0
[2015-05-29 17:13:35,682][Test worker][DEBUG][TEPortServlet] Write response to client(host1=localhost,sizeOfPack=288) succesfully.
[2015-05-29 17:13:35,682][Test worker][DEBUG][BaseServletIntegrationTest] Got response(code=200,length=288): <?xml version="1.0" encoding="UTF-8"?>
<GameInstances><Game id="LK-1" type="18" baseAmount="100"><GameInstance number="001" beginTime="20150528171215" endTime="20150906171215" state="2"/></Game></GameInstances>
[2015-05-29 17:13:35,683][Test worker][DEBUG][MLotteryContext] find mapping file definition(xml-mapping/GameInstanceEnquiry_Res.xml) by key(transtype.4101).
[2015-05-29 17:13:35,692][Test worker][DEBUG][TEPortServlet] Startup job scheduer(org.quartz.impl.StdScheduler@4d1e5820) successfully.
[2015-05-29 17:13:35,693][Test worker][WARN ][TEPortServlet] can NOT find META file:F:\project\M.Lottery\TE\TRUNK_TE\sourcecode\build\classes\main\META-INF\MANIFEST.MF
[2015-05-29 17:13:35,693][Test worker][DEBUG][TEPortServlet] Register MBean(com.mpos.lottery.te.common.jmx.TransactionTimeout@42eaff03) with name(com.mpos.lottery.te:type=TransactionTimeoutMBean) successfully.
[2015-05-29 17:13:35,693][Test worker][DEBUG][BaseTransactionalIntegrationTest] Retrieve a ApplicationContext(org.springframework.web.context.support.GenericWebApplicationContext@34f645a8: startup date [Fri May 29 17:12:38 CST 2015]; root of context hierarchy).
[2015-05-29 17:13:35,693][Test worker][INFO ][BaseTransactionalIntegrationTest] +------------------------------------------------------------------------------------------------------------------------+
[2015-05-29 17:13:35,693][Test worker][INFO ][BaseTransactionalIntegrationTest] | Magic100GameInstanceIntegrationTest.testEnquiryByGame_NoMerchantSupport                                                |
[2015-05-29 17:13:35,693][Test worker][INFO ][BaseTransactionalIntegrationTest] +------------------------------------------------------------------------------------------------------------------------+
[2015-05-29 17:13:35,695][Test worker][DEBUG][MLotteryContext] find mapping file definition(xml-mapping/GameInstanceEnquiry_Req.xml) by key(transtype.101).
[2015-05-29 17:13:35,696][Test worker][DEBUG][CastorHelper] Finish marshaling input(typeclass com.mpos.lottery.te.gamespec.game.web.GameInstanceDto, mappingFile=xml-mapping/GameInstanceEnquiry_Req.xml).
[2015-05-29 17:13:35,696][Test worker][DEBUG][BaseServletIntegrationTest] Do MAC(key=P2Bbo6+bSSR9O2Qc89f3b4oHTyE1V2gF) on (Protocal-Version:1.5|GPE_Id:GPE-111|Terminal-Id:111|Operator-Id:OPERATOR-111|Trans-BatchNumber:20150529|TractMsg-Id:1432890815695|Timestamp:20150529171335|Transaction-Type:101|Transaction-Id:|Response-Code:|<?xml version="1.0" encoding="UTF-8"?>
<GameInstance gameId="LK-1" gameType="18"/>,hash=-1574888374), get digest:ee542d13c9681415dfac9f933b1f4868
[2015-05-29 17:13:35,696][Test worker][DEBUG][TEPortServlet] Got request header(name=X-Transaction-Type, value=101).
[2015-05-29 17:13:35,696][Test worker][DEBUG][TEPortServlet] Got request header(name=X-Protocal-Version, value=1.5).
[2015-05-29 17:13:35,696][Test worker][DEBUG][TEPortServlet] Got request header(name=X-Timestamp, value=20150529171335).
[2015-05-29 17:13:35,696][Test worker][DEBUG][TEPortServlet] Got request header(name=X-GPE-Id, value=GPE-111).
[2015-05-29 17:13:35,696][Test worker][DEBUG][TEPortServlet] Got request header(name=X-Trace-Message-Id, value=1432890815695).
[2015-05-29 17:13:35,696][Test worker][DEBUG][TEPortServlet] Got request header(name=X-Operator-Id, value=OPERATOR-111).
[2015-05-29 17:13:35,696][Test worker][DEBUG][TEPortServlet] Got request header(name=X-Terminal-Id, value=111).
[2015-05-29 17:13:35,696][Test worker][DEBUG][TEPortServlet] Got request header(name=X-MAC, value=ee542d13c9681415dfac9f933b1f4868).
[2015-05-29 17:13:35,697][Test worker][DEBUG][TEPortServlet] Got request header(name=X-Game-Type-Id, value=-1).
[2015-05-29 17:13:35,697][Test worker][DEBUG][TEPortServlet] Got request header(name=X-Trans-BatchNumber, value=20150529).
[2015-05-29 17:13:35,697][Test worker][DEBUG][TEPortServlet] Got request header(name=X-GPS-Location, value=40.714353,-74.005973).
[2015-05-29 17:13:35,698][Test worker][DEBUG][TEPortServlet] Got request from localhost, and the message body is:pq3FqO8HCcAnaobA+xpVnADmrnwj1vrK59BGhqvtskYFWTsa2cbe6sxc6kfl3ErwIEwEmV1nL+q15q/E1529K8280vas9sVTdw0t9l1QsC90KGkH2CuTGA==.
[2015-05-29 17:13:35,698][Test worker][DEBUG][ProtocolSerializer] Start to deserialize request context(Protocal-Version:1.5|GPE_Id:GPE-111|Terminal-Id:111|Operator-Id:OPERATOR-111|Trans-BatchNumber:20150529|TractMsg-Id:1432890815695|Timestamp:20150529171335|Transaction-Type:101|Transaction-Id:|Response-Code:|).
[2015-05-29 17:13:35,698][Test worker][DEBUG][ProtocolSerializer] Finish decrypting cipher into original xml:<?xml version="1.0" encoding="UTF-8"?>
<GameInstance gameId="LK-1" gameType="18"/>
[2015-05-29 17:13:35,699][Test worker][DEBUG][ProtocolSerializer] Start to do MAC(key=P2Bbo6+bSSR9O2Qc89f3b4oHTyE1V2gF) on (Protocal-Version:1.5|GPE_Id:GPE-111|Terminal-Id:111|Operator-Id:OPERATOR-111|Trans-BatchNumber:20150529|TractMsg-Id:1432890815695|Timestamp:20150529171335|Transaction-Type:101|Transaction-Id:|Response-Code:|<?xml version="1.0" encoding="UTF-8"?>
<GameInstance gameId="LK-1" gameType="18"/>,hash=-1574888374), get digest:ee542d13c9681415dfac9f933b1f4868
[2015-05-29 17:13:35,699][Test worker][DEBUG][MLotteryContext] find mapping file definition(xml-mapping/GameInstanceEnquiry_Req.xml) by key(transtype.101).
[2015-05-29 17:13:35,699][Test worker][DEBUG][ProtocolSerializer] Start to deserialize model: model=null,mappingFile=xml-mapping/GameInstanceEnquiry_Req.xml
[2015-05-29 17:13:35,699][Test worker][DEBUG][MLotteryContext] find mapping file definition(xml-mapping/GameInstanceEnquiry_Req.xml) by key(transtype.101).
[2015-05-29 17:13:35,711][Test worker][DEBUG][RoutineRegistry] Try to lookup handler by routine key(-1_101_1.5.0).
[2015-05-29 17:13:35,712][Test worker][DEBUG][RoutineRegistry] Try to lookup handler by routine key(-1_101_).
[2015-05-29 17:13:35,712][Test worker][DEBUG][RoutineRegistry] Lookup controller by key(-1_101_), found controller(com.mpos.lottery.te.gamespec.game.GameInstanceController@f15f1bb) and method(public void com.mpos.lottery.te.gamespec.game.GameInstanceController.enquiry(com.mpos.lottery.te.port.Context,com.mpos.lottery.te.port.Context) throws com.mpos.lottery.te.config.exception.ApplicationException).
[2015-05-29 17:13:35,714][Test worker][ERROR][TEPortServlet] NO any games of type(LUCKYNUMBER) have been allocated to merchant(id=111) yet
com.mpos.lottery.te.config.exception.ApplicationException: NO any games of type(LUCKYNUMBER) have been allocated to merchant(id=111) yet
	at com.mpos.lottery.te.gamespec.game.GameInstanceController.enquiry(GameInstanceController.java:38)
	at sun.reflect.NativeMethodAccessorImpl.invoke0(Native Method)
	at sun.reflect.NativeMethodAccessorImpl.invoke(NativeMethodAccessorImpl.java:57)
	at sun.reflect.DelegatingMethodAccessorImpl.invoke(DelegatingMethodAccessorImpl.java:43)
	at java.lang.reflect.Method.invoke(Method.java:606)
	at com.mpos.lottery.common.router.RoutineRegistry.route(RoutineRegistry.java:57)
	at com.mpos.lottery.te.port.service.CommonFacadeService.routeRequest(CommonFacadeService.java:237)
	at com.mpos.lottery.te.port.service.CommonFacadeService.facade(CommonFacadeService.java:96)
	at sun.reflect.GeneratedMethodAccessor83.invoke(Unknown Source)
	at sun.reflect.DelegatingMethodAccessorImpl.invoke(DelegatingMethodAccessorImpl.java:43)
	at java.lang.reflect.Method.invoke(Method.java:606)
	at org.springframework.aop.support.AopUtils.invokeJoinpointUsingReflection(AopUtils.java:317)
	at org.springframework.aop.framework.ReflectiveMethodInvocation.invokeJoinpoint(ReflectiveMethodInvocation.java:190)
	at org.springframework.aop.framework.ReflectiveMethodInvocation.proceed(ReflectiveMethodInvocation.java:157)
	at org.springframework.transaction.interceptor.TransactionInterceptor$1.proceedWithInvocation(TransactionInterceptor.java:98)
	at org.springframework.transaction.interceptor.TransactionAspectSupport.invokeWithinTransaction(TransactionAspectSupport.java:262)
	at org.springframework.transaction.interceptor.TransactionInterceptor.invoke(TransactionInterceptor.java:95)
	at org.springframework.aop.framework.ReflectiveMethodInvocation.proceed(ReflectiveMethodInvocation.java:179)
	at org.springframework.aop.interceptor.ExposeInvocationInterceptor.invoke(ExposeInvocationInterceptor.java:92)
	at org.springframework.aop.framework.ReflectiveMethodInvocation.proceed(ReflectiveMethodInvocation.java:179)
	at org.springframework.aop.framework.JdkDynamicAopProxy.invoke(JdkDynamicAopProxy.java:207)
	at com.sun.proxy.$Proxy85.facade(Unknown Source)
	at com.mpos.lottery.te.port.TEPortServlet.doPost(TEPortServlet.java:121)
	at com.mpos.lottery.te.test.integration.BaseServletIntegrationTest.doPost(BaseServletIntegrationTest.java:80)
	at com.mpos.lottery.te.gameimpl.magic100.game.Magic100GameInstanceIntegrationTest.testEnquiryByGame_NoMerchantSupport(Magic100GameInstanceIntegrationTest.java:82)
	at sun.reflect.NativeMethodAccessorImpl.invoke0(Native Method)
	at sun.reflect.NativeMethodAccessorImpl.invoke(NativeMethodAccessorImpl.java:57)
	at sun.reflect.DelegatingMethodAccessorImpl.invoke(DelegatingMethodAccessorImpl.java:43)
	at java.lang.reflect.Method.invoke(Method.java:606)
	at org.junit.runners.model.FrameworkMethod$1.runReflectiveCall(FrameworkMethod.java:47)
	at org.junit.internal.runners.model.ReflectiveCallable.run(ReflectiveCallable.java:12)
	at org.junit.runners.model.FrameworkMethod.invokeExplosively(FrameworkMethod.java:44)
	at org.junit.internal.runners.statements.InvokeMethod.evaluate(InvokeMethod.java:17)
	at org.junit.internal.runners.statements.RunBefores.evaluate(RunBefores.java:26)
	at org.springframework.test.context.junit4.statements.RunBeforeTestMethodCallbacks.evaluate(RunBeforeTestMethodCallbacks.java:74)
	at org.junit.internal.runners.statements.RunAfters.evaluate(RunAfters.java:27)
	at org.springframework.test.context.junit4.statements.RunAfterTestMethodCallbacks.evaluate(RunAfterTestMethodCallbacks.java:83)
	at org.springframework.test.context.junit4.statements.SpringRepeat.evaluate(SpringRepeat.java:72)
	at org.springframework.test.context.junit4.SpringJUnit4ClassRunner.runChild(SpringJUnit4ClassRunner.java:233)
	at org.springframework.test.context.junit4.SpringJUnit4ClassRunner.runChild(SpringJUnit4ClassRunner.java:87)
	at org.junit.runners.ParentRunner$3.run(ParentRunner.java:238)
	at org.junit.runners.ParentRunner$1.schedule(ParentRunner.java:63)
	at org.junit.runners.ParentRunner.runChildren(ParentRunner.java:236)
	at org.junit.runners.ParentRunner.access$000(ParentRunner.java:53)
	at org.junit.runners.ParentRunner$2.evaluate(ParentRunner.java:229)
	at org.junit.internal.runners.statements.RunBefores.evaluate(RunBefores.java:26)
	at org.springframework.test.context.junit4.statements.RunBeforeTestClassCallbacks.evaluate(RunBeforeTestClassCallbacks.java:61)
	at org.junit.internal.runners.statements.RunAfters.evaluate(RunAfters.java:27)
	at org.springframework.test.context.junit4.statements.RunAfterTestClassCallbacks.evaluate(RunAfterTestClassCallbacks.java:71)
	at org.junit.runners.ParentRunner.run(ParentRunner.java:309)
	at org.springframework.test.context.junit4.SpringJUnit4ClassRunner.run(SpringJUnit4ClassRunner.java:176)
	at org.junit.runners.Suite.runChild(Suite.java:127)
	at org.junit.runners.Suite.runChild(Suite.java:26)
	at org.junit.runners.ParentRunner$3.run(ParentRunner.java:238)
	at org.junit.runners.ParentRunner$1.schedule(ParentRunner.java:63)
	at org.junit.runners.ParentRunner.runChildren(ParentRunner.java:236)
	at org.junit.runners.ParentRunner.access$000(ParentRunner.java:53)
	at org.junit.runners.ParentRunner$2.evaluate(ParentRunner.java:229)
	at org.junit.runners.ParentRunner.run(ParentRunner.java:309)
	at org.gradle.api.internal.tasks.testing.junit.JUnitTestClassExecuter.runTestClass(JUnitTestClassExecuter.java:86)
	at org.gradle.api.internal.tasks.testing.junit.JUnitTestClassExecuter.execute(JUnitTestClassExecuter.java:49)
	at org.gradle.api.internal.tasks.testing.junit.JUnitTestClassProcessor.processTestClass(JUnitTestClassProcessor.java:69)
	at org.gradle.api.internal.tasks.testing.SuiteTestClassProcessor.processTestClass(SuiteTestClassProcessor.java:48)
	at sun.reflect.GeneratedMethodAccessor8.invoke(Unknown Source)
	at sun.reflect.DelegatingMethodAccessorImpl.invoke(DelegatingMethodAccessorImpl.java:43)
	at java.lang.reflect.Method.invoke(Method.java:606)
	at org.gradle.messaging.dispatch.ReflectionDispatch.dispatch(ReflectionDispatch.java:35)
	at org.gradle.messaging.dispatch.ReflectionDispatch.dispatch(ReflectionDispatch.java:24)
	at org.gradle.messaging.dispatch.ContextClassLoaderDispatch.dispatch(ContextClassLoaderDispatch.java:32)
	at org.gradle.messaging.dispatch.ProxyDispatchAdapter$DispatchingInvocationHandler.invoke(ProxyDispatchAdapter.java:93)
	at com.sun.proxy.$Proxy2.processTestClass(Unknown Source)
	at org.gradle.api.internal.tasks.testing.worker.TestWorker.processTestClass(TestWorker.java:105)
	at sun.reflect.GeneratedMethodAccessor7.invoke(Unknown Source)
	at sun.reflect.DelegatingMethodAccessorImpl.invoke(DelegatingMethodAccessorImpl.java:43)
	at java.lang.reflect.Method.invoke(Method.java:606)
	at org.gradle.messaging.dispatch.ReflectionDispatch.dispatch(ReflectionDispatch.java:35)
	at org.gradle.messaging.dispatch.ReflectionDispatch.dispatch(ReflectionDispatch.java:24)
	at org.gradle.messaging.remote.internal.hub.MessageHub$Handler.run(MessageHub.java:360)
	at org.gradle.internal.concurrent.DefaultExecutorFactory$StoppableExecutorImpl$1.run(DefaultExecutorFactory.java:64)
	at java.util.concurrent.ThreadPoolExecutor.runWorker(ThreadPoolExecutor.java:1145)
	at java.util.concurrent.ThreadPoolExecutor$Worker.run(ThreadPoolExecutor.java:615)
	at java.lang.Thread.run(Thread.java:745)
[2015-05-29 17:13:35,715][Test worker][DEBUG][ProtocolSerializer] Finish mac(macKey=P2Bbo6+bSSR9O2Qc89f3b4oHTyE1V2gF,macString=Protocal-Version:1.5|GPE_Id:GPE-111|Terminal-Id:111|Operator-Id:OPERATOR-111|Trans-BatchNumber:20150529|TractMsg-Id:1432890815695|Timestamp:20150529171335|Transaction-Type:4101|Transaction-Id:0115052900000000001817|Response-Code:303|):7a5bf5da0680727d0e4b0a64f281de31
[2015-05-29 17:13:35,715][Test worker][DEBUG][BaseServletIntegrationTest] Got response(code=303,length=0): 
[2015-05-29 17:13:35,722][Test worker][DEBUG][TEPortServlet] Startup job scheduer(org.quartz.impl.StdScheduler@4d1e5820) successfully.
[2015-05-29 17:13:35,722][Test worker][WARN ][TEPortServlet] can NOT find META file:F:\project\M.Lottery\TE\TRUNK_TE\sourcecode\build\classes\main\META-INF\MANIFEST.MF
[2015-05-29 17:13:35,722][Test worker][DEBUG][TEPortServlet] Register MBean(com.mpos.lottery.te.common.jmx.TransactionTimeout@29e7803e) with name(com.mpos.lottery.te:type=TransactionTimeoutMBean) successfully.
[2015-05-29 17:13:35,723][Test worker][DEBUG][BaseTransactionalIntegrationTest] Retrieve a ApplicationContext(org.springframework.web.context.support.GenericWebApplicationContext@34f645a8: startup date [Fri May 29 17:12:38 CST 2015]; root of context hierarchy).
[2015-05-29 17:13:35,723][Test worker][INFO ][BaseTransactionalIntegrationTest] +------------------------------------------------------------------------------------------------------------------------+
[2015-05-29 17:13:35,723][Test worker][INFO ][BaseTransactionalIntegrationTest] | Magic100GameInstanceIntegrationTest.testEnquiryByGameTpye                                                              |
[2015-05-29 17:13:35,723][Test worker][INFO ][BaseTransactionalIntegrationTest] +------------------------------------------------------------------------------------------------------------------------+
[2015-05-29 17:13:35,724][Test worker][DEBUG][MLotteryContext] find mapping file definition(xml-mapping/GameInstanceEnquiry_Req.xml) by key(transtype.101).
[2015-05-29 17:13:35,725][Test worker][DEBUG][CastorHelper] Finish marshaling input(typeclass com.mpos.lottery.te.gamespec.game.web.GameInstanceDto, mappingFile=xml-mapping/GameInstanceEnquiry_Req.xml).
[2015-05-29 17:13:35,725][Test worker][DEBUG][BaseServletIntegrationTest] Do MAC(key=P2Bbo6+bSSR9O2Qc89f3b4oHTyE1V2gF) on (Protocal-Version:1.5|GPE_Id:GPE-111|Terminal-Id:111|Operator-Id:OPERATOR-111|Trans-BatchNumber:20150529|TractMsg-Id:1432890815724|Timestamp:20150529171335|Transaction-Type:101|Transaction-Id:|Response-Code:|<?xml version="1.0" encoding="UTF-8"?>
<GameInstance gameType="18"/>,hash=1678137636), get digest:502bd75e8968f7e6365c32c6bcb97c27
[2015-05-29 17:13:35,725][Test worker][DEBUG][TEPortServlet] Got request header(name=X-Transaction-Type, value=101).
[2015-05-29 17:13:35,725][Test worker][DEBUG][TEPortServlet] Got request header(name=X-Protocal-Version, value=1.5).
[2015-05-29 17:13:35,725][Test worker][DEBUG][TEPortServlet] Got request header(name=X-Timestamp, value=20150529171335).
[2015-05-29 17:13:35,725][Test worker][DEBUG][TEPortServlet] Got request header(name=X-GPE-Id, value=GPE-111).
[2015-05-29 17:13:35,725][Test worker][DEBUG][TEPortServlet] Got request header(name=X-Trace-Message-Id, value=1432890815724).
[2015-05-29 17:13:35,725][Test worker][DEBUG][TEPortServlet] Got request header(name=X-Operator-Id, value=OPERATOR-111).
[2015-05-29 17:13:35,725][Test worker][DEBUG][TEPortServlet] Got request header(name=X-Terminal-Id, value=111).
[2015-05-29 17:13:35,725][Test worker][DEBUG][TEPortServlet] Got request header(name=X-MAC, value=502bd75e8968f7e6365c32c6bcb97c27).
[2015-05-29 17:13:35,725][Test worker][DEBUG][TEPortServlet] Got request header(name=X-Game-Type-Id, value=-1).
[2015-05-29 17:13:35,725][Test worker][DEBUG][TEPortServlet] Got request header(name=X-Trans-BatchNumber, value=20150529).
[2015-05-29 17:13:35,725][Test worker][DEBUG][TEPortServlet] Got request header(name=X-GPS-Location, value=40.714353,-74.005973).
[2015-05-29 17:13:35,727][Test worker][DEBUG][TEPortServlet] Got request from localhost, and the message body is:pq3FqO8HCcAnaobA+xpVnADmrnwj1vrK59BGhqvtskYFWTsa2cbe6sxc6kfl3ErwIEwEmV1nL+rhvfTrys5tCx95B1wOHSYM.
[2015-05-29 17:13:35,727][Test worker][DEBUG][ProtocolSerializer] Start to deserialize request context(Protocal-Version:1.5|GPE_Id:GPE-111|Terminal-Id:111|Operator-Id:OPERATOR-111|Trans-BatchNumber:20150529|TractMsg-Id:1432890815724|Timestamp:20150529171335|Transaction-Type:101|Transaction-Id:|Response-Code:|).
[2015-05-29 17:13:35,727][Test worker][DEBUG][ProtocolSerializer] Finish decrypting cipher into original xml:<?xml version="1.0" encoding="UTF-8"?>
<GameInstance gameType="18"/>
[2015-05-29 17:13:35,727][Test worker][DEBUG][ProtocolSerializer] Start to do MAC(key=P2Bbo6+bSSR9O2Qc89f3b4oHTyE1V2gF) on (Protocal-Version:1.5|GPE_Id:GPE-111|Terminal-Id:111|Operator-Id:OPERATOR-111|Trans-BatchNumber:20150529|TractMsg-Id:1432890815724|Timestamp:20150529171335|Transaction-Type:101|Transaction-Id:|Response-Code:|<?xml version="1.0" encoding="UTF-8"?>
<GameInstance gameType="18"/>,hash=1678137636), get digest:502bd75e8968f7e6365c32c6bcb97c27
[2015-05-29 17:13:35,727][Test worker][DEBUG][MLotteryContext] find mapping file definition(xml-mapping/GameInstanceEnquiry_Req.xml) by key(transtype.101).
[2015-05-29 17:13:35,727][Test worker][DEBUG][ProtocolSerializer] Start to deserialize model: model=null,mappingFile=xml-mapping/GameInstanceEnquiry_Req.xml
[2015-05-29 17:13:35,727][Test worker][DEBUG][MLotteryContext] find mapping file definition(xml-mapping/GameInstanceEnquiry_Req.xml) by key(transtype.101).
[2015-05-29 17:13:35,739][Test worker][DEBUG][RoutineRegistry] Try to lookup handler by routine key(-1_101_1.5.0).
[2015-05-29 17:13:35,739][Test worker][DEBUG][RoutineRegistry] Try to lookup handler by routine key(-1_101_).
[2015-05-29 17:13:35,739][Test worker][DEBUG][RoutineRegistry] Lookup controller by key(-1_101_), found controller(com.mpos.lottery.te.gamespec.game.GameInstanceController@f15f1bb) and method(public void com.mpos.lottery.te.gamespec.game.GameInstanceController.enquiry(com.mpos.lottery.te.port.Context,com.mpos.lottery.te.port.Context) throws com.mpos.lottery.te.config.exception.ApplicationException).
[2015-05-29 17:13:35,770][Test worker][DEBUG][GameInstanceServiceFactory] Found GameInstanceService(com.mpos.lottery.te.gameimpl.magic100.game.service.Magic100GameInstanceService@4c251981) for game type:LUCKYNUMBER
[2015-05-29 17:13:35,770][Test worker][DEBUG][GameInstanceController] Query all sale-ready game isntances of game type:18
[2015-05-29 17:13:35,776][Test worker][INFO ][AbstractGameInstanceService] No channel game instance time definiton found, ignore it.
[2015-05-29 17:13:35,780][Test worker][DEBUG][CommonFacadeService] No need to publish AMQP message of transaction(GAME_DRAW_ENQUIRY)
[2015-05-29 17:13:35,780][Test worker][DEBUG][MLotteryContext] find mapping file definition(xml-mapping/GameInstanceEnquiry_Res.xml) by key(transtype.4101).
[2015-05-29 17:13:35,780][Test worker][DEBUG][ProtocolSerializer] Start to serialize model(class com.mpos.lottery.te.gamespec.game.web.GameInstanceDtos),mappingFile=xml-mapping/GameInstanceEnquiry_Res.xml
[2015-05-29 17:13:35,780][Test worker][DEBUG][MLotteryContext] find mapping file definition(xml-mapping/GameInstanceEnquiry_Res.xml) by key(transtype.4101).
[2015-05-29 17:13:35,781][Test worker][DEBUG][CastorHelper] Finish marshaling input(typeclass com.mpos.lottery.te.gamespec.game.web.GameInstanceDtos, mappingFile=xml-mapping/GameInstanceEnquiry_Res.xml).
[2015-05-29 17:13:35,781][Test worker][DEBUG][ProtocolSerializer] Finish mac(macKey=P2Bbo6+bSSR9O2Qc89f3b4oHTyE1V2gF,macString=Protocal-Version:1.5|GPE_Id:GPE-111|Terminal-Id:111|Operator-Id:OPERATOR-111|Trans-BatchNumber:20150529|TractMsg-Id:1432890815724|Timestamp:20150529171335|Transaction-Type:4101|Transaction-Id:0115052900000000001818|Response-Code:200|<?xml version="1.0" encoding="UTF-8"?>
<GameInstances><Game id="LK-1" type="18" baseAmount="100"><GameInstance number="001" beginTime="20150528171215" endTime="20150906171215" state="2"/></Game></GameInstances>):662346b1f6692f8d394c961246a16198
[2015-05-29 17:13:35,781][Test worker][DEBUG][TEPortServlet] Write response to client(host1=localhost,sizeOfPack=288) succesfully.
[2015-05-29 17:13:35,781][Test worker][DEBUG][BaseServletIntegrationTest] Got response(code=200,length=288): <?xml version="1.0" encoding="UTF-8"?>
<GameInstances><Game id="LK-1" type="18" baseAmount="100"><GameInstance number="001" beginTime="20150528171215" endTime="20150906171215" state="2"/></Game></GameInstances>
[2015-05-29 17:13:35,781][Test worker][DEBUG][MLotteryContext] find mapping file definition(xml-mapping/GameInstanceEnquiry_Res.xml) by key(transtype.4101).
]]></system-out>
  <system-err><![CDATA[]]></system-err>
</testsuite>
