<?xml version="1.0" encoding="UTF-8"?>
<testsuite name="com.mpos.lottery.te.thirdpartyservice.playeraccount.CashoutControllerIntegrationTest" tests="1" skipped="0" failures="0" errors="0" timestamp="2015-05-29T09:13:54" hostname="Ramon-PC" time="11.015">
  <properties/>
  <testcase name="testCashout_ByAmount_OK" classname="com.mpos.lottery.te.thirdpartyservice.playeraccount.CashoutControllerIntegrationTest" time="11.015"/>
  <system-out><![CDATA[[2015-05-29 17:13:54,645][Test worker][DEBUG][TEPortServlet] Startup job scheduer(org.quartz.impl.StdScheduler@4d1e5820) successfully.
[2015-05-29 17:13:54,645][Test worker][WARN ][TEPortServlet] can NOT find META file:F:\project\M.Lottery\TE\TRUNK_TE\sourcecode\build\classes\main\META-INF\MANIFEST.MF
[2015-05-29 17:13:54,645][Test worker][DEBUG][TEPortServlet] Register MBean(com.mpos.lottery.te.common.jmx.TransactionTimeout@598692ad) with name(com.mpos.lottery.te:type=TransactionTimeoutMBean) successfully.
[2015-05-29 17:13:54,646][Test worker][DEBUG][BaseTransactionalIntegrationTest] Retrieve a ApplicationContext(org.springframework.web.context.support.GenericWebApplicationContext@34f645a8: startup date [Fri May 29 17:12:38 CST 2015]; root of context hierarchy).
[2015-05-29 17:13:54,646][Test worker][INFO ][BaseTransactionalIntegrationTest] +------------------------------------------------------------------------------------------------------------------------+
[2015-05-29 17:13:54,646][Test worker][INFO ][BaseTransactionalIntegrationTest] | CashoutControllerIntegrationTest.testCashout_ByAmount_OK                                                               |
[2015-05-29 17:13:54,646][Test worker][INFO ][BaseTransactionalIntegrationTest] +------------------------------------------------------------------------------------------------------------------------+
[2015-05-29 17:13:54,652][Test worker][DEBUG][MLotteryContext] find mapping file definition(xml-mapping/payment/Cashout_Req.xml) by key(transtype.445).
[2015-05-29 17:13:54,663][Test worker][DEBUG][CastorHelper] Finish marshaling input(typeclass com.mpos.lottery.te.thirdpartyservice.playeraccount.web.CashoutRequest, mappingFile=xml-mapping/payment/Cashout_Req.xml).
[2015-05-29 17:13:54,663][Test worker][DEBUG][BaseServletIntegrationTest] Do MAC(key=P2Bbo6+bSSR9O2Qc89f3b4oHTyE1V2gF) on (Protocal-Version:1.5|GPE_Id:GPE-111|Terminal-Id:111|Operator-Id:OPERATOR-111|Trans-BatchNumber:20150529|TractMsg-Id:1432890834647|Timestamp:20150529171354|Transaction-Type:445|Transaction-Id:|Response-Code:|<?xml version="1.0" encoding="UTF-8"?>
<CashOut accountId="13800138001" accountPIN="!!!" amount="300.0"/>,hash=-1121415113), get digest:1563f75bb072fe9584d2164eff66b9de
[2015-05-29 17:13:54,663][Test worker][DEBUG][TEPortServlet] Got request header(name=X-Transaction-Type, value=445).
[2015-05-29 17:13:54,663][Test worker][DEBUG][TEPortServlet] Got request header(name=X-Protocal-Version, value=1.5).
[2015-05-29 17:13:54,663][Test worker][DEBUG][TEPortServlet] Got request header(name=X-Timestamp, value=20150529171354).
[2015-05-29 17:13:54,663][Test worker][DEBUG][TEPortServlet] Got request header(name=X-GPE-Id, value=GPE-111).
[2015-05-29 17:13:54,663][Test worker][DEBUG][TEPortServlet] Got request header(name=X-Trace-Message-Id, value=1432890834647).
[2015-05-29 17:13:54,663][Test worker][DEBUG][TEPortServlet] Got request header(name=X-Operator-Id, value=OPERATOR-111).
[2015-05-29 17:13:54,663][Test worker][DEBUG][TEPortServlet] Got request header(name=X-Terminal-Id, value=111).
[2015-05-29 17:13:54,663][Test worker][DEBUG][TEPortServlet] Got request header(name=X-MAC, value=1563f75bb072fe9584d2164eff66b9de).
[2015-05-29 17:13:54,663][Test worker][DEBUG][TEPortServlet] Got request header(name=X-Game-Type-Id, value=-1).
[2015-05-29 17:13:54,663][Test worker][DEBUG][TEPortServlet] Got request header(name=X-Trans-BatchNumber, value=20150529).
[2015-05-29 17:13:54,663][Test worker][DEBUG][TEPortServlet] Got request header(name=X-GPS-Location, value=40.714353,-74.005973).
[2015-05-29 17:13:54,666][Test worker][DEBUG][TEPortServlet] Got request from localhost, and the message body is:pq3FqO8HCcAnaobA+xpVnADmrnwj1vrK59BGhqvtskYFWTsa2cbe6g7PeJXFoZku4+OzWc+yD6xh3/wYcj6X2Yl8q/wGhkB+HPU3zMA53nC2VFCBtlx1g7zihzGyzlYGupuYrDKItAGmIblfA5zoNQ==.
[2015-05-29 17:13:54,666][Test worker][DEBUG][ProtocolSerializer] Start to deserialize request context(Protocal-Version:1.5|GPE_Id:GPE-111|Terminal-Id:111|Operator-Id:OPERATOR-111|Trans-BatchNumber:20150529|TractMsg-Id:1432890834647|Timestamp:20150529171354|Transaction-Type:445|Transaction-Id:|Response-Code:|).
[2015-05-29 17:13:54,667][Test worker][DEBUG][ProtocolSerializer] Finish decrypting cipher into original xml:<?xml version="1.0" encoding="UTF-8"?>
<CashOut accountId="13800138001" accountPIN="!!!" amount="300.0"/>
[2015-05-29 17:13:54,667][Test worker][DEBUG][ProtocolSerializer] Start to do MAC(key=P2Bbo6+bSSR9O2Qc89f3b4oHTyE1V2gF) on (Protocal-Version:1.5|GPE_Id:GPE-111|Terminal-Id:111|Operator-Id:OPERATOR-111|Trans-BatchNumber:20150529|TractMsg-Id:1432890834647|Timestamp:20150529171354|Transaction-Type:445|Transaction-Id:|Response-Code:|<?xml version="1.0" encoding="UTF-8"?>
<CashOut accountId="13800138001" accountPIN="!!!" amount="300.0"/>,hash=-1121415113), get digest:1563f75bb072fe9584d2164eff66b9de
[2015-05-29 17:13:54,667][Test worker][DEBUG][MLotteryContext] find mapping file definition(xml-mapping/payment/Cashout_Req.xml) by key(transtype.445).
[2015-05-29 17:13:54,667][Test worker][DEBUG][ProtocolSerializer] Start to deserialize model: model=null,mappingFile=xml-mapping/payment/Cashout_Req.xml
[2015-05-29 17:13:54,667][Test worker][DEBUG][MLotteryContext] find mapping file definition(xml-mapping/payment/Cashout_Req.xml) by key(transtype.445).
[2015-05-29 17:13:54,691][Test worker][DEBUG][RoutineRegistry] Try to lookup handler by routine key(-1_445_1.5.0).
[2015-05-29 17:13:54,691][Test worker][DEBUG][RoutineRegistry] Try to lookup handler by routine key(-1_445_).
[2015-05-29 17:13:54,691][Test worker][DEBUG][RoutineRegistry] Lookup controller by key(-1_445_), found controller(com.mpos.lottery.te.thirdpartyservice.playeraccount.PlayerController@e86c122) and method(public void com.mpos.lottery.te.thirdpartyservice.playeraccount.PlayerController.cashout(com.mpos.lottery.te.port.Context,com.mpos.lottery.te.port.Context) throws com.mpos.lottery.te.config.exception.ApplicationException).
[2015-05-29 17:13:54,694][Test worker][DEBUG][MerchantServiceImpl] Before cash out[dailyCashoutLevel: 0, dailyCashoutLimit: 500000, cashoutAmount: 300.0] of Operator( Operator [id=OPERATOR-111, loginName=OPERATOR-LOGIN, creditType=1, saleCreditLevel=200000000, payoutCreditLevel=1000, cashoutBalance=0, commisionBalance=0]).
dateValue=1143289083470589817550
[2015-05-29 17:13:54,724][Test worker][DEBUG][HttpClientProtoBuffChannel] [Prepare Http request Headers]:
[2015-05-29 17:13:54,724][Test worker][DEBUG][HttpClientProtoBuffChannel] PlayerAccountHttpHeader [systemId=2, transType=200, requestMsgId=1143289083470589817550, protocolVersion=1.0, userId=null, responseCode=0, timestamp=20150529171354]
[2015-05-29 17:13:54,725][Test worker][DEBUG][HttpClientProtoBuffChannel] PROTOCAL_VERSION: R7qVEPD19k8=
[2015-05-29 17:13:54,725][Test worker][DEBUG][HttpClientProtoBuffChannel] REQ_MSG_ID: rargAeCwoijvcwflAPc0yONi4s9aq+j/
[2015-05-29 17:13:54,725][Test worker][DEBUG][HttpClientProtoBuffChannel] SYSTEM_ID: aFkbiRyrDao=
[2015-05-29 17:13:54,725][Test worker][DEBUG][HttpClientProtoBuffChannel] TIMESTAMP: jIUE8jpxR85EUstubu4y6g==
[2015-05-29 17:13:54,725][Test worker][DEBUG][HttpClientProtoBuffChannel] TRANS_TYPE: ighJvPzdw8g=
[2015-05-29 17:13:54,732][Test worker][DEBUG][HttpClientProtoBuffChannel] Assemble entity for transaction(ENQUIRY_ACCOUNT):mobile_no: "13800138001",free_request: 0,
[2015-05-29 17:13:54,732][Test worker][DEBUG][HttpClientProtoBuffChannel] CoreConnectionPNames.SO_TIMEOUT:30000
[2015-05-29 17:13:54,732][Test worker][DEBUG][HttpClientProtoBuffChannel] CoreConnectionPNames.CONNECTION_TIMEOUT:30000
[2015-05-29 17:13:54,732][Test worker][DEBUG][HttpClientProtoBuffChannel] Request URL:http://localhost:9090/3rdparty/pa/
[2015-05-29 17:13:55,521][Test worker][DEBUG][HttpClientProtoBuffChannel] [The HTTP headers of response]:
[2015-05-29 17:13:55,521][Test worker][DEBUG][HttpClientProtoBuffChannel] RESPONSE_CODE: 200
[2015-05-29 17:13:55,521][Test worker][DEBUG][HttpClientProtoBuffChannel] Content-Length: 72
[2015-05-29 17:13:55,521][Test worker][DEBUG][HttpClientProtoBuffChannel] Server: Jetty(6.1.25)
[2015-05-29 17:13:55,531][Test worker][DEBUG][HttpClientProtoBuffChannel] Reponsed message body: mobile_no: "13800138001"
user_id: "13800138001"
cashout_password: "111"
sell_pin: "111"
status: 1
topup_amount: "1000"
prize_amount: "2000"
valid_period_time: "10"
transaction_pwd_valid: 10
last_login_time: "20120227"
free_sms_count: 0

[2015-05-29 17:13:55,531][Test worker][DEBUG][HttpClientProtoBuffChannel] Finish sending request to http://localhost:9090/3rdparty/pa/.
dateValue=1143289083554073537535
dateValue=1143289083554376423595
[2015-05-29 17:13:55,546][Test worker][DEBUG][HttpClientProtoBuffChannel] [Prepare Http request Headers]:
[2015-05-29 17:13:55,546][Test worker][DEBUG][HttpClientProtoBuffChannel] PlayerAccountHttpHeader [systemId=2, transType=240, requestMsgId=1143289083554073537535, protocolVersion=1.0, userId=13800138001, responseCode=0, timestamp=20150529171354]
[2015-05-29 17:13:55,546][Test worker][DEBUG][HttpClientProtoBuffChannel] PROTOCAL_VERSION: R7qVEPD19k8=
[2015-05-29 17:13:55,546][Test worker][DEBUG][HttpClientProtoBuffChannel] REQ_MSG_ID: rargAeCwoijgdmtGnA9Pqjt+kFh5V0x2
[2015-05-29 17:13:55,546][Test worker][DEBUG][HttpClientProtoBuffChannel] SYSTEM_ID: aFkbiRyrDao=
[2015-05-29 17:13:55,546][Test worker][DEBUG][HttpClientProtoBuffChannel] TIMESTAMP: jIUE8jpxR85EUstubu4y6g==
[2015-05-29 17:13:55,546][Test worker][DEBUG][HttpClientProtoBuffChannel] USER_ID: CyA+9em/IDbIfouBAepIHw==
[2015-05-29 17:13:55,546][Test worker][DEBUG][HttpClientProtoBuffChannel] TRANS_TYPE: D+visSyp+iQ=
[2015-05-29 17:13:55,550][Test worker][DEBUG][HttpClientProtoBuffChannel] Assemble entity for transaction(CASHOUT):pin: "!!!",cashout_type: 0,cashout_amount: "300.0",merchant_id: "111",merchant_code: "M-1",merchant_name: "M-111",transaction_id: "0115052900000000002354",free_request: 0,
[2015-05-29 17:13:55,550][Test worker][DEBUG][HttpClientProtoBuffChannel] CoreConnectionPNames.SO_TIMEOUT:30000
[2015-05-29 17:13:55,550][Test worker][DEBUG][HttpClientProtoBuffChannel] CoreConnectionPNames.CONNECTION_TIMEOUT:30000
[2015-05-29 17:13:55,550][Test worker][DEBUG][HttpClientProtoBuffChannel] Request URL:http://localhost:9090/3rdparty/pa/
[2015-05-29 17:14:04,105][pool-4-thread-1][WARN ][ZabbixSender] [Zabbix-192.168.2.159:10051]Connection timed out: connect
[2015-05-29 17:14:05,581][Test worker][DEBUG][HttpClientProtoBuffChannel] [The HTTP headers of response]:
[2015-05-29 17:14:05,582][Test worker][DEBUG][HttpClientProtoBuffChannel] RESPONSE_CODE: 200
[2015-05-29 17:14:05,582][Test worker][DEBUG][HttpClientProtoBuffChannel] Content-Length: 32
[2015-05-29 17:14:05,583][Test worker][DEBUG][HttpClientProtoBuffChannel] Server: Jetty(6.1.25)
[2015-05-29 17:14:05,593][Test worker][DEBUG][HttpClientProtoBuffChannel] Reponsed message body: mobile_no: "13800138001"
cashout_amount: "11000.0"
prize_amount: "12000.0"

[2015-05-29 17:14:05,593][Test worker][DEBUG][HttpClientProtoBuffChannel] Finish sending request to http://localhost:9090/3rdparty/pa/.
[2015-05-29 17:14:05,594][Test worker][DEBUG][DefaultCashoutService] After cash out[dailyCashoutLevel: 11000.0].
[2015-05-29 17:14:05,610][Test worker][DEBUG][DefaultBalanceService] Operator before transaction -  Operator [id=OPERATOR-111, loginName=OPERATOR-LOGIN, creditType=1, saleCreditLevel=200000000, payoutCreditLevel=1000, cashoutBalance=0, commisionBalance=0]
[2015-05-29 17:14:05,611][Test worker][DEBUG][DefaultBalanceService] Found balance strategy:com.mpos.lottery.te.merchant.service.balance.CashoutBalanceStrategy@2000a103
[2015-05-29 17:14:05,611][Test worker][DEBUG][DefaultBalanceService] Operator after transaction -  Operator [id=OPERATOR-111, loginName=OPERATOR-LOGIN, creditType=1, saleCreditLevel=200000000, payoutCreditLevel=1000, cashoutBalance=11000.0, commisionBalance=0]
[2015-05-29 17:14:05,622][Test worker][DEBUG][CommonFacadeService] Prepare to publish message to exchange[TE.445] with routing key[TE.445.-1]: id: "0115052900000000002354"
dev_id: "111"
operator_id: "OPERATOR-111"
merchant_id: "111"
create_time: 1432890834000
trans_type: 445
game_type: -1
total_amount: "11000.0"

[2015-05-29 17:14:05,622][Test worker][DEBUG][CommonFacadeService] Publish message successfully
[2015-05-29 17:14:05,622][Test worker][DEBUG][MLotteryContext] find mapping file definition(xml-mapping/payment/Cashout_Resp.xml) by key(transtype.4445).
[2015-05-29 17:14:05,622][Test worker][DEBUG][ProtocolSerializer] Start to serialize model(class com.mpos.lottery.te.thirdpartyservice.playeraccount.web.CashoutResponse),mappingFile=xml-mapping/payment/Cashout_Resp.xml
[2015-05-29 17:14:05,622][Test worker][DEBUG][MLotteryContext] find mapping file definition(xml-mapping/payment/Cashout_Resp.xml) by key(transtype.4445).
[2015-05-29 17:14:05,630][Test worker][DEBUG][CastorHelper] Finish marshaling input(typeclass com.mpos.lottery.te.thirdpartyservice.playeraccount.web.CashoutResponse, mappingFile=xml-mapping/payment/Cashout_Resp.xml).
[2015-05-29 17:14:05,630][Test worker][DEBUG][ProtocolSerializer] Finish mac(macKey=P2Bbo6+bSSR9O2Qc89f3b4oHTyE1V2gF,macString=Protocal-Version:1.5|GPE_Id:GPE-111|Terminal-Id:111|Operator-Id:OPERATOR-111|Trans-BatchNumber:20150529|TractMsg-Id:1432890834647|Timestamp:20150529171354|Transaction-Type:4445|Transaction-Id:0115052900000000002354|Response-Code:200|<?xml version="1.0" encoding="UTF-8"?>
<CashOut accountId="13800138001" balance="12000.0" amount="11000.0"/>):314c0a2ee1e981ae5db8ab14c08305cd
[2015-05-29 17:14:05,631][Test worker][DEBUG][TEPortServlet] Write response to client(host1=localhost,sizeOfPack=152) succesfully.
[2015-05-29 17:14:05,631][Test worker][DEBUG][BaseServletIntegrationTest] Got response(code=200,length=152): <?xml version="1.0" encoding="UTF-8"?>
<CashOut accountId="13800138001" balance="12000.0" amount="11000.0"/>
[2015-05-29 17:14:05,631][Test worker][DEBUG][MLotteryContext] find mapping file definition(xml-mapping/payment/Cashout_Resp.xml) by key(transtype.4445).
]]></system-out>
  <system-err><![CDATA[]]></system-err>
</testsuite>
