<?xml version="1.0" encoding="UTF-8"?>
<testsuite name="com.mpos.lottery.te.valueaddservice.vat.sale.VatB2CSaleIntegrationTest" tests="6" skipped="0" failures="0" errors="0" timestamp="2015-05-29T09:14:39" hostname="Ramon-PC" time="0.588">
  <properties/>
  <testcase name="testSaleMagic100_NoBet_RoundDown_OK" classname="com.mpos.lottery.te.valueaddservice.vat.sale.VatB2CSaleIntegrationTest" time="0.066"/>
  <testcase name="testSaleMagic100_NoBet_UnderMinThresholdAmount_OK" classname="com.mpos.lottery.te.valueaddservice.vat.sale.VatB2CSaleIntegrationTest" time="0.055"/>
  <testcase name="testSaleMagic100_MultiBets_RoundUp_OK" classname="com.mpos.lottery.te.valueaddservice.vat.sale.VatB2CSaleIntegrationTest" time="0.126"/>
  <testcase name="testSaleMagi100_SingleBet_RoundUp_OK" classname="com.mpos.lottery.te.valueaddservice.vat.sale.VatB2CSaleIntegrationTest" time="0.115"/>
  <testcase name="testSaleRaffle_SingleBet_RoundUp_OK" classname="com.mpos.lottery.te.valueaddservice.vat.sale.VatB2CSaleIntegrationTest" time="0.096"/>
  <testcase name="testSaleMagic100_MultiBets_RoundDown_OK" classname="com.mpos.lottery.te.valueaddservice.vat.sale.VatB2CSaleIntegrationTest" time="0.128"/>
  <system-out><![CDATA[[2015-05-29 17:14:39,719][Test worker][DEBUG][TEPortServlet] Startup job scheduer(org.quartz.impl.StdScheduler@4d1e5820) successfully.
[2015-05-29 17:14:39,719][Test worker][WARN ][TEPortServlet] can NOT find META file:F:\project\M.Lottery\TE\TRUNK_TE\sourcecode\build\classes\main\META-INF\MANIFEST.MF
[2015-05-29 17:14:39,720][Test worker][DEBUG][TEPortServlet] Register MBean(com.mpos.lottery.te.common.jmx.TransactionTimeout@49e4cc44) with name(com.mpos.lottery.te:type=TransactionTimeoutMBean) successfully.
[2015-05-29 17:14:39,720][Test worker][DEBUG][BaseTransactionalIntegrationTest] Retrieve a ApplicationContext(org.springframework.web.context.support.GenericWebApplicationContext@34f645a8: startup date [Fri May 29 17:12:38 CST 2015]; root of context hierarchy).
[2015-05-29 17:14:39,720][Test worker][INFO ][BaseTransactionalIntegrationTest] +------------------------------------------------------------------------------------------------------------------------+
[2015-05-29 17:14:39,720][Test worker][INFO ][BaseTransactionalIntegrationTest] | VatB2CSaleIntegrationTest.testSaleMagic100_NoBet_RoundDown_OK                                                          |
[2015-05-29 17:14:39,720][Test worker][INFO ][BaseTransactionalIntegrationTest] +------------------------------------------------------------------------------------------------------------------------+
[2015-05-29 17:14:39,724][Test worker][DEBUG][MLotteryContext] find mapping file definition(xml-mapping/vat/SellTicket_Req.xml) by key(-2.transtype.200).
[2015-05-29 17:14:39,725][Test worker][DEBUG][CastorHelper] Finish marshaling input(typeclass com.mpos.lottery.te.valueaddservice.vat.VatSaleTransaction, mappingFile=xml-mapping/vat/SellTicket_Req.xml).
[2015-05-29 17:14:39,725][Test worker][DEBUG][BaseServletIntegrationTest] Do MAC(key=P2Bbo6+bSSR9O2Qc89f3b4oHTyE1V2gF) on (Protocal-Version:1.5|GPE_Id:GPE-111|Terminal-Id:111|Operator-Id:OPERATOR-111|Trans-BatchNumber:20150529|TractMsg-Id:1432890879724|Timestamp:20150529171439|Transaction-Type:200|Transaction-Id:|Response-Code:|<?xml version="1.0" encoding="UTF-8"?>
<VAT totalAmount="940" code="foodA" rate="0"/>,hash=-910307925), get digest:f58694d304020c910bcb21a4e4fdcb67
[2015-05-29 17:14:39,725][Test worker][DEBUG][TEPortServlet] Got request header(name=X-Transaction-Type, value=200).
[2015-05-29 17:14:39,725][Test worker][DEBUG][TEPortServlet] Got request header(name=X-Protocal-Version, value=1.5).
[2015-05-29 17:14:39,725][Test worker][DEBUG][TEPortServlet] Got request header(name=X-Timestamp, value=20150529171439).
[2015-05-29 17:14:39,725][Test worker][DEBUG][TEPortServlet] Got request header(name=X-GPE-Id, value=GPE-111).
[2015-05-29 17:14:39,725][Test worker][DEBUG][TEPortServlet] Got request header(name=X-Trace-Message-Id, value=1432890879724).
[2015-05-29 17:14:39,725][Test worker][DEBUG][TEPortServlet] Got request header(name=X-Operator-Id, value=OPERATOR-111).
[2015-05-29 17:14:39,725][Test worker][DEBUG][TEPortServlet] Got request header(name=X-Terminal-Id, value=111).
[2015-05-29 17:14:39,726][Test worker][DEBUG][TEPortServlet] Got request header(name=X-MAC, value=f58694d304020c910bcb21a4e4fdcb67).
[2015-05-29 17:14:39,726][Test worker][DEBUG][TEPortServlet] Got request header(name=X-Game-Type-Id, value=-2).
[2015-05-29 17:14:39,726][Test worker][DEBUG][TEPortServlet] Got request header(name=X-Trans-BatchNumber, value=20150529).
[2015-05-29 17:14:39,726][Test worker][DEBUG][TEPortServlet] Got request header(name=X-GPS-Location, value=40.714353,-74.005973).
[2015-05-29 17:14:39,727][Test worker][DEBUG][TEPortServlet] Got request from localhost, and the message body is:pq3FqO8HCcAnaobA+xpVnADmrnwj1vrK59BGhqvtskYFWTsa2cbe6m1r0kCL0Gd72PIRSa/j7rRTzPiVvg+pgDIcI6KSvtziv7gdRziqMQ/qHoSgf9HMxA==.
[2015-05-29 17:14:39,727][Test worker][DEBUG][ProtocolSerializer] Start to deserialize request context(Protocal-Version:1.5|GPE_Id:GPE-111|Terminal-Id:111|Operator-Id:OPERATOR-111|Trans-BatchNumber:20150529|TractMsg-Id:1432890879724|Timestamp:20150529171439|Transaction-Type:200|Transaction-Id:|Response-Code:|).
[2015-05-29 17:14:39,728][Test worker][DEBUG][ProtocolSerializer] Finish decrypting cipher into original xml:<?xml version="1.0" encoding="UTF-8"?>
<VAT totalAmount="940" code="foodA" rate="0"/>
[2015-05-29 17:14:39,728][Test worker][DEBUG][ProtocolSerializer] Start to do MAC(key=P2Bbo6+bSSR9O2Qc89f3b4oHTyE1V2gF) on (Protocal-Version:1.5|GPE_Id:GPE-111|Terminal-Id:111|Operator-Id:OPERATOR-111|Trans-BatchNumber:20150529|TractMsg-Id:1432890879724|Timestamp:20150529171439|Transaction-Type:200|Transaction-Id:|Response-Code:|<?xml version="1.0" encoding="UTF-8"?>
<VAT totalAmount="940" code="foodA" rate="0"/>,hash=-910307925), get digest:f58694d304020c910bcb21a4e4fdcb67
[2015-05-29 17:14:39,728][Test worker][DEBUG][MLotteryContext] find mapping file definition(xml-mapping/vat/SellTicket_Req.xml) by key(-2.transtype.200).
[2015-05-29 17:14:39,728][Test worker][DEBUG][ProtocolSerializer] Start to deserialize model: model=null,mappingFile=xml-mapping/vat/SellTicket_Req.xml
[2015-05-29 17:14:39,728][Test worker][DEBUG][MLotteryContext] find mapping file definition(xml-mapping/vat/SellTicket_Req.xml) by key(-2.transtype.200).
[2015-05-29 17:14:39,739][Test worker][DEBUG][RoutineRegistry] Try to lookup handler by routine key(-2_200_1.5.0).
[2015-05-29 17:14:39,739][Test worker][DEBUG][RoutineRegistry] Try to lookup handler by routine key(-2_200_).
[2015-05-29 17:14:39,739][Test worker][DEBUG][RoutineRegistry] Lookup controller by key(-2_200_), found controller(com.mpos.lottery.te.valueaddservice.vat.VatController@1aeefda9) and method(public void com.mpos.lottery.te.valueaddservice.vat.VatController.sell(com.mpos.lottery.te.port.Context,com.mpos.lottery.te.port.Context) throws com.mpos.lottery.te.config.exception.ApplicationException).
[2015-05-29 17:14:39,749][Test worker][DEBUG][UUIDServiceImpl] Assemble a new reference No.:01113745919400000462
[2015-05-29 17:14:39,753][Test worker][INFO ][DefaultVatSaleService] Vat( totalAmount=940, rate=0.1,mode:RoundDown) for wager(roughBets=0.94) isn't enough for a single ticket.
[2015-05-29 17:14:39,762][Test worker][DEBUG][CommonFacadeService] No sale message found, won't publish.
[2015-05-29 17:14:39,762][Test worker][DEBUG][MLotteryContext] find mapping file definition(xml-mapping/vat/SellTicket_Magic100_Res.xml) by key(18.transtype.4200.-18).
[2015-05-29 17:14:39,762][Test worker][DEBUG][ProtocolSerializer] Start to serialize model(class com.mpos.lottery.te.valueaddservice.vat.VatSaleTransaction),mappingFile=xml-mapping/vat/SellTicket_Magic100_Res.xml
[2015-05-29 17:14:39,762][Test worker][DEBUG][MLotteryContext] find mapping file definition(xml-mapping/vat/SellTicket_Magic100_Res.xml) by key(18.transtype.4200.-18).
[2015-05-29 17:14:39,763][Test worker][DEBUG][CastorHelper] Finish marshaling input(typeclass com.mpos.lottery.te.valueaddservice.vat.VatSaleTransaction, mappingFile=xml-mapping/vat/SellTicket_Magic100_Res.xml).
[2015-05-29 17:14:39,763][Test worker][DEBUG][ProtocolSerializer] Finish mac(macKey=P2Bbo6+bSSR9O2Qc89f3b4oHTyE1V2gF,macString=Protocal-Version:-18|GPE_Id:GPE-111|Terminal-Id:111|Operator-Id:OPERATOR-111|Trans-BatchNumber:20150529|TractMsg-Id:1432890879724|Timestamp:20150529171439|Transaction-Type:4200|Transaction-Id:0115052900000000002387|Response-Code:200|<?xml version="1.0" encoding="UTF-8"?>
<VAT totalAmount="940" code="foodA" rate="0.1" refNo="01113745919400000462"/>):194197c7ba9cc1320c947f766f51434c
[2015-05-29 17:14:39,763][Test worker][DEBUG][TEPortServlet] Write response to client(host1=localhost,sizeOfPack=160) succesfully.
[2015-05-29 17:14:39,764][Test worker][DEBUG][BaseServletIntegrationTest] Got response(code=200,length=160): <?xml version="1.0" encoding="UTF-8"?>
<VAT totalAmount="940" code="foodA" rate="0.1" refNo="01113745919400000462"/>
[2015-05-29 17:14:39,764][Test worker][DEBUG][MLotteryContext] find mapping file definition(xml-mapping/vat/SellTicket_Magic100_Res.xml) by key(18.transtype.4200.-18).
[2015-05-29 17:14:39,777][Test worker][DEBUG][TEPortServlet] Startup job scheduer(org.quartz.impl.StdScheduler@4d1e5820) successfully.
[2015-05-29 17:14:39,778][Test worker][WARN ][TEPortServlet] can NOT find META file:F:\project\M.Lottery\TE\TRUNK_TE\sourcecode\build\classes\main\META-INF\MANIFEST.MF
[2015-05-29 17:14:39,778][Test worker][DEBUG][TEPortServlet] Register MBean(com.mpos.lottery.te.common.jmx.TransactionTimeout@35029c6b) with name(com.mpos.lottery.te:type=TransactionTimeoutMBean) successfully.
[2015-05-29 17:14:39,778][Test worker][DEBUG][BaseTransactionalIntegrationTest] Retrieve a ApplicationContext(org.springframework.web.context.support.GenericWebApplicationContext@34f645a8: startup date [Fri May 29 17:12:38 CST 2015]; root of context hierarchy).
[2015-05-29 17:14:39,778][Test worker][INFO ][BaseTransactionalIntegrationTest] +------------------------------------------------------------------------------------------------------------------------+
[2015-05-29 17:14:39,778][Test worker][INFO ][BaseTransactionalIntegrationTest] | VatB2CSaleIntegrationTest.testSaleMagic100_NoBet_UnderMinThresholdAmount_OK                                            |
[2015-05-29 17:14:39,778][Test worker][INFO ][BaseTransactionalIntegrationTest] +------------------------------------------------------------------------------------------------------------------------+
[2015-05-29 17:14:39,783][Test worker][DEBUG][MLotteryContext] find mapping file definition(xml-mapping/vat/SellTicket_Req.xml) by key(-2.transtype.200).
[2015-05-29 17:14:39,783][Test worker][DEBUG][CastorHelper] Finish marshaling input(typeclass com.mpos.lottery.te.valueaddservice.vat.VatSaleTransaction, mappingFile=xml-mapping/vat/SellTicket_Req.xml).
[2015-05-29 17:14:39,783][Test worker][DEBUG][BaseServletIntegrationTest] Do MAC(key=P2Bbo6+bSSR9O2Qc89f3b4oHTyE1V2gF) on (Protocal-Version:1.5|GPE_Id:GPE-111|Terminal-Id:111|Operator-Id:OPERATOR-111|Trans-BatchNumber:20150529|TractMsg-Id:1432890879782|Timestamp:20150529171439|Transaction-Type:200|Transaction-Id:|Response-Code:|<?xml version="1.0" encoding="UTF-8"?>
<VAT totalAmount="940" code="foodA" rate="0"/>,hash=-660483597), get digest:7bf424ca779ae154b44753415df1c3ff
[2015-05-29 17:14:39,783][Test worker][DEBUG][TEPortServlet] Got request header(name=X-Transaction-Type, value=200).
[2015-05-29 17:14:39,783][Test worker][DEBUG][TEPortServlet] Got request header(name=X-Protocal-Version, value=1.5).
[2015-05-29 17:14:39,783][Test worker][DEBUG][TEPortServlet] Got request header(name=X-Timestamp, value=20150529171439).
[2015-05-29 17:14:39,784][Test worker][DEBUG][TEPortServlet] Got request header(name=X-GPE-Id, value=GPE-111).
[2015-05-29 17:14:39,784][Test worker][DEBUG][TEPortServlet] Got request header(name=X-Trace-Message-Id, value=1432890879782).
[2015-05-29 17:14:39,784][Test worker][DEBUG][TEPortServlet] Got request header(name=X-Operator-Id, value=OPERATOR-111).
[2015-05-29 17:14:39,784][Test worker][DEBUG][TEPortServlet] Got request header(name=X-Terminal-Id, value=111).
[2015-05-29 17:14:39,784][Test worker][DEBUG][TEPortServlet] Got request header(name=X-MAC, value=7bf424ca779ae154b44753415df1c3ff).
[2015-05-29 17:14:39,784][Test worker][DEBUG][TEPortServlet] Got request header(name=X-Game-Type-Id, value=-2).
[2015-05-29 17:14:39,784][Test worker][DEBUG][TEPortServlet] Got request header(name=X-Trans-BatchNumber, value=20150529).
[2015-05-29 17:14:39,784][Test worker][DEBUG][TEPortServlet] Got request header(name=X-GPS-Location, value=40.714353,-74.005973).
[2015-05-29 17:14:39,785][Test worker][DEBUG][TEPortServlet] Got request from localhost, and the message body is:pq3FqO8HCcAnaobA+xpVnADmrnwj1vrK59BGhqvtskYFWTsa2cbe6m1r0kCL0Gd72PIRSa/j7rRTzPiVvg+pgDIcI6KSvtziv7gdRziqMQ/qHoSgf9HMxA==.
[2015-05-29 17:14:39,785][Test worker][DEBUG][ProtocolSerializer] Start to deserialize request context(Protocal-Version:1.5|GPE_Id:GPE-111|Terminal-Id:111|Operator-Id:OPERATOR-111|Trans-BatchNumber:20150529|TractMsg-Id:1432890879782|Timestamp:20150529171439|Transaction-Type:200|Transaction-Id:|Response-Code:|).
[2015-05-29 17:14:39,786][Test worker][DEBUG][ProtocolSerializer] Finish decrypting cipher into original xml:<?xml version="1.0" encoding="UTF-8"?>
<VAT totalAmount="940" code="foodA" rate="0"/>
[2015-05-29 17:14:39,786][Test worker][DEBUG][ProtocolSerializer] Start to do MAC(key=P2Bbo6+bSSR9O2Qc89f3b4oHTyE1V2gF) on (Protocal-Version:1.5|GPE_Id:GPE-111|Terminal-Id:111|Operator-Id:OPERATOR-111|Trans-BatchNumber:20150529|TractMsg-Id:1432890879782|Timestamp:20150529171439|Transaction-Type:200|Transaction-Id:|Response-Code:|<?xml version="1.0" encoding="UTF-8"?>
<VAT totalAmount="940" code="foodA" rate="0"/>,hash=-660483597), get digest:7bf424ca779ae154b44753415df1c3ff
[2015-05-29 17:14:39,786][Test worker][DEBUG][MLotteryContext] find mapping file definition(xml-mapping/vat/SellTicket_Req.xml) by key(-2.transtype.200).
[2015-05-29 17:14:39,786][Test worker][DEBUG][ProtocolSerializer] Start to deserialize model: model=null,mappingFile=xml-mapping/vat/SellTicket_Req.xml
[2015-05-29 17:14:39,786][Test worker][DEBUG][MLotteryContext] find mapping file definition(xml-mapping/vat/SellTicket_Req.xml) by key(-2.transtype.200).
[2015-05-29 17:14:39,799][Test worker][DEBUG][RoutineRegistry] Try to lookup handler by routine key(-2_200_1.5.0).
[2015-05-29 17:14:39,799][Test worker][DEBUG][RoutineRegistry] Try to lookup handler by routine key(-2_200_).
[2015-05-29 17:14:39,799][Test worker][DEBUG][RoutineRegistry] Lookup controller by key(-2_200_), found controller(com.mpos.lottery.te.valueaddservice.vat.VatController@1aeefda9) and method(public void com.mpos.lottery.te.valueaddservice.vat.VatController.sell(com.mpos.lottery.te.port.Context,com.mpos.lottery.te.port.Context) throws com.mpos.lottery.te.config.exception.ApplicationException).
[2015-05-29 17:14:39,806][Test worker][DEBUG][UUIDServiceImpl] Assemble a new reference No.:01113745919400000517
[2015-05-29 17:14:39,807][Test worker][INFO ][DefaultVatSaleService] THe vat amount(940) is under minial threshold amount of sale: 9999999999
[2015-05-29 17:14:39,817][Test worker][DEBUG][CommonFacadeService] No sale message found, won't publish.
[2015-05-29 17:14:39,817][Test worker][DEBUG][MLotteryContext] find mapping file definition(xml-mapping/vat/SellTicket_Magic100_Res.xml) by key(18.transtype.4200.-18).
[2015-05-29 17:14:39,817][Test worker][DEBUG][ProtocolSerializer] Start to serialize model(class com.mpos.lottery.te.valueaddservice.vat.VatSaleTransaction),mappingFile=xml-mapping/vat/SellTicket_Magic100_Res.xml
[2015-05-29 17:14:39,817][Test worker][DEBUG][MLotteryContext] find mapping file definition(xml-mapping/vat/SellTicket_Magic100_Res.xml) by key(18.transtype.4200.-18).
[2015-05-29 17:14:39,818][Test worker][DEBUG][CastorHelper] Finish marshaling input(typeclass com.mpos.lottery.te.valueaddservice.vat.VatSaleTransaction, mappingFile=xml-mapping/vat/SellTicket_Magic100_Res.xml).
[2015-05-29 17:14:39,818][Test worker][DEBUG][ProtocolSerializer] Finish mac(macKey=P2Bbo6+bSSR9O2Qc89f3b4oHTyE1V2gF,macString=Protocal-Version:-18|GPE_Id:GPE-111|Terminal-Id:111|Operator-Id:OPERATOR-111|Trans-BatchNumber:20150529|TractMsg-Id:1432890879782|Timestamp:20150529171439|Transaction-Type:4200|Transaction-Id:0115052900000000002388|Response-Code:200|<?xml version="1.0" encoding="UTF-8"?>
<VAT totalAmount="940" code="foodA" rate="0.1" refNo="01113745919400000517"/>):f348f62ce59289a38fbf82368fee1b8c
[2015-05-29 17:14:39,818][Test worker][DEBUG][TEPortServlet] Write response to client(host1=localhost,sizeOfPack=160) succesfully.
[2015-05-29 17:14:39,819][Test worker][DEBUG][BaseServletIntegrationTest] Got response(code=200,length=160): <?xml version="1.0" encoding="UTF-8"?>
<VAT totalAmount="940" code="foodA" rate="0.1" refNo="01113745919400000517"/>
[2015-05-29 17:14:39,819][Test worker][DEBUG][MLotteryContext] find mapping file definition(xml-mapping/vat/SellTicket_Magic100_Res.xml) by key(18.transtype.4200.-18).
[2015-05-29 17:14:39,832][Test worker][DEBUG][TEPortServlet] Startup job scheduer(org.quartz.impl.StdScheduler@4d1e5820) successfully.
[2015-05-29 17:14:39,833][Test worker][WARN ][TEPortServlet] can NOT find META file:F:\project\M.Lottery\TE\TRUNK_TE\sourcecode\build\classes\main\META-INF\MANIFEST.MF
[2015-05-29 17:14:39,833][Test worker][DEBUG][TEPortServlet] Register MBean(com.mpos.lottery.te.common.jmx.TransactionTimeout@660294f) with name(com.mpos.lottery.te:type=TransactionTimeoutMBean) successfully.
[2015-05-29 17:14:39,833][Test worker][DEBUG][BaseTransactionalIntegrationTest] Retrieve a ApplicationContext(org.springframework.web.context.support.GenericWebApplicationContext@34f645a8: startup date [Fri May 29 17:12:38 CST 2015]; root of context hierarchy).
[2015-05-29 17:14:39,833][Test worker][INFO ][BaseTransactionalIntegrationTest] +------------------------------------------------------------------------------------------------------------------------+
[2015-05-29 17:14:39,833][Test worker][INFO ][BaseTransactionalIntegrationTest] | VatB2CSaleIntegrationTest.testSaleMagic100_MultiBets_RoundUp_OK                                                        |
[2015-05-29 17:14:39,833][Test worker][INFO ][BaseTransactionalIntegrationTest] +------------------------------------------------------------------------------------------------------------------------+
[2015-05-29 17:14:39,837][Test worker][DEBUG][MLotteryContext] find mapping file definition(xml-mapping/vat/SellTicket_Req.xml) by key(-2.transtype.200).
[2015-05-29 17:14:39,837][Test worker][DEBUG][CastorHelper] Finish marshaling input(typeclass com.mpos.lottery.te.valueaddservice.vat.VatSaleTransaction, mappingFile=xml-mapping/vat/SellTicket_Req.xml).
[2015-05-29 17:14:39,838][Test worker][DEBUG][BaseServletIntegrationTest] Do MAC(key=P2Bbo6+bSSR9O2Qc89f3b4oHTyE1V2gF) on (Protocal-Version:1.5|GPE_Id:GPE-111|Terminal-Id:111|Operator-Id:OPERATOR-111|Trans-BatchNumber:20150529|TractMsg-Id:1432890879837|Timestamp:20150529171439|Transaction-Type:200|Transaction-Id:|Response-Code:|<?xml version="1.0" encoding="UTF-8"?>
<VAT totalAmount="4700" code="foodA" rate="0"/>,hash=-1402810610), get digest:410c5f9c818e873d414a722bd082e913
[2015-05-29 17:14:39,838][Test worker][DEBUG][TEPortServlet] Got request header(name=X-Transaction-Type, value=200).
[2015-05-29 17:14:39,838][Test worker][DEBUG][TEPortServlet] Got request header(name=X-Protocal-Version, value=1.5).
[2015-05-29 17:14:39,838][Test worker][DEBUG][TEPortServlet] Got request header(name=X-Timestamp, value=20150529171439).
[2015-05-29 17:14:39,838][Test worker][DEBUG][TEPortServlet] Got request header(name=X-GPE-Id, value=GPE-111).
[2015-05-29 17:14:39,838][Test worker][DEBUG][TEPortServlet] Got request header(name=X-Trace-Message-Id, value=1432890879837).
[2015-05-29 17:14:39,838][Test worker][DEBUG][TEPortServlet] Got request header(name=X-Operator-Id, value=OPERATOR-111).
[2015-05-29 17:14:39,838][Test worker][DEBUG][TEPortServlet] Got request header(name=X-Terminal-Id, value=111).
[2015-05-29 17:14:39,838][Test worker][DEBUG][TEPortServlet] Got request header(name=X-MAC, value=410c5f9c818e873d414a722bd082e913).
[2015-05-29 17:14:39,838][Test worker][DEBUG][TEPortServlet] Got request header(name=X-Game-Type-Id, value=-2).
[2015-05-29 17:14:39,838][Test worker][DEBUG][TEPortServlet] Got request header(name=X-Trans-BatchNumber, value=20150529).
[2015-05-29 17:14:39,838][Test worker][DEBUG][TEPortServlet] Got request header(name=X-GPS-Location, value=40.714353,-74.005973).
[2015-05-29 17:14:39,840][Test worker][DEBUG][TEPortServlet] Got request from localhost, and the message body is:pq3FqO8HCcAnaobA+xpVnADmrnwj1vrK59BGhqvtskYFWTsa2cbe6m1r0kCL0Gd72PIRSa/j7rTA4st7CTbg46rDAGBzRDpO6vBpWuXT93TiR1lz6npuNg==.
[2015-05-29 17:14:39,840][Test worker][DEBUG][ProtocolSerializer] Start to deserialize request context(Protocal-Version:1.5|GPE_Id:GPE-111|Terminal-Id:111|Operator-Id:OPERATOR-111|Trans-BatchNumber:20150529|TractMsg-Id:1432890879837|Timestamp:20150529171439|Transaction-Type:200|Transaction-Id:|Response-Code:|).
[2015-05-29 17:14:39,840][Test worker][DEBUG][ProtocolSerializer] Finish decrypting cipher into original xml:<?xml version="1.0" encoding="UTF-8"?>
<VAT totalAmount="4700" code="foodA" rate="0"/>
[2015-05-29 17:14:39,840][Test worker][DEBUG][ProtocolSerializer] Start to do MAC(key=P2Bbo6+bSSR9O2Qc89f3b4oHTyE1V2gF) on (Protocal-Version:1.5|GPE_Id:GPE-111|Terminal-Id:111|Operator-Id:OPERATOR-111|Trans-BatchNumber:20150529|TractMsg-Id:1432890879837|Timestamp:20150529171439|Transaction-Type:200|Transaction-Id:|Response-Code:|<?xml version="1.0" encoding="UTF-8"?>
<VAT totalAmount="4700" code="foodA" rate="0"/>,hash=-1402810610), get digest:410c5f9c818e873d414a722bd082e913
[2015-05-29 17:14:39,840][Test worker][DEBUG][MLotteryContext] find mapping file definition(xml-mapping/vat/SellTicket_Req.xml) by key(-2.transtype.200).
[2015-05-29 17:14:39,840][Test worker][DEBUG][ProtocolSerializer] Start to deserialize model: model=null,mappingFile=xml-mapping/vat/SellTicket_Req.xml
[2015-05-29 17:14:39,840][Test worker][DEBUG][MLotteryContext] find mapping file definition(xml-mapping/vat/SellTicket_Req.xml) by key(-2.transtype.200).
[2015-05-29 17:14:39,852][Test worker][DEBUG][RoutineRegistry] Try to lookup handler by routine key(-2_200_1.5.0).
[2015-05-29 17:14:39,852][Test worker][DEBUG][RoutineRegistry] Try to lookup handler by routine key(-2_200_).
[2015-05-29 17:14:39,852][Test worker][DEBUG][RoutineRegistry] Lookup controller by key(-2_200_), found controller(com.mpos.lottery.te.valueaddservice.vat.VatController@1aeefda9) and method(public void com.mpos.lottery.te.valueaddservice.vat.VatController.sell(com.mpos.lottery.te.port.Context,com.mpos.lottery.te.port.Context) throws com.mpos.lottery.te.config.exception.ApplicationException).
[2015-05-29 17:14:39,859][Test worker][DEBUG][UUIDServiceImpl] Assemble a new reference No.:01113745919400000621
[2015-05-29 17:14:39,866][Test worker][INFO ][AbstractGameInstanceService] No channel game instance time definiton found, ignore it.
[2015-05-29 17:14:39,871][Test worker][INFO ][AbstractGameInstanceService] No channel game instance time definiton found, ignore it.
[2015-05-29 17:14:39,871][Test worker][DEBUG][UUIDServiceImpl] Assemble a new ticket serial number:01111745819400020877
[2015-05-29 17:14:39,883][Test worker][DEBUG][DefaultLuckyNumberService] Use lucky number from REQUEUED RANGE(id=2) instead of main cycle.
[2015-05-29 17:14:39,884][Test worker][DEBUG][DefaultTicketValidator] THe max allowed multi-draw of operation parameter is 10, merchant limit to 3, the smaller 3 will be used.
[2015-05-29 17:14:39,901][Test worker][DEBUG][DefaultBalanceService] Operator before transaction -  Operator [id=OPERATOR-111, loginName=OPERATOR-LOGIN, creditType=1, saleCreditLevel=200000000, payoutCreditLevel=1000, cashoutBalance=0, commisionBalance=0]
[2015-05-29 17:14:39,901][Test worker][DEBUG][DefaultBalanceService] Found balance strategy:com.mpos.lottery.te.merchant.service.balance.PayoutBalanceStrategy@57df81d2
[2015-05-29 17:14:39,901][Test worker][DEBUG][DefaultBalanceService] Operator after transaction -  Operator [id=OPERATOR-111, loginName=OPERATOR-LOGIN, creditType=1, saleCreditLevel=200000000, payoutCreditLevel=2000, cashoutBalance=0, commisionBalance=0]
[2015-05-29 17:14:39,913][Test worker][DEBUG][DefaultBalanceService] Operator before transaction -  Operator [id=OPERATOR-111, loginName=OPERATOR-LOGIN, creditType=1, saleCreditLevel=200000000, payoutCreditLevel=2000, cashoutBalance=0, commisionBalance=200]
[2015-05-29 17:14:39,913][Test worker][DEBUG][DefaultBalanceService] Found balance strategy:com.mpos.lottery.te.merchant.service.balance.SaleBalanceStrategy@e1f8aba
[2015-05-29 17:14:39,913][Test worker][DEBUG][DefaultBalanceService] Operator after transaction -  Operator [id=OPERATOR-111, loginName=OPERATOR-LOGIN, creditType=1, saleCreditLevel=199999500.00, payoutCreditLevel=2000, cashoutBalance=0, commisionBalance=200]
[2015-05-29 17:14:39,918][Test worker][DEBUG][DefaultVatSaleService] Operator(id=OPERATOR-111) is in B2C, has bought ticket(serialNO=01111745819400020877) of game Type: LUCKYNUMBER
[2015-05-29 17:14:39,928][Test worker][DEBUG][CommonFacadeService] Prepare to publish message to exchange[TE.200] with routing key[TE.200.18]: transaction {
  id: "0115052900000000002389"
  dev_id: "111"
  operator_id: "OPERATOR-111"
  merchant_id: "111"
  create_time: 1432890879000
  trans_type: 200
  game_id: "LK-1"
  game_type: 18
  total_amount: "500.00"
}
multi_draw: 1
total_amount: "500.00"
serial_no: "y013eOifYgLRQ7g6vn/TJQtsIgd6Y+VQ"
game_instance {
  id: "GII-111"
}
entries {
  selected_number: "6"
  bet_option: 1
  total_bets: 1
  entry_amount: "100"
  input_channel: "0"
}
entries {
  selected_number: "7"
  bet_option: 1
  total_bets: 1
  entry_amount: "100"
  input_channel: "0"
}
entries {
  selected_number: "8"
  bet_option: 1
  total_bets: 1
  entry_amount: "100"
  input_channel: "0"
}
entries {
  selected_number: "9"
  bet_option: 1
  total_bets: 1
  entry_amount: "100"
  input_channel: "0"
}
entries {
  selected_number: "10"
  bet_option: 1
  total_bets: 1
  entry_amount: "100"
  input_channel: "0"
}

[2015-05-29 17:14:39,928][Test worker][DEBUG][CommonFacadeService] Publish message successfully
[2015-05-29 17:14:39,928][Test worker][DEBUG][MLotteryContext] find mapping file definition(xml-mapping/vat/SellTicket_Magic100_Res.xml) by key(18.transtype.4200.-18).
[2015-05-29 17:14:39,928][Test worker][DEBUG][ProtocolSerializer] Start to serialize model(class com.mpos.lottery.te.valueaddservice.vat.VatSaleTransaction),mappingFile=xml-mapping/vat/SellTicket_Magic100_Res.xml
[2015-05-29 17:14:39,928][Test worker][DEBUG][MLotteryContext] find mapping file definition(xml-mapping/vat/SellTicket_Magic100_Res.xml) by key(18.transtype.4200.-18).
[2015-05-29 17:14:39,929][Test worker][DEBUG][CastorHelper] Finish marshaling input(typeclass com.mpos.lottery.te.valueaddservice.vat.VatSaleTransaction, mappingFile=xml-mapping/vat/SellTicket_Magic100_Res.xml).
[2015-05-29 17:14:39,929][Test worker][DEBUG][ProtocolSerializer] Finish mac(macKey=P2Bbo6+bSSR9O2Qc89f3b4oHTyE1V2gF,macString=Protocal-Version:-18|GPE_Id:GPE-111|Terminal-Id:111|Operator-Id:OPERATOR-111|Trans-BatchNumber:20150529|TractMsg-Id:1432890879837|Timestamp:20150529171439|Transaction-Type:4200|Transaction-Id:0115052900000000002389|Response-Code:200|<?xml version="1.0" encoding="UTF-8"?>
<VAT totalAmount="4700" code="foodA" rate="0.1" refNo="01113745919400000621"><Ticket serialNo="01111745819400020877" barcode="18cK/u9hwZY2Rogq4k24Oeg4G3HSlAl9EbjLdf+UJJlt9Se2CWmp8xagOfh3a994Ut5VIJK0xeB68=" type="1" validationCode="394982" multipleDraws="1" lastDrawNo="001" totalBets="5" totalAmount="500.00" isWinning="1"><GameDraw number="001" gameId="LK-1" gameTypeId="18"/><Entry selectedNumber="6" betOption="1" inputChannel="0" isWinning="0" prizeAmount="0" taxAmount="0" entryAmount="100"/><Entry selectedNumber="7" betOption="1" inputChannel="0" isWinning="0" prizeAmount="0" taxAmount="0" entryAmount="100"/><Entry selectedNumber="8" betOption="1" inputChannel="0" isWinning="1" prizeAmount="1000" taxAmount="0" entryAmount="100"/><Entry selectedNumber="9" betOption="1" inputChannel="0" isWinning="0" prizeAmount="0" taxAmount="0" entryAmount="100"/><Entry selectedNumber="10" betOption="1" inputChannel="0" isWinning="0" prizeAmount="0" taxAmount="0" entryAmount="100"/></Ticket></VAT>):be6c5b7be51573c8328175b621d4f148
[2015-05-29 17:14:39,930][Test worker][DEBUG][TEPortServlet] Write response to client(host1=localhost,sizeOfPack=1388) succesfully.
[2015-05-29 17:14:39,930][Test worker][DEBUG][BaseServletIntegrationTest] Got response(code=200,length=1388): <?xml version="1.0" encoding="UTF-8"?>
<VAT totalAmount="4700" code="foodA" rate="0.1" refNo="01113745919400000621"><Ticket serialNo="01111745819400020877" barcode="18cK/u9hwZY2Rogq4k24Oeg4G3HSlAl9EbjLdf+UJJlt9Se2CWmp8xagOfh3a994Ut5VIJK0xeB68=" type="1" validationCode="394982" multipleDraws="1" lastDrawNo="001" totalBets="5" totalAmount="500.00" isWinning="1"><GameDraw number="001" gameId="LK-1" gameTypeId="18"/><Entry selectedNumber="6" betOption="1" inputChannel="0" isWinning="0" prizeAmount="0" taxAmount="0" entryAmount="100"/><Entry selectedNumber="7" betOption="1" inputChannel="0" isWinning="0" prizeAmount="0" taxAmount="0" entryAmount="100"/><Entry selectedNumber="8" betOption="1" inputChannel="0" isWinning="1" prizeAmount="1000" taxAmount="0" entryAmount="100"/><Entry selectedNumber="9" betOption="1" inputChannel="0" isWinning="0" prizeAmount="0" taxAmount="0" entryAmount="100"/><Entry selectedNumber="10" betOption="1" inputChannel="0" isWinning="0" prizeAmount="0" taxAmount="0" entryAmount="100"/></Ticket></VAT>
[2015-05-29 17:14:39,930][Test worker][DEBUG][MLotteryContext] find mapping file definition(xml-mapping/vat/SellTicket_Magic100_Res.xml) by key(18.transtype.4200.-18).
[2015-05-29 17:14:39,960][Test worker][DEBUG][TEPortServlet] Startup job scheduer(org.quartz.impl.StdScheduler@4d1e5820) successfully.
[2015-05-29 17:14:39,960][Test worker][WARN ][TEPortServlet] can NOT find META file:F:\project\M.Lottery\TE\TRUNK_TE\sourcecode\build\classes\main\META-INF\MANIFEST.MF
[2015-05-29 17:14:39,961][Test worker][DEBUG][TEPortServlet] Register MBean(com.mpos.lottery.te.common.jmx.TransactionTimeout@62bb5150) with name(com.mpos.lottery.te:type=TransactionTimeoutMBean) successfully.
[2015-05-29 17:14:39,961][Test worker][DEBUG][BaseTransactionalIntegrationTest] Retrieve a ApplicationContext(org.springframework.web.context.support.GenericWebApplicationContext@34f645a8: startup date [Fri May 29 17:12:38 CST 2015]; root of context hierarchy).
[2015-05-29 17:14:39,961][Test worker][INFO ][BaseTransactionalIntegrationTest] +------------------------------------------------------------------------------------------------------------------------+
[2015-05-29 17:14:39,961][Test worker][INFO ][BaseTransactionalIntegrationTest] | VatB2CSaleIntegrationTest.testSaleMagi100_SingleBet_RoundUp_OK                                                         |
[2015-05-29 17:14:39,961][Test worker][INFO ][BaseTransactionalIntegrationTest] +------------------------------------------------------------------------------------------------------------------------+
[2015-05-29 17:14:39,966][Test worker][DEBUG][MLotteryContext] find mapping file definition(xml-mapping/vat/SellTicket_Req.xml) by key(-2.transtype.200).
[2015-05-29 17:14:39,966][Test worker][DEBUG][CastorHelper] Finish marshaling input(typeclass com.mpos.lottery.te.valueaddservice.vat.VatSaleTransaction, mappingFile=xml-mapping/vat/SellTicket_Req.xml).
[2015-05-29 17:14:39,967][Test worker][DEBUG][BaseServletIntegrationTest] Do MAC(key=P2Bbo6+bSSR9O2Qc89f3b4oHTyE1V2gF) on (Protocal-Version:1.5|GPE_Id:GPE-111|Terminal-Id:111|Operator-Id:OPERATOR-111|Trans-BatchNumber:20150529|TractMsg-Id:1432890879966|Timestamp:20150529171439|Transaction-Type:200|Transaction-Id:|Response-Code:|<?xml version="1.0" encoding="UTF-8"?>
<VAT totalAmount="940" code="foodA" rate="0"/>,hash=-1677670997), get digest:5485e64b077edc84eb05d09b081688ee
[2015-05-29 17:14:39,967][Test worker][DEBUG][TEPortServlet] Got request header(name=X-Transaction-Type, value=200).
[2015-05-29 17:14:39,967][Test worker][DEBUG][TEPortServlet] Got request header(name=X-Protocal-Version, value=1.5).
[2015-05-29 17:14:39,967][Test worker][DEBUG][TEPortServlet] Got request header(name=X-Timestamp, value=20150529171439).
[2015-05-29 17:14:39,967][Test worker][DEBUG][TEPortServlet] Got request header(name=X-GPE-Id, value=GPE-111).
[2015-05-29 17:14:39,967][Test worker][DEBUG][TEPortServlet] Got request header(name=X-Trace-Message-Id, value=1432890879966).
[2015-05-29 17:14:39,967][Test worker][DEBUG][TEPortServlet] Got request header(name=X-Operator-Id, value=OPERATOR-111).
[2015-05-29 17:14:39,967][Test worker][DEBUG][TEPortServlet] Got request header(name=X-Terminal-Id, value=111).
[2015-05-29 17:14:39,967][Test worker][DEBUG][TEPortServlet] Got request header(name=X-MAC, value=5485e64b077edc84eb05d09b081688ee).
[2015-05-29 17:14:39,967][Test worker][DEBUG][TEPortServlet] Got request header(name=X-Game-Type-Id, value=-2).
[2015-05-29 17:14:39,967][Test worker][DEBUG][TEPortServlet] Got request header(name=X-Trans-BatchNumber, value=20150529).
[2015-05-29 17:14:39,967][Test worker][DEBUG][TEPortServlet] Got request header(name=X-GPS-Location, value=40.714353,-74.005973).
[2015-05-29 17:14:39,968][Test worker][DEBUG][TEPortServlet] Got request from localhost, and the message body is:pq3FqO8HCcAnaobA+xpVnADmrnwj1vrK59BGhqvtskYFWTsa2cbe6m1r0kCL0Gd72PIRSa/j7rRTzPiVvg+pgDIcI6KSvtziv7gdRziqMQ/qHoSgf9HMxA==.
[2015-05-29 17:14:39,968][Test worker][DEBUG][ProtocolSerializer] Start to deserialize request context(Protocal-Version:1.5|GPE_Id:GPE-111|Terminal-Id:111|Operator-Id:OPERATOR-111|Trans-BatchNumber:20150529|TractMsg-Id:1432890879966|Timestamp:20150529171439|Transaction-Type:200|Transaction-Id:|Response-Code:|).
[2015-05-29 17:14:39,969][Test worker][DEBUG][ProtocolSerializer] Finish decrypting cipher into original xml:<?xml version="1.0" encoding="UTF-8"?>
<VAT totalAmount="940" code="foodA" rate="0"/>
[2015-05-29 17:14:39,969][Test worker][DEBUG][ProtocolSerializer] Start to do MAC(key=P2Bbo6+bSSR9O2Qc89f3b4oHTyE1V2gF) on (Protocal-Version:1.5|GPE_Id:GPE-111|Terminal-Id:111|Operator-Id:OPERATOR-111|Trans-BatchNumber:20150529|TractMsg-Id:1432890879966|Timestamp:20150529171439|Transaction-Type:200|Transaction-Id:|Response-Code:|<?xml version="1.0" encoding="UTF-8"?>
<VAT totalAmount="940" code="foodA" rate="0"/>,hash=-1677670997), get digest:5485e64b077edc84eb05d09b081688ee
[2015-05-29 17:14:39,969][Test worker][DEBUG][MLotteryContext] find mapping file definition(xml-mapping/vat/SellTicket_Req.xml) by key(-2.transtype.200).
[2015-05-29 17:14:39,969][Test worker][DEBUG][ProtocolSerializer] Start to deserialize model: model=null,mappingFile=xml-mapping/vat/SellTicket_Req.xml
[2015-05-29 17:14:39,969][Test worker][DEBUG][MLotteryContext] find mapping file definition(xml-mapping/vat/SellTicket_Req.xml) by key(-2.transtype.200).
[2015-05-29 17:14:39,981][Test worker][DEBUG][RoutineRegistry] Try to lookup handler by routine key(-2_200_1.5.0).
[2015-05-29 17:14:39,981][Test worker][DEBUG][RoutineRegistry] Try to lookup handler by routine key(-2_200_).
[2015-05-29 17:14:39,981][Test worker][DEBUG][RoutineRegistry] Lookup controller by key(-2_200_), found controller(com.mpos.lottery.te.valueaddservice.vat.VatController@1aeefda9) and method(public void com.mpos.lottery.te.valueaddservice.vat.VatController.sell(com.mpos.lottery.te.port.Context,com.mpos.lottery.te.port.Context) throws com.mpos.lottery.te.config.exception.ApplicationException).
[2015-05-29 17:14:39,988][Test worker][DEBUG][UUIDServiceImpl] Assemble a new reference No.:01113745919400000793
[2015-05-29 17:14:39,995][Test worker][INFO ][AbstractGameInstanceService] No channel game instance time definiton found, ignore it.
[2015-05-29 17:14:39,999][Test worker][INFO ][AbstractGameInstanceService] No channel game instance time definiton found, ignore it.
[2015-05-29 17:14:39,999][Test worker][DEBUG][UUIDServiceImpl] Assemble a new ticket serial number:01111745819400020923
[2015-05-29 17:14:40,014][Test worker][DEBUG][DefaultLuckyNumberService] Use lucky number from REQUEUED RANGE(id=1) instead of main cycle.
[2015-05-29 17:14:40,014][Test worker][DEBUG][DefaultTicketValidator] THe max allowed multi-draw of operation parameter is 10, merchant limit to 3, the smaller 3 will be used.
[2015-05-29 17:14:40,027][Test worker][DEBUG][DefaultBalanceService] Operator before transaction -  Operator [id=OPERATOR-111, loginName=OPERATOR-LOGIN, creditType=1, saleCreditLevel=200000000, payoutCreditLevel=1000, cashoutBalance=0, commisionBalance=0]
[2015-05-29 17:14:40,027][Test worker][DEBUG][DefaultBalanceService] Found balance strategy:com.mpos.lottery.te.merchant.service.balance.SaleBalanceStrategy@e1f8aba
[2015-05-29 17:14:40,027][Test worker][DEBUG][DefaultBalanceService] Operator after transaction -  Operator [id=OPERATOR-111, loginName=OPERATOR-LOGIN, creditType=1, saleCreditLevel=199999900.00, payoutCreditLevel=1000, cashoutBalance=0, commisionBalance=0]
[2015-05-29 17:14:40,031][Test worker][DEBUG][DefaultVatSaleService] Operator(id=OPERATOR-111) is in B2C, has bought ticket(serialNO=01111745819400020923) of game Type: LUCKYNUMBER
[2015-05-29 17:14:40,042][Test worker][DEBUG][CommonFacadeService] Prepare to publish message to exchange[TE.200] with routing key[TE.200.18]: transaction {
  id: "0115052900000000002397"
  dev_id: "111"
  operator_id: "OPERATOR-111"
  merchant_id: "111"
  create_time: 1432890879000
  trans_type: 200
  game_id: "LK-1"
  game_type: 18
  total_amount: "100.00"
}
multi_draw: 1
total_amount: "100.00"
serial_no: "y013eOifYgLRQ7g6vn/TJdIWoxtnHLqW"
game_instance {
  id: "GII-111"
}
entries {
  selected_number: "7"
  bet_option: 1
  total_bets: 1
  entry_amount: "100"
  input_channel: "0"
}

[2015-05-29 17:14:40,042][Test worker][DEBUG][CommonFacadeService] Publish message successfully
[2015-05-29 17:14:40,042][Test worker][DEBUG][MLotteryContext] find mapping file definition(xml-mapping/vat/SellTicket_Magic100_Res.xml) by key(18.transtype.4200.-18).
[2015-05-29 17:14:40,042][Test worker][DEBUG][ProtocolSerializer] Start to serialize model(class com.mpos.lottery.te.valueaddservice.vat.VatSaleTransaction),mappingFile=xml-mapping/vat/SellTicket_Magic100_Res.xml
[2015-05-29 17:14:40,042][Test worker][DEBUG][MLotteryContext] find mapping file definition(xml-mapping/vat/SellTicket_Magic100_Res.xml) by key(18.transtype.4200.-18).
[2015-05-29 17:14:40,043][Test worker][DEBUG][CastorHelper] Finish marshaling input(typeclass com.mpos.lottery.te.valueaddservice.vat.VatSaleTransaction, mappingFile=xml-mapping/vat/SellTicket_Magic100_Res.xml).
[2015-05-29 17:14:40,043][Test worker][DEBUG][ProtocolSerializer] Finish mac(macKey=P2Bbo6+bSSR9O2Qc89f3b4oHTyE1V2gF,macString=Protocal-Version:-18|GPE_Id:GPE-111|Terminal-Id:111|Operator-Id:OPERATOR-111|Trans-BatchNumber:20150529|TractMsg-Id:1432890879966|Timestamp:20150529171439|Transaction-Type:4200|Transaction-Id:0115052900000000002397|Response-Code:200|<?xml version="1.0" encoding="UTF-8"?>
<VAT totalAmount="940" code="foodA" rate="0.1" refNo="01113745919400000793"><Ticket serialNo="01111745819400020923" barcode="18cK/u9hwZY2Rogq4k24Oeg4G3HSlAl9EbjLdf+UJJlt9Se2CWmp8xagOfh3a994Ut79YZT7thr+M=" type="1" validationCode="749089" multipleDraws="1" lastDrawNo="001" totalBets="1" totalAmount="100.00" isWinning="0"><GameDraw number="001" gameId="LK-1" gameTypeId="18"/><Entry selectedNumber="7" betOption="1" inputChannel="0" isWinning="0" prizeAmount="0" taxAmount="0" entryAmount="100"/></Ticket></VAT>):8b3d9055bf818e089dbab2a068edecc9
[2015-05-29 17:14:40,044][Test worker][DEBUG][TEPortServlet] Write response to client(host1=localhost,sizeOfPack=736) succesfully.
[2015-05-29 17:14:40,044][Test worker][DEBUG][BaseServletIntegrationTest] Got response(code=200,length=736): <?xml version="1.0" encoding="UTF-8"?>
<VAT totalAmount="940" code="foodA" rate="0.1" refNo="01113745919400000793"><Ticket serialNo="01111745819400020923" barcode="18cK/u9hwZY2Rogq4k24Oeg4G3HSlAl9EbjLdf+UJJlt9Se2CWmp8xagOfh3a994Ut79YZT7thr+M=" type="1" validationCode="749089" multipleDraws="1" lastDrawNo="001" totalBets="1" totalAmount="100.00" isWinning="0"><GameDraw number="001" gameId="LK-1" gameTypeId="18"/><Entry selectedNumber="7" betOption="1" inputChannel="0" isWinning="0" prizeAmount="0" taxAmount="0" entryAmount="100"/></Ticket></VAT>
[2015-05-29 17:14:40,044][Test worker][DEBUG][MLotteryContext] find mapping file definition(xml-mapping/vat/SellTicket_Magic100_Res.xml) by key(18.transtype.4200.-18).
[2015-05-29 17:14:40,075][Test worker][DEBUG][TEPortServlet] Startup job scheduer(org.quartz.impl.StdScheduler@4d1e5820) successfully.
[2015-05-29 17:14:40,075][Test worker][WARN ][TEPortServlet] can NOT find META file:F:\project\M.Lottery\TE\TRUNK_TE\sourcecode\build\classes\main\META-INF\MANIFEST.MF
[2015-05-29 17:14:40,076][Test worker][DEBUG][TEPortServlet] Register MBean(com.mpos.lottery.te.common.jmx.TransactionTimeout@462316af) with name(com.mpos.lottery.te:type=TransactionTimeoutMBean) successfully.
[2015-05-29 17:14:40,076][Test worker][DEBUG][BaseTransactionalIntegrationTest] Retrieve a ApplicationContext(org.springframework.web.context.support.GenericWebApplicationContext@34f645a8: startup date [Fri May 29 17:12:38 CST 2015]; root of context hierarchy).
[2015-05-29 17:14:40,076][Test worker][INFO ][BaseTransactionalIntegrationTest] +------------------------------------------------------------------------------------------------------------------------+
[2015-05-29 17:14:40,076][Test worker][INFO ][BaseTransactionalIntegrationTest] | VatB2CSaleIntegrationTest.testSaleRaffle_SingleBet_RoundUp_OK                                                          |
[2015-05-29 17:14:40,076][Test worker][INFO ][BaseTransactionalIntegrationTest] +------------------------------------------------------------------------------------------------------------------------+
[2015-05-29 17:14:40,080][Test worker][DEBUG][MLotteryContext] find mapping file definition(xml-mapping/vat/SellTicket_Req.xml) by key(-2.transtype.200).
[2015-05-29 17:14:40,081][Test worker][DEBUG][CastorHelper] Finish marshaling input(typeclass com.mpos.lottery.te.valueaddservice.vat.VatSaleTransaction, mappingFile=xml-mapping/vat/SellTicket_Req.xml).
[2015-05-29 17:14:40,081][Test worker][DEBUG][BaseServletIntegrationTest] Do MAC(key=P2Bbo6+bSSR9O2Qc89f3b4oHTyE1V2gF) on (Protocal-Version:1.5|GPE_Id:GPE-111|Terminal-Id:111|Operator-Id:OPERATOR-111|Trans-BatchNumber:20150529|TractMsg-Id:1432890880080|Timestamp:20150529171440|Transaction-Type:200|Transaction-Id:|Response-Code:|<?xml version="1.0" encoding="UTF-8"?>
<VAT totalAmount="940" code="foodA" rate="0"/>,hash=-1508416248), get digest:45a087c822187ee29ac2e81cd519224a
[2015-05-29 17:14:40,081][Test worker][DEBUG][TEPortServlet] Got request header(name=X-Transaction-Type, value=200).
[2015-05-29 17:14:40,081][Test worker][DEBUG][TEPortServlet] Got request header(name=X-Protocal-Version, value=1.5).
[2015-05-29 17:14:40,081][Test worker][DEBUG][TEPortServlet] Got request header(name=X-Timestamp, value=20150529171440).
[2015-05-29 17:14:40,081][Test worker][DEBUG][TEPortServlet] Got request header(name=X-GPE-Id, value=GPE-111).
[2015-05-29 17:14:40,082][Test worker][DEBUG][TEPortServlet] Got request header(name=X-Trace-Message-Id, value=1432890880080).
[2015-05-29 17:14:40,082][Test worker][DEBUG][TEPortServlet] Got request header(name=X-Operator-Id, value=OPERATOR-111).
[2015-05-29 17:14:40,082][Test worker][DEBUG][TEPortServlet] Got request header(name=X-Terminal-Id, value=111).
[2015-05-29 17:14:40,082][Test worker][DEBUG][TEPortServlet] Got request header(name=X-MAC, value=45a087c822187ee29ac2e81cd519224a).
[2015-05-29 17:14:40,082][Test worker][DEBUG][TEPortServlet] Got request header(name=X-Game-Type-Id, value=-2).
[2015-05-29 17:14:40,082][Test worker][DEBUG][TEPortServlet] Got request header(name=X-Trans-BatchNumber, value=20150529).
[2015-05-29 17:14:40,082][Test worker][DEBUG][TEPortServlet] Got request header(name=X-GPS-Location, value=40.714353,-74.005973).
[2015-05-29 17:14:40,085][Test worker][DEBUG][TEPortServlet] Got request from localhost, and the message body is:pq3FqO8HCcAnaobA+xpVnADmrnwj1vrK59BGhqvtskYFWTsa2cbe6m1r0kCL0Gd72PIRSa/j7rRTzPiVvg+pgDIcI6KSvtziv7gdRziqMQ/qHoSgf9HMxA==.
[2015-05-29 17:14:40,085][Test worker][DEBUG][ProtocolSerializer] Start to deserialize request context(Protocal-Version:1.5|GPE_Id:GPE-111|Terminal-Id:111|Operator-Id:OPERATOR-111|Trans-BatchNumber:20150529|TractMsg-Id:1432890880080|Timestamp:20150529171440|Transaction-Type:200|Transaction-Id:|Response-Code:|).
[2015-05-29 17:14:40,085][Test worker][DEBUG][ProtocolSerializer] Finish decrypting cipher into original xml:<?xml version="1.0" encoding="UTF-8"?>
<VAT totalAmount="940" code="foodA" rate="0"/>
[2015-05-29 17:14:40,086][Test worker][DEBUG][ProtocolSerializer] Start to do MAC(key=P2Bbo6+bSSR9O2Qc89f3b4oHTyE1V2gF) on (Protocal-Version:1.5|GPE_Id:GPE-111|Terminal-Id:111|Operator-Id:OPERATOR-111|Trans-BatchNumber:20150529|TractMsg-Id:1432890880080|Timestamp:20150529171440|Transaction-Type:200|Transaction-Id:|Response-Code:|<?xml version="1.0" encoding="UTF-8"?>
<VAT totalAmount="940" code="foodA" rate="0"/>,hash=-1508416248), get digest:45a087c822187ee29ac2e81cd519224a
[2015-05-29 17:14:40,086][Test worker][DEBUG][MLotteryContext] find mapping file definition(xml-mapping/vat/SellTicket_Req.xml) by key(-2.transtype.200).
[2015-05-29 17:14:40,086][Test worker][DEBUG][ProtocolSerializer] Start to deserialize model: model=null,mappingFile=xml-mapping/vat/SellTicket_Req.xml
[2015-05-29 17:14:40,086][Test worker][DEBUG][MLotteryContext] find mapping file definition(xml-mapping/vat/SellTicket_Req.xml) by key(-2.transtype.200).
[2015-05-29 17:14:40,102][Test worker][DEBUG][RoutineRegistry] Try to lookup handler by routine key(-2_200_1.5.0).
[2015-05-29 17:14:40,102][Test worker][DEBUG][RoutineRegistry] Try to lookup handler by routine key(-2_200_).
[2015-05-29 17:14:40,102][Test worker][DEBUG][RoutineRegistry] Lookup controller by key(-2_200_), found controller(com.mpos.lottery.te.valueaddservice.vat.VatController@1aeefda9) and method(public void com.mpos.lottery.te.valueaddservice.vat.VatController.sell(com.mpos.lottery.te.port.Context,com.mpos.lottery.te.port.Context) throws com.mpos.lottery.te.config.exception.ApplicationException).
[2015-05-29 17:14:40,109][Test worker][DEBUG][UUIDServiceImpl] Assemble a new reference No.:01114745019400000817
[2015-05-29 17:14:40,117][Test worker][INFO ][AbstractGameInstanceService] No channel game instance time definiton found, ignore it.
[2015-05-29 17:14:40,117][Test worker][DEBUG][UUIDServiceImpl] Assemble a new ticket serial number:01111745419400021097
[2015-05-29 17:14:40,121][Test worker][DEBUG][DefaultTicketValidator] THe max allowed multi-draw of operation parameter is 10, merchant limit to 3, the smaller 3 will be used.
[2015-05-29 17:14:40,130][Test worker][DEBUG][DefaultBalanceService] Operator before transaction -  Operator [id=OPERATOR-111, loginName=OPERATOR-LOGIN, creditType=1, saleCreditLevel=200000000, payoutCreditLevel=1000, cashoutBalance=0, commisionBalance=0]
[2015-05-29 17:14:40,130][Test worker][DEBUG][DefaultBalanceService] Found balance strategy:com.mpos.lottery.te.merchant.service.balance.SaleBalanceStrategy@e1f8aba
[2015-05-29 17:14:40,130][Test worker][DEBUG][DefaultBalanceService] Operator after transaction -  Operator [id=OPERATOR-111, loginName=OPERATOR-LOGIN, creditType=1, saleCreditLevel=199999900, payoutCreditLevel=1000, cashoutBalance=0, commisionBalance=0]
[2015-05-29 17:14:40,134][Test worker][WARN ][BaseJpaDao] Should be at most only 1 entity(com.mpos.lottery.te.merchant.domain.OperatorCommission) found, however total 2 entities found... the 1st entity(com.mpos.lottery.te.merchant.domain.OperatorCommission@6ba9d02a) will be returned.
[2015-05-29 17:14:40,135][Test worker][DEBUG][DefaultVatSaleService] Operator(id=OPERATOR-111) is in B2C, has bought ticket(serialNO=01111745419400021097) of game Type: RAFFLE
[2015-05-29 17:14:40,145][Test worker][DEBUG][CommonFacadeService] Prepare to publish message to exchange[TE.200] with routing key[TE.200.14]: transaction {
  id: "0115052900000000002400"
  dev_id: "111"
  operator_id: "OPERATOR-111"
  merchant_id: "111"
  create_time: 1432890880000
  trans_type: 200
  game_id: "RA-1"
  game_type: 14
  total_amount: "100"
}
multi_draw: 1
total_amount: "100"
serial_no: "y013eOifYgLGbGoBsy6AiiSKGetH1SEA"
game_instance {
  id: "GII-112"
}

[2015-05-29 17:14:40,145][Test worker][DEBUG][CommonFacadeService] Publish message successfully
[2015-05-29 17:14:40,145][Test worker][DEBUG][MLotteryContext] find mapping file definition(xml-mapping/vat/SellTicket_Raffle_Res.xml) by key(14.transtype.4200.-14).
[2015-05-29 17:14:40,145][Test worker][DEBUG][ProtocolSerializer] Start to serialize model(class com.mpos.lottery.te.valueaddservice.vat.VatSaleTransaction),mappingFile=xml-mapping/vat/SellTicket_Raffle_Res.xml
[2015-05-29 17:14:40,145][Test worker][DEBUG][MLotteryContext] find mapping file definition(xml-mapping/vat/SellTicket_Raffle_Res.xml) by key(14.transtype.4200.-14).
[2015-05-29 17:14:40,146][Test worker][DEBUG][CastorHelper] Finish marshaling input(typeclass com.mpos.lottery.te.valueaddservice.vat.VatSaleTransaction, mappingFile=xml-mapping/vat/SellTicket_Raffle_Res.xml).
[2015-05-29 17:14:40,146][Test worker][DEBUG][ProtocolSerializer] Finish mac(macKey=P2Bbo6+bSSR9O2Qc89f3b4oHTyE1V2gF,macString=Protocal-Version:-14|GPE_Id:GPE-111|Terminal-Id:111|Operator-Id:OPERATOR-111|Trans-BatchNumber:20150529|TractMsg-Id:1432890880080|Timestamp:20150529171440|Transaction-Type:4200|Transaction-Id:0115052900000000002400|Response-Code:200|<?xml version="1.0" encoding="UTF-8"?>
<VAT totalAmount="940" code="foodA" rate="0.1" refNo="01114745019400000817"><Ticket serialNo="01111745419400021097" totalAmount="100" type="1" lastDrawNo="11002" barcode="14cK/u9hwZY2Rogq4k24Oeg4G3HSlAl9EbjLdf+UJJlt9Se2CWmp8xatr3+ynZTK23fuxzadhV1KY=" validationCode="776626" multipleDraws="1" totalBets="1"><GameDraw number="11002" gameId="RA-1" gameTypeId="14"/></Ticket></VAT>):979fe5b9eb60ba89a606746d58d5fa44
[2015-05-29 17:14:40,147][Test worker][DEBUG][TEPortServlet] Write response to client(host1=localhost,sizeOfPack=568) succesfully.
[2015-05-29 17:14:40,147][Test worker][DEBUG][BaseServletIntegrationTest] Got response(code=200,length=568): <?xml version="1.0" encoding="UTF-8"?>
<VAT totalAmount="940" code="foodA" rate="0.1" refNo="01114745019400000817"><Ticket serialNo="01111745419400021097" totalAmount="100" type="1" lastDrawNo="11002" barcode="14cK/u9hwZY2Rogq4k24Oeg4G3HSlAl9EbjLdf+UJJlt9Se2CWmp8xatr3+ynZTK23fuxzadhV1KY=" validationCode="776626" multipleDraws="1" totalBets="1"><GameDraw number="11002" gameId="RA-1" gameTypeId="14"/></Ticket></VAT>
[2015-05-29 17:14:40,147][Test worker][DEBUG][MLotteryContext] find mapping file definition(xml-mapping/vat/SellTicket_Raffle_Res.xml) by key(14.transtype.4200.-14).
[2015-05-29 17:14:40,171][Test worker][DEBUG][TEPortServlet] Startup job scheduer(org.quartz.impl.StdScheduler@4d1e5820) successfully.
[2015-05-29 17:14:40,171][Test worker][WARN ][TEPortServlet] can NOT find META file:F:\project\M.Lottery\TE\TRUNK_TE\sourcecode\build\classes\main\META-INF\MANIFEST.MF
[2015-05-29 17:14:40,171][Test worker][DEBUG][TEPortServlet] Register MBean(com.mpos.lottery.te.common.jmx.TransactionTimeout@509c9e83) with name(com.mpos.lottery.te:type=TransactionTimeoutMBean) successfully.
[2015-05-29 17:14:40,172][Test worker][DEBUG][BaseTransactionalIntegrationTest] Retrieve a ApplicationContext(org.springframework.web.context.support.GenericWebApplicationContext@34f645a8: startup date [Fri May 29 17:12:38 CST 2015]; root of context hierarchy).
[2015-05-29 17:14:40,172][Test worker][INFO ][BaseTransactionalIntegrationTest] +------------------------------------------------------------------------------------------------------------------------+
[2015-05-29 17:14:40,172][Test worker][INFO ][BaseTransactionalIntegrationTest] | VatB2CSaleIntegrationTest.testSaleMagic100_MultiBets_RoundDown_OK                                                      |
[2015-05-29 17:14:40,172][Test worker][INFO ][BaseTransactionalIntegrationTest] +------------------------------------------------------------------------------------------------------------------------+
[2015-05-29 17:14:40,176][Test worker][DEBUG][MLotteryContext] find mapping file definition(xml-mapping/vat/SellTicket_Req.xml) by key(-2.transtype.200).
[2015-05-29 17:14:40,176][Test worker][DEBUG][CastorHelper] Finish marshaling input(typeclass com.mpos.lottery.te.valueaddservice.vat.VatSaleTransaction, mappingFile=xml-mapping/vat/SellTicket_Req.xml).
[2015-05-29 17:14:40,177][Test worker][DEBUG][BaseServletIntegrationTest] Do MAC(key=P2Bbo6+bSSR9O2Qc89f3b4oHTyE1V2gF) on (Protocal-Version:1.5|GPE_Id:GPE-111|Terminal-Id:111|Operator-Id:OPERATOR-111|Trans-BatchNumber:20150529|TractMsg-Id:1432890880176|Timestamp:20150529171440|Transaction-Type:200|Transaction-Id:|Response-Code:|<?xml version="1.0" encoding="UTF-8"?>
<VAT totalAmount="4700" code="foodA" rate="0"/>,hash=-1862986602), get digest:2f345817c025117a3d1d829a5ba2f08c
[2015-05-29 17:14:40,177][Test worker][DEBUG][TEPortServlet] Got request header(name=X-Transaction-Type, value=200).
[2015-05-29 17:14:40,177][Test worker][DEBUG][TEPortServlet] Got request header(name=X-Protocal-Version, value=1.5).
[2015-05-29 17:14:40,177][Test worker][DEBUG][TEPortServlet] Got request header(name=X-Timestamp, value=20150529171440).
[2015-05-29 17:14:40,177][Test worker][DEBUG][TEPortServlet] Got request header(name=X-GPE-Id, value=GPE-111).
[2015-05-29 17:14:40,177][Test worker][DEBUG][TEPortServlet] Got request header(name=X-Trace-Message-Id, value=1432890880176).
[2015-05-29 17:14:40,177][Test worker][DEBUG][TEPortServlet] Got request header(name=X-Operator-Id, value=OPERATOR-111).
[2015-05-29 17:14:40,177][Test worker][DEBUG][TEPortServlet] Got request header(name=X-Terminal-Id, value=111).
[2015-05-29 17:14:40,177][Test worker][DEBUG][TEPortServlet] Got request header(name=X-MAC, value=2f345817c025117a3d1d829a5ba2f08c).
[2015-05-29 17:14:40,177][Test worker][DEBUG][TEPortServlet] Got request header(name=X-Game-Type-Id, value=-2).
[2015-05-29 17:14:40,177][Test worker][DEBUG][TEPortServlet] Got request header(name=X-Trans-BatchNumber, value=20150529).
[2015-05-29 17:14:40,177][Test worker][DEBUG][TEPortServlet] Got request header(name=X-GPS-Location, value=40.714353,-74.005973).
[2015-05-29 17:14:40,179][Test worker][DEBUG][TEPortServlet] Got request from localhost, and the message body is:pq3FqO8HCcAnaobA+xpVnADmrnwj1vrK59BGhqvtskYFWTsa2cbe6m1r0kCL0Gd72PIRSa/j7rTA4st7CTbg46rDAGBzRDpO6vBpWuXT93TiR1lz6npuNg==.
[2015-05-29 17:14:40,179][Test worker][DEBUG][ProtocolSerializer] Start to deserialize request context(Protocal-Version:1.5|GPE_Id:GPE-111|Terminal-Id:111|Operator-Id:OPERATOR-111|Trans-BatchNumber:20150529|TractMsg-Id:1432890880176|Timestamp:20150529171440|Transaction-Type:200|Transaction-Id:|Response-Code:|).
[2015-05-29 17:14:40,179][Test worker][DEBUG][ProtocolSerializer] Finish decrypting cipher into original xml:<?xml version="1.0" encoding="UTF-8"?>
<VAT totalAmount="4700" code="foodA" rate="0"/>
[2015-05-29 17:14:40,179][Test worker][DEBUG][ProtocolSerializer] Start to do MAC(key=P2Bbo6+bSSR9O2Qc89f3b4oHTyE1V2gF) on (Protocal-Version:1.5|GPE_Id:GPE-111|Terminal-Id:111|Operator-Id:OPERATOR-111|Trans-BatchNumber:20150529|TractMsg-Id:1432890880176|Timestamp:20150529171440|Transaction-Type:200|Transaction-Id:|Response-Code:|<?xml version="1.0" encoding="UTF-8"?>
<VAT totalAmount="4700" code="foodA" rate="0"/>,hash=-1862986602), get digest:2f345817c025117a3d1d829a5ba2f08c
[2015-05-29 17:14:40,179][Test worker][DEBUG][MLotteryContext] find mapping file definition(xml-mapping/vat/SellTicket_Req.xml) by key(-2.transtype.200).
[2015-05-29 17:14:40,180][Test worker][DEBUG][ProtocolSerializer] Start to deserialize model: model=null,mappingFile=xml-mapping/vat/SellTicket_Req.xml
[2015-05-29 17:14:40,180][Test worker][DEBUG][MLotteryContext] find mapping file definition(xml-mapping/vat/SellTicket_Req.xml) by key(-2.transtype.200).
[2015-05-29 17:14:40,190][Test worker][DEBUG][RoutineRegistry] Try to lookup handler by routine key(-2_200_1.5.0).
[2015-05-29 17:14:40,191][Test worker][DEBUG][RoutineRegistry] Try to lookup handler by routine key(-2_200_).
[2015-05-29 17:14:40,191][Test worker][DEBUG][RoutineRegistry] Lookup controller by key(-2_200_), found controller(com.mpos.lottery.te.valueaddservice.vat.VatController@1aeefda9) and method(public void com.mpos.lottery.te.valueaddservice.vat.VatController.sell(com.mpos.lottery.te.port.Context,com.mpos.lottery.te.port.Context) throws com.mpos.lottery.te.config.exception.ApplicationException).
[2015-05-29 17:14:40,198][Test worker][DEBUG][UUIDServiceImpl] Assemble a new reference No.:01114745019400000921
[2015-05-29 17:14:40,205][Test worker][INFO ][AbstractGameInstanceService] No channel game instance time definiton found, ignore it.
[2015-05-29 17:14:40,209][Test worker][INFO ][AbstractGameInstanceService] No channel game instance time definiton found, ignore it.
[2015-05-29 17:14:40,209][Test worker][DEBUG][UUIDServiceImpl] Assemble a new ticket serial number:01111745819400021146
[2015-05-29 17:14:40,222][Test worker][DEBUG][DefaultLuckyNumberService] Use lucky number from REQUEUED RANGE(id=2) instead of main cycle.
[2015-05-29 17:14:40,223][Test worker][DEBUG][DefaultTicketValidator] THe max allowed multi-draw of operation parameter is 10, merchant limit to 3, the smaller 3 will be used.
[2015-05-29 17:14:40,237][Test worker][DEBUG][DefaultBalanceService] Operator before transaction -  Operator [id=OPERATOR-111, loginName=OPERATOR-LOGIN, creditType=1, saleCreditLevel=200000000, payoutCreditLevel=1000, cashoutBalance=0, commisionBalance=0]
[2015-05-29 17:14:40,237][Test worker][DEBUG][DefaultBalanceService] Found balance strategy:com.mpos.lottery.te.merchant.service.balance.PayoutBalanceStrategy@57df81d2
[2015-05-29 17:14:40,237][Test worker][DEBUG][DefaultBalanceService] Operator after transaction -  Operator [id=OPERATOR-111, loginName=OPERATOR-LOGIN, creditType=1, saleCreditLevel=200000000, payoutCreditLevel=2000, cashoutBalance=0, commisionBalance=0]
[2015-05-29 17:14:40,249][Test worker][DEBUG][DefaultBalanceService] Operator before transaction -  Operator [id=OPERATOR-111, loginName=OPERATOR-LOGIN, creditType=1, saleCreditLevel=200000000, payoutCreditLevel=2000, cashoutBalance=0, commisionBalance=200]
[2015-05-29 17:14:40,249][Test worker][DEBUG][DefaultBalanceService] Found balance strategy:com.mpos.lottery.te.merchant.service.balance.SaleBalanceStrategy@e1f8aba
[2015-05-29 17:14:40,249][Test worker][DEBUG][DefaultBalanceService] Operator after transaction -  Operator [id=OPERATOR-111, loginName=OPERATOR-LOGIN, creditType=1, saleCreditLevel=199999600.00, payoutCreditLevel=2000, cashoutBalance=0, commisionBalance=200]
[2015-05-29 17:14:40,255][Test worker][DEBUG][DefaultVatSaleService] Operator(id=OPERATOR-111) is in B2C, has bought ticket(serialNO=01111745819400021146) of game Type: LUCKYNUMBER
[2015-05-29 17:14:40,269][Test worker][DEBUG][CommonFacadeService] Prepare to publish message to exchange[TE.200] with routing key[TE.200.18]: transaction {
  id: "0115052900000000002403"
  dev_id: "111"
  operator_id: "OPERATOR-111"
  merchant_id: "111"
  create_time: 1432890880000
  trans_type: 200
  game_id: "LK-1"
  game_type: 18
  total_amount: "400.00"
}
multi_draw: 1
total_amount: "400.00"
serial_no: "y013eOifYgLRQ7g6vn/TJe/1TNNR/g2y"
game_instance {
  id: "GII-111"
}
entries {
  selected_number: "6"
  bet_option: 1
  total_bets: 1
  entry_amount: "100"
  input_channel: "0"
}
entries {
  selected_number: "7"
  bet_option: 1
  total_bets: 1
  entry_amount: "100"
  input_channel: "0"
}
entries {
  selected_number: "8"
  bet_option: 1
  total_bets: 1
  entry_amount: "100"
  input_channel: "0"
}
entries {
  selected_number: "9"
  bet_option: 1
  total_bets: 1
  entry_amount: "100"
  input_channel: "0"
}

[2015-05-29 17:14:40,269][Test worker][DEBUG][CommonFacadeService] Publish message successfully
[2015-05-29 17:14:40,270][Test worker][DEBUG][MLotteryContext] find mapping file definition(xml-mapping/vat/SellTicket_Magic100_Res.xml) by key(18.transtype.4200.-18).
[2015-05-29 17:14:40,270][Test worker][DEBUG][ProtocolSerializer] Start to serialize model(class com.mpos.lottery.te.valueaddservice.vat.VatSaleTransaction),mappingFile=xml-mapping/vat/SellTicket_Magic100_Res.xml
[2015-05-29 17:14:40,270][Test worker][DEBUG][MLotteryContext] find mapping file definition(xml-mapping/vat/SellTicket_Magic100_Res.xml) by key(18.transtype.4200.-18).
[2015-05-29 17:14:40,271][Test worker][DEBUG][CastorHelper] Finish marshaling input(typeclass com.mpos.lottery.te.valueaddservice.vat.VatSaleTransaction, mappingFile=xml-mapping/vat/SellTicket_Magic100_Res.xml).
[2015-05-29 17:14:40,271][Test worker][DEBUG][ProtocolSerializer] Finish mac(macKey=P2Bbo6+bSSR9O2Qc89f3b4oHTyE1V2gF,macString=Protocal-Version:-18|GPE_Id:GPE-111|Terminal-Id:111|Operator-Id:OPERATOR-111|Trans-BatchNumber:20150529|TractMsg-Id:1432890880176|Timestamp:20150529171440|Transaction-Type:4200|Transaction-Id:0115052900000000002403|Response-Code:200|<?xml version="1.0" encoding="UTF-8"?>
<VAT totalAmount="4700" code="foodA" rate="0.1" refNo="01114745019400000921"><Ticket serialNo="01111745819400021146" barcode="18cK/u9hwZY2Rogq4k24Oeg4G3HSlAl9EbjLdf+UJJlt9Se2CWmp8xagOfh3a994UtYBA4WCF4fkI=" type="1" validationCode="546259" multipleDraws="1" lastDrawNo="001" totalBets="4" totalAmount="400.00" isWinning="1"><GameDraw number="001" gameId="LK-1" gameTypeId="18"/><Entry selectedNumber="6" betOption="1" inputChannel="0" isWinning="0" prizeAmount="0" taxAmount="0" entryAmount="100"/><Entry selectedNumber="7" betOption="1" inputChannel="0" isWinning="0" prizeAmount="0" taxAmount="0" entryAmount="100"/><Entry selectedNumber="8" betOption="1" inputChannel="0" isWinning="1" prizeAmount="1000" taxAmount="0" entryAmount="100"/><Entry selectedNumber="9" betOption="1" inputChannel="0" isWinning="0" prizeAmount="0" taxAmount="0" entryAmount="100"/></Ticket></VAT>):b019c9c1a09c3d9fbec9c83380f820b8
[2015-05-29 17:14:40,272][Test worker][DEBUG][TEPortServlet] Write response to client(host1=localhost,sizeOfPack=1228) succesfully.
[2015-05-29 17:14:40,273][Test worker][DEBUG][BaseServletIntegrationTest] Got response(code=200,length=1228): <?xml version="1.0" encoding="UTF-8"?>
<VAT totalAmount="4700" code="foodA" rate="0.1" refNo="01114745019400000921"><Ticket serialNo="01111745819400021146" barcode="18cK/u9hwZY2Rogq4k24Oeg4G3HSlAl9EbjLdf+UJJlt9Se2CWmp8xagOfh3a994UtYBA4WCF4fkI=" type="1" validationCode="546259" multipleDraws="1" lastDrawNo="001" totalBets="4" totalAmount="400.00" isWinning="1"><GameDraw number="001" gameId="LK-1" gameTypeId="18"/><Entry selectedNumber="6" betOption="1" inputChannel="0" isWinning="0" prizeAmount="0" taxAmount="0" entryAmount="100"/><Entry selectedNumber="7" betOption="1" inputChannel="0" isWinning="0" prizeAmount="0" taxAmount="0" entryAmount="100"/><Entry selectedNumber="8" betOption="1" inputChannel="0" isWinning="1" prizeAmount="1000" taxAmount="0" entryAmount="100"/><Entry selectedNumber="9" betOption="1" inputChannel="0" isWinning="0" prizeAmount="0" taxAmount="0" entryAmount="100"/></Ticket></VAT>
[2015-05-29 17:14:40,273][Test worker][DEBUG][MLotteryContext] find mapping file definition(xml-mapping/vat/SellTicket_Magic100_Res.xml) by key(18.transtype.4200.-18).
]]></system-out>
  <system-err><![CDATA[]]></system-err>
</testsuite>
