<?xml version="1.0" encoding="UTF-8"?>
<testsuite name="com.mpos.lottery.te.valueaddservice.voucher.dao.jpa.JpaVoucherDaoTest" tests="2" skipped="0" failures="0" errors="0" timestamp="2015-05-29T09:14:44" hostname="Ramon-PC" time="0.02">
  <properties/>
  <testcase name="testFindByGameAndFaceAmount_NoEntity" classname="com.mpos.lottery.te.valueaddservice.voucher.dao.jpa.JpaVoucherDaoTest" time="0.012"/>
  <testcase name="testFindByGameAndFaceAmount" classname="com.mpos.lottery.te.valueaddservice.voucher.dao.jpa.JpaVoucherDaoTest" time="0.008"/>
  <system-out><![CDATA[[2015-05-29 17:14:44,116][Test worker][DEBUG][BaseTransactionalIntegrationTest] Retrieve a ApplicationContext(org.springframework.web.context.support.GenericWebApplicationContext@34f645a8: startup date [Fri May 29 17:12:38 CST 2015]; root of context hierarchy).
[2015-05-29 17:14:44,124][Test worker][DEBUG][BaseTransactionalIntegrationTest] Retrieve a ApplicationContext(org.springframework.web.context.support.GenericWebApplicationContext@34f645a8: startup date [Fri May 29 17:12:38 CST 2015]; root of context hierarchy).
]]></system-out>
  <system-err><![CDATA[]]></system-err>
</testsuite>
