<?xml version="1.0" encoding="UTF-8"?>
<testsuite name="com.mpos.lottery.te.common.util.PropertiesLoaderUnitTest" tests="4" skipped="0" failures="0" errors="0" timestamp="2015-05-29T09:12:33" hostname="Ramon-PC" time="0.003">
  <properties/>
  <testcase name="testGet" classname="com.mpos.lottery.te.common.util.PropertiesLoaderUnitTest" time="0.0"/>
  <testcase name="testGetDouble" classname="com.mpos.lottery.te.common.util.PropertiesLoaderUnitTest" time="0.001"/>
  <testcase name="testGetInt" classname="com.mpos.lottery.te.common.util.PropertiesLoaderUnitTest" time="0.0"/>
  <testcase name="testGetInstance" classname="com.mpos.lottery.te.common.util.PropertiesLoaderUnitTest" time="0.0"/>
  <system-out><![CDATA[3.3
]]></system-out>
  <system-err><![CDATA[]]></system-err>
</testsuite>
