<?xml version="1.0" encoding="UTF-8"?>
<testsuite name="com.mpos.lottery.te.gameimpl.lotto.prize.PrizeEnquiryIntegrationTest" tests="1" skipped="0" failures="0" errors="0" timestamp="2015-05-29T09:13:30" hostname="Ramon-PC" time="0.102">
  <properties/>
  <testcase name="testEnquiry_Return_TaxWhenPayout_BasedPerTicket_WinOnlyLuckyDraw_WinOnlyObject" classname="com.mpos.lottery.te.gameimpl.lotto.prize.PrizeEnquiryIntegrationTest" time="0.102"/>
  <system-out><![CDATA[[2015-05-29 17:13:30,351][Test worker][DEBUG][TEPortServlet] Startup job scheduer(org.quartz.impl.StdScheduler@4d1e5820) successfully.
[2015-05-29 17:13:30,351][Test worker][WARN ][TEPortServlet] can NOT find META file:F:\project\M.Lottery\TE\TRUNK_TE\sourcecode\build\classes\main\META-INF\MANIFEST.MF
[2015-05-29 17:13:30,351][Test worker][DEBUG][TEPortServlet] Register MBean(com.mpos.lottery.te.common.jmx.TransactionTimeout@1fd2a09a) with name(com.mpos.lottery.te:type=TransactionTimeoutMBean) successfully.
[2015-05-29 17:13:30,352][Test worker][DEBUG][BaseTransactionalIntegrationTest] Retrieve a ApplicationContext(org.springframework.web.context.support.GenericWebApplicationContext@34f645a8: startup date [Fri May 29 17:12:38 CST 2015]; root of context hierarchy).
[2015-05-29 17:13:30,352][Test worker][INFO ][BaseTransactionalIntegrationTest] +------------------------------------------------------------------------------------------------------------------------+
[2015-05-29 17:13:30,352][Test worker][INFO ][BaseTransactionalIntegrationTest] | PrizeEnquiryIntegrationTest.testEnquiry_Return_TaxWhenPayout_BasedPerTicket_WinOnlyLuckyDraw_WinOnlyObject             |
[2015-05-29 17:13:30,352][Test worker][INFO ][BaseTransactionalIntegrationTest] +------------------------------------------------------------------------------------------------------------------------+
[2015-05-29 17:13:30,360][Test worker][DEBUG][MLotteryContext] find mapping file definition(xml-mapping/game/lotto/EnquiryPrize_Req.xml) by key(1.transtype.301).
[2015-05-29 17:13:30,369][Test worker][DEBUG][CastorHelper] Finish marshaling input(typeclass com.mpos.lottery.te.gameimpl.lotto.sale.domain.LottoTicket, mappingFile=xml-mapping/game/lotto/EnquiryPrize_Req.xml).
[2015-05-29 17:13:30,369][Test worker][DEBUG][BaseServletIntegrationTest] Do MAC(key=P2Bbo6+bSSR9O2Qc89f3b4oHTyE1V2gF) on (Protocal-Version:1.5|GPE_Id:GPE-111|Terminal-Id:111|Operator-Id:OPERATOR-111|Trans-BatchNumber:20150529|TractMsg-Id:1432890810360|Timestamp:20150529171330|Transaction-Type:301|Transaction-Id:|Response-Code:|<?xml version="1.0" encoding="UTF-8"?>
<Ticket serialNo="S-123456" validationCode="111111"/>,hash=-1092637343), get digest:4f594fa0d62f9c528f63e322a6570d08
[2015-05-29 17:13:30,369][Test worker][DEBUG][TEPortServlet] Got request header(name=X-Transaction-Type, value=301).
[2015-05-29 17:13:30,369][Test worker][DEBUG][TEPortServlet] Got request header(name=X-Protocal-Version, value=1.5).
[2015-05-29 17:13:30,370][Test worker][DEBUG][TEPortServlet] Got request header(name=X-Timestamp, value=20150529171330).
[2015-05-29 17:13:30,370][Test worker][DEBUG][TEPortServlet] Got request header(name=X-GPE-Id, value=GPE-111).
[2015-05-29 17:13:30,370][Test worker][DEBUG][TEPortServlet] Got request header(name=X-Trace-Message-Id, value=1432890810360).
[2015-05-29 17:13:30,370][Test worker][DEBUG][TEPortServlet] Got request header(name=X-Operator-Id, value=OPERATOR-111).
[2015-05-29 17:13:30,370][Test worker][DEBUG][TEPortServlet] Got request header(name=X-Terminal-Id, value=111).
[2015-05-29 17:13:30,370][Test worker][DEBUG][TEPortServlet] Got request header(name=X-MAC, value=4f594fa0d62f9c528f63e322a6570d08).
[2015-05-29 17:13:30,370][Test worker][DEBUG][TEPortServlet] Got request header(name=X-Game-Type-Id, value=1).
[2015-05-29 17:13:30,370][Test worker][DEBUG][TEPortServlet] Got request header(name=X-Trans-BatchNumber, value=20150529).
[2015-05-29 17:13:30,370][Test worker][DEBUG][TEPortServlet] Got request header(name=X-GPS-Location, value=40.714353,-74.005973).
[2015-05-29 17:13:30,371][Test worker][DEBUG][TEPortServlet] Got request from localhost, and the message body is:pq3FqO8HCcAnaobA+xpVnADmrnwj1vrK59BGhqvtskYFWTsa2cbe6ttFDFcpmi1MamgAomcAmY7ZtCcdDkhkRrCXDK2x4EDMo0KLMTKd7D9/oiuZDONWBtcYexf6q8QR.
[2015-05-29 17:13:30,371][Test worker][DEBUG][ProtocolSerializer] Start to deserialize request context(Protocal-Version:1.5|GPE_Id:GPE-111|Terminal-Id:111|Operator-Id:OPERATOR-111|Trans-BatchNumber:20150529|TractMsg-Id:1432890810360|Timestamp:20150529171330|Transaction-Type:301|Transaction-Id:|Response-Code:|).
[2015-05-29 17:13:30,372][Test worker][DEBUG][ProtocolSerializer] Finish decrypting cipher into original xml:<?xml version="1.0" encoding="UTF-8"?>
<Ticket serialNo="S-123456" validationCode="111111"/>
[2015-05-29 17:13:30,372][Test worker][DEBUG][ProtocolSerializer] Start to do MAC(key=P2Bbo6+bSSR9O2Qc89f3b4oHTyE1V2gF) on (Protocal-Version:1.5|GPE_Id:GPE-111|Terminal-Id:111|Operator-Id:OPERATOR-111|Trans-BatchNumber:20150529|TractMsg-Id:1432890810360|Timestamp:20150529171330|Transaction-Type:301|Transaction-Id:|Response-Code:|<?xml version="1.0" encoding="UTF-8"?>
<Ticket serialNo="S-123456" validationCode="111111"/>,hash=-1092637343), get digest:4f594fa0d62f9c528f63e322a6570d08
[2015-05-29 17:13:30,372][Test worker][DEBUG][MLotteryContext] find mapping file definition(xml-mapping/game/lotto/EnquiryPrize_Req.xml) by key(1.transtype.301).
[2015-05-29 17:13:30,372][Test worker][DEBUG][ProtocolSerializer] Start to deserialize model: model=null,mappingFile=xml-mapping/game/lotto/EnquiryPrize_Req.xml
[2015-05-29 17:13:30,372][Test worker][DEBUG][MLotteryContext] find mapping file definition(xml-mapping/game/lotto/EnquiryPrize_Req.xml) by key(1.transtype.301).
[2015-05-29 17:13:30,387][Test worker][DEBUG][RoutineRegistry] Try to lookup handler by routine key(1_301_1.5.0).
[2015-05-29 17:13:30,387][Test worker][DEBUG][RoutineRegistry] Try to lookup handler by routine key(1_301_).
[2015-05-29 17:13:30,387][Test worker][DEBUG][RoutineRegistry] Lookup controller by key(1_301_), found controller(com.mpos.lottery.te.gameimpl.lotto.LottoController@388c6589) and method(public void com.mpos.lottery.te.gameimpl.lotto.LottoController.enquiryPrize(com.mpos.lottery.te.port.Context,com.mpos.lottery.te.port.Context) throws com.mpos.lottery.te.config.exception.ApplicationException).
[2015-05-29 17:13:30,387][Test worker][DEBUG][AbstractPrizeService] Enquiry prize information of ticket:9pkxn/npytVqVbOF5fPlsg==
[2015-05-29 17:13:30,406][Test worker][DEBUG][AbstractPrizeService] Handle winnings of lucky draw of ticket(serialNo:9pkxn/npytVqVbOF5fPlsg==), total 1 winning items found.
[2015-05-29 17:13:30,418][Test worker][DEBUG][CommonFacadeService] No need to publish AMQP message of transaction(PRIZE_ENQUIRY)
[2015-05-29 17:13:30,418][Test worker][DEBUG][MLotteryContext] find mapping file definition(xml-mapping/game/lotto/EnquiryPrize_Res.xml) by key(1.transtype.4301).
[2015-05-29 17:13:30,418][Test worker][DEBUG][ProtocolSerializer] Start to serialize model(class com.mpos.lottery.te.gamespec.prize.web.PrizeDto),mappingFile=xml-mapping/game/lotto/EnquiryPrize_Res.xml
[2015-05-29 17:13:30,418][Test worker][DEBUG][MLotteryContext] find mapping file definition(xml-mapping/game/lotto/EnquiryPrize_Res.xml) by key(1.transtype.4301).
[2015-05-29 17:13:30,437][Test worker][DEBUG][CastorHelper] Finish marshaling input(typeclass com.mpos.lottery.te.gamespec.prize.web.PrizeDto, mappingFile=xml-mapping/game/lotto/EnquiryPrize_Res.xml).
[2015-05-29 17:13:30,437][Test worker][DEBUG][ProtocolSerializer] Finish mac(macKey=P2Bbo6+bSSR9O2Qc89f3b4oHTyE1V2gF,macString=Protocal-Version:1.5|GPE_Id:GPE-111|Terminal-Id:111|Operator-Id:OPERATOR-111|Trans-BatchNumber:20150529|TractMsg-Id:1432890810360|Timestamp:20150529171330|Transaction-Type:4301|Transaction-Id:0115052900000000001580|Response-Code:200|<?xml version="1.0" encoding="UTF-8"?>
<Prize returnAmount="0" mode="0" prizeAmount="0" taxAmount="0" actualAmount="0" luckyAmount="8000.00" isVerifyPIN="1"><Ticket serialNo="S-123456" totalAmount="5000.2"/><PrizeItem type="2"><GameDraw number="001" gameId="LD-1"/><Winning level="4" prizeAmount="0" taxAmount="0" actualAmount="0" numberOfPrize="2"><PrizeObject name="Sony Camera" count="2" taxAmount="500" price="2000"/></Winning></PrizeItem></Prize>):3dd0576be07cb9b5be9c2c86fe590246
[2015-05-29 17:13:30,438][Test worker][DEBUG][TEPortServlet] Write response to client(host1=localhost,sizeOfPack=608) succesfully.
[2015-05-29 17:13:30,438][Test worker][DEBUG][BaseServletIntegrationTest] Got response(code=200,length=608): <?xml version="1.0" encoding="UTF-8"?>
<Prize returnAmount="0" mode="0" prizeAmount="0" taxAmount="0" actualAmount="0" luckyAmount="8000.00" isVerifyPIN="1"><Ticket serialNo="S-123456" totalAmount="5000.2"/><PrizeItem type="2"><GameDraw number="001" gameId="LD-1"/><Winning level="4" prizeAmount="0" taxAmount="0" actualAmount="0" numberOfPrize="2"><PrizeObject name="Sony Camera" count="2" taxAmount="500" price="2000"/></Winning></PrizeItem></Prize>
[2015-05-29 17:13:30,438][Test worker][DEBUG][MLotteryContext] find mapping file definition(xml-mapping/game/lotto/EnquiryPrize_Res.xml) by key(1.transtype.4301).
]]></system-out>
  <system-err><![CDATA[]]></system-err>
</testsuite>
