<?xml version="1.0" encoding="UTF-8"?>
<testsuite name="com.mpos.lottery.te.common.util.HexCoderUnitTest" tests="2" skipped="0" failures="0" errors="0" timestamp="2015-05-29T09:12:33" hostname="Ramon-PC" time="0.001">
  <properties/>
  <testcase name="testHex" classname="com.mpos.lottery.te.common.util.HexCoderUnitTest" time="0.001"/>
  <testcase name="testHex_1" classname="com.mpos.lottery.te.common.util.HexCoderUnitTest" time="0.0"/>
  <system-out><![CDATA[default charset:GBK
Hex representation:31
default charset:GBK
Hex representation:313537383233313139303231
lhIQA7kYQDGqZWQhZAjGbSDGQVT0qgxCLS+c3FaY8UNIp5Lwo5nJ3Jb/HQAxwu4x
]]></system-out>
  <system-err><![CDATA[]]></system-err>
</testsuite>
