<?xml version="1.0" encoding="UTF-8"?>
<testsuite name="com.mpos.lottery.te.gameimpl.magic100.sale.RequeuedNumbersUnitTest" tests="1" skipped="0" failures="0" errors="0" timestamp="2015-05-29T09:13:36" hostname="Ramon-PC" time="0.0">
  <properties/>
  <testcase name="testLookupValidItems" classname="com.mpos.lottery.te.gameimpl.magic100.sale.RequeuedNumbersUnitTest" time="0.0"/>
  <system-out><![CDATA[]]></system-out>
  <system-err><![CDATA[]]></system-err>
</testsuite>
