<?xml version="1.0" encoding="UTF-8"?>
<testsuite name="com.mpos.lottery.te.gameimpl.lotto.sale.domain.logic.lotto.BetOptionStrategyUnitTest" tests="1" skipped="0" failures="0" errors="0" timestamp="2015-05-29T09:13:32" hostname="Ramon-PC" time="0.001">
  <properties/>
  <testcase name="testRegex" classname="com.mpos.lottery.te.gameimpl.lotto.sale.domain.logic.lotto.BetOptionStrategyUnitTest" time="0.001"/>
  <system-out><![CDATA[1
3
5
6
]]></system-out>
  <system-err><![CDATA[]]></system-err>
</testsuite>
