<?xml version="1.0" encoding="UTF-8"?>
<testsuite name="com.mpos.lottery.te.merchant.dao.MerchantCommissionDaoIntegrationTest" tests="2" skipped="0" failures="0" errors="0" timestamp="2015-05-29T09:13:51" hostname="Ramon-PC" time="0.029">
  <properties/>
  <testcase name="testGetByMerchantAndGame" classname="com.mpos.lottery.te.merchant.dao.MerchantCommissionDaoIntegrationTest" time="0.017"/>
  <testcase name="testGetByMerchantAndGame_EntityInstance" classname="com.mpos.lottery.te.merchant.dao.MerchantCommissionDaoIntegrationTest" time="0.011"/>
  <system-out><![CDATA[[2015-05-29 17:13:51,863][Test worker][DEBUG][BaseTransactionalIntegrationTest] Retrieve a ApplicationContext(org.springframework.web.context.support.GenericWebApplicationContext@34f645a8: startup date [Fri May 29 17:12:38 CST 2015]; root of context hierarchy).
[2015-05-29 17:13:51,873][Test worker][DEBUG][BaseTransactionalIntegrationTest] Retrieve a ApplicationContext(org.springframework.web.context.support.GenericWebApplicationContext@34f645a8: startup date [Fri May 29 17:12:38 CST 2015]; root of context hierarchy).
[2015-05-29 17:13:51,874][Test worker][DEBUG][MerchantCommissionDaoIntegrationTest] oldComm:com.mpos.lottery.te.merchant.domain.MerchantCommission@363c4726
[2015-05-29 17:13:51,876][Test worker][DEBUG][MerchantCommissionDaoIntegrationTest] newComm:com.mpos.lottery.te.merchant.domain.MerchantCommission@363c4726
[2015-05-29 17:13:51,878][Test worker][DEBUG][MerchantCommissionDaoIntegrationTest] latestComm:com.mpos.lottery.te.merchant.domain.MerchantCommission@761974d0
[2015-05-29 17:13:51,878][Test worker][DEBUG][MerchantCommissionDaoIntegrationTest] newComm:com.mpos.lottery.te.merchant.domain.MerchantCommission@363c4726
[2015-05-29 17:13:51,878][Test worker][DEBUG][MerchantCommissionDaoIntegrationTest] mergerd newComm:com.mpos.lottery.te.merchant.domain.MerchantCommission@761974d0
]]></system-out>
  <system-err><![CDATA[]]></system-err>
</testsuite>
