<?xml version="1.0" encoding="UTF-8"?>
<testsuite name="com.mpos.lottery.te.trans.dao.JpaSettlementLogItemDaoIntegrationTest" tests="2" skipped="0" failures="0" errors="0" timestamp="2015-05-29T09:14:05" hostname="Ramon-PC" time="0.019">
  <properties/>
  <testcase name="testFindByOperator" classname="com.mpos.lottery.te.trans.dao.JpaSettlementLogItemDaoIntegrationTest" time="0.012"/>
  <testcase name="testFindByOperator_NoEntity" classname="com.mpos.lottery.te.trans.dao.JpaSettlementLogItemDaoIntegrationTest" time="0.007"/>
  <system-out><![CDATA[[2015-05-29 17:14:05,998][Test worker][DEBUG][BaseTransactionalIntegrationTest] Retrieve a ApplicationContext(org.springframework.web.context.support.GenericWebApplicationContext@34f645a8: startup date [Fri May 29 17:12:38 CST 2015]; root of context hierarchy).
[2015-05-29 17:14:06,005][Test worker][DEBUG][BaseTransactionalIntegrationTest] Retrieve a ApplicationContext(org.springframework.web.context.support.GenericWebApplicationContext@34f645a8: startup date [Fri May 29 17:12:38 CST 2015]; root of context hierarchy).
]]></system-out>
  <system-err><![CDATA[]]></system-err>
</testsuite>
