<?xml version="1.0" encoding="UTF-8"?>
<testsuite name="com.mpos.lottery.te.gameimpl.lfn.prize.LfnPayoutConfirmationIntegrationTest" tests="4" skipped="0" failures="0" errors="0" timestamp="2015-05-29T09:13:10" hostname="Ramon-PC" time="0.821">
  <properties/>
  <testcase name="testPayout_TaxOnWinnerAnalysis_Refund_SingleDraw_OK" classname="com.mpos.lottery.te.gameimpl.lfn.prize.LfnPayoutConfirmationIntegrationTest" time="0.276"/>
  <testcase name="testPayout_TaxOnWinnerAnalysis_NewPrint_SingleDraw_OK" classname="com.mpos.lottery.te.gameimpl.lfn.prize.LfnPayoutConfirmationIntegrationTest" time="0.13"/>
  <testcase name="testPayout_TaxOnWinnerAnalysis_NewPrint_MultiDraw_OK" classname="com.mpos.lottery.te.gameimpl.lfn.prize.LfnPayoutConfirmationIntegrationTest" time="0.225"/>
  <testcase name="testPayout_TaxOnWinnerAnalysis_Refund_MultiDraw_OK" classname="com.mpos.lottery.te.gameimpl.lfn.prize.LfnPayoutConfirmationIntegrationTest" time="0.189"/>
  <system-out><![CDATA[[2015-05-29 17:13:10,880][Test worker][DEBUG][TEPortServlet] Startup job scheduer(org.quartz.impl.StdScheduler@4d1e5820) successfully.
[2015-05-29 17:13:10,880][Test worker][WARN ][TEPortServlet] can NOT find META file:F:\project\M.Lottery\TE\TRUNK_TE\sourcecode\build\classes\main\META-INF\MANIFEST.MF
[2015-05-29 17:13:10,880][Test worker][DEBUG][TEPortServlet] Register MBean(com.mpos.lottery.te.common.jmx.TransactionTimeout@ae21718) with name(com.mpos.lottery.te:type=TransactionTimeoutMBean) successfully.
[2015-05-29 17:13:10,881][Test worker][DEBUG][BaseTransactionalIntegrationTest] Retrieve a ApplicationContext(org.springframework.web.context.support.GenericWebApplicationContext@34f645a8: startup date [Fri May 29 17:12:38 CST 2015]; root of context hierarchy).
[2015-05-29 17:13:10,881][Test worker][INFO ][BaseTransactionalIntegrationTest] +------------------------------------------------------------------------------------------------------------------------+
[2015-05-29 17:13:10,881][Test worker][INFO ][BaseTransactionalIntegrationTest] | LfnPayoutConfirmationIntegrationTest.testPayout_TaxOnWinnerAnalysis_Refund_SingleDraw_OK                               |
[2015-05-29 17:13:10,881][Test worker][INFO ][BaseTransactionalIntegrationTest] +------------------------------------------------------------------------------------------------------------------------+
[2015-05-29 17:13:10,895][Test worker][DEBUG][MLotteryContext] find mapping file definition(xml-mapping/game/lfn/Payout_Req.xml) by key(15.transtype.302).
[2015-05-29 17:13:10,909][Test worker][DEBUG][CastorHelper] Finish marshaling input(typeclass com.mpos.lottery.te.gameimpl.lfn.sale.LfnTicket, mappingFile=xml-mapping/game/lfn/Payout_Req.xml).
[2015-05-29 17:13:10,910][Test worker][DEBUG][BaseServletIntegrationTest] Do MAC(key=P2Bbo6+bSSR9O2Qc89f3b4oHTyE1V2gF) on (Protocal-Version:1.5|GPE_Id:GPE-111|Terminal-Id:111|Operator-Id:OPERATOR-111|Trans-BatchNumber:20150529|TractMsg-Id:1432890790895|Timestamp:20150529171310|Transaction-Type:302|Transaction-Id:|Response-Code:|<?xml version="1.0" encoding="UTF-8"?>
<Ticket serialNo="S-123456" PIN="!!!!" inputChannel="0" validationCode="111111"/>,hash=1623396888), get digest:ace25d4e40dbfeee297673659778c2cf
[2015-05-29 17:13:10,910][Test worker][DEBUG][TEPortServlet] Got request header(name=X-Transaction-Type, value=302).
[2015-05-29 17:13:10,910][Test worker][DEBUG][TEPortServlet] Got request header(name=X-Protocal-Version, value=1.5).
[2015-05-29 17:13:10,910][Test worker][DEBUG][TEPortServlet] Got request header(name=X-Timestamp, value=20150529171310).
[2015-05-29 17:13:10,910][Test worker][DEBUG][TEPortServlet] Got request header(name=X-GPE-Id, value=GPE-111).
[2015-05-29 17:13:10,910][Test worker][DEBUG][TEPortServlet] Got request header(name=X-Trace-Message-Id, value=1432890790895).
[2015-05-29 17:13:10,910][Test worker][DEBUG][TEPortServlet] Got request header(name=X-Operator-Id, value=OPERATOR-111).
[2015-05-29 17:13:10,911][Test worker][DEBUG][TEPortServlet] Got request header(name=X-Terminal-Id, value=111).
[2015-05-29 17:13:10,911][Test worker][DEBUG][TEPortServlet] Got request header(name=X-MAC, value=ace25d4e40dbfeee297673659778c2cf).
[2015-05-29 17:13:10,911][Test worker][DEBUG][TEPortServlet] Got request header(name=X-Game-Type-Id, value=15).
[2015-05-29 17:13:10,911][Test worker][DEBUG][TEPortServlet] Got request header(name=X-Trans-BatchNumber, value=20150529).
[2015-05-29 17:13:10,911][Test worker][DEBUG][TEPortServlet] Got request header(name=X-GPS-Location, value=40.714353,-74.005973).
[2015-05-29 17:13:10,915][Test worker][DEBUG][TEPortServlet] Got request from localhost, and the message body is:pq3FqO8HCcAnaobA+xpVnADmrnwj1vrK59BGhqvtskYFWTsa2cbe6ttFDFcpmi1MamgAomcAmY7ZtCcdDkhkRjtWjJyr8M54qqocann+KX7wRQCJ+AVoh//FhwE0rPzDh4N+kLsFhN615HbJEdNjFzRoentVKsAF4tqrfpt77Xc=.
[2015-05-29 17:13:10,915][Test worker][DEBUG][ProtocolSerializer] Start to deserialize request context(Protocal-Version:1.5|GPE_Id:GPE-111|Terminal-Id:111|Operator-Id:OPERATOR-111|Trans-BatchNumber:20150529|TractMsg-Id:1432890790895|Timestamp:20150529171310|Transaction-Type:302|Transaction-Id:|Response-Code:|).
[2015-05-29 17:13:10,915][Test worker][DEBUG][ProtocolSerializer] Finish decrypting cipher into original xml:<?xml version="1.0" encoding="UTF-8"?>
<Ticket serialNo="S-123456" PIN="!!!!" inputChannel="0" validationCode="111111"/>
[2015-05-29 17:13:10,916][Test worker][DEBUG][ProtocolSerializer] Start to do MAC(key=P2Bbo6+bSSR9O2Qc89f3b4oHTyE1V2gF) on (Protocal-Version:1.5|GPE_Id:GPE-111|Terminal-Id:111|Operator-Id:OPERATOR-111|Trans-BatchNumber:20150529|TractMsg-Id:1432890790895|Timestamp:20150529171310|Transaction-Type:302|Transaction-Id:|Response-Code:|<?xml version="1.0" encoding="UTF-8"?>
<Ticket serialNo="S-123456" PIN="!!!!" inputChannel="0" validationCode="111111"/>,hash=1623396888), get digest:ace25d4e40dbfeee297673659778c2cf
[2015-05-29 17:13:10,916][Test worker][DEBUG][MLotteryContext] find mapping file definition(xml-mapping/game/lfn/Payout_Req.xml) by key(15.transtype.302).
[2015-05-29 17:13:10,916][Test worker][DEBUG][ProtocolSerializer] Start to deserialize model: model=null,mappingFile=xml-mapping/game/lfn/Payout_Req.xml
[2015-05-29 17:13:10,916][Test worker][DEBUG][MLotteryContext] find mapping file definition(xml-mapping/game/lfn/Payout_Req.xml) by key(15.transtype.302).
[2015-05-29 17:13:10,969][Test worker][DEBUG][RoutineRegistry] Try to lookup handler by routine key(15_302_1.5.0).
[2015-05-29 17:13:10,969][Test worker][DEBUG][RoutineRegistry] Try to lookup handler by routine key(15_302_).
[2015-05-29 17:13:10,969][Test worker][DEBUG][RoutineRegistry] Lookup controller by key(15_302_), found controller(com.mpos.lottery.te.gameimpl.lfn.LfnController@444e8ac1) and method(public void com.mpos.lottery.te.gameimpl.lfn.LfnController.payout(com.mpos.lottery.te.port.Context,com.mpos.lottery.te.port.Context) throws com.mpos.lottery.te.config.exception.ApplicationException).
[2015-05-29 17:13:11,013][Test worker][DEBUG][AbstractPrizeService] Handle winnings of lucky draw of ticket(serialNo:9pkxn/npytVqVbOF5fPlsg==), total 0 winning items found.
[2015-05-29 17:13:11,020][Test worker][DEBUG][MerchantServiceImpl] Use the payout-limit setting(max=10000000,min=100) of Operator(Operator [id=OPERATOR-111, loginName=OPERATOR-LOGIN, creditType=1, saleCreditLevel=200000000, payoutCreditLevel=1000, cashoutBalance=0, commisionBalance=0]) to verify payout limit.
[2015-05-29 17:13:11,020][Test worker][DEBUG][DefaultPayoutStrategyFactory] Usage payout strategy(com.mpos.lottery.te.gamespec.prize.support.payoutstrategy.RefundPayoutStrategy@71b3f9c) for payout mode:0
[2015-05-29 17:13:11,025][Test worker][DEBUG][DefaultCreditService] Calculate commssion for (merchant=111 +operator=OPERATOR-111,gameId=LFN-1,commType=1,commRate=0.1) 
[2015-05-29 17:13:11,039][Test worker][DEBUG][DefaultCreditService] The current credit level(before transaction) of Operator [id=OPERATOR-111, loginName=OPERATOR-LOGIN, creditType=1, saleCreditLevel=200000000, payoutCreditLevel=1000, cashoutBalance=0, commisionBalance=0] is saleCreditLevel:200000000,payoutCreditLevel:1000
[2015-05-29 17:13:11,040][Test worker][DEBUG][DefaultCreditService] The new payout credit level of Operator [id=OPERATOR-111, loginName=OPERATOR-LOGIN, creditType=1, saleCreditLevel=200000000, payoutCreditLevel=23200, cashoutBalance=0, commisionBalance=2220.000000] is 23200
[2015-05-29 17:13:11,052][Test worker][DEBUG][CommonFacadeService] Prepare to publish message to exchange[TE.302] with routing key[TE.302.15]: id: "0115052900000000000468"
dev_id: "111"
operator_id: "OPERATOR-111"
merchant_id: "111"
create_time: 1432890790000
trans_type: 302
game_id: "LFN-1"
game_type: 15
total_amount: "22200"

[2015-05-29 17:13:11,052][Test worker][DEBUG][CommonFacadeService] Publish message successfully
[2015-05-29 17:13:11,052][Test worker][DEBUG][MLotteryContext] find mapping file definition(xml-mapping/game/lfn/Payout_Res.xml) by key(15.transtype.4302).
[2015-05-29 17:13:11,052][Test worker][DEBUG][ProtocolSerializer] Start to serialize model(class com.mpos.lottery.te.gamespec.prize.web.PrizeDto),mappingFile=xml-mapping/game/lfn/Payout_Res.xml
[2015-05-29 17:13:11,052][Test worker][DEBUG][MLotteryContext] find mapping file definition(xml-mapping/game/lfn/Payout_Res.xml) by key(15.transtype.4302).
[2015-05-29 17:13:11,076][Test worker][DEBUG][CastorHelper] Finish marshaling input(typeclass com.mpos.lottery.te.gamespec.prize.web.PrizeDto, mappingFile=xml-mapping/game/lfn/Payout_Res.xml).
[2015-05-29 17:13:11,076][Test worker][DEBUG][ProtocolSerializer] Finish mac(macKey=P2Bbo6+bSSR9O2Qc89f3b4oHTyE1V2gF,macString=Protocal-Version:1.5|GPE_Id:GPE-111|Terminal-Id:111|Operator-Id:OPERATOR-111|Trans-BatchNumber:20150529|TractMsg-Id:1432890790895|Timestamp:20150529171310|Transaction-Type:4302|Transaction-Id:0115052900000000000468|Response-Code:200|<?xml version="1.0" encoding="UTF-8"?>
<Payout returnAmount="0" luckyAmount="0" prizeAmount="24400" taxAmount="2200" actualAmount="22200" mode="0"/>):795aed47fd6260299f1bbc7ed4c246cf
[2015-05-29 17:13:11,077][Test worker][DEBUG][TEPortServlet] Write response to client(host1=localhost,sizeOfPack=204) succesfully.
[2015-05-29 17:13:11,078][Test worker][DEBUG][BaseServletIntegrationTest] Got response(code=200,length=204): <?xml version="1.0" encoding="UTF-8"?>
<Payout returnAmount="0" luckyAmount="0" prizeAmount="24400" taxAmount="2200" actualAmount="22200" mode="0"/>
[2015-05-29 17:13:11,078][Test worker][DEBUG][MLotteryContext] find mapping file definition(xml-mapping/game/lfn/Payout_Res.xml) by key(15.transtype.4302).
[2015-05-29 17:13:11,080][Test worker][DEBUG][MLotteryContext] find mapping file definition(xml-mapping/game/lfn/EnquiryPrize_Req.xml) by key(15.transtype.205).
[2015-05-29 17:13:11,091][Test worker][DEBUG][CastorHelper] Finish marshaling input(typeclass com.mpos.lottery.te.gameimpl.lfn.sale.LfnTicket, mappingFile=xml-mapping/game/lfn/EnquiryPrize_Req.xml).
[2015-05-29 17:13:11,091][Test worker][DEBUG][BaseServletIntegrationTest] Do MAC(key=P2Bbo6+bSSR9O2Qc89f3b4oHTyE1V2gF) on (Protocal-Version:1.5|GPE_Id:GPE-111|Terminal-Id:111|Operator-Id:OPERATOR-111|Trans-BatchNumber:20150529|TractMsg-Id:1432890791080|Timestamp:20150529171311|Transaction-Type:205|Transaction-Id:|Response-Code:|<?xml version="1.0" encoding="UTF-8"?>
<Ticket serialNo="S-123456" validationCode="111111"/>,hash=-1238443324), get digest:55741dc75dc8f50168c01f6c25860e41
[2015-05-29 17:13:11,092][Test worker][DEBUG][TEPortServlet] Got request header(name=X-Transaction-Type, value=205).
[2015-05-29 17:13:11,092][Test worker][DEBUG][TEPortServlet] Got request header(name=X-Protocal-Version, value=1.5).
[2015-05-29 17:13:11,092][Test worker][DEBUG][TEPortServlet] Got request header(name=X-Timestamp, value=20150529171311).
[2015-05-29 17:13:11,092][Test worker][DEBUG][TEPortServlet] Got request header(name=X-GPE-Id, value=GPE-111).
[2015-05-29 17:13:11,092][Test worker][DEBUG][TEPortServlet] Got request header(name=X-Trace-Message-Id, value=1432890791080).
[2015-05-29 17:13:11,092][Test worker][DEBUG][TEPortServlet] Got request header(name=X-Operator-Id, value=OPERATOR-111).
[2015-05-29 17:13:11,092][Test worker][DEBUG][TEPortServlet] Got request header(name=X-Terminal-Id, value=111).
[2015-05-29 17:13:11,092][Test worker][DEBUG][TEPortServlet] Got request header(name=X-MAC, value=55741dc75dc8f50168c01f6c25860e41).
[2015-05-29 17:13:11,092][Test worker][DEBUG][TEPortServlet] Got request header(name=X-Game-Type-Id, value=15).
[2015-05-29 17:13:11,092][Test worker][DEBUG][TEPortServlet] Got request header(name=X-Trans-BatchNumber, value=20150529).
[2015-05-29 17:13:11,092][Test worker][DEBUG][TEPortServlet] Got request header(name=X-GPS-Location, value=40.714353,-74.005973).
[2015-05-29 17:13:11,094][Test worker][DEBUG][TEPortServlet] Got request from localhost, and the message body is:pq3FqO8HCcAnaobA+xpVnADmrnwj1vrK59BGhqvtskYFWTsa2cbe6ttFDFcpmi1MamgAomcAmY7ZtCcdDkhkRrCXDK2x4EDMo0KLMTKd7D9/oiuZDONWBtcYexf6q8QR.
[2015-05-29 17:13:11,094][Test worker][DEBUG][ProtocolSerializer] Start to deserialize request context(Protocal-Version:1.5|GPE_Id:GPE-111|Terminal-Id:111|Operator-Id:OPERATOR-111|Trans-BatchNumber:20150529|TractMsg-Id:1432890791080|Timestamp:20150529171311|Transaction-Type:205|Transaction-Id:|Response-Code:|).
[2015-05-29 17:13:11,095][Test worker][DEBUG][ProtocolSerializer] Finish decrypting cipher into original xml:<?xml version="1.0" encoding="UTF-8"?>
<Ticket serialNo="S-123456" validationCode="111111"/>
[2015-05-29 17:13:11,095][Test worker][DEBUG][ProtocolSerializer] Start to do MAC(key=P2Bbo6+bSSR9O2Qc89f3b4oHTyE1V2gF) on (Protocal-Version:1.5|GPE_Id:GPE-111|Terminal-Id:111|Operator-Id:OPERATOR-111|Trans-BatchNumber:20150529|TractMsg-Id:1432890791080|Timestamp:20150529171311|Transaction-Type:205|Transaction-Id:|Response-Code:|<?xml version="1.0" encoding="UTF-8"?>
<Ticket serialNo="S-123456" validationCode="111111"/>,hash=-1238443324), get digest:55741dc75dc8f50168c01f6c25860e41
[2015-05-29 17:13:11,095][Test worker][DEBUG][MLotteryContext] find mapping file definition(xml-mapping/game/lfn/EnquiryPrize_Req.xml) by key(15.transtype.205).
[2015-05-29 17:13:11,095][Test worker][DEBUG][ProtocolSerializer] Start to deserialize model: model=null,mappingFile=xml-mapping/game/lfn/EnquiryPrize_Req.xml
[2015-05-29 17:13:11,095][Test worker][DEBUG][MLotteryContext] find mapping file definition(xml-mapping/game/lfn/EnquiryPrize_Req.xml) by key(15.transtype.205).
[2015-05-29 17:13:11,119][Test worker][DEBUG][RoutineRegistry] Try to lookup handler by routine key(15_205_1.5.0).
[2015-05-29 17:13:11,119][Test worker][DEBUG][RoutineRegistry] Try to lookup handler by routine key(15_205_).
[2015-05-29 17:13:11,119][Test worker][DEBUG][RoutineRegistry] Lookup controller by key(15_205_), found controller(com.mpos.lottery.te.gameimpl.lfn.LfnController@444e8ac1) and method(public void com.mpos.lottery.te.gameimpl.lfn.LfnController.confirmPayout(com.mpos.lottery.te.port.Context,com.mpos.lottery.te.port.Context) throws com.mpos.lottery.te.config.exception.ApplicationException).
[2015-05-29 17:13:11,130][Test worker][DEBUG][DefaultPayoutStrategyFactory] Usage payout strategy(com.mpos.lottery.te.gamespec.prize.support.payoutstrategy.RefundPayoutStrategy@71b3f9c) for payout mode:0
[2015-05-29 17:13:11,134][Test worker][DEBUG][CommonFacadeService] No need to publish AMQP message of transaction(CONFIRM_PAYOUT)
[2015-05-29 17:13:11,134][Test worker][DEBUG][ProtocolSerializer] Finish mac(macKey=P2Bbo6+bSSR9O2Qc89f3b4oHTyE1V2gF,macString=Protocal-Version:1.5|GPE_Id:GPE-111|Terminal-Id:111|Operator-Id:OPERATOR-111|Trans-BatchNumber:20150529|TractMsg-Id:1432890791080|Timestamp:20150529171311|Transaction-Type:4205|Transaction-Id:0115052900000000000471|Response-Code:200|):59d3cc7000bdf2618b5b6746974d6332
[2015-05-29 17:13:11,134][Test worker][DEBUG][BaseServletIntegrationTest] Got response(code=200,length=0): 
[2015-05-29 17:13:11,149][Test worker][DEBUG][TEPortServlet] Startup job scheduer(org.quartz.impl.StdScheduler@4d1e5820) successfully.
[2015-05-29 17:13:11,149][Test worker][WARN ][TEPortServlet] can NOT find META file:F:\project\M.Lottery\TE\TRUNK_TE\sourcecode\build\classes\main\META-INF\MANIFEST.MF
[2015-05-29 17:13:11,149][Test worker][DEBUG][TEPortServlet] Register MBean(com.mpos.lottery.te.common.jmx.TransactionTimeout@4d5a056d) with name(com.mpos.lottery.te:type=TransactionTimeoutMBean) successfully.
[2015-05-29 17:13:11,150][Test worker][DEBUG][BaseTransactionalIntegrationTest] Retrieve a ApplicationContext(org.springframework.web.context.support.GenericWebApplicationContext@34f645a8: startup date [Fri May 29 17:12:38 CST 2015]; root of context hierarchy).
[2015-05-29 17:13:11,150][Test worker][INFO ][BaseTransactionalIntegrationTest] +------------------------------------------------------------------------------------------------------------------------+
[2015-05-29 17:13:11,150][Test worker][INFO ][BaseTransactionalIntegrationTest] | LfnPayoutConfirmationIntegrationTest.testPayout_TaxOnWinnerAnalysis_NewPrint_SingleDraw_OK                             |
[2015-05-29 17:13:11,150][Test worker][INFO ][BaseTransactionalIntegrationTest] +------------------------------------------------------------------------------------------------------------------------+
[2015-05-29 17:13:11,158][Test worker][DEBUG][MLotteryContext] find mapping file definition(xml-mapping/game/lfn/Payout_Req.xml) by key(15.transtype.302).
[2015-05-29 17:13:11,158][Test worker][DEBUG][CastorHelper] Finish marshaling input(typeclass com.mpos.lottery.te.gameimpl.lfn.sale.LfnTicket, mappingFile=xml-mapping/game/lfn/Payout_Req.xml).
[2015-05-29 17:13:11,159][Test worker][DEBUG][BaseServletIntegrationTest] Do MAC(key=P2Bbo6+bSSR9O2Qc89f3b4oHTyE1V2gF) on (Protocal-Version:1.5|GPE_Id:GPE-111|Terminal-Id:111|Operator-Id:OPERATOR-111|Trans-BatchNumber:20150529|TractMsg-Id:1432890791158|Timestamp:20150529171311|Transaction-Type:302|Transaction-Id:|Response-Code:|<?xml version="1.0" encoding="UTF-8"?>
<Ticket serialNo="S-123456" PIN="!!!!" inputChannel="0" validationCode="111111"/>,hash=1215475222), get digest:0bc308b2f2da073726a23c7a4b95ab5d
[2015-05-29 17:13:11,159][Test worker][DEBUG][TEPortServlet] Got request header(name=X-Transaction-Type, value=302).
[2015-05-29 17:13:11,159][Test worker][DEBUG][TEPortServlet] Got request header(name=X-Protocal-Version, value=1.5).
[2015-05-29 17:13:11,159][Test worker][DEBUG][TEPortServlet] Got request header(name=X-Timestamp, value=20150529171311).
[2015-05-29 17:13:11,159][Test worker][DEBUG][TEPortServlet] Got request header(name=X-GPE-Id, value=GPE-111).
[2015-05-29 17:13:11,159][Test worker][DEBUG][TEPortServlet] Got request header(name=X-Trace-Message-Id, value=1432890791158).
[2015-05-29 17:13:11,159][Test worker][DEBUG][TEPortServlet] Got request header(name=X-Operator-Id, value=OPERATOR-111).
[2015-05-29 17:13:11,159][Test worker][DEBUG][TEPortServlet] Got request header(name=X-Terminal-Id, value=111).
[2015-05-29 17:13:11,160][Test worker][DEBUG][TEPortServlet] Got request header(name=X-MAC, value=0bc308b2f2da073726a23c7a4b95ab5d).
[2015-05-29 17:13:11,160][Test worker][DEBUG][TEPortServlet] Got request header(name=X-Game-Type-Id, value=15).
[2015-05-29 17:13:11,160][Test worker][DEBUG][TEPortServlet] Got request header(name=X-Trans-BatchNumber, value=20150529).
[2015-05-29 17:13:11,160][Test worker][DEBUG][TEPortServlet] Got request header(name=X-GPS-Location, value=40.714353,-74.005973).
[2015-05-29 17:13:11,161][Test worker][DEBUG][TEPortServlet] Got request from localhost, and the message body is:pq3FqO8HCcAnaobA+xpVnADmrnwj1vrK59BGhqvtskYFWTsa2cbe6ttFDFcpmi1MamgAomcAmY7ZtCcdDkhkRjtWjJyr8M54qqocann+KX7wRQCJ+AVoh//FhwE0rPzDh4N+kLsFhN615HbJEdNjFzRoentVKsAF4tqrfpt77Xc=.
[2015-05-29 17:13:11,162][Test worker][DEBUG][ProtocolSerializer] Start to deserialize request context(Protocal-Version:1.5|GPE_Id:GPE-111|Terminal-Id:111|Operator-Id:OPERATOR-111|Trans-BatchNumber:20150529|TractMsg-Id:1432890791158|Timestamp:20150529171311|Transaction-Type:302|Transaction-Id:|Response-Code:|).
[2015-05-29 17:13:11,162][Test worker][DEBUG][ProtocolSerializer] Finish decrypting cipher into original xml:<?xml version="1.0" encoding="UTF-8"?>
<Ticket serialNo="S-123456" PIN="!!!!" inputChannel="0" validationCode="111111"/>
[2015-05-29 17:13:11,162][Test worker][DEBUG][ProtocolSerializer] Start to do MAC(key=P2Bbo6+bSSR9O2Qc89f3b4oHTyE1V2gF) on (Protocal-Version:1.5|GPE_Id:GPE-111|Terminal-Id:111|Operator-Id:OPERATOR-111|Trans-BatchNumber:20150529|TractMsg-Id:1432890791158|Timestamp:20150529171311|Transaction-Type:302|Transaction-Id:|Response-Code:|<?xml version="1.0" encoding="UTF-8"?>
<Ticket serialNo="S-123456" PIN="!!!!" inputChannel="0" validationCode="111111"/>,hash=1215475222), get digest:0bc308b2f2da073726a23c7a4b95ab5d
[2015-05-29 17:13:11,162][Test worker][DEBUG][MLotteryContext] find mapping file definition(xml-mapping/game/lfn/Payout_Req.xml) by key(15.transtype.302).
[2015-05-29 17:13:11,162][Test worker][DEBUG][ProtocolSerializer] Start to deserialize model: model=null,mappingFile=xml-mapping/game/lfn/Payout_Req.xml
[2015-05-29 17:13:11,162][Test worker][DEBUG][MLotteryContext] find mapping file definition(xml-mapping/game/lfn/Payout_Req.xml) by key(15.transtype.302).
[2015-05-29 17:13:11,183][Test worker][DEBUG][RoutineRegistry] Try to lookup handler by routine key(15_302_1.5.0).
[2015-05-29 17:13:11,183][Test worker][DEBUG][RoutineRegistry] Try to lookup handler by routine key(15_302_).
[2015-05-29 17:13:11,183][Test worker][DEBUG][RoutineRegistry] Lookup controller by key(15_302_), found controller(com.mpos.lottery.te.gameimpl.lfn.LfnController@444e8ac1) and method(public void com.mpos.lottery.te.gameimpl.lfn.LfnController.payout(com.mpos.lottery.te.port.Context,com.mpos.lottery.te.port.Context) throws com.mpos.lottery.te.config.exception.ApplicationException).
[2015-05-29 17:13:11,203][Test worker][DEBUG][AbstractPrizeService] Handle winnings of lucky draw of ticket(serialNo:9pkxn/npytVqVbOF5fPlsg==), total 0 winning items found.
[2015-05-29 17:13:11,208][Test worker][DEBUG][MerchantServiceImpl] Use the payout-limit setting(max=10000000,min=100) of Operator(Operator [id=OPERATOR-111, loginName=OPERATOR-LOGIN, creditType=1, saleCreditLevel=200000000, payoutCreditLevel=1000, cashoutBalance=0, commisionBalance=0]) to verify payout limit.
[2015-05-29 17:13:11,209][Test worker][DEBUG][DefaultPayoutStrategyFactory] Usage payout strategy(com.mpos.lottery.te.gamespec.prize.support.payoutstrategy.NewPrintPayoutStrategy@557acc4d) for payout mode:1
[2015-05-29 17:13:11,214][Test worker][DEBUG][DefaultCreditService] Calculate commssion for (merchant=111 +operator=OPERATOR-111,gameId=LFN-1,commType=1,commRate=0.1) 
[2015-05-29 17:13:11,226][Test worker][DEBUG][DefaultCreditService] The current credit level(before transaction) of Operator [id=OPERATOR-111, loginName=OPERATOR-LOGIN, creditType=1, saleCreditLevel=200000000, payoutCreditLevel=1000, cashoutBalance=0, commisionBalance=0] is saleCreditLevel:200000000,payoutCreditLevel:1000
[2015-05-29 17:13:11,226][Test worker][DEBUG][DefaultCreditService] The new payout credit level of Operator [id=OPERATOR-111, loginName=OPERATOR-LOGIN, creditType=1, saleCreditLevel=200000000, payoutCreditLevel=23200, cashoutBalance=0, commisionBalance=2220.000000] is 23200
[2015-05-29 17:13:11,237][Test worker][DEBUG][CommonFacadeService] Prepare to publish message to exchange[TE.302] with routing key[TE.302.15]: id: "0115052900000000000472"
dev_id: "111"
operator_id: "OPERATOR-111"
merchant_id: "111"
create_time: 1432890791000
trans_type: 302
game_id: "LFN-1"
game_type: 15
total_amount: "22200"

[2015-05-29 17:13:11,238][Test worker][DEBUG][CommonFacadeService] Publish message successfully
[2015-05-29 17:13:11,238][Test worker][DEBUG][MLotteryContext] find mapping file definition(xml-mapping/game/lfn/Payout_Res.xml) by key(15.transtype.4302).
[2015-05-29 17:13:11,238][Test worker][DEBUG][ProtocolSerializer] Start to serialize model(class com.mpos.lottery.te.gamespec.prize.web.PrizeDto),mappingFile=xml-mapping/game/lfn/Payout_Res.xml
[2015-05-29 17:13:11,238][Test worker][DEBUG][MLotteryContext] find mapping file definition(xml-mapping/game/lfn/Payout_Res.xml) by key(15.transtype.4302).
[2015-05-29 17:13:11,238][Test worker][DEBUG][CastorHelper] Finish marshaling input(typeclass com.mpos.lottery.te.gamespec.prize.web.PrizeDto, mappingFile=xml-mapping/game/lfn/Payout_Res.xml).
[2015-05-29 17:13:11,239][Test worker][DEBUG][ProtocolSerializer] Finish mac(macKey=P2Bbo6+bSSR9O2Qc89f3b4oHTyE1V2gF,macString=Protocal-Version:1.5|GPE_Id:GPE-111|Terminal-Id:111|Operator-Id:OPERATOR-111|Trans-BatchNumber:20150529|TractMsg-Id:1432890791158|Timestamp:20150529171311|Transaction-Type:4302|Transaction-Id:0115052900000000000472|Response-Code:200|<?xml version="1.0" encoding="UTF-8"?>
<Payout luckyAmount="0" prizeAmount="24400" taxAmount="2200" actualAmount="22200" mode="1"/>):4fb4342f5d81c677af914f20484ea058
[2015-05-29 17:13:11,239][Test worker][DEBUG][TEPortServlet] Write response to client(host1=localhost,sizeOfPack=184) succesfully.
[2015-05-29 17:13:11,239][Test worker][DEBUG][BaseServletIntegrationTest] Got response(code=200,length=184): <?xml version="1.0" encoding="UTF-8"?>
<Payout luckyAmount="0" prizeAmount="24400" taxAmount="2200" actualAmount="22200" mode="1"/>
[2015-05-29 17:13:11,239][Test worker][DEBUG][MLotteryContext] find mapping file definition(xml-mapping/game/lfn/Payout_Res.xml) by key(15.transtype.4302).
[2015-05-29 17:13:11,241][Test worker][DEBUG][MLotteryContext] find mapping file definition(xml-mapping/game/lfn/EnquiryPrize_Req.xml) by key(15.transtype.205).
[2015-05-29 17:13:11,241][Test worker][DEBUG][CastorHelper] Finish marshaling input(typeclass com.mpos.lottery.te.gameimpl.lfn.sale.LfnTicket, mappingFile=xml-mapping/game/lfn/EnquiryPrize_Req.xml).
[2015-05-29 17:13:11,243][Test worker][DEBUG][BaseServletIntegrationTest] Do MAC(key=P2Bbo6+bSSR9O2Qc89f3b4oHTyE1V2gF) on (Protocal-Version:1.5|GPE_Id:GPE-111|Terminal-Id:111|Operator-Id:OPERATOR-111|Trans-BatchNumber:20150529|TractMsg-Id:1432890791241|Timestamp:20150529171311|Transaction-Type:205|Transaction-Id:|Response-Code:|<?xml version="1.0" encoding="UTF-8"?>
<Ticket serialNo="S-123456" validationCode="111111"/>,hash=202684683), get digest:c61fb28490704f18fc3acee422606c1e
[2015-05-29 17:13:11,243][Test worker][DEBUG][TEPortServlet] Got request header(name=X-Transaction-Type, value=205).
[2015-05-29 17:13:11,243][Test worker][DEBUG][TEPortServlet] Got request header(name=X-Protocal-Version, value=1.5).
[2015-05-29 17:13:11,243][Test worker][DEBUG][TEPortServlet] Got request header(name=X-Timestamp, value=20150529171311).
[2015-05-29 17:13:11,243][Test worker][DEBUG][TEPortServlet] Got request header(name=X-GPE-Id, value=GPE-111).
[2015-05-29 17:13:11,243][Test worker][DEBUG][TEPortServlet] Got request header(name=X-Trace-Message-Id, value=1432890791241).
[2015-05-29 17:13:11,243][Test worker][DEBUG][TEPortServlet] Got request header(name=X-Operator-Id, value=OPERATOR-111).
[2015-05-29 17:13:11,243][Test worker][DEBUG][TEPortServlet] Got request header(name=X-Terminal-Id, value=111).
[2015-05-29 17:13:11,243][Test worker][DEBUG][TEPortServlet] Got request header(name=X-MAC, value=c61fb28490704f18fc3acee422606c1e).
[2015-05-29 17:13:11,243][Test worker][DEBUG][TEPortServlet] Got request header(name=X-Game-Type-Id, value=15).
[2015-05-29 17:13:11,243][Test worker][DEBUG][TEPortServlet] Got request header(name=X-Trans-BatchNumber, value=20150529).
[2015-05-29 17:13:11,243][Test worker][DEBUG][TEPortServlet] Got request header(name=X-GPS-Location, value=40.714353,-74.005973).
[2015-05-29 17:13:11,244][Test worker][DEBUG][TEPortServlet] Got request from localhost, and the message body is:pq3FqO8HCcAnaobA+xpVnADmrnwj1vrK59BGhqvtskYFWTsa2cbe6ttFDFcpmi1MamgAomcAmY7ZtCcdDkhkRrCXDK2x4EDMo0KLMTKd7D9/oiuZDONWBtcYexf6q8QR.
[2015-05-29 17:13:11,244][Test worker][DEBUG][ProtocolSerializer] Start to deserialize request context(Protocal-Version:1.5|GPE_Id:GPE-111|Terminal-Id:111|Operator-Id:OPERATOR-111|Trans-BatchNumber:20150529|TractMsg-Id:1432890791241|Timestamp:20150529171311|Transaction-Type:205|Transaction-Id:|Response-Code:|).
[2015-05-29 17:13:11,244][Test worker][DEBUG][ProtocolSerializer] Finish decrypting cipher into original xml:<?xml version="1.0" encoding="UTF-8"?>
<Ticket serialNo="S-123456" validationCode="111111"/>
[2015-05-29 17:13:11,244][Test worker][DEBUG][ProtocolSerializer] Start to do MAC(key=P2Bbo6+bSSR9O2Qc89f3b4oHTyE1V2gF) on (Protocal-Version:1.5|GPE_Id:GPE-111|Terminal-Id:111|Operator-Id:OPERATOR-111|Trans-BatchNumber:20150529|TractMsg-Id:1432890791241|Timestamp:20150529171311|Transaction-Type:205|Transaction-Id:|Response-Code:|<?xml version="1.0" encoding="UTF-8"?>
<Ticket serialNo="S-123456" validationCode="111111"/>,hash=202684683), get digest:c61fb28490704f18fc3acee422606c1e
[2015-05-29 17:13:11,244][Test worker][DEBUG][MLotteryContext] find mapping file definition(xml-mapping/game/lfn/EnquiryPrize_Req.xml) by key(15.transtype.205).
[2015-05-29 17:13:11,244][Test worker][DEBUG][ProtocolSerializer] Start to deserialize model: model=null,mappingFile=xml-mapping/game/lfn/EnquiryPrize_Req.xml
[2015-05-29 17:13:11,244][Test worker][DEBUG][MLotteryContext] find mapping file definition(xml-mapping/game/lfn/EnquiryPrize_Req.xml) by key(15.transtype.205).
[2015-05-29 17:13:11,256][Test worker][DEBUG][RoutineRegistry] Try to lookup handler by routine key(15_205_1.5.0).
[2015-05-29 17:13:11,256][Test worker][DEBUG][RoutineRegistry] Try to lookup handler by routine key(15_205_).
[2015-05-29 17:13:11,256][Test worker][DEBUG][RoutineRegistry] Lookup controller by key(15_205_), found controller(com.mpos.lottery.te.gameimpl.lfn.LfnController@444e8ac1) and method(public void com.mpos.lottery.te.gameimpl.lfn.LfnController.confirmPayout(com.mpos.lottery.te.port.Context,com.mpos.lottery.te.port.Context) throws com.mpos.lottery.te.config.exception.ApplicationException).
[2015-05-29 17:13:11,259][Test worker][DEBUG][DefaultPayoutStrategyFactory] Usage payout strategy(com.mpos.lottery.te.gamespec.prize.support.payoutstrategy.NewPrintPayoutStrategy@557acc4d) for payout mode:1
[2015-05-29 17:13:11,263][Test worker][DEBUG][CommonFacadeService] No need to publish AMQP message of transaction(CONFIRM_PAYOUT)
[2015-05-29 17:13:11,264][Test worker][DEBUG][ProtocolSerializer] Finish mac(macKey=P2Bbo6+bSSR9O2Qc89f3b4oHTyE1V2gF,macString=Protocal-Version:1.5|GPE_Id:GPE-111|Terminal-Id:111|Operator-Id:OPERATOR-111|Trans-BatchNumber:20150529|TractMsg-Id:1432890791241|Timestamp:20150529171311|Transaction-Type:4205|Transaction-Id:0115052900000000000475|Response-Code:200|):c76d76b3d272d336ac78dd227b3faa1e
[2015-05-29 17:13:11,264][Test worker][DEBUG][BaseServletIntegrationTest] Got response(code=200,length=0): 
[2015-05-29 17:13:11,278][Test worker][DEBUG][TEPortServlet] Startup job scheduer(org.quartz.impl.StdScheduler@4d1e5820) successfully.
[2015-05-29 17:13:11,279][Test worker][WARN ][TEPortServlet] can NOT find META file:F:\project\M.Lottery\TE\TRUNK_TE\sourcecode\build\classes\main\META-INF\MANIFEST.MF
[2015-05-29 17:13:11,279][Test worker][DEBUG][TEPortServlet] Register MBean(com.mpos.lottery.te.common.jmx.TransactionTimeout@153f698) with name(com.mpos.lottery.te:type=TransactionTimeoutMBean) successfully.
[2015-05-29 17:13:11,279][Test worker][DEBUG][BaseTransactionalIntegrationTest] Retrieve a ApplicationContext(org.springframework.web.context.support.GenericWebApplicationContext@34f645a8: startup date [Fri May 29 17:12:38 CST 2015]; root of context hierarchy).
[2015-05-29 17:13:11,279][Test worker][INFO ][BaseTransactionalIntegrationTest] +------------------------------------------------------------------------------------------------------------------------+
[2015-05-29 17:13:11,279][Test worker][INFO ][BaseTransactionalIntegrationTest] | LfnPayoutConfirmationIntegrationTest.testPayout_TaxOnWinnerAnalysis_NewPrint_MultiDraw_OK                              |
[2015-05-29 17:13:11,279][Test worker][INFO ][BaseTransactionalIntegrationTest] +------------------------------------------------------------------------------------------------------------------------+
[2015-05-29 17:13:11,286][Test worker][DEBUG][MLotteryContext] find mapping file definition(xml-mapping/game/lfn/Payout_Req.xml) by key(15.transtype.302).
[2015-05-29 17:13:11,287][Test worker][DEBUG][CastorHelper] Finish marshaling input(typeclass com.mpos.lottery.te.gameimpl.lfn.sale.LfnTicket, mappingFile=xml-mapping/game/lfn/Payout_Req.xml).
[2015-05-29 17:13:11,287][Test worker][DEBUG][BaseServletIntegrationTest] Do MAC(key=P2Bbo6+bSSR9O2Qc89f3b4oHTyE1V2gF) on (Protocal-Version:1.5|GPE_Id:GPE-111|Terminal-Id:111|Operator-Id:OPERATOR-111|Trans-BatchNumber:20150529|TractMsg-Id:1432890791286|Timestamp:20150529171311|Transaction-Type:302|Transaction-Id:|Response-Code:|<?xml version="1.0" encoding="UTF-8"?>
<Ticket serialNo="S-123456" PIN="!!!!" inputChannel="0" validationCode="111111"/>,hash=268012850), get digest:f3327a39a00745a00e8a31d8483447df
[2015-05-29 17:13:11,287][Test worker][DEBUG][TEPortServlet] Got request header(name=X-Transaction-Type, value=302).
[2015-05-29 17:13:11,287][Test worker][DEBUG][TEPortServlet] Got request header(name=X-Protocal-Version, value=1.5).
[2015-05-29 17:13:11,287][Test worker][DEBUG][TEPortServlet] Got request header(name=X-Timestamp, value=20150529171311).
[2015-05-29 17:13:11,287][Test worker][DEBUG][TEPortServlet] Got request header(name=X-GPE-Id, value=GPE-111).
[2015-05-29 17:13:11,288][Test worker][DEBUG][TEPortServlet] Got request header(name=X-Trace-Message-Id, value=1432890791286).
[2015-05-29 17:13:11,288][Test worker][DEBUG][TEPortServlet] Got request header(name=X-Operator-Id, value=OPERATOR-111).
[2015-05-29 17:13:11,288][Test worker][DEBUG][TEPortServlet] Got request header(name=X-Terminal-Id, value=111).
[2015-05-29 17:13:11,288][Test worker][DEBUG][TEPortServlet] Got request header(name=X-MAC, value=f3327a39a00745a00e8a31d8483447df).
[2015-05-29 17:13:11,288][Test worker][DEBUG][TEPortServlet] Got request header(name=X-Game-Type-Id, value=15).
[2015-05-29 17:13:11,288][Test worker][DEBUG][TEPortServlet] Got request header(name=X-Trans-BatchNumber, value=20150529).
[2015-05-29 17:13:11,288][Test worker][DEBUG][TEPortServlet] Got request header(name=X-GPS-Location, value=40.714353,-74.005973).
[2015-05-29 17:13:11,289][Test worker][DEBUG][TEPortServlet] Got request from localhost, and the message body is:pq3FqO8HCcAnaobA+xpVnADmrnwj1vrK59BGhqvtskYFWTsa2cbe6ttFDFcpmi1MamgAomcAmY7ZtCcdDkhkRjtWjJyr8M54qqocann+KX7wRQCJ+AVoh//FhwE0rPzDh4N+kLsFhN615HbJEdNjFzRoentVKsAF4tqrfpt77Xc=.
[2015-05-29 17:13:11,290][Test worker][DEBUG][ProtocolSerializer] Start to deserialize request context(Protocal-Version:1.5|GPE_Id:GPE-111|Terminal-Id:111|Operator-Id:OPERATOR-111|Trans-BatchNumber:20150529|TractMsg-Id:1432890791286|Timestamp:20150529171311|Transaction-Type:302|Transaction-Id:|Response-Code:|).
[2015-05-29 17:13:11,290][Test worker][DEBUG][ProtocolSerializer] Finish decrypting cipher into original xml:<?xml version="1.0" encoding="UTF-8"?>
<Ticket serialNo="S-123456" PIN="!!!!" inputChannel="0" validationCode="111111"/>
[2015-05-29 17:13:11,290][Test worker][DEBUG][ProtocolSerializer] Start to do MAC(key=P2Bbo6+bSSR9O2Qc89f3b4oHTyE1V2gF) on (Protocal-Version:1.5|GPE_Id:GPE-111|Terminal-Id:111|Operator-Id:OPERATOR-111|Trans-BatchNumber:20150529|TractMsg-Id:1432890791286|Timestamp:20150529171311|Transaction-Type:302|Transaction-Id:|Response-Code:|<?xml version="1.0" encoding="UTF-8"?>
<Ticket serialNo="S-123456" PIN="!!!!" inputChannel="0" validationCode="111111"/>,hash=268012850), get digest:f3327a39a00745a00e8a31d8483447df
[2015-05-29 17:13:11,290][Test worker][DEBUG][MLotteryContext] find mapping file definition(xml-mapping/game/lfn/Payout_Req.xml) by key(15.transtype.302).
[2015-05-29 17:13:11,290][Test worker][DEBUG][ProtocolSerializer] Start to deserialize model: model=null,mappingFile=xml-mapping/game/lfn/Payout_Req.xml
[2015-05-29 17:13:11,290][Test worker][DEBUG][MLotteryContext] find mapping file definition(xml-mapping/game/lfn/Payout_Req.xml) by key(15.transtype.302).
[2015-05-29 17:13:11,304][Test worker][DEBUG][RoutineRegistry] Try to lookup handler by routine key(15_302_1.5.0).
[2015-05-29 17:13:11,304][Test worker][DEBUG][RoutineRegistry] Try to lookup handler by routine key(15_302_).
[2015-05-29 17:13:11,304][Test worker][DEBUG][RoutineRegistry] Lookup controller by key(15_302_), found controller(com.mpos.lottery.te.gameimpl.lfn.LfnController@444e8ac1) and method(public void com.mpos.lottery.te.gameimpl.lfn.LfnController.payout(com.mpos.lottery.te.port.Context,com.mpos.lottery.te.port.Context) throws com.mpos.lottery.te.config.exception.ApplicationException).
[2015-05-29 17:13:11,327][Test worker][DEBUG][AbstractPrizeService] Handle winnings of lucky draw of ticket(serialNo:9pkxn/npytVqVbOF5fPlsg==), total 0 winning items found.
[2015-05-29 17:13:11,333][Test worker][DEBUG][MerchantServiceImpl] Use the payout-limit setting(max=10000000,min=100) of Operator(Operator [id=OPERATOR-111, loginName=OPERATOR-LOGIN, creditType=1, saleCreditLevel=200000000, payoutCreditLevel=1000, cashoutBalance=0, commisionBalance=0]) to verify payout limit.
[2015-05-29 17:13:11,333][Test worker][DEBUG][DefaultPayoutStrategyFactory] Usage payout strategy(com.mpos.lottery.te.gamespec.prize.support.payoutstrategy.NewPrintPayoutStrategy@557acc4d) for payout mode:1
[2015-05-29 17:13:11,333][Test worker][DEBUG][UUIDServiceImpl] Assemble a new ticket serial number:01111745519300005205
[2015-05-29 17:13:11,357][Test worker][DEBUG][DefaultCreditService] Calculate commssion for (merchant=111 +operator=OPERATOR-111,gameId=LFN-1,commType=1,commRate=0.1) 
[2015-05-29 17:13:11,374][Test worker][DEBUG][DefaultCreditService] The current credit level(before transaction) of Operator [id=OPERATOR-111, loginName=OPERATOR-LOGIN, creditType=1, saleCreditLevel=200000000, payoutCreditLevel=1000, cashoutBalance=0, commisionBalance=0] is saleCreditLevel:200000000,payoutCreditLevel:1000
[2015-05-29 17:13:11,374][Test worker][DEBUG][DefaultCreditService] The new payout credit level of Operator [id=OPERATOR-111, loginName=OPERATOR-LOGIN, creditType=1, saleCreditLevel=200000000, payoutCreditLevel=23200, cashoutBalance=0, commisionBalance=2220.000000] is 23200
[2015-05-29 17:13:11,393][Test worker][DEBUG][CommonFacadeService] Prepare to publish message to exchange[TE.302] with routing key[TE.302.15]: id: "0115052900000000000476"
dev_id: "111"
operator_id: "OPERATOR-111"
merchant_id: "111"
create_time: 1432890791000
trans_type: 302
game_id: "LFN-1"
game_type: 15
total_amount: "22200"

[2015-05-29 17:13:11,393][Test worker][DEBUG][CommonFacadeService] Publish message successfully
[2015-05-29 17:13:11,394][Test worker][DEBUG][MLotteryContext] find mapping file definition(xml-mapping/game/lfn/Payout_Res.xml) by key(15.transtype.4302).
[2015-05-29 17:13:11,394][Test worker][DEBUG][ProtocolSerializer] Start to serialize model(class com.mpos.lottery.te.gamespec.prize.web.PrizeDto),mappingFile=xml-mapping/game/lfn/Payout_Res.xml
[2015-05-29 17:13:11,394][Test worker][DEBUG][MLotteryContext] find mapping file definition(xml-mapping/game/lfn/Payout_Res.xml) by key(15.transtype.4302).
[2015-05-29 17:13:11,407][Test worker][DEBUG][CastorHelper] Finish marshaling input(typeclass com.mpos.lottery.te.gamespec.prize.web.PrizeDto, mappingFile=xml-mapping/game/lfn/Payout_Res.xml).
[2015-05-29 17:13:11,407][Test worker][DEBUG][ProtocolSerializer] Finish mac(macKey=P2Bbo6+bSSR9O2Qc89f3b4oHTyE1V2gF,macString=Protocal-Version:1.5|GPE_Id:GPE-111|Terminal-Id:111|Operator-Id:OPERATOR-111|Trans-BatchNumber:20150529|TractMsg-Id:1432890791286|Timestamp:20150529171311|Transaction-Type:4302|Transaction-Id:0115052900000000000476|Response-Code:200|<?xml version="1.0" encoding="UTF-8"?>
<Payout luckyAmount="0" prizeAmount="24400" taxAmount="2200" actualAmount="22200" mode="1"><Ticket multipleDraws="2" totalBets="1" totalAmount="1400" serialNo="01111745519300005205" type="1" lastDrawNo="11003" barcode="15cK/u9hwZY2Rogq4k24Oeg4G3HSlAl9EbjLdf+UJJlt9Se2CWmp8xavGhw4lusfIqtH1NmjadqTk=" validationCode="506859"><GameDraw number="11002" gameId="LFN-1" drawDate="20150530171214"/><Entry selectedNumber="1,2,3,4,5" betOption="1" inputChannel="2" entryAmount="100"/><Entry selectedNumber="1,2,3,4,5,6" betOption="55" inputChannel="2" entryAmount="100"/></Ticket></Payout>):6a0f0a1721744e94e748f454da6216eb
[2015-05-29 17:13:11,408][Test worker][DEBUG][TEPortServlet] Write response to client(host1=localhost,sizeOfPack=832) succesfully.
[2015-05-29 17:13:11,409][Test worker][DEBUG][BaseServletIntegrationTest] Got response(code=200,length=832): <?xml version="1.0" encoding="UTF-8"?>
<Payout luckyAmount="0" prizeAmount="24400" taxAmount="2200" actualAmount="22200" mode="1"><Ticket multipleDraws="2" totalBets="1" totalAmount="1400" serialNo="01111745519300005205" type="1" lastDrawNo="11003" barcode="15cK/u9hwZY2Rogq4k24Oeg4G3HSlAl9EbjLdf+UJJlt9Se2CWmp8xavGhw4lusfIqtH1NmjadqTk=" validationCode="506859"><GameDraw number="11002" gameId="LFN-1" drawDate="20150530171214"/><Entry selectedNumber="1,2,3,4,5" betOption="1" inputChannel="2" entryAmount="100"/><Entry selectedNumber="1,2,3,4,5,6" betOption="55" inputChannel="2" entryAmount="100"/></Ticket></Payout>
[2015-05-29 17:13:11,409][Test worker][DEBUG][MLotteryContext] find mapping file definition(xml-mapping/game/lfn/Payout_Res.xml) by key(15.transtype.4302).
[2015-05-29 17:13:11,417][Test worker][DEBUG][MLotteryContext] find mapping file definition(xml-mapping/game/lfn/EnquiryPrize_Req.xml) by key(15.transtype.205).
[2015-05-29 17:13:11,417][Test worker][DEBUG][CastorHelper] Finish marshaling input(typeclass com.mpos.lottery.te.gameimpl.lfn.sale.LfnTicket, mappingFile=xml-mapping/game/lfn/EnquiryPrize_Req.xml).
[2015-05-29 17:13:11,418][Test worker][DEBUG][BaseServletIntegrationTest] Do MAC(key=P2Bbo6+bSSR9O2Qc89f3b4oHTyE1V2gF) on (Protocal-Version:1.5|GPE_Id:GPE-111|Terminal-Id:111|Operator-Id:OPERATOR-111|Trans-BatchNumber:20150529|TractMsg-Id:1432890791416|Timestamp:20150529171311|Transaction-Type:205|Transaction-Id:|Response-Code:|<?xml version="1.0" encoding="UTF-8"?>
<Ticket serialNo="S-123456" validationCode="111111"/>,hash=-2038199371), get digest:d2ee6d0cf453c99b9c62e57324a04348
[2015-05-29 17:13:11,418][Test worker][DEBUG][TEPortServlet] Got request header(name=X-Transaction-Type, value=205).
[2015-05-29 17:13:11,418][Test worker][DEBUG][TEPortServlet] Got request header(name=X-Protocal-Version, value=1.5).
[2015-05-29 17:13:11,418][Test worker][DEBUG][TEPortServlet] Got request header(name=X-Timestamp, value=20150529171311).
[2015-05-29 17:13:11,418][Test worker][DEBUG][TEPortServlet] Got request header(name=X-GPE-Id, value=GPE-111).
[2015-05-29 17:13:11,418][Test worker][DEBUG][TEPortServlet] Got request header(name=X-Trace-Message-Id, value=1432890791416).
[2015-05-29 17:13:11,418][Test worker][DEBUG][TEPortServlet] Got request header(name=X-Operator-Id, value=OPERATOR-111).
[2015-05-29 17:13:11,418][Test worker][DEBUG][TEPortServlet] Got request header(name=X-Terminal-Id, value=111).
[2015-05-29 17:13:11,418][Test worker][DEBUG][TEPortServlet] Got request header(name=X-MAC, value=d2ee6d0cf453c99b9c62e57324a04348).
[2015-05-29 17:13:11,418][Test worker][DEBUG][TEPortServlet] Got request header(name=X-Game-Type-Id, value=15).
[2015-05-29 17:13:11,418][Test worker][DEBUG][TEPortServlet] Got request header(name=X-Trans-BatchNumber, value=20150529).
[2015-05-29 17:13:11,418][Test worker][DEBUG][TEPortServlet] Got request header(name=X-GPS-Location, value=40.714353,-74.005973).
[2015-05-29 17:13:11,420][Test worker][DEBUG][TEPortServlet] Got request from localhost, and the message body is:pq3FqO8HCcAnaobA+xpVnADmrnwj1vrK59BGhqvtskYFWTsa2cbe6ttFDFcpmi1MamgAomcAmY7ZtCcdDkhkRrCXDK2x4EDMo0KLMTKd7D9/oiuZDONWBtcYexf6q8QR.
[2015-05-29 17:13:11,421][Test worker][DEBUG][ProtocolSerializer] Start to deserialize request context(Protocal-Version:1.5|GPE_Id:GPE-111|Terminal-Id:111|Operator-Id:OPERATOR-111|Trans-BatchNumber:20150529|TractMsg-Id:1432890791416|Timestamp:20150529171311|Transaction-Type:205|Transaction-Id:|Response-Code:|).
[2015-05-29 17:13:11,421][Test worker][DEBUG][ProtocolSerializer] Finish decrypting cipher into original xml:<?xml version="1.0" encoding="UTF-8"?>
<Ticket serialNo="S-123456" validationCode="111111"/>
[2015-05-29 17:13:11,421][Test worker][DEBUG][ProtocolSerializer] Start to do MAC(key=P2Bbo6+bSSR9O2Qc89f3b4oHTyE1V2gF) on (Protocal-Version:1.5|GPE_Id:GPE-111|Terminal-Id:111|Operator-Id:OPERATOR-111|Trans-BatchNumber:20150529|TractMsg-Id:1432890791416|Timestamp:20150529171311|Transaction-Type:205|Transaction-Id:|Response-Code:|<?xml version="1.0" encoding="UTF-8"?>
<Ticket serialNo="S-123456" validationCode="111111"/>,hash=-2038199371), get digest:d2ee6d0cf453c99b9c62e57324a04348
[2015-05-29 17:13:11,421][Test worker][DEBUG][MLotteryContext] find mapping file definition(xml-mapping/game/lfn/EnquiryPrize_Req.xml) by key(15.transtype.205).
[2015-05-29 17:13:11,421][Test worker][DEBUG][ProtocolSerializer] Start to deserialize model: model=null,mappingFile=xml-mapping/game/lfn/EnquiryPrize_Req.xml
[2015-05-29 17:13:11,421][Test worker][DEBUG][MLotteryContext] find mapping file definition(xml-mapping/game/lfn/EnquiryPrize_Req.xml) by key(15.transtype.205).
[2015-05-29 17:13:11,448][Test worker][DEBUG][RoutineRegistry] Try to lookup handler by routine key(15_205_1.5.0).
[2015-05-29 17:13:11,448][Test worker][DEBUG][RoutineRegistry] Try to lookup handler by routine key(15_205_).
[2015-05-29 17:13:11,448][Test worker][DEBUG][RoutineRegistry] Lookup controller by key(15_205_), found controller(com.mpos.lottery.te.gameimpl.lfn.LfnController@444e8ac1) and method(public void com.mpos.lottery.te.gameimpl.lfn.LfnController.confirmPayout(com.mpos.lottery.te.port.Context,com.mpos.lottery.te.port.Context) throws com.mpos.lottery.te.config.exception.ApplicationException).
[2015-05-29 17:13:11,458][Test worker][DEBUG][DefaultPayoutStrategyFactory] Usage payout strategy(com.mpos.lottery.te.gamespec.prize.support.payoutstrategy.NewPrintPayoutStrategy@557acc4d) for payout mode:1
[2015-05-29 17:13:11,479][Test worker][DEBUG][CommonFacadeService] No need to publish AMQP message of transaction(CONFIRM_PAYOUT)
[2015-05-29 17:13:11,480][Test worker][DEBUG][ProtocolSerializer] Finish mac(macKey=P2Bbo6+bSSR9O2Qc89f3b4oHTyE1V2gF,macString=Protocal-Version:1.5|GPE_Id:GPE-111|Terminal-Id:111|Operator-Id:OPERATOR-111|Trans-BatchNumber:20150529|TractMsg-Id:1432890791416|Timestamp:20150529171311|Transaction-Type:4205|Transaction-Id:0115052900000000000484|Response-Code:200|):ee6db77c359f5677dd25fca909504682
[2015-05-29 17:13:11,480][Test worker][DEBUG][BaseServletIntegrationTest] Got response(code=200,length=0): 
[2015-05-29 17:13:11,506][Test worker][DEBUG][TEPortServlet] Startup job scheduer(org.quartz.impl.StdScheduler@4d1e5820) successfully.
[2015-05-29 17:13:11,506][Test worker][WARN ][TEPortServlet] can NOT find META file:F:\project\M.Lottery\TE\TRUNK_TE\sourcecode\build\classes\main\META-INF\MANIFEST.MF
[2015-05-29 17:13:11,506][Test worker][DEBUG][TEPortServlet] Register MBean(com.mpos.lottery.te.common.jmx.TransactionTimeout@5450865a) with name(com.mpos.lottery.te:type=TransactionTimeoutMBean) successfully.
[2015-05-29 17:13:11,507][Test worker][DEBUG][BaseTransactionalIntegrationTest] Retrieve a ApplicationContext(org.springframework.web.context.support.GenericWebApplicationContext@34f645a8: startup date [Fri May 29 17:12:38 CST 2015]; root of context hierarchy).
[2015-05-29 17:13:11,507][Test worker][INFO ][BaseTransactionalIntegrationTest] +------------------------------------------------------------------------------------------------------------------------+
[2015-05-29 17:13:11,507][Test worker][INFO ][BaseTransactionalIntegrationTest] | LfnPayoutConfirmationIntegrationTest.testPayout_TaxOnWinnerAnalysis_Refund_MultiDraw_OK                                |
[2015-05-29 17:13:11,507][Test worker][INFO ][BaseTransactionalIntegrationTest] +------------------------------------------------------------------------------------------------------------------------+
[2015-05-29 17:13:11,515][Test worker][DEBUG][MLotteryContext] find mapping file definition(xml-mapping/game/lfn/Payout_Req.xml) by key(15.transtype.302).
[2015-05-29 17:13:11,515][Test worker][DEBUG][CastorHelper] Finish marshaling input(typeclass com.mpos.lottery.te.gameimpl.lfn.sale.LfnTicket, mappingFile=xml-mapping/game/lfn/Payout_Req.xml).
[2015-05-29 17:13:11,516][Test worker][DEBUG][BaseServletIntegrationTest] Do MAC(key=P2Bbo6+bSSR9O2Qc89f3b4oHTyE1V2gF) on (Protocal-Version:1.5|GPE_Id:GPE-111|Terminal-Id:111|Operator-Id:OPERATOR-111|Trans-BatchNumber:20150529|TractMsg-Id:1432890791514|Timestamp:20150529171311|Transaction-Type:302|Transaction-Id:|Response-Code:|<?xml version="1.0" encoding="UTF-8"?>
<Ticket serialNo="S-123456" PIN="!!!!" inputChannel="0" validationCode="111111"/>,hash=579627418), get digest:01d847950c521b13fb204492a22f82e0
[2015-05-29 17:13:11,516][Test worker][DEBUG][TEPortServlet] Got request header(name=X-Transaction-Type, value=302).
[2015-05-29 17:13:11,516][Test worker][DEBUG][TEPortServlet] Got request header(name=X-Protocal-Version, value=1.5).
[2015-05-29 17:13:11,516][Test worker][DEBUG][TEPortServlet] Got request header(name=X-Timestamp, value=20150529171311).
[2015-05-29 17:13:11,516][Test worker][DEBUG][TEPortServlet] Got request header(name=X-GPE-Id, value=GPE-111).
[2015-05-29 17:13:11,516][Test worker][DEBUG][TEPortServlet] Got request header(name=X-Trace-Message-Id, value=1432890791514).
[2015-05-29 17:13:11,516][Test worker][DEBUG][TEPortServlet] Got request header(name=X-Operator-Id, value=OPERATOR-111).
[2015-05-29 17:13:11,516][Test worker][DEBUG][TEPortServlet] Got request header(name=X-Terminal-Id, value=111).
[2015-05-29 17:13:11,516][Test worker][DEBUG][TEPortServlet] Got request header(name=X-MAC, value=01d847950c521b13fb204492a22f82e0).
[2015-05-29 17:13:11,516][Test worker][DEBUG][TEPortServlet] Got request header(name=X-Game-Type-Id, value=15).
[2015-05-29 17:13:11,517][Test worker][DEBUG][TEPortServlet] Got request header(name=X-Trans-BatchNumber, value=20150529).
[2015-05-29 17:13:11,517][Test worker][DEBUG][TEPortServlet] Got request header(name=X-GPS-Location, value=40.714353,-74.005973).
[2015-05-29 17:13:11,520][Test worker][DEBUG][TEPortServlet] Got request from localhost, and the message body is:pq3FqO8HCcAnaobA+xpVnADmrnwj1vrK59BGhqvtskYFWTsa2cbe6ttFDFcpmi1MamgAomcAmY7ZtCcdDkhkRjtWjJyr8M54qqocann+KX7wRQCJ+AVoh//FhwE0rPzDh4N+kLsFhN615HbJEdNjFzRoentVKsAF4tqrfpt77Xc=.
[2015-05-29 17:13:11,520][Test worker][DEBUG][ProtocolSerializer] Start to deserialize request context(Protocal-Version:1.5|GPE_Id:GPE-111|Terminal-Id:111|Operator-Id:OPERATOR-111|Trans-BatchNumber:20150529|TractMsg-Id:1432890791514|Timestamp:20150529171311|Transaction-Type:302|Transaction-Id:|Response-Code:|).
[2015-05-29 17:13:11,521][Test worker][DEBUG][ProtocolSerializer] Finish decrypting cipher into original xml:<?xml version="1.0" encoding="UTF-8"?>
<Ticket serialNo="S-123456" PIN="!!!!" inputChannel="0" validationCode="111111"/>
[2015-05-29 17:13:11,521][Test worker][DEBUG][ProtocolSerializer] Start to do MAC(key=P2Bbo6+bSSR9O2Qc89f3b4oHTyE1V2gF) on (Protocal-Version:1.5|GPE_Id:GPE-111|Terminal-Id:111|Operator-Id:OPERATOR-111|Trans-BatchNumber:20150529|TractMsg-Id:1432890791514|Timestamp:20150529171311|Transaction-Type:302|Transaction-Id:|Response-Code:|<?xml version="1.0" encoding="UTF-8"?>
<Ticket serialNo="S-123456" PIN="!!!!" inputChannel="0" validationCode="111111"/>,hash=579627418), get digest:01d847950c521b13fb204492a22f82e0
[2015-05-29 17:13:11,521][Test worker][DEBUG][MLotteryContext] find mapping file definition(xml-mapping/game/lfn/Payout_Req.xml) by key(15.transtype.302).
[2015-05-29 17:13:11,521][Test worker][DEBUG][ProtocolSerializer] Start to deserialize model: model=null,mappingFile=xml-mapping/game/lfn/Payout_Req.xml
[2015-05-29 17:13:11,521][Test worker][DEBUG][MLotteryContext] find mapping file definition(xml-mapping/game/lfn/Payout_Req.xml) by key(15.transtype.302).
[2015-05-29 17:13:11,539][Test worker][DEBUG][RoutineRegistry] Try to lookup handler by routine key(15_302_1.5.0).
[2015-05-29 17:13:11,539][Test worker][DEBUG][RoutineRegistry] Try to lookup handler by routine key(15_302_).
[2015-05-29 17:13:11,539][Test worker][DEBUG][RoutineRegistry] Lookup controller by key(15_302_), found controller(com.mpos.lottery.te.gameimpl.lfn.LfnController@444e8ac1) and method(public void com.mpos.lottery.te.gameimpl.lfn.LfnController.payout(com.mpos.lottery.te.port.Context,com.mpos.lottery.te.port.Context) throws com.mpos.lottery.te.config.exception.ApplicationException).
[2015-05-29 17:13:11,565][Test worker][DEBUG][AbstractPrizeService] Handle winnings of lucky draw of ticket(serialNo:9pkxn/npytVqVbOF5fPlsg==), total 0 winning items found.
[2015-05-29 17:13:11,571][Test worker][DEBUG][MerchantServiceImpl] Use the payout-limit setting(max=10000000,min=100) of Operator(Operator [id=OPERATOR-111, loginName=OPERATOR-LOGIN, creditType=1, saleCreditLevel=200000000, payoutCreditLevel=1000, cashoutBalance=0, commisionBalance=0]) to verify payout limit.
[2015-05-29 17:13:11,571][Test worker][DEBUG][DefaultPayoutStrategyFactory] Usage payout strategy(com.mpos.lottery.te.gamespec.prize.support.payoutstrategy.RefundPayoutStrategy@71b3f9c) for payout mode:0
[2015-05-29 17:13:11,578][Test worker][DEBUG][DefaultCreditService] Calculate commssion for (merchant=111 +operator=OPERATOR-111,gameId=LFN-1,commType=1,commRate=0.1) 
[2015-05-29 17:13:11,594][Test worker][DEBUG][DefaultCreditService] The current credit level(before transaction) of Operator [id=OPERATOR-111, loginName=OPERATOR-LOGIN, creditType=1, saleCreditLevel=200000000, payoutCreditLevel=1000, cashoutBalance=0, commisionBalance=0] is saleCreditLevel:200000000,payoutCreditLevel:1000
[2015-05-29 17:13:11,594][Test worker][DEBUG][DefaultCreditService] The new payout credit level of Operator [id=OPERATOR-111, loginName=OPERATOR-LOGIN, creditType=1, saleCreditLevel=200000000, payoutCreditLevel=24600, cashoutBalance=0, commisionBalance=2360.000000] is 24600
[2015-05-29 17:13:11,625][Test worker][DEBUG][CommonFacadeService] Prepare to publish message to exchange[TE.302] with routing key[TE.302.15]: id: "0115052900000000000485"
dev_id: "111"
operator_id: "OPERATOR-111"
merchant_id: "111"
create_time: 1432890791000
trans_type: 302
game_id: "LFN-1"
game_type: 15
total_amount: "23600"

[2015-05-29 17:13:11,626][Test worker][DEBUG][CommonFacadeService] Publish message successfully
[2015-05-29 17:13:11,626][Test worker][DEBUG][MLotteryContext] find mapping file definition(xml-mapping/game/lfn/Payout_Res.xml) by key(15.transtype.4302).
[2015-05-29 17:13:11,626][Test worker][DEBUG][ProtocolSerializer] Start to serialize model(class com.mpos.lottery.te.gamespec.prize.web.PrizeDto),mappingFile=xml-mapping/game/lfn/Payout_Res.xml
[2015-05-29 17:13:11,626][Test worker][DEBUG][MLotteryContext] find mapping file definition(xml-mapping/game/lfn/Payout_Res.xml) by key(15.transtype.4302).
[2015-05-29 17:13:11,627][Test worker][DEBUG][CastorHelper] Finish marshaling input(typeclass com.mpos.lottery.te.gamespec.prize.web.PrizeDto, mappingFile=xml-mapping/game/lfn/Payout_Res.xml).
[2015-05-29 17:13:11,627][Test worker][DEBUG][ProtocolSerializer] Finish mac(macKey=P2Bbo6+bSSR9O2Qc89f3b4oHTyE1V2gF,macString=Protocal-Version:1.5|GPE_Id:GPE-111|Terminal-Id:111|Operator-Id:OPERATOR-111|Trans-BatchNumber:20150529|TractMsg-Id:1432890791514|Timestamp:20150529171311|Transaction-Type:4302|Transaction-Id:0115052900000000000485|Response-Code:200|<?xml version="1.0" encoding="UTF-8"?>
<Payout returnAmount="1400" luckyAmount="0" prizeAmount="24400" taxAmount="2200" actualAmount="23600" mode="0"/>):bb383121087fac1a91c5b12c11ea4284
[2015-05-29 17:13:11,628][Test worker][DEBUG][TEPortServlet] Write response to client(host1=localhost,sizeOfPack=204) succesfully.
[2015-05-29 17:13:11,629][Test worker][DEBUG][BaseServletIntegrationTest] Got response(code=200,length=204): <?xml version="1.0" encoding="UTF-8"?>
<Payout returnAmount="1400" luckyAmount="0" prizeAmount="24400" taxAmount="2200" actualAmount="23600" mode="0"/>
[2015-05-29 17:13:11,629][Test worker][DEBUG][MLotteryContext] find mapping file definition(xml-mapping/game/lfn/Payout_Res.xml) by key(15.transtype.4302).
[2015-05-29 17:13:11,632][Test worker][DEBUG][MLotteryContext] find mapping file definition(xml-mapping/game/lfn/EnquiryPrize_Req.xml) by key(15.transtype.205).
[2015-05-29 17:13:11,632][Test worker][DEBUG][CastorHelper] Finish marshaling input(typeclass com.mpos.lottery.te.gameimpl.lfn.sale.LfnTicket, mappingFile=xml-mapping/game/lfn/EnquiryPrize_Req.xml).
[2015-05-29 17:13:11,633][Test worker][DEBUG][BaseServletIntegrationTest] Do MAC(key=P2Bbo6+bSSR9O2Qc89f3b4oHTyE1V2gF) on (Protocal-Version:1.5|GPE_Id:GPE-111|Terminal-Id:111|Operator-Id:OPERATOR-111|Trans-BatchNumber:20150529|TractMsg-Id:1432890791631|Timestamp:20150529171311|Transaction-Type:205|Transaction-Id:|Response-Code:|<?xml version="1.0" encoding="UTF-8"?>
<Ticket serialNo="S-123456" validationCode="111111"/>,hash=1941703088), get digest:0ead28f1fa66de5d39bf18ede8150541
[2015-05-29 17:13:11,633][Test worker][DEBUG][TEPortServlet] Got request header(name=X-Transaction-Type, value=205).
[2015-05-29 17:13:11,633][Test worker][DEBUG][TEPortServlet] Got request header(name=X-Protocal-Version, value=1.5).
[2015-05-29 17:13:11,633][Test worker][DEBUG][TEPortServlet] Got request header(name=X-Timestamp, value=20150529171311).
[2015-05-29 17:13:11,633][Test worker][DEBUG][TEPortServlet] Got request header(name=X-GPE-Id, value=GPE-111).
[2015-05-29 17:13:11,633][Test worker][DEBUG][TEPortServlet] Got request header(name=X-Trace-Message-Id, value=1432890791631).
[2015-05-29 17:13:11,633][Test worker][DEBUG][TEPortServlet] Got request header(name=X-Operator-Id, value=OPERATOR-111).
[2015-05-29 17:13:11,633][Test worker][DEBUG][TEPortServlet] Got request header(name=X-Terminal-Id, value=111).
[2015-05-29 17:13:11,634][Test worker][DEBUG][TEPortServlet] Got request header(name=X-MAC, value=0ead28f1fa66de5d39bf18ede8150541).
[2015-05-29 17:13:11,634][Test worker][DEBUG][TEPortServlet] Got request header(name=X-Game-Type-Id, value=15).
[2015-05-29 17:13:11,634][Test worker][DEBUG][TEPortServlet] Got request header(name=X-Trans-BatchNumber, value=20150529).
[2015-05-29 17:13:11,634][Test worker][DEBUG][TEPortServlet] Got request header(name=X-GPS-Location, value=40.714353,-74.005973).
[2015-05-29 17:13:11,637][Test worker][DEBUG][TEPortServlet] Got request from localhost, and the message body is:pq3FqO8HCcAnaobA+xpVnADmrnwj1vrK59BGhqvtskYFWTsa2cbe6ttFDFcpmi1MamgAomcAmY7ZtCcdDkhkRrCXDK2x4EDMo0KLMTKd7D9/oiuZDONWBtcYexf6q8QR.
[2015-05-29 17:13:11,638][Test worker][DEBUG][ProtocolSerializer] Start to deserialize request context(Protocal-Version:1.5|GPE_Id:GPE-111|Terminal-Id:111|Operator-Id:OPERATOR-111|Trans-BatchNumber:20150529|TractMsg-Id:1432890791631|Timestamp:20150529171311|Transaction-Type:205|Transaction-Id:|Response-Code:|).
[2015-05-29 17:13:11,638][Test worker][DEBUG][ProtocolSerializer] Finish decrypting cipher into original xml:<?xml version="1.0" encoding="UTF-8"?>
<Ticket serialNo="S-123456" validationCode="111111"/>
[2015-05-29 17:13:11,638][Test worker][DEBUG][ProtocolSerializer] Start to do MAC(key=P2Bbo6+bSSR9O2Qc89f3b4oHTyE1V2gF) on (Protocal-Version:1.5|GPE_Id:GPE-111|Terminal-Id:111|Operator-Id:OPERATOR-111|Trans-BatchNumber:20150529|TractMsg-Id:1432890791631|Timestamp:20150529171311|Transaction-Type:205|Transaction-Id:|Response-Code:|<?xml version="1.0" encoding="UTF-8"?>
<Ticket serialNo="S-123456" validationCode="111111"/>,hash=1941703088), get digest:0ead28f1fa66de5d39bf18ede8150541
[2015-05-29 17:13:11,638][Test worker][DEBUG][MLotteryContext] find mapping file definition(xml-mapping/game/lfn/EnquiryPrize_Req.xml) by key(15.transtype.205).
[2015-05-29 17:13:11,638][Test worker][DEBUG][ProtocolSerializer] Start to deserialize model: model=null,mappingFile=xml-mapping/game/lfn/EnquiryPrize_Req.xml
[2015-05-29 17:13:11,639][Test worker][DEBUG][MLotteryContext] find mapping file definition(xml-mapping/game/lfn/EnquiryPrize_Req.xml) by key(15.transtype.205).
[2015-05-29 17:13:11,662][Test worker][DEBUG][RoutineRegistry] Try to lookup handler by routine key(15_205_1.5.0).
[2015-05-29 17:13:11,662][Test worker][DEBUG][RoutineRegistry] Try to lookup handler by routine key(15_205_).
[2015-05-29 17:13:11,663][Test worker][DEBUG][RoutineRegistry] Lookup controller by key(15_205_), found controller(com.mpos.lottery.te.gameimpl.lfn.LfnController@444e8ac1) and method(public void com.mpos.lottery.te.gameimpl.lfn.LfnController.confirmPayout(com.mpos.lottery.te.port.Context,com.mpos.lottery.te.port.Context) throws com.mpos.lottery.te.config.exception.ApplicationException).
[2015-05-29 17:13:11,672][Test worker][DEBUG][DefaultPayoutStrategyFactory] Usage payout strategy(com.mpos.lottery.te.gamespec.prize.support.payoutstrategy.RefundPayoutStrategy@71b3f9c) for payout mode:0
[2015-05-29 17:13:11,676][Test worker][DEBUG][CommonFacadeService] No need to publish AMQP message of transaction(CONFIRM_PAYOUT)
[2015-05-29 17:13:11,676][Test worker][DEBUG][ProtocolSerializer] Finish mac(macKey=P2Bbo6+bSSR9O2Qc89f3b4oHTyE1V2gF,macString=Protocal-Version:1.5|GPE_Id:GPE-111|Terminal-Id:111|Operator-Id:OPERATOR-111|Trans-BatchNumber:20150529|TractMsg-Id:1432890791631|Timestamp:20150529171311|Transaction-Type:4205|Transaction-Id:0115052900000000000490|Response-Code:200|):2f69b44df04e79898de23edf4f98d955
[2015-05-29 17:13:11,677][Test worker][DEBUG][BaseServletIntegrationTest] Got response(code=200,length=0): 
]]></system-out>
  <system-err><![CDATA[]]></system-err>
</testsuite>
