<?xml version="1.0" encoding="UTF-8"?>
<testsuite name="com.mpos.lottery.te.gameimpl.digital.prize.DigitalPayoutIntegrationTest" tests="4" skipped="0" failures="0" errors="0" timestamp="2015-05-29T09:13:04" hostname="Ramon-PC" time="0.49">
  <properties/>
  <testcase name="testPayout_TaxOnWinnerAnalysis_Refund_SingleDraw_OK" classname="com.mpos.lottery.te.gameimpl.digital.prize.DigitalPayoutIntegrationTest" time="0.152"/>
  <testcase name="testPayout_TaxOnWinnerAnalysis_NewPrint_SingleDraw_OK" classname="com.mpos.lottery.te.gameimpl.digital.prize.DigitalPayoutIntegrationTest" time="0.101"/>
  <testcase name="testPayout_TaxOnWinnerAnalysis_NewPrint_MultiDraw_OK" classname="com.mpos.lottery.te.gameimpl.digital.prize.DigitalPayoutIntegrationTest" time="0.134"/>
  <testcase name="testPayout_TaxOnWinnerAnalysis_Refund_MultiDraw_OK" classname="com.mpos.lottery.te.gameimpl.digital.prize.DigitalPayoutIntegrationTest" time="0.102"/>
  <system-out><![CDATA[[2015-05-29 17:13:04,702][Test worker][DEBUG][TEPortServlet] Startup job scheduer(org.quartz.impl.StdScheduler@4d1e5820) successfully.
[2015-05-29 17:13:04,702][Test worker][WARN ][TEPortServlet] can NOT find META file:F:\project\M.Lottery\TE\TRUNK_TE\sourcecode\build\classes\main\META-INF\MANIFEST.MF
[2015-05-29 17:13:04,703][Test worker][DEBUG][TEPortServlet] Register MBean(com.mpos.lottery.te.common.jmx.TransactionTimeout@10441c04) with name(com.mpos.lottery.te:type=TransactionTimeoutMBean) successfully.
[2015-05-29 17:13:04,703][Test worker][DEBUG][BaseTransactionalIntegrationTest] Retrieve a ApplicationContext(org.springframework.web.context.support.GenericWebApplicationContext@34f645a8: startup date [Fri May 29 17:12:38 CST 2015]; root of context hierarchy).
[2015-05-29 17:13:04,703][Test worker][INFO ][BaseTransactionalIntegrationTest] +------------------------------------------------------------------------------------------------------------------------+
[2015-05-29 17:13:04,704][Test worker][INFO ][BaseTransactionalIntegrationTest] | DigitalPayoutIntegrationTest.testPayout_TaxOnWinnerAnalysis_Refund_SingleDraw_OK                                       |
[2015-05-29 17:13:04,704][Test worker][INFO ][BaseTransactionalIntegrationTest] +------------------------------------------------------------------------------------------------------------------------+
[2015-05-29 17:13:04,726][Test worker][DEBUG][MLotteryContext] find mapping file definition(xml-mapping/game/digital/Payout_Req.xml) by key(7.transtype.302).
[2015-05-29 17:13:04,727][Test worker][DEBUG][CastorHelper] Finish marshaling input(typeclass com.mpos.lottery.te.gameimpl.digital.sale.DigitalTicket, mappingFile=xml-mapping/game/digital/Payout_Req.xml).
[2015-05-29 17:13:04,727][Test worker][DEBUG][BaseServletIntegrationTest] Do MAC(key=P2Bbo6+bSSR9O2Qc89f3b4oHTyE1V2gF) on (Protocal-Version:1.5|GPE_Id:GPE-111|Terminal-Id:111|Operator-Id:OPERATOR-111|Trans-BatchNumber:20150529|TractMsg-Id:1432890784725|Timestamp:20150529171304|Transaction-Type:302|Transaction-Id:|Response-Code:|<?xml version="1.0" encoding="UTF-8"?>
<Ticket serialNo="S-123456" PIN="!!!!" inputChannel="0" validationCode="111111"/>,hash=1228686068), get digest:dea4bef17086d91970710c1e0493864e
[2015-05-29 17:13:04,728][Test worker][DEBUG][TEPortServlet] Got request header(name=X-Transaction-Type, value=302).
[2015-05-29 17:13:04,728][Test worker][DEBUG][TEPortServlet] Got request header(name=X-Protocal-Version, value=1.5).
[2015-05-29 17:13:04,728][Test worker][DEBUG][TEPortServlet] Got request header(name=X-Timestamp, value=20150529171304).
[2015-05-29 17:13:04,728][Test worker][DEBUG][TEPortServlet] Got request header(name=X-GPE-Id, value=GPE-111).
[2015-05-29 17:13:04,728][Test worker][DEBUG][TEPortServlet] Got request header(name=X-Trace-Message-Id, value=1432890784725).
[2015-05-29 17:13:04,728][Test worker][DEBUG][TEPortServlet] Got request header(name=X-Operator-Id, value=OPERATOR-111).
[2015-05-29 17:13:04,728][Test worker][DEBUG][TEPortServlet] Got request header(name=X-Terminal-Id, value=111).
[2015-05-29 17:13:04,728][Test worker][DEBUG][TEPortServlet] Got request header(name=X-MAC, value=dea4bef17086d91970710c1e0493864e).
[2015-05-29 17:13:04,728][Test worker][DEBUG][TEPortServlet] Got request header(name=X-Game-Type-Id, value=7).
[2015-05-29 17:13:04,729][Test worker][DEBUG][TEPortServlet] Got request header(name=X-Trans-BatchNumber, value=20150529).
[2015-05-29 17:13:04,729][Test worker][DEBUG][TEPortServlet] Got request header(name=X-GPS-Location, value=40.714353,-74.005973).
[2015-05-29 17:13:04,732][Test worker][DEBUG][TEPortServlet] Got request from localhost, and the message body is:pq3FqO8HCcAnaobA+xpVnADmrnwj1vrK59BGhqvtskYFWTsa2cbe6ttFDFcpmi1MamgAomcAmY7ZtCcdDkhkRjtWjJyr8M54qqocann+KX7wRQCJ+AVoh//FhwE0rPzDh4N+kLsFhN615HbJEdNjFzRoentVKsAF4tqrfpt77Xc=.
[2015-05-29 17:13:04,732][Test worker][DEBUG][ProtocolSerializer] Start to deserialize request context(Protocal-Version:1.5|GPE_Id:GPE-111|Terminal-Id:111|Operator-Id:OPERATOR-111|Trans-BatchNumber:20150529|TractMsg-Id:1432890784725|Timestamp:20150529171304|Transaction-Type:302|Transaction-Id:|Response-Code:|).
[2015-05-29 17:13:04,733][Test worker][DEBUG][ProtocolSerializer] Finish decrypting cipher into original xml:<?xml version="1.0" encoding="UTF-8"?>
<Ticket serialNo="S-123456" PIN="!!!!" inputChannel="0" validationCode="111111"/>
[2015-05-29 17:13:04,733][Test worker][DEBUG][ProtocolSerializer] Start to do MAC(key=P2Bbo6+bSSR9O2Qc89f3b4oHTyE1V2gF) on (Protocal-Version:1.5|GPE_Id:GPE-111|Terminal-Id:111|Operator-Id:OPERATOR-111|Trans-BatchNumber:20150529|TractMsg-Id:1432890784725|Timestamp:20150529171304|Transaction-Type:302|Transaction-Id:|Response-Code:|<?xml version="1.0" encoding="UTF-8"?>
<Ticket serialNo="S-123456" PIN="!!!!" inputChannel="0" validationCode="111111"/>,hash=1228686068), get digest:dea4bef17086d91970710c1e0493864e
[2015-05-29 17:13:04,733][Test worker][DEBUG][MLotteryContext] find mapping file definition(xml-mapping/game/digital/Payout_Req.xml) by key(7.transtype.302).
[2015-05-29 17:13:04,733][Test worker][DEBUG][ProtocolSerializer] Start to deserialize model: model=null,mappingFile=xml-mapping/game/digital/Payout_Req.xml
[2015-05-29 17:13:04,733][Test worker][DEBUG][MLotteryContext] find mapping file definition(xml-mapping/game/digital/Payout_Req.xml) by key(7.transtype.302).
[2015-05-29 17:13:04,753][Test worker][DEBUG][RoutineRegistry] Try to lookup handler by routine key(7_302_1.5.0).
[2015-05-29 17:13:04,753][Test worker][DEBUG][RoutineRegistry] Try to lookup handler by routine key(7_302_).
[2015-05-29 17:13:04,753][Test worker][DEBUG][RoutineRegistry] Lookup controller by key(7_302_), found controller(com.mpos.lottery.te.gameimpl.digital.DigitalController@2c507c91) and method(public void com.mpos.lottery.te.gameimpl.digital.DigitalController.payout(com.mpos.lottery.te.port.Context,com.mpos.lottery.te.port.Context) throws com.mpos.lottery.te.config.exception.ApplicationException).
[2015-05-29 17:13:04,778][Test worker][DEBUG][MerchantServiceImpl] Use the payout-limit setting(max=10000000,min=100) of Operator(Operator [id=OPERATOR-111, loginName=OPERATOR-LOGIN, creditType=1, saleCreditLevel=200000000, payoutCreditLevel=1000, cashoutBalance=0, commisionBalance=0]) to verify payout limit.
[2015-05-29 17:13:04,778][Test worker][DEBUG][DefaultPayoutStrategyFactory] Usage payout strategy(com.mpos.lottery.te.gamespec.prize.support.payoutstrategy.RefundPayoutStrategy@71b3f9c) for payout mode:0
[2015-05-29 17:13:04,785][Test worker][WARN ][BaseJpaDao] Should be at most only 1 entity(com.mpos.lottery.te.merchant.domain.OperatorCommission) found, however total 2 entities found... the 1st entity(com.mpos.lottery.te.merchant.domain.OperatorCommission@705689c0) will be returned.
[2015-05-29 17:13:04,785][Test worker][DEBUG][DefaultCreditService] Calculate commssion for (merchant=111 +operator=OPERATOR-111,gameId=FD-1,commType=1,commRate=0) 
[2015-05-29 17:13:04,798][Test worker][DEBUG][DefaultCreditService] The current credit level(before transaction) of Operator [id=OPERATOR-111, loginName=OPERATOR-LOGIN, creditType=1, saleCreditLevel=200000000, payoutCreditLevel=1000, cashoutBalance=0, commisionBalance=0] is saleCreditLevel:200000000,payoutCreditLevel:1000
[2015-05-29 17:13:04,798][Test worker][DEBUG][DefaultCreditService] The new payout credit level of Operator [id=OPERATOR-111, loginName=OPERATOR-LOGIN, creditType=1, saleCreditLevel=200000000, payoutCreditLevel=23200, cashoutBalance=0, commisionBalance=0.000000] is 23200
[2015-05-29 17:13:04,812][Test worker][DEBUG][CommonFacadeService] Prepare to publish message to exchange[TE.302] with routing key[TE.302.7]: id: "0115052900000000000263"
dev_id: "111"
operator_id: "OPERATOR-111"
merchant_id: "111"
create_time: 1432890784000
trans_type: 302
game_id: "FD-1"
game_type: 7
total_amount: "22200"

[2015-05-29 17:13:04,812][Test worker][DEBUG][CommonFacadeService] Publish message successfully
[2015-05-29 17:13:04,813][Test worker][DEBUG][MLotteryContext] find mapping file definition(xml-mapping/game/digital/Payout_Res.xml) by key(7.transtype.4302).
[2015-05-29 17:13:04,813][Test worker][DEBUG][ProtocolSerializer] Start to serialize model(class com.mpos.lottery.te.gamespec.prize.web.PrizeDto),mappingFile=xml-mapping/game/digital/Payout_Res.xml
[2015-05-29 17:13:04,813][Test worker][DEBUG][MLotteryContext] find mapping file definition(xml-mapping/game/digital/Payout_Res.xml) by key(7.transtype.4302).
[2015-05-29 17:13:04,813][Test worker][DEBUG][CastorHelper] Finish marshaling input(typeclass com.mpos.lottery.te.gamespec.prize.web.PrizeDto, mappingFile=xml-mapping/game/digital/Payout_Res.xml).
[2015-05-29 17:13:04,814][Test worker][DEBUG][ProtocolSerializer] Finish mac(macKey=P2Bbo6+bSSR9O2Qc89f3b4oHTyE1V2gF,macString=Protocal-Version:1.5|GPE_Id:GPE-111|Terminal-Id:111|Operator-Id:OPERATOR-111|Trans-BatchNumber:20150529|TractMsg-Id:1432890784725|Timestamp:20150529171304|Transaction-Type:4302|Transaction-Id:0115052900000000000263|Response-Code:200|<?xml version="1.0" encoding="UTF-8"?>
<Payout returnAmount="0" luckyAmount="0" prizeAmount="24400" taxAmount="2200" actualAmount="22200" mode="0"/>):9f52bb85e89a2534c3dfecc1c68780c3
[2015-05-29 17:13:04,814][Test worker][DEBUG][TEPortServlet] Write response to client(host1=localhost,sizeOfPack=204) succesfully.
[2015-05-29 17:13:04,815][Test worker][DEBUG][BaseServletIntegrationTest] Got response(code=200,length=204): <?xml version="1.0" encoding="UTF-8"?>
<Payout returnAmount="0" luckyAmount="0" prizeAmount="24400" taxAmount="2200" actualAmount="22200" mode="0"/>
[2015-05-29 17:13:04,815][Test worker][DEBUG][MLotteryContext] find mapping file definition(xml-mapping/game/digital/Payout_Res.xml) by key(7.transtype.4302).
[2015-05-29 17:13:04,830][Test worker][DEBUG][TEPortServlet] Startup job scheduer(org.quartz.impl.StdScheduler@4d1e5820) successfully.
[2015-05-29 17:13:04,831][Test worker][WARN ][TEPortServlet] can NOT find META file:F:\project\M.Lottery\TE\TRUNK_TE\sourcecode\build\classes\main\META-INF\MANIFEST.MF
[2015-05-29 17:13:04,831][Test worker][DEBUG][TEPortServlet] Register MBean(com.mpos.lottery.te.common.jmx.TransactionTimeout@50660849) with name(com.mpos.lottery.te:type=TransactionTimeoutMBean) successfully.
[2015-05-29 17:13:04,831][Test worker][DEBUG][BaseTransactionalIntegrationTest] Retrieve a ApplicationContext(org.springframework.web.context.support.GenericWebApplicationContext@34f645a8: startup date [Fri May 29 17:12:38 CST 2015]; root of context hierarchy).
[2015-05-29 17:13:04,832][Test worker][INFO ][BaseTransactionalIntegrationTest] +------------------------------------------------------------------------------------------------------------------------+
[2015-05-29 17:13:04,832][Test worker][INFO ][BaseTransactionalIntegrationTest] | DigitalPayoutIntegrationTest.testPayout_TaxOnWinnerAnalysis_NewPrint_SingleDraw_OK                                     |
[2015-05-29 17:13:04,832][Test worker][INFO ][BaseTransactionalIntegrationTest] +------------------------------------------------------------------------------------------------------------------------+
[2015-05-29 17:13:04,840][Test worker][DEBUG][MLotteryContext] find mapping file definition(xml-mapping/game/digital/Payout_Req.xml) by key(7.transtype.302).
[2015-05-29 17:13:04,841][Test worker][DEBUG][CastorHelper] Finish marshaling input(typeclass com.mpos.lottery.te.gameimpl.digital.sale.DigitalTicket, mappingFile=xml-mapping/game/digital/Payout_Req.xml).
[2015-05-29 17:13:04,841][Test worker][DEBUG][BaseServletIntegrationTest] Do MAC(key=P2Bbo6+bSSR9O2Qc89f3b4oHTyE1V2gF) on (Protocal-Version:1.5|GPE_Id:GPE-111|Terminal-Id:111|Operator-Id:OPERATOR-111|Trans-BatchNumber:20150529|TractMsg-Id:1432890784840|Timestamp:20150529171304|Transaction-Type:302|Transaction-Id:|Response-Code:|<?xml version="1.0" encoding="UTF-8"?>
<Ticket serialNo="S-123456" PIN="!!!!" inputChannel="0" validationCode="111111"/>,hash=-251563154), get digest:2616965d68339f6e82acb8f023e28289
[2015-05-29 17:13:04,841][Test worker][DEBUG][TEPortServlet] Got request header(name=X-Transaction-Type, value=302).
[2015-05-29 17:13:04,842][Test worker][DEBUG][TEPortServlet] Got request header(name=X-Protocal-Version, value=1.5).
[2015-05-29 17:13:04,842][Test worker][DEBUG][TEPortServlet] Got request header(name=X-Timestamp, value=20150529171304).
[2015-05-29 17:13:04,842][Test worker][DEBUG][TEPortServlet] Got request header(name=X-GPE-Id, value=GPE-111).
[2015-05-29 17:13:04,842][Test worker][DEBUG][TEPortServlet] Got request header(name=X-Trace-Message-Id, value=1432890784840).
[2015-05-29 17:13:04,842][Test worker][DEBUG][TEPortServlet] Got request header(name=X-Operator-Id, value=OPERATOR-111).
[2015-05-29 17:13:04,842][Test worker][DEBUG][TEPortServlet] Got request header(name=X-Terminal-Id, value=111).
[2015-05-29 17:13:04,842][Test worker][DEBUG][TEPortServlet] Got request header(name=X-MAC, value=2616965d68339f6e82acb8f023e28289).
[2015-05-29 17:13:04,842][Test worker][DEBUG][TEPortServlet] Got request header(name=X-Game-Type-Id, value=7).
[2015-05-29 17:13:04,842][Test worker][DEBUG][TEPortServlet] Got request header(name=X-Trans-BatchNumber, value=20150529).
[2015-05-29 17:13:04,842][Test worker][DEBUG][TEPortServlet] Got request header(name=X-GPS-Location, value=40.714353,-74.005973).
[2015-05-29 17:13:04,845][Test worker][DEBUG][TEPortServlet] Got request from localhost, and the message body is:pq3FqO8HCcAnaobA+xpVnADmrnwj1vrK59BGhqvtskYFWTsa2cbe6ttFDFcpmi1MamgAomcAmY7ZtCcdDkhkRjtWjJyr8M54qqocann+KX7wRQCJ+AVoh//FhwE0rPzDh4N+kLsFhN615HbJEdNjFzRoentVKsAF4tqrfpt77Xc=.
[2015-05-29 17:13:04,845][Test worker][DEBUG][ProtocolSerializer] Start to deserialize request context(Protocal-Version:1.5|GPE_Id:GPE-111|Terminal-Id:111|Operator-Id:OPERATOR-111|Trans-BatchNumber:20150529|TractMsg-Id:1432890784840|Timestamp:20150529171304|Transaction-Type:302|Transaction-Id:|Response-Code:|).
[2015-05-29 17:13:04,845][Test worker][DEBUG][ProtocolSerializer] Finish decrypting cipher into original xml:<?xml version="1.0" encoding="UTF-8"?>
<Ticket serialNo="S-123456" PIN="!!!!" inputChannel="0" validationCode="111111"/>
[2015-05-29 17:13:04,846][Test worker][DEBUG][ProtocolSerializer] Start to do MAC(key=P2Bbo6+bSSR9O2Qc89f3b4oHTyE1V2gF) on (Protocal-Version:1.5|GPE_Id:GPE-111|Terminal-Id:111|Operator-Id:OPERATOR-111|Trans-BatchNumber:20150529|TractMsg-Id:1432890784840|Timestamp:20150529171304|Transaction-Type:302|Transaction-Id:|Response-Code:|<?xml version="1.0" encoding="UTF-8"?>
<Ticket serialNo="S-123456" PIN="!!!!" inputChannel="0" validationCode="111111"/>,hash=-251563154), get digest:2616965d68339f6e82acb8f023e28289
[2015-05-29 17:13:04,846][Test worker][DEBUG][MLotteryContext] find mapping file definition(xml-mapping/game/digital/Payout_Req.xml) by key(7.transtype.302).
[2015-05-29 17:13:04,846][Test worker][DEBUG][ProtocolSerializer] Start to deserialize model: model=null,mappingFile=xml-mapping/game/digital/Payout_Req.xml
[2015-05-29 17:13:04,846][Test worker][DEBUG][MLotteryContext] find mapping file definition(xml-mapping/game/digital/Payout_Req.xml) by key(7.transtype.302).
[2015-05-29 17:13:04,860][Test worker][DEBUG][RoutineRegistry] Try to lookup handler by routine key(7_302_1.5.0).
[2015-05-29 17:13:04,860][Test worker][DEBUG][RoutineRegistry] Try to lookup handler by routine key(7_302_).
[2015-05-29 17:13:04,860][Test worker][DEBUG][RoutineRegistry] Lookup controller by key(7_302_), found controller(com.mpos.lottery.te.gameimpl.digital.DigitalController@2c507c91) and method(public void com.mpos.lottery.te.gameimpl.digital.DigitalController.payout(com.mpos.lottery.te.port.Context,com.mpos.lottery.te.port.Context) throws com.mpos.lottery.te.config.exception.ApplicationException).
[2015-05-29 17:13:04,882][Test worker][DEBUG][MerchantServiceImpl] Use the payout-limit setting(max=10000000,min=100) of Operator(Operator [id=OPERATOR-111, loginName=OPERATOR-LOGIN, creditType=1, saleCreditLevel=200000000, payoutCreditLevel=1000, cashoutBalance=0, commisionBalance=0]) to verify payout limit.
[2015-05-29 17:13:04,883][Test worker][DEBUG][DefaultPayoutStrategyFactory] Usage payout strategy(com.mpos.lottery.te.gamespec.prize.support.payoutstrategy.NewPrintPayoutStrategy@557acc4d) for payout mode:1
[2015-05-29 17:13:04,887][Test worker][WARN ][BaseJpaDao] Should be at most only 1 entity(com.mpos.lottery.te.merchant.domain.OperatorCommission) found, however total 2 entities found... the 1st entity(com.mpos.lottery.te.merchant.domain.OperatorCommission@f5cba6c) will be returned.
[2015-05-29 17:13:04,887][Test worker][DEBUG][DefaultCreditService] Calculate commssion for (merchant=111 +operator=OPERATOR-111,gameId=FD-1,commType=1,commRate=0) 
[2015-05-29 17:13:04,899][Test worker][DEBUG][DefaultCreditService] The current credit level(before transaction) of Operator [id=OPERATOR-111, loginName=OPERATOR-LOGIN, creditType=1, saleCreditLevel=200000000, payoutCreditLevel=1000, cashoutBalance=0, commisionBalance=0] is saleCreditLevel:200000000,payoutCreditLevel:1000
[2015-05-29 17:13:04,899][Test worker][DEBUG][DefaultCreditService] The new payout credit level of Operator [id=OPERATOR-111, loginName=OPERATOR-LOGIN, creditType=1, saleCreditLevel=200000000, payoutCreditLevel=23200, cashoutBalance=0, commisionBalance=0.000000] is 23200
[2015-05-29 17:13:04,913][Test worker][DEBUG][CommonFacadeService] Prepare to publish message to exchange[TE.302] with routing key[TE.302.7]: id: "0115052900000000000266"
dev_id: "111"
operator_id: "OPERATOR-111"
merchant_id: "111"
create_time: 1432890784000
trans_type: 302
game_id: "FD-1"
game_type: 7
total_amount: "22200"

[2015-05-29 17:13:04,913][Test worker][DEBUG][CommonFacadeService] Publish message successfully
[2015-05-29 17:13:04,914][Test worker][DEBUG][MLotteryContext] find mapping file definition(xml-mapping/game/digital/Payout_Res.xml) by key(7.transtype.4302).
[2015-05-29 17:13:04,914][Test worker][DEBUG][ProtocolSerializer] Start to serialize model(class com.mpos.lottery.te.gamespec.prize.web.PrizeDto),mappingFile=xml-mapping/game/digital/Payout_Res.xml
[2015-05-29 17:13:04,914][Test worker][DEBUG][MLotteryContext] find mapping file definition(xml-mapping/game/digital/Payout_Res.xml) by key(7.transtype.4302).
[2015-05-29 17:13:04,914][Test worker][DEBUG][CastorHelper] Finish marshaling input(typeclass com.mpos.lottery.te.gamespec.prize.web.PrizeDto, mappingFile=xml-mapping/game/digital/Payout_Res.xml).
[2015-05-29 17:13:04,915][Test worker][DEBUG][ProtocolSerializer] Finish mac(macKey=P2Bbo6+bSSR9O2Qc89f3b4oHTyE1V2gF,macString=Protocal-Version:1.5|GPE_Id:GPE-111|Terminal-Id:111|Operator-Id:OPERATOR-111|Trans-BatchNumber:20150529|TractMsg-Id:1432890784840|Timestamp:20150529171304|Transaction-Type:4302|Transaction-Id:0115052900000000000266|Response-Code:200|<?xml version="1.0" encoding="UTF-8"?>
<Payout luckyAmount="0" prizeAmount="24400" taxAmount="2200" actualAmount="22200" mode="1"/>):a79f15ce6afe2749f5b32e1e660d931e
[2015-05-29 17:13:04,915][Test worker][DEBUG][TEPortServlet] Write response to client(host1=localhost,sizeOfPack=184) succesfully.
[2015-05-29 17:13:04,915][Test worker][DEBUG][BaseServletIntegrationTest] Got response(code=200,length=184): <?xml version="1.0" encoding="UTF-8"?>
<Payout luckyAmount="0" prizeAmount="24400" taxAmount="2200" actualAmount="22200" mode="1"/>
[2015-05-29 17:13:04,915][Test worker][DEBUG][MLotteryContext] find mapping file definition(xml-mapping/game/digital/Payout_Res.xml) by key(7.transtype.4302).
[2015-05-29 17:13:04,931][Test worker][DEBUG][TEPortServlet] Startup job scheduer(org.quartz.impl.StdScheduler@4d1e5820) successfully.
[2015-05-29 17:13:04,932][Test worker][WARN ][TEPortServlet] can NOT find META file:F:\project\M.Lottery\TE\TRUNK_TE\sourcecode\build\classes\main\META-INF\MANIFEST.MF
[2015-05-29 17:13:04,932][Test worker][DEBUG][TEPortServlet] Register MBean(com.mpos.lottery.te.common.jmx.TransactionTimeout@fffc622) with name(com.mpos.lottery.te:type=TransactionTimeoutMBean) successfully.
[2015-05-29 17:13:04,933][Test worker][DEBUG][BaseTransactionalIntegrationTest] Retrieve a ApplicationContext(org.springframework.web.context.support.GenericWebApplicationContext@34f645a8: startup date [Fri May 29 17:12:38 CST 2015]; root of context hierarchy).
[2015-05-29 17:13:04,933][Test worker][INFO ][BaseTransactionalIntegrationTest] +------------------------------------------------------------------------------------------------------------------------+
[2015-05-29 17:13:04,933][Test worker][INFO ][BaseTransactionalIntegrationTest] | DigitalPayoutIntegrationTest.testPayout_TaxOnWinnerAnalysis_NewPrint_MultiDraw_OK                                      |
[2015-05-29 17:13:04,933][Test worker][INFO ][BaseTransactionalIntegrationTest] +------------------------------------------------------------------------------------------------------------------------+
[2015-05-29 17:13:04,942][Test worker][DEBUG][MLotteryContext] find mapping file definition(xml-mapping/game/digital/Payout_Req.xml) by key(7.transtype.302).
[2015-05-29 17:13:04,942][Test worker][DEBUG][CastorHelper] Finish marshaling input(typeclass com.mpos.lottery.te.gameimpl.digital.sale.DigitalTicket, mappingFile=xml-mapping/game/digital/Payout_Req.xml).
[2015-05-29 17:13:04,943][Test worker][DEBUG][BaseServletIntegrationTest] Do MAC(key=P2Bbo6+bSSR9O2Qc89f3b4oHTyE1V2gF) on (Protocal-Version:1.5|GPE_Id:GPE-111|Terminal-Id:111|Operator-Id:OPERATOR-111|Trans-BatchNumber:20150529|TractMsg-Id:1432890784941|Timestamp:20150529171304|Transaction-Type:302|Transaction-Id:|Response-Code:|<?xml version="1.0" encoding="UTF-8"?>
<Ticket serialNo="S-123456" PIN="!!!!" inputChannel="0" validationCode="111111"/>,hash=-1093472848), get digest:4de96fa184c246345054f730bafea211
[2015-05-29 17:13:04,943][Test worker][DEBUG][TEPortServlet] Got request header(name=X-Transaction-Type, value=302).
[2015-05-29 17:13:04,943][Test worker][DEBUG][TEPortServlet] Got request header(name=X-Protocal-Version, value=1.5).
[2015-05-29 17:13:04,943][Test worker][DEBUG][TEPortServlet] Got request header(name=X-Timestamp, value=20150529171304).
[2015-05-29 17:13:04,943][Test worker][DEBUG][TEPortServlet] Got request header(name=X-GPE-Id, value=GPE-111).
[2015-05-29 17:13:04,943][Test worker][DEBUG][TEPortServlet] Got request header(name=X-Trace-Message-Id, value=1432890784941).
[2015-05-29 17:13:04,943][Test worker][DEBUG][TEPortServlet] Got request header(name=X-Operator-Id, value=OPERATOR-111).
[2015-05-29 17:13:04,943][Test worker][DEBUG][TEPortServlet] Got request header(name=X-Terminal-Id, value=111).
[2015-05-29 17:13:04,943][Test worker][DEBUG][TEPortServlet] Got request header(name=X-MAC, value=4de96fa184c246345054f730bafea211).
[2015-05-29 17:13:04,943][Test worker][DEBUG][TEPortServlet] Got request header(name=X-Game-Type-Id, value=7).
[2015-05-29 17:13:04,944][Test worker][DEBUG][TEPortServlet] Got request header(name=X-Trans-BatchNumber, value=20150529).
[2015-05-29 17:13:04,944][Test worker][DEBUG][TEPortServlet] Got request header(name=X-GPS-Location, value=40.714353,-74.005973).
[2015-05-29 17:13:04,946][Test worker][DEBUG][TEPortServlet] Got request from localhost, and the message body is:pq3FqO8HCcAnaobA+xpVnADmrnwj1vrK59BGhqvtskYFWTsa2cbe6ttFDFcpmi1MamgAomcAmY7ZtCcdDkhkRjtWjJyr8M54qqocann+KX7wRQCJ+AVoh//FhwE0rPzDh4N+kLsFhN615HbJEdNjFzRoentVKsAF4tqrfpt77Xc=.
[2015-05-29 17:13:04,946][Test worker][DEBUG][ProtocolSerializer] Start to deserialize request context(Protocal-Version:1.5|GPE_Id:GPE-111|Terminal-Id:111|Operator-Id:OPERATOR-111|Trans-BatchNumber:20150529|TractMsg-Id:1432890784941|Timestamp:20150529171304|Transaction-Type:302|Transaction-Id:|Response-Code:|).
[2015-05-29 17:13:04,946][Test worker][DEBUG][ProtocolSerializer] Finish decrypting cipher into original xml:<?xml version="1.0" encoding="UTF-8"?>
<Ticket serialNo="S-123456" PIN="!!!!" inputChannel="0" validationCode="111111"/>
[2015-05-29 17:13:04,946][Test worker][DEBUG][ProtocolSerializer] Start to do MAC(key=P2Bbo6+bSSR9O2Qc89f3b4oHTyE1V2gF) on (Protocal-Version:1.5|GPE_Id:GPE-111|Terminal-Id:111|Operator-Id:OPERATOR-111|Trans-BatchNumber:20150529|TractMsg-Id:1432890784941|Timestamp:20150529171304|Transaction-Type:302|Transaction-Id:|Response-Code:|<?xml version="1.0" encoding="UTF-8"?>
<Ticket serialNo="S-123456" PIN="!!!!" inputChannel="0" validationCode="111111"/>,hash=-1093472848), get digest:4de96fa184c246345054f730bafea211
[2015-05-29 17:13:04,946][Test worker][DEBUG][MLotteryContext] find mapping file definition(xml-mapping/game/digital/Payout_Req.xml) by key(7.transtype.302).
[2015-05-29 17:13:04,947][Test worker][DEBUG][ProtocolSerializer] Start to deserialize model: model=null,mappingFile=xml-mapping/game/digital/Payout_Req.xml
[2015-05-29 17:13:04,947][Test worker][DEBUG][MLotteryContext] find mapping file definition(xml-mapping/game/digital/Payout_Req.xml) by key(7.transtype.302).
[2015-05-29 17:13:04,962][Test worker][DEBUG][RoutineRegistry] Try to lookup handler by routine key(7_302_1.5.0).
[2015-05-29 17:13:04,962][Test worker][DEBUG][RoutineRegistry] Try to lookup handler by routine key(7_302_).
[2015-05-29 17:13:04,962][Test worker][DEBUG][RoutineRegistry] Lookup controller by key(7_302_), found controller(com.mpos.lottery.te.gameimpl.digital.DigitalController@2c507c91) and method(public void com.mpos.lottery.te.gameimpl.digital.DigitalController.payout(com.mpos.lottery.te.port.Context,com.mpos.lottery.te.port.Context) throws com.mpos.lottery.te.config.exception.ApplicationException).
[2015-05-29 17:13:04,980][Test worker][DEBUG][AbstractPrizeService] Handle winnings of lucky draw of ticket(serialNo:9pkxn/npytVqVbOF5fPlsg==), total 0 winning items found.
[2015-05-29 17:13:04,985][Test worker][DEBUG][MerchantServiceImpl] Use the payout-limit setting(max=10000000,min=100) of Operator(Operator [id=OPERATOR-111, loginName=OPERATOR-LOGIN, creditType=1, saleCreditLevel=200000000, payoutCreditLevel=1000, cashoutBalance=0, commisionBalance=0]) to verify payout limit.
[2015-05-29 17:13:04,985][Test worker][DEBUG][DefaultPayoutStrategyFactory] Usage payout strategy(com.mpos.lottery.te.gamespec.prize.support.payoutstrategy.NewPrintPayoutStrategy@557acc4d) for payout mode:1
[2015-05-29 17:13:04,985][Test worker][DEBUG][UUIDServiceImpl] Assemble a new ticket serial number:01110745719300004177
[2015-05-29 17:13:05,009][Test worker][WARN ][BaseJpaDao] Should be at most only 1 entity(com.mpos.lottery.te.merchant.domain.OperatorCommission) found, however total 2 entities found... the 1st entity(com.mpos.lottery.te.merchant.domain.OperatorCommission@3a50dcba) will be returned.
[2015-05-29 17:13:05,009][Test worker][DEBUG][DefaultCreditService] Calculate commssion for (merchant=111 +operator=OPERATOR-111,gameId=FD-1,commType=1,commRate=0) 
[2015-05-29 17:13:05,025][Test worker][DEBUG][DefaultCreditService] The current credit level(before transaction) of Operator [id=OPERATOR-111, loginName=OPERATOR-LOGIN, creditType=1, saleCreditLevel=200000000, payoutCreditLevel=1000, cashoutBalance=0, commisionBalance=0] is saleCreditLevel:200000000,payoutCreditLevel:1000
[2015-05-29 17:13:05,025][Test worker][DEBUG][DefaultCreditService] The new payout credit level of Operator [id=OPERATOR-111, loginName=OPERATOR-LOGIN, creditType=1, saleCreditLevel=200000000, payoutCreditLevel=23200, cashoutBalance=0, commisionBalance=0.000000] is 23200
[2015-05-29 17:13:05,037][Test worker][DEBUG][CommonFacadeService] Prepare to publish message to exchange[TE.302] with routing key[TE.302.7]: id: "0115052900000000000269"
dev_id: "111"
operator_id: "OPERATOR-111"
merchant_id: "111"
create_time: 1432890784000
trans_type: 302
game_id: "FD-1"
game_type: 7
total_amount: "22200"

[2015-05-29 17:13:05,037][Test worker][DEBUG][CommonFacadeService] Publish message successfully
[2015-05-29 17:13:05,038][Test worker][DEBUG][MLotteryContext] find mapping file definition(xml-mapping/game/digital/Payout_Res.xml) by key(7.transtype.4302).
[2015-05-29 17:13:05,038][Test worker][DEBUG][ProtocolSerializer] Start to serialize model(class com.mpos.lottery.te.gamespec.prize.web.PrizeDto),mappingFile=xml-mapping/game/digital/Payout_Res.xml
[2015-05-29 17:13:05,038][Test worker][DEBUG][MLotteryContext] find mapping file definition(xml-mapping/game/digital/Payout_Res.xml) by key(7.transtype.4302).
[2015-05-29 17:13:05,040][Test worker][DEBUG][CastorHelper] Finish marshaling input(typeclass com.mpos.lottery.te.gamespec.prize.web.PrizeDto, mappingFile=xml-mapping/game/digital/Payout_Res.xml).
[2015-05-29 17:13:05,040][Test worker][DEBUG][ProtocolSerializer] Finish mac(macKey=P2Bbo6+bSSR9O2Qc89f3b4oHTyE1V2gF,macString=Protocal-Version:1.5|GPE_Id:GPE-111|Terminal-Id:111|Operator-Id:OPERATOR-111|Trans-BatchNumber:20150529|TractMsg-Id:1432890784941|Timestamp:20150529171304|Transaction-Type:4302|Transaction-Id:0115052900000000000269|Response-Code:200|<?xml version="1.0" encoding="UTF-8"?>
<Payout luckyAmount="0" prizeAmount="24400" taxAmount="2200" actualAmount="22200" mode="1"><Ticket multipleDraws="2" totalBets="1" totalAmount="1400" serialNo="01110745719300004177" type="1" lastDrawNo="11003" barcode="07cK/u9hwZY2Rogq4k24Oeg4G3HSlAl9EbjLdf+UJJlt8eRiXxElYKcp3InwF+WYqVIREVt+Fxyp0=" validationCode="300040"><GameDraw number="11002" gameId="FD-1" drawDate="20150530171215"/><Entry selectedNumber="3,0,0" betOption="3" inputChannel="2" entryAmount="100"/><Entry selectedNumber="3,8,0,4" betOption="4" inputChannel="2" entryAmount="100"/></Ticket></Payout>):2e67eec3c9d673f4d4ca36013d9e3649
[2015-05-29 17:13:05,041][Test worker][DEBUG][TEPortServlet] Write response to client(host1=localhost,sizeOfPack=824) succesfully.
[2015-05-29 17:13:05,042][Test worker][DEBUG][BaseServletIntegrationTest] Got response(code=200,length=824): <?xml version="1.0" encoding="UTF-8"?>
<Payout luckyAmount="0" prizeAmount="24400" taxAmount="2200" actualAmount="22200" mode="1"><Ticket multipleDraws="2" totalBets="1" totalAmount="1400" serialNo="01110745719300004177" type="1" lastDrawNo="11003" barcode="07cK/u9hwZY2Rogq4k24Oeg4G3HSlAl9EbjLdf+UJJlt8eRiXxElYKcp3InwF+WYqVIREVt+Fxyp0=" validationCode="300040"><GameDraw number="11002" gameId="FD-1" drawDate="20150530171215"/><Entry selectedNumber="3,0,0" betOption="3" inputChannel="2" entryAmount="100"/><Entry selectedNumber="3,8,0,4" betOption="4" inputChannel="2" entryAmount="100"/></Ticket></Payout>
[2015-05-29 17:13:05,042][Test worker][DEBUG][MLotteryContext] find mapping file definition(xml-mapping/game/digital/Payout_Res.xml) by key(7.transtype.4302).
[2015-05-29 17:13:05,068][Test worker][DEBUG][TEPortServlet] Startup job scheduer(org.quartz.impl.StdScheduler@4d1e5820) successfully.
[2015-05-29 17:13:05,068][Test worker][WARN ][TEPortServlet] can NOT find META file:F:\project\M.Lottery\TE\TRUNK_TE\sourcecode\build\classes\main\META-INF\MANIFEST.MF
[2015-05-29 17:13:05,068][Test worker][DEBUG][TEPortServlet] Register MBean(com.mpos.lottery.te.common.jmx.TransactionTimeout@38796739) with name(com.mpos.lottery.te:type=TransactionTimeoutMBean) successfully.
[2015-05-29 17:13:05,069][Test worker][DEBUG][BaseTransactionalIntegrationTest] Retrieve a ApplicationContext(org.springframework.web.context.support.GenericWebApplicationContext@34f645a8: startup date [Fri May 29 17:12:38 CST 2015]; root of context hierarchy).
[2015-05-29 17:13:05,069][Test worker][INFO ][BaseTransactionalIntegrationTest] +------------------------------------------------------------------------------------------------------------------------+
[2015-05-29 17:13:05,069][Test worker][INFO ][BaseTransactionalIntegrationTest] | DigitalPayoutIntegrationTest.testPayout_TaxOnWinnerAnalysis_Refund_MultiDraw_OK                                        |
[2015-05-29 17:13:05,069][Test worker][INFO ][BaseTransactionalIntegrationTest] +------------------------------------------------------------------------------------------------------------------------+
[2015-05-29 17:13:05,077][Test worker][DEBUG][MLotteryContext] find mapping file definition(xml-mapping/game/digital/Payout_Req.xml) by key(7.transtype.302).
[2015-05-29 17:13:05,078][Test worker][DEBUG][CastorHelper] Finish marshaling input(typeclass com.mpos.lottery.te.gameimpl.digital.sale.DigitalTicket, mappingFile=xml-mapping/game/digital/Payout_Req.xml).
[2015-05-29 17:13:05,079][Test worker][DEBUG][BaseServletIntegrationTest] Do MAC(key=P2Bbo6+bSSR9O2Qc89f3b4oHTyE1V2gF) on (Protocal-Version:1.5|GPE_Id:GPE-111|Terminal-Id:111|Operator-Id:OPERATOR-111|Trans-BatchNumber:20150529|TractMsg-Id:1432890785077|Timestamp:20150529171305|Transaction-Type:302|Transaction-Id:|Response-Code:|<?xml version="1.0" encoding="UTF-8"?>
<Ticket serialNo="S-123456" PIN="!!!!" inputChannel="0" validationCode="111111"/>,hash=1640048520), get digest:2499452bbe4beb04b044e5877a4d24ba
[2015-05-29 17:13:05,079][Test worker][DEBUG][TEPortServlet] Got request header(name=X-Transaction-Type, value=302).
[2015-05-29 17:13:05,079][Test worker][DEBUG][TEPortServlet] Got request header(name=X-Protocal-Version, value=1.5).
[2015-05-29 17:13:05,079][Test worker][DEBUG][TEPortServlet] Got request header(name=X-Timestamp, value=20150529171305).
[2015-05-29 17:13:05,079][Test worker][DEBUG][TEPortServlet] Got request header(name=X-GPE-Id, value=GPE-111).
[2015-05-29 17:13:05,079][Test worker][DEBUG][TEPortServlet] Got request header(name=X-Trace-Message-Id, value=1432890785077).
[2015-05-29 17:13:05,079][Test worker][DEBUG][TEPortServlet] Got request header(name=X-Operator-Id, value=OPERATOR-111).
[2015-05-29 17:13:05,079][Test worker][DEBUG][TEPortServlet] Got request header(name=X-Terminal-Id, value=111).
[2015-05-29 17:13:05,079][Test worker][DEBUG][TEPortServlet] Got request header(name=X-MAC, value=2499452bbe4beb04b044e5877a4d24ba).
[2015-05-29 17:13:05,079][Test worker][DEBUG][TEPortServlet] Got request header(name=X-Game-Type-Id, value=7).
[2015-05-29 17:13:05,079][Test worker][DEBUG][TEPortServlet] Got request header(name=X-Trans-BatchNumber, value=20150529).
[2015-05-29 17:13:05,080][Test worker][DEBUG][TEPortServlet] Got request header(name=X-GPS-Location, value=40.714353,-74.005973).
[2015-05-29 17:13:05,081][Test worker][DEBUG][TEPortServlet] Got request from localhost, and the message body is:pq3FqO8HCcAnaobA+xpVnADmrnwj1vrK59BGhqvtskYFWTsa2cbe6ttFDFcpmi1MamgAomcAmY7ZtCcdDkhkRjtWjJyr8M54qqocann+KX7wRQCJ+AVoh//FhwE0rPzDh4N+kLsFhN615HbJEdNjFzRoentVKsAF4tqrfpt77Xc=.
[2015-05-29 17:13:05,081][Test worker][DEBUG][ProtocolSerializer] Start to deserialize request context(Protocal-Version:1.5|GPE_Id:GPE-111|Terminal-Id:111|Operator-Id:OPERATOR-111|Trans-BatchNumber:20150529|TractMsg-Id:1432890785077|Timestamp:20150529171305|Transaction-Type:302|Transaction-Id:|Response-Code:|).
[2015-05-29 17:13:05,082][Test worker][DEBUG][ProtocolSerializer] Finish decrypting cipher into original xml:<?xml version="1.0" encoding="UTF-8"?>
<Ticket serialNo="S-123456" PIN="!!!!" inputChannel="0" validationCode="111111"/>
[2015-05-29 17:13:05,082][Test worker][DEBUG][ProtocolSerializer] Start to do MAC(key=P2Bbo6+bSSR9O2Qc89f3b4oHTyE1V2gF) on (Protocal-Version:1.5|GPE_Id:GPE-111|Terminal-Id:111|Operator-Id:OPERATOR-111|Trans-BatchNumber:20150529|TractMsg-Id:1432890785077|Timestamp:20150529171305|Transaction-Type:302|Transaction-Id:|Response-Code:|<?xml version="1.0" encoding="UTF-8"?>
<Ticket serialNo="S-123456" PIN="!!!!" inputChannel="0" validationCode="111111"/>,hash=1640048520), get digest:2499452bbe4beb04b044e5877a4d24ba
[2015-05-29 17:13:05,082][Test worker][DEBUG][MLotteryContext] find mapping file definition(xml-mapping/game/digital/Payout_Req.xml) by key(7.transtype.302).
[2015-05-29 17:13:05,082][Test worker][DEBUG][ProtocolSerializer] Start to deserialize model: model=null,mappingFile=xml-mapping/game/digital/Payout_Req.xml
[2015-05-29 17:13:05,082][Test worker][DEBUG][MLotteryContext] find mapping file definition(xml-mapping/game/digital/Payout_Req.xml) by key(7.transtype.302).
[2015-05-29 17:13:05,096][Test worker][DEBUG][RoutineRegistry] Try to lookup handler by routine key(7_302_1.5.0).
[2015-05-29 17:13:05,097][Test worker][DEBUG][RoutineRegistry] Try to lookup handler by routine key(7_302_).
[2015-05-29 17:13:05,097][Test worker][DEBUG][RoutineRegistry] Lookup controller by key(7_302_), found controller(com.mpos.lottery.te.gameimpl.digital.DigitalController@2c507c91) and method(public void com.mpos.lottery.te.gameimpl.digital.DigitalController.payout(com.mpos.lottery.te.port.Context,com.mpos.lottery.te.port.Context) throws com.mpos.lottery.te.config.exception.ApplicationException).
[2015-05-29 17:13:05,114][Test worker][DEBUG][AbstractPrizeService] Handle winnings of lucky draw of ticket(serialNo:9pkxn/npytVqVbOF5fPlsg==), total 0 winning items found.
[2015-05-29 17:13:05,119][Test worker][DEBUG][MerchantServiceImpl] Use the payout-limit setting(max=10000000,min=100) of Operator(Operator [id=OPERATOR-111, loginName=OPERATOR-LOGIN, creditType=1, saleCreditLevel=200000000, payoutCreditLevel=1000, cashoutBalance=0, commisionBalance=0]) to verify payout limit.
[2015-05-29 17:13:05,119][Test worker][DEBUG][DefaultPayoutStrategyFactory] Usage payout strategy(com.mpos.lottery.te.gamespec.prize.support.payoutstrategy.RefundPayoutStrategy@71b3f9c) for payout mode:0
[2015-05-29 17:13:05,125][Test worker][WARN ][BaseJpaDao] Should be at most only 1 entity(com.mpos.lottery.te.merchant.domain.OperatorCommission) found, however total 2 entities found... the 1st entity(com.mpos.lottery.te.merchant.domain.OperatorCommission@62466da5) will be returned.
[2015-05-29 17:13:05,125][Test worker][DEBUG][DefaultCreditService] Calculate commssion for (merchant=111 +operator=OPERATOR-111,gameId=FD-1,commType=1,commRate=0) 
[2015-05-29 17:13:05,138][Test worker][DEBUG][DefaultCreditService] The current credit level(before transaction) of Operator [id=OPERATOR-111, loginName=OPERATOR-LOGIN, creditType=1, saleCreditLevel=200000000, payoutCreditLevel=1000, cashoutBalance=0, commisionBalance=0] is saleCreditLevel:200000000,payoutCreditLevel:1000
[2015-05-29 17:13:05,138][Test worker][DEBUG][DefaultCreditService] The new payout credit level of Operator [id=OPERATOR-111, loginName=OPERATOR-LOGIN, creditType=1, saleCreditLevel=200000000, payoutCreditLevel=24600, cashoutBalance=0, commisionBalance=0.000000] is 24600
[2015-05-29 17:13:05,152][Test worker][DEBUG][CommonFacadeService] Prepare to publish message to exchange[TE.302] with routing key[TE.302.7]: id: "0115052900000000000277"
dev_id: "111"
operator_id: "OPERATOR-111"
merchant_id: "111"
create_time: 1432890785000
trans_type: 302
game_id: "FD-1"
game_type: 7
total_amount: "23600"

[2015-05-29 17:13:05,152][Test worker][DEBUG][CommonFacadeService] Publish message successfully
[2015-05-29 17:13:05,152][Test worker][DEBUG][MLotteryContext] find mapping file definition(xml-mapping/game/digital/Payout_Res.xml) by key(7.transtype.4302).
[2015-05-29 17:13:05,152][Test worker][DEBUG][ProtocolSerializer] Start to serialize model(class com.mpos.lottery.te.gamespec.prize.web.PrizeDto),mappingFile=xml-mapping/game/digital/Payout_Res.xml
[2015-05-29 17:13:05,152][Test worker][DEBUG][MLotteryContext] find mapping file definition(xml-mapping/game/digital/Payout_Res.xml) by key(7.transtype.4302).
[2015-05-29 17:13:05,153][Test worker][DEBUG][CastorHelper] Finish marshaling input(typeclass com.mpos.lottery.te.gamespec.prize.web.PrizeDto, mappingFile=xml-mapping/game/digital/Payout_Res.xml).
[2015-05-29 17:13:05,153][Test worker][DEBUG][ProtocolSerializer] Finish mac(macKey=P2Bbo6+bSSR9O2Qc89f3b4oHTyE1V2gF,macString=Protocal-Version:1.5|GPE_Id:GPE-111|Terminal-Id:111|Operator-Id:OPERATOR-111|Trans-BatchNumber:20150529|TractMsg-Id:1432890785077|Timestamp:20150529171305|Transaction-Type:4302|Transaction-Id:0115052900000000000277|Response-Code:200|<?xml version="1.0" encoding="UTF-8"?>
<Payout returnAmount="1400" luckyAmount="0" prizeAmount="24400" taxAmount="2200" actualAmount="23600" mode="0"/>):69f276717cd86418785842ee552b9452
[2015-05-29 17:13:05,154][Test worker][DEBUG][TEPortServlet] Write response to client(host1=localhost,sizeOfPack=204) succesfully.
[2015-05-29 17:13:05,154][Test worker][DEBUG][BaseServletIntegrationTest] Got response(code=200,length=204): <?xml version="1.0" encoding="UTF-8"?>
<Payout returnAmount="1400" luckyAmount="0" prizeAmount="24400" taxAmount="2200" actualAmount="23600" mode="0"/>
[2015-05-29 17:13:05,154][Test worker][DEBUG][MLotteryContext] find mapping file definition(xml-mapping/game/digital/Payout_Res.xml) by key(7.transtype.4302).
]]></system-out>
  <system-err><![CDATA[]]></system-err>
</testsuite>
