<?xml version="1.0" encoding="UTF-8"?>
<testsuite name="com.mpos.lottery.te.common.util.SimpleToolkitUnitTest" tests="9" skipped="0" failures="0" errors="0" timestamp="2015-05-29T09:12:33" hostname="Ramon-PC" time="1.025">
  <properties/>
  <testcase name="testDayAfter" classname="com.mpos.lottery.te.common.util.SimpleToolkitUnitTest" time="0.005"/>
  <testcase name="testMd5" classname="com.mpos.lottery.te.common.util.SimpleToolkitUnitTest" time="0.001"/>
  <testcase name="testCompareDate" classname="com.mpos.lottery.te.common.util.SimpleToolkitUnitTest" time="1.001"/>
  <testcase name="testFormatNumericString" classname="com.mpos.lottery.te.common.util.SimpleToolkitUnitTest" time="0.001"/>
  <testcase name="testJoinNumbers" classname="com.mpos.lottery.te.common.util.SimpleToolkitUnitTest" time="0.001"/>
  <testcase name="testJoinList" classname="com.mpos.lottery.te.common.util.SimpleToolkitUnitTest" time="0.001"/>
  <testcase name="testGeneratePIN" classname="com.mpos.lottery.te.common.util.SimpleToolkitUnitTest" time="0.002"/>
  <testcase name="testSplitLong" classname="com.mpos.lottery.te.common.util.SimpleToolkitUnitTest" time="0.003"/>
  <testcase name="testString2IntArray" classname="com.mpos.lottery.te.common.util.SimpleToolkitUnitTest" time="0.0"/>
  <system-out><![CDATA[Sat May 28 17:12:33 CST 2016
98abe3a28383501f4bfd2d9077820f11
96e79218965eb72c92a549dd5a330112
-1000
[I@52aaf223
PIN: 952851
12,1,41
12,1,14
12,1,14
]]></system-out>
  <system-err><![CDATA[]]></system-err>
</testsuite>
