<?xml version="1.0" encoding="UTF-8"?>
<testsuite name="com.mpos.lottery.te.common.encrypt.HMacMd5CipherUnitTest" tests="2" skipped="0" failures="0" errors="0" timestamp="2015-05-29T09:12:30" hostname="Ramon-PC" time="1.36">
  <properties/>
  <testcase name="testDoDigest" classname="com.mpos.lottery.te.common.encrypt.HMacMd5CipherUnitTest" time="1.193"/>
  <testcase name="testGenerateMACKey" classname="com.mpos.lottery.te.common.encrypt.HMacMd5CipherUnitTest" time="0.165"/>
  <system-out><![CDATA[ee5fe333974516d641f6a228eb2bfa26
[2015-05-29 17:12:32,052][Test worker][DEBUG][HMacMd5Cipher] Key format of HmacMD5: RAW
[2015-05-29 17:12:32,053][Test worker][DEBUG][HMacMd5Cipher] Generate MAC key(base64): SOw8yJRRn2wIorZFDmWsJrcpqd/yMmSq
[2015-05-29 17:12:32,054][Test worker][DEBUG][HMacMd5Cipher] Key format of HmacMD5: RAW
[2015-05-29 17:12:32,054][Test worker][DEBUG][HMacMd5Cipher] Generate MAC key(base64): gMLmymcqXRvMeQauIBqjKp5uB1Hjy/IS
]]></system-out>
  <system-err><![CDATA[]]></system-err>
</testsuite>
