<?xml version="1.0" encoding="UTF-8"?>
<testsuite name="com.mpos.lottery.te.gameimpl.toto.prize.PrizeEnquiryIntegrationTest" tests="4" skipped="0" failures="0" errors="0" timestamp="2015-05-29T09:13:42" hostname="Ramon-PC" time="0.28">
  <properties/>
  <testcase name="testEnquiryPrize_TaxWhenPayout" classname="com.mpos.lottery.te.gameimpl.toto.prize.PrizeEnquiryIntegrationTest" time="0.09"/>
  <testcase name="testEnquiryPrize_TaxWhenAnalysis_LuckyDraw" classname="com.mpos.lottery.te.gameimpl.toto.prize.PrizeEnquiryIntegrationTest" time="0.067"/>
  <testcase name="testEnquiryPrize_NoWin" classname="com.mpos.lottery.te.gameimpl.toto.prize.PrizeEnquiryIntegrationTest" time="0.066"/>
  <testcase name="testEnquiryPrize_TaxWhenAnalysis" classname="com.mpos.lottery.te.gameimpl.toto.prize.PrizeEnquiryIntegrationTest" time="0.055"/>
  <system-out><![CDATA[[2015-05-29 17:13:42,101][Test worker][DEBUG][TEPortServlet] Startup job scheduer(org.quartz.impl.StdScheduler@4d1e5820) successfully.
[2015-05-29 17:13:42,101][Test worker][WARN ][TEPortServlet] can NOT find META file:F:\project\M.Lottery\TE\TRUNK_TE\sourcecode\build\classes\main\META-INF\MANIFEST.MF
[2015-05-29 17:13:42,101][Test worker][DEBUG][TEPortServlet] Register MBean(com.mpos.lottery.te.common.jmx.TransactionTimeout@731857e1) with name(com.mpos.lottery.te:type=TransactionTimeoutMBean) successfully.
[2015-05-29 17:13:42,101][Test worker][DEBUG][BaseTransactionalIntegrationTest] Retrieve a ApplicationContext(org.springframework.web.context.support.GenericWebApplicationContext@34f645a8: startup date [Fri May 29 17:12:38 CST 2015]; root of context hierarchy).
[2015-05-29 17:13:42,102][Test worker][INFO ][BaseTransactionalIntegrationTest] +------------------------------------------------------------------------------------------------------------------------+
[2015-05-29 17:13:42,102][Test worker][INFO ][BaseTransactionalIntegrationTest] | PrizeEnquiryIntegrationTest.testEnquiryPrize_TaxWhenPayout                                                             |
[2015-05-29 17:13:42,102][Test worker][INFO ][BaseTransactionalIntegrationTest] +------------------------------------------------------------------------------------------------------------------------+
[2015-05-29 17:13:42,106][Test worker][DEBUG][MLotteryContext] find mapping file definition(xml-mapping/game/toto/EnquiryPrize_Req.xml) by key(5.transtype.301).
[2015-05-29 17:13:42,115][Test worker][DEBUG][CastorHelper] Finish marshaling input(typeclass com.mpos.lottery.te.gameimpl.toto.domain.ToToTicket, mappingFile=xml-mapping/game/toto/EnquiryPrize_Req.xml).
[2015-05-29 17:13:42,115][Test worker][DEBUG][BaseServletIntegrationTest] Do MAC(key=P2Bbo6+bSSR9O2Qc89f3b4oHTyE1V2gF) on (Protocal-Version:1.5|GPE_Id:GPE-111|Terminal-Id:111|Operator-Id:OPERATOR-111|Trans-BatchNumber:20150529|TractMsg-Id:1432890822106|Timestamp:20150529171342|Transaction-Type:301|Transaction-Id:|Response-Code:|<?xml version="1.0" encoding="UTF-8"?>
<Ticket serialNo="T-123456" validationCode="111111"/>,hash=683143146), get digest:2744b4c713ad341a206747ef11272a4e
[2015-05-29 17:13:42,115][Test worker][DEBUG][TEPortServlet] Got request header(name=X-Transaction-Type, value=301).
[2015-05-29 17:13:42,115][Test worker][DEBUG][TEPortServlet] Got request header(name=X-Protocal-Version, value=1.5).
[2015-05-29 17:13:42,115][Test worker][DEBUG][TEPortServlet] Got request header(name=X-Timestamp, value=20150529171342).
[2015-05-29 17:13:42,115][Test worker][DEBUG][TEPortServlet] Got request header(name=X-GPE-Id, value=GPE-111).
[2015-05-29 17:13:42,115][Test worker][DEBUG][TEPortServlet] Got request header(name=X-Trace-Message-Id, value=1432890822106).
[2015-05-29 17:13:42,116][Test worker][DEBUG][TEPortServlet] Got request header(name=X-Operator-Id, value=OPERATOR-111).
[2015-05-29 17:13:42,116][Test worker][DEBUG][TEPortServlet] Got request header(name=X-Terminal-Id, value=111).
[2015-05-29 17:13:42,116][Test worker][DEBUG][TEPortServlet] Got request header(name=X-MAC, value=2744b4c713ad341a206747ef11272a4e).
[2015-05-29 17:13:42,116][Test worker][DEBUG][TEPortServlet] Got request header(name=X-Game-Type-Id, value=5).
[2015-05-29 17:13:42,116][Test worker][DEBUG][TEPortServlet] Got request header(name=X-Trans-BatchNumber, value=20150529).
[2015-05-29 17:13:42,116][Test worker][DEBUG][TEPortServlet] Got request header(name=X-GPS-Location, value=40.714353,-74.005973).
[2015-05-29 17:13:42,117][Test worker][DEBUG][TEPortServlet] Got request from localhost, and the message body is:pq3FqO8HCcAnaobA+xpVnADmrnwj1vrK59BGhqvtskYFWTsa2cbe6ttFDFcpmi1MamgAomcAmY5LLjGi9xkBnZjGouvtAsMGvCeyyRXj8mRpg21BAheuqxf1Smh5bXGo.
[2015-05-29 17:13:42,117][Test worker][DEBUG][ProtocolSerializer] Start to deserialize request context(Protocal-Version:1.5|GPE_Id:GPE-111|Terminal-Id:111|Operator-Id:OPERATOR-111|Trans-BatchNumber:20150529|TractMsg-Id:1432890822106|Timestamp:20150529171342|Transaction-Type:301|Transaction-Id:|Response-Code:|).
[2015-05-29 17:13:42,118][Test worker][DEBUG][ProtocolSerializer] Finish decrypting cipher into original xml:<?xml version="1.0" encoding="UTF-8"?>
<Ticket serialNo="T-123456" validationCode="111111"/>
[2015-05-29 17:13:42,118][Test worker][DEBUG][ProtocolSerializer] Start to do MAC(key=P2Bbo6+bSSR9O2Qc89f3b4oHTyE1V2gF) on (Protocal-Version:1.5|GPE_Id:GPE-111|Terminal-Id:111|Operator-Id:OPERATOR-111|Trans-BatchNumber:20150529|TractMsg-Id:1432890822106|Timestamp:20150529171342|Transaction-Type:301|Transaction-Id:|Response-Code:|<?xml version="1.0" encoding="UTF-8"?>
<Ticket serialNo="T-123456" validationCode="111111"/>,hash=683143146), get digest:2744b4c713ad341a206747ef11272a4e
[2015-05-29 17:13:42,118][Test worker][DEBUG][MLotteryContext] find mapping file definition(xml-mapping/game/toto/EnquiryPrize_Req.xml) by key(5.transtype.301).
[2015-05-29 17:13:42,118][Test worker][DEBUG][ProtocolSerializer] Start to deserialize model: model=null,mappingFile=xml-mapping/game/toto/EnquiryPrize_Req.xml
[2015-05-29 17:13:42,118][Test worker][DEBUG][MLotteryContext] find mapping file definition(xml-mapping/game/toto/EnquiryPrize_Req.xml) by key(5.transtype.301).
[2015-05-29 17:13:42,132][Test worker][DEBUG][RoutineRegistry] Try to lookup handler by routine key(5_301_1.5.0).
[2015-05-29 17:13:42,132][Test worker][DEBUG][RoutineRegistry] Try to lookup handler by routine key(5_301_).
[2015-05-29 17:13:42,132][Test worker][DEBUG][RoutineRegistry] Lookup controller by key(5_301_), found controller(com.mpos.lottery.te.gameimpl.toto.ToToController@6e596eed) and method(public void com.mpos.lottery.te.gameimpl.toto.ToToController.enquiryPrize(com.mpos.lottery.te.port.Context,com.mpos.lottery.te.port.Context) throws com.mpos.lottery.te.config.exception.ApplicationException).
[2015-05-29 17:13:42,132][Test worker][DEBUG][AbstractPrizeService] Enquiry prize information of ticket:nAmMGjJjE2Fpdde2k1iZRw==
[2015-05-29 17:13:42,147][Test worker][DEBUG][DefaultTaxService] Calculate tax for amount:3000 based on threshold(com.mpos.lottery.te.gamespec.prize.TaxThreshold@270a67f5[id=WTT-1,taxPolicyId=TP-1,taxDateRange=com.mpos.lottery.te.gamespec.prize.TaxDateRange@78b579b9[id=TDR-1,beginDate=2009-03-20 21:00:00.0,endDate=2099-03-20 21:00:00.0],minAmount=1000,maxAmount=9999999999,ruleType=1,taxAmount=0.2,taxBase=1])...tax:500.00
[2015-05-29 17:13:42,152][Test worker][DEBUG][DefaultTaxService] Calculate tax for amount:4000 based on threshold(com.mpos.lottery.te.gamespec.prize.TaxThreshold@270a67f5[id=WTT-1,taxPolicyId=TP-1,taxDateRange=com.mpos.lottery.te.gamespec.prize.TaxDateRange@78b579b9[id=TDR-1,beginDate=2009-03-20 21:00:00.0,endDate=2099-03-20 21:00:00.0],minAmount=1000,maxAmount=9999999999,ruleType=1,taxAmount=0.2,taxBase=1])...tax:666.67
[2015-05-29 17:13:42,154][Test worker][DEBUG][AbstractPrizeService] Handle winnings of lucky draw of ticket(serialNo:nAmMGjJjE2Fpdde2k1iZRw==), total 0 winning items found.
[2015-05-29 17:13:42,157][Test worker][DEBUG][CommonFacadeService] No need to publish AMQP message of transaction(PRIZE_ENQUIRY)
[2015-05-29 17:13:42,157][Test worker][DEBUG][MLotteryContext] find mapping file definition(xml-mapping/game/toto/EnquiryPrize_Res.xml) by key(5.transtype.4301).
[2015-05-29 17:13:42,157][Test worker][DEBUG][ProtocolSerializer] Start to serialize model(class com.mpos.lottery.te.gamespec.prize.web.PrizeDto),mappingFile=xml-mapping/game/toto/EnquiryPrize_Res.xml
[2015-05-29 17:13:42,157][Test worker][DEBUG][MLotteryContext] find mapping file definition(xml-mapping/game/toto/EnquiryPrize_Res.xml) by key(5.transtype.4301).
[2015-05-29 17:13:42,175][Test worker][DEBUG][CastorHelper] Finish marshaling input(typeclass com.mpos.lottery.te.gamespec.prize.web.PrizeDto, mappingFile=xml-mapping/game/toto/EnquiryPrize_Res.xml).
[2015-05-29 17:13:42,175][Test worker][DEBUG][ProtocolSerializer] Finish mac(macKey=P2Bbo6+bSSR9O2Qc89f3b4oHTyE1V2gF,macString=Protocal-Version:1.5|GPE_Id:GPE-111|Terminal-Id:111|Operator-Id:OPERATOR-111|Trans-BatchNumber:20150529|TractMsg-Id:1432890822106|Timestamp:20150529171342|Transaction-Type:4301|Transaction-Id:0115052900000000002030|Response-Code:200|<?xml version="1.0" encoding="UTF-8"?>
<Prize returnAmount="0" mode="0" prizeAmount="22000" taxAmount="3666.68" actualAmount="18333.32" luckyAmount="0" isVerifyPIN="1"><Ticket serialNo="T-123456" totalAmount="600"/><PrizeItem type="1"><GameDraw number="20090401" gameId="GAME-TOTO-1"/><Winning level="3" prizeAmount="3000" taxAmount="500.00" actualAmount="2500.00" numberOfPrize="2"/><Winning level="4" prizeAmount="4000" taxAmount="666.67" actualAmount="3333.33" numberOfPrize="4"/></PrizeItem></Prize>):547001d75c8ffc429419a4d812d70c2d
[2015-05-29 17:13:42,176][Test worker][DEBUG][TEPortServlet] Write response to client(host1=localhost,sizeOfPack=672) succesfully.
[2015-05-29 17:13:42,176][Test worker][DEBUG][BaseServletIntegrationTest] Got response(code=200,length=672): <?xml version="1.0" encoding="UTF-8"?>
<Prize returnAmount="0" mode="0" prizeAmount="22000" taxAmount="3666.68" actualAmount="18333.32" luckyAmount="0" isVerifyPIN="1"><Ticket serialNo="T-123456" totalAmount="600"/><PrizeItem type="1"><GameDraw number="20090401" gameId="GAME-TOTO-1"/><Winning level="3" prizeAmount="3000" taxAmount="500.00" actualAmount="2500.00" numberOfPrize="2"/><Winning level="4" prizeAmount="4000" taxAmount="666.67" actualAmount="3333.33" numberOfPrize="4"/></PrizeItem></Prize>
[2015-05-29 17:13:42,176][Test worker][DEBUG][MLotteryContext] find mapping file definition(xml-mapping/game/toto/EnquiryPrize_Res.xml) by key(5.transtype.4301).
[2015-05-29 17:13:42,187][Test worker][DEBUG][TEPortServlet] Startup job scheduer(org.quartz.impl.StdScheduler@4d1e5820) successfully.
[2015-05-29 17:13:42,187][Test worker][WARN ][TEPortServlet] can NOT find META file:F:\project\M.Lottery\TE\TRUNK_TE\sourcecode\build\classes\main\META-INF\MANIFEST.MF
[2015-05-29 17:13:42,187][Test worker][DEBUG][TEPortServlet] Register MBean(com.mpos.lottery.te.common.jmx.TransactionTimeout@4b47e44d) with name(com.mpos.lottery.te:type=TransactionTimeoutMBean) successfully.
[2015-05-29 17:13:42,188][Test worker][DEBUG][BaseTransactionalIntegrationTest] Retrieve a ApplicationContext(org.springframework.web.context.support.GenericWebApplicationContext@34f645a8: startup date [Fri May 29 17:12:38 CST 2015]; root of context hierarchy).
[2015-05-29 17:13:42,188][Test worker][INFO ][BaseTransactionalIntegrationTest] +------------------------------------------------------------------------------------------------------------------------+
[2015-05-29 17:13:42,188][Test worker][INFO ][BaseTransactionalIntegrationTest] | PrizeEnquiryIntegrationTest.testEnquiryPrize_TaxWhenAnalysis_LuckyDraw                                                 |
[2015-05-29 17:13:42,188][Test worker][INFO ][BaseTransactionalIntegrationTest] +------------------------------------------------------------------------------------------------------------------------+
[2015-05-29 17:13:42,192][Test worker][DEBUG][MLotteryContext] find mapping file definition(xml-mapping/game/toto/EnquiryPrize_Req.xml) by key(5.transtype.301).
[2015-05-29 17:13:42,192][Test worker][DEBUG][CastorHelper] Finish marshaling input(typeclass com.mpos.lottery.te.gameimpl.toto.domain.ToToTicket, mappingFile=xml-mapping/game/toto/EnquiryPrize_Req.xml).
[2015-05-29 17:13:42,193][Test worker][DEBUG][BaseServletIntegrationTest] Do MAC(key=P2Bbo6+bSSR9O2Qc89f3b4oHTyE1V2gF) on (Protocal-Version:1.5|GPE_Id:GPE-111|Terminal-Id:111|Operator-Id:OPERATOR-111|Trans-BatchNumber:20150529|TractMsg-Id:1432890822192|Timestamp:20150529171342|Transaction-Type:301|Transaction-Id:|Response-Code:|<?xml version="1.0" encoding="UTF-8"?>
<Ticket serialNo="T-123456" validationCode="111111"/>,hash=1817819453), get digest:162cc08dd7a5b2a5c9a0d9f8394c96f4
[2015-05-29 17:13:42,193][Test worker][DEBUG][TEPortServlet] Got request header(name=X-Transaction-Type, value=301).
[2015-05-29 17:13:42,193][Test worker][DEBUG][TEPortServlet] Got request header(name=X-Protocal-Version, value=1.5).
[2015-05-29 17:13:42,193][Test worker][DEBUG][TEPortServlet] Got request header(name=X-Timestamp, value=20150529171342).
[2015-05-29 17:13:42,193][Test worker][DEBUG][TEPortServlet] Got request header(name=X-GPE-Id, value=GPE-111).
[2015-05-29 17:13:42,193][Test worker][DEBUG][TEPortServlet] Got request header(name=X-Trace-Message-Id, value=1432890822192).
[2015-05-29 17:13:42,193][Test worker][DEBUG][TEPortServlet] Got request header(name=X-Operator-Id, value=OPERATOR-111).
[2015-05-29 17:13:42,193][Test worker][DEBUG][TEPortServlet] Got request header(name=X-Terminal-Id, value=111).
[2015-05-29 17:13:42,193][Test worker][DEBUG][TEPortServlet] Got request header(name=X-MAC, value=162cc08dd7a5b2a5c9a0d9f8394c96f4).
[2015-05-29 17:13:42,193][Test worker][DEBUG][TEPortServlet] Got request header(name=X-Game-Type-Id, value=5).
[2015-05-29 17:13:42,193][Test worker][DEBUG][TEPortServlet] Got request header(name=X-Trans-BatchNumber, value=20150529).
[2015-05-29 17:13:42,193][Test worker][DEBUG][TEPortServlet] Got request header(name=X-GPS-Location, value=40.714353,-74.005973).
[2015-05-29 17:13:42,195][Test worker][DEBUG][TEPortServlet] Got request from localhost, and the message body is:pq3FqO8HCcAnaobA+xpVnADmrnwj1vrK59BGhqvtskYFWTsa2cbe6ttFDFcpmi1MamgAomcAmY5LLjGi9xkBnZjGouvtAsMGvCeyyRXj8mRpg21BAheuqxf1Smh5bXGo.
[2015-05-29 17:13:42,195][Test worker][DEBUG][ProtocolSerializer] Start to deserialize request context(Protocal-Version:1.5|GPE_Id:GPE-111|Terminal-Id:111|Operator-Id:OPERATOR-111|Trans-BatchNumber:20150529|TractMsg-Id:1432890822192|Timestamp:20150529171342|Transaction-Type:301|Transaction-Id:|Response-Code:|).
[2015-05-29 17:13:42,195][Test worker][DEBUG][ProtocolSerializer] Finish decrypting cipher into original xml:<?xml version="1.0" encoding="UTF-8"?>
<Ticket serialNo="T-123456" validationCode="111111"/>
[2015-05-29 17:13:42,195][Test worker][DEBUG][ProtocolSerializer] Start to do MAC(key=P2Bbo6+bSSR9O2Qc89f3b4oHTyE1V2gF) on (Protocal-Version:1.5|GPE_Id:GPE-111|Terminal-Id:111|Operator-Id:OPERATOR-111|Trans-BatchNumber:20150529|TractMsg-Id:1432890822192|Timestamp:20150529171342|Transaction-Type:301|Transaction-Id:|Response-Code:|<?xml version="1.0" encoding="UTF-8"?>
<Ticket serialNo="T-123456" validationCode="111111"/>,hash=1817819453), get digest:162cc08dd7a5b2a5c9a0d9f8394c96f4
[2015-05-29 17:13:42,195][Test worker][DEBUG][MLotteryContext] find mapping file definition(xml-mapping/game/toto/EnquiryPrize_Req.xml) by key(5.transtype.301).
[2015-05-29 17:13:42,195][Test worker][DEBUG][ProtocolSerializer] Start to deserialize model: model=null,mappingFile=xml-mapping/game/toto/EnquiryPrize_Req.xml
[2015-05-29 17:13:42,195][Test worker][DEBUG][MLotteryContext] find mapping file definition(xml-mapping/game/toto/EnquiryPrize_Req.xml) by key(5.transtype.301).
[2015-05-29 17:13:42,210][Test worker][DEBUG][RoutineRegistry] Try to lookup handler by routine key(5_301_1.5.0).
[2015-05-29 17:13:42,210][Test worker][DEBUG][RoutineRegistry] Try to lookup handler by routine key(5_301_).
[2015-05-29 17:13:42,210][Test worker][DEBUG][RoutineRegistry] Lookup controller by key(5_301_), found controller(com.mpos.lottery.te.gameimpl.toto.ToToController@6e596eed) and method(public void com.mpos.lottery.te.gameimpl.toto.ToToController.enquiryPrize(com.mpos.lottery.te.port.Context,com.mpos.lottery.te.port.Context) throws com.mpos.lottery.te.config.exception.ApplicationException).
[2015-05-29 17:13:42,210][Test worker][DEBUG][AbstractPrizeService] Enquiry prize information of ticket:nAmMGjJjE2Fpdde2k1iZRw==
[2015-05-29 17:13:42,225][Test worker][DEBUG][AbstractPrizeService] Handle winnings of lucky draw of ticket(serialNo:nAmMGjJjE2Fpdde2k1iZRw==), total 2 winning items found.
[2015-05-29 17:13:42,240][Test worker][DEBUG][CommonFacadeService] No need to publish AMQP message of transaction(PRIZE_ENQUIRY)
[2015-05-29 17:13:42,240][Test worker][DEBUG][MLotteryContext] find mapping file definition(xml-mapping/game/toto/EnquiryPrize_Res.xml) by key(5.transtype.4301).
[2015-05-29 17:13:42,240][Test worker][DEBUG][ProtocolSerializer] Start to serialize model(class com.mpos.lottery.te.gamespec.prize.web.PrizeDto),mappingFile=xml-mapping/game/toto/EnquiryPrize_Res.xml
[2015-05-29 17:13:42,241][Test worker][DEBUG][MLotteryContext] find mapping file definition(xml-mapping/game/toto/EnquiryPrize_Res.xml) by key(5.transtype.4301).
[2015-05-29 17:13:42,242][Test worker][DEBUG][CastorHelper] Finish marshaling input(typeclass com.mpos.lottery.te.gamespec.prize.web.PrizeDto, mappingFile=xml-mapping/game/toto/EnquiryPrize_Res.xml).
[2015-05-29 17:13:42,242][Test worker][DEBUG][ProtocolSerializer] Finish mac(macKey=P2Bbo6+bSSR9O2Qc89f3b4oHTyE1V2gF,macString=Protocal-Version:1.5|GPE_Id:GPE-111|Terminal-Id:111|Operator-Id:OPERATOR-111|Trans-BatchNumber:20150529|TractMsg-Id:1432890822192|Timestamp:20150529171342|Transaction-Type:4301|Transaction-Id:0115052900000000002031|Response-Code:200|<?xml version="1.0" encoding="UTF-8"?>
<Prize returnAmount="0" mode="0" prizeAmount="2822000" taxAmount="322200" actualAmount="2499806" luckyAmount="8000.00" isVerifyPIN="1"><Ticket serialNo="T-123456" totalAmount="600"/><PrizeItem type="1"><GameDraw number="20090401" gameId="GAME-TOTO-1"/><Winning level="3" prizeAmount="3000" taxAmount="300" actualAmount="2701" numberOfPrize="2"/><Winning level="4" prizeAmount="4000" taxAmount="400" actualAmount="3601" numberOfPrize="4"/></PrizeItem><PrizeItem type="2"><GameDraw number="001" gameId="LD-1"/><Winning level="1" prizeAmount="400000" taxAmount="80000" actualAmount="320000" numberOfPrize="2"/><Winning level="4" prizeAmount="1000000" taxAmount="80000" actualAmount="920000" numberOfPrize="2"><PrizeObject name="Sony Camera" count="2" taxAmount="500" price="2000"/></Winning></PrizeItem></Prize>):41b31c414daca602f50acad3c19fb6fd
[2015-05-29 17:13:42,243][Test worker][DEBUG][TEPortServlet] Write response to client(host1=localhost,sizeOfPack=1132) succesfully.
[2015-05-29 17:13:42,243][Test worker][DEBUG][BaseServletIntegrationTest] Got response(code=200,length=1132): <?xml version="1.0" encoding="UTF-8"?>
<Prize returnAmount="0" mode="0" prizeAmount="2822000" taxAmount="322200" actualAmount="2499806" luckyAmount="8000.00" isVerifyPIN="1"><Ticket serialNo="T-123456" totalAmount="600"/><PrizeItem type="1"><GameDraw number="20090401" gameId="GAME-TOTO-1"/><Winning level="3" prizeAmount="3000" taxAmount="300" actualAmount="2701" numberOfPrize="2"/><Winning level="4" prizeAmount="4000" taxAmount="400" actualAmount="3601" numberOfPrize="4"/></PrizeItem><PrizeItem type="2"><GameDraw number="001" gameId="LD-1"/><Winning level="1" prizeAmount="400000" taxAmount="80000" actualAmount="320000" numberOfPrize="2"/><Winning level="4" prizeAmount="1000000" taxAmount="80000" actualAmount="920000" numberOfPrize="2"><PrizeObject name="Sony Camera" count="2" taxAmount="500" price="2000"/></Winning></PrizeItem></Prize>
[2015-05-29 17:13:42,243][Test worker][DEBUG][MLotteryContext] find mapping file definition(xml-mapping/game/toto/EnquiryPrize_Res.xml) by key(5.transtype.4301).
[2015-05-29 17:13:42,255][Test worker][DEBUG][TEPortServlet] Startup job scheduer(org.quartz.impl.StdScheduler@4d1e5820) successfully.
[2015-05-29 17:13:42,255][Test worker][WARN ][TEPortServlet] can NOT find META file:F:\project\M.Lottery\TE\TRUNK_TE\sourcecode\build\classes\main\META-INF\MANIFEST.MF
[2015-05-29 17:13:42,255][Test worker][DEBUG][TEPortServlet] Register MBean(com.mpos.lottery.te.common.jmx.TransactionTimeout@7051b4d7) with name(com.mpos.lottery.te:type=TransactionTimeoutMBean) successfully.
[2015-05-29 17:13:42,256][Test worker][DEBUG][BaseTransactionalIntegrationTest] Retrieve a ApplicationContext(org.springframework.web.context.support.GenericWebApplicationContext@34f645a8: startup date [Fri May 29 17:12:38 CST 2015]; root of context hierarchy).
[2015-05-29 17:13:42,256][Test worker][INFO ][BaseTransactionalIntegrationTest] +------------------------------------------------------------------------------------------------------------------------+
[2015-05-29 17:13:42,256][Test worker][INFO ][BaseTransactionalIntegrationTest] | PrizeEnquiryIntegrationTest.testEnquiryPrize_NoWin                                                                     |
[2015-05-29 17:13:42,256][Test worker][INFO ][BaseTransactionalIntegrationTest] +------------------------------------------------------------------------------------------------------------------------+
[2015-05-29 17:13:42,260][Test worker][DEBUG][MLotteryContext] find mapping file definition(xml-mapping/game/toto/EnquiryPrize_Req.xml) by key(5.transtype.301).
[2015-05-29 17:13:42,261][Test worker][DEBUG][CastorHelper] Finish marshaling input(typeclass com.mpos.lottery.te.gameimpl.toto.domain.ToToTicket, mappingFile=xml-mapping/game/toto/EnquiryPrize_Req.xml).
[2015-05-29 17:13:42,261][Test worker][DEBUG][BaseServletIntegrationTest] Do MAC(key=P2Bbo6+bSSR9O2Qc89f3b4oHTyE1V2gF) on (Protocal-Version:1.5|GPE_Id:GPE-111|Terminal-Id:111|Operator-Id:OPERATOR-111|Trans-BatchNumber:20150529|TractMsg-Id:1432890822260|Timestamp:20150529171342|Transaction-Type:301|Transaction-Id:|Response-Code:|<?xml version="1.0" encoding="UTF-8"?>
<Ticket serialNo="T-123456" validationCode="111111"/>,hash=-809352673), get digest:b9281385674d3892bb3ffce97d8b29d0
[2015-05-29 17:13:42,261][Test worker][DEBUG][TEPortServlet] Got request header(name=X-Transaction-Type, value=301).
[2015-05-29 17:13:42,261][Test worker][DEBUG][TEPortServlet] Got request header(name=X-Protocal-Version, value=1.5).
[2015-05-29 17:13:42,261][Test worker][DEBUG][TEPortServlet] Got request header(name=X-Timestamp, value=20150529171342).
[2015-05-29 17:13:42,261][Test worker][DEBUG][TEPortServlet] Got request header(name=X-GPE-Id, value=GPE-111).
[2015-05-29 17:13:42,261][Test worker][DEBUG][TEPortServlet] Got request header(name=X-Trace-Message-Id, value=1432890822260).
[2015-05-29 17:13:42,261][Test worker][DEBUG][TEPortServlet] Got request header(name=X-Operator-Id, value=OPERATOR-111).
[2015-05-29 17:13:42,261][Test worker][DEBUG][TEPortServlet] Got request header(name=X-Terminal-Id, value=111).
[2015-05-29 17:13:42,262][Test worker][DEBUG][TEPortServlet] Got request header(name=X-MAC, value=b9281385674d3892bb3ffce97d8b29d0).
[2015-05-29 17:13:42,262][Test worker][DEBUG][TEPortServlet] Got request header(name=X-Game-Type-Id, value=5).
[2015-05-29 17:13:42,262][Test worker][DEBUG][TEPortServlet] Got request header(name=X-Trans-BatchNumber, value=20150529).
[2015-05-29 17:13:42,262][Test worker][DEBUG][TEPortServlet] Got request header(name=X-GPS-Location, value=40.714353,-74.005973).
[2015-05-29 17:13:42,263][Test worker][DEBUG][TEPortServlet] Got request from localhost, and the message body is:pq3FqO8HCcAnaobA+xpVnADmrnwj1vrK59BGhqvtskYFWTsa2cbe6ttFDFcpmi1MamgAomcAmY5LLjGi9xkBnZjGouvtAsMGvCeyyRXj8mRpg21BAheuqxf1Smh5bXGo.
[2015-05-29 17:13:42,263][Test worker][DEBUG][ProtocolSerializer] Start to deserialize request context(Protocal-Version:1.5|GPE_Id:GPE-111|Terminal-Id:111|Operator-Id:OPERATOR-111|Trans-BatchNumber:20150529|TractMsg-Id:1432890822260|Timestamp:20150529171342|Transaction-Type:301|Transaction-Id:|Response-Code:|).
[2015-05-29 17:13:42,263][Test worker][DEBUG][ProtocolSerializer] Finish decrypting cipher into original xml:<?xml version="1.0" encoding="UTF-8"?>
<Ticket serialNo="T-123456" validationCode="111111"/>
[2015-05-29 17:13:42,263][Test worker][DEBUG][ProtocolSerializer] Start to do MAC(key=P2Bbo6+bSSR9O2Qc89f3b4oHTyE1V2gF) on (Protocal-Version:1.5|GPE_Id:GPE-111|Terminal-Id:111|Operator-Id:OPERATOR-111|Trans-BatchNumber:20150529|TractMsg-Id:1432890822260|Timestamp:20150529171342|Transaction-Type:301|Transaction-Id:|Response-Code:|<?xml version="1.0" encoding="UTF-8"?>
<Ticket serialNo="T-123456" validationCode="111111"/>,hash=-809352673), get digest:b9281385674d3892bb3ffce97d8b29d0
[2015-05-29 17:13:42,264][Test worker][DEBUG][MLotteryContext] find mapping file definition(xml-mapping/game/toto/EnquiryPrize_Req.xml) by key(5.transtype.301).
[2015-05-29 17:13:42,264][Test worker][DEBUG][ProtocolSerializer] Start to deserialize model: model=null,mappingFile=xml-mapping/game/toto/EnquiryPrize_Req.xml
[2015-05-29 17:13:42,264][Test worker][DEBUG][MLotteryContext] find mapping file definition(xml-mapping/game/toto/EnquiryPrize_Req.xml) by key(5.transtype.301).
[2015-05-29 17:13:42,292][Test worker][DEBUG][RoutineRegistry] Try to lookup handler by routine key(5_301_1.5.0).
[2015-05-29 17:13:42,292][Test worker][DEBUG][RoutineRegistry] Try to lookup handler by routine key(5_301_).
[2015-05-29 17:13:42,292][Test worker][DEBUG][RoutineRegistry] Lookup controller by key(5_301_), found controller(com.mpos.lottery.te.gameimpl.toto.ToToController@6e596eed) and method(public void com.mpos.lottery.te.gameimpl.toto.ToToController.enquiryPrize(com.mpos.lottery.te.port.Context,com.mpos.lottery.te.port.Context) throws com.mpos.lottery.te.config.exception.ApplicationException).
[2015-05-29 17:13:42,292][Test worker][DEBUG][AbstractPrizeService] Enquiry prize information of ticket:nAmMGjJjE2Fpdde2k1iZRw==
[2015-05-29 17:13:42,303][Test worker][DEBUG][AbstractPrizeService] Handle winnings of lucky draw of ticket(serialNo:nAmMGjJjE2Fpdde2k1iZRw==), total 0 winning items found.
[2015-05-29 17:13:42,306][Test worker][DEBUG][CommonFacadeService] No need to publish AMQP message of transaction(PRIZE_ENQUIRY)
[2015-05-29 17:13:42,306][Test worker][DEBUG][MLotteryContext] find mapping file definition(xml-mapping/game/toto/EnquiryPrize_Res.xml) by key(5.transtype.4301).
[2015-05-29 17:13:42,306][Test worker][DEBUG][ProtocolSerializer] Start to serialize model(class com.mpos.lottery.te.gamespec.prize.web.PrizeDto),mappingFile=xml-mapping/game/toto/EnquiryPrize_Res.xml
[2015-05-29 17:13:42,306][Test worker][DEBUG][MLotteryContext] find mapping file definition(xml-mapping/game/toto/EnquiryPrize_Res.xml) by key(5.transtype.4301).
[2015-05-29 17:13:42,306][Test worker][DEBUG][CastorHelper] Finish marshaling input(typeclass com.mpos.lottery.te.gamespec.prize.web.PrizeDto, mappingFile=xml-mapping/game/toto/EnquiryPrize_Res.xml).
[2015-05-29 17:13:42,307][Test worker][DEBUG][ProtocolSerializer] Finish mac(macKey=P2Bbo6+bSSR9O2Qc89f3b4oHTyE1V2gF,macString=Protocal-Version:1.5|GPE_Id:GPE-111|Terminal-Id:111|Operator-Id:OPERATOR-111|Trans-BatchNumber:20150529|TractMsg-Id:1432890822260|Timestamp:20150529171342|Transaction-Type:4301|Transaction-Id:0115052900000000002032|Response-Code:200|<?xml version="1.0" encoding="UTF-8"?>
<Prize returnAmount="0" mode="0" prizeAmount="0" taxAmount="0" actualAmount="0" luckyAmount="0" isVerifyPIN="1"><Ticket serialNo="T-123456" totalAmount="600"/></Prize>):ff6f4c0886b93159eb7436ea9332e4f2
[2015-05-29 17:13:42,307][Test worker][DEBUG][TEPortServlet] Write response to client(host1=localhost,sizeOfPack=280) succesfully.
[2015-05-29 17:13:42,307][Test worker][DEBUG][BaseServletIntegrationTest] Got response(code=200,length=280): <?xml version="1.0" encoding="UTF-8"?>
<Prize returnAmount="0" mode="0" prizeAmount="0" taxAmount="0" actualAmount="0" luckyAmount="0" isVerifyPIN="1"><Ticket serialNo="T-123456" totalAmount="600"/></Prize>
[2015-05-29 17:13:42,307][Test worker][DEBUG][MLotteryContext] find mapping file definition(xml-mapping/game/toto/EnquiryPrize_Res.xml) by key(5.transtype.4301).
[2015-05-29 17:13:42,321][Test worker][DEBUG][TEPortServlet] Startup job scheduer(org.quartz.impl.StdScheduler@4d1e5820) successfully.
[2015-05-29 17:13:42,321][Test worker][WARN ][TEPortServlet] can NOT find META file:F:\project\M.Lottery\TE\TRUNK_TE\sourcecode\build\classes\main\META-INF\MANIFEST.MF
[2015-05-29 17:13:42,321][Test worker][DEBUG][TEPortServlet] Register MBean(com.mpos.lottery.te.common.jmx.TransactionTimeout@72c70e05) with name(com.mpos.lottery.te:type=TransactionTimeoutMBean) successfully.
[2015-05-29 17:13:42,322][Test worker][DEBUG][BaseTransactionalIntegrationTest] Retrieve a ApplicationContext(org.springframework.web.context.support.GenericWebApplicationContext@34f645a8: startup date [Fri May 29 17:12:38 CST 2015]; root of context hierarchy).
[2015-05-29 17:13:42,322][Test worker][INFO ][BaseTransactionalIntegrationTest] +------------------------------------------------------------------------------------------------------------------------+
[2015-05-29 17:13:42,322][Test worker][INFO ][BaseTransactionalIntegrationTest] | PrizeEnquiryIntegrationTest.testEnquiryPrize_TaxWhenAnalysis                                                           |
[2015-05-29 17:13:42,322][Test worker][INFO ][BaseTransactionalIntegrationTest] +------------------------------------------------------------------------------------------------------------------------+
[2015-05-29 17:13:42,326][Test worker][DEBUG][MLotteryContext] find mapping file definition(xml-mapping/game/toto/EnquiryPrize_Req.xml) by key(5.transtype.301).
[2015-05-29 17:13:42,327][Test worker][DEBUG][CastorHelper] Finish marshaling input(typeclass com.mpos.lottery.te.gameimpl.toto.domain.ToToTicket, mappingFile=xml-mapping/game/toto/EnquiryPrize_Req.xml).
[2015-05-29 17:13:42,327][Test worker][DEBUG][BaseServletIntegrationTest] Do MAC(key=P2Bbo6+bSSR9O2Qc89f3b4oHTyE1V2gF) on (Protocal-Version:1.5|GPE_Id:GPE-111|Terminal-Id:111|Operator-Id:OPERATOR-111|Trans-BatchNumber:20150529|TractMsg-Id:1432890822326|Timestamp:20150529171342|Transaction-Type:301|Transaction-Id:|Response-Code:|<?xml version="1.0" encoding="UTF-8"?>
<Ticket serialNo="T-123456" validationCode="111111"/>,hash=-157923414), get digest:4633e113cf41fc903c34433a85f64b5a
[2015-05-29 17:13:42,327][Test worker][DEBUG][TEPortServlet] Got request header(name=X-Transaction-Type, value=301).
[2015-05-29 17:13:42,328][Test worker][DEBUG][TEPortServlet] Got request header(name=X-Protocal-Version, value=1.5).
[2015-05-29 17:13:42,328][Test worker][DEBUG][TEPortServlet] Got request header(name=X-Timestamp, value=20150529171342).
[2015-05-29 17:13:42,328][Test worker][DEBUG][TEPortServlet] Got request header(name=X-GPE-Id, value=GPE-111).
[2015-05-29 17:13:42,328][Test worker][DEBUG][TEPortServlet] Got request header(name=X-Trace-Message-Id, value=1432890822326).
[2015-05-29 17:13:42,328][Test worker][DEBUG][TEPortServlet] Got request header(name=X-Operator-Id, value=OPERATOR-111).
[2015-05-29 17:13:42,328][Test worker][DEBUG][TEPortServlet] Got request header(name=X-Terminal-Id, value=111).
[2015-05-29 17:13:42,328][Test worker][DEBUG][TEPortServlet] Got request header(name=X-MAC, value=4633e113cf41fc903c34433a85f64b5a).
[2015-05-29 17:13:42,328][Test worker][DEBUG][TEPortServlet] Got request header(name=X-Game-Type-Id, value=5).
[2015-05-29 17:13:42,328][Test worker][DEBUG][TEPortServlet] Got request header(name=X-Trans-BatchNumber, value=20150529).
[2015-05-29 17:13:42,328][Test worker][DEBUG][TEPortServlet] Got request header(name=X-GPS-Location, value=40.714353,-74.005973).
[2015-05-29 17:13:42,329][Test worker][DEBUG][TEPortServlet] Got request from localhost, and the message body is:pq3FqO8HCcAnaobA+xpVnADmrnwj1vrK59BGhqvtskYFWTsa2cbe6ttFDFcpmi1MamgAomcAmY5LLjGi9xkBnZjGouvtAsMGvCeyyRXj8mRpg21BAheuqxf1Smh5bXGo.
[2015-05-29 17:13:42,329][Test worker][DEBUG][ProtocolSerializer] Start to deserialize request context(Protocal-Version:1.5|GPE_Id:GPE-111|Terminal-Id:111|Operator-Id:OPERATOR-111|Trans-BatchNumber:20150529|TractMsg-Id:1432890822326|Timestamp:20150529171342|Transaction-Type:301|Transaction-Id:|Response-Code:|).
[2015-05-29 17:13:42,330][Test worker][DEBUG][ProtocolSerializer] Finish decrypting cipher into original xml:<?xml version="1.0" encoding="UTF-8"?>
<Ticket serialNo="T-123456" validationCode="111111"/>
[2015-05-29 17:13:42,330][Test worker][DEBUG][ProtocolSerializer] Start to do MAC(key=P2Bbo6+bSSR9O2Qc89f3b4oHTyE1V2gF) on (Protocal-Version:1.5|GPE_Id:GPE-111|Terminal-Id:111|Operator-Id:OPERATOR-111|Trans-BatchNumber:20150529|TractMsg-Id:1432890822326|Timestamp:20150529171342|Transaction-Type:301|Transaction-Id:|Response-Code:|<?xml version="1.0" encoding="UTF-8"?>
<Ticket serialNo="T-123456" validationCode="111111"/>,hash=-157923414), get digest:4633e113cf41fc903c34433a85f64b5a
[2015-05-29 17:13:42,330][Test worker][DEBUG][MLotteryContext] find mapping file definition(xml-mapping/game/toto/EnquiryPrize_Req.xml) by key(5.transtype.301).
[2015-05-29 17:13:42,330][Test worker][DEBUG][ProtocolSerializer] Start to deserialize model: model=null,mappingFile=xml-mapping/game/toto/EnquiryPrize_Req.xml
[2015-05-29 17:13:42,330][Test worker][DEBUG][MLotteryContext] find mapping file definition(xml-mapping/game/toto/EnquiryPrize_Req.xml) by key(5.transtype.301).
[2015-05-29 17:13:42,346][Test worker][DEBUG][RoutineRegistry] Try to lookup handler by routine key(5_301_1.5.0).
[2015-05-29 17:13:42,346][Test worker][DEBUG][RoutineRegistry] Try to lookup handler by routine key(5_301_).
[2015-05-29 17:13:42,346][Test worker][DEBUG][RoutineRegistry] Lookup controller by key(5_301_), found controller(com.mpos.lottery.te.gameimpl.toto.ToToController@6e596eed) and method(public void com.mpos.lottery.te.gameimpl.toto.ToToController.enquiryPrize(com.mpos.lottery.te.port.Context,com.mpos.lottery.te.port.Context) throws com.mpos.lottery.te.config.exception.ApplicationException).
[2015-05-29 17:13:42,346][Test worker][DEBUG][AbstractPrizeService] Enquiry prize information of ticket:nAmMGjJjE2Fpdde2k1iZRw==
[2015-05-29 17:13:42,361][Test worker][DEBUG][AbstractPrizeService] Handle winnings of lucky draw of ticket(serialNo:nAmMGjJjE2Fpdde2k1iZRw==), total 0 winning items found.
[2015-05-29 17:13:42,364][Test worker][DEBUG][CommonFacadeService] No need to publish AMQP message of transaction(PRIZE_ENQUIRY)
[2015-05-29 17:13:42,364][Test worker][DEBUG][MLotteryContext] find mapping file definition(xml-mapping/game/toto/EnquiryPrize_Res.xml) by key(5.transtype.4301).
[2015-05-29 17:13:42,364][Test worker][DEBUG][ProtocolSerializer] Start to serialize model(class com.mpos.lottery.te.gamespec.prize.web.PrizeDto),mappingFile=xml-mapping/game/toto/EnquiryPrize_Res.xml
[2015-05-29 17:13:42,364][Test worker][DEBUG][MLotteryContext] find mapping file definition(xml-mapping/game/toto/EnquiryPrize_Res.xml) by key(5.transtype.4301).
[2015-05-29 17:13:42,365][Test worker][DEBUG][CastorHelper] Finish marshaling input(typeclass com.mpos.lottery.te.gamespec.prize.web.PrizeDto, mappingFile=xml-mapping/game/toto/EnquiryPrize_Res.xml).
[2015-05-29 17:13:42,365][Test worker][DEBUG][ProtocolSerializer] Finish mac(macKey=P2Bbo6+bSSR9O2Qc89f3b4oHTyE1V2gF,macString=Protocal-Version:1.5|GPE_Id:GPE-111|Terminal-Id:111|Operator-Id:OPERATOR-111|Trans-BatchNumber:20150529|TractMsg-Id:1432890822326|Timestamp:20150529171342|Transaction-Type:4301|Transaction-Id:0115052900000000002033|Response-Code:200|<?xml version="1.0" encoding="UTF-8"?>
<Prize returnAmount="0" mode="0" prizeAmount="22000" taxAmount="2200" actualAmount="19806" luckyAmount="0" isVerifyPIN="1"><Ticket serialNo="T-123456" totalAmount="600"/><PrizeItem type="1"><GameDraw number="20090401" gameId="GAME-TOTO-1"/><Winning level="3" prizeAmount="3000" taxAmount="300" actualAmount="2701" numberOfPrize="2"/><Winning level="4" prizeAmount="4000" taxAmount="400" actualAmount="3601" numberOfPrize="4"/></PrizeItem></Prize>):00a174ab7a9ad01986184a5c8ae21abf
[2015-05-29 17:13:42,366][Test worker][DEBUG][TEPortServlet] Write response to client(host1=localhost,sizeOfPack=652) succesfully.
[2015-05-29 17:13:42,366][Test worker][DEBUG][BaseServletIntegrationTest] Got response(code=200,length=652): <?xml version="1.0" encoding="UTF-8"?>
<Prize returnAmount="0" mode="0" prizeAmount="22000" taxAmount="2200" actualAmount="19806" luckyAmount="0" isVerifyPIN="1"><Ticket serialNo="T-123456" totalAmount="600"/><PrizeItem type="1"><GameDraw number="20090401" gameId="GAME-TOTO-1"/><Winning level="3" prizeAmount="3000" taxAmount="300" actualAmount="2701" numberOfPrize="2"/><Winning level="4" prizeAmount="4000" taxAmount="400" actualAmount="3601" numberOfPrize="4"/></PrizeItem></Prize>
[2015-05-29 17:13:42,366][Test worker][DEBUG][MLotteryContext] find mapping file definition(xml-mapping/game/toto/EnquiryPrize_Res.xml) by key(5.transtype.4301).
]]></system-out>
  <system-err><![CDATA[]]></system-err>
</testsuite>
