<?xml version="1.0" encoding="UTF-8"?>
<testsuite name="com.mpos.lottery.te.gameimpl.toto.sale.SaleIntegrationTest" tests="4" skipped="0" failures="0" errors="0" timestamp="2015-05-29T09:13:40" hostname="Ramon-PC" time="0.265">
  <properties/>
  <testcase name="testSale_IllegalSelectedNumber" classname="com.mpos.lottery.te.gameimpl.toto.sale.SaleIntegrationTest" time="0.083"/>
  <testcase name="testSale_GameInstanceSuspendSale" classname="com.mpos.lottery.te.gameimpl.toto.sale.SaleIntegrationTest" time="0.038"/>
  <testcase name="testSale_OK" classname="com.mpos.lottery.te.gameimpl.toto.sale.SaleIntegrationTest" time="0.1"/>
  <testcase name="testSale_TripleDoubleRule" classname="com.mpos.lottery.te.gameimpl.toto.sale.SaleIntegrationTest" time="0.043"/>
  <system-out><![CDATA[[2015-05-29 17:13:40,702][Test worker][DEBUG][TEPortServlet] Startup job scheduer(org.quartz.impl.StdScheduler@4d1e5820) successfully.
[2015-05-29 17:13:40,703][Test worker][WARN ][TEPortServlet] can NOT find META file:F:\project\M.Lottery\TE\TRUNK_TE\sourcecode\build\classes\main\META-INF\MANIFEST.MF
[2015-05-29 17:13:40,703][Test worker][DEBUG][TEPortServlet] Register MBean(com.mpos.lottery.te.common.jmx.TransactionTimeout@16f105e3) with name(com.mpos.lottery.te:type=TransactionTimeoutMBean) successfully.
[2015-05-29 17:13:40,703][Test worker][DEBUG][BaseTransactionalIntegrationTest] Retrieve a ApplicationContext(org.springframework.web.context.support.GenericWebApplicationContext@34f645a8: startup date [Fri May 29 17:12:38 CST 2015]; root of context hierarchy).
[2015-05-29 17:13:40,703][Test worker][INFO ][BaseTransactionalIntegrationTest] +------------------------------------------------------------------------------------------------------------------------+
[2015-05-29 17:13:40,703][Test worker][INFO ][BaseTransactionalIntegrationTest] | SaleIntegrationTest.testSale_IllegalSelectedNumber                                                                     |
[2015-05-29 17:13:40,703][Test worker][INFO ][BaseTransactionalIntegrationTest] +------------------------------------------------------------------------------------------------------------------------+
[2015-05-29 17:13:40,705][Test worker][DEBUG][MLotteryContext] find mapping file definition(xml-mapping/game/toto/ToToSellTicket_Req.xml) by key(5.transtype.200).
[2015-05-29 17:13:40,719][Test worker][DEBUG][CastorHelper] Finish marshaling input(typeclass com.mpos.lottery.te.gameimpl.toto.domain.ToToTicket, mappingFile=xml-mapping/game/toto/ToToSellTicket_Req.xml).
[2015-05-29 17:13:40,720][Test worker][DEBUG][BaseServletIntegrationTest] Do MAC(key=P2Bbo6+bSSR9O2Qc89f3b4oHTyE1V2gF) on (Protocal-Version:1.5|GPE_Id:GPE-111|Terminal-Id:111|Operator-Id:OPERATOR-111|Trans-BatchNumber:20150529|TractMsg-Id:1432890820705|Timestamp:20150529171340|Transaction-Type:200|Transaction-Id:|Response-Code:|<?xml version="1.0" encoding="UTF-8"?>
<Ticket multipleDraws="1" totalAmount="100.0" PIN="123456"><GameDraw number="20090402" gameId="GAME-TOTO-1" omrGameSet="G2"/><Entry selectedNumber="0,1,2" inputChannel="1" betOption="0"/><User creditCardSN="CC-12345678"/></Ticket>,hash=-2050725452), get digest:092ff469b60045aee58eede1c1a6d3be
[2015-05-29 17:13:40,720][Test worker][DEBUG][TEPortServlet] Got request header(name=X-Transaction-Type, value=200).
[2015-05-29 17:13:40,720][Test worker][DEBUG][TEPortServlet] Got request header(name=X-Protocal-Version, value=1.5).
[2015-05-29 17:13:40,720][Test worker][DEBUG][TEPortServlet] Got request header(name=X-Timestamp, value=20150529171340).
[2015-05-29 17:13:40,720][Test worker][DEBUG][TEPortServlet] Got request header(name=X-GPE-Id, value=GPE-111).
[2015-05-29 17:13:40,720][Test worker][DEBUG][TEPortServlet] Got request header(name=X-Trace-Message-Id, value=1432890820705).
[2015-05-29 17:13:40,720][Test worker][DEBUG][TEPortServlet] Got request header(name=X-Operator-Id, value=OPERATOR-111).
[2015-05-29 17:13:40,720][Test worker][DEBUG][TEPortServlet] Got request header(name=X-Terminal-Id, value=111).
[2015-05-29 17:13:40,720][Test worker][DEBUG][TEPortServlet] Got request header(name=X-MAC, value=092ff469b60045aee58eede1c1a6d3be).
[2015-05-29 17:13:40,720][Test worker][DEBUG][TEPortServlet] Got request header(name=X-Game-Type-Id, value=5).
[2015-05-29 17:13:40,720][Test worker][DEBUG][TEPortServlet] Got request header(name=X-Trans-BatchNumber, value=20150529).
[2015-05-29 17:13:40,720][Test worker][DEBUG][TEPortServlet] Got request header(name=X-GPS-Location, value=40.714353,-74.005973).
[2015-05-29 17:13:40,722][Test worker][DEBUG][TEPortServlet] Got request from localhost, and the message body is:pq3FqO8HCcAnaobA+xpVnADmrnwj1vrK59BGhqvtskYFWTsa2cbe6vvj1C28m6E+ybhcq2GHfnfSvzUuvi5gIW+x7OzQghYnPu+mFv+jPpY47muYi8v7l1yIbKYYw3F4+eFLqrCqj+uTPLf/Acx8I324HSm+qAxK4JRt+gDDp0wVKzm6TJDcSlzhik7er/GiA5b5YAEQMzuYO/xTVzNnR1bMKFKDxyN4VT9PFPbS74XH1hNFT2svEw/nj+cneouQefjN4QHiwKpBST49PM47ZoLT/T1UhxjJHKlrzOcri2jXSvWeEcFpNUcS0FAzbfcyGIT8lZ920srpydii2H6GZieZCYdpSWOMV1UwbK8dzG4=.
[2015-05-29 17:13:40,722][Test worker][DEBUG][ProtocolSerializer] Start to deserialize request context(Protocal-Version:1.5|GPE_Id:GPE-111|Terminal-Id:111|Operator-Id:OPERATOR-111|Trans-BatchNumber:20150529|TractMsg-Id:1432890820705|Timestamp:20150529171340|Transaction-Type:200|Transaction-Id:|Response-Code:|).
[2015-05-29 17:13:40,722][Test worker][DEBUG][ProtocolSerializer] Finish decrypting cipher into original xml:<?xml version="1.0" encoding="UTF-8"?>
<Ticket multipleDraws="1" totalAmount="100.0" PIN="123456"><GameDraw number="20090402" gameId="GAME-TOTO-1" omrGameSet="G2"/><Entry selectedNumber="0,1,2" inputChannel="1" betOption="0"/><User creditCardSN="CC-12345678"/></Ticket>
[2015-05-29 17:13:40,722][Test worker][DEBUG][ProtocolSerializer] Start to do MAC(key=P2Bbo6+bSSR9O2Qc89f3b4oHTyE1V2gF) on (Protocal-Version:1.5|GPE_Id:GPE-111|Terminal-Id:111|Operator-Id:OPERATOR-111|Trans-BatchNumber:20150529|TractMsg-Id:1432890820705|Timestamp:20150529171340|Transaction-Type:200|Transaction-Id:|Response-Code:|<?xml version="1.0" encoding="UTF-8"?>
<Ticket multipleDraws="1" totalAmount="100.0" PIN="123456"><GameDraw number="20090402" gameId="GAME-TOTO-1" omrGameSet="G2"/><Entry selectedNumber="0,1,2" inputChannel="1" betOption="0"/><User creditCardSN="CC-12345678"/></Ticket>,hash=-2050725452), get digest:092ff469b60045aee58eede1c1a6d3be
[2015-05-29 17:13:40,722][Test worker][DEBUG][MLotteryContext] find mapping file definition(xml-mapping/game/toto/ToToSellTicket_Req.xml) by key(5.transtype.200).
[2015-05-29 17:13:40,723][Test worker][DEBUG][ProtocolSerializer] Start to deserialize model: model=null,mappingFile=xml-mapping/game/toto/ToToSellTicket_Req.xml
[2015-05-29 17:13:40,723][Test worker][DEBUG][MLotteryContext] find mapping file definition(xml-mapping/game/toto/ToToSellTicket_Req.xml) by key(5.transtype.200).
[2015-05-29 17:13:40,737][Test worker][DEBUG][RoutineRegistry] Try to lookup handler by routine key(5_200_1.5.0).
[2015-05-29 17:13:40,737][Test worker][DEBUG][RoutineRegistry] Try to lookup handler by routine key(5_200_).
[2015-05-29 17:13:40,737][Test worker][DEBUG][RoutineRegistry] Lookup controller by key(5_200_), found controller(com.mpos.lottery.te.gameimpl.toto.ToToController@6e596eed) and method(public void com.mpos.lottery.te.gameimpl.toto.ToToController.sell(com.mpos.lottery.te.port.Context,com.mpos.lottery.te.port.Context) throws com.mpos.lottery.te.config.exception.ApplicationException).
[2015-05-29 17:13:40,751][Test worker][INFO ][AbstractGameInstanceService] No channel game instance time definiton found, ignore it.
[2015-05-29 17:13:40,751][Test worker][DEBUG][UUIDServiceImpl] Assemble a new ticket serial number:01110745519300016327
[2015-05-29 17:13:40,770][Test worker][ERROR][TEPortServlet] Bet type of SelectTeam[2] is unmatched with allowed match bet bype[0] of Game instance =GII-112
com.mpos.lottery.te.config.exception.SystemException: Bet type of SelectTeam[2] is unmatched with allowed match bet bype[0] of Game instance =GII-112
	at com.mpos.lottery.te.gameimpl.toto.domain.logic.ToToTicketValidator.validSelectedMatch(ToToTicketValidator.java:92)
	at com.mpos.lottery.te.gameimpl.toto.domain.logic.ToToTicketValidator.validToToTicketParams(ToToTicketValidator.java:56)
	at com.mpos.lottery.te.gameimpl.toto.domain.logic.ToToTicketValidator.validate(ToToTicketValidator.java:33)
	at com.mpos.lottery.te.gamespec.sale.service.AbstractTicketService.validateTicketRequest(AbstractTicketService.java:386)
	at com.mpos.lottery.te.gamespec.sale.service.AbstractTicketService.sell(AbstractTicketService.java:140)
	at sun.reflect.GeneratedMethodAccessor130.invoke(Unknown Source)
	at sun.reflect.DelegatingMethodAccessorImpl.invoke(DelegatingMethodAccessorImpl.java:43)
	at java.lang.reflect.Method.invoke(Method.java:606)
	at org.springframework.aop.support.AopUtils.invokeJoinpointUsingReflection(AopUtils.java:317)
	at org.springframework.aop.framework.ReflectiveMethodInvocation.invokeJoinpoint(ReflectiveMethodInvocation.java:190)
	at org.springframework.aop.framework.ReflectiveMethodInvocation.proceed(ReflectiveMethodInvocation.java:157)
	at org.springframework.transaction.interceptor.TransactionInterceptor$1.proceedWithInvocation(TransactionInterceptor.java:98)
	at org.springframework.transaction.interceptor.TransactionAspectSupport.invokeWithinTransaction(TransactionAspectSupport.java:262)
	at org.springframework.transaction.interceptor.TransactionInterceptor.invoke(TransactionInterceptor.java:95)
	at org.springframework.aop.framework.ReflectiveMethodInvocation.proceed(ReflectiveMethodInvocation.java:179)
	at org.springframework.aop.interceptor.ExposeInvocationInterceptor.invoke(ExposeInvocationInterceptor.java:92)
	at org.springframework.aop.framework.ReflectiveMethodInvocation.proceed(ReflectiveMethodInvocation.java:179)
	at org.springframework.aop.framework.JdkDynamicAopProxy.invoke(JdkDynamicAopProxy.java:207)
	at com.sun.proxy.$Proxy58.sell(Unknown Source)
	at com.mpos.lottery.te.gameimpl.toto.ToToController.sell(ToToController.java:35)
	at sun.reflect.NativeMethodAccessorImpl.invoke0(Native Method)
	at sun.reflect.NativeMethodAccessorImpl.invoke(NativeMethodAccessorImpl.java:57)
	at sun.reflect.DelegatingMethodAccessorImpl.invoke(DelegatingMethodAccessorImpl.java:43)
	at java.lang.reflect.Method.invoke(Method.java:606)
	at com.mpos.lottery.common.router.RoutineRegistry.route(RoutineRegistry.java:57)
	at com.mpos.lottery.te.port.service.CommonFacadeService.routeRequest(CommonFacadeService.java:237)
	at com.mpos.lottery.te.port.service.CommonFacadeService.facade(CommonFacadeService.java:96)
	at sun.reflect.GeneratedMethodAccessor83.invoke(Unknown Source)
	at sun.reflect.DelegatingMethodAccessorImpl.invoke(DelegatingMethodAccessorImpl.java:43)
	at java.lang.reflect.Method.invoke(Method.java:606)
	at org.springframework.aop.support.AopUtils.invokeJoinpointUsingReflection(AopUtils.java:317)
	at org.springframework.aop.framework.ReflectiveMethodInvocation.invokeJoinpoint(ReflectiveMethodInvocation.java:190)
	at org.springframework.aop.framework.ReflectiveMethodInvocation.proceed(ReflectiveMethodInvocation.java:157)
	at org.springframework.transaction.interceptor.TransactionInterceptor$1.proceedWithInvocation(TransactionInterceptor.java:98)
	at org.springframework.transaction.interceptor.TransactionAspectSupport.invokeWithinTransaction(TransactionAspectSupport.java:262)
	at org.springframework.transaction.interceptor.TransactionInterceptor.invoke(TransactionInterceptor.java:95)
	at org.springframework.aop.framework.ReflectiveMethodInvocation.proceed(ReflectiveMethodInvocation.java:179)
	at org.springframework.aop.interceptor.ExposeInvocationInterceptor.invoke(ExposeInvocationInterceptor.java:92)
	at org.springframework.aop.framework.ReflectiveMethodInvocation.proceed(ReflectiveMethodInvocation.java:179)
	at org.springframework.aop.framework.JdkDynamicAopProxy.invoke(JdkDynamicAopProxy.java:207)
	at com.sun.proxy.$Proxy85.facade(Unknown Source)
	at com.mpos.lottery.te.port.TEPortServlet.doPost(TEPortServlet.java:121)
	at com.mpos.lottery.te.test.integration.BaseServletIntegrationTest.doPost(BaseServletIntegrationTest.java:80)
	at com.mpos.lottery.te.gameimpl.toto.sale.SaleIntegrationTest.testSale_IllegalSelectedNumber(SaleIntegrationTest.java:151)
	at sun.reflect.NativeMethodAccessorImpl.invoke0(Native Method)
	at sun.reflect.NativeMethodAccessorImpl.invoke(NativeMethodAccessorImpl.java:57)
	at sun.reflect.DelegatingMethodAccessorImpl.invoke(DelegatingMethodAccessorImpl.java:43)
	at java.lang.reflect.Method.invoke(Method.java:606)
	at org.junit.runners.model.FrameworkMethod$1.runReflectiveCall(FrameworkMethod.java:47)
	at org.junit.internal.runners.model.ReflectiveCallable.run(ReflectiveCallable.java:12)
	at org.junit.runners.model.FrameworkMethod.invokeExplosively(FrameworkMethod.java:44)
	at org.junit.internal.runners.statements.InvokeMethod.evaluate(InvokeMethod.java:17)
	at org.junit.internal.runners.statements.RunBefores.evaluate(RunBefores.java:26)
	at org.springframework.test.context.junit4.statements.RunBeforeTestMethodCallbacks.evaluate(RunBeforeTestMethodCallbacks.java:74)
	at org.junit.internal.runners.statements.RunAfters.evaluate(RunAfters.java:27)
	at org.springframework.test.context.junit4.statements.RunAfterTestMethodCallbacks.evaluate(RunAfterTestMethodCallbacks.java:83)
	at org.springframework.test.context.junit4.statements.SpringRepeat.evaluate(SpringRepeat.java:72)
	at org.springframework.test.context.junit4.SpringJUnit4ClassRunner.runChild(SpringJUnit4ClassRunner.java:233)
	at org.springframework.test.context.junit4.SpringJUnit4ClassRunner.runChild(SpringJUnit4ClassRunner.java:87)
	at org.junit.runners.ParentRunner$3.run(ParentRunner.java:238)
	at org.junit.runners.ParentRunner$1.schedule(ParentRunner.java:63)
	at org.junit.runners.ParentRunner.runChildren(ParentRunner.java:236)
	at org.junit.runners.ParentRunner.access$000(ParentRunner.java:53)
	at org.junit.runners.ParentRunner$2.evaluate(ParentRunner.java:229)
	at org.junit.internal.runners.statements.RunBefores.evaluate(RunBefores.java:26)
	at org.springframework.test.context.junit4.statements.RunBeforeTestClassCallbacks.evaluate(RunBeforeTestClassCallbacks.java:61)
	at org.junit.internal.runners.statements.RunAfters.evaluate(RunAfters.java:27)
	at org.springframework.test.context.junit4.statements.RunAfterTestClassCallbacks.evaluate(RunAfterTestClassCallbacks.java:71)
	at org.junit.runners.ParentRunner.run(ParentRunner.java:309)
	at org.springframework.test.context.junit4.SpringJUnit4ClassRunner.run(SpringJUnit4ClassRunner.java:176)
	at org.junit.runners.Suite.runChild(Suite.java:127)
	at org.junit.runners.Suite.runChild(Suite.java:26)
	at org.junit.runners.ParentRunner$3.run(ParentRunner.java:238)
	at org.junit.runners.ParentRunner$1.schedule(ParentRunner.java:63)
	at org.junit.runners.ParentRunner.runChildren(ParentRunner.java:236)
	at org.junit.runners.ParentRunner.access$000(ParentRunner.java:53)
	at org.junit.runners.ParentRunner$2.evaluate(ParentRunner.java:229)
	at org.junit.runners.ParentRunner.run(ParentRunner.java:309)
	at org.gradle.api.internal.tasks.testing.junit.JUnitTestClassExecuter.runTestClass(JUnitTestClassExecuter.java:86)
	at org.gradle.api.internal.tasks.testing.junit.JUnitTestClassExecuter.execute(JUnitTestClassExecuter.java:49)
	at org.gradle.api.internal.tasks.testing.junit.JUnitTestClassProcessor.processTestClass(JUnitTestClassProcessor.java:69)
	at org.gradle.api.internal.tasks.testing.SuiteTestClassProcessor.processTestClass(SuiteTestClassProcessor.java:48)
	at sun.reflect.GeneratedMethodAccessor8.invoke(Unknown Source)
	at sun.reflect.DelegatingMethodAccessorImpl.invoke(DelegatingMethodAccessorImpl.java:43)
	at java.lang.reflect.Method.invoke(Method.java:606)
	at org.gradle.messaging.dispatch.ReflectionDispatch.dispatch(ReflectionDispatch.java:35)
	at org.gradle.messaging.dispatch.ReflectionDispatch.dispatch(ReflectionDispatch.java:24)
	at org.gradle.messaging.dispatch.ContextClassLoaderDispatch.dispatch(ContextClassLoaderDispatch.java:32)
	at org.gradle.messaging.dispatch.ProxyDispatchAdapter$DispatchingInvocationHandler.invoke(ProxyDispatchAdapter.java:93)
	at com.sun.proxy.$Proxy2.processTestClass(Unknown Source)
	at org.gradle.api.internal.tasks.testing.worker.TestWorker.processTestClass(TestWorker.java:105)
	at sun.reflect.GeneratedMethodAccessor7.invoke(Unknown Source)
	at sun.reflect.DelegatingMethodAccessorImpl.invoke(DelegatingMethodAccessorImpl.java:43)
	at java.lang.reflect.Method.invoke(Method.java:606)
	at org.gradle.messaging.dispatch.ReflectionDispatch.dispatch(ReflectionDispatch.java:35)
	at org.gradle.messaging.dispatch.ReflectionDispatch.dispatch(ReflectionDispatch.java:24)
	at org.gradle.messaging.remote.internal.hub.MessageHub$Handler.run(MessageHub.java:360)
	at org.gradle.internal.concurrent.DefaultExecutorFactory$StoppableExecutorImpl$1.run(DefaultExecutorFactory.java:64)
	at java.util.concurrent.ThreadPoolExecutor.runWorker(ThreadPoolExecutor.java:1145)
	at java.util.concurrent.ThreadPoolExecutor$Worker.run(ThreadPoolExecutor.java:615)
	at java.lang.Thread.run(Thread.java:745)
[2015-05-29 17:13:40,772][Test worker][DEBUG][ProtocolSerializer] Finish mac(macKey=P2Bbo6+bSSR9O2Qc89f3b4oHTyE1V2gF,macString=Protocal-Version:1.5|GPE_Id:GPE-111|Terminal-Id:111|Operator-Id:OPERATOR-111|Trans-BatchNumber:20150529|TractMsg-Id:1432890820705|Timestamp:20150529171340|Transaction-Type:4200|Transaction-Id:0115052900000000001993|Response-Code:801|):7b3ef3acb8c990e6f23071dd2de804cd
[2015-05-29 17:13:40,772][Test worker][DEBUG][BaseServletIntegrationTest] Got response(code=801,length=0): 
[2015-05-29 17:13:40,781][Test worker][DEBUG][TEPortServlet] Startup job scheduer(org.quartz.impl.StdScheduler@4d1e5820) successfully.
[2015-05-29 17:13:40,781][Test worker][WARN ][TEPortServlet] can NOT find META file:F:\project\M.Lottery\TE\TRUNK_TE\sourcecode\build\classes\main\META-INF\MANIFEST.MF
[2015-05-29 17:13:40,781][Test worker][DEBUG][TEPortServlet] Register MBean(com.mpos.lottery.te.common.jmx.TransactionTimeout@61ed10f7) with name(com.mpos.lottery.te:type=TransactionTimeoutMBean) successfully.
[2015-05-29 17:13:40,782][Test worker][DEBUG][BaseTransactionalIntegrationTest] Retrieve a ApplicationContext(org.springframework.web.context.support.GenericWebApplicationContext@34f645a8: startup date [Fri May 29 17:12:38 CST 2015]; root of context hierarchy).
[2015-05-29 17:13:40,782][Test worker][INFO ][BaseTransactionalIntegrationTest] +------------------------------------------------------------------------------------------------------------------------+
[2015-05-29 17:13:40,782][Test worker][INFO ][BaseTransactionalIntegrationTest] | SaleIntegrationTest.testSale_GameInstanceSuspendSale                                                                   |
[2015-05-29 17:13:40,782][Test worker][INFO ][BaseTransactionalIntegrationTest] +------------------------------------------------------------------------------------------------------------------------+
[2015-05-29 17:13:40,784][Test worker][DEBUG][MLotteryContext] find mapping file definition(xml-mapping/game/toto/ToToSellTicket_Req.xml) by key(5.transtype.200).
[2015-05-29 17:13:40,784][Test worker][DEBUG][CastorHelper] Finish marshaling input(typeclass com.mpos.lottery.te.gameimpl.toto.domain.ToToTicket, mappingFile=xml-mapping/game/toto/ToToSellTicket_Req.xml).
[2015-05-29 17:13:40,785][Test worker][DEBUG][BaseServletIntegrationTest] Do MAC(key=P2Bbo6+bSSR9O2Qc89f3b4oHTyE1V2gF) on (Protocal-Version:1.5|GPE_Id:GPE-111|Terminal-Id:111|Operator-Id:OPERATOR-111|Trans-BatchNumber:20150529|TractMsg-Id:1432890820783|Timestamp:20150529171340|Transaction-Type:200|Transaction-Id:|Response-Code:|<?xml version="1.0" encoding="UTF-8"?>
<Ticket multipleDraws="1" totalAmount="600.0" PIN="123456"><GameDraw number="20090402" gameId="GAME-TOTO-1" omrGameSet="G2"/><Entry selectedNumber="0|1|3,1,3|0" inputChannel="1" betOption="0"/><User creditCardSN="CC-12345678"/></Ticket>,hash=751847938), get digest:bdc2348f0fcca09433bce49c361c6a4b
[2015-05-29 17:13:40,785][Test worker][DEBUG][TEPortServlet] Got request header(name=X-Transaction-Type, value=200).
[2015-05-29 17:13:40,785][Test worker][DEBUG][TEPortServlet] Got request header(name=X-Protocal-Version, value=1.5).
[2015-05-29 17:13:40,785][Test worker][DEBUG][TEPortServlet] Got request header(name=X-Timestamp, value=20150529171340).
[2015-05-29 17:13:40,785][Test worker][DEBUG][TEPortServlet] Got request header(name=X-GPE-Id, value=GPE-111).
[2015-05-29 17:13:40,785][Test worker][DEBUG][TEPortServlet] Got request header(name=X-Trace-Message-Id, value=1432890820783).
[2015-05-29 17:13:40,785][Test worker][DEBUG][TEPortServlet] Got request header(name=X-Operator-Id, value=OPERATOR-111).
[2015-05-29 17:13:40,785][Test worker][DEBUG][TEPortServlet] Got request header(name=X-Terminal-Id, value=111).
[2015-05-29 17:13:40,785][Test worker][DEBUG][TEPortServlet] Got request header(name=X-MAC, value=bdc2348f0fcca09433bce49c361c6a4b).
[2015-05-29 17:13:40,785][Test worker][DEBUG][TEPortServlet] Got request header(name=X-Game-Type-Id, value=5).
[2015-05-29 17:13:40,785][Test worker][DEBUG][TEPortServlet] Got request header(name=X-Trans-BatchNumber, value=20150529).
[2015-05-29 17:13:40,785][Test worker][DEBUG][TEPortServlet] Got request header(name=X-GPS-Location, value=40.714353,-74.005973).
[2015-05-29 17:13:40,787][Test worker][DEBUG][TEPortServlet] Got request from localhost, and the message body is:pq3FqO8HCcAnaobA+xpVnADmrnwj1vrK59BGhqvtskYFWTsa2cbe6vvj1C28m6E+ybhcq2GHfnfSvzUuvi5gIW+x7OzQghYn61j67DgR6TCXVRbbYRxY5tlDCBqQgCi1VnZWrdPdsyn4IjNz0O9RxmbMgamU+bELYX0cJuPYitV4wBRrPDrMt+Mi6wufj5bRe6zTiRVNzq6lR8JO3sEZ+wCJoQXPhqF87+bCU0Clv4kA6g1ZTYZsNpF1xs0eV+4VJ9zWSmiflVVA9CrpfEG2yqlhhs18xWdVR+NLrN4zoLXGW0aEQywdcaxo+h3pzZv45ZKlxQAHRomNMe+eg0LB9fkZAFi3NjuEuSa32Q1txdFoH1tFqvyH4w==.
[2015-05-29 17:13:40,787][Test worker][DEBUG][ProtocolSerializer] Start to deserialize request context(Protocal-Version:1.5|GPE_Id:GPE-111|Terminal-Id:111|Operator-Id:OPERATOR-111|Trans-BatchNumber:20150529|TractMsg-Id:1432890820783|Timestamp:20150529171340|Transaction-Type:200|Transaction-Id:|Response-Code:|).
[2015-05-29 17:13:40,787][Test worker][DEBUG][ProtocolSerializer] Finish decrypting cipher into original xml:<?xml version="1.0" encoding="UTF-8"?>
<Ticket multipleDraws="1" totalAmount="600.0" PIN="123456"><GameDraw number="20090402" gameId="GAME-TOTO-1" omrGameSet="G2"/><Entry selectedNumber="0|1|3,1,3|0" inputChannel="1" betOption="0"/><User creditCardSN="CC-12345678"/></Ticket>
[2015-05-29 17:13:40,787][Test worker][DEBUG][ProtocolSerializer] Start to do MAC(key=P2Bbo6+bSSR9O2Qc89f3b4oHTyE1V2gF) on (Protocal-Version:1.5|GPE_Id:GPE-111|Terminal-Id:111|Operator-Id:OPERATOR-111|Trans-BatchNumber:20150529|TractMsg-Id:1432890820783|Timestamp:20150529171340|Transaction-Type:200|Transaction-Id:|Response-Code:|<?xml version="1.0" encoding="UTF-8"?>
<Ticket multipleDraws="1" totalAmount="600.0" PIN="123456"><GameDraw number="20090402" gameId="GAME-TOTO-1" omrGameSet="G2"/><Entry selectedNumber="0|1|3,1,3|0" inputChannel="1" betOption="0"/><User creditCardSN="CC-12345678"/></Ticket>,hash=751847938), get digest:bdc2348f0fcca09433bce49c361c6a4b
[2015-05-29 17:13:40,788][Test worker][DEBUG][MLotteryContext] find mapping file definition(xml-mapping/game/toto/ToToSellTicket_Req.xml) by key(5.transtype.200).
[2015-05-29 17:13:40,788][Test worker][DEBUG][ProtocolSerializer] Start to deserialize model: model=null,mappingFile=xml-mapping/game/toto/ToToSellTicket_Req.xml
[2015-05-29 17:13:40,788][Test worker][DEBUG][MLotteryContext] find mapping file definition(xml-mapping/game/toto/ToToSellTicket_Req.xml) by key(5.transtype.200).
[2015-05-29 17:13:40,800][Test worker][DEBUG][RoutineRegistry] Try to lookup handler by routine key(5_200_1.5.0).
[2015-05-29 17:13:40,800][Test worker][DEBUG][RoutineRegistry] Try to lookup handler by routine key(5_200_).
[2015-05-29 17:13:40,800][Test worker][DEBUG][RoutineRegistry] Lookup controller by key(5_200_), found controller(com.mpos.lottery.te.gameimpl.toto.ToToController@6e596eed) and method(public void com.mpos.lottery.te.gameimpl.toto.ToToController.sell(com.mpos.lottery.te.port.Context,com.mpos.lottery.te.port.Context) throws com.mpos.lottery.te.config.exception.ApplicationException).
[2015-05-29 17:13:40,809][Test worker][INFO ][AbstractGameInstanceService] No channel game instance time definiton found, ignore it.
[2015-05-29 17:13:40,809][Test worker][ERROR][AbstractGameInstanceService] The game instance(number=20090402,game.type=5,status=2,startSellintTime=2015-05-28 17:12:14.0,stopSellTime=2015-05-30 17:12:14.0,suspendSale=true) doesn't accept sale.
[2015-05-29 17:13:40,809][Test worker][ERROR][TEPortServlet] Game instance has suspended sale.
com.mpos.lottery.te.config.exception.ApplicationException: Game instance has suspended sale.
	at com.mpos.lottery.te.gamespec.game.service.impl.AbstractGameInstanceService.allowSale(AbstractGameInstanceService.java:242)
	at com.mpos.lottery.te.gamespec.game.service.impl.AbstractGameInstanceService.doEnquiryMultiDraw(AbstractGameInstanceService.java:182)
	at com.mpos.lottery.te.gamespec.game.service.impl.AbstractGameInstanceService.enquirySaleReady(AbstractGameInstanceService.java:98)
	at sun.reflect.GeneratedMethodAccessor131.invoke(Unknown Source)
	at sun.reflect.DelegatingMethodAccessorImpl.invoke(DelegatingMethodAccessorImpl.java:43)
	at java.lang.reflect.Method.invoke(Method.java:606)
	at org.springframework.aop.support.AopUtils.invokeJoinpointUsingReflection(AopUtils.java:317)
	at org.springframework.aop.framework.ReflectiveMethodInvocation.invokeJoinpoint(ReflectiveMethodInvocation.java:190)
	at org.springframework.aop.framework.ReflectiveMethodInvocation.proceed(ReflectiveMethodInvocation.java:157)
	at org.springframework.transaction.interceptor.TransactionInterceptor$1.proceedWithInvocation(TransactionInterceptor.java:98)
	at org.springframework.transaction.interceptor.TransactionAspectSupport.invokeWithinTransaction(TransactionAspectSupport.java:262)
	at org.springframework.transaction.interceptor.TransactionInterceptor.invoke(TransactionInterceptor.java:95)
	at org.springframework.aop.framework.ReflectiveMethodInvocation.proceed(ReflectiveMethodInvocation.java:179)
	at org.springframework.aop.interceptor.ExposeInvocationInterceptor.invoke(ExposeInvocationInterceptor.java:92)
	at org.springframework.aop.framework.ReflectiveMethodInvocation.proceed(ReflectiveMethodInvocation.java:179)
	at org.springframework.aop.framework.JdkDynamicAopProxy.invoke(JdkDynamicAopProxy.java:207)
	at com.sun.proxy.$Proxy54.enquirySaleReady(Unknown Source)
	at com.mpos.lottery.te.gamespec.sale.service.AbstractTicketService.lookupSaleReadyGameInstance(AbstractTicketService.java:348)
	at com.mpos.lottery.te.gamespec.sale.service.AbstractTicketService.sell(AbstractTicketService.java:123)
	at sun.reflect.GeneratedMethodAccessor130.invoke(Unknown Source)
	at sun.reflect.DelegatingMethodAccessorImpl.invoke(DelegatingMethodAccessorImpl.java:43)
	at java.lang.reflect.Method.invoke(Method.java:606)
	at org.springframework.aop.support.AopUtils.invokeJoinpointUsingReflection(AopUtils.java:317)
	at org.springframework.aop.framework.ReflectiveMethodInvocation.invokeJoinpoint(ReflectiveMethodInvocation.java:190)
	at org.springframework.aop.framework.ReflectiveMethodInvocation.proceed(ReflectiveMethodInvocation.java:157)
	at org.springframework.transaction.interceptor.TransactionInterceptor$1.proceedWithInvocation(TransactionInterceptor.java:98)
	at org.springframework.transaction.interceptor.TransactionAspectSupport.invokeWithinTransaction(TransactionAspectSupport.java:262)
	at org.springframework.transaction.interceptor.TransactionInterceptor.invoke(TransactionInterceptor.java:95)
	at org.springframework.aop.framework.ReflectiveMethodInvocation.proceed(ReflectiveMethodInvocation.java:179)
	at org.springframework.aop.interceptor.ExposeInvocationInterceptor.invoke(ExposeInvocationInterceptor.java:92)
	at org.springframework.aop.framework.ReflectiveMethodInvocation.proceed(ReflectiveMethodInvocation.java:179)
	at org.springframework.aop.framework.JdkDynamicAopProxy.invoke(JdkDynamicAopProxy.java:207)
	at com.sun.proxy.$Proxy58.sell(Unknown Source)
	at com.mpos.lottery.te.gameimpl.toto.ToToController.sell(ToToController.java:35)
	at sun.reflect.NativeMethodAccessorImpl.invoke0(Native Method)
	at sun.reflect.NativeMethodAccessorImpl.invoke(NativeMethodAccessorImpl.java:57)
	at sun.reflect.DelegatingMethodAccessorImpl.invoke(DelegatingMethodAccessorImpl.java:43)
	at java.lang.reflect.Method.invoke(Method.java:606)
	at com.mpos.lottery.common.router.RoutineRegistry.route(RoutineRegistry.java:57)
	at com.mpos.lottery.te.port.service.CommonFacadeService.routeRequest(CommonFacadeService.java:237)
	at com.mpos.lottery.te.port.service.CommonFacadeService.facade(CommonFacadeService.java:96)
	at sun.reflect.GeneratedMethodAccessor83.invoke(Unknown Source)
	at sun.reflect.DelegatingMethodAccessorImpl.invoke(DelegatingMethodAccessorImpl.java:43)
	at java.lang.reflect.Method.invoke(Method.java:606)
	at org.springframework.aop.support.AopUtils.invokeJoinpointUsingReflection(AopUtils.java:317)
	at org.springframework.aop.framework.ReflectiveMethodInvocation.invokeJoinpoint(ReflectiveMethodInvocation.java:190)
	at org.springframework.aop.framework.ReflectiveMethodInvocation.proceed(ReflectiveMethodInvocation.java:157)
	at org.springframework.transaction.interceptor.TransactionInterceptor$1.proceedWithInvocation(TransactionInterceptor.java:98)
	at org.springframework.transaction.interceptor.TransactionAspectSupport.invokeWithinTransaction(TransactionAspectSupport.java:262)
	at org.springframework.transaction.interceptor.TransactionInterceptor.invoke(TransactionInterceptor.java:95)
	at org.springframework.aop.framework.ReflectiveMethodInvocation.proceed(ReflectiveMethodInvocation.java:179)
	at org.springframework.aop.interceptor.ExposeInvocationInterceptor.invoke(ExposeInvocationInterceptor.java:92)
	at org.springframework.aop.framework.ReflectiveMethodInvocation.proceed(ReflectiveMethodInvocation.java:179)
	at org.springframework.aop.framework.JdkDynamicAopProxy.invoke(JdkDynamicAopProxy.java:207)
	at com.sun.proxy.$Proxy85.facade(Unknown Source)
	at com.mpos.lottery.te.port.TEPortServlet.doPost(TEPortServlet.java:121)
	at com.mpos.lottery.te.test.integration.BaseServletIntegrationTest.doPost(BaseServletIntegrationTest.java:80)
	at com.mpos.lottery.te.gameimpl.toto.sale.SaleIntegrationTest.testSale_GameInstanceSuspendSale(SaleIntegrationTest.java:192)
	at sun.reflect.NativeMethodAccessorImpl.invoke0(Native Method)
	at sun.reflect.NativeMethodAccessorImpl.invoke(NativeMethodAccessorImpl.java:57)
	at sun.reflect.DelegatingMethodAccessorImpl.invoke(DelegatingMethodAccessorImpl.java:43)
	at java.lang.reflect.Method.invoke(Method.java:606)
	at org.junit.runners.model.FrameworkMethod$1.runReflectiveCall(FrameworkMethod.java:47)
	at org.junit.internal.runners.model.ReflectiveCallable.run(ReflectiveCallable.java:12)
	at org.junit.runners.model.FrameworkMethod.invokeExplosively(FrameworkMethod.java:44)
	at org.junit.internal.runners.statements.InvokeMethod.evaluate(InvokeMethod.java:17)
	at org.junit.internal.runners.statements.RunBefores.evaluate(RunBefores.java:26)
	at org.springframework.test.context.junit4.statements.RunBeforeTestMethodCallbacks.evaluate(RunBeforeTestMethodCallbacks.java:74)
	at org.junit.internal.runners.statements.RunAfters.evaluate(RunAfters.java:27)
	at org.springframework.test.context.junit4.statements.RunAfterTestMethodCallbacks.evaluate(RunAfterTestMethodCallbacks.java:83)
	at org.springframework.test.context.junit4.statements.SpringRepeat.evaluate(SpringRepeat.java:72)
	at org.springframework.test.context.junit4.SpringJUnit4ClassRunner.runChild(SpringJUnit4ClassRunner.java:233)
	at org.springframework.test.context.junit4.SpringJUnit4ClassRunner.runChild(SpringJUnit4ClassRunner.java:87)
	at org.junit.runners.ParentRunner$3.run(ParentRunner.java:238)
	at org.junit.runners.ParentRunner$1.schedule(ParentRunner.java:63)
	at org.junit.runners.ParentRunner.runChildren(ParentRunner.java:236)
	at org.junit.runners.ParentRunner.access$000(ParentRunner.java:53)
	at org.junit.runners.ParentRunner$2.evaluate(ParentRunner.java:229)
	at org.junit.internal.runners.statements.RunBefores.evaluate(RunBefores.java:26)
	at org.springframework.test.context.junit4.statements.RunBeforeTestClassCallbacks.evaluate(RunBeforeTestClassCallbacks.java:61)
	at org.junit.internal.runners.statements.RunAfters.evaluate(RunAfters.java:27)
	at org.springframework.test.context.junit4.statements.RunAfterTestClassCallbacks.evaluate(RunAfterTestClassCallbacks.java:71)
	at org.junit.runners.ParentRunner.run(ParentRunner.java:309)
	at org.springframework.test.context.junit4.SpringJUnit4ClassRunner.run(SpringJUnit4ClassRunner.java:176)
	at org.junit.runners.Suite.runChild(Suite.java:127)
	at org.junit.runners.Suite.runChild(Suite.java:26)
	at org.junit.runners.ParentRunner$3.run(ParentRunner.java:238)
	at org.junit.runners.ParentRunner$1.schedule(ParentRunner.java:63)
	at org.junit.runners.ParentRunner.runChildren(ParentRunner.java:236)
	at org.junit.runners.ParentRunner.access$000(ParentRunner.java:53)
	at org.junit.runners.ParentRunner$2.evaluate(ParentRunner.java:229)
	at org.junit.runners.ParentRunner.run(ParentRunner.java:309)
	at org.gradle.api.internal.tasks.testing.junit.JUnitTestClassExecuter.runTestClass(JUnitTestClassExecuter.java:86)
	at org.gradle.api.internal.tasks.testing.junit.JUnitTestClassExecuter.execute(JUnitTestClassExecuter.java:49)
	at org.gradle.api.internal.tasks.testing.junit.JUnitTestClassProcessor.processTestClass(JUnitTestClassProcessor.java:69)
	at org.gradle.api.internal.tasks.testing.SuiteTestClassProcessor.processTestClass(SuiteTestClassProcessor.java:48)
	at sun.reflect.GeneratedMethodAccessor8.invoke(Unknown Source)
	at sun.reflect.DelegatingMethodAccessorImpl.invoke(DelegatingMethodAccessorImpl.java:43)
	at java.lang.reflect.Method.invoke(Method.java:606)
	at org.gradle.messaging.dispatch.ReflectionDispatch.dispatch(ReflectionDispatch.java:35)
	at org.gradle.messaging.dispatch.ReflectionDispatch.dispatch(ReflectionDispatch.java:24)
	at org.gradle.messaging.dispatch.ContextClassLoaderDispatch.dispatch(ContextClassLoaderDispatch.java:32)
	at org.gradle.messaging.dispatch.ProxyDispatchAdapter$DispatchingInvocationHandler.invoke(ProxyDispatchAdapter.java:93)
	at com.sun.proxy.$Proxy2.processTestClass(Unknown Source)
	at org.gradle.api.internal.tasks.testing.worker.TestWorker.processTestClass(TestWorker.java:105)
	at sun.reflect.GeneratedMethodAccessor7.invoke(Unknown Source)
	at sun.reflect.DelegatingMethodAccessorImpl.invoke(DelegatingMethodAccessorImpl.java:43)
	at java.lang.reflect.Method.invoke(Method.java:606)
	at org.gradle.messaging.dispatch.ReflectionDispatch.dispatch(ReflectionDispatch.java:35)
	at org.gradle.messaging.dispatch.ReflectionDispatch.dispatch(ReflectionDispatch.java:24)
	at org.gradle.messaging.remote.internal.hub.MessageHub$Handler.run(MessageHub.java:360)
	at org.gradle.internal.concurrent.DefaultExecutorFactory$StoppableExecutorImpl$1.run(DefaultExecutorFactory.java:64)
	at java.util.concurrent.ThreadPoolExecutor.runWorker(ThreadPoolExecutor.java:1145)
	at java.util.concurrent.ThreadPoolExecutor$Worker.run(ThreadPoolExecutor.java:615)
	at java.lang.Thread.run(Thread.java:745)
[2015-05-29 17:13:40,810][Test worker][DEBUG][ProtocolSerializer] Finish mac(macKey=P2Bbo6+bSSR9O2Qc89f3b4oHTyE1V2gF,macString=Protocal-Version:1.5|GPE_Id:GPE-111|Terminal-Id:111|Operator-Id:OPERATOR-111|Trans-BatchNumber:20150529|TractMsg-Id:1432890820783|Timestamp:20150529171340|Transaction-Type:4200|Transaction-Id:0115052900000000001994|Response-Code:310|):0b4a226916e1976941425304330428f2
[2015-05-29 17:13:40,810][Test worker][DEBUG][BaseServletIntegrationTest] Got response(code=310,length=0): 
[2015-05-29 17:13:40,821][Test worker][DEBUG][TEPortServlet] Startup job scheduer(org.quartz.impl.StdScheduler@4d1e5820) successfully.
[2015-05-29 17:13:40,821][Test worker][WARN ][TEPortServlet] can NOT find META file:F:\project\M.Lottery\TE\TRUNK_TE\sourcecode\build\classes\main\META-INF\MANIFEST.MF
[2015-05-29 17:13:40,821][Test worker][DEBUG][TEPortServlet] Register MBean(com.mpos.lottery.te.common.jmx.TransactionTimeout@6343bf55) with name(com.mpos.lottery.te:type=TransactionTimeoutMBean) successfully.
[2015-05-29 17:13:40,821][Test worker][DEBUG][BaseTransactionalIntegrationTest] Retrieve a ApplicationContext(org.springframework.web.context.support.GenericWebApplicationContext@34f645a8: startup date [Fri May 29 17:12:38 CST 2015]; root of context hierarchy).
[2015-05-29 17:13:40,822][Test worker][INFO ][BaseTransactionalIntegrationTest] +------------------------------------------------------------------------------------------------------------------------+
[2015-05-29 17:13:40,822][Test worker][INFO ][BaseTransactionalIntegrationTest] | SaleIntegrationTest.testSale_OK                                                                                        |
[2015-05-29 17:13:40,822][Test worker][INFO ][BaseTransactionalIntegrationTest] +------------------------------------------------------------------------------------------------------------------------+
[2015-05-29 17:13:40,825][Test worker][DEBUG][MLotteryContext] find mapping file definition(xml-mapping/game/toto/ToToSellTicket_Req.xml) by key(5.transtype.200).
[2015-05-29 17:13:40,825][Test worker][DEBUG][CastorHelper] Finish marshaling input(typeclass com.mpos.lottery.te.gameimpl.toto.domain.ToToTicket, mappingFile=xml-mapping/game/toto/ToToSellTicket_Req.xml).
[2015-05-29 17:13:40,826][Test worker][DEBUG][BaseServletIntegrationTest] Do MAC(key=P2Bbo6+bSSR9O2Qc89f3b4oHTyE1V2gF) on (Protocal-Version:1.5|GPE_Id:GPE-111|Terminal-Id:111|Operator-Id:OPERATOR-111|Trans-BatchNumber:20150529|TractMsg-Id:1432890820824|Timestamp:20150529171340|Transaction-Type:200|Transaction-Id:|Response-Code:|<?xml version="1.0" encoding="UTF-8"?>
<Ticket multipleDraws="1" totalAmount="600.0" PIN="123456"><GameDraw number="20090402" gameId="GAME-TOTO-1" omrGameSet="G2"/><Entry selectedNumber="0|1|3,1,3|0" inputChannel="1" betOption="0"/><User creditCardSN="CC-12345678"/></Ticket>,hash=1551894522), get digest:c5dff66dd26b4b39ead48e50381eb47b
[2015-05-29 17:13:40,826][Test worker][DEBUG][TEPortServlet] Got request header(name=X-Transaction-Type, value=200).
[2015-05-29 17:13:40,826][Test worker][DEBUG][TEPortServlet] Got request header(name=X-Protocal-Version, value=1.5).
[2015-05-29 17:13:40,826][Test worker][DEBUG][TEPortServlet] Got request header(name=X-Timestamp, value=20150529171340).
[2015-05-29 17:13:40,826][Test worker][DEBUG][TEPortServlet] Got request header(name=X-GPE-Id, value=GPE-111).
[2015-05-29 17:13:40,826][Test worker][DEBUG][TEPortServlet] Got request header(name=X-Trace-Message-Id, value=1432890820824).
[2015-05-29 17:13:40,826][Test worker][DEBUG][TEPortServlet] Got request header(name=X-Operator-Id, value=OPERATOR-111).
[2015-05-29 17:13:40,826][Test worker][DEBUG][TEPortServlet] Got request header(name=X-Terminal-Id, value=111).
[2015-05-29 17:13:40,826][Test worker][DEBUG][TEPortServlet] Got request header(name=X-MAC, value=c5dff66dd26b4b39ead48e50381eb47b).
[2015-05-29 17:13:40,826][Test worker][DEBUG][TEPortServlet] Got request header(name=X-Game-Type-Id, value=5).
[2015-05-29 17:13:40,826][Test worker][DEBUG][TEPortServlet] Got request header(name=X-Trans-BatchNumber, value=20150529).
[2015-05-29 17:13:40,826][Test worker][DEBUG][TEPortServlet] Got request header(name=X-GPS-Location, value=40.714353,-74.005973).
[2015-05-29 17:13:40,827][Test worker][DEBUG][TEPortServlet] Got request from localhost, and the message body is:pq3FqO8HCcAnaobA+xpVnADmrnwj1vrK59BGhqvtskYFWTsa2cbe6vvj1C28m6E+ybhcq2GHfnfSvzUuvi5gIW+x7OzQghYn61j67DgR6TCXVRbbYRxY5tlDCBqQgCi1VnZWrdPdsyn4IjNz0O9RxmbMgamU+bELYX0cJuPYitV4wBRrPDrMt+Mi6wufj5bRe6zTiRVNzq6lR8JO3sEZ+wCJoQXPhqF87+bCU0Clv4kA6g1ZTYZsNpF1xs0eV+4VJ9zWSmiflVVA9CrpfEG2yqlhhs18xWdVR+NLrN4zoLXGW0aEQywdcaxo+h3pzZv45ZKlxQAHRomNMe+eg0LB9fkZAFi3NjuEuSa32Q1txdFoH1tFqvyH4w==.
[2015-05-29 17:13:40,827][Test worker][DEBUG][ProtocolSerializer] Start to deserialize request context(Protocal-Version:1.5|GPE_Id:GPE-111|Terminal-Id:111|Operator-Id:OPERATOR-111|Trans-BatchNumber:20150529|TractMsg-Id:1432890820824|Timestamp:20150529171340|Transaction-Type:200|Transaction-Id:|Response-Code:|).
[2015-05-29 17:13:40,828][Test worker][DEBUG][ProtocolSerializer] Finish decrypting cipher into original xml:<?xml version="1.0" encoding="UTF-8"?>
<Ticket multipleDraws="1" totalAmount="600.0" PIN="123456"><GameDraw number="20090402" gameId="GAME-TOTO-1" omrGameSet="G2"/><Entry selectedNumber="0|1|3,1,3|0" inputChannel="1" betOption="0"/><User creditCardSN="CC-12345678"/></Ticket>
[2015-05-29 17:13:40,828][Test worker][DEBUG][ProtocolSerializer] Start to do MAC(key=P2Bbo6+bSSR9O2Qc89f3b4oHTyE1V2gF) on (Protocal-Version:1.5|GPE_Id:GPE-111|Terminal-Id:111|Operator-Id:OPERATOR-111|Trans-BatchNumber:20150529|TractMsg-Id:1432890820824|Timestamp:20150529171340|Transaction-Type:200|Transaction-Id:|Response-Code:|<?xml version="1.0" encoding="UTF-8"?>
<Ticket multipleDraws="1" totalAmount="600.0" PIN="123456"><GameDraw number="20090402" gameId="GAME-TOTO-1" omrGameSet="G2"/><Entry selectedNumber="0|1|3,1,3|0" inputChannel="1" betOption="0"/><User creditCardSN="CC-12345678"/></Ticket>,hash=1551894522), get digest:c5dff66dd26b4b39ead48e50381eb47b
[2015-05-29 17:13:40,828][Test worker][DEBUG][MLotteryContext] find mapping file definition(xml-mapping/game/toto/ToToSellTicket_Req.xml) by key(5.transtype.200).
[2015-05-29 17:13:40,828][Test worker][DEBUG][ProtocolSerializer] Start to deserialize model: model=null,mappingFile=xml-mapping/game/toto/ToToSellTicket_Req.xml
[2015-05-29 17:13:40,828][Test worker][DEBUG][MLotteryContext] find mapping file definition(xml-mapping/game/toto/ToToSellTicket_Req.xml) by key(5.transtype.200).
[2015-05-29 17:13:40,837][Test worker][DEBUG][RoutineRegistry] Try to lookup handler by routine key(5_200_1.5.0).
[2015-05-29 17:13:40,837][Test worker][DEBUG][RoutineRegistry] Try to lookup handler by routine key(5_200_).
[2015-05-29 17:13:40,837][Test worker][DEBUG][RoutineRegistry] Lookup controller by key(5_200_), found controller(com.mpos.lottery.te.gameimpl.toto.ToToController@6e596eed) and method(public void com.mpos.lottery.te.gameimpl.toto.ToToController.sell(com.mpos.lottery.te.port.Context,com.mpos.lottery.te.port.Context) throws com.mpos.lottery.te.config.exception.ApplicationException).
[2015-05-29 17:13:40,842][Test worker][INFO ][AbstractGameInstanceService] No channel game instance time definiton found, ignore it.
[2015-05-29 17:13:40,843][Test worker][DEBUG][UUIDServiceImpl] Assemble a new ticket serial number:01110745519300016409
[2015-05-29 17:13:40,865][Test worker][DEBUG][DefaultBalanceService] Operator before transaction -  Operator [id=OPERATOR-111, loginName=OPERATOR-LOGIN, creditType=1, saleCreditLevel=200000000, payoutCreditLevel=1000, cashoutBalance=0, commisionBalance=0]
[2015-05-29 17:13:40,865][Test worker][DEBUG][DefaultBalanceService] Found balance strategy:com.mpos.lottery.te.merchant.service.balance.SaleBalanceStrategy@e1f8aba
[2015-05-29 17:13:40,865][Test worker][DEBUG][DefaultBalanceService] Operator after transaction -  Operator [id=OPERATOR-111, loginName=OPERATOR-LOGIN, creditType=1, saleCreditLevel=199999400.0, payoutCreditLevel=1000, cashoutBalance=0, commisionBalance=0]
[2015-05-29 17:13:40,868][Test worker][WARN ][BaseJpaDao] Should be at most only 1 entity(com.mpos.lottery.te.merchant.domain.OperatorCommission) found, however total 2 entities found... the 1st entity(com.mpos.lottery.te.merchant.domain.OperatorCommission@43cd9fa5) will be returned.
[2015-05-29 17:13:40,874][Test worker][DEBUG][CommonFacadeService] Prepare to publish message to exchange[TE.200] with routing key[TE.200.5]: transaction {
  id: "0115052900000000001995"
  dev_id: "111"
  operator_id: "OPERATOR-111"
  merchant_id: "111"
  create_time: 1432890820000
  trans_type: 200
  game_id: "GAME-TOTO-1"
  game_type: 5
  total_amount: "600.0"
}
multi_draw: 1
total_amount: "600.0"
serial_no: "aHhDkgTyIu4QvNU74kOjvuQ67ueimISo"
game_instance {
  id: "GII-112"
}
entries {
  selected_number: "0|1|3,1,3|0"
  bet_option: 0
  total_bets: 6
  entry_amount: "600.00"
  input_channel: "1"
}

[2015-05-29 17:13:40,875][Test worker][DEBUG][CommonFacadeService] Publish message successfully
[2015-05-29 17:13:40,875][Test worker][DEBUG][MLotteryContext] find mapping file definition(xml-mapping/game/toto/ToToSellTicket_Res.xml) by key(5.transtype.4200).
[2015-05-29 17:13:40,875][Test worker][DEBUG][ProtocolSerializer] Start to serialize model(class com.mpos.lottery.te.gameimpl.toto.domain.ToToTicket),mappingFile=xml-mapping/game/toto/ToToSellTicket_Res.xml
[2015-05-29 17:13:40,875][Test worker][DEBUG][MLotteryContext] find mapping file definition(xml-mapping/game/toto/ToToSellTicket_Res.xml) by key(5.transtype.4200).
[2015-05-29 17:13:40,888][Test worker][DEBUG][CastorHelper] Finish marshaling input(typeclass com.mpos.lottery.te.gameimpl.toto.domain.ToToTicket, mappingFile=xml-mapping/game/toto/ToToSellTicket_Res.xml).
[2015-05-29 17:13:40,888][Test worker][DEBUG][ProtocolSerializer] Finish mac(macKey=P2Bbo6+bSSR9O2Qc89f3b4oHTyE1V2gF,macString=Protocal-Version:1.5|GPE_Id:GPE-111|Terminal-Id:111|Operator-Id:OPERATOR-111|Trans-BatchNumber:20150529|TractMsg-Id:1432890820824|Timestamp:20150529171340|Transaction-Type:4200|Transaction-Id:0115052900000000001995|Response-Code:200|<?xml version="1.0" encoding="UTF-8"?>
<Ticket serialNo="01110745519300016409" barcode="05cK/u9hwZY2Rogq4k24Oeg4G3HSlAl9EbjLdf+UJJlt8eRiXxElYKct88xsaBE+0pJrcXFWKKfNg=" validationCode="638515" multipleDraws="1" totalBets="6" totalAmount="600.0"><GameDraw number="20090402" gameId="GAME-TOTO-1" omrGameSet="G2"/><Entry selectedNumber="0|1|3,1,3|0" inputChannel="1" betOption="0" entryAmount="600.00"/></Ticket>):e5e31a134d0cf790c9251cff16d540bd
[2015-05-29 17:13:40,888][Test worker][DEBUG][TEPortServlet] Write response to client(host1=localhost,sizeOfPack=556) succesfully.
[2015-05-29 17:13:40,888][Test worker][DEBUG][BaseServletIntegrationTest] Got response(code=200,length=556): <?xml version="1.0" encoding="UTF-8"?>
<Ticket serialNo="01110745519300016409" barcode="05cK/u9hwZY2Rogq4k24Oeg4G3HSlAl9EbjLdf+UJJlt8eRiXxElYKct88xsaBE+0pJrcXFWKKfNg=" validationCode="638515" multipleDraws="1" totalBets="6" totalAmount="600.0"><GameDraw number="20090402" gameId="GAME-TOTO-1" omrGameSet="G2"/><Entry selectedNumber="0|1|3,1,3|0" inputChannel="1" betOption="0" entryAmount="600.00"/></Ticket>
[2015-05-29 17:13:40,888][Test worker][DEBUG][MLotteryContext] find mapping file definition(xml-mapping/game/toto/ToToSellTicket_Res.xml) by key(5.transtype.4200).
[2015-05-29 17:13:40,918][Test worker][DEBUG][TEPortServlet] Startup job scheduer(org.quartz.impl.StdScheduler@4d1e5820) successfully.
[2015-05-29 17:13:40,919][Test worker][WARN ][TEPortServlet] can NOT find META file:F:\project\M.Lottery\TE\TRUNK_TE\sourcecode\build\classes\main\META-INF\MANIFEST.MF
[2015-05-29 17:13:40,919][Test worker][DEBUG][TEPortServlet] Register MBean(com.mpos.lottery.te.common.jmx.TransactionTimeout@5d5576b8) with name(com.mpos.lottery.te:type=TransactionTimeoutMBean) successfully.
[2015-05-29 17:13:40,919][Test worker][DEBUG][BaseTransactionalIntegrationTest] Retrieve a ApplicationContext(org.springframework.web.context.support.GenericWebApplicationContext@34f645a8: startup date [Fri May 29 17:12:38 CST 2015]; root of context hierarchy).
[2015-05-29 17:13:40,919][Test worker][INFO ][BaseTransactionalIntegrationTest] +------------------------------------------------------------------------------------------------------------------------+
[2015-05-29 17:13:40,919][Test worker][INFO ][BaseTransactionalIntegrationTest] | SaleIntegrationTest.testSale_TripleDoubleRule                                                                          |
[2015-05-29 17:13:40,919][Test worker][INFO ][BaseTransactionalIntegrationTest] +------------------------------------------------------------------------------------------------------------------------+
[2015-05-29 17:13:40,921][Test worker][DEBUG][MLotteryContext] find mapping file definition(xml-mapping/game/toto/ToToSellTicket_Req.xml) by key(5.transtype.200).
[2015-05-29 17:13:40,921][Test worker][DEBUG][CastorHelper] Finish marshaling input(typeclass com.mpos.lottery.te.gameimpl.toto.domain.ToToTicket, mappingFile=xml-mapping/game/toto/ToToSellTicket_Req.xml).
[2015-05-29 17:13:40,921][Test worker][DEBUG][BaseServletIntegrationTest] Do MAC(key=P2Bbo6+bSSR9O2Qc89f3b4oHTyE1V2gF) on (Protocal-Version:1.5|GPE_Id:GPE-111|Terminal-Id:111|Operator-Id:OPERATOR-111|Trans-BatchNumber:20150529|TractMsg-Id:1432890820920|Timestamp:20150529171340|Transaction-Type:200|Transaction-Id:|Response-Code:|<?xml version="1.0" encoding="UTF-8"?>
<Ticket multipleDraws="1" totalAmount="600.0" PIN="123456"><GameDraw number="20090402" gameId="GAME-TOTO-1" omrGameSet="G2"/><Entry selectedNumber="0|1|3,1,3|0" inputChannel="1" betOption="0"/><User creditCardSN="CC-12345678"/></Ticket>,hash=-1878181923), get digest:413761e4102aa2028487851c35cd4d3c
[2015-05-29 17:13:40,922][Test worker][DEBUG][TEPortServlet] Got request header(name=X-Transaction-Type, value=200).
[2015-05-29 17:13:40,922][Test worker][DEBUG][TEPortServlet] Got request header(name=X-Protocal-Version, value=1.5).
[2015-05-29 17:13:40,922][Test worker][DEBUG][TEPortServlet] Got request header(name=X-Timestamp, value=20150529171340).
[2015-05-29 17:13:40,922][Test worker][DEBUG][TEPortServlet] Got request header(name=X-GPE-Id, value=GPE-111).
[2015-05-29 17:13:40,922][Test worker][DEBUG][TEPortServlet] Got request header(name=X-Trace-Message-Id, value=1432890820920).
[2015-05-29 17:13:40,922][Test worker][DEBUG][TEPortServlet] Got request header(name=X-Operator-Id, value=OPERATOR-111).
[2015-05-29 17:13:40,922][Test worker][DEBUG][TEPortServlet] Got request header(name=X-Terminal-Id, value=111).
[2015-05-29 17:13:40,922][Test worker][DEBUG][TEPortServlet] Got request header(name=X-MAC, value=413761e4102aa2028487851c35cd4d3c).
[2015-05-29 17:13:40,922][Test worker][DEBUG][TEPortServlet] Got request header(name=X-Game-Type-Id, value=5).
[2015-05-29 17:13:40,922][Test worker][DEBUG][TEPortServlet] Got request header(name=X-Trans-BatchNumber, value=20150529).
[2015-05-29 17:13:40,922][Test worker][DEBUG][TEPortServlet] Got request header(name=X-GPS-Location, value=40.714353,-74.005973).
[2015-05-29 17:13:40,923][Test worker][DEBUG][TEPortServlet] Got request from localhost, and the message body is:pq3FqO8HCcAnaobA+xpVnADmrnwj1vrK59BGhqvtskYFWTsa2cbe6vvj1C28m6E+ybhcq2GHfnfSvzUuvi5gIW+x7OzQghYn61j67DgR6TCXVRbbYRxY5tlDCBqQgCi1VnZWrdPdsyn4IjNz0O9RxmbMgamU+bELYX0cJuPYitV4wBRrPDrMt+Mi6wufj5bRe6zTiRVNzq6lR8JO3sEZ+wCJoQXPhqF87+bCU0Clv4kA6g1ZTYZsNpF1xs0eV+4VJ9zWSmiflVVA9CrpfEG2yqlhhs18xWdVR+NLrN4zoLXGW0aEQywdcaxo+h3pzZv45ZKlxQAHRomNMe+eg0LB9fkZAFi3NjuEuSa32Q1txdFoH1tFqvyH4w==.
[2015-05-29 17:13:40,923][Test worker][DEBUG][ProtocolSerializer] Start to deserialize request context(Protocal-Version:1.5|GPE_Id:GPE-111|Terminal-Id:111|Operator-Id:OPERATOR-111|Trans-BatchNumber:20150529|TractMsg-Id:1432890820920|Timestamp:20150529171340|Transaction-Type:200|Transaction-Id:|Response-Code:|).
[2015-05-29 17:13:40,924][Test worker][DEBUG][ProtocolSerializer] Finish decrypting cipher into original xml:<?xml version="1.0" encoding="UTF-8"?>
<Ticket multipleDraws="1" totalAmount="600.0" PIN="123456"><GameDraw number="20090402" gameId="GAME-TOTO-1" omrGameSet="G2"/><Entry selectedNumber="0|1|3,1,3|0" inputChannel="1" betOption="0"/><User creditCardSN="CC-12345678"/></Ticket>
[2015-05-29 17:13:40,924][Test worker][DEBUG][ProtocolSerializer] Start to do MAC(key=P2Bbo6+bSSR9O2Qc89f3b4oHTyE1V2gF) on (Protocal-Version:1.5|GPE_Id:GPE-111|Terminal-Id:111|Operator-Id:OPERATOR-111|Trans-BatchNumber:20150529|TractMsg-Id:1432890820920|Timestamp:20150529171340|Transaction-Type:200|Transaction-Id:|Response-Code:|<?xml version="1.0" encoding="UTF-8"?>
<Ticket multipleDraws="1" totalAmount="600.0" PIN="123456"><GameDraw number="20090402" gameId="GAME-TOTO-1" omrGameSet="G2"/><Entry selectedNumber="0|1|3,1,3|0" inputChannel="1" betOption="0"/><User creditCardSN="CC-12345678"/></Ticket>,hash=-1878181923), get digest:413761e4102aa2028487851c35cd4d3c
[2015-05-29 17:13:40,924][Test worker][DEBUG][MLotteryContext] find mapping file definition(xml-mapping/game/toto/ToToSellTicket_Req.xml) by key(5.transtype.200).
[2015-05-29 17:13:40,924][Test worker][DEBUG][ProtocolSerializer] Start to deserialize model: model=null,mappingFile=xml-mapping/game/toto/ToToSellTicket_Req.xml
[2015-05-29 17:13:40,924][Test worker][DEBUG][MLotteryContext] find mapping file definition(xml-mapping/game/toto/ToToSellTicket_Req.xml) by key(5.transtype.200).
[2015-05-29 17:13:40,936][Test worker][DEBUG][RoutineRegistry] Try to lookup handler by routine key(5_200_1.5.0).
[2015-05-29 17:13:40,936][Test worker][DEBUG][RoutineRegistry] Try to lookup handler by routine key(5_200_).
[2015-05-29 17:13:40,936][Test worker][DEBUG][RoutineRegistry] Lookup controller by key(5_200_), found controller(com.mpos.lottery.te.gameimpl.toto.ToToController@6e596eed) and method(public void com.mpos.lottery.te.gameimpl.toto.ToToController.sell(com.mpos.lottery.te.port.Context,com.mpos.lottery.te.port.Context) throws com.mpos.lottery.te.config.exception.ApplicationException).
[2015-05-29 17:13:40,942][Test worker][INFO ][AbstractGameInstanceService] No channel game instance time definiton found, ignore it.
[2015-05-29 17:13:40,943][Test worker][DEBUG][UUIDServiceImpl] Assemble a new ticket serial number:01110745519300016575
[2015-05-29 17:13:40,954][Test worker][ERROR][TEPortServlet] Selected number(0|1|3,1,3|0) is unmatched with pre-defined triple constraints!
com.mpos.lottery.te.config.exception.SystemException: Selected number(0|1|3,1,3|0) is unmatched with pre-defined triple constraints!
	at com.mpos.lottery.te.gameimpl.toto.domain.logic.ToToTicketValidator.validTripleAndDoubleSelectTeams(ToToTicketValidator.java:131)
	at com.mpos.lottery.te.gameimpl.toto.domain.logic.ToToTicketValidator.validSelectedMatch(ToToTicketValidator.java:99)
	at com.mpos.lottery.te.gameimpl.toto.domain.logic.ToToTicketValidator.validToToTicketParams(ToToTicketValidator.java:56)
	at com.mpos.lottery.te.gameimpl.toto.domain.logic.ToToTicketValidator.validate(ToToTicketValidator.java:33)
	at com.mpos.lottery.te.gamespec.sale.service.AbstractTicketService.validateTicketRequest(AbstractTicketService.java:386)
	at com.mpos.lottery.te.gamespec.sale.service.AbstractTicketService.sell(AbstractTicketService.java:140)
	at sun.reflect.GeneratedMethodAccessor130.invoke(Unknown Source)
	at sun.reflect.DelegatingMethodAccessorImpl.invoke(DelegatingMethodAccessorImpl.java:43)
	at java.lang.reflect.Method.invoke(Method.java:606)
	at org.springframework.aop.support.AopUtils.invokeJoinpointUsingReflection(AopUtils.java:317)
	at org.springframework.aop.framework.ReflectiveMethodInvocation.invokeJoinpoint(ReflectiveMethodInvocation.java:190)
	at org.springframework.aop.framework.ReflectiveMethodInvocation.proceed(ReflectiveMethodInvocation.java:157)
	at org.springframework.transaction.interceptor.TransactionInterceptor$1.proceedWithInvocation(TransactionInterceptor.java:98)
	at org.springframework.transaction.interceptor.TransactionAspectSupport.invokeWithinTransaction(TransactionAspectSupport.java:262)
	at org.springframework.transaction.interceptor.TransactionInterceptor.invoke(TransactionInterceptor.java:95)
	at org.springframework.aop.framework.ReflectiveMethodInvocation.proceed(ReflectiveMethodInvocation.java:179)
	at org.springframework.aop.interceptor.ExposeInvocationInterceptor.invoke(ExposeInvocationInterceptor.java:92)
	at org.springframework.aop.framework.ReflectiveMethodInvocation.proceed(ReflectiveMethodInvocation.java:179)
	at org.springframework.aop.framework.JdkDynamicAopProxy.invoke(JdkDynamicAopProxy.java:207)
	at com.sun.proxy.$Proxy58.sell(Unknown Source)
	at com.mpos.lottery.te.gameimpl.toto.ToToController.sell(ToToController.java:35)
	at sun.reflect.NativeMethodAccessorImpl.invoke0(Native Method)
	at sun.reflect.NativeMethodAccessorImpl.invoke(NativeMethodAccessorImpl.java:57)
	at sun.reflect.DelegatingMethodAccessorImpl.invoke(DelegatingMethodAccessorImpl.java:43)
	at java.lang.reflect.Method.invoke(Method.java:606)
	at com.mpos.lottery.common.router.RoutineRegistry.route(RoutineRegistry.java:57)
	at com.mpos.lottery.te.port.service.CommonFacadeService.routeRequest(CommonFacadeService.java:237)
	at com.mpos.lottery.te.port.service.CommonFacadeService.facade(CommonFacadeService.java:96)
	at sun.reflect.GeneratedMethodAccessor83.invoke(Unknown Source)
	at sun.reflect.DelegatingMethodAccessorImpl.invoke(DelegatingMethodAccessorImpl.java:43)
	at java.lang.reflect.Method.invoke(Method.java:606)
	at org.springframework.aop.support.AopUtils.invokeJoinpointUsingReflection(AopUtils.java:317)
	at org.springframework.aop.framework.ReflectiveMethodInvocation.invokeJoinpoint(ReflectiveMethodInvocation.java:190)
	at org.springframework.aop.framework.ReflectiveMethodInvocation.proceed(ReflectiveMethodInvocation.java:157)
	at org.springframework.transaction.interceptor.TransactionInterceptor$1.proceedWithInvocation(TransactionInterceptor.java:98)
	at org.springframework.transaction.interceptor.TransactionAspectSupport.invokeWithinTransaction(TransactionAspectSupport.java:262)
	at org.springframework.transaction.interceptor.TransactionInterceptor.invoke(TransactionInterceptor.java:95)
	at org.springframework.aop.framework.ReflectiveMethodInvocation.proceed(ReflectiveMethodInvocation.java:179)
	at org.springframework.aop.interceptor.ExposeInvocationInterceptor.invoke(ExposeInvocationInterceptor.java:92)
	at org.springframework.aop.framework.ReflectiveMethodInvocation.proceed(ReflectiveMethodInvocation.java:179)
	at org.springframework.aop.framework.JdkDynamicAopProxy.invoke(JdkDynamicAopProxy.java:207)
	at com.sun.proxy.$Proxy85.facade(Unknown Source)
	at com.mpos.lottery.te.port.TEPortServlet.doPost(TEPortServlet.java:121)
	at com.mpos.lottery.te.test.integration.BaseServletIntegrationTest.doPost(BaseServletIntegrationTest.java:80)
	at com.mpos.lottery.te.gameimpl.toto.sale.SaleIntegrationTest.testSale_TripleDoubleRule(SaleIntegrationTest.java:173)
	at sun.reflect.NativeMethodAccessorImpl.invoke0(Native Method)
	at sun.reflect.NativeMethodAccessorImpl.invoke(NativeMethodAccessorImpl.java:57)
	at sun.reflect.DelegatingMethodAccessorImpl.invoke(DelegatingMethodAccessorImpl.java:43)
	at java.lang.reflect.Method.invoke(Method.java:606)
	at org.junit.runners.model.FrameworkMethod$1.runReflectiveCall(FrameworkMethod.java:47)
	at org.junit.internal.runners.model.ReflectiveCallable.run(ReflectiveCallable.java:12)
	at org.junit.runners.model.FrameworkMethod.invokeExplosively(FrameworkMethod.java:44)
	at org.junit.internal.runners.statements.InvokeMethod.evaluate(InvokeMethod.java:17)
	at org.junit.internal.runners.statements.RunBefores.evaluate(RunBefores.java:26)
	at org.springframework.test.context.junit4.statements.RunBeforeTestMethodCallbacks.evaluate(RunBeforeTestMethodCallbacks.java:74)
	at org.junit.internal.runners.statements.RunAfters.evaluate(RunAfters.java:27)
	at org.springframework.test.context.junit4.statements.RunAfterTestMethodCallbacks.evaluate(RunAfterTestMethodCallbacks.java:83)
	at org.springframework.test.context.junit4.statements.SpringRepeat.evaluate(SpringRepeat.java:72)
	at org.springframework.test.context.junit4.SpringJUnit4ClassRunner.runChild(SpringJUnit4ClassRunner.java:233)
	at org.springframework.test.context.junit4.SpringJUnit4ClassRunner.runChild(SpringJUnit4ClassRunner.java:87)
	at org.junit.runners.ParentRunner$3.run(ParentRunner.java:238)
	at org.junit.runners.ParentRunner$1.schedule(ParentRunner.java:63)
	at org.junit.runners.ParentRunner.runChildren(ParentRunner.java:236)
	at org.junit.runners.ParentRunner.access$000(ParentRunner.java:53)
	at org.junit.runners.ParentRunner$2.evaluate(ParentRunner.java:229)
	at org.junit.internal.runners.statements.RunBefores.evaluate(RunBefores.java:26)
	at org.springframework.test.context.junit4.statements.RunBeforeTestClassCallbacks.evaluate(RunBeforeTestClassCallbacks.java:61)
	at org.junit.internal.runners.statements.RunAfters.evaluate(RunAfters.java:27)
	at org.springframework.test.context.junit4.statements.RunAfterTestClassCallbacks.evaluate(RunAfterTestClassCallbacks.java:71)
	at org.junit.runners.ParentRunner.run(ParentRunner.java:309)
	at org.springframework.test.context.junit4.SpringJUnit4ClassRunner.run(SpringJUnit4ClassRunner.java:176)
	at org.junit.runners.Suite.runChild(Suite.java:127)
	at org.junit.runners.Suite.runChild(Suite.java:26)
	at org.junit.runners.ParentRunner$3.run(ParentRunner.java:238)
	at org.junit.runners.ParentRunner$1.schedule(ParentRunner.java:63)
	at org.junit.runners.ParentRunner.runChildren(ParentRunner.java:236)
	at org.junit.runners.ParentRunner.access$000(ParentRunner.java:53)
	at org.junit.runners.ParentRunner$2.evaluate(ParentRunner.java:229)
	at org.junit.runners.ParentRunner.run(ParentRunner.java:309)
	at org.gradle.api.internal.tasks.testing.junit.JUnitTestClassExecuter.runTestClass(JUnitTestClassExecuter.java:86)
	at org.gradle.api.internal.tasks.testing.junit.JUnitTestClassExecuter.execute(JUnitTestClassExecuter.java:49)
	at org.gradle.api.internal.tasks.testing.junit.JUnitTestClassProcessor.processTestClass(JUnitTestClassProcessor.java:69)
	at org.gradle.api.internal.tasks.testing.SuiteTestClassProcessor.processTestClass(SuiteTestClassProcessor.java:48)
	at sun.reflect.GeneratedMethodAccessor8.invoke(Unknown Source)
	at sun.reflect.DelegatingMethodAccessorImpl.invoke(DelegatingMethodAccessorImpl.java:43)
	at java.lang.reflect.Method.invoke(Method.java:606)
	at org.gradle.messaging.dispatch.ReflectionDispatch.dispatch(ReflectionDispatch.java:35)
	at org.gradle.messaging.dispatch.ReflectionDispatch.dispatch(ReflectionDispatch.java:24)
	at org.gradle.messaging.dispatch.ContextClassLoaderDispatch.dispatch(ContextClassLoaderDispatch.java:32)
	at org.gradle.messaging.dispatch.ProxyDispatchAdapter$DispatchingInvocationHandler.invoke(ProxyDispatchAdapter.java:93)
	at com.sun.proxy.$Proxy2.processTestClass(Unknown Source)
	at org.gradle.api.internal.tasks.testing.worker.TestWorker.processTestClass(TestWorker.java:105)
	at sun.reflect.GeneratedMethodAccessor7.invoke(Unknown Source)
	at sun.reflect.DelegatingMethodAccessorImpl.invoke(DelegatingMethodAccessorImpl.java:43)
	at java.lang.reflect.Method.invoke(Method.java:606)
	at org.gradle.messaging.dispatch.ReflectionDispatch.dispatch(ReflectionDispatch.java:35)
	at org.gradle.messaging.dispatch.ReflectionDispatch.dispatch(ReflectionDispatch.java:24)
	at org.gradle.messaging.remote.internal.hub.MessageHub$Handler.run(MessageHub.java:360)
	at org.gradle.internal.concurrent.DefaultExecutorFactory$StoppableExecutorImpl$1.run(DefaultExecutorFactory.java:64)
	at java.util.concurrent.ThreadPoolExecutor.runWorker(ThreadPoolExecutor.java:1145)
	at java.util.concurrent.ThreadPoolExecutor$Worker.run(ThreadPoolExecutor.java:615)
	at java.lang.Thread.run(Thread.java:745)
[2015-05-29 17:13:40,955][Test worker][DEBUG][ProtocolSerializer] Finish mac(macKey=P2Bbo6+bSSR9O2Qc89f3b4oHTyE1V2gF,macString=Protocal-Version:1.5|GPE_Id:GPE-111|Terminal-Id:111|Operator-Id:OPERATOR-111|Trans-BatchNumber:20150529|TractMsg-Id:1432890820920|Timestamp:20150529171340|Transaction-Type:4200|Transaction-Id:0115052900000000001998|Response-Code:803|):a5044176d9ede8345d2e74a2439dbb1c
[2015-05-29 17:13:40,955][Test worker][DEBUG][BaseServletIntegrationTest] Got response(code=803,length=0): 
]]></system-out>
  <system-err><![CDATA[]]></system-err>
</testsuite>
