<?xml version="1.0" encoding="UTF-8"?>
<testsuite name="com.mpos.lottery.te.gameimpl.magic100.sale.dao.jpa.JpaLuckyNumberDaoIntegrationTest" tests="5" skipped="0" failures="0" errors="0" timestamp="2015-05-29T09:13:32" hostname="Ramon-PC" time="0.077">
  <properties/>
  <testcase name="testFindBySequence_Double" classname="com.mpos.lottery.te.gameimpl.magic100.sale.dao.jpa.JpaLuckyNumberDaoIntegrationTest" time="0.023"/>
  <testcase name="testFindBySequence_NoResult" classname="com.mpos.lottery.te.gameimpl.magic100.sale.dao.jpa.JpaLuckyNumberDaoIntegrationTest" time="0.02"/>
  <testcase name="testFindBySequences_1" classname="com.mpos.lottery.te.gameimpl.magic100.sale.dao.jpa.JpaLuckyNumberDaoIntegrationTest" time="0.012"/>
  <testcase name="testFindBySequence_1" classname="com.mpos.lottery.te.gameimpl.magic100.sale.dao.jpa.JpaLuckyNumberDaoIntegrationTest" time="0.008"/>
  <testcase name="testFindBySequence_2" classname="com.mpos.lottery.te.gameimpl.magic100.sale.dao.jpa.JpaLuckyNumberDaoIntegrationTest" time="0.013"/>
  <system-out><![CDATA[[2015-05-29 17:13:32,981][Test worker][DEBUG][BaseTransactionalIntegrationTest] Retrieve a ApplicationContext(org.springframework.web.context.support.GenericWebApplicationContext@34f645a8: startup date [Fri May 29 17:12:38 CST 2015]; root of context hierarchy).
[2015-05-29 17:13:33,000][Test worker][DEBUG][BaseTransactionalIntegrationTest] Retrieve a ApplicationContext(org.springframework.web.context.support.GenericWebApplicationContext@34f645a8: startup date [Fri May 29 17:12:38 CST 2015]; root of context hierarchy).
[2015-05-29 17:13:33,008][Test worker][DEBUG][BaseJpaDao] Reach the tail of main cycle and will start from begining to get enough lucky numbers:2
[2015-05-29 17:13:33,020][Test worker][DEBUG][BaseTransactionalIntegrationTest] Retrieve a ApplicationContext(org.springframework.web.context.support.GenericWebApplicationContext@34f645a8: startup date [Fri May 29 17:12:38 CST 2015]; root of context hierarchy).
[2015-05-29 17:13:33,033][Test worker][DEBUG][BaseTransactionalIntegrationTest] Retrieve a ApplicationContext(org.springframework.web.context.support.GenericWebApplicationContext@34f645a8: startup date [Fri May 29 17:12:38 CST 2015]; root of context hierarchy).
[2015-05-29 17:13:33,042][Test worker][DEBUG][BaseTransactionalIntegrationTest] Retrieve a ApplicationContext(org.springframework.web.context.support.GenericWebApplicationContext@34f645a8: startup date [Fri May 29 17:12:38 CST 2015]; root of context hierarchy).
[2015-05-29 17:13:33,044][Test worker][DEBUG][BaseJpaDao] Reach the tail of main cycle and will start from begining to get enough lucky numbers:1
]]></system-out>
  <system-err><![CDATA[]]></system-err>
</testsuite>
