<?xml version="1.0" encoding="UTF-8"?>
<testsuite name="com.mpos.lottery.te.gamespec.sale.dao.JpaBaseTicketDaoIntegrationTest" tests="2" skipped="0" failures="0" errors="0" timestamp="2015-05-29T09:13:50" hostname="Ramon-PC" time="0.029">
  <properties/>
  <testcase name="testFindByTransaction" classname="com.mpos.lottery.te.gamespec.sale.dao.JpaBaseTicketDaoIntegrationTest" time="0.017"/>
  <testcase name="testFindBySerialNo" classname="com.mpos.lottery.te.gamespec.sale.dao.JpaBaseTicketDaoIntegrationTest" time="0.011"/>
  <system-out><![CDATA[[2015-05-29 17:13:50,769][Test worker][DEBUG][BaseTransactionalIntegrationTest] Retrieve a ApplicationContext(org.springframework.web.context.support.GenericWebApplicationContext@34f645a8: startup date [Fri May 29 17:12:38 CST 2015]; root of context hierarchy).
[2015-05-29 17:13:50,781][Test worker][DEBUG][BaseTransactionalIntegrationTest] Retrieve a ApplicationContext(org.springframework.web.context.support.GenericWebApplicationContext@34f645a8: startup date [Fri May 29 17:12:38 CST 2015]; root of context hierarchy).
]]></system-out>
  <system-err><![CDATA[]]></system-err>
</testsuite>
